[2026-04-03T01:05:14.053+0000] {local_task_job_runner.py:120} INFO - ::group::Pre task execution logs
[2026-04-03T01:05:14.063+0000] {taskinstance.py:2073} INFO - Dependencies all met for dep_context=non-requeueable deps ti=<TaskInstance: ingest_fundamentals.fetch_fundamentals manual__2026-04-03T01:05:12.541892+00:00 [queued]>
[2026-04-03T01:05:14.066+0000] {taskinstance.py:2073} INFO - Dependencies all met for dep_context=requeueable deps ti=<TaskInstance: ingest_fundamentals.fetch_fundamentals manual__2026-04-03T01:05:12.541892+00:00 [queued]>
[2026-04-03T01:05:14.067+0000] {taskinstance.py:2303} INFO - Starting attempt 1 of 4
[2026-04-03T01:05:14.072+0000] {taskinstance.py:2327} INFO - Executing <Task(_PythonDecoratedOperator): fetch_fundamentals> on 2026-04-03 01:05:12.541892+00:00
[2026-04-03T01:05:14.075+0000] {warnings.py:110} WARNING - /home/***/.local/lib/python3.12/site-packages/***/task/task_runner/standard_task_runner.py:61: DeprecationWarning: This process (pid=1055) is multi-threaded, use of fork() may lead to deadlocks in the child.
  pid = os.fork()

[2026-04-03T01:05:14.076+0000] {standard_task_runner.py:63} INFO - Started process 1057 to run task
[2026-04-03T01:05:14.076+0000] {standard_task_runner.py:90} INFO - Running: ['***', 'tasks', 'run', 'ingest_fundamentals', 'fetch_fundamentals', 'manual__2026-04-03T01:05:12.541892+00:00', '--job-id', '34', '--raw', '--subdir', 'DAGS_FOLDER/ingest_fundamentals.py', '--cfg-path', '/tmp/tmpbvm72sw8']
[2026-04-03T01:05:14.077+0000] {standard_task_runner.py:91} INFO - Job 34: Subtask fetch_fundamentals
[2026-04-03T01:05:14.105+0000] {task_command.py:426} INFO - Running <TaskInstance: ingest_fundamentals.fetch_fundamentals manual__2026-04-03T01:05:12.541892+00:00 [running]> on host aa60ffa7c519
[2026-04-03T01:05:14.147+0000] {taskinstance.py:2644} INFO - Exporting env vars: AIRFLOW_CTX_DAG_OWNER='***' AIRFLOW_CTX_DAG_ID='ingest_fundamentals' AIRFLOW_CTX_TASK_ID='fetch_fundamentals' AIRFLOW_CTX_EXECUTION_DATE='2026-04-03T01:05:12.541892+00:00' AIRFLOW_CTX_TRY_NUMBER='1' AIRFLOW_CTX_DAG_RUN_ID='manual__2026-04-03T01:05:12.541892+00:00'
[2026-04-03T01:05:14.147+0000] {taskinstance.py:430} INFO - ::endgroup::
[2026-04-03T01:05:14.262+0000] {logging_mixin.py:188} INFO - WARNING: No data for AAPL — may have hit rate limit
[2026-04-03T01:05:14.356+0000] {logging_mixin.py:188} INFO - WARNING: No data for MSFT — may have hit rate limit
[2026-04-03T01:05:14.442+0000] {logging_mixin.py:188} INFO - WARNING: No data for GOOGL — may have hit rate limit
[2026-04-03T01:05:14.543+0000] {logging_mixin.py:188} INFO - WARNING: No data for AMZN — may have hit rate limit
[2026-04-03T01:05:14.639+0000] {logging_mixin.py:188} INFO - WARNING: No data for META — may have hit rate limit
[2026-04-03T01:05:14.723+0000] {logging_mixin.py:188} INFO - WARNING: No data for NVDA — may have hit rate limit
[2026-04-03T01:05:14.809+0000] {logging_mixin.py:188} INFO - WARNING: No data for TSLA — may have hit rate limit
[2026-04-03T01:05:14.895+0000] {logging_mixin.py:188} INFO - WARNING: No data for JPM — may have hit rate limit
[2026-04-03T01:05:14.986+0000] {logging_mixin.py:188} INFO - WARNING: No data for V — may have hit rate limit
[2026-04-03T01:05:15.068+0000] {logging_mixin.py:188} INFO - WARNING: No data for UNH — may have hit rate limit
[2026-04-03T01:05:15.069+0000] {python.py:237} INFO - Done. Returned value was: []
[2026-04-03T01:05:15.069+0000] {taskinstance.py:441} INFO - ::group::Post task execution logs
[2026-04-03T01:05:15.081+0000] {taskinstance.py:1205} INFO - Marking task as SUCCESS. dag_id=ingest_fundamentals, task_id=fetch_fundamentals, execution_date=20260403T010512, start_date=20260403T010514, end_date=20260403T010515
[2026-04-03T01:05:15.130+0000] {local_task_job_runner.py:240} INFO - Task exited with return code 0
[2026-04-03T01:05:15.141+0000] {taskinstance.py:3482} INFO - 1 downstream tasks scheduled from follow-on schedule check
[2026-04-03T01:05:15.143+0000] {local_task_job_runner.py:222} INFO - ::endgroup::
