[2026-04-03T00:28:27.923+0000] {local_task_job_runner.py:120} INFO - ::group::Pre task execution logs
[2026-04-03T00:28:27.937+0000] {taskinstance.py:2073} INFO - Dependencies all met for dep_context=non-requeueable deps ti=<TaskInstance: ingest_prices.fetch_prices scheduled__2026-04-01T18:00:00+00:00 [queued]>
[2026-04-03T00:28:27.942+0000] {taskinstance.py:2073} INFO - Dependencies all met for dep_context=requeueable deps ti=<TaskInstance: ingest_prices.fetch_prices scheduled__2026-04-01T18:00:00+00:00 [queued]>
[2026-04-03T00:28:27.942+0000] {taskinstance.py:2303} INFO - Starting attempt 1 of 4
[2026-04-03T00:28:27.950+0000] {taskinstance.py:2327} INFO - Executing <Task(_PythonDecoratedOperator): fetch_prices> on 2026-04-01 18:00:00+00:00
[2026-04-03T00:28:27.954+0000] {warnings.py:110} WARNING - /home/***/.local/lib/python3.12/site-packages/***/task/task_runner/standard_task_runner.py:61: DeprecationWarning: This process (pid=315) is multi-threaded, use of fork() may lead to deadlocks in the child.
  pid = os.fork()

[2026-04-03T00:28:27.955+0000] {standard_task_runner.py:63} INFO - Started process 319 to run task
[2026-04-03T00:28:27.956+0000] {standard_task_runner.py:90} INFO - Running: ['***', 'tasks', 'run', 'ingest_prices', 'fetch_prices', 'scheduled__2026-04-01T18:00:00+00:00', '--job-id', '8', '--raw', '--subdir', 'DAGS_FOLDER/ingest_prices.py', '--cfg-path', '/tmp/tmpjxnc_qkq']
[2026-04-03T00:28:27.957+0000] {standard_task_runner.py:91} INFO - Job 8: Subtask fetch_prices
[2026-04-03T00:28:27.988+0000] {task_command.py:426} INFO - Running <TaskInstance: ingest_prices.fetch_prices scheduled__2026-04-01T18:00:00+00:00 [running]> on host aa60ffa7c519
[2026-04-03T00:28:28.034+0000] {taskinstance.py:2644} INFO - Exporting env vars: AIRFLOW_CTX_DAG_OWNER='data-team' AIRFLOW_CTX_DAG_ID='ingest_prices' AIRFLOW_CTX_TASK_ID='fetch_prices' AIRFLOW_CTX_EXECUTION_DATE='2026-04-01T18:00:00+00:00' AIRFLOW_CTX_TRY_NUMBER='1' AIRFLOW_CTX_DAG_RUN_ID='scheduled__2026-04-01T18:00:00+00:00'
[2026-04-03T00:28:28.035+0000] {taskinstance.py:430} INFO - ::endgroup::
[2026-04-03T00:28:28.037+0000] {cache.py:132} INFO - Failed to create TzCache, reason: Error creating TzCache folder: '/home/***/.cache/py-yfinance' reason: [Errno 17] File exists: '/home/***/.cache/py-yfinance'. TzCache will not be used. Tip: You can direct cache to use a different location with 'set_tz_cache_location(mylocation)'
[2026-04-03T00:28:28.122+0000] {base.py:190} ERROR - Failed to get ticker 'AAPL' reason: UNIQUE constraint failed: _cookieschema.strategy
[2026-04-03T00:28:28.635+0000] {logging_mixin.py:188} INFO - ERROR fetching AAPL: 'tuple' object has no attribute 'lower'
[2026-04-03T00:28:28.807+0000] {logging_mixin.py:188} INFO - ERROR fetching MSFT: 'tuple' object has no attribute 'lower'
[2026-04-03T00:28:29.045+0000] {logging_mixin.py:188} INFO - ERROR fetching GOOGL: 'tuple' object has no attribute 'lower'
[2026-04-03T00:28:29.211+0000] {logging_mixin.py:188} INFO - ERROR fetching AMZN: 'tuple' object has no attribute 'lower'
[2026-04-03T00:28:29.346+0000] {logging_mixin.py:188} INFO - ERROR fetching META: 'tuple' object has no attribute 'lower'
[2026-04-03T00:28:29.491+0000] {logging_mixin.py:188} INFO - ERROR fetching NVDA: 'tuple' object has no attribute 'lower'
[2026-04-03T00:28:29.715+0000] {logging_mixin.py:188} INFO - ERROR fetching TSLA: 'tuple' object has no attribute 'lower'
[2026-04-03T00:28:29.957+0000] {logging_mixin.py:188} INFO - ERROR fetching JPM: 'tuple' object has no attribute 'lower'
[2026-04-03T00:28:30.133+0000] {logging_mixin.py:188} INFO - ERROR fetching V: 'tuple' object has no attribute 'lower'
[2026-04-03T00:28:30.329+0000] {logging_mixin.py:188} INFO - ERROR fetching UNH: 'tuple' object has no attribute 'lower'
[2026-04-03T00:28:30.330+0000] {logging_mixin.py:188} INFO - Fetched 0 rows across 10 tickers
[2026-04-03T00:28:30.330+0000] {python.py:237} INFO - Done. Returned value was: []
[2026-04-03T00:28:30.330+0000] {taskinstance.py:441} INFO - ::group::Post task execution logs
[2026-04-03T00:28:30.343+0000] {taskinstance.py:1205} INFO - Marking task as SUCCESS. dag_id=ingest_prices, task_id=fetch_prices, execution_date=20260401T180000, start_date=20260403T002827, end_date=20260403T002830
[2026-04-03T00:28:30.368+0000] {local_task_job_runner.py:240} INFO - Task exited with return code 0
[2026-04-03T00:28:30.381+0000] {taskinstance.py:3482} INFO - 1 downstream tasks scheduled from follow-on schedule check
[2026-04-03T00:28:30.381+0000] {local_task_job_runner.py:222} INFO - ::endgroup::
