[2026-04-02T16:20:35.446+0000] {processor.py:161} INFO - Started process (PID=82) to work on /home/airflow/.local/lib/python3.12/site-packages/airflow/example_dags/example_short_circuit_operator.py
[2026-04-02T16:20:35.447+0000] {processor.py:830} INFO - Processing file /home/airflow/.local/lib/python3.12/site-packages/airflow/example_dags/example_short_circuit_operator.py for tasks to queue
[2026-04-02T16:20:35.448+0000] {logging_mixin.py:188} INFO - [2026-04-02T16:20:35.448+0000] {dagbag.py:540} INFO - Filling up the DagBag from /home/airflow/.local/lib/python3.12/site-packages/airflow/example_dags/example_short_circuit_operator.py
[2026-04-02T16:20:35.453+0000] {processor.py:840} INFO - DAG(s) 'example_short_circuit_operator' retrieved from /home/airflow/.local/lib/python3.12/site-packages/airflow/example_dags/example_short_circuit_operator.py
[2026-04-02T16:20:35.461+0000] {logging_mixin.py:188} INFO - [2026-04-02T16:20:35.461+0000] {dag.py:3096} INFO - Sync 1 DAGs
[2026-04-02T16:20:35.473+0000] {logging_mixin.py:188} INFO - [2026-04-02T16:20:35.473+0000] {dag.py:3954} INFO - Setting next_dagrun for example_short_circuit_operator to 2026-04-01 00:00:00+00:00, run_after=2026-04-02 00:00:00+00:00
[2026-04-02T16:20:35.485+0000] {processor.py:183} INFO - Processing /home/airflow/.local/lib/python3.12/site-packages/airflow/example_dags/example_short_circuit_operator.py took 0.043 seconds
[2026-04-02T16:21:07.033+0000] {processor.py:161} INFO - Started process (PID=140) to work on /home/airflow/.local/lib/python3.12/site-packages/airflow/example_dags/example_short_circuit_operator.py
[2026-04-02T16:21:07.034+0000] {processor.py:830} INFO - Processing file /home/airflow/.local/lib/python3.12/site-packages/airflow/example_dags/example_short_circuit_operator.py for tasks to queue
[2026-04-02T16:21:07.035+0000] {logging_mixin.py:188} INFO - [2026-04-02T16:21:07.035+0000] {dagbag.py:540} INFO - Filling up the DagBag from /home/airflow/.local/lib/python3.12/site-packages/airflow/example_dags/example_short_circuit_operator.py
[2026-04-02T16:21:07.039+0000] {processor.py:840} INFO - DAG(s) 'example_short_circuit_operator' retrieved from /home/airflow/.local/lib/python3.12/site-packages/airflow/example_dags/example_short_circuit_operator.py
[2026-04-02T16:21:07.100+0000] {logging_mixin.py:188} INFO - [2026-04-02T16:21:07.100+0000] {dag.py:3096} INFO - Sync 1 DAGs
[2026-04-02T16:21:07.112+0000] {logging_mixin.py:188} INFO - [2026-04-02T16:21:07.112+0000] {dag.py:3954} INFO - Setting next_dagrun for example_short_circuit_operator to 2026-04-01 00:00:00+00:00, run_after=2026-04-02 00:00:00+00:00
[2026-04-02T16:21:07.123+0000] {processor.py:183} INFO - Processing /home/airflow/.local/lib/python3.12/site-packages/airflow/example_dags/example_short_circuit_operator.py took 0.093 seconds
[2026-04-02T16:21:37.225+0000] {processor.py:161} INFO - Started process (PID=198) to work on /home/airflow/.local/lib/python3.12/site-packages/airflow/example_dags/example_short_circuit_operator.py
[2026-04-02T16:21:37.227+0000] {processor.py:830} INFO - Processing file /home/airflow/.local/lib/python3.12/site-packages/airflow/example_dags/example_short_circuit_operator.py for tasks to queue
[2026-04-02T16:21:37.228+0000] {logging_mixin.py:188} INFO - [2026-04-02T16:21:37.228+0000] {dagbag.py:540} INFO - Filling up the DagBag from /home/airflow/.local/lib/python3.12/site-packages/airflow/example_dags/example_short_circuit_operator.py
[2026-04-02T16:21:37.233+0000] {processor.py:840} INFO - DAG(s) 'example_short_circuit_operator' retrieved from /home/airflow/.local/lib/python3.12/site-packages/airflow/example_dags/example_short_circuit_operator.py
[2026-04-02T16:21:37.247+0000] {logging_mixin.py:188} INFO - [2026-04-02T16:21:37.247+0000] {dag.py:3096} INFO - Sync 1 DAGs
[2026-04-02T16:21:37.259+0000] {logging_mixin.py:188} INFO - [2026-04-02T16:21:37.259+0000] {dag.py:3954} INFO - Setting next_dagrun for example_short_circuit_operator to 2026-04-01 00:00:00+00:00, run_after=2026-04-02 00:00:00+00:00
[2026-04-02T16:21:37.268+0000] {processor.py:183} INFO - Processing /home/airflow/.local/lib/python3.12/site-packages/airflow/example_dags/example_short_circuit_operator.py took 0.047 seconds
[2026-04-02T16:22:07.954+0000] {processor.py:161} INFO - Started process (PID=256) to work on /home/airflow/.local/lib/python3.12/site-packages/airflow/example_dags/example_short_circuit_operator.py
[2026-04-02T16:22:07.955+0000] {processor.py:830} INFO - Processing file /home/airflow/.local/lib/python3.12/site-packages/airflow/example_dags/example_short_circuit_operator.py for tasks to queue
[2026-04-02T16:22:07.956+0000] {logging_mixin.py:188} INFO - [2026-04-02T16:22:07.956+0000] {dagbag.py:540} INFO - Filling up the DagBag from /home/airflow/.local/lib/python3.12/site-packages/airflow/example_dags/example_short_circuit_operator.py
[2026-04-02T16:22:07.960+0000] {processor.py:840} INFO - DAG(s) 'example_short_circuit_operator' retrieved from /home/airflow/.local/lib/python3.12/site-packages/airflow/example_dags/example_short_circuit_operator.py
[2026-04-02T16:22:07.974+0000] {logging_mixin.py:188} INFO - [2026-04-02T16:22:07.974+0000] {dag.py:3096} INFO - Sync 1 DAGs
[2026-04-02T16:22:07.985+0000] {logging_mixin.py:188} INFO - [2026-04-02T16:22:07.985+0000] {dag.py:3954} INFO - Setting next_dagrun for example_short_circuit_operator to 2026-04-01 00:00:00+00:00, run_after=2026-04-02 00:00:00+00:00
[2026-04-02T16:22:07.993+0000] {processor.py:183} INFO - Processing /home/airflow/.local/lib/python3.12/site-packages/airflow/example_dags/example_short_circuit_operator.py took 0.042 seconds
[2026-04-02T16:22:38.674+0000] {processor.py:161} INFO - Started process (PID=314) to work on /home/airflow/.local/lib/python3.12/site-packages/airflow/example_dags/example_short_circuit_operator.py
[2026-04-02T16:22:38.675+0000] {processor.py:830} INFO - Processing file /home/airflow/.local/lib/python3.12/site-packages/airflow/example_dags/example_short_circuit_operator.py for tasks to queue
[2026-04-02T16:22:38.676+0000] {logging_mixin.py:188} INFO - [2026-04-02T16:22:38.676+0000] {dagbag.py:540} INFO - Filling up the DagBag from /home/airflow/.local/lib/python3.12/site-packages/airflow/example_dags/example_short_circuit_operator.py
[2026-04-02T16:22:38.679+0000] {processor.py:840} INFO - DAG(s) 'example_short_circuit_operator' retrieved from /home/airflow/.local/lib/python3.12/site-packages/airflow/example_dags/example_short_circuit_operator.py
[2026-04-02T16:22:38.692+0000] {logging_mixin.py:188} INFO - [2026-04-02T16:22:38.692+0000] {dag.py:3096} INFO - Sync 1 DAGs
[2026-04-02T16:22:38.701+0000] {logging_mixin.py:188} INFO - [2026-04-02T16:22:38.701+0000] {dag.py:3954} INFO - Setting next_dagrun for example_short_circuit_operator to 2026-04-01 00:00:00+00:00, run_after=2026-04-02 00:00:00+00:00
[2026-04-02T16:22:38.710+0000] {processor.py:183} INFO - Processing /home/airflow/.local/lib/python3.12/site-packages/airflow/example_dags/example_short_circuit_operator.py took 0.039 seconds
[2026-04-02T16:23:09.344+0000] {processor.py:161} INFO - Started process (PID=372) to work on /home/airflow/.local/lib/python3.12/site-packages/airflow/example_dags/example_short_circuit_operator.py
[2026-04-02T16:23:09.344+0000] {processor.py:830} INFO - Processing file /home/airflow/.local/lib/python3.12/site-packages/airflow/example_dags/example_short_circuit_operator.py for tasks to queue
[2026-04-02T16:23:09.345+0000] {logging_mixin.py:188} INFO - [2026-04-02T16:23:09.345+0000] {dagbag.py:540} INFO - Filling up the DagBag from /home/airflow/.local/lib/python3.12/site-packages/airflow/example_dags/example_short_circuit_operator.py
[2026-04-02T16:23:09.349+0000] {processor.py:840} INFO - DAG(s) 'example_short_circuit_operator' retrieved from /home/airflow/.local/lib/python3.12/site-packages/airflow/example_dags/example_short_circuit_operator.py
[2026-04-02T16:23:09.361+0000] {logging_mixin.py:188} INFO - [2026-04-02T16:23:09.361+0000] {dag.py:3096} INFO - Sync 1 DAGs
[2026-04-02T16:23:09.371+0000] {logging_mixin.py:188} INFO - [2026-04-02T16:23:09.371+0000] {dag.py:3954} INFO - Setting next_dagrun for example_short_circuit_operator to 2026-04-01 00:00:00+00:00, run_after=2026-04-02 00:00:00+00:00
[2026-04-02T16:23:09.379+0000] {processor.py:183} INFO - Processing /home/airflow/.local/lib/python3.12/site-packages/airflow/example_dags/example_short_circuit_operator.py took 0.038 seconds
[2026-04-02T16:23:40.110+0000] {processor.py:161} INFO - Started process (PID=430) to work on /home/airflow/.local/lib/python3.12/site-packages/airflow/example_dags/example_short_circuit_operator.py
[2026-04-02T16:23:40.111+0000] {processor.py:830} INFO - Processing file /home/airflow/.local/lib/python3.12/site-packages/airflow/example_dags/example_short_circuit_operator.py for tasks to queue
[2026-04-02T16:23:40.112+0000] {logging_mixin.py:188} INFO - [2026-04-02T16:23:40.112+0000] {dagbag.py:540} INFO - Filling up the DagBag from /home/airflow/.local/lib/python3.12/site-packages/airflow/example_dags/example_short_circuit_operator.py
[2026-04-02T16:23:40.116+0000] {processor.py:840} INFO - DAG(s) 'example_short_circuit_operator' retrieved from /home/airflow/.local/lib/python3.12/site-packages/airflow/example_dags/example_short_circuit_operator.py
[2026-04-02T16:23:40.130+0000] {logging_mixin.py:188} INFO - [2026-04-02T16:23:40.130+0000] {dag.py:3096} INFO - Sync 1 DAGs
[2026-04-02T16:23:40.142+0000] {logging_mixin.py:188} INFO - [2026-04-02T16:23:40.141+0000] {dag.py:3954} INFO - Setting next_dagrun for example_short_circuit_operator to 2026-04-01 00:00:00+00:00, run_after=2026-04-02 00:00:00+00:00
[2026-04-02T16:23:40.151+0000] {processor.py:183} INFO - Processing /home/airflow/.local/lib/python3.12/site-packages/airflow/example_dags/example_short_circuit_operator.py took 0.044 seconds
[2026-04-02T16:24:10.746+0000] {processor.py:161} INFO - Started process (PID=488) to work on /home/airflow/.local/lib/python3.12/site-packages/airflow/example_dags/example_short_circuit_operator.py
[2026-04-02T16:24:10.747+0000] {processor.py:830} INFO - Processing file /home/airflow/.local/lib/python3.12/site-packages/airflow/example_dags/example_short_circuit_operator.py for tasks to queue
[2026-04-02T16:24:10.749+0000] {logging_mixin.py:188} INFO - [2026-04-02T16:24:10.748+0000] {dagbag.py:540} INFO - Filling up the DagBag from /home/airflow/.local/lib/python3.12/site-packages/airflow/example_dags/example_short_circuit_operator.py
[2026-04-02T16:24:10.755+0000] {processor.py:840} INFO - DAG(s) 'example_short_circuit_operator' retrieved from /home/airflow/.local/lib/python3.12/site-packages/airflow/example_dags/example_short_circuit_operator.py
[2026-04-02T16:24:10.763+0000] {logging_mixin.py:188} INFO - [2026-04-02T16:24:10.763+0000] {dag.py:3096} INFO - Sync 1 DAGs
[2026-04-02T16:24:10.775+0000] {logging_mixin.py:188} INFO - [2026-04-02T16:24:10.775+0000] {dag.py:3954} INFO - Setting next_dagrun for example_short_circuit_operator to 2026-04-01 00:00:00+00:00, run_after=2026-04-02 00:00:00+00:00
[2026-04-02T16:24:10.784+0000] {processor.py:183} INFO - Processing /home/airflow/.local/lib/python3.12/site-packages/airflow/example_dags/example_short_circuit_operator.py took 0.041 seconds
[2026-04-02T16:24:41.183+0000] {processor.py:161} INFO - Started process (PID=546) to work on /home/airflow/.local/lib/python3.12/site-packages/airflow/example_dags/example_short_circuit_operator.py
[2026-04-02T16:24:41.184+0000] {processor.py:830} INFO - Processing file /home/airflow/.local/lib/python3.12/site-packages/airflow/example_dags/example_short_circuit_operator.py for tasks to queue
[2026-04-02T16:24:41.184+0000] {logging_mixin.py:188} INFO - [2026-04-02T16:24:41.184+0000] {dagbag.py:540} INFO - Filling up the DagBag from /home/airflow/.local/lib/python3.12/site-packages/airflow/example_dags/example_short_circuit_operator.py
[2026-04-02T16:24:41.189+0000] {processor.py:840} INFO - DAG(s) 'example_short_circuit_operator' retrieved from /home/airflow/.local/lib/python3.12/site-packages/airflow/example_dags/example_short_circuit_operator.py
[2026-04-02T16:24:41.197+0000] {logging_mixin.py:188} INFO - [2026-04-02T16:24:41.197+0000] {dag.py:3096} INFO - Sync 1 DAGs
[2026-04-02T16:24:41.211+0000] {logging_mixin.py:188} INFO - [2026-04-02T16:24:41.211+0000] {dag.py:3954} INFO - Setting next_dagrun for example_short_circuit_operator to 2026-04-01 00:00:00+00:00, run_after=2026-04-02 00:00:00+00:00
[2026-04-02T16:24:41.221+0000] {processor.py:183} INFO - Processing /home/airflow/.local/lib/python3.12/site-packages/airflow/example_dags/example_short_circuit_operator.py took 0.041 seconds
[2026-04-02T16:25:14.662+0000] {processor.py:161} INFO - Started process (PID=604) to work on /home/airflow/.local/lib/python3.12/site-packages/airflow/example_dags/example_short_circuit_operator.py
[2026-04-02T16:25:14.663+0000] {processor.py:830} INFO - Processing file /home/airflow/.local/lib/python3.12/site-packages/airflow/example_dags/example_short_circuit_operator.py for tasks to queue
[2026-04-02T16:25:14.665+0000] {logging_mixin.py:188} INFO - [2026-04-02T16:25:14.664+0000] {dagbag.py:540} INFO - Filling up the DagBag from /home/airflow/.local/lib/python3.12/site-packages/airflow/example_dags/example_short_circuit_operator.py
[2026-04-02T16:25:14.670+0000] {processor.py:840} INFO - DAG(s) 'example_short_circuit_operator' retrieved from /home/airflow/.local/lib/python3.12/site-packages/airflow/example_dags/example_short_circuit_operator.py
[2026-04-02T16:25:14.723+0000] {logging_mixin.py:188} INFO - [2026-04-02T16:25:14.723+0000] {dag.py:3096} INFO - Sync 1 DAGs
[2026-04-02T16:25:14.833+0000] {logging_mixin.py:188} INFO - [2026-04-02T16:25:14.833+0000] {dag.py:3954} INFO - Setting next_dagrun for example_short_circuit_operator to 2026-04-01 00:00:00+00:00, run_after=2026-04-02 00:00:00+00:00
[2026-04-02T16:25:14.840+0000] {processor.py:183} INFO - Processing /home/airflow/.local/lib/python3.12/site-packages/airflow/example_dags/example_short_circuit_operator.py took 0.183 seconds
[2026-04-02T16:25:45.603+0000] {processor.py:161} INFO - Started process (PID=662) to work on /home/airflow/.local/lib/python3.12/site-packages/airflow/example_dags/example_short_circuit_operator.py
[2026-04-02T16:25:45.606+0000] {processor.py:830} INFO - Processing file /home/airflow/.local/lib/python3.12/site-packages/airflow/example_dags/example_short_circuit_operator.py for tasks to queue
[2026-04-02T16:25:45.607+0000] {logging_mixin.py:188} INFO - [2026-04-02T16:25:45.607+0000] {dagbag.py:540} INFO - Filling up the DagBag from /home/airflow/.local/lib/python3.12/site-packages/airflow/example_dags/example_short_circuit_operator.py
[2026-04-02T16:25:45.614+0000] {processor.py:840} INFO - DAG(s) 'example_short_circuit_operator' retrieved from /home/airflow/.local/lib/python3.12/site-packages/airflow/example_dags/example_short_circuit_operator.py
[2026-04-02T16:25:45.634+0000] {logging_mixin.py:188} INFO - [2026-04-02T16:25:45.634+0000] {dag.py:3096} INFO - Sync 1 DAGs
[2026-04-02T16:25:45.644+0000] {logging_mixin.py:188} INFO - [2026-04-02T16:25:45.644+0000] {dag.py:3954} INFO - Setting next_dagrun for example_short_circuit_operator to 2026-04-01 00:00:00+00:00, run_after=2026-04-02 00:00:00+00:00
[2026-04-02T16:25:45.660+0000] {processor.py:183} INFO - Processing /home/airflow/.local/lib/python3.12/site-packages/airflow/example_dags/example_short_circuit_operator.py took 0.061 seconds
[2026-04-02T16:26:15.789+0000] {processor.py:161} INFO - Started process (PID=720) to work on /home/airflow/.local/lib/python3.12/site-packages/airflow/example_dags/example_short_circuit_operator.py
[2026-04-02T16:26:15.791+0000] {processor.py:830} INFO - Processing file /home/airflow/.local/lib/python3.12/site-packages/airflow/example_dags/example_short_circuit_operator.py for tasks to queue
[2026-04-02T16:26:15.794+0000] {logging_mixin.py:188} INFO - [2026-04-02T16:26:15.794+0000] {dagbag.py:540} INFO - Filling up the DagBag from /home/airflow/.local/lib/python3.12/site-packages/airflow/example_dags/example_short_circuit_operator.py
[2026-04-02T16:26:15.800+0000] {processor.py:840} INFO - DAG(s) 'example_short_circuit_operator' retrieved from /home/airflow/.local/lib/python3.12/site-packages/airflow/example_dags/example_short_circuit_operator.py
[2026-04-02T16:26:15.818+0000] {logging_mixin.py:188} INFO - [2026-04-02T16:26:15.818+0000] {dag.py:3096} INFO - Sync 1 DAGs
[2026-04-02T16:26:15.832+0000] {logging_mixin.py:188} INFO - [2026-04-02T16:26:15.832+0000] {dag.py:3954} INFO - Setting next_dagrun for example_short_circuit_operator to 2026-04-01 00:00:00+00:00, run_after=2026-04-02 00:00:00+00:00
[2026-04-02T16:26:15.845+0000] {processor.py:183} INFO - Processing /home/airflow/.local/lib/python3.12/site-packages/airflow/example_dags/example_short_circuit_operator.py took 0.060 seconds
[2026-04-02T16:26:46.159+0000] {processor.py:161} INFO - Started process (PID=778) to work on /home/airflow/.local/lib/python3.12/site-packages/airflow/example_dags/example_short_circuit_operator.py
[2026-04-02T16:26:46.160+0000] {processor.py:830} INFO - Processing file /home/airflow/.local/lib/python3.12/site-packages/airflow/example_dags/example_short_circuit_operator.py for tasks to queue
[2026-04-02T16:26:46.161+0000] {logging_mixin.py:188} INFO - [2026-04-02T16:26:46.161+0000] {dagbag.py:540} INFO - Filling up the DagBag from /home/airflow/.local/lib/python3.12/site-packages/airflow/example_dags/example_short_circuit_operator.py
[2026-04-02T16:26:46.166+0000] {processor.py:840} INFO - DAG(s) 'example_short_circuit_operator' retrieved from /home/airflow/.local/lib/python3.12/site-packages/airflow/example_dags/example_short_circuit_operator.py
[2026-04-02T16:26:46.186+0000] {logging_mixin.py:188} INFO - [2026-04-02T16:26:46.186+0000] {dag.py:3096} INFO - Sync 1 DAGs
[2026-04-02T16:26:46.202+0000] {logging_mixin.py:188} INFO - [2026-04-02T16:26:46.202+0000] {dag.py:3954} INFO - Setting next_dagrun for example_short_circuit_operator to 2026-04-01 00:00:00+00:00, run_after=2026-04-02 00:00:00+00:00
[2026-04-02T16:26:46.216+0000] {processor.py:183} INFO - Processing /home/airflow/.local/lib/python3.12/site-packages/airflow/example_dags/example_short_circuit_operator.py took 0.061 seconds
[2026-04-02T16:27:16.512+0000] {processor.py:161} INFO - Started process (PID=836) to work on /home/airflow/.local/lib/python3.12/site-packages/airflow/example_dags/example_short_circuit_operator.py
[2026-04-02T16:27:16.513+0000] {processor.py:830} INFO - Processing file /home/airflow/.local/lib/python3.12/site-packages/airflow/example_dags/example_short_circuit_operator.py for tasks to queue
[2026-04-02T16:27:16.515+0000] {logging_mixin.py:188} INFO - [2026-04-02T16:27:16.515+0000] {dagbag.py:540} INFO - Filling up the DagBag from /home/airflow/.local/lib/python3.12/site-packages/airflow/example_dags/example_short_circuit_operator.py
[2026-04-02T16:27:16.521+0000] {processor.py:840} INFO - DAG(s) 'example_short_circuit_operator' retrieved from /home/airflow/.local/lib/python3.12/site-packages/airflow/example_dags/example_short_circuit_operator.py
[2026-04-02T16:27:16.542+0000] {logging_mixin.py:188} INFO - [2026-04-02T16:27:16.542+0000] {dag.py:3096} INFO - Sync 1 DAGs
[2026-04-02T16:27:16.554+0000] {logging_mixin.py:188} INFO - [2026-04-02T16:27:16.554+0000] {dag.py:3954} INFO - Setting next_dagrun for example_short_circuit_operator to 2026-04-01 00:00:00+00:00, run_after=2026-04-02 00:00:00+00:00
[2026-04-02T16:27:16.663+0000] {processor.py:183} INFO - Processing /home/airflow/.local/lib/python3.12/site-packages/airflow/example_dags/example_short_circuit_operator.py took 0.155 seconds
[2026-04-02T16:27:47.604+0000] {processor.py:161} INFO - Started process (PID=894) to work on /home/airflow/.local/lib/python3.12/site-packages/airflow/example_dags/example_short_circuit_operator.py
[2026-04-02T16:27:47.605+0000] {processor.py:830} INFO - Processing file /home/airflow/.local/lib/python3.12/site-packages/airflow/example_dags/example_short_circuit_operator.py for tasks to queue
[2026-04-02T16:27:47.607+0000] {logging_mixin.py:188} INFO - [2026-04-02T16:27:47.607+0000] {dagbag.py:540} INFO - Filling up the DagBag from /home/airflow/.local/lib/python3.12/site-packages/airflow/example_dags/example_short_circuit_operator.py
[2026-04-02T16:27:47.614+0000] {processor.py:840} INFO - DAG(s) 'example_short_circuit_operator' retrieved from /home/airflow/.local/lib/python3.12/site-packages/airflow/example_dags/example_short_circuit_operator.py
[2026-04-02T16:27:47.626+0000] {logging_mixin.py:188} INFO - [2026-04-02T16:27:47.626+0000] {dag.py:3096} INFO - Sync 1 DAGs
[2026-04-02T16:27:47.636+0000] {logging_mixin.py:188} INFO - [2026-04-02T16:27:47.636+0000] {dag.py:3954} INFO - Setting next_dagrun for example_short_circuit_operator to 2026-04-01 00:00:00+00:00, run_after=2026-04-02 00:00:00+00:00
[2026-04-02T16:27:47.649+0000] {processor.py:183} INFO - Processing /home/airflow/.local/lib/python3.12/site-packages/airflow/example_dags/example_short_circuit_operator.py took 0.048 seconds
[2026-04-02T16:28:18.353+0000] {processor.py:161} INFO - Started process (PID=952) to work on /home/airflow/.local/lib/python3.12/site-packages/airflow/example_dags/example_short_circuit_operator.py
[2026-04-02T16:28:18.353+0000] {processor.py:830} INFO - Processing file /home/airflow/.local/lib/python3.12/site-packages/airflow/example_dags/example_short_circuit_operator.py for tasks to queue
[2026-04-02T16:28:18.356+0000] {logging_mixin.py:188} INFO - [2026-04-02T16:28:18.356+0000] {dagbag.py:540} INFO - Filling up the DagBag from /home/airflow/.local/lib/python3.12/site-packages/airflow/example_dags/example_short_circuit_operator.py
[2026-04-02T16:28:18.361+0000] {processor.py:840} INFO - DAG(s) 'example_short_circuit_operator' retrieved from /home/airflow/.local/lib/python3.12/site-packages/airflow/example_dags/example_short_circuit_operator.py
[2026-04-02T16:28:18.532+0000] {logging_mixin.py:188} INFO - [2026-04-02T16:28:18.532+0000] {dag.py:3096} INFO - Sync 1 DAGs
[2026-04-02T16:28:18.544+0000] {logging_mixin.py:188} INFO - [2026-04-02T16:28:18.544+0000] {dag.py:3954} INFO - Setting next_dagrun for example_short_circuit_operator to 2026-04-01 00:00:00+00:00, run_after=2026-04-02 00:00:00+00:00
[2026-04-02T16:28:18.559+0000] {processor.py:183} INFO - Processing /home/airflow/.local/lib/python3.12/site-packages/airflow/example_dags/example_short_circuit_operator.py took 0.209 seconds
[2026-04-02T16:28:48.705+0000] {processor.py:161} INFO - Started process (PID=1010) to work on /home/airflow/.local/lib/python3.12/site-packages/airflow/example_dags/example_short_circuit_operator.py
[2026-04-02T16:28:48.706+0000] {processor.py:830} INFO - Processing file /home/airflow/.local/lib/python3.12/site-packages/airflow/example_dags/example_short_circuit_operator.py for tasks to queue
[2026-04-02T16:28:48.707+0000] {logging_mixin.py:188} INFO - [2026-04-02T16:28:48.707+0000] {dagbag.py:540} INFO - Filling up the DagBag from /home/airflow/.local/lib/python3.12/site-packages/airflow/example_dags/example_short_circuit_operator.py
[2026-04-02T16:28:48.713+0000] {processor.py:840} INFO - DAG(s) 'example_short_circuit_operator' retrieved from /home/airflow/.local/lib/python3.12/site-packages/airflow/example_dags/example_short_circuit_operator.py
[2026-04-02T16:28:48.737+0000] {logging_mixin.py:188} INFO - [2026-04-02T16:28:48.737+0000] {dag.py:3096} INFO - Sync 1 DAGs
[2026-04-02T16:28:48.755+0000] {logging_mixin.py:188} INFO - [2026-04-02T16:28:48.755+0000] {dag.py:3954} INFO - Setting next_dagrun for example_short_circuit_operator to 2026-04-01 00:00:00+00:00, run_after=2026-04-02 00:00:00+00:00
[2026-04-02T16:28:48.767+0000] {processor.py:183} INFO - Processing /home/airflow/.local/lib/python3.12/site-packages/airflow/example_dags/example_short_circuit_operator.py took 0.067 seconds
[2026-04-02T16:29:18.918+0000] {processor.py:161} INFO - Started process (PID=1068) to work on /home/airflow/.local/lib/python3.12/site-packages/airflow/example_dags/example_short_circuit_operator.py
[2026-04-02T16:29:18.918+0000] {processor.py:830} INFO - Processing file /home/airflow/.local/lib/python3.12/site-packages/airflow/example_dags/example_short_circuit_operator.py for tasks to queue
[2026-04-02T16:29:18.920+0000] {logging_mixin.py:188} INFO - [2026-04-02T16:29:18.919+0000] {dagbag.py:540} INFO - Filling up the DagBag from /home/airflow/.local/lib/python3.12/site-packages/airflow/example_dags/example_short_circuit_operator.py
[2026-04-02T16:29:18.924+0000] {processor.py:840} INFO - DAG(s) 'example_short_circuit_operator' retrieved from /home/airflow/.local/lib/python3.12/site-packages/airflow/example_dags/example_short_circuit_operator.py
[2026-04-02T16:29:18.949+0000] {logging_mixin.py:188} INFO - [2026-04-02T16:29:18.948+0000] {dag.py:3096} INFO - Sync 1 DAGs
[2026-04-02T16:29:18.960+0000] {logging_mixin.py:188} INFO - [2026-04-02T16:29:18.960+0000] {dag.py:3954} INFO - Setting next_dagrun for example_short_circuit_operator to 2026-04-01 00:00:00+00:00, run_after=2026-04-02 00:00:00+00:00
[2026-04-02T16:29:18.970+0000] {processor.py:183} INFO - Processing /home/airflow/.local/lib/python3.12/site-packages/airflow/example_dags/example_short_circuit_operator.py took 0.056 seconds
[2026-04-02T16:29:50.815+0000] {processor.py:161} INFO - Started process (PID=1126) to work on /home/airflow/.local/lib/python3.12/site-packages/airflow/example_dags/example_short_circuit_operator.py
[2026-04-02T16:29:50.816+0000] {processor.py:830} INFO - Processing file /home/airflow/.local/lib/python3.12/site-packages/airflow/example_dags/example_short_circuit_operator.py for tasks to queue
[2026-04-02T16:29:50.818+0000] {logging_mixin.py:188} INFO - [2026-04-02T16:29:50.818+0000] {dagbag.py:540} INFO - Filling up the DagBag from /home/airflow/.local/lib/python3.12/site-packages/airflow/example_dags/example_short_circuit_operator.py
[2026-04-02T16:29:50.823+0000] {processor.py:840} INFO - DAG(s) 'example_short_circuit_operator' retrieved from /home/airflow/.local/lib/python3.12/site-packages/airflow/example_dags/example_short_circuit_operator.py
[2026-04-02T16:29:50.844+0000] {logging_mixin.py:188} INFO - [2026-04-02T16:29:50.844+0000] {dag.py:3096} INFO - Sync 1 DAGs
[2026-04-02T16:29:50.947+0000] {logging_mixin.py:188} INFO - [2026-04-02T16:29:50.947+0000] {dag.py:3954} INFO - Setting next_dagrun for example_short_circuit_operator to 2026-04-01 00:00:00+00:00, run_after=2026-04-02 00:00:00+00:00
[2026-04-02T16:29:50.958+0000] {processor.py:183} INFO - Processing /home/airflow/.local/lib/python3.12/site-packages/airflow/example_dags/example_short_circuit_operator.py took 0.148 seconds
[2026-04-02T16:30:21.944+0000] {processor.py:161} INFO - Started process (PID=1184) to work on /home/airflow/.local/lib/python3.12/site-packages/airflow/example_dags/example_short_circuit_operator.py
[2026-04-02T16:30:21.945+0000] {processor.py:830} INFO - Processing file /home/airflow/.local/lib/python3.12/site-packages/airflow/example_dags/example_short_circuit_operator.py for tasks to queue
[2026-04-02T16:30:21.946+0000] {logging_mixin.py:188} INFO - [2026-04-02T16:30:21.946+0000] {dagbag.py:540} INFO - Filling up the DagBag from /home/airflow/.local/lib/python3.12/site-packages/airflow/example_dags/example_short_circuit_operator.py
[2026-04-02T16:30:21.951+0000] {processor.py:840} INFO - DAG(s) 'example_short_circuit_operator' retrieved from /home/airflow/.local/lib/python3.12/site-packages/airflow/example_dags/example_short_circuit_operator.py
[2026-04-02T16:30:21.969+0000] {logging_mixin.py:188} INFO - [2026-04-02T16:30:21.969+0000] {dag.py:3096} INFO - Sync 1 DAGs
[2026-04-02T16:30:22.085+0000] {logging_mixin.py:188} INFO - [2026-04-02T16:30:22.084+0000] {dag.py:3954} INFO - Setting next_dagrun for example_short_circuit_operator to 2026-04-01 00:00:00+00:00, run_after=2026-04-02 00:00:00+00:00
[2026-04-02T16:30:22.102+0000] {processor.py:183} INFO - Processing /home/airflow/.local/lib/python3.12/site-packages/airflow/example_dags/example_short_circuit_operator.py took 0.161 seconds
[2026-04-02T16:30:52.472+0000] {processor.py:161} INFO - Started process (PID=1242) to work on /home/airflow/.local/lib/python3.12/site-packages/airflow/example_dags/example_short_circuit_operator.py
[2026-04-02T16:30:52.472+0000] {processor.py:830} INFO - Processing file /home/airflow/.local/lib/python3.12/site-packages/airflow/example_dags/example_short_circuit_operator.py for tasks to queue
[2026-04-02T16:30:52.473+0000] {logging_mixin.py:188} INFO - [2026-04-02T16:30:52.473+0000] {dagbag.py:540} INFO - Filling up the DagBag from /home/airflow/.local/lib/python3.12/site-packages/airflow/example_dags/example_short_circuit_operator.py
[2026-04-02T16:30:52.478+0000] {processor.py:840} INFO - DAG(s) 'example_short_circuit_operator' retrieved from /home/airflow/.local/lib/python3.12/site-packages/airflow/example_dags/example_short_circuit_operator.py
[2026-04-02T16:30:52.491+0000] {logging_mixin.py:188} INFO - [2026-04-02T16:30:52.491+0000] {dag.py:3096} INFO - Sync 1 DAGs
[2026-04-02T16:30:52.501+0000] {logging_mixin.py:188} INFO - [2026-04-02T16:30:52.501+0000] {dag.py:3954} INFO - Setting next_dagrun for example_short_circuit_operator to 2026-04-01 00:00:00+00:00, run_after=2026-04-02 00:00:00+00:00
[2026-04-02T16:30:52.509+0000] {processor.py:183} INFO - Processing /home/airflow/.local/lib/python3.12/site-packages/airflow/example_dags/example_short_circuit_operator.py took 0.041 seconds
[2026-04-02T16:31:23.024+0000] {processor.py:161} INFO - Started process (PID=1300) to work on /home/airflow/.local/lib/python3.12/site-packages/airflow/example_dags/example_short_circuit_operator.py
[2026-04-02T16:31:23.025+0000] {processor.py:830} INFO - Processing file /home/airflow/.local/lib/python3.12/site-packages/airflow/example_dags/example_short_circuit_operator.py for tasks to queue
[2026-04-02T16:31:23.026+0000] {logging_mixin.py:188} INFO - [2026-04-02T16:31:23.025+0000] {dagbag.py:540} INFO - Filling up the DagBag from /home/airflow/.local/lib/python3.12/site-packages/airflow/example_dags/example_short_circuit_operator.py
[2026-04-02T16:31:23.030+0000] {processor.py:840} INFO - DAG(s) 'example_short_circuit_operator' retrieved from /home/airflow/.local/lib/python3.12/site-packages/airflow/example_dags/example_short_circuit_operator.py
[2026-04-02T16:31:23.043+0000] {logging_mixin.py:188} INFO - [2026-04-02T16:31:23.043+0000] {dag.py:3096} INFO - Sync 1 DAGs
[2026-04-02T16:31:23.053+0000] {logging_mixin.py:188} INFO - [2026-04-02T16:31:23.052+0000] {dag.py:3954} INFO - Setting next_dagrun for example_short_circuit_operator to 2026-04-01 00:00:00+00:00, run_after=2026-04-02 00:00:00+00:00
[2026-04-02T16:31:23.061+0000] {processor.py:183} INFO - Processing /home/airflow/.local/lib/python3.12/site-packages/airflow/example_dags/example_short_circuit_operator.py took 0.040 seconds
[2026-04-02T16:31:53.705+0000] {processor.py:161} INFO - Started process (PID=1358) to work on /home/airflow/.local/lib/python3.12/site-packages/airflow/example_dags/example_short_circuit_operator.py
[2026-04-02T16:31:53.706+0000] {processor.py:830} INFO - Processing file /home/airflow/.local/lib/python3.12/site-packages/airflow/example_dags/example_short_circuit_operator.py for tasks to queue
[2026-04-02T16:31:53.707+0000] {logging_mixin.py:188} INFO - [2026-04-02T16:31:53.707+0000] {dagbag.py:540} INFO - Filling up the DagBag from /home/airflow/.local/lib/python3.12/site-packages/airflow/example_dags/example_short_circuit_operator.py
[2026-04-02T16:31:53.711+0000] {processor.py:840} INFO - DAG(s) 'example_short_circuit_operator' retrieved from /home/airflow/.local/lib/python3.12/site-packages/airflow/example_dags/example_short_circuit_operator.py
[2026-04-02T16:31:53.726+0000] {logging_mixin.py:188} INFO - [2026-04-02T16:31:53.725+0000] {dag.py:3096} INFO - Sync 1 DAGs
[2026-04-02T16:31:53.737+0000] {logging_mixin.py:188} INFO - [2026-04-02T16:31:53.737+0000] {dag.py:3954} INFO - Setting next_dagrun for example_short_circuit_operator to 2026-04-01 00:00:00+00:00, run_after=2026-04-02 00:00:00+00:00
[2026-04-02T16:31:53.746+0000] {processor.py:183} INFO - Processing /home/airflow/.local/lib/python3.12/site-packages/airflow/example_dags/example_short_circuit_operator.py took 0.045 seconds
[2026-04-02T16:32:24.441+0000] {processor.py:161} INFO - Started process (PID=1416) to work on /home/airflow/.local/lib/python3.12/site-packages/airflow/example_dags/example_short_circuit_operator.py
[2026-04-02T16:32:24.442+0000] {processor.py:830} INFO - Processing file /home/airflow/.local/lib/python3.12/site-packages/airflow/example_dags/example_short_circuit_operator.py for tasks to queue
[2026-04-02T16:32:24.443+0000] {logging_mixin.py:188} INFO - [2026-04-02T16:32:24.443+0000] {dagbag.py:540} INFO - Filling up the DagBag from /home/airflow/.local/lib/python3.12/site-packages/airflow/example_dags/example_short_circuit_operator.py
[2026-04-02T16:32:24.446+0000] {processor.py:840} INFO - DAG(s) 'example_short_circuit_operator' retrieved from /home/airflow/.local/lib/python3.12/site-packages/airflow/example_dags/example_short_circuit_operator.py
[2026-04-02T16:32:24.459+0000] {logging_mixin.py:188} INFO - [2026-04-02T16:32:24.458+0000] {dag.py:3096} INFO - Sync 1 DAGs
[2026-04-02T16:32:24.468+0000] {logging_mixin.py:188} INFO - [2026-04-02T16:32:24.468+0000] {dag.py:3954} INFO - Setting next_dagrun for example_short_circuit_operator to 2026-04-01 00:00:00+00:00, run_after=2026-04-02 00:00:00+00:00
[2026-04-02T16:32:24.477+0000] {processor.py:183} INFO - Processing /home/airflow/.local/lib/python3.12/site-packages/airflow/example_dags/example_short_circuit_operator.py took 0.039 seconds
[2026-04-02T16:32:55.064+0000] {processor.py:161} INFO - Started process (PID=1474) to work on /home/airflow/.local/lib/python3.12/site-packages/airflow/example_dags/example_short_circuit_operator.py
[2026-04-02T16:32:55.064+0000] {processor.py:830} INFO - Processing file /home/airflow/.local/lib/python3.12/site-packages/airflow/example_dags/example_short_circuit_operator.py for tasks to queue
[2026-04-02T16:32:55.065+0000] {logging_mixin.py:188} INFO - [2026-04-02T16:32:55.065+0000] {dagbag.py:540} INFO - Filling up the DagBag from /home/airflow/.local/lib/python3.12/site-packages/airflow/example_dags/example_short_circuit_operator.py
[2026-04-02T16:32:55.069+0000] {processor.py:840} INFO - DAG(s) 'example_short_circuit_operator' retrieved from /home/airflow/.local/lib/python3.12/site-packages/airflow/example_dags/example_short_circuit_operator.py
[2026-04-02T16:32:55.081+0000] {logging_mixin.py:188} INFO - [2026-04-02T16:32:55.081+0000] {dag.py:3096} INFO - Sync 1 DAGs
[2026-04-02T16:32:55.090+0000] {logging_mixin.py:188} INFO - [2026-04-02T16:32:55.090+0000] {dag.py:3954} INFO - Setting next_dagrun for example_short_circuit_operator to 2026-04-01 00:00:00+00:00, run_after=2026-04-02 00:00:00+00:00
[2026-04-02T16:32:55.099+0000] {processor.py:183} INFO - Processing /home/airflow/.local/lib/python3.12/site-packages/airflow/example_dags/example_short_circuit_operator.py took 0.038 seconds
[2026-04-02T16:33:25.610+0000] {processor.py:161} INFO - Started process (PID=1532) to work on /home/airflow/.local/lib/python3.12/site-packages/airflow/example_dags/example_short_circuit_operator.py
[2026-04-02T16:33:25.611+0000] {processor.py:830} INFO - Processing file /home/airflow/.local/lib/python3.12/site-packages/airflow/example_dags/example_short_circuit_operator.py for tasks to queue
[2026-04-02T16:33:25.612+0000] {logging_mixin.py:188} INFO - [2026-04-02T16:33:25.611+0000] {dagbag.py:540} INFO - Filling up the DagBag from /home/airflow/.local/lib/python3.12/site-packages/airflow/example_dags/example_short_circuit_operator.py
[2026-04-02T16:33:25.615+0000] {processor.py:840} INFO - DAG(s) 'example_short_circuit_operator' retrieved from /home/airflow/.local/lib/python3.12/site-packages/airflow/example_dags/example_short_circuit_operator.py
[2026-04-02T16:33:25.629+0000] {logging_mixin.py:188} INFO - [2026-04-02T16:33:25.629+0000] {dag.py:3096} INFO - Sync 1 DAGs
[2026-04-02T16:33:25.639+0000] {logging_mixin.py:188} INFO - [2026-04-02T16:33:25.639+0000] {dag.py:3954} INFO - Setting next_dagrun for example_short_circuit_operator to 2026-04-01 00:00:00+00:00, run_after=2026-04-02 00:00:00+00:00
[2026-04-02T16:33:25.648+0000] {processor.py:183} INFO - Processing /home/airflow/.local/lib/python3.12/site-packages/airflow/example_dags/example_short_circuit_operator.py took 0.041 seconds
[2026-04-02T16:33:56.329+0000] {processor.py:161} INFO - Started process (PID=1590) to work on /home/airflow/.local/lib/python3.12/site-packages/airflow/example_dags/example_short_circuit_operator.py
[2026-04-02T16:33:56.330+0000] {processor.py:830} INFO - Processing file /home/airflow/.local/lib/python3.12/site-packages/airflow/example_dags/example_short_circuit_operator.py for tasks to queue
[2026-04-02T16:33:56.331+0000] {logging_mixin.py:188} INFO - [2026-04-02T16:33:56.331+0000] {dagbag.py:540} INFO - Filling up the DagBag from /home/airflow/.local/lib/python3.12/site-packages/airflow/example_dags/example_short_circuit_operator.py
[2026-04-02T16:33:56.335+0000] {processor.py:840} INFO - DAG(s) 'example_short_circuit_operator' retrieved from /home/airflow/.local/lib/python3.12/site-packages/airflow/example_dags/example_short_circuit_operator.py
[2026-04-02T16:33:56.349+0000] {logging_mixin.py:188} INFO - [2026-04-02T16:33:56.349+0000] {dag.py:3096} INFO - Sync 1 DAGs
[2026-04-02T16:33:56.360+0000] {logging_mixin.py:188} INFO - [2026-04-02T16:33:56.360+0000] {dag.py:3954} INFO - Setting next_dagrun for example_short_circuit_operator to 2026-04-01 00:00:00+00:00, run_after=2026-04-02 00:00:00+00:00
[2026-04-02T16:33:56.368+0000] {processor.py:183} INFO - Processing /home/airflow/.local/lib/python3.12/site-packages/airflow/example_dags/example_short_circuit_operator.py took 0.043 seconds
[2026-04-02T16:34:27.008+0000] {processor.py:161} INFO - Started process (PID=1648) to work on /home/airflow/.local/lib/python3.12/site-packages/airflow/example_dags/example_short_circuit_operator.py
[2026-04-02T16:34:27.008+0000] {processor.py:830} INFO - Processing file /home/airflow/.local/lib/python3.12/site-packages/airflow/example_dags/example_short_circuit_operator.py for tasks to queue
[2026-04-02T16:34:27.010+0000] {logging_mixin.py:188} INFO - [2026-04-02T16:34:27.009+0000] {dagbag.py:540} INFO - Filling up the DagBag from /home/airflow/.local/lib/python3.12/site-packages/airflow/example_dags/example_short_circuit_operator.py
[2026-04-02T16:34:27.014+0000] {processor.py:840} INFO - DAG(s) 'example_short_circuit_operator' retrieved from /home/airflow/.local/lib/python3.12/site-packages/airflow/example_dags/example_short_circuit_operator.py
[2026-04-02T16:34:27.029+0000] {logging_mixin.py:188} INFO - [2026-04-02T16:34:27.028+0000] {dag.py:3096} INFO - Sync 1 DAGs
[2026-04-02T16:34:27.039+0000] {logging_mixin.py:188} INFO - [2026-04-02T16:34:27.039+0000] {dag.py:3954} INFO - Setting next_dagrun for example_short_circuit_operator to 2026-04-01 00:00:00+00:00, run_after=2026-04-02 00:00:00+00:00
[2026-04-02T16:34:27.048+0000] {processor.py:183} INFO - Processing /home/airflow/.local/lib/python3.12/site-packages/airflow/example_dags/example_short_circuit_operator.py took 0.044 seconds
[2026-04-02T16:34:57.646+0000] {processor.py:161} INFO - Started process (PID=1706) to work on /home/airflow/.local/lib/python3.12/site-packages/airflow/example_dags/example_short_circuit_operator.py
[2026-04-02T16:34:57.647+0000] {processor.py:830} INFO - Processing file /home/airflow/.local/lib/python3.12/site-packages/airflow/example_dags/example_short_circuit_operator.py for tasks to queue
[2026-04-02T16:34:57.648+0000] {logging_mixin.py:188} INFO - [2026-04-02T16:34:57.647+0000] {dagbag.py:540} INFO - Filling up the DagBag from /home/airflow/.local/lib/python3.12/site-packages/airflow/example_dags/example_short_circuit_operator.py
[2026-04-02T16:34:57.651+0000] {processor.py:840} INFO - DAG(s) 'example_short_circuit_operator' retrieved from /home/airflow/.local/lib/python3.12/site-packages/airflow/example_dags/example_short_circuit_operator.py
[2026-04-02T16:34:57.664+0000] {logging_mixin.py:188} INFO - [2026-04-02T16:34:57.664+0000] {dag.py:3096} INFO - Sync 1 DAGs
[2026-04-02T16:34:57.674+0000] {logging_mixin.py:188} INFO - [2026-04-02T16:34:57.674+0000] {dag.py:3954} INFO - Setting next_dagrun for example_short_circuit_operator to 2026-04-01 00:00:00+00:00, run_after=2026-04-02 00:00:00+00:00
[2026-04-02T16:34:57.683+0000] {processor.py:183} INFO - Processing /home/airflow/.local/lib/python3.12/site-packages/airflow/example_dags/example_short_circuit_operator.py took 0.040 seconds
[2026-04-02T16:35:28.249+0000] {processor.py:161} INFO - Started process (PID=1764) to work on /home/airflow/.local/lib/python3.12/site-packages/airflow/example_dags/example_short_circuit_operator.py
[2026-04-02T16:35:28.250+0000] {processor.py:830} INFO - Processing file /home/airflow/.local/lib/python3.12/site-packages/airflow/example_dags/example_short_circuit_operator.py for tasks to queue
[2026-04-02T16:35:28.251+0000] {logging_mixin.py:188} INFO - [2026-04-02T16:35:28.251+0000] {dagbag.py:540} INFO - Filling up the DagBag from /home/airflow/.local/lib/python3.12/site-packages/airflow/example_dags/example_short_circuit_operator.py
[2026-04-02T16:35:28.255+0000] {processor.py:840} INFO - DAG(s) 'example_short_circuit_operator' retrieved from /home/airflow/.local/lib/python3.12/site-packages/airflow/example_dags/example_short_circuit_operator.py
[2026-04-02T16:35:28.274+0000] {logging_mixin.py:188} INFO - [2026-04-02T16:35:28.273+0000] {dag.py:3096} INFO - Sync 1 DAGs
[2026-04-02T16:35:28.284+0000] {logging_mixin.py:188} INFO - [2026-04-02T16:35:28.284+0000] {dag.py:3954} INFO - Setting next_dagrun for example_short_circuit_operator to 2026-04-01 00:00:00+00:00, run_after=2026-04-02 00:00:00+00:00
[2026-04-02T16:35:28.292+0000] {processor.py:183} INFO - Processing /home/airflow/.local/lib/python3.12/site-packages/airflow/example_dags/example_short_circuit_operator.py took 0.046 seconds
[2026-04-02T16:35:58.978+0000] {processor.py:161} INFO - Started process (PID=1822) to work on /home/airflow/.local/lib/python3.12/site-packages/airflow/example_dags/example_short_circuit_operator.py
[2026-04-02T16:35:58.978+0000] {processor.py:830} INFO - Processing file /home/airflow/.local/lib/python3.12/site-packages/airflow/example_dags/example_short_circuit_operator.py for tasks to queue
[2026-04-02T16:35:58.980+0000] {logging_mixin.py:188} INFO - [2026-04-02T16:35:58.979+0000] {dagbag.py:540} INFO - Filling up the DagBag from /home/airflow/.local/lib/python3.12/site-packages/airflow/example_dags/example_short_circuit_operator.py
[2026-04-02T16:35:58.984+0000] {processor.py:840} INFO - DAG(s) 'example_short_circuit_operator' retrieved from /home/airflow/.local/lib/python3.12/site-packages/airflow/example_dags/example_short_circuit_operator.py
[2026-04-02T16:35:58.998+0000] {logging_mixin.py:188} INFO - [2026-04-02T16:35:58.998+0000] {dag.py:3096} INFO - Sync 1 DAGs
[2026-04-02T16:35:59.009+0000] {logging_mixin.py:188} INFO - [2026-04-02T16:35:59.009+0000] {dag.py:3954} INFO - Setting next_dagrun for example_short_circuit_operator to 2026-04-01 00:00:00+00:00, run_after=2026-04-02 00:00:00+00:00
[2026-04-02T16:35:59.017+0000] {processor.py:183} INFO - Processing /home/airflow/.local/lib/python3.12/site-packages/airflow/example_dags/example_short_circuit_operator.py took 0.043 seconds
[2026-04-02T16:36:29.534+0000] {processor.py:161} INFO - Started process (PID=1880) to work on /home/airflow/.local/lib/python3.12/site-packages/airflow/example_dags/example_short_circuit_operator.py
[2026-04-02T16:36:29.534+0000] {processor.py:830} INFO - Processing file /home/airflow/.local/lib/python3.12/site-packages/airflow/example_dags/example_short_circuit_operator.py for tasks to queue
[2026-04-02T16:36:29.535+0000] {logging_mixin.py:188} INFO - [2026-04-02T16:36:29.535+0000] {dagbag.py:540} INFO - Filling up the DagBag from /home/airflow/.local/lib/python3.12/site-packages/airflow/example_dags/example_short_circuit_operator.py
[2026-04-02T16:36:29.539+0000] {processor.py:840} INFO - DAG(s) 'example_short_circuit_operator' retrieved from /home/airflow/.local/lib/python3.12/site-packages/airflow/example_dags/example_short_circuit_operator.py
[2026-04-02T16:36:29.552+0000] {logging_mixin.py:188} INFO - [2026-04-02T16:36:29.552+0000] {dag.py:3096} INFO - Sync 1 DAGs
[2026-04-02T16:36:29.562+0000] {logging_mixin.py:188} INFO - [2026-04-02T16:36:29.562+0000] {dag.py:3954} INFO - Setting next_dagrun for example_short_circuit_operator to 2026-04-01 00:00:00+00:00, run_after=2026-04-02 00:00:00+00:00
[2026-04-02T16:36:29.570+0000] {processor.py:183} INFO - Processing /home/airflow/.local/lib/python3.12/site-packages/airflow/example_dags/example_short_circuit_operator.py took 0.039 seconds
[2026-04-02T16:37:00.139+0000] {processor.py:161} INFO - Started process (PID=1938) to work on /home/airflow/.local/lib/python3.12/site-packages/airflow/example_dags/example_short_circuit_operator.py
[2026-04-02T16:37:00.140+0000] {processor.py:830} INFO - Processing file /home/airflow/.local/lib/python3.12/site-packages/airflow/example_dags/example_short_circuit_operator.py for tasks to queue
[2026-04-02T16:37:00.141+0000] {logging_mixin.py:188} INFO - [2026-04-02T16:37:00.141+0000] {dagbag.py:540} INFO - Filling up the DagBag from /home/airflow/.local/lib/python3.12/site-packages/airflow/example_dags/example_short_circuit_operator.py
[2026-04-02T16:37:00.145+0000] {processor.py:840} INFO - DAG(s) 'example_short_circuit_operator' retrieved from /home/airflow/.local/lib/python3.12/site-packages/airflow/example_dags/example_short_circuit_operator.py
[2026-04-02T16:37:00.160+0000] {logging_mixin.py:188} INFO - [2026-04-02T16:37:00.160+0000] {dag.py:3096} INFO - Sync 1 DAGs
[2026-04-02T16:37:00.173+0000] {logging_mixin.py:188} INFO - [2026-04-02T16:37:00.173+0000] {dag.py:3954} INFO - Setting next_dagrun for example_short_circuit_operator to 2026-04-01 00:00:00+00:00, run_after=2026-04-02 00:00:00+00:00
[2026-04-02T16:37:00.183+0000] {processor.py:183} INFO - Processing /home/airflow/.local/lib/python3.12/site-packages/airflow/example_dags/example_short_circuit_operator.py took 0.046 seconds
[2026-04-02T16:37:30.804+0000] {processor.py:161} INFO - Started process (PID=1996) to work on /home/airflow/.local/lib/python3.12/site-packages/airflow/example_dags/example_short_circuit_operator.py
[2026-04-02T16:37:30.805+0000] {processor.py:830} INFO - Processing file /home/airflow/.local/lib/python3.12/site-packages/airflow/example_dags/example_short_circuit_operator.py for tasks to queue
[2026-04-02T16:37:30.806+0000] {logging_mixin.py:188} INFO - [2026-04-02T16:37:30.806+0000] {dagbag.py:540} INFO - Filling up the DagBag from /home/airflow/.local/lib/python3.12/site-packages/airflow/example_dags/example_short_circuit_operator.py
[2026-04-02T16:37:30.810+0000] {processor.py:840} INFO - DAG(s) 'example_short_circuit_operator' retrieved from /home/airflow/.local/lib/python3.12/site-packages/airflow/example_dags/example_short_circuit_operator.py
[2026-04-02T16:37:30.823+0000] {logging_mixin.py:188} INFO - [2026-04-02T16:37:30.823+0000] {dag.py:3096} INFO - Sync 1 DAGs
[2026-04-02T16:37:30.832+0000] {logging_mixin.py:188} INFO - [2026-04-02T16:37:30.832+0000] {dag.py:3954} INFO - Setting next_dagrun for example_short_circuit_operator to 2026-04-01 00:00:00+00:00, run_after=2026-04-02 00:00:00+00:00
[2026-04-02T16:37:30.840+0000] {processor.py:183} INFO - Processing /home/airflow/.local/lib/python3.12/site-packages/airflow/example_dags/example_short_circuit_operator.py took 0.039 seconds
[2026-04-02T16:38:01.384+0000] {processor.py:161} INFO - Started process (PID=2054) to work on /home/airflow/.local/lib/python3.12/site-packages/airflow/example_dags/example_short_circuit_operator.py
[2026-04-02T16:38:01.385+0000] {processor.py:830} INFO - Processing file /home/airflow/.local/lib/python3.12/site-packages/airflow/example_dags/example_short_circuit_operator.py for tasks to queue
[2026-04-02T16:38:01.386+0000] {logging_mixin.py:188} INFO - [2026-04-02T16:38:01.386+0000] {dagbag.py:540} INFO - Filling up the DagBag from /home/airflow/.local/lib/python3.12/site-packages/airflow/example_dags/example_short_circuit_operator.py
[2026-04-02T16:38:01.402+0000] {processor.py:840} INFO - DAG(s) 'example_short_circuit_operator' retrieved from /home/airflow/.local/lib/python3.12/site-packages/airflow/example_dags/example_short_circuit_operator.py
[2026-04-02T16:38:01.417+0000] {logging_mixin.py:188} INFO - [2026-04-02T16:38:01.417+0000] {dag.py:3096} INFO - Sync 1 DAGs
[2026-04-02T16:38:01.429+0000] {logging_mixin.py:188} INFO - [2026-04-02T16:38:01.429+0000] {dag.py:3954} INFO - Setting next_dagrun for example_short_circuit_operator to 2026-04-01 00:00:00+00:00, run_after=2026-04-02 00:00:00+00:00
[2026-04-02T16:38:01.439+0000] {processor.py:183} INFO - Processing /home/airflow/.local/lib/python3.12/site-packages/airflow/example_dags/example_short_circuit_operator.py took 0.077 seconds
[2026-04-02T16:38:32.147+0000] {processor.py:161} INFO - Started process (PID=2112) to work on /home/airflow/.local/lib/python3.12/site-packages/airflow/example_dags/example_short_circuit_operator.py
[2026-04-02T16:38:32.147+0000] {processor.py:830} INFO - Processing file /home/airflow/.local/lib/python3.12/site-packages/airflow/example_dags/example_short_circuit_operator.py for tasks to queue
[2026-04-02T16:38:32.148+0000] {logging_mixin.py:188} INFO - [2026-04-02T16:38:32.148+0000] {dagbag.py:540} INFO - Filling up the DagBag from /home/airflow/.local/lib/python3.12/site-packages/airflow/example_dags/example_short_circuit_operator.py
[2026-04-02T16:38:32.153+0000] {processor.py:840} INFO - DAG(s) 'example_short_circuit_operator' retrieved from /home/airflow/.local/lib/python3.12/site-packages/airflow/example_dags/example_short_circuit_operator.py
[2026-04-02T16:38:32.167+0000] {logging_mixin.py:188} INFO - [2026-04-02T16:38:32.167+0000] {dag.py:3096} INFO - Sync 1 DAGs
[2026-04-02T16:38:32.178+0000] {logging_mixin.py:188} INFO - [2026-04-02T16:38:32.178+0000] {dag.py:3954} INFO - Setting next_dagrun for example_short_circuit_operator to 2026-04-01 00:00:00+00:00, run_after=2026-04-02 00:00:00+00:00
[2026-04-02T16:38:32.187+0000] {processor.py:183} INFO - Processing /home/airflow/.local/lib/python3.12/site-packages/airflow/example_dags/example_short_circuit_operator.py took 0.044 seconds
[2026-04-02T16:39:02.807+0000] {processor.py:161} INFO - Started process (PID=2170) to work on /home/airflow/.local/lib/python3.12/site-packages/airflow/example_dags/example_short_circuit_operator.py
[2026-04-02T16:39:02.807+0000] {processor.py:830} INFO - Processing file /home/airflow/.local/lib/python3.12/site-packages/airflow/example_dags/example_short_circuit_operator.py for tasks to queue
[2026-04-02T16:39:02.808+0000] {logging_mixin.py:188} INFO - [2026-04-02T16:39:02.808+0000] {dagbag.py:540} INFO - Filling up the DagBag from /home/airflow/.local/lib/python3.12/site-packages/airflow/example_dags/example_short_circuit_operator.py
[2026-04-02T16:39:02.812+0000] {processor.py:840} INFO - DAG(s) 'example_short_circuit_operator' retrieved from /home/airflow/.local/lib/python3.12/site-packages/airflow/example_dags/example_short_circuit_operator.py
[2026-04-02T16:39:02.825+0000] {logging_mixin.py:188} INFO - [2026-04-02T16:39:02.825+0000] {dag.py:3096} INFO - Sync 1 DAGs
[2026-04-02T16:39:02.839+0000] {logging_mixin.py:188} INFO - [2026-04-02T16:39:02.839+0000] {dag.py:3954} INFO - Setting next_dagrun for example_short_circuit_operator to 2026-04-01 00:00:00+00:00, run_after=2026-04-02 00:00:00+00:00
[2026-04-02T16:39:02.848+0000] {processor.py:183} INFO - Processing /home/airflow/.local/lib/python3.12/site-packages/airflow/example_dags/example_short_circuit_operator.py took 0.045 seconds
[2026-04-02T16:39:33.370+0000] {processor.py:161} INFO - Started process (PID=2228) to work on /home/airflow/.local/lib/python3.12/site-packages/airflow/example_dags/example_short_circuit_operator.py
[2026-04-02T16:39:33.370+0000] {processor.py:830} INFO - Processing file /home/airflow/.local/lib/python3.12/site-packages/airflow/example_dags/example_short_circuit_operator.py for tasks to queue
[2026-04-02T16:39:33.371+0000] {logging_mixin.py:188} INFO - [2026-04-02T16:39:33.371+0000] {dagbag.py:540} INFO - Filling up the DagBag from /home/airflow/.local/lib/python3.12/site-packages/airflow/example_dags/example_short_circuit_operator.py
[2026-04-02T16:39:33.377+0000] {processor.py:840} INFO - DAG(s) 'example_short_circuit_operator' retrieved from /home/airflow/.local/lib/python3.12/site-packages/airflow/example_dags/example_short_circuit_operator.py
[2026-04-02T16:39:33.404+0000] {logging_mixin.py:188} INFO - [2026-04-02T16:39:33.404+0000] {dag.py:3096} INFO - Sync 1 DAGs
[2026-04-02T16:39:33.423+0000] {logging_mixin.py:188} INFO - [2026-04-02T16:39:33.423+0000] {dag.py:3954} INFO - Setting next_dagrun for example_short_circuit_operator to 2026-04-01 00:00:00+00:00, run_after=2026-04-02 00:00:00+00:00
[2026-04-02T16:39:33.433+0000] {processor.py:183} INFO - Processing /home/airflow/.local/lib/python3.12/site-packages/airflow/example_dags/example_short_circuit_operator.py took 0.068 seconds
[2026-04-02T16:40:04.092+0000] {processor.py:161} INFO - Started process (PID=2286) to work on /home/airflow/.local/lib/python3.12/site-packages/airflow/example_dags/example_short_circuit_operator.py
[2026-04-02T16:40:04.093+0000] {processor.py:830} INFO - Processing file /home/airflow/.local/lib/python3.12/site-packages/airflow/example_dags/example_short_circuit_operator.py for tasks to queue
[2026-04-02T16:40:04.094+0000] {logging_mixin.py:188} INFO - [2026-04-02T16:40:04.094+0000] {dagbag.py:540} INFO - Filling up the DagBag from /home/airflow/.local/lib/python3.12/site-packages/airflow/example_dags/example_short_circuit_operator.py
[2026-04-02T16:40:04.098+0000] {processor.py:840} INFO - DAG(s) 'example_short_circuit_operator' retrieved from /home/airflow/.local/lib/python3.12/site-packages/airflow/example_dags/example_short_circuit_operator.py
[2026-04-02T16:40:04.111+0000] {logging_mixin.py:188} INFO - [2026-04-02T16:40:04.111+0000] {dag.py:3096} INFO - Sync 1 DAGs
[2026-04-02T16:40:04.122+0000] {logging_mixin.py:188} INFO - [2026-04-02T16:40:04.122+0000] {dag.py:3954} INFO - Setting next_dagrun for example_short_circuit_operator to 2026-04-01 00:00:00+00:00, run_after=2026-04-02 00:00:00+00:00
[2026-04-02T16:40:04.130+0000] {processor.py:183} INFO - Processing /home/airflow/.local/lib/python3.12/site-packages/airflow/example_dags/example_short_circuit_operator.py took 0.042 seconds
[2026-04-02T16:40:34.716+0000] {processor.py:161} INFO - Started process (PID=2344) to work on /home/airflow/.local/lib/python3.12/site-packages/airflow/example_dags/example_short_circuit_operator.py
[2026-04-02T16:40:34.716+0000] {processor.py:830} INFO - Processing file /home/airflow/.local/lib/python3.12/site-packages/airflow/example_dags/example_short_circuit_operator.py for tasks to queue
[2026-04-02T16:40:34.717+0000] {logging_mixin.py:188} INFO - [2026-04-02T16:40:34.717+0000] {dagbag.py:540} INFO - Filling up the DagBag from /home/airflow/.local/lib/python3.12/site-packages/airflow/example_dags/example_short_circuit_operator.py
[2026-04-02T16:40:34.721+0000] {processor.py:840} INFO - DAG(s) 'example_short_circuit_operator' retrieved from /home/airflow/.local/lib/python3.12/site-packages/airflow/example_dags/example_short_circuit_operator.py
[2026-04-02T16:40:34.734+0000] {logging_mixin.py:188} INFO - [2026-04-02T16:40:34.734+0000] {dag.py:3096} INFO - Sync 1 DAGs
[2026-04-02T16:40:34.745+0000] {logging_mixin.py:188} INFO - [2026-04-02T16:40:34.745+0000] {dag.py:3954} INFO - Setting next_dagrun for example_short_circuit_operator to 2026-04-01 00:00:00+00:00, run_after=2026-04-02 00:00:00+00:00
[2026-04-02T16:40:34.753+0000] {processor.py:183} INFO - Processing /home/airflow/.local/lib/python3.12/site-packages/airflow/example_dags/example_short_circuit_operator.py took 0.041 seconds
[2026-04-02T16:41:05.726+0000] {processor.py:161} INFO - Started process (PID=2402) to work on /home/airflow/.local/lib/python3.12/site-packages/airflow/example_dags/example_short_circuit_operator.py
[2026-04-02T16:41:05.726+0000] {processor.py:830} INFO - Processing file /home/airflow/.local/lib/python3.12/site-packages/airflow/example_dags/example_short_circuit_operator.py for tasks to queue
[2026-04-02T16:41:05.727+0000] {logging_mixin.py:188} INFO - [2026-04-02T16:41:05.727+0000] {dagbag.py:540} INFO - Filling up the DagBag from /home/airflow/.local/lib/python3.12/site-packages/airflow/example_dags/example_short_circuit_operator.py
[2026-04-02T16:41:05.736+0000] {processor.py:840} INFO - DAG(s) 'example_short_circuit_operator' retrieved from /home/airflow/.local/lib/python3.12/site-packages/airflow/example_dags/example_short_circuit_operator.py
[2026-04-02T16:41:05.757+0000] {logging_mixin.py:188} INFO - [2026-04-02T16:41:05.757+0000] {dag.py:3096} INFO - Sync 1 DAGs
[2026-04-02T16:41:05.773+0000] {logging_mixin.py:188} INFO - [2026-04-02T16:41:05.773+0000] {dag.py:3954} INFO - Setting next_dagrun for example_short_circuit_operator to 2026-04-01 00:00:00+00:00, run_after=2026-04-02 00:00:00+00:00
[2026-04-02T16:41:05.786+0000] {processor.py:183} INFO - Processing /home/airflow/.local/lib/python3.12/site-packages/airflow/example_dags/example_short_circuit_operator.py took 0.063 seconds
[2026-04-02T16:41:36.587+0000] {processor.py:161} INFO - Started process (PID=2460) to work on /home/airflow/.local/lib/python3.12/site-packages/airflow/example_dags/example_short_circuit_operator.py
[2026-04-02T16:41:36.588+0000] {processor.py:830} INFO - Processing file /home/airflow/.local/lib/python3.12/site-packages/airflow/example_dags/example_short_circuit_operator.py for tasks to queue
[2026-04-02T16:41:36.589+0000] {logging_mixin.py:188} INFO - [2026-04-02T16:41:36.589+0000] {dagbag.py:540} INFO - Filling up the DagBag from /home/airflow/.local/lib/python3.12/site-packages/airflow/example_dags/example_short_circuit_operator.py
[2026-04-02T16:41:36.595+0000] {processor.py:840} INFO - DAG(s) 'example_short_circuit_operator' retrieved from /home/airflow/.local/lib/python3.12/site-packages/airflow/example_dags/example_short_circuit_operator.py
[2026-04-02T16:41:36.612+0000] {logging_mixin.py:188} INFO - [2026-04-02T16:41:36.612+0000] {dag.py:3096} INFO - Sync 1 DAGs
[2026-04-02T16:41:36.624+0000] {logging_mixin.py:188} INFO - [2026-04-02T16:41:36.623+0000] {dag.py:3954} INFO - Setting next_dagrun for example_short_circuit_operator to 2026-04-01 00:00:00+00:00, run_after=2026-04-02 00:00:00+00:00
[2026-04-02T16:41:36.635+0000] {processor.py:183} INFO - Processing /home/airflow/.local/lib/python3.12/site-packages/airflow/example_dags/example_short_circuit_operator.py took 0.052 seconds
[2026-04-02T16:42:07.497+0000] {processor.py:161} INFO - Started process (PID=2524) to work on /home/airflow/.local/lib/python3.12/site-packages/airflow/example_dags/example_short_circuit_operator.py
[2026-04-02T16:42:07.497+0000] {processor.py:830} INFO - Processing file /home/airflow/.local/lib/python3.12/site-packages/airflow/example_dags/example_short_circuit_operator.py for tasks to queue
[2026-04-02T16:42:07.498+0000] {logging_mixin.py:188} INFO - [2026-04-02T16:42:07.498+0000] {dagbag.py:540} INFO - Filling up the DagBag from /home/airflow/.local/lib/python3.12/site-packages/airflow/example_dags/example_short_circuit_operator.py
[2026-04-02T16:42:07.505+0000] {processor.py:840} INFO - DAG(s) 'example_short_circuit_operator' retrieved from /home/airflow/.local/lib/python3.12/site-packages/airflow/example_dags/example_short_circuit_operator.py
[2026-04-02T16:42:07.526+0000] {logging_mixin.py:188} INFO - [2026-04-02T16:42:07.526+0000] {dag.py:3096} INFO - Sync 1 DAGs
[2026-04-02T16:42:07.539+0000] {logging_mixin.py:188} INFO - [2026-04-02T16:42:07.539+0000] {dag.py:3954} INFO - Setting next_dagrun for example_short_circuit_operator to 2026-04-01 00:00:00+00:00, run_after=2026-04-02 00:00:00+00:00
[2026-04-02T16:42:07.552+0000] {processor.py:183} INFO - Processing /home/airflow/.local/lib/python3.12/site-packages/airflow/example_dags/example_short_circuit_operator.py took 0.059 seconds
[2026-04-02T16:42:38.420+0000] {processor.py:161} INFO - Started process (PID=2582) to work on /home/airflow/.local/lib/python3.12/site-packages/airflow/example_dags/example_short_circuit_operator.py
[2026-04-02T16:42:38.421+0000] {processor.py:830} INFO - Processing file /home/airflow/.local/lib/python3.12/site-packages/airflow/example_dags/example_short_circuit_operator.py for tasks to queue
[2026-04-02T16:42:38.423+0000] {logging_mixin.py:188} INFO - [2026-04-02T16:42:38.423+0000] {dagbag.py:540} INFO - Filling up the DagBag from /home/airflow/.local/lib/python3.12/site-packages/airflow/example_dags/example_short_circuit_operator.py
[2026-04-02T16:42:38.427+0000] {processor.py:840} INFO - DAG(s) 'example_short_circuit_operator' retrieved from /home/airflow/.local/lib/python3.12/site-packages/airflow/example_dags/example_short_circuit_operator.py
[2026-04-02T16:42:38.442+0000] {logging_mixin.py:188} INFO - [2026-04-02T16:42:38.442+0000] {dag.py:3096} INFO - Sync 1 DAGs
[2026-04-02T16:42:38.456+0000] {logging_mixin.py:188} INFO - [2026-04-02T16:42:38.456+0000] {dag.py:3954} INFO - Setting next_dagrun for example_short_circuit_operator to 2026-04-01 00:00:00+00:00, run_after=2026-04-02 00:00:00+00:00
[2026-04-02T16:42:38.467+0000] {processor.py:183} INFO - Processing /home/airflow/.local/lib/python3.12/site-packages/airflow/example_dags/example_short_circuit_operator.py took 0.050 seconds
[2026-04-02T16:43:09.371+0000] {processor.py:161} INFO - Started process (PID=2640) to work on /home/airflow/.local/lib/python3.12/site-packages/airflow/example_dags/example_short_circuit_operator.py
[2026-04-02T16:43:09.372+0000] {processor.py:830} INFO - Processing file /home/airflow/.local/lib/python3.12/site-packages/airflow/example_dags/example_short_circuit_operator.py for tasks to queue
[2026-04-02T16:43:09.373+0000] {logging_mixin.py:188} INFO - [2026-04-02T16:43:09.373+0000] {dagbag.py:540} INFO - Filling up the DagBag from /home/airflow/.local/lib/python3.12/site-packages/airflow/example_dags/example_short_circuit_operator.py
[2026-04-02T16:43:09.377+0000] {processor.py:840} INFO - DAG(s) 'example_short_circuit_operator' retrieved from /home/airflow/.local/lib/python3.12/site-packages/airflow/example_dags/example_short_circuit_operator.py
[2026-04-02T16:43:09.398+0000] {logging_mixin.py:188} INFO - [2026-04-02T16:43:09.398+0000] {dag.py:3096} INFO - Sync 1 DAGs
[2026-04-02T16:43:09.411+0000] {logging_mixin.py:188} INFO - [2026-04-02T16:43:09.411+0000] {dag.py:3954} INFO - Setting next_dagrun for example_short_circuit_operator to 2026-04-01 00:00:00+00:00, run_after=2026-04-02 00:00:00+00:00
[2026-04-02T16:43:09.420+0000] {processor.py:183} INFO - Processing /home/airflow/.local/lib/python3.12/site-packages/airflow/example_dags/example_short_circuit_operator.py took 0.052 seconds
[2026-04-02T16:43:40.342+0000] {processor.py:161} INFO - Started process (PID=2698) to work on /home/airflow/.local/lib/python3.12/site-packages/airflow/example_dags/example_short_circuit_operator.py
[2026-04-02T16:43:40.342+0000] {processor.py:830} INFO - Processing file /home/airflow/.local/lib/python3.12/site-packages/airflow/example_dags/example_short_circuit_operator.py for tasks to queue
[2026-04-02T16:43:40.344+0000] {logging_mixin.py:188} INFO - [2026-04-02T16:43:40.343+0000] {dagbag.py:540} INFO - Filling up the DagBag from /home/airflow/.local/lib/python3.12/site-packages/airflow/example_dags/example_short_circuit_operator.py
[2026-04-02T16:43:40.349+0000] {processor.py:840} INFO - DAG(s) 'example_short_circuit_operator' retrieved from /home/airflow/.local/lib/python3.12/site-packages/airflow/example_dags/example_short_circuit_operator.py
[2026-04-02T16:43:40.368+0000] {logging_mixin.py:188} INFO - [2026-04-02T16:43:40.367+0000] {dag.py:3096} INFO - Sync 1 DAGs
[2026-04-02T16:43:40.379+0000] {logging_mixin.py:188} INFO - [2026-04-02T16:43:40.378+0000] {dag.py:3954} INFO - Setting next_dagrun for example_short_circuit_operator to 2026-04-01 00:00:00+00:00, run_after=2026-04-02 00:00:00+00:00
[2026-04-02T16:43:40.393+0000] {processor.py:183} INFO - Processing /home/airflow/.local/lib/python3.12/site-packages/airflow/example_dags/example_short_circuit_operator.py took 0.055 seconds
