[2026-04-02T16:20:34.881+0000] {processor.py:161} INFO - Started process (PID=61) to work on /home/airflow/.local/lib/python3.12/site-packages/airflow/example_dags/example_branch_operator.py
[2026-04-02T16:20:34.881+0000] {processor.py:830} INFO - Processing file /home/airflow/.local/lib/python3.12/site-packages/airflow/example_dags/example_branch_operator.py for tasks to queue
[2026-04-02T16:20:34.882+0000] {logging_mixin.py:188} INFO - [2026-04-02T16:20:34.882+0000] {dagbag.py:540} INFO - Filling up the DagBag from /home/airflow/.local/lib/python3.12/site-packages/airflow/example_dags/example_branch_operator.py
[2026-04-02T16:20:34.894+0000] {processor.py:840} INFO - DAG(s) 'example_branch_operator' retrieved from /home/airflow/.local/lib/python3.12/site-packages/airflow/example_dags/example_branch_operator.py
[2026-04-02T16:20:34.902+0000] {logging_mixin.py:188} INFO - [2026-04-02T16:20:34.902+0000] {dag.py:3096} INFO - Sync 1 DAGs
[2026-04-02T16:20:34.913+0000] {logging_mixin.py:188} INFO - [2026-04-02T16:20:34.913+0000] {dag.py:3954} INFO - Setting next_dagrun for example_branch_operator to 2026-04-01 00:00:00+00:00, run_after=2026-04-02 00:00:00+00:00
[2026-04-02T16:20:34.922+0000] {processor.py:183} INFO - Processing /home/airflow/.local/lib/python3.12/site-packages/airflow/example_dags/example_branch_operator.py took 0.044 seconds
[2026-04-02T16:21:05.907+0000] {processor.py:161} INFO - Started process (PID=119) to work on /home/airflow/.local/lib/python3.12/site-packages/airflow/example_dags/example_branch_operator.py
[2026-04-02T16:21:05.907+0000] {processor.py:830} INFO - Processing file /home/airflow/.local/lib/python3.12/site-packages/airflow/example_dags/example_branch_operator.py for tasks to queue
[2026-04-02T16:21:05.908+0000] {logging_mixin.py:188} INFO - [2026-04-02T16:21:05.908+0000] {dagbag.py:540} INFO - Filling up the DagBag from /home/airflow/.local/lib/python3.12/site-packages/airflow/example_dags/example_branch_operator.py
[2026-04-02T16:21:05.918+0000] {processor.py:840} INFO - DAG(s) 'example_branch_operator' retrieved from /home/airflow/.local/lib/python3.12/site-packages/airflow/example_dags/example_branch_operator.py
[2026-04-02T16:21:05.975+0000] {logging_mixin.py:188} INFO - [2026-04-02T16:21:05.974+0000] {dag.py:3096} INFO - Sync 1 DAGs
[2026-04-02T16:21:05.985+0000] {logging_mixin.py:188} INFO - [2026-04-02T16:21:05.985+0000] {dag.py:3954} INFO - Setting next_dagrun for example_branch_operator to 2026-04-01 00:00:00+00:00, run_after=2026-04-02 00:00:00+00:00
[2026-04-02T16:21:05.993+0000] {processor.py:183} INFO - Processing /home/airflow/.local/lib/python3.12/site-packages/airflow/example_dags/example_branch_operator.py took 0.090 seconds
[2026-04-02T16:21:36.572+0000] {processor.py:161} INFO - Started process (PID=177) to work on /home/airflow/.local/lib/python3.12/site-packages/airflow/example_dags/example_branch_operator.py
[2026-04-02T16:21:36.573+0000] {processor.py:830} INFO - Processing file /home/airflow/.local/lib/python3.12/site-packages/airflow/example_dags/example_branch_operator.py for tasks to queue
[2026-04-02T16:21:36.574+0000] {logging_mixin.py:188} INFO - [2026-04-02T16:21:36.574+0000] {dagbag.py:540} INFO - Filling up the DagBag from /home/airflow/.local/lib/python3.12/site-packages/airflow/example_dags/example_branch_operator.py
[2026-04-02T16:21:36.585+0000] {processor.py:840} INFO - DAG(s) 'example_branch_operator' retrieved from /home/airflow/.local/lib/python3.12/site-packages/airflow/example_dags/example_branch_operator.py
[2026-04-02T16:21:36.603+0000] {logging_mixin.py:188} INFO - [2026-04-02T16:21:36.603+0000] {dag.py:3096} INFO - Sync 1 DAGs
[2026-04-02T16:21:36.613+0000] {logging_mixin.py:188} INFO - [2026-04-02T16:21:36.613+0000] {dag.py:3954} INFO - Setting next_dagrun for example_branch_operator to 2026-04-01 00:00:00+00:00, run_after=2026-04-02 00:00:00+00:00
[2026-04-02T16:21:36.622+0000] {processor.py:183} INFO - Processing /home/airflow/.local/lib/python3.12/site-packages/airflow/example_dags/example_branch_operator.py took 0.052 seconds
[2026-04-02T16:22:07.408+0000] {processor.py:161} INFO - Started process (PID=235) to work on /home/airflow/.local/lib/python3.12/site-packages/airflow/example_dags/example_branch_operator.py
[2026-04-02T16:22:07.408+0000] {processor.py:830} INFO - Processing file /home/airflow/.local/lib/python3.12/site-packages/airflow/example_dags/example_branch_operator.py for tasks to queue
[2026-04-02T16:22:07.409+0000] {logging_mixin.py:188} INFO - [2026-04-02T16:22:07.409+0000] {dagbag.py:540} INFO - Filling up the DagBag from /home/airflow/.local/lib/python3.12/site-packages/airflow/example_dags/example_branch_operator.py
[2026-04-02T16:22:07.418+0000] {processor.py:840} INFO - DAG(s) 'example_branch_operator' retrieved from /home/airflow/.local/lib/python3.12/site-packages/airflow/example_dags/example_branch_operator.py
[2026-04-02T16:22:07.433+0000] {logging_mixin.py:188} INFO - [2026-04-02T16:22:07.433+0000] {dag.py:3096} INFO - Sync 1 DAGs
[2026-04-02T16:22:07.444+0000] {logging_mixin.py:188} INFO - [2026-04-02T16:22:07.444+0000] {dag.py:3954} INFO - Setting next_dagrun for example_branch_operator to 2026-04-01 00:00:00+00:00, run_after=2026-04-02 00:00:00+00:00
[2026-04-02T16:22:07.454+0000] {processor.py:183} INFO - Processing /home/airflow/.local/lib/python3.12/site-packages/airflow/example_dags/example_branch_operator.py took 0.050 seconds
[2026-04-02T16:22:38.148+0000] {processor.py:161} INFO - Started process (PID=293) to work on /home/airflow/.local/lib/python3.12/site-packages/airflow/example_dags/example_branch_operator.py
[2026-04-02T16:22:38.148+0000] {processor.py:830} INFO - Processing file /home/airflow/.local/lib/python3.12/site-packages/airflow/example_dags/example_branch_operator.py for tasks to queue
[2026-04-02T16:22:38.150+0000] {logging_mixin.py:188} INFO - [2026-04-02T16:22:38.150+0000] {dagbag.py:540} INFO - Filling up the DagBag from /home/airflow/.local/lib/python3.12/site-packages/airflow/example_dags/example_branch_operator.py
[2026-04-02T16:22:38.159+0000] {processor.py:840} INFO - DAG(s) 'example_branch_operator' retrieved from /home/airflow/.local/lib/python3.12/site-packages/airflow/example_dags/example_branch_operator.py
[2026-04-02T16:22:38.174+0000] {logging_mixin.py:188} INFO - [2026-04-02T16:22:38.174+0000] {dag.py:3096} INFO - Sync 1 DAGs
[2026-04-02T16:22:38.184+0000] {logging_mixin.py:188} INFO - [2026-04-02T16:22:38.184+0000] {dag.py:3954} INFO - Setting next_dagrun for example_branch_operator to 2026-04-01 00:00:00+00:00, run_after=2026-04-02 00:00:00+00:00
[2026-04-02T16:22:38.192+0000] {processor.py:183} INFO - Processing /home/airflow/.local/lib/python3.12/site-packages/airflow/example_dags/example_branch_operator.py took 0.047 seconds
[2026-04-02T16:23:08.802+0000] {processor.py:161} INFO - Started process (PID=351) to work on /home/airflow/.local/lib/python3.12/site-packages/airflow/example_dags/example_branch_operator.py
[2026-04-02T16:23:08.803+0000] {processor.py:830} INFO - Processing file /home/airflow/.local/lib/python3.12/site-packages/airflow/example_dags/example_branch_operator.py for tasks to queue
[2026-04-02T16:23:08.804+0000] {logging_mixin.py:188} INFO - [2026-04-02T16:23:08.804+0000] {dagbag.py:540} INFO - Filling up the DagBag from /home/airflow/.local/lib/python3.12/site-packages/airflow/example_dags/example_branch_operator.py
[2026-04-02T16:23:08.812+0000] {processor.py:840} INFO - DAG(s) 'example_branch_operator' retrieved from /home/airflow/.local/lib/python3.12/site-packages/airflow/example_dags/example_branch_operator.py
[2026-04-02T16:23:08.827+0000] {logging_mixin.py:188} INFO - [2026-04-02T16:23:08.827+0000] {dag.py:3096} INFO - Sync 1 DAGs
[2026-04-02T16:23:08.836+0000] {logging_mixin.py:188} INFO - [2026-04-02T16:23:08.836+0000] {dag.py:3954} INFO - Setting next_dagrun for example_branch_operator to 2026-04-01 00:00:00+00:00, run_after=2026-04-02 00:00:00+00:00
[2026-04-02T16:23:08.844+0000] {processor.py:183} INFO - Processing /home/airflow/.local/lib/python3.12/site-packages/airflow/example_dags/example_branch_operator.py took 0.044 seconds
[2026-04-02T16:23:39.514+0000] {processor.py:161} INFO - Started process (PID=409) to work on /home/airflow/.local/lib/python3.12/site-packages/airflow/example_dags/example_branch_operator.py
[2026-04-02T16:23:39.515+0000] {processor.py:830} INFO - Processing file /home/airflow/.local/lib/python3.12/site-packages/airflow/example_dags/example_branch_operator.py for tasks to queue
[2026-04-02T16:23:39.519+0000] {logging_mixin.py:188} INFO - [2026-04-02T16:23:39.519+0000] {dagbag.py:540} INFO - Filling up the DagBag from /home/airflow/.local/lib/python3.12/site-packages/airflow/example_dags/example_branch_operator.py
[2026-04-02T16:23:39.529+0000] {processor.py:840} INFO - DAG(s) 'example_branch_operator' retrieved from /home/airflow/.local/lib/python3.12/site-packages/airflow/example_dags/example_branch_operator.py
[2026-04-02T16:23:39.545+0000] {logging_mixin.py:188} INFO - [2026-04-02T16:23:39.544+0000] {dag.py:3096} INFO - Sync 1 DAGs
[2026-04-02T16:23:39.556+0000] {logging_mixin.py:188} INFO - [2026-04-02T16:23:39.556+0000] {dag.py:3954} INFO - Setting next_dagrun for example_branch_operator to 2026-04-01 00:00:00+00:00, run_after=2026-04-02 00:00:00+00:00
[2026-04-02T16:23:39.565+0000] {processor.py:183} INFO - Processing /home/airflow/.local/lib/python3.12/site-packages/airflow/example_dags/example_branch_operator.py took 0.054 seconds
[2026-04-02T16:24:10.185+0000] {processor.py:161} INFO - Started process (PID=467) to work on /home/airflow/.local/lib/python3.12/site-packages/airflow/example_dags/example_branch_operator.py
[2026-04-02T16:24:10.185+0000] {processor.py:830} INFO - Processing file /home/airflow/.local/lib/python3.12/site-packages/airflow/example_dags/example_branch_operator.py for tasks to queue
[2026-04-02T16:24:10.186+0000] {logging_mixin.py:188} INFO - [2026-04-02T16:24:10.186+0000] {dagbag.py:540} INFO - Filling up the DagBag from /home/airflow/.local/lib/python3.12/site-packages/airflow/example_dags/example_branch_operator.py
[2026-04-02T16:24:10.195+0000] {processor.py:840} INFO - DAG(s) 'example_branch_operator' retrieved from /home/airflow/.local/lib/python3.12/site-packages/airflow/example_dags/example_branch_operator.py
[2026-04-02T16:24:10.202+0000] {logging_mixin.py:188} INFO - [2026-04-02T16:24:10.202+0000] {dag.py:3096} INFO - Sync 1 DAGs
[2026-04-02T16:24:10.213+0000] {logging_mixin.py:188} INFO - [2026-04-02T16:24:10.213+0000] {dag.py:3954} INFO - Setting next_dagrun for example_branch_operator to 2026-04-01 00:00:00+00:00, run_after=2026-04-02 00:00:00+00:00
[2026-04-02T16:24:10.225+0000] {processor.py:183} INFO - Processing /home/airflow/.local/lib/python3.12/site-packages/airflow/example_dags/example_branch_operator.py took 0.045 seconds
[2026-04-02T16:24:40.673+0000] {processor.py:161} INFO - Started process (PID=525) to work on /home/airflow/.local/lib/python3.12/site-packages/airflow/example_dags/example_branch_operator.py
[2026-04-02T16:24:40.673+0000] {processor.py:830} INFO - Processing file /home/airflow/.local/lib/python3.12/site-packages/airflow/example_dags/example_branch_operator.py for tasks to queue
[2026-04-02T16:24:40.674+0000] {logging_mixin.py:188} INFO - [2026-04-02T16:24:40.674+0000] {dagbag.py:540} INFO - Filling up the DagBag from /home/airflow/.local/lib/python3.12/site-packages/airflow/example_dags/example_branch_operator.py
[2026-04-02T16:24:40.682+0000] {processor.py:840} INFO - DAG(s) 'example_branch_operator' retrieved from /home/airflow/.local/lib/python3.12/site-packages/airflow/example_dags/example_branch_operator.py
[2026-04-02T16:24:40.690+0000] {logging_mixin.py:188} INFO - [2026-04-02T16:24:40.690+0000] {dag.py:3096} INFO - Sync 1 DAGs
[2026-04-02T16:24:40.701+0000] {logging_mixin.py:188} INFO - [2026-04-02T16:24:40.701+0000] {dag.py:3954} INFO - Setting next_dagrun for example_branch_operator to 2026-04-01 00:00:00+00:00, run_after=2026-04-02 00:00:00+00:00
[2026-04-02T16:24:40.709+0000] {processor.py:183} INFO - Processing /home/airflow/.local/lib/python3.12/site-packages/airflow/example_dags/example_branch_operator.py took 0.040 seconds
[2026-04-02T16:25:11.900+0000] {processor.py:161} INFO - Started process (PID=583) to work on /home/airflow/.local/lib/python3.12/site-packages/airflow/example_dags/example_branch_operator.py
[2026-04-02T16:25:11.901+0000] {processor.py:830} INFO - Processing file /home/airflow/.local/lib/python3.12/site-packages/airflow/example_dags/example_branch_operator.py for tasks to queue
[2026-04-02T16:25:11.902+0000] {logging_mixin.py:188} INFO - [2026-04-02T16:25:11.902+0000] {dagbag.py:540} INFO - Filling up the DagBag from /home/airflow/.local/lib/python3.12/site-packages/airflow/example_dags/example_branch_operator.py
[2026-04-02T16:25:11.911+0000] {processor.py:840} INFO - DAG(s) 'example_branch_operator' retrieved from /home/airflow/.local/lib/python3.12/site-packages/airflow/example_dags/example_branch_operator.py
[2026-04-02T16:25:11.972+0000] {logging_mixin.py:188} INFO - [2026-04-02T16:25:11.971+0000] {dag.py:3096} INFO - Sync 1 DAGs
[2026-04-02T16:25:12.080+0000] {logging_mixin.py:188} INFO - [2026-04-02T16:25:12.080+0000] {dag.py:3954} INFO - Setting next_dagrun for example_branch_operator to 2026-04-01 00:00:00+00:00, run_after=2026-04-02 00:00:00+00:00
[2026-04-02T16:25:12.091+0000] {processor.py:183} INFO - Processing /home/airflow/.local/lib/python3.12/site-packages/airflow/example_dags/example_branch_operator.py took 0.194 seconds
[2026-04-02T16:25:42.868+0000] {processor.py:161} INFO - Started process (PID=641) to work on /home/airflow/.local/lib/python3.12/site-packages/airflow/example_dags/example_branch_operator.py
[2026-04-02T16:25:42.868+0000] {processor.py:830} INFO - Processing file /home/airflow/.local/lib/python3.12/site-packages/airflow/example_dags/example_branch_operator.py for tasks to queue
[2026-04-02T16:25:42.869+0000] {logging_mixin.py:188} INFO - [2026-04-02T16:25:42.869+0000] {dagbag.py:540} INFO - Filling up the DagBag from /home/airflow/.local/lib/python3.12/site-packages/airflow/example_dags/example_branch_operator.py
[2026-04-02T16:25:42.879+0000] {processor.py:840} INFO - DAG(s) 'example_branch_operator' retrieved from /home/airflow/.local/lib/python3.12/site-packages/airflow/example_dags/example_branch_operator.py
[2026-04-02T16:25:42.899+0000] {logging_mixin.py:188} INFO - [2026-04-02T16:25:42.899+0000] {dag.py:3096} INFO - Sync 1 DAGs
[2026-04-02T16:25:42.914+0000] {logging_mixin.py:188} INFO - [2026-04-02T16:25:42.914+0000] {dag.py:3954} INFO - Setting next_dagrun for example_branch_operator to 2026-04-01 00:00:00+00:00, run_after=2026-04-02 00:00:00+00:00
[2026-04-02T16:25:42.925+0000] {processor.py:183} INFO - Processing /home/airflow/.local/lib/python3.12/site-packages/airflow/example_dags/example_branch_operator.py took 0.061 seconds
[2026-04-02T16:26:12.996+0000] {processor.py:161} INFO - Started process (PID=699) to work on /home/airflow/.local/lib/python3.12/site-packages/airflow/example_dags/example_branch_operator.py
[2026-04-02T16:26:12.997+0000] {processor.py:830} INFO - Processing file /home/airflow/.local/lib/python3.12/site-packages/airflow/example_dags/example_branch_operator.py for tasks to queue
[2026-04-02T16:26:12.998+0000] {logging_mixin.py:188} INFO - [2026-04-02T16:26:12.998+0000] {dagbag.py:540} INFO - Filling up the DagBag from /home/airflow/.local/lib/python3.12/site-packages/airflow/example_dags/example_branch_operator.py
[2026-04-02T16:26:13.007+0000] {processor.py:840} INFO - DAG(s) 'example_branch_operator' retrieved from /home/airflow/.local/lib/python3.12/site-packages/airflow/example_dags/example_branch_operator.py
[2026-04-02T16:26:13.023+0000] {logging_mixin.py:188} INFO - [2026-04-02T16:26:13.023+0000] {dag.py:3096} INFO - Sync 1 DAGs
[2026-04-02T16:26:13.036+0000] {logging_mixin.py:188} INFO - [2026-04-02T16:26:13.036+0000] {dag.py:3954} INFO - Setting next_dagrun for example_branch_operator to 2026-04-01 00:00:00+00:00, run_after=2026-04-02 00:00:00+00:00
[2026-04-02T16:26:13.046+0000] {processor.py:183} INFO - Processing /home/airflow/.local/lib/python3.12/site-packages/airflow/example_dags/example_branch_operator.py took 0.053 seconds
[2026-04-02T16:26:43.195+0000] {processor.py:161} INFO - Started process (PID=757) to work on /home/airflow/.local/lib/python3.12/site-packages/airflow/example_dags/example_branch_operator.py
[2026-04-02T16:26:43.196+0000] {processor.py:830} INFO - Processing file /home/airflow/.local/lib/python3.12/site-packages/airflow/example_dags/example_branch_operator.py for tasks to queue
[2026-04-02T16:26:43.197+0000] {logging_mixin.py:188} INFO - [2026-04-02T16:26:43.197+0000] {dagbag.py:540} INFO - Filling up the DagBag from /home/airflow/.local/lib/python3.12/site-packages/airflow/example_dags/example_branch_operator.py
[2026-04-02T16:26:43.209+0000] {processor.py:840} INFO - DAG(s) 'example_branch_operator' retrieved from /home/airflow/.local/lib/python3.12/site-packages/airflow/example_dags/example_branch_operator.py
[2026-04-02T16:26:43.225+0000] {logging_mixin.py:188} INFO - [2026-04-02T16:26:43.225+0000] {dag.py:3096} INFO - Sync 1 DAGs
[2026-04-02T16:26:43.240+0000] {logging_mixin.py:188} INFO - [2026-04-02T16:26:43.240+0000] {dag.py:3954} INFO - Setting next_dagrun for example_branch_operator to 2026-04-01 00:00:00+00:00, run_after=2026-04-02 00:00:00+00:00
[2026-04-02T16:26:43.336+0000] {processor.py:183} INFO - Processing /home/airflow/.local/lib/python3.12/site-packages/airflow/example_dags/example_branch_operator.py took 0.144 seconds
[2026-04-02T16:27:13.479+0000] {processor.py:161} INFO - Started process (PID=815) to work on /home/airflow/.local/lib/python3.12/site-packages/airflow/example_dags/example_branch_operator.py
[2026-04-02T16:27:13.479+0000] {processor.py:830} INFO - Processing file /home/airflow/.local/lib/python3.12/site-packages/airflow/example_dags/example_branch_operator.py for tasks to queue
[2026-04-02T16:27:13.480+0000] {logging_mixin.py:188} INFO - [2026-04-02T16:27:13.480+0000] {dagbag.py:540} INFO - Filling up the DagBag from /home/airflow/.local/lib/python3.12/site-packages/airflow/example_dags/example_branch_operator.py
[2026-04-02T16:27:13.489+0000] {processor.py:840} INFO - DAG(s) 'example_branch_operator' retrieved from /home/airflow/.local/lib/python3.12/site-packages/airflow/example_dags/example_branch_operator.py
[2026-04-02T16:27:13.507+0000] {logging_mixin.py:188} INFO - [2026-04-02T16:27:13.506+0000] {dag.py:3096} INFO - Sync 1 DAGs
[2026-04-02T16:27:13.520+0000] {logging_mixin.py:188} INFO - [2026-04-02T16:27:13.520+0000] {dag.py:3954} INFO - Setting next_dagrun for example_branch_operator to 2026-04-01 00:00:00+00:00, run_after=2026-04-02 00:00:00+00:00
[2026-04-02T16:27:13.531+0000] {processor.py:183} INFO - Processing /home/airflow/.local/lib/python3.12/site-packages/airflow/example_dags/example_branch_operator.py took 0.056 seconds
[2026-04-02T16:27:43.958+0000] {processor.py:161} INFO - Started process (PID=873) to work on /home/airflow/.local/lib/python3.12/site-packages/airflow/example_dags/example_branch_operator.py
[2026-04-02T16:27:43.959+0000] {processor.py:830} INFO - Processing file /home/airflow/.local/lib/python3.12/site-packages/airflow/example_dags/example_branch_operator.py for tasks to queue
[2026-04-02T16:27:43.961+0000] {logging_mixin.py:188} INFO - [2026-04-02T16:27:43.960+0000] {dagbag.py:540} INFO - Filling up the DagBag from /home/airflow/.local/lib/python3.12/site-packages/airflow/example_dags/example_branch_operator.py
[2026-04-02T16:27:43.971+0000] {processor.py:840} INFO - DAG(s) 'example_branch_operator' retrieved from /home/airflow/.local/lib/python3.12/site-packages/airflow/example_dags/example_branch_operator.py
[2026-04-02T16:27:43.981+0000] {logging_mixin.py:188} INFO - [2026-04-02T16:27:43.981+0000] {dag.py:3096} INFO - Sync 1 DAGs
[2026-04-02T16:27:43.994+0000] {logging_mixin.py:188} INFO - [2026-04-02T16:27:43.994+0000] {dag.py:3954} INFO - Setting next_dagrun for example_branch_operator to 2026-04-01 00:00:00+00:00, run_after=2026-04-02 00:00:00+00:00
[2026-04-02T16:27:44.003+0000] {processor.py:183} INFO - Processing /home/airflow/.local/lib/python3.12/site-packages/airflow/example_dags/example_branch_operator.py took 0.050 seconds
[2026-04-02T16:28:14.685+0000] {processor.py:161} INFO - Started process (PID=931) to work on /home/airflow/.local/lib/python3.12/site-packages/airflow/example_dags/example_branch_operator.py
[2026-04-02T16:28:14.685+0000] {processor.py:830} INFO - Processing file /home/airflow/.local/lib/python3.12/site-packages/airflow/example_dags/example_branch_operator.py for tasks to queue
[2026-04-02T16:28:14.686+0000] {logging_mixin.py:188} INFO - [2026-04-02T16:28:14.686+0000] {dagbag.py:540} INFO - Filling up the DagBag from /home/airflow/.local/lib/python3.12/site-packages/airflow/example_dags/example_branch_operator.py
[2026-04-02T16:28:14.697+0000] {processor.py:840} INFO - DAG(s) 'example_branch_operator' retrieved from /home/airflow/.local/lib/python3.12/site-packages/airflow/example_dags/example_branch_operator.py
[2026-04-02T16:28:14.707+0000] {logging_mixin.py:188} INFO - [2026-04-02T16:28:14.706+0000] {dag.py:3096} INFO - Sync 1 DAGs
[2026-04-02T16:28:14.721+0000] {logging_mixin.py:188} INFO - [2026-04-02T16:28:14.721+0000] {dag.py:3954} INFO - Setting next_dagrun for example_branch_operator to 2026-04-01 00:00:00+00:00, run_after=2026-04-02 00:00:00+00:00
[2026-04-02T16:28:14.734+0000] {processor.py:183} INFO - Processing /home/airflow/.local/lib/python3.12/site-packages/airflow/example_dags/example_branch_operator.py took 0.053 seconds
[2026-04-02T16:28:46.016+0000] {processor.py:161} INFO - Started process (PID=989) to work on /home/airflow/.local/lib/python3.12/site-packages/airflow/example_dags/example_branch_operator.py
[2026-04-02T16:28:46.016+0000] {processor.py:830} INFO - Processing file /home/airflow/.local/lib/python3.12/site-packages/airflow/example_dags/example_branch_operator.py for tasks to queue
[2026-04-02T16:28:46.018+0000] {logging_mixin.py:188} INFO - [2026-04-02T16:28:46.017+0000] {dagbag.py:540} INFO - Filling up the DagBag from /home/airflow/.local/lib/python3.12/site-packages/airflow/example_dags/example_branch_operator.py
[2026-04-02T16:28:46.027+0000] {processor.py:840} INFO - DAG(s) 'example_branch_operator' retrieved from /home/airflow/.local/lib/python3.12/site-packages/airflow/example_dags/example_branch_operator.py
[2026-04-02T16:28:46.181+0000] {logging_mixin.py:188} INFO - [2026-04-02T16:28:46.181+0000] {dag.py:3096} INFO - Sync 1 DAGs
[2026-04-02T16:28:46.190+0000] {logging_mixin.py:188} INFO - [2026-04-02T16:28:46.190+0000] {dag.py:3954} INFO - Setting next_dagrun for example_branch_operator to 2026-04-01 00:00:00+00:00, run_after=2026-04-02 00:00:00+00:00
[2026-04-02T16:28:46.200+0000] {processor.py:183} INFO - Processing /home/airflow/.local/lib/python3.12/site-packages/airflow/example_dags/example_branch_operator.py took 0.188 seconds
[2026-04-02T16:29:16.644+0000] {processor.py:161} INFO - Started process (PID=1047) to work on /home/airflow/.local/lib/python3.12/site-packages/airflow/example_dags/example_branch_operator.py
[2026-04-02T16:29:16.644+0000] {processor.py:830} INFO - Processing file /home/airflow/.local/lib/python3.12/site-packages/airflow/example_dags/example_branch_operator.py for tasks to queue
[2026-04-02T16:29:16.646+0000] {logging_mixin.py:188} INFO - [2026-04-02T16:29:16.645+0000] {dagbag.py:540} INFO - Filling up the DagBag from /home/airflow/.local/lib/python3.12/site-packages/airflow/example_dags/example_branch_operator.py
[2026-04-02T16:29:16.656+0000] {processor.py:840} INFO - DAG(s) 'example_branch_operator' retrieved from /home/airflow/.local/lib/python3.12/site-packages/airflow/example_dags/example_branch_operator.py
[2026-04-02T16:29:16.788+0000] {logging_mixin.py:188} INFO - [2026-04-02T16:29:16.787+0000] {dag.py:3096} INFO - Sync 1 DAGs
[2026-04-02T16:29:16.799+0000] {logging_mixin.py:188} INFO - [2026-04-02T16:29:16.798+0000] {dag.py:3954} INFO - Setting next_dagrun for example_branch_operator to 2026-04-01 00:00:00+00:00, run_after=2026-04-02 00:00:00+00:00
[2026-04-02T16:29:16.807+0000] {processor.py:183} INFO - Processing /home/airflow/.local/lib/python3.12/site-packages/airflow/example_dags/example_branch_operator.py took 0.168 seconds
[2026-04-02T16:29:47.564+0000] {processor.py:161} INFO - Started process (PID=1105) to work on /home/airflow/.local/lib/python3.12/site-packages/airflow/example_dags/example_branch_operator.py
[2026-04-02T16:29:47.566+0000] {processor.py:830} INFO - Processing file /home/airflow/.local/lib/python3.12/site-packages/airflow/example_dags/example_branch_operator.py for tasks to queue
[2026-04-02T16:29:47.567+0000] {logging_mixin.py:188} INFO - [2026-04-02T16:29:47.567+0000] {dagbag.py:540} INFO - Filling up the DagBag from /home/airflow/.local/lib/python3.12/site-packages/airflow/example_dags/example_branch_operator.py
[2026-04-02T16:29:47.582+0000] {processor.py:840} INFO - DAG(s) 'example_branch_operator' retrieved from /home/airflow/.local/lib/python3.12/site-packages/airflow/example_dags/example_branch_operator.py
[2026-04-02T16:29:47.600+0000] {logging_mixin.py:188} INFO - [2026-04-02T16:29:47.599+0000] {dag.py:3096} INFO - Sync 1 DAGs
[2026-04-02T16:29:47.710+0000] {logging_mixin.py:188} INFO - [2026-04-02T16:29:47.710+0000] {dag.py:3954} INFO - Setting next_dagrun for example_branch_operator to 2026-04-01 00:00:00+00:00, run_after=2026-04-02 00:00:00+00:00
[2026-04-02T16:29:47.722+0000] {processor.py:183} INFO - Processing /home/airflow/.local/lib/python3.12/site-packages/airflow/example_dags/example_branch_operator.py took 0.162 seconds
[2026-04-02T16:30:18.434+0000] {processor.py:161} INFO - Started process (PID=1163) to work on /home/airflow/.local/lib/python3.12/site-packages/airflow/example_dags/example_branch_operator.py
[2026-04-02T16:30:18.435+0000] {processor.py:830} INFO - Processing file /home/airflow/.local/lib/python3.12/site-packages/airflow/example_dags/example_branch_operator.py for tasks to queue
[2026-04-02T16:30:18.436+0000] {logging_mixin.py:188} INFO - [2026-04-02T16:30:18.436+0000] {dagbag.py:540} INFO - Filling up the DagBag from /home/airflow/.local/lib/python3.12/site-packages/airflow/example_dags/example_branch_operator.py
[2026-04-02T16:30:18.446+0000] {processor.py:840} INFO - DAG(s) 'example_branch_operator' retrieved from /home/airflow/.local/lib/python3.12/site-packages/airflow/example_dags/example_branch_operator.py
[2026-04-02T16:30:18.468+0000] {logging_mixin.py:188} INFO - [2026-04-02T16:30:18.468+0000] {dag.py:3096} INFO - Sync 1 DAGs
[2026-04-02T16:30:18.482+0000] {logging_mixin.py:188} INFO - [2026-04-02T16:30:18.482+0000] {dag.py:3954} INFO - Setting next_dagrun for example_branch_operator to 2026-04-01 00:00:00+00:00, run_after=2026-04-02 00:00:00+00:00
[2026-04-02T16:30:18.587+0000] {processor.py:183} INFO - Processing /home/airflow/.local/lib/python3.12/site-packages/airflow/example_dags/example_branch_operator.py took 0.157 seconds
[2026-04-02T16:30:48.832+0000] {processor.py:161} INFO - Started process (PID=1221) to work on /home/airflow/.local/lib/python3.12/site-packages/airflow/example_dags/example_branch_operator.py
[2026-04-02T16:30:48.833+0000] {processor.py:830} INFO - Processing file /home/airflow/.local/lib/python3.12/site-packages/airflow/example_dags/example_branch_operator.py for tasks to queue
[2026-04-02T16:30:48.835+0000] {logging_mixin.py:188} INFO - [2026-04-02T16:30:48.835+0000] {dagbag.py:540} INFO - Filling up the DagBag from /home/airflow/.local/lib/python3.12/site-packages/airflow/example_dags/example_branch_operator.py
[2026-04-02T16:30:48.845+0000] {processor.py:840} INFO - DAG(s) 'example_branch_operator' retrieved from /home/airflow/.local/lib/python3.12/site-packages/airflow/example_dags/example_branch_operator.py
[2026-04-02T16:30:48.861+0000] {logging_mixin.py:188} INFO - [2026-04-02T16:30:48.861+0000] {dag.py:3096} INFO - Sync 1 DAGs
[2026-04-02T16:30:48.873+0000] {logging_mixin.py:188} INFO - [2026-04-02T16:30:48.873+0000] {dag.py:3954} INFO - Setting next_dagrun for example_branch_operator to 2026-04-01 00:00:00+00:00, run_after=2026-04-02 00:00:00+00:00
[2026-04-02T16:30:48.886+0000] {processor.py:183} INFO - Processing /home/airflow/.local/lib/python3.12/site-packages/airflow/example_dags/example_branch_operator.py took 0.058 seconds
[2026-04-02T16:31:19.428+0000] {processor.py:161} INFO - Started process (PID=1279) to work on /home/airflow/.local/lib/python3.12/site-packages/airflow/example_dags/example_branch_operator.py
[2026-04-02T16:31:19.430+0000] {processor.py:830} INFO - Processing file /home/airflow/.local/lib/python3.12/site-packages/airflow/example_dags/example_branch_operator.py for tasks to queue
[2026-04-02T16:31:19.431+0000] {logging_mixin.py:188} INFO - [2026-04-02T16:31:19.431+0000] {dagbag.py:540} INFO - Filling up the DagBag from /home/airflow/.local/lib/python3.12/site-packages/airflow/example_dags/example_branch_operator.py
[2026-04-02T16:31:19.439+0000] {processor.py:840} INFO - DAG(s) 'example_branch_operator' retrieved from /home/airflow/.local/lib/python3.12/site-packages/airflow/example_dags/example_branch_operator.py
[2026-04-02T16:31:19.454+0000] {logging_mixin.py:188} INFO - [2026-04-02T16:31:19.454+0000] {dag.py:3096} INFO - Sync 1 DAGs
[2026-04-02T16:31:19.464+0000] {logging_mixin.py:188} INFO - [2026-04-02T16:31:19.464+0000] {dag.py:3954} INFO - Setting next_dagrun for example_branch_operator to 2026-04-01 00:00:00+00:00, run_after=2026-04-02 00:00:00+00:00
[2026-04-02T16:31:19.472+0000] {processor.py:183} INFO - Processing /home/airflow/.local/lib/python3.12/site-packages/airflow/example_dags/example_branch_operator.py took 0.047 seconds
[2026-04-02T16:31:50.091+0000] {processor.py:161} INFO - Started process (PID=1337) to work on /home/airflow/.local/lib/python3.12/site-packages/airflow/example_dags/example_branch_operator.py
[2026-04-02T16:31:50.092+0000] {processor.py:830} INFO - Processing file /home/airflow/.local/lib/python3.12/site-packages/airflow/example_dags/example_branch_operator.py for tasks to queue
[2026-04-02T16:31:50.093+0000] {logging_mixin.py:188} INFO - [2026-04-02T16:31:50.093+0000] {dagbag.py:540} INFO - Filling up the DagBag from /home/airflow/.local/lib/python3.12/site-packages/airflow/example_dags/example_branch_operator.py
[2026-04-02T16:31:50.102+0000] {processor.py:840} INFO - DAG(s) 'example_branch_operator' retrieved from /home/airflow/.local/lib/python3.12/site-packages/airflow/example_dags/example_branch_operator.py
[2026-04-02T16:31:50.118+0000] {logging_mixin.py:188} INFO - [2026-04-02T16:31:50.118+0000] {dag.py:3096} INFO - Sync 1 DAGs
[2026-04-02T16:31:50.129+0000] {logging_mixin.py:188} INFO - [2026-04-02T16:31:50.129+0000] {dag.py:3954} INFO - Setting next_dagrun for example_branch_operator to 2026-04-01 00:00:00+00:00, run_after=2026-04-02 00:00:00+00:00
[2026-04-02T16:31:50.141+0000] {processor.py:183} INFO - Processing /home/airflow/.local/lib/python3.12/site-packages/airflow/example_dags/example_branch_operator.py took 0.054 seconds
[2026-04-02T16:32:20.885+0000] {processor.py:161} INFO - Started process (PID=1395) to work on /home/airflow/.local/lib/python3.12/site-packages/airflow/example_dags/example_branch_operator.py
[2026-04-02T16:32:20.886+0000] {processor.py:830} INFO - Processing file /home/airflow/.local/lib/python3.12/site-packages/airflow/example_dags/example_branch_operator.py for tasks to queue
[2026-04-02T16:32:20.886+0000] {logging_mixin.py:188} INFO - [2026-04-02T16:32:20.886+0000] {dagbag.py:540} INFO - Filling up the DagBag from /home/airflow/.local/lib/python3.12/site-packages/airflow/example_dags/example_branch_operator.py
[2026-04-02T16:32:20.894+0000] {processor.py:840} INFO - DAG(s) 'example_branch_operator' retrieved from /home/airflow/.local/lib/python3.12/site-packages/airflow/example_dags/example_branch_operator.py
[2026-04-02T16:32:20.909+0000] {logging_mixin.py:188} INFO - [2026-04-02T16:32:20.909+0000] {dag.py:3096} INFO - Sync 1 DAGs
[2026-04-02T16:32:20.919+0000] {logging_mixin.py:188} INFO - [2026-04-02T16:32:20.919+0000] {dag.py:3954} INFO - Setting next_dagrun for example_branch_operator to 2026-04-01 00:00:00+00:00, run_after=2026-04-02 00:00:00+00:00
[2026-04-02T16:32:20.930+0000] {processor.py:183} INFO - Processing /home/airflow/.local/lib/python3.12/site-packages/airflow/example_dags/example_branch_operator.py took 0.049 seconds
[2026-04-02T16:32:51.482+0000] {processor.py:161} INFO - Started process (PID=1453) to work on /home/airflow/.local/lib/python3.12/site-packages/airflow/example_dags/example_branch_operator.py
[2026-04-02T16:32:51.483+0000] {processor.py:830} INFO - Processing file /home/airflow/.local/lib/python3.12/site-packages/airflow/example_dags/example_branch_operator.py for tasks to queue
[2026-04-02T16:32:51.486+0000] {logging_mixin.py:188} INFO - [2026-04-02T16:32:51.486+0000] {dagbag.py:540} INFO - Filling up the DagBag from /home/airflow/.local/lib/python3.12/site-packages/airflow/example_dags/example_branch_operator.py
[2026-04-02T16:32:51.496+0000] {processor.py:840} INFO - DAG(s) 'example_branch_operator' retrieved from /home/airflow/.local/lib/python3.12/site-packages/airflow/example_dags/example_branch_operator.py
[2026-04-02T16:32:51.513+0000] {logging_mixin.py:188} INFO - [2026-04-02T16:32:51.512+0000] {dag.py:3096} INFO - Sync 1 DAGs
[2026-04-02T16:32:51.524+0000] {logging_mixin.py:188} INFO - [2026-04-02T16:32:51.524+0000] {dag.py:3954} INFO - Setting next_dagrun for example_branch_operator to 2026-04-01 00:00:00+00:00, run_after=2026-04-02 00:00:00+00:00
[2026-04-02T16:32:51.537+0000] {processor.py:183} INFO - Processing /home/airflow/.local/lib/python3.12/site-packages/airflow/example_dags/example_branch_operator.py took 0.059 seconds
[2026-04-02T16:33:22.016+0000] {processor.py:161} INFO - Started process (PID=1511) to work on /home/airflow/.local/lib/python3.12/site-packages/airflow/example_dags/example_branch_operator.py
[2026-04-02T16:33:22.016+0000] {processor.py:830} INFO - Processing file /home/airflow/.local/lib/python3.12/site-packages/airflow/example_dags/example_branch_operator.py for tasks to queue
[2026-04-02T16:33:22.018+0000] {logging_mixin.py:188} INFO - [2026-04-02T16:33:22.018+0000] {dagbag.py:540} INFO - Filling up the DagBag from /home/airflow/.local/lib/python3.12/site-packages/airflow/example_dags/example_branch_operator.py
[2026-04-02T16:33:22.027+0000] {processor.py:840} INFO - DAG(s) 'example_branch_operator' retrieved from /home/airflow/.local/lib/python3.12/site-packages/airflow/example_dags/example_branch_operator.py
[2026-04-02T16:33:22.042+0000] {logging_mixin.py:188} INFO - [2026-04-02T16:33:22.042+0000] {dag.py:3096} INFO - Sync 1 DAGs
[2026-04-02T16:33:22.052+0000] {logging_mixin.py:188} INFO - [2026-04-02T16:33:22.052+0000] {dag.py:3954} INFO - Setting next_dagrun for example_branch_operator to 2026-04-01 00:00:00+00:00, run_after=2026-04-02 00:00:00+00:00
[2026-04-02T16:33:22.063+0000] {processor.py:183} INFO - Processing /home/airflow/.local/lib/python3.12/site-packages/airflow/example_dags/example_branch_operator.py took 0.050 seconds
[2026-04-02T16:33:52.672+0000] {processor.py:161} INFO - Started process (PID=1569) to work on /home/airflow/.local/lib/python3.12/site-packages/airflow/example_dags/example_branch_operator.py
[2026-04-02T16:33:52.672+0000] {processor.py:830} INFO - Processing file /home/airflow/.local/lib/python3.12/site-packages/airflow/example_dags/example_branch_operator.py for tasks to queue
[2026-04-02T16:33:52.674+0000] {logging_mixin.py:188} INFO - [2026-04-02T16:33:52.674+0000] {dagbag.py:540} INFO - Filling up the DagBag from /home/airflow/.local/lib/python3.12/site-packages/airflow/example_dags/example_branch_operator.py
[2026-04-02T16:33:52.683+0000] {processor.py:840} INFO - DAG(s) 'example_branch_operator' retrieved from /home/airflow/.local/lib/python3.12/site-packages/airflow/example_dags/example_branch_operator.py
[2026-04-02T16:33:52.699+0000] {logging_mixin.py:188} INFO - [2026-04-02T16:33:52.698+0000] {dag.py:3096} INFO - Sync 1 DAGs
[2026-04-02T16:33:52.709+0000] {logging_mixin.py:188} INFO - [2026-04-02T16:33:52.709+0000] {dag.py:3954} INFO - Setting next_dagrun for example_branch_operator to 2026-04-01 00:00:00+00:00, run_after=2026-04-02 00:00:00+00:00
[2026-04-02T16:33:52.719+0000] {processor.py:183} INFO - Processing /home/airflow/.local/lib/python3.12/site-packages/airflow/example_dags/example_branch_operator.py took 0.050 seconds
[2026-04-02T16:34:23.381+0000] {processor.py:161} INFO - Started process (PID=1627) to work on /home/airflow/.local/lib/python3.12/site-packages/airflow/example_dags/example_branch_operator.py
[2026-04-02T16:34:23.382+0000] {processor.py:830} INFO - Processing file /home/airflow/.local/lib/python3.12/site-packages/airflow/example_dags/example_branch_operator.py for tasks to queue
[2026-04-02T16:34:23.383+0000] {logging_mixin.py:188} INFO - [2026-04-02T16:34:23.383+0000] {dagbag.py:540} INFO - Filling up the DagBag from /home/airflow/.local/lib/python3.12/site-packages/airflow/example_dags/example_branch_operator.py
[2026-04-02T16:34:23.391+0000] {processor.py:840} INFO - DAG(s) 'example_branch_operator' retrieved from /home/airflow/.local/lib/python3.12/site-packages/airflow/example_dags/example_branch_operator.py
[2026-04-02T16:34:23.406+0000] {logging_mixin.py:188} INFO - [2026-04-02T16:34:23.406+0000] {dag.py:3096} INFO - Sync 1 DAGs
[2026-04-02T16:34:23.416+0000] {logging_mixin.py:188} INFO - [2026-04-02T16:34:23.416+0000] {dag.py:3954} INFO - Setting next_dagrun for example_branch_operator to 2026-04-01 00:00:00+00:00, run_after=2026-04-02 00:00:00+00:00
[2026-04-02T16:34:23.424+0000] {processor.py:183} INFO - Processing /home/airflow/.local/lib/python3.12/site-packages/airflow/example_dags/example_branch_operator.py took 0.046 seconds
[2026-04-02T16:34:54.018+0000] {processor.py:161} INFO - Started process (PID=1685) to work on /home/airflow/.local/lib/python3.12/site-packages/airflow/example_dags/example_branch_operator.py
[2026-04-02T16:34:54.019+0000] {processor.py:830} INFO - Processing file /home/airflow/.local/lib/python3.12/site-packages/airflow/example_dags/example_branch_operator.py for tasks to queue
[2026-04-02T16:34:54.020+0000] {logging_mixin.py:188} INFO - [2026-04-02T16:34:54.020+0000] {dagbag.py:540} INFO - Filling up the DagBag from /home/airflow/.local/lib/python3.12/site-packages/airflow/example_dags/example_branch_operator.py
[2026-04-02T16:34:54.028+0000] {processor.py:840} INFO - DAG(s) 'example_branch_operator' retrieved from /home/airflow/.local/lib/python3.12/site-packages/airflow/example_dags/example_branch_operator.py
[2026-04-02T16:34:54.046+0000] {logging_mixin.py:188} INFO - [2026-04-02T16:34:54.045+0000] {dag.py:3096} INFO - Sync 1 DAGs
[2026-04-02T16:34:54.057+0000] {logging_mixin.py:188} INFO - [2026-04-02T16:34:54.057+0000] {dag.py:3954} INFO - Setting next_dagrun for example_branch_operator to 2026-04-01 00:00:00+00:00, run_after=2026-04-02 00:00:00+00:00
[2026-04-02T16:34:54.071+0000] {processor.py:183} INFO - Processing /home/airflow/.local/lib/python3.12/site-packages/airflow/example_dags/example_branch_operator.py took 0.056 seconds
[2026-04-02T16:35:24.664+0000] {processor.py:161} INFO - Started process (PID=1743) to work on /home/airflow/.local/lib/python3.12/site-packages/airflow/example_dags/example_branch_operator.py
[2026-04-02T16:35:24.664+0000] {processor.py:830} INFO - Processing file /home/airflow/.local/lib/python3.12/site-packages/airflow/example_dags/example_branch_operator.py for tasks to queue
[2026-04-02T16:35:24.665+0000] {logging_mixin.py:188} INFO - [2026-04-02T16:35:24.665+0000] {dagbag.py:540} INFO - Filling up the DagBag from /home/airflow/.local/lib/python3.12/site-packages/airflow/example_dags/example_branch_operator.py
[2026-04-02T16:35:24.674+0000] {processor.py:840} INFO - DAG(s) 'example_branch_operator' retrieved from /home/airflow/.local/lib/python3.12/site-packages/airflow/example_dags/example_branch_operator.py
[2026-04-02T16:35:24.689+0000] {logging_mixin.py:188} INFO - [2026-04-02T16:35:24.689+0000] {dag.py:3096} INFO - Sync 1 DAGs
[2026-04-02T16:35:24.699+0000] {logging_mixin.py:188} INFO - [2026-04-02T16:35:24.699+0000] {dag.py:3954} INFO - Setting next_dagrun for example_branch_operator to 2026-04-01 00:00:00+00:00, run_after=2026-04-02 00:00:00+00:00
[2026-04-02T16:35:24.707+0000] {processor.py:183} INFO - Processing /home/airflow/.local/lib/python3.12/site-packages/airflow/example_dags/example_branch_operator.py took 0.046 seconds
[2026-04-02T16:35:55.308+0000] {processor.py:161} INFO - Started process (PID=1801) to work on /home/airflow/.local/lib/python3.12/site-packages/airflow/example_dags/example_branch_operator.py
[2026-04-02T16:35:55.310+0000] {processor.py:830} INFO - Processing file /home/airflow/.local/lib/python3.12/site-packages/airflow/example_dags/example_branch_operator.py for tasks to queue
[2026-04-02T16:35:55.311+0000] {logging_mixin.py:188} INFO - [2026-04-02T16:35:55.311+0000] {dagbag.py:540} INFO - Filling up the DagBag from /home/airflow/.local/lib/python3.12/site-packages/airflow/example_dags/example_branch_operator.py
[2026-04-02T16:35:55.319+0000] {processor.py:840} INFO - DAG(s) 'example_branch_operator' retrieved from /home/airflow/.local/lib/python3.12/site-packages/airflow/example_dags/example_branch_operator.py
[2026-04-02T16:35:55.334+0000] {logging_mixin.py:188} INFO - [2026-04-02T16:35:55.334+0000] {dag.py:3096} INFO - Sync 1 DAGs
[2026-04-02T16:35:55.344+0000] {logging_mixin.py:188} INFO - [2026-04-02T16:35:55.344+0000] {dag.py:3954} INFO - Setting next_dagrun for example_branch_operator to 2026-04-01 00:00:00+00:00, run_after=2026-04-02 00:00:00+00:00
[2026-04-02T16:35:55.356+0000] {processor.py:183} INFO - Processing /home/airflow/.local/lib/python3.12/site-packages/airflow/example_dags/example_branch_operator.py took 0.051 seconds
[2026-04-02T16:36:25.978+0000] {processor.py:161} INFO - Started process (PID=1859) to work on /home/airflow/.local/lib/python3.12/site-packages/airflow/example_dags/example_branch_operator.py
[2026-04-02T16:36:25.979+0000] {processor.py:830} INFO - Processing file /home/airflow/.local/lib/python3.12/site-packages/airflow/example_dags/example_branch_operator.py for tasks to queue
[2026-04-02T16:36:25.980+0000] {logging_mixin.py:188} INFO - [2026-04-02T16:36:25.980+0000] {dagbag.py:540} INFO - Filling up the DagBag from /home/airflow/.local/lib/python3.12/site-packages/airflow/example_dags/example_branch_operator.py
[2026-04-02T16:36:25.990+0000] {processor.py:840} INFO - DAG(s) 'example_branch_operator' retrieved from /home/airflow/.local/lib/python3.12/site-packages/airflow/example_dags/example_branch_operator.py
[2026-04-02T16:36:26.005+0000] {logging_mixin.py:188} INFO - [2026-04-02T16:36:26.005+0000] {dag.py:3096} INFO - Sync 1 DAGs
[2026-04-02T16:36:26.016+0000] {logging_mixin.py:188} INFO - [2026-04-02T16:36:26.015+0000] {dag.py:3954} INFO - Setting next_dagrun for example_branch_operator to 2026-04-01 00:00:00+00:00, run_after=2026-04-02 00:00:00+00:00
[2026-04-02T16:36:26.024+0000] {processor.py:183} INFO - Processing /home/airflow/.local/lib/python3.12/site-packages/airflow/example_dags/example_branch_operator.py took 0.050 seconds
[2026-04-02T16:36:57.481+0000] {processor.py:161} INFO - Started process (PID=1917) to work on /home/airflow/.local/lib/python3.12/site-packages/airflow/example_dags/example_branch_operator.py
[2026-04-02T16:36:57.482+0000] {processor.py:830} INFO - Processing file /home/airflow/.local/lib/python3.12/site-packages/airflow/example_dags/example_branch_operator.py for tasks to queue
[2026-04-02T16:36:57.484+0000] {logging_mixin.py:188} INFO - [2026-04-02T16:36:57.483+0000] {dagbag.py:540} INFO - Filling up the DagBag from /home/airflow/.local/lib/python3.12/site-packages/airflow/example_dags/example_branch_operator.py
[2026-04-02T16:36:57.494+0000] {processor.py:840} INFO - DAG(s) 'example_branch_operator' retrieved from /home/airflow/.local/lib/python3.12/site-packages/airflow/example_dags/example_branch_operator.py
[2026-04-02T16:36:57.510+0000] {logging_mixin.py:188} INFO - [2026-04-02T16:36:57.510+0000] {dag.py:3096} INFO - Sync 1 DAGs
[2026-04-02T16:36:57.522+0000] {logging_mixin.py:188} INFO - [2026-04-02T16:36:57.522+0000] {dag.py:3954} INFO - Setting next_dagrun for example_branch_operator to 2026-04-01 00:00:00+00:00, run_after=2026-04-02 00:00:00+00:00
[2026-04-02T16:36:57.531+0000] {processor.py:183} INFO - Processing /home/airflow/.local/lib/python3.12/site-packages/airflow/example_dags/example_branch_operator.py took 0.053 seconds
[2026-04-02T16:37:28.217+0000] {processor.py:161} INFO - Started process (PID=1975) to work on /home/airflow/.local/lib/python3.12/site-packages/airflow/example_dags/example_branch_operator.py
[2026-04-02T16:37:28.219+0000] {processor.py:830} INFO - Processing file /home/airflow/.local/lib/python3.12/site-packages/airflow/example_dags/example_branch_operator.py for tasks to queue
[2026-04-02T16:37:28.220+0000] {logging_mixin.py:188} INFO - [2026-04-02T16:37:28.220+0000] {dagbag.py:540} INFO - Filling up the DagBag from /home/airflow/.local/lib/python3.12/site-packages/airflow/example_dags/example_branch_operator.py
[2026-04-02T16:37:28.228+0000] {processor.py:840} INFO - DAG(s) 'example_branch_operator' retrieved from /home/airflow/.local/lib/python3.12/site-packages/airflow/example_dags/example_branch_operator.py
[2026-04-02T16:37:28.243+0000] {logging_mixin.py:188} INFO - [2026-04-02T16:37:28.243+0000] {dag.py:3096} INFO - Sync 1 DAGs
[2026-04-02T16:37:28.253+0000] {logging_mixin.py:188} INFO - [2026-04-02T16:37:28.253+0000] {dag.py:3954} INFO - Setting next_dagrun for example_branch_operator to 2026-04-01 00:00:00+00:00, run_after=2026-04-02 00:00:00+00:00
[2026-04-02T16:37:28.263+0000] {processor.py:183} INFO - Processing /home/airflow/.local/lib/python3.12/site-packages/airflow/example_dags/example_branch_operator.py took 0.048 seconds
[2026-04-02T16:37:58.761+0000] {processor.py:161} INFO - Started process (PID=2033) to work on /home/airflow/.local/lib/python3.12/site-packages/airflow/example_dags/example_branch_operator.py
[2026-04-02T16:37:58.762+0000] {processor.py:830} INFO - Processing file /home/airflow/.local/lib/python3.12/site-packages/airflow/example_dags/example_branch_operator.py for tasks to queue
[2026-04-02T16:37:58.763+0000] {logging_mixin.py:188} INFO - [2026-04-02T16:37:58.763+0000] {dagbag.py:540} INFO - Filling up the DagBag from /home/airflow/.local/lib/python3.12/site-packages/airflow/example_dags/example_branch_operator.py
[2026-04-02T16:37:58.772+0000] {processor.py:840} INFO - DAG(s) 'example_branch_operator' retrieved from /home/airflow/.local/lib/python3.12/site-packages/airflow/example_dags/example_branch_operator.py
[2026-04-02T16:37:58.788+0000] {logging_mixin.py:188} INFO - [2026-04-02T16:37:58.788+0000] {dag.py:3096} INFO - Sync 1 DAGs
[2026-04-02T16:37:58.799+0000] {logging_mixin.py:188} INFO - [2026-04-02T16:37:58.799+0000] {dag.py:3954} INFO - Setting next_dagrun for example_branch_operator to 2026-04-01 00:00:00+00:00, run_after=2026-04-02 00:00:00+00:00
[2026-04-02T16:37:58.809+0000] {processor.py:183} INFO - Processing /home/airflow/.local/lib/python3.12/site-packages/airflow/example_dags/example_branch_operator.py took 0.051 seconds
[2026-04-02T16:38:29.476+0000] {processor.py:161} INFO - Started process (PID=2091) to work on /home/airflow/.local/lib/python3.12/site-packages/airflow/example_dags/example_branch_operator.py
[2026-04-02T16:38:29.476+0000] {processor.py:830} INFO - Processing file /home/airflow/.local/lib/python3.12/site-packages/airflow/example_dags/example_branch_operator.py for tasks to queue
[2026-04-02T16:38:29.477+0000] {logging_mixin.py:188} INFO - [2026-04-02T16:38:29.477+0000] {dagbag.py:540} INFO - Filling up the DagBag from /home/airflow/.local/lib/python3.12/site-packages/airflow/example_dags/example_branch_operator.py
[2026-04-02T16:38:29.486+0000] {processor.py:840} INFO - DAG(s) 'example_branch_operator' retrieved from /home/airflow/.local/lib/python3.12/site-packages/airflow/example_dags/example_branch_operator.py
[2026-04-02T16:38:29.503+0000] {logging_mixin.py:188} INFO - [2026-04-02T16:38:29.503+0000] {dag.py:3096} INFO - Sync 1 DAGs
[2026-04-02T16:38:29.514+0000] {logging_mixin.py:188} INFO - [2026-04-02T16:38:29.514+0000] {dag.py:3954} INFO - Setting next_dagrun for example_branch_operator to 2026-04-01 00:00:00+00:00, run_after=2026-04-02 00:00:00+00:00
[2026-04-02T16:38:29.527+0000] {processor.py:183} INFO - Processing /home/airflow/.local/lib/python3.12/site-packages/airflow/example_dags/example_branch_operator.py took 0.055 seconds
[2026-04-02T16:39:00.221+0000] {processor.py:161} INFO - Started process (PID=2149) to work on /home/airflow/.local/lib/python3.12/site-packages/airflow/example_dags/example_branch_operator.py
[2026-04-02T16:39:00.221+0000] {processor.py:830} INFO - Processing file /home/airflow/.local/lib/python3.12/site-packages/airflow/example_dags/example_branch_operator.py for tasks to queue
[2026-04-02T16:39:00.223+0000] {logging_mixin.py:188} INFO - [2026-04-02T16:39:00.222+0000] {dagbag.py:540} INFO - Filling up the DagBag from /home/airflow/.local/lib/python3.12/site-packages/airflow/example_dags/example_branch_operator.py
[2026-04-02T16:39:00.231+0000] {processor.py:840} INFO - DAG(s) 'example_branch_operator' retrieved from /home/airflow/.local/lib/python3.12/site-packages/airflow/example_dags/example_branch_operator.py
[2026-04-02T16:39:00.245+0000] {logging_mixin.py:188} INFO - [2026-04-02T16:39:00.245+0000] {dag.py:3096} INFO - Sync 1 DAGs
[2026-04-02T16:39:00.256+0000] {logging_mixin.py:188} INFO - [2026-04-02T16:39:00.256+0000] {dag.py:3954} INFO - Setting next_dagrun for example_branch_operator to 2026-04-01 00:00:00+00:00, run_after=2026-04-02 00:00:00+00:00
[2026-04-02T16:39:00.267+0000] {processor.py:183} INFO - Processing /home/airflow/.local/lib/python3.12/site-packages/airflow/example_dags/example_branch_operator.py took 0.050 seconds
[2026-04-02T16:39:30.801+0000] {processor.py:161} INFO - Started process (PID=2207) to work on /home/airflow/.local/lib/python3.12/site-packages/airflow/example_dags/example_branch_operator.py
[2026-04-02T16:39:30.803+0000] {processor.py:830} INFO - Processing file /home/airflow/.local/lib/python3.12/site-packages/airflow/example_dags/example_branch_operator.py for tasks to queue
[2026-04-02T16:39:30.804+0000] {logging_mixin.py:188} INFO - [2026-04-02T16:39:30.804+0000] {dagbag.py:540} INFO - Filling up the DagBag from /home/airflow/.local/lib/python3.12/site-packages/airflow/example_dags/example_branch_operator.py
[2026-04-02T16:39:30.813+0000] {processor.py:840} INFO - DAG(s) 'example_branch_operator' retrieved from /home/airflow/.local/lib/python3.12/site-packages/airflow/example_dags/example_branch_operator.py
[2026-04-02T16:39:30.828+0000] {logging_mixin.py:188} INFO - [2026-04-02T16:39:30.828+0000] {dag.py:3096} INFO - Sync 1 DAGs
[2026-04-02T16:39:30.838+0000] {logging_mixin.py:188} INFO - [2026-04-02T16:39:30.838+0000] {dag.py:3954} INFO - Setting next_dagrun for example_branch_operator to 2026-04-01 00:00:00+00:00, run_after=2026-04-02 00:00:00+00:00
[2026-04-02T16:39:30.851+0000] {processor.py:183} INFO - Processing /home/airflow/.local/lib/python3.12/site-packages/airflow/example_dags/example_branch_operator.py took 0.053 seconds
[2026-04-02T16:40:01.412+0000] {processor.py:161} INFO - Started process (PID=2265) to work on /home/airflow/.local/lib/python3.12/site-packages/airflow/example_dags/example_branch_operator.py
[2026-04-02T16:40:01.413+0000] {processor.py:830} INFO - Processing file /home/airflow/.local/lib/python3.12/site-packages/airflow/example_dags/example_branch_operator.py for tasks to queue
[2026-04-02T16:40:01.414+0000] {logging_mixin.py:188} INFO - [2026-04-02T16:40:01.414+0000] {dagbag.py:540} INFO - Filling up the DagBag from /home/airflow/.local/lib/python3.12/site-packages/airflow/example_dags/example_branch_operator.py
[2026-04-02T16:40:01.422+0000] {processor.py:840} INFO - DAG(s) 'example_branch_operator' retrieved from /home/airflow/.local/lib/python3.12/site-packages/airflow/example_dags/example_branch_operator.py
[2026-04-02T16:40:01.437+0000] {logging_mixin.py:188} INFO - [2026-04-02T16:40:01.436+0000] {dag.py:3096} INFO - Sync 1 DAGs
[2026-04-02T16:40:01.446+0000] {logging_mixin.py:188} INFO - [2026-04-02T16:40:01.446+0000] {dag.py:3954} INFO - Setting next_dagrun for example_branch_operator to 2026-04-01 00:00:00+00:00, run_after=2026-04-02 00:00:00+00:00
[2026-04-02T16:40:01.455+0000] {processor.py:183} INFO - Processing /home/airflow/.local/lib/python3.12/site-packages/airflow/example_dags/example_branch_operator.py took 0.045 seconds
[2026-04-02T16:40:32.075+0000] {processor.py:161} INFO - Started process (PID=2323) to work on /home/airflow/.local/lib/python3.12/site-packages/airflow/example_dags/example_branch_operator.py
[2026-04-02T16:40:32.076+0000] {processor.py:830} INFO - Processing file /home/airflow/.local/lib/python3.12/site-packages/airflow/example_dags/example_branch_operator.py for tasks to queue
[2026-04-02T16:40:32.077+0000] {logging_mixin.py:188} INFO - [2026-04-02T16:40:32.076+0000] {dagbag.py:540} INFO - Filling up the DagBag from /home/airflow/.local/lib/python3.12/site-packages/airflow/example_dags/example_branch_operator.py
[2026-04-02T16:40:32.086+0000] {processor.py:840} INFO - DAG(s) 'example_branch_operator' retrieved from /home/airflow/.local/lib/python3.12/site-packages/airflow/example_dags/example_branch_operator.py
[2026-04-02T16:40:32.102+0000] {logging_mixin.py:188} INFO - [2026-04-02T16:40:32.102+0000] {dag.py:3096} INFO - Sync 1 DAGs
[2026-04-02T16:40:32.114+0000] {logging_mixin.py:188} INFO - [2026-04-02T16:40:32.114+0000] {dag.py:3954} INFO - Setting next_dagrun for example_branch_operator to 2026-04-01 00:00:00+00:00, run_after=2026-04-02 00:00:00+00:00
[2026-04-02T16:40:32.123+0000] {processor.py:183} INFO - Processing /home/airflow/.local/lib/python3.12/site-packages/airflow/example_dags/example_branch_operator.py took 0.051 seconds
[2026-04-02T16:41:02.919+0000] {processor.py:161} INFO - Started process (PID=2381) to work on /home/airflow/.local/lib/python3.12/site-packages/airflow/example_dags/example_branch_operator.py
[2026-04-02T16:41:02.922+0000] {processor.py:830} INFO - Processing file /home/airflow/.local/lib/python3.12/site-packages/airflow/example_dags/example_branch_operator.py for tasks to queue
[2026-04-02T16:41:02.923+0000] {logging_mixin.py:188} INFO - [2026-04-02T16:41:02.922+0000] {dagbag.py:540} INFO - Filling up the DagBag from /home/airflow/.local/lib/python3.12/site-packages/airflow/example_dags/example_branch_operator.py
[2026-04-02T16:41:02.933+0000] {processor.py:840} INFO - DAG(s) 'example_branch_operator' retrieved from /home/airflow/.local/lib/python3.12/site-packages/airflow/example_dags/example_branch_operator.py
[2026-04-02T16:41:02.951+0000] {logging_mixin.py:188} INFO - [2026-04-02T16:41:02.951+0000] {dag.py:3096} INFO - Sync 1 DAGs
[2026-04-02T16:41:02.965+0000] {logging_mixin.py:188} INFO - [2026-04-02T16:41:02.965+0000] {dag.py:3954} INFO - Setting next_dagrun for example_branch_operator to 2026-04-01 00:00:00+00:00, run_after=2026-04-02 00:00:00+00:00
[2026-04-02T16:41:02.977+0000] {processor.py:183} INFO - Processing /home/airflow/.local/lib/python3.12/site-packages/airflow/example_dags/example_branch_operator.py took 0.063 seconds
[2026-04-02T16:41:33.778+0000] {processor.py:161} INFO - Started process (PID=2439) to work on /home/airflow/.local/lib/python3.12/site-packages/airflow/example_dags/example_branch_operator.py
[2026-04-02T16:41:33.780+0000] {processor.py:830} INFO - Processing file /home/airflow/.local/lib/python3.12/site-packages/airflow/example_dags/example_branch_operator.py for tasks to queue
[2026-04-02T16:41:33.781+0000] {logging_mixin.py:188} INFO - [2026-04-02T16:41:33.781+0000] {dagbag.py:540} INFO - Filling up the DagBag from /home/airflow/.local/lib/python3.12/site-packages/airflow/example_dags/example_branch_operator.py
[2026-04-02T16:41:33.791+0000] {processor.py:840} INFO - DAG(s) 'example_branch_operator' retrieved from /home/airflow/.local/lib/python3.12/site-packages/airflow/example_dags/example_branch_operator.py
[2026-04-02T16:41:33.813+0000] {logging_mixin.py:188} INFO - [2026-04-02T16:41:33.813+0000] {dag.py:3096} INFO - Sync 1 DAGs
[2026-04-02T16:41:33.827+0000] {logging_mixin.py:188} INFO - [2026-04-02T16:41:33.827+0000] {dag.py:3954} INFO - Setting next_dagrun for example_branch_operator to 2026-04-01 00:00:00+00:00, run_after=2026-04-02 00:00:00+00:00
[2026-04-02T16:41:33.840+0000] {processor.py:183} INFO - Processing /home/airflow/.local/lib/python3.12/site-packages/airflow/example_dags/example_branch_operator.py took 0.066 seconds
[2026-04-02T16:42:04.728+0000] {processor.py:161} INFO - Started process (PID=2497) to work on /home/airflow/.local/lib/python3.12/site-packages/airflow/example_dags/example_branch_operator.py
[2026-04-02T16:42:04.728+0000] {processor.py:830} INFO - Processing file /home/airflow/.local/lib/python3.12/site-packages/airflow/example_dags/example_branch_operator.py for tasks to queue
[2026-04-02T16:42:04.729+0000] {logging_mixin.py:188} INFO - [2026-04-02T16:42:04.729+0000] {dagbag.py:540} INFO - Filling up the DagBag from /home/airflow/.local/lib/python3.12/site-packages/airflow/example_dags/example_branch_operator.py
[2026-04-02T16:42:04.738+0000] {processor.py:840} INFO - DAG(s) 'example_branch_operator' retrieved from /home/airflow/.local/lib/python3.12/site-packages/airflow/example_dags/example_branch_operator.py
[2026-04-02T16:42:04.754+0000] {logging_mixin.py:188} INFO - [2026-04-02T16:42:04.754+0000] {dag.py:3096} INFO - Sync 1 DAGs
[2026-04-02T16:42:04.766+0000] {logging_mixin.py:188} INFO - [2026-04-02T16:42:04.766+0000] {dag.py:3954} INFO - Setting next_dagrun for example_branch_operator to 2026-04-01 00:00:00+00:00, run_after=2026-04-02 00:00:00+00:00
[2026-04-02T16:42:04.774+0000] {processor.py:183} INFO - Processing /home/airflow/.local/lib/python3.12/site-packages/airflow/example_dags/example_branch_operator.py took 0.049 seconds
[2026-04-02T16:42:35.703+0000] {processor.py:161} INFO - Started process (PID=2555) to work on /home/airflow/.local/lib/python3.12/site-packages/airflow/example_dags/example_branch_operator.py
[2026-04-02T16:42:35.703+0000] {processor.py:830} INFO - Processing file /home/airflow/.local/lib/python3.12/site-packages/airflow/example_dags/example_branch_operator.py for tasks to queue
[2026-04-02T16:42:35.704+0000] {logging_mixin.py:188} INFO - [2026-04-02T16:42:35.704+0000] {dagbag.py:540} INFO - Filling up the DagBag from /home/airflow/.local/lib/python3.12/site-packages/airflow/example_dags/example_branch_operator.py
[2026-04-02T16:42:35.716+0000] {processor.py:840} INFO - DAG(s) 'example_branch_operator' retrieved from /home/airflow/.local/lib/python3.12/site-packages/airflow/example_dags/example_branch_operator.py
[2026-04-02T16:42:35.733+0000] {logging_mixin.py:188} INFO - [2026-04-02T16:42:35.733+0000] {dag.py:3096} INFO - Sync 1 DAGs
[2026-04-02T16:42:35.747+0000] {logging_mixin.py:188} INFO - [2026-04-02T16:42:35.747+0000] {dag.py:3954} INFO - Setting next_dagrun for example_branch_operator to 2026-04-01 00:00:00+00:00, run_after=2026-04-02 00:00:00+00:00
[2026-04-02T16:42:35.760+0000] {processor.py:183} INFO - Processing /home/airflow/.local/lib/python3.12/site-packages/airflow/example_dags/example_branch_operator.py took 0.061 seconds
[2026-04-02T16:43:06.631+0000] {processor.py:161} INFO - Started process (PID=2613) to work on /home/airflow/.local/lib/python3.12/site-packages/airflow/example_dags/example_branch_operator.py
[2026-04-02T16:43:06.632+0000] {processor.py:830} INFO - Processing file /home/airflow/.local/lib/python3.12/site-packages/airflow/example_dags/example_branch_operator.py for tasks to queue
[2026-04-02T16:43:06.633+0000] {logging_mixin.py:188} INFO - [2026-04-02T16:43:06.633+0000] {dagbag.py:540} INFO - Filling up the DagBag from /home/airflow/.local/lib/python3.12/site-packages/airflow/example_dags/example_branch_operator.py
[2026-04-02T16:43:06.641+0000] {processor.py:840} INFO - DAG(s) 'example_branch_operator' retrieved from /home/airflow/.local/lib/python3.12/site-packages/airflow/example_dags/example_branch_operator.py
[2026-04-02T16:43:06.664+0000] {logging_mixin.py:188} INFO - [2026-04-02T16:43:06.662+0000] {dag.py:3096} INFO - Sync 1 DAGs
[2026-04-02T16:43:06.677+0000] {logging_mixin.py:188} INFO - [2026-04-02T16:43:06.677+0000] {dag.py:3954} INFO - Setting next_dagrun for example_branch_operator to 2026-04-01 00:00:00+00:00, run_after=2026-04-02 00:00:00+00:00
[2026-04-02T16:43:06.693+0000] {processor.py:183} INFO - Processing /home/airflow/.local/lib/python3.12/site-packages/airflow/example_dags/example_branch_operator.py took 0.065 seconds
[2026-04-02T16:43:37.574+0000] {processor.py:161} INFO - Started process (PID=2677) to work on /home/airflow/.local/lib/python3.12/site-packages/airflow/example_dags/example_branch_operator.py
[2026-04-02T16:43:37.574+0000] {processor.py:830} INFO - Processing file /home/airflow/.local/lib/python3.12/site-packages/airflow/example_dags/example_branch_operator.py for tasks to queue
[2026-04-02T16:43:37.575+0000] {logging_mixin.py:188} INFO - [2026-04-02T16:43:37.575+0000] {dagbag.py:540} INFO - Filling up the DagBag from /home/airflow/.local/lib/python3.12/site-packages/airflow/example_dags/example_branch_operator.py
[2026-04-02T16:43:37.586+0000] {processor.py:840} INFO - DAG(s) 'example_branch_operator' retrieved from /home/airflow/.local/lib/python3.12/site-packages/airflow/example_dags/example_branch_operator.py
[2026-04-02T16:43:37.607+0000] {logging_mixin.py:188} INFO - [2026-04-02T16:43:37.606+0000] {dag.py:3096} INFO - Sync 1 DAGs
[2026-04-02T16:43:37.618+0000] {logging_mixin.py:188} INFO - [2026-04-02T16:43:37.618+0000] {dag.py:3954} INFO - Setting next_dagrun for example_branch_operator to 2026-04-01 00:00:00+00:00, run_after=2026-04-02 00:00:00+00:00
[2026-04-02T16:43:37.631+0000] {processor.py:183} INFO - Processing /home/airflow/.local/lib/python3.12/site-packages/airflow/example_dags/example_branch_operator.py took 0.061 seconds
