[2026-04-02T16:20:34.451+0000] {processor.py:161} INFO - Started process (PID=42) to work on /home/airflow/.local/lib/python3.12/site-packages/airflow/example_dags/example_complex.py
[2026-04-02T16:20:34.451+0000] {processor.py:830} INFO - Processing file /home/airflow/.local/lib/python3.12/site-packages/airflow/example_dags/example_complex.py for tasks to queue
[2026-04-02T16:20:34.453+0000] {logging_mixin.py:188} INFO - [2026-04-02T16:20:34.452+0000] {dagbag.py:540} INFO - Filling up the DagBag from /home/airflow/.local/lib/python3.12/site-packages/airflow/example_dags/example_complex.py
[2026-04-02T16:20:34.460+0000] {processor.py:840} INFO - DAG(s) 'example_complex' retrieved from /home/airflow/.local/lib/python3.12/site-packages/airflow/example_dags/example_complex.py
[2026-04-02T16:20:34.468+0000] {logging_mixin.py:188} INFO - [2026-04-02T16:20:34.468+0000] {dag.py:3096} INFO - Sync 1 DAGs
[2026-04-02T16:20:34.475+0000] {logging_mixin.py:188} INFO - [2026-04-02T16:20:34.475+0000] {dag.py:3954} INFO - Setting next_dagrun for example_complex to None, run_after=None
[2026-04-02T16:20:34.485+0000] {processor.py:183} INFO - Processing /home/airflow/.local/lib/python3.12/site-packages/airflow/example_dags/example_complex.py took 0.037 seconds
[2026-04-02T16:21:05.154+0000] {processor.py:161} INFO - Started process (PID=107) to work on /home/airflow/.local/lib/python3.12/site-packages/airflow/example_dags/example_complex.py
[2026-04-02T16:21:05.155+0000] {processor.py:830} INFO - Processing file /home/airflow/.local/lib/python3.12/site-packages/airflow/example_dags/example_complex.py for tasks to queue
[2026-04-02T16:21:05.156+0000] {logging_mixin.py:188} INFO - [2026-04-02T16:21:05.156+0000] {dagbag.py:540} INFO - Filling up the DagBag from /home/airflow/.local/lib/python3.12/site-packages/airflow/example_dags/example_complex.py
[2026-04-02T16:21:05.162+0000] {processor.py:840} INFO - DAG(s) 'example_complex' retrieved from /home/airflow/.local/lib/python3.12/site-packages/airflow/example_dags/example_complex.py
[2026-04-02T16:21:05.223+0000] {logging_mixin.py:188} INFO - [2026-04-02T16:21:05.223+0000] {dag.py:3096} INFO - Sync 1 DAGs
[2026-04-02T16:21:05.229+0000] {logging_mixin.py:188} INFO - [2026-04-02T16:21:05.229+0000] {dag.py:3954} INFO - Setting next_dagrun for example_complex to None, run_after=None
[2026-04-02T16:21:05.239+0000] {processor.py:183} INFO - Processing /home/airflow/.local/lib/python3.12/site-packages/airflow/example_dags/example_complex.py took 0.088 seconds
[2026-04-02T16:21:36.214+0000] {processor.py:161} INFO - Started process (PID=165) to work on /home/airflow/.local/lib/python3.12/site-packages/airflow/example_dags/example_complex.py
[2026-04-02T16:21:36.215+0000] {processor.py:830} INFO - Processing file /home/airflow/.local/lib/python3.12/site-packages/airflow/example_dags/example_complex.py for tasks to queue
[2026-04-02T16:21:36.216+0000] {logging_mixin.py:188} INFO - [2026-04-02T16:21:36.216+0000] {dagbag.py:540} INFO - Filling up the DagBag from /home/airflow/.local/lib/python3.12/site-packages/airflow/example_dags/example_complex.py
[2026-04-02T16:21:36.224+0000] {processor.py:840} INFO - DAG(s) 'example_complex' retrieved from /home/airflow/.local/lib/python3.12/site-packages/airflow/example_dags/example_complex.py
[2026-04-02T16:21:36.242+0000] {logging_mixin.py:188} INFO - [2026-04-02T16:21:36.242+0000] {dag.py:3096} INFO - Sync 1 DAGs
[2026-04-02T16:21:36.249+0000] {logging_mixin.py:188} INFO - [2026-04-02T16:21:36.249+0000] {dag.py:3954} INFO - Setting next_dagrun for example_complex to None, run_after=None
[2026-04-02T16:21:36.258+0000] {processor.py:183} INFO - Processing /home/airflow/.local/lib/python3.12/site-packages/airflow/example_dags/example_complex.py took 0.050 seconds
[2026-04-02T16:22:07.014+0000] {processor.py:161} INFO - Started process (PID=223) to work on /home/airflow/.local/lib/python3.12/site-packages/airflow/example_dags/example_complex.py
[2026-04-02T16:22:07.015+0000] {processor.py:830} INFO - Processing file /home/airflow/.local/lib/python3.12/site-packages/airflow/example_dags/example_complex.py for tasks to queue
[2026-04-02T16:22:07.017+0000] {logging_mixin.py:188} INFO - [2026-04-02T16:22:07.017+0000] {dagbag.py:540} INFO - Filling up the DagBag from /home/airflow/.local/lib/python3.12/site-packages/airflow/example_dags/example_complex.py
[2026-04-02T16:22:07.023+0000] {processor.py:840} INFO - DAG(s) 'example_complex' retrieved from /home/airflow/.local/lib/python3.12/site-packages/airflow/example_dags/example_complex.py
[2026-04-02T16:22:07.042+0000] {logging_mixin.py:188} INFO - [2026-04-02T16:22:07.042+0000] {dag.py:3096} INFO - Sync 1 DAGs
[2026-04-02T16:22:07.047+0000] {logging_mixin.py:188} INFO - [2026-04-02T16:22:07.047+0000] {dag.py:3954} INFO - Setting next_dagrun for example_complex to None, run_after=None
[2026-04-02T16:22:07.056+0000] {processor.py:183} INFO - Processing /home/airflow/.local/lib/python3.12/site-packages/airflow/example_dags/example_complex.py took 0.046 seconds
[2026-04-02T16:22:37.828+0000] {processor.py:161} INFO - Started process (PID=281) to work on /home/airflow/.local/lib/python3.12/site-packages/airflow/example_dags/example_complex.py
[2026-04-02T16:22:37.830+0000] {processor.py:830} INFO - Processing file /home/airflow/.local/lib/python3.12/site-packages/airflow/example_dags/example_complex.py for tasks to queue
[2026-04-02T16:22:37.832+0000] {logging_mixin.py:188} INFO - [2026-04-02T16:22:37.831+0000] {dagbag.py:540} INFO - Filling up the DagBag from /home/airflow/.local/lib/python3.12/site-packages/airflow/example_dags/example_complex.py
[2026-04-02T16:22:37.841+0000] {processor.py:840} INFO - DAG(s) 'example_complex' retrieved from /home/airflow/.local/lib/python3.12/site-packages/airflow/example_dags/example_complex.py
[2026-04-02T16:22:37.860+0000] {logging_mixin.py:188} INFO - [2026-04-02T16:22:37.860+0000] {dag.py:3096} INFO - Sync 1 DAGs
[2026-04-02T16:22:37.867+0000] {logging_mixin.py:188} INFO - [2026-04-02T16:22:37.867+0000] {dag.py:3954} INFO - Setting next_dagrun for example_complex to None, run_after=None
[2026-04-02T16:22:37.877+0000] {processor.py:183} INFO - Processing /home/airflow/.local/lib/python3.12/site-packages/airflow/example_dags/example_complex.py took 0.055 seconds
[2026-04-02T16:23:08.480+0000] {processor.py:161} INFO - Started process (PID=339) to work on /home/airflow/.local/lib/python3.12/site-packages/airflow/example_dags/example_complex.py
[2026-04-02T16:23:08.481+0000] {processor.py:830} INFO - Processing file /home/airflow/.local/lib/python3.12/site-packages/airflow/example_dags/example_complex.py for tasks to queue
[2026-04-02T16:23:08.482+0000] {logging_mixin.py:188} INFO - [2026-04-02T16:23:08.482+0000] {dagbag.py:540} INFO - Filling up the DagBag from /home/airflow/.local/lib/python3.12/site-packages/airflow/example_dags/example_complex.py
[2026-04-02T16:23:08.487+0000] {processor.py:840} INFO - DAG(s) 'example_complex' retrieved from /home/airflow/.local/lib/python3.12/site-packages/airflow/example_dags/example_complex.py
[2026-04-02T16:23:08.507+0000] {logging_mixin.py:188} INFO - [2026-04-02T16:23:08.507+0000] {dag.py:3096} INFO - Sync 1 DAGs
[2026-04-02T16:23:08.514+0000] {logging_mixin.py:188} INFO - [2026-04-02T16:23:08.514+0000] {dag.py:3954} INFO - Setting next_dagrun for example_complex to None, run_after=None
[2026-04-02T16:23:08.523+0000] {processor.py:183} INFO - Processing /home/airflow/.local/lib/python3.12/site-packages/airflow/example_dags/example_complex.py took 0.047 seconds
[2026-04-02T16:23:39.094+0000] {processor.py:161} INFO - Started process (PID=397) to work on /home/airflow/.local/lib/python3.12/site-packages/airflow/example_dags/example_complex.py
[2026-04-02T16:23:39.096+0000] {processor.py:830} INFO - Processing file /home/airflow/.local/lib/python3.12/site-packages/airflow/example_dags/example_complex.py for tasks to queue
[2026-04-02T16:23:39.097+0000] {logging_mixin.py:188} INFO - [2026-04-02T16:23:39.097+0000] {dagbag.py:540} INFO - Filling up the DagBag from /home/airflow/.local/lib/python3.12/site-packages/airflow/example_dags/example_complex.py
[2026-04-02T16:23:39.103+0000] {processor.py:840} INFO - DAG(s) 'example_complex' retrieved from /home/airflow/.local/lib/python3.12/site-packages/airflow/example_dags/example_complex.py
[2026-04-02T16:23:39.122+0000] {logging_mixin.py:188} INFO - [2026-04-02T16:23:39.122+0000] {dag.py:3096} INFO - Sync 1 DAGs
[2026-04-02T16:23:39.128+0000] {logging_mixin.py:188} INFO - [2026-04-02T16:23:39.128+0000] {dag.py:3954} INFO - Setting next_dagrun for example_complex to None, run_after=None
[2026-04-02T16:23:39.140+0000] {processor.py:183} INFO - Processing /home/airflow/.local/lib/python3.12/site-packages/airflow/example_dags/example_complex.py took 0.049 seconds
[2026-04-02T16:24:09.836+0000] {processor.py:161} INFO - Started process (PID=455) to work on /home/airflow/.local/lib/python3.12/site-packages/airflow/example_dags/example_complex.py
[2026-04-02T16:24:09.837+0000] {processor.py:830} INFO - Processing file /home/airflow/.local/lib/python3.12/site-packages/airflow/example_dags/example_complex.py for tasks to queue
[2026-04-02T16:24:09.838+0000] {logging_mixin.py:188} INFO - [2026-04-02T16:24:09.838+0000] {dagbag.py:540} INFO - Filling up the DagBag from /home/airflow/.local/lib/python3.12/site-packages/airflow/example_dags/example_complex.py
[2026-04-02T16:24:09.843+0000] {processor.py:840} INFO - DAG(s) 'example_complex' retrieved from /home/airflow/.local/lib/python3.12/site-packages/airflow/example_dags/example_complex.py
[2026-04-02T16:24:09.851+0000] {logging_mixin.py:188} INFO - [2026-04-02T16:24:09.851+0000] {dag.py:3096} INFO - Sync 1 DAGs
[2026-04-02T16:24:09.860+0000] {logging_mixin.py:188} INFO - [2026-04-02T16:24:09.859+0000] {dag.py:3954} INFO - Setting next_dagrun for example_complex to None, run_after=None
[2026-04-02T16:24:09.870+0000] {processor.py:183} INFO - Processing /home/airflow/.local/lib/python3.12/site-packages/airflow/example_dags/example_complex.py took 0.037 seconds
[2026-04-02T16:24:40.346+0000] {processor.py:161} INFO - Started process (PID=513) to work on /home/airflow/.local/lib/python3.12/site-packages/airflow/example_dags/example_complex.py
[2026-04-02T16:24:40.348+0000] {processor.py:830} INFO - Processing file /home/airflow/.local/lib/python3.12/site-packages/airflow/example_dags/example_complex.py for tasks to queue
[2026-04-02T16:24:40.350+0000] {logging_mixin.py:188} INFO - [2026-04-02T16:24:40.349+0000] {dagbag.py:540} INFO - Filling up the DagBag from /home/airflow/.local/lib/python3.12/site-packages/airflow/example_dags/example_complex.py
[2026-04-02T16:24:40.357+0000] {processor.py:840} INFO - DAG(s) 'example_complex' retrieved from /home/airflow/.local/lib/python3.12/site-packages/airflow/example_dags/example_complex.py
[2026-04-02T16:24:40.366+0000] {logging_mixin.py:188} INFO - [2026-04-02T16:24:40.366+0000] {dag.py:3096} INFO - Sync 1 DAGs
[2026-04-02T16:24:40.373+0000] {logging_mixin.py:188} INFO - [2026-04-02T16:24:40.373+0000] {dag.py:3954} INFO - Setting next_dagrun for example_complex to None, run_after=None
[2026-04-02T16:24:40.383+0000] {processor.py:183} INFO - Processing /home/airflow/.local/lib/python3.12/site-packages/airflow/example_dags/example_complex.py took 0.043 seconds
[2026-04-02T16:25:10.813+0000] {processor.py:161} INFO - Started process (PID=571) to work on /home/airflow/.local/lib/python3.12/site-packages/airflow/example_dags/example_complex.py
[2026-04-02T16:25:10.814+0000] {processor.py:830} INFO - Processing file /home/airflow/.local/lib/python3.12/site-packages/airflow/example_dags/example_complex.py for tasks to queue
[2026-04-02T16:25:10.815+0000] {logging_mixin.py:188} INFO - [2026-04-02T16:25:10.815+0000] {dagbag.py:540} INFO - Filling up the DagBag from /home/airflow/.local/lib/python3.12/site-packages/airflow/example_dags/example_complex.py
[2026-04-02T16:25:10.823+0000] {processor.py:840} INFO - DAG(s) 'example_complex' retrieved from /home/airflow/.local/lib/python3.12/site-packages/airflow/example_dags/example_complex.py
[2026-04-02T16:25:10.881+0000] {logging_mixin.py:188} INFO - [2026-04-02T16:25:10.881+0000] {dag.py:3096} INFO - Sync 1 DAGs
[2026-04-02T16:25:10.889+0000] {logging_mixin.py:188} INFO - [2026-04-02T16:25:10.889+0000] {dag.py:3954} INFO - Setting next_dagrun for example_complex to None, run_after=None
[2026-04-02T16:25:10.898+0000] {processor.py:183} INFO - Processing /home/airflow/.local/lib/python3.12/site-packages/airflow/example_dags/example_complex.py took 0.090 seconds
[2026-04-02T16:25:41.403+0000] {processor.py:161} INFO - Started process (PID=629) to work on /home/airflow/.local/lib/python3.12/site-packages/airflow/example_dags/example_complex.py
[2026-04-02T16:25:41.404+0000] {processor.py:830} INFO - Processing file /home/airflow/.local/lib/python3.12/site-packages/airflow/example_dags/example_complex.py for tasks to queue
[2026-04-02T16:25:41.406+0000] {logging_mixin.py:188} INFO - [2026-04-02T16:25:41.405+0000] {dagbag.py:540} INFO - Filling up the DagBag from /home/airflow/.local/lib/python3.12/site-packages/airflow/example_dags/example_complex.py
[2026-04-02T16:25:41.415+0000] {processor.py:840} INFO - DAG(s) 'example_complex' retrieved from /home/airflow/.local/lib/python3.12/site-packages/airflow/example_dags/example_complex.py
[2026-04-02T16:25:41.434+0000] {logging_mixin.py:188} INFO - [2026-04-02T16:25:41.434+0000] {dag.py:3096} INFO - Sync 1 DAGs
[2026-04-02T16:25:41.442+0000] {logging_mixin.py:188} INFO - [2026-04-02T16:25:41.442+0000] {dag.py:3954} INFO - Setting next_dagrun for example_complex to None, run_after=None
[2026-04-02T16:25:41.456+0000] {processor.py:183} INFO - Processing /home/airflow/.local/lib/python3.12/site-packages/airflow/example_dags/example_complex.py took 0.058 seconds
[2026-04-02T16:26:11.506+0000] {processor.py:161} INFO - Started process (PID=687) to work on /home/airflow/.local/lib/python3.12/site-packages/airflow/example_dags/example_complex.py
[2026-04-02T16:26:11.507+0000] {processor.py:830} INFO - Processing file /home/airflow/.local/lib/python3.12/site-packages/airflow/example_dags/example_complex.py for tasks to queue
[2026-04-02T16:26:11.509+0000] {logging_mixin.py:188} INFO - [2026-04-02T16:26:11.508+0000] {dagbag.py:540} INFO - Filling up the DagBag from /home/airflow/.local/lib/python3.12/site-packages/airflow/example_dags/example_complex.py
[2026-04-02T16:26:11.517+0000] {processor.py:840} INFO - DAG(s) 'example_complex' retrieved from /home/airflow/.local/lib/python3.12/site-packages/airflow/example_dags/example_complex.py
[2026-04-02T16:26:11.538+0000] {logging_mixin.py:188} INFO - [2026-04-02T16:26:11.538+0000] {dag.py:3096} INFO - Sync 1 DAGs
[2026-04-02T16:26:11.550+0000] {logging_mixin.py:188} INFO - [2026-04-02T16:26:11.550+0000] {dag.py:3954} INFO - Setting next_dagrun for example_complex to None, run_after=None
[2026-04-02T16:26:11.562+0000] {processor.py:183} INFO - Processing /home/airflow/.local/lib/python3.12/site-packages/airflow/example_dags/example_complex.py took 0.062 seconds
[2026-04-02T16:26:41.782+0000] {processor.py:161} INFO - Started process (PID=745) to work on /home/airflow/.local/lib/python3.12/site-packages/airflow/example_dags/example_complex.py
[2026-04-02T16:26:41.784+0000] {processor.py:830} INFO - Processing file /home/airflow/.local/lib/python3.12/site-packages/airflow/example_dags/example_complex.py for tasks to queue
[2026-04-02T16:26:41.785+0000] {logging_mixin.py:188} INFO - [2026-04-02T16:26:41.785+0000] {dagbag.py:540} INFO - Filling up the DagBag from /home/airflow/.local/lib/python3.12/site-packages/airflow/example_dags/example_complex.py
[2026-04-02T16:26:41.796+0000] {processor.py:840} INFO - DAG(s) 'example_complex' retrieved from /home/airflow/.local/lib/python3.12/site-packages/airflow/example_dags/example_complex.py
[2026-04-02T16:26:41.818+0000] {logging_mixin.py:188} INFO - [2026-04-02T16:26:41.818+0000] {dag.py:3096} INFO - Sync 1 DAGs
[2026-04-02T16:26:41.826+0000] {logging_mixin.py:188} INFO - [2026-04-02T16:26:41.826+0000] {dag.py:3954} INFO - Setting next_dagrun for example_complex to None, run_after=None
[2026-04-02T16:26:41.838+0000] {processor.py:183} INFO - Processing /home/airflow/.local/lib/python3.12/site-packages/airflow/example_dags/example_complex.py took 0.062 seconds
[2026-04-02T16:27:12.030+0000] {processor.py:161} INFO - Started process (PID=803) to work on /home/airflow/.local/lib/python3.12/site-packages/airflow/example_dags/example_complex.py
[2026-04-02T16:27:12.030+0000] {processor.py:830} INFO - Processing file /home/airflow/.local/lib/python3.12/site-packages/airflow/example_dags/example_complex.py for tasks to queue
[2026-04-02T16:27:12.032+0000] {logging_mixin.py:188} INFO - [2026-04-02T16:27:12.031+0000] {dagbag.py:540} INFO - Filling up the DagBag from /home/airflow/.local/lib/python3.12/site-packages/airflow/example_dags/example_complex.py
[2026-04-02T16:27:12.042+0000] {processor.py:840} INFO - DAG(s) 'example_complex' retrieved from /home/airflow/.local/lib/python3.12/site-packages/airflow/example_dags/example_complex.py
[2026-04-02T16:27:12.068+0000] {logging_mixin.py:188} INFO - [2026-04-02T16:27:12.068+0000] {dag.py:3096} INFO - Sync 1 DAGs
[2026-04-02T16:27:12.075+0000] {logging_mixin.py:188} INFO - [2026-04-02T16:27:12.075+0000] {dag.py:3954} INFO - Setting next_dagrun for example_complex to None, run_after=None
[2026-04-02T16:27:12.091+0000] {processor.py:183} INFO - Processing /home/airflow/.local/lib/python3.12/site-packages/airflow/example_dags/example_complex.py took 0.065 seconds
[2026-04-02T16:27:42.560+0000] {processor.py:161} INFO - Started process (PID=861) to work on /home/airflow/.local/lib/python3.12/site-packages/airflow/example_dags/example_complex.py
[2026-04-02T16:27:42.562+0000] {processor.py:830} INFO - Processing file /home/airflow/.local/lib/python3.12/site-packages/airflow/example_dags/example_complex.py for tasks to queue
[2026-04-02T16:27:42.564+0000] {logging_mixin.py:188} INFO - [2026-04-02T16:27:42.564+0000] {dagbag.py:540} INFO - Filling up the DagBag from /home/airflow/.local/lib/python3.12/site-packages/airflow/example_dags/example_complex.py
[2026-04-02T16:27:42.573+0000] {processor.py:840} INFO - DAG(s) 'example_complex' retrieved from /home/airflow/.local/lib/python3.12/site-packages/airflow/example_dags/example_complex.py
[2026-04-02T16:27:42.583+0000] {logging_mixin.py:188} INFO - [2026-04-02T16:27:42.583+0000] {dag.py:3096} INFO - Sync 1 DAGs
[2026-04-02T16:27:42.592+0000] {logging_mixin.py:188} INFO - [2026-04-02T16:27:42.592+0000] {dag.py:3954} INFO - Setting next_dagrun for example_complex to None, run_after=None
[2026-04-02T16:27:42.606+0000] {processor.py:183} INFO - Processing /home/airflow/.local/lib/python3.12/site-packages/airflow/example_dags/example_complex.py took 0.050 seconds
[2026-04-02T16:28:13.326+0000] {processor.py:161} INFO - Started process (PID=919) to work on /home/airflow/.local/lib/python3.12/site-packages/airflow/example_dags/example_complex.py
[2026-04-02T16:28:13.327+0000] {processor.py:830} INFO - Processing file /home/airflow/.local/lib/python3.12/site-packages/airflow/example_dags/example_complex.py for tasks to queue
[2026-04-02T16:28:13.328+0000] {logging_mixin.py:188} INFO - [2026-04-02T16:28:13.327+0000] {dagbag.py:540} INFO - Filling up the DagBag from /home/airflow/.local/lib/python3.12/site-packages/airflow/example_dags/example_complex.py
[2026-04-02T16:28:13.335+0000] {processor.py:840} INFO - DAG(s) 'example_complex' retrieved from /home/airflow/.local/lib/python3.12/site-packages/airflow/example_dags/example_complex.py
[2026-04-02T16:28:13.348+0000] {logging_mixin.py:188} INFO - [2026-04-02T16:28:13.348+0000] {dag.py:3096} INFO - Sync 1 DAGs
[2026-04-02T16:28:13.361+0000] {logging_mixin.py:188} INFO - [2026-04-02T16:28:13.360+0000] {dag.py:3954} INFO - Setting next_dagrun for example_complex to None, run_after=None
[2026-04-02T16:28:13.375+0000] {processor.py:183} INFO - Processing /home/airflow/.local/lib/python3.12/site-packages/airflow/example_dags/example_complex.py took 0.052 seconds
[2026-04-02T16:28:44.332+0000] {processor.py:161} INFO - Started process (PID=977) to work on /home/airflow/.local/lib/python3.12/site-packages/airflow/example_dags/example_complex.py
[2026-04-02T16:28:44.332+0000] {processor.py:830} INFO - Processing file /home/airflow/.local/lib/python3.12/site-packages/airflow/example_dags/example_complex.py for tasks to queue
[2026-04-02T16:28:44.334+0000] {logging_mixin.py:188} INFO - [2026-04-02T16:28:44.334+0000] {dagbag.py:540} INFO - Filling up the DagBag from /home/airflow/.local/lib/python3.12/site-packages/airflow/example_dags/example_complex.py
[2026-04-02T16:28:44.339+0000] {processor.py:840} INFO - DAG(s) 'example_complex' retrieved from /home/airflow/.local/lib/python3.12/site-packages/airflow/example_dags/example_complex.py
[2026-04-02T16:28:44.406+0000] {logging_mixin.py:188} INFO - [2026-04-02T16:28:44.406+0000] {dag.py:3096} INFO - Sync 1 DAGs
[2026-04-02T16:28:44.517+0000] {logging_mixin.py:188} INFO - [2026-04-02T16:28:44.516+0000] {dag.py:3954} INFO - Setting next_dagrun for example_complex to None, run_after=None
[2026-04-02T16:28:44.531+0000] {processor.py:183} INFO - Processing /home/airflow/.local/lib/python3.12/site-packages/airflow/example_dags/example_complex.py took 0.203 seconds
[2026-04-02T16:29:14.636+0000] {processor.py:161} INFO - Started process (PID=1035) to work on /home/airflow/.local/lib/python3.12/site-packages/airflow/example_dags/example_complex.py
[2026-04-02T16:29:14.637+0000] {processor.py:830} INFO - Processing file /home/airflow/.local/lib/python3.12/site-packages/airflow/example_dags/example_complex.py for tasks to queue
[2026-04-02T16:29:14.638+0000] {logging_mixin.py:188} INFO - [2026-04-02T16:29:14.638+0000] {dagbag.py:540} INFO - Filling up the DagBag from /home/airflow/.local/lib/python3.12/site-packages/airflow/example_dags/example_complex.py
[2026-04-02T16:29:14.651+0000] {processor.py:840} INFO - DAG(s) 'example_complex' retrieved from /home/airflow/.local/lib/python3.12/site-packages/airflow/example_dags/example_complex.py
[2026-04-02T16:29:14.673+0000] {logging_mixin.py:188} INFO - [2026-04-02T16:29:14.672+0000] {dag.py:3096} INFO - Sync 1 DAGs
[2026-04-02T16:29:14.680+0000] {logging_mixin.py:188} INFO - [2026-04-02T16:29:14.680+0000] {dag.py:3954} INFO - Setting next_dagrun for example_complex to None, run_after=None
[2026-04-02T16:29:14.789+0000] {processor.py:183} INFO - Processing /home/airflow/.local/lib/python3.12/site-packages/airflow/example_dags/example_complex.py took 0.161 seconds
[2026-04-02T16:29:44.830+0000] {processor.py:161} INFO - Started process (PID=1093) to work on /home/airflow/.local/lib/python3.12/site-packages/airflow/example_dags/example_complex.py
[2026-04-02T16:29:44.831+0000] {processor.py:830} INFO - Processing file /home/airflow/.local/lib/python3.12/site-packages/airflow/example_dags/example_complex.py for tasks to queue
[2026-04-02T16:29:44.832+0000] {logging_mixin.py:188} INFO - [2026-04-02T16:29:44.832+0000] {dagbag.py:540} INFO - Filling up the DagBag from /home/airflow/.local/lib/python3.12/site-packages/airflow/example_dags/example_complex.py
[2026-04-02T16:29:44.841+0000] {processor.py:840} INFO - DAG(s) 'example_complex' retrieved from /home/airflow/.local/lib/python3.12/site-packages/airflow/example_dags/example_complex.py
[2026-04-02T16:29:44.864+0000] {logging_mixin.py:188} INFO - [2026-04-02T16:29:44.864+0000] {dag.py:3096} INFO - Sync 1 DAGs
[2026-04-02T16:29:44.870+0000] {logging_mixin.py:188} INFO - [2026-04-02T16:29:44.870+0000] {dag.py:3954} INFO - Setting next_dagrun for example_complex to None, run_after=None
[2026-04-02T16:29:44.886+0000] {processor.py:183} INFO - Processing /home/airflow/.local/lib/python3.12/site-packages/airflow/example_dags/example_complex.py took 0.061 seconds
[2026-04-02T16:30:15.044+0000] {processor.py:161} INFO - Started process (PID=1151) to work on /home/airflow/.local/lib/python3.12/site-packages/airflow/example_dags/example_complex.py
[2026-04-02T16:30:15.045+0000] {processor.py:830} INFO - Processing file /home/airflow/.local/lib/python3.12/site-packages/airflow/example_dags/example_complex.py for tasks to queue
[2026-04-02T16:30:15.046+0000] {logging_mixin.py:188} INFO - [2026-04-02T16:30:15.046+0000] {dagbag.py:540} INFO - Filling up the DagBag from /home/airflow/.local/lib/python3.12/site-packages/airflow/example_dags/example_complex.py
[2026-04-02T16:30:15.056+0000] {processor.py:840} INFO - DAG(s) 'example_complex' retrieved from /home/airflow/.local/lib/python3.12/site-packages/airflow/example_dags/example_complex.py
[2026-04-02T16:30:15.080+0000] {logging_mixin.py:188} INFO - [2026-04-02T16:30:15.080+0000] {dag.py:3096} INFO - Sync 1 DAGs
[2026-04-02T16:30:15.091+0000] {logging_mixin.py:188} INFO - [2026-04-02T16:30:15.091+0000] {dag.py:3954} INFO - Setting next_dagrun for example_complex to None, run_after=None
[2026-04-02T16:30:15.104+0000] {processor.py:183} INFO - Processing /home/airflow/.local/lib/python3.12/site-packages/airflow/example_dags/example_complex.py took 0.066 seconds
[2026-04-02T16:30:45.493+0000] {processor.py:161} INFO - Started process (PID=1209) to work on /home/airflow/.local/lib/python3.12/site-packages/airflow/example_dags/example_complex.py
[2026-04-02T16:30:45.495+0000] {processor.py:830} INFO - Processing file /home/airflow/.local/lib/python3.12/site-packages/airflow/example_dags/example_complex.py for tasks to queue
[2026-04-02T16:30:45.496+0000] {logging_mixin.py:188} INFO - [2026-04-02T16:30:45.496+0000] {dagbag.py:540} INFO - Filling up the DagBag from /home/airflow/.local/lib/python3.12/site-packages/airflow/example_dags/example_complex.py
[2026-04-02T16:30:45.503+0000] {processor.py:840} INFO - DAG(s) 'example_complex' retrieved from /home/airflow/.local/lib/python3.12/site-packages/airflow/example_dags/example_complex.py
[2026-04-02T16:30:45.524+0000] {logging_mixin.py:188} INFO - [2026-04-02T16:30:45.524+0000] {dag.py:3096} INFO - Sync 1 DAGs
[2026-04-02T16:30:45.531+0000] {logging_mixin.py:188} INFO - [2026-04-02T16:30:45.531+0000] {dag.py:3954} INFO - Setting next_dagrun for example_complex to None, run_after=None
[2026-04-02T16:30:45.542+0000] {processor.py:183} INFO - Processing /home/airflow/.local/lib/python3.12/site-packages/airflow/example_dags/example_complex.py took 0.055 seconds
[2026-04-02T16:31:16.095+0000] {processor.py:161} INFO - Started process (PID=1267) to work on /home/airflow/.local/lib/python3.12/site-packages/airflow/example_dags/example_complex.py
[2026-04-02T16:31:16.096+0000] {processor.py:830} INFO - Processing file /home/airflow/.local/lib/python3.12/site-packages/airflow/example_dags/example_complex.py for tasks to queue
[2026-04-02T16:31:16.097+0000] {logging_mixin.py:188} INFO - [2026-04-02T16:31:16.097+0000] {dagbag.py:540} INFO - Filling up the DagBag from /home/airflow/.local/lib/python3.12/site-packages/airflow/example_dags/example_complex.py
[2026-04-02T16:31:16.104+0000] {processor.py:840} INFO - DAG(s) 'example_complex' retrieved from /home/airflow/.local/lib/python3.12/site-packages/airflow/example_dags/example_complex.py
[2026-04-02T16:31:16.124+0000] {logging_mixin.py:188} INFO - [2026-04-02T16:31:16.124+0000] {dag.py:3096} INFO - Sync 1 DAGs
[2026-04-02T16:31:16.130+0000] {logging_mixin.py:188} INFO - [2026-04-02T16:31:16.130+0000] {dag.py:3954} INFO - Setting next_dagrun for example_complex to None, run_after=None
[2026-04-02T16:31:16.140+0000] {processor.py:183} INFO - Processing /home/airflow/.local/lib/python3.12/site-packages/airflow/example_dags/example_complex.py took 0.051 seconds
[2026-04-02T16:31:46.716+0000] {processor.py:161} INFO - Started process (PID=1325) to work on /home/airflow/.local/lib/python3.12/site-packages/airflow/example_dags/example_complex.py
[2026-04-02T16:31:46.717+0000] {processor.py:830} INFO - Processing file /home/airflow/.local/lib/python3.12/site-packages/airflow/example_dags/example_complex.py for tasks to queue
[2026-04-02T16:31:46.718+0000] {logging_mixin.py:188} INFO - [2026-04-02T16:31:46.718+0000] {dagbag.py:540} INFO - Filling up the DagBag from /home/airflow/.local/lib/python3.12/site-packages/airflow/example_dags/example_complex.py
[2026-04-02T16:31:46.725+0000] {processor.py:840} INFO - DAG(s) 'example_complex' retrieved from /home/airflow/.local/lib/python3.12/site-packages/airflow/example_dags/example_complex.py
[2026-04-02T16:31:46.746+0000] {logging_mixin.py:188} INFO - [2026-04-02T16:31:46.746+0000] {dag.py:3096} INFO - Sync 1 DAGs
[2026-04-02T16:31:46.753+0000] {logging_mixin.py:188} INFO - [2026-04-02T16:31:46.752+0000] {dag.py:3954} INFO - Setting next_dagrun for example_complex to None, run_after=None
[2026-04-02T16:31:46.762+0000] {processor.py:183} INFO - Processing /home/airflow/.local/lib/python3.12/site-packages/airflow/example_dags/example_complex.py took 0.051 seconds
[2026-04-02T16:32:17.517+0000] {processor.py:161} INFO - Started process (PID=1383) to work on /home/airflow/.local/lib/python3.12/site-packages/airflow/example_dags/example_complex.py
[2026-04-02T16:32:17.518+0000] {processor.py:830} INFO - Processing file /home/airflow/.local/lib/python3.12/site-packages/airflow/example_dags/example_complex.py for tasks to queue
[2026-04-02T16:32:17.520+0000] {logging_mixin.py:188} INFO - [2026-04-02T16:32:17.519+0000] {dagbag.py:540} INFO - Filling up the DagBag from /home/airflow/.local/lib/python3.12/site-packages/airflow/example_dags/example_complex.py
[2026-04-02T16:32:17.526+0000] {processor.py:840} INFO - DAG(s) 'example_complex' retrieved from /home/airflow/.local/lib/python3.12/site-packages/airflow/example_dags/example_complex.py
[2026-04-02T16:32:17.544+0000] {logging_mixin.py:188} INFO - [2026-04-02T16:32:17.544+0000] {dag.py:3096} INFO - Sync 1 DAGs
[2026-04-02T16:32:17.549+0000] {logging_mixin.py:188} INFO - [2026-04-02T16:32:17.549+0000] {dag.py:3954} INFO - Setting next_dagrun for example_complex to None, run_after=None
[2026-04-02T16:32:17.558+0000] {processor.py:183} INFO - Processing /home/airflow/.local/lib/python3.12/site-packages/airflow/example_dags/example_complex.py took 0.047 seconds
[2026-04-02T16:32:48.165+0000] {processor.py:161} INFO - Started process (PID=1441) to work on /home/airflow/.local/lib/python3.12/site-packages/airflow/example_dags/example_complex.py
[2026-04-02T16:32:48.166+0000] {processor.py:830} INFO - Processing file /home/airflow/.local/lib/python3.12/site-packages/airflow/example_dags/example_complex.py for tasks to queue
[2026-04-02T16:32:48.168+0000] {logging_mixin.py:188} INFO - [2026-04-02T16:32:48.167+0000] {dagbag.py:540} INFO - Filling up the DagBag from /home/airflow/.local/lib/python3.12/site-packages/airflow/example_dags/example_complex.py
[2026-04-02T16:32:48.177+0000] {processor.py:840} INFO - DAG(s) 'example_complex' retrieved from /home/airflow/.local/lib/python3.12/site-packages/airflow/example_dags/example_complex.py
[2026-04-02T16:32:48.193+0000] {logging_mixin.py:188} INFO - [2026-04-02T16:32:48.193+0000] {dag.py:3096} INFO - Sync 1 DAGs
[2026-04-02T16:32:48.198+0000] {logging_mixin.py:188} INFO - [2026-04-02T16:32:48.198+0000] {dag.py:3954} INFO - Setting next_dagrun for example_complex to None, run_after=None
[2026-04-02T16:32:48.207+0000] {processor.py:183} INFO - Processing /home/airflow/.local/lib/python3.12/site-packages/airflow/example_dags/example_complex.py took 0.048 seconds
[2026-04-02T16:33:18.700+0000] {processor.py:161} INFO - Started process (PID=1499) to work on /home/airflow/.local/lib/python3.12/site-packages/airflow/example_dags/example_complex.py
[2026-04-02T16:33:18.701+0000] {processor.py:830} INFO - Processing file /home/airflow/.local/lib/python3.12/site-packages/airflow/example_dags/example_complex.py for tasks to queue
[2026-04-02T16:33:18.702+0000] {logging_mixin.py:188} INFO - [2026-04-02T16:33:18.702+0000] {dagbag.py:540} INFO - Filling up the DagBag from /home/airflow/.local/lib/python3.12/site-packages/airflow/example_dags/example_complex.py
[2026-04-02T16:33:18.708+0000] {processor.py:840} INFO - DAG(s) 'example_complex' retrieved from /home/airflow/.local/lib/python3.12/site-packages/airflow/example_dags/example_complex.py
[2026-04-02T16:33:18.725+0000] {logging_mixin.py:188} INFO - [2026-04-02T16:33:18.725+0000] {dag.py:3096} INFO - Sync 1 DAGs
[2026-04-02T16:33:18.733+0000] {logging_mixin.py:188} INFO - [2026-04-02T16:33:18.733+0000] {dag.py:3954} INFO - Setting next_dagrun for example_complex to None, run_after=None
[2026-04-02T16:33:18.742+0000] {processor.py:183} INFO - Processing /home/airflow/.local/lib/python3.12/site-packages/airflow/example_dags/example_complex.py took 0.047 seconds
[2026-04-02T16:33:49.326+0000] {processor.py:161} INFO - Started process (PID=1557) to work on /home/airflow/.local/lib/python3.12/site-packages/airflow/example_dags/example_complex.py
[2026-04-02T16:33:49.327+0000] {processor.py:830} INFO - Processing file /home/airflow/.local/lib/python3.12/site-packages/airflow/example_dags/example_complex.py for tasks to queue
[2026-04-02T16:33:49.329+0000] {logging_mixin.py:188} INFO - [2026-04-02T16:33:49.329+0000] {dagbag.py:540} INFO - Filling up the DagBag from /home/airflow/.local/lib/python3.12/site-packages/airflow/example_dags/example_complex.py
[2026-04-02T16:33:49.338+0000] {processor.py:840} INFO - DAG(s) 'example_complex' retrieved from /home/airflow/.local/lib/python3.12/site-packages/airflow/example_dags/example_complex.py
[2026-04-02T16:33:49.358+0000] {logging_mixin.py:188} INFO - [2026-04-02T16:33:49.358+0000] {dag.py:3096} INFO - Sync 1 DAGs
[2026-04-02T16:33:49.364+0000] {logging_mixin.py:188} INFO - [2026-04-02T16:33:49.364+0000] {dag.py:3954} INFO - Setting next_dagrun for example_complex to None, run_after=None
[2026-04-02T16:33:49.373+0000] {processor.py:183} INFO - Processing /home/airflow/.local/lib/python3.12/site-packages/airflow/example_dags/example_complex.py took 0.055 seconds
[2026-04-02T16:34:20.060+0000] {processor.py:161} INFO - Started process (PID=1615) to work on /home/airflow/.local/lib/python3.12/site-packages/airflow/example_dags/example_complex.py
[2026-04-02T16:34:20.061+0000] {processor.py:830} INFO - Processing file /home/airflow/.local/lib/python3.12/site-packages/airflow/example_dags/example_complex.py for tasks to queue
[2026-04-02T16:34:20.063+0000] {logging_mixin.py:188} INFO - [2026-04-02T16:34:20.062+0000] {dagbag.py:540} INFO - Filling up the DagBag from /home/airflow/.local/lib/python3.12/site-packages/airflow/example_dags/example_complex.py
[2026-04-02T16:34:20.069+0000] {processor.py:840} INFO - DAG(s) 'example_complex' retrieved from /home/airflow/.local/lib/python3.12/site-packages/airflow/example_dags/example_complex.py
[2026-04-02T16:34:20.087+0000] {logging_mixin.py:188} INFO - [2026-04-02T16:34:20.087+0000] {dag.py:3096} INFO - Sync 1 DAGs
[2026-04-02T16:34:20.092+0000] {logging_mixin.py:188} INFO - [2026-04-02T16:34:20.092+0000] {dag.py:3954} INFO - Setting next_dagrun for example_complex to None, run_after=None
[2026-04-02T16:34:20.101+0000] {processor.py:183} INFO - Processing /home/airflow/.local/lib/python3.12/site-packages/airflow/example_dags/example_complex.py took 0.047 seconds
[2026-04-02T16:34:50.693+0000] {processor.py:161} INFO - Started process (PID=1673) to work on /home/airflow/.local/lib/python3.12/site-packages/airflow/example_dags/example_complex.py
[2026-04-02T16:34:50.694+0000] {processor.py:830} INFO - Processing file /home/airflow/.local/lib/python3.12/site-packages/airflow/example_dags/example_complex.py for tasks to queue
[2026-04-02T16:34:50.697+0000] {logging_mixin.py:188} INFO - [2026-04-02T16:34:50.696+0000] {dagbag.py:540} INFO - Filling up the DagBag from /home/airflow/.local/lib/python3.12/site-packages/airflow/example_dags/example_complex.py
[2026-04-02T16:34:50.705+0000] {processor.py:840} INFO - DAG(s) 'example_complex' retrieved from /home/airflow/.local/lib/python3.12/site-packages/airflow/example_dags/example_complex.py
[2026-04-02T16:34:50.724+0000] {logging_mixin.py:188} INFO - [2026-04-02T16:34:50.724+0000] {dag.py:3096} INFO - Sync 1 DAGs
[2026-04-02T16:34:50.730+0000] {logging_mixin.py:188} INFO - [2026-04-02T16:34:50.730+0000] {dag.py:3954} INFO - Setting next_dagrun for example_complex to None, run_after=None
[2026-04-02T16:34:50.741+0000] {processor.py:183} INFO - Processing /home/airflow/.local/lib/python3.12/site-packages/airflow/example_dags/example_complex.py took 0.056 seconds
[2026-04-02T16:35:21.341+0000] {processor.py:161} INFO - Started process (PID=1731) to work on /home/airflow/.local/lib/python3.12/site-packages/airflow/example_dags/example_complex.py
[2026-04-02T16:35:21.342+0000] {processor.py:830} INFO - Processing file /home/airflow/.local/lib/python3.12/site-packages/airflow/example_dags/example_complex.py for tasks to queue
[2026-04-02T16:35:21.345+0000] {logging_mixin.py:188} INFO - [2026-04-02T16:35:21.344+0000] {dagbag.py:540} INFO - Filling up the DagBag from /home/airflow/.local/lib/python3.12/site-packages/airflow/example_dags/example_complex.py
[2026-04-02T16:35:21.357+0000] {processor.py:840} INFO - DAG(s) 'example_complex' retrieved from /home/airflow/.local/lib/python3.12/site-packages/airflow/example_dags/example_complex.py
[2026-04-02T16:35:21.376+0000] {logging_mixin.py:188} INFO - [2026-04-02T16:35:21.376+0000] {dag.py:3096} INFO - Sync 1 DAGs
[2026-04-02T16:35:21.383+0000] {logging_mixin.py:188} INFO - [2026-04-02T16:35:21.383+0000] {dag.py:3954} INFO - Setting next_dagrun for example_complex to None, run_after=None
[2026-04-02T16:35:21.391+0000] {processor.py:183} INFO - Processing /home/airflow/.local/lib/python3.12/site-packages/airflow/example_dags/example_complex.py took 0.054 seconds
[2026-04-02T16:35:52.014+0000] {processor.py:161} INFO - Started process (PID=1789) to work on /home/airflow/.local/lib/python3.12/site-packages/airflow/example_dags/example_complex.py
[2026-04-02T16:35:52.015+0000] {processor.py:830} INFO - Processing file /home/airflow/.local/lib/python3.12/site-packages/airflow/example_dags/example_complex.py for tasks to queue
[2026-04-02T16:35:52.016+0000] {logging_mixin.py:188} INFO - [2026-04-02T16:35:52.016+0000] {dagbag.py:540} INFO - Filling up the DagBag from /home/airflow/.local/lib/python3.12/site-packages/airflow/example_dags/example_complex.py
[2026-04-02T16:35:52.022+0000] {processor.py:840} INFO - DAG(s) 'example_complex' retrieved from /home/airflow/.local/lib/python3.12/site-packages/airflow/example_dags/example_complex.py
[2026-04-02T16:35:52.040+0000] {logging_mixin.py:188} INFO - [2026-04-02T16:35:52.040+0000] {dag.py:3096} INFO - Sync 1 DAGs
[2026-04-02T16:35:52.046+0000] {logging_mixin.py:188} INFO - [2026-04-02T16:35:52.046+0000] {dag.py:3954} INFO - Setting next_dagrun for example_complex to None, run_after=None
[2026-04-02T16:35:52.055+0000] {processor.py:183} INFO - Processing /home/airflow/.local/lib/python3.12/site-packages/airflow/example_dags/example_complex.py took 0.045 seconds
[2026-04-02T16:36:22.657+0000] {processor.py:161} INFO - Started process (PID=1847) to work on /home/airflow/.local/lib/python3.12/site-packages/airflow/example_dags/example_complex.py
[2026-04-02T16:36:22.658+0000] {processor.py:830} INFO - Processing file /home/airflow/.local/lib/python3.12/site-packages/airflow/example_dags/example_complex.py for tasks to queue
[2026-04-02T16:36:22.660+0000] {logging_mixin.py:188} INFO - [2026-04-02T16:36:22.660+0000] {dagbag.py:540} INFO - Filling up the DagBag from /home/airflow/.local/lib/python3.12/site-packages/airflow/example_dags/example_complex.py
[2026-04-02T16:36:22.667+0000] {processor.py:840} INFO - DAG(s) 'example_complex' retrieved from /home/airflow/.local/lib/python3.12/site-packages/airflow/example_dags/example_complex.py
[2026-04-02T16:36:22.687+0000] {logging_mixin.py:188} INFO - [2026-04-02T16:36:22.687+0000] {dag.py:3096} INFO - Sync 1 DAGs
[2026-04-02T16:36:22.695+0000] {logging_mixin.py:188} INFO - [2026-04-02T16:36:22.695+0000] {dag.py:3954} INFO - Setting next_dagrun for example_complex to None, run_after=None
[2026-04-02T16:36:22.705+0000] {processor.py:183} INFO - Processing /home/airflow/.local/lib/python3.12/site-packages/airflow/example_dags/example_complex.py took 0.053 seconds
[2026-04-02T16:36:53.228+0000] {processor.py:161} INFO - Started process (PID=1905) to work on /home/airflow/.local/lib/python3.12/site-packages/airflow/example_dags/example_complex.py
[2026-04-02T16:36:53.228+0000] {processor.py:830} INFO - Processing file /home/airflow/.local/lib/python3.12/site-packages/airflow/example_dags/example_complex.py for tasks to queue
[2026-04-02T16:36:53.230+0000] {logging_mixin.py:188} INFO - [2026-04-02T16:36:53.230+0000] {dagbag.py:540} INFO - Filling up the DagBag from /home/airflow/.local/lib/python3.12/site-packages/airflow/example_dags/example_complex.py
[2026-04-02T16:36:53.237+0000] {processor.py:840} INFO - DAG(s) 'example_complex' retrieved from /home/airflow/.local/lib/python3.12/site-packages/airflow/example_dags/example_complex.py
[2026-04-02T16:36:53.258+0000] {logging_mixin.py:188} INFO - [2026-04-02T16:36:53.258+0000] {dag.py:3096} INFO - Sync 1 DAGs
[2026-04-02T16:36:53.265+0000] {logging_mixin.py:188} INFO - [2026-04-02T16:36:53.265+0000] {dag.py:3954} INFO - Setting next_dagrun for example_complex to None, run_after=None
[2026-04-02T16:36:53.276+0000] {processor.py:183} INFO - Processing /home/airflow/.local/lib/python3.12/site-packages/airflow/example_dags/example_complex.py took 0.053 seconds
[2026-04-02T16:37:23.908+0000] {processor.py:161} INFO - Started process (PID=1963) to work on /home/airflow/.local/lib/python3.12/site-packages/airflow/example_dags/example_complex.py
[2026-04-02T16:37:23.908+0000] {processor.py:830} INFO - Processing file /home/airflow/.local/lib/python3.12/site-packages/airflow/example_dags/example_complex.py for tasks to queue
[2026-04-02T16:37:23.910+0000] {logging_mixin.py:188} INFO - [2026-04-02T16:37:23.909+0000] {dagbag.py:540} INFO - Filling up the DagBag from /home/airflow/.local/lib/python3.12/site-packages/airflow/example_dags/example_complex.py
[2026-04-02T16:37:23.916+0000] {processor.py:840} INFO - DAG(s) 'example_complex' retrieved from /home/airflow/.local/lib/python3.12/site-packages/airflow/example_dags/example_complex.py
[2026-04-02T16:37:23.935+0000] {logging_mixin.py:188} INFO - [2026-04-02T16:37:23.935+0000] {dag.py:3096} INFO - Sync 1 DAGs
[2026-04-02T16:37:23.941+0000] {logging_mixin.py:188} INFO - [2026-04-02T16:37:23.941+0000] {dag.py:3954} INFO - Setting next_dagrun for example_complex to None, run_after=None
[2026-04-02T16:37:23.951+0000] {processor.py:183} INFO - Processing /home/airflow/.local/lib/python3.12/site-packages/airflow/example_dags/example_complex.py took 0.049 seconds
[2026-04-02T16:37:54.492+0000] {processor.py:161} INFO - Started process (PID=2021) to work on /home/airflow/.local/lib/python3.12/site-packages/airflow/example_dags/example_complex.py
[2026-04-02T16:37:54.492+0000] {processor.py:830} INFO - Processing file /home/airflow/.local/lib/python3.12/site-packages/airflow/example_dags/example_complex.py for tasks to queue
[2026-04-02T16:37:54.495+0000] {logging_mixin.py:188} INFO - [2026-04-02T16:37:54.495+0000] {dagbag.py:540} INFO - Filling up the DagBag from /home/airflow/.local/lib/python3.12/site-packages/airflow/example_dags/example_complex.py
[2026-04-02T16:37:54.501+0000] {processor.py:840} INFO - DAG(s) 'example_complex' retrieved from /home/airflow/.local/lib/python3.12/site-packages/airflow/example_dags/example_complex.py
[2026-04-02T16:37:54.519+0000] {logging_mixin.py:188} INFO - [2026-04-02T16:37:54.519+0000] {dag.py:3096} INFO - Sync 1 DAGs
[2026-04-02T16:37:54.524+0000] {logging_mixin.py:188} INFO - [2026-04-02T16:37:54.524+0000] {dag.py:3954} INFO - Setting next_dagrun for example_complex to None, run_after=None
[2026-04-02T16:37:54.534+0000] {processor.py:183} INFO - Processing /home/airflow/.local/lib/python3.12/site-packages/airflow/example_dags/example_complex.py took 0.045 seconds
[2026-04-02T16:38:25.163+0000] {processor.py:161} INFO - Started process (PID=2079) to work on /home/airflow/.local/lib/python3.12/site-packages/airflow/example_dags/example_complex.py
[2026-04-02T16:38:25.163+0000] {processor.py:830} INFO - Processing file /home/airflow/.local/lib/python3.12/site-packages/airflow/example_dags/example_complex.py for tasks to queue
[2026-04-02T16:38:25.164+0000] {logging_mixin.py:188} INFO - [2026-04-02T16:38:25.164+0000] {dagbag.py:540} INFO - Filling up the DagBag from /home/airflow/.local/lib/python3.12/site-packages/airflow/example_dags/example_complex.py
[2026-04-02T16:38:25.170+0000] {processor.py:840} INFO - DAG(s) 'example_complex' retrieved from /home/airflow/.local/lib/python3.12/site-packages/airflow/example_dags/example_complex.py
[2026-04-02T16:38:25.188+0000] {logging_mixin.py:188} INFO - [2026-04-02T16:38:25.188+0000] {dag.py:3096} INFO - Sync 1 DAGs
[2026-04-02T16:38:25.194+0000] {logging_mixin.py:188} INFO - [2026-04-02T16:38:25.194+0000] {dag.py:3954} INFO - Setting next_dagrun for example_complex to None, run_after=None
[2026-04-02T16:38:25.203+0000] {processor.py:183} INFO - Processing /home/airflow/.local/lib/python3.12/site-packages/airflow/example_dags/example_complex.py took 0.044 seconds
[2026-04-02T16:38:55.874+0000] {processor.py:161} INFO - Started process (PID=2137) to work on /home/airflow/.local/lib/python3.12/site-packages/airflow/example_dags/example_complex.py
[2026-04-02T16:38:55.876+0000] {processor.py:830} INFO - Processing file /home/airflow/.local/lib/python3.12/site-packages/airflow/example_dags/example_complex.py for tasks to queue
[2026-04-02T16:38:55.877+0000] {logging_mixin.py:188} INFO - [2026-04-02T16:38:55.877+0000] {dagbag.py:540} INFO - Filling up the DagBag from /home/airflow/.local/lib/python3.12/site-packages/airflow/example_dags/example_complex.py
[2026-04-02T16:38:55.885+0000] {processor.py:840} INFO - DAG(s) 'example_complex' retrieved from /home/airflow/.local/lib/python3.12/site-packages/airflow/example_dags/example_complex.py
[2026-04-02T16:38:55.904+0000] {logging_mixin.py:188} INFO - [2026-04-02T16:38:55.904+0000] {dag.py:3096} INFO - Sync 1 DAGs
[2026-04-02T16:38:55.910+0000] {logging_mixin.py:188} INFO - [2026-04-02T16:38:55.910+0000] {dag.py:3954} INFO - Setting next_dagrun for example_complex to None, run_after=None
[2026-04-02T16:38:55.920+0000] {processor.py:183} INFO - Processing /home/airflow/.local/lib/python3.12/site-packages/airflow/example_dags/example_complex.py took 0.053 seconds
[2026-04-02T16:39:26.518+0000] {processor.py:161} INFO - Started process (PID=2195) to work on /home/airflow/.local/lib/python3.12/site-packages/airflow/example_dags/example_complex.py
[2026-04-02T16:39:26.519+0000] {processor.py:830} INFO - Processing file /home/airflow/.local/lib/python3.12/site-packages/airflow/example_dags/example_complex.py for tasks to queue
[2026-04-02T16:39:26.520+0000] {logging_mixin.py:188} INFO - [2026-04-02T16:39:26.520+0000] {dagbag.py:540} INFO - Filling up the DagBag from /home/airflow/.local/lib/python3.12/site-packages/airflow/example_dags/example_complex.py
[2026-04-02T16:39:26.527+0000] {processor.py:840} INFO - DAG(s) 'example_complex' retrieved from /home/airflow/.local/lib/python3.12/site-packages/airflow/example_dags/example_complex.py
[2026-04-02T16:39:26.545+0000] {logging_mixin.py:188} INFO - [2026-04-02T16:39:26.545+0000] {dag.py:3096} INFO - Sync 1 DAGs
[2026-04-02T16:39:26.552+0000] {logging_mixin.py:188} INFO - [2026-04-02T16:39:26.552+0000] {dag.py:3954} INFO - Setting next_dagrun for example_complex to None, run_after=None
[2026-04-02T16:39:26.560+0000] {processor.py:183} INFO - Processing /home/airflow/.local/lib/python3.12/site-packages/airflow/example_dags/example_complex.py took 0.049 seconds
[2026-04-02T16:39:57.108+0000] {processor.py:161} INFO - Started process (PID=2253) to work on /home/airflow/.local/lib/python3.12/site-packages/airflow/example_dags/example_complex.py
[2026-04-02T16:39:57.109+0000] {processor.py:830} INFO - Processing file /home/airflow/.local/lib/python3.12/site-packages/airflow/example_dags/example_complex.py for tasks to queue
[2026-04-02T16:39:57.110+0000] {logging_mixin.py:188} INFO - [2026-04-02T16:39:57.110+0000] {dagbag.py:540} INFO - Filling up the DagBag from /home/airflow/.local/lib/python3.12/site-packages/airflow/example_dags/example_complex.py
[2026-04-02T16:39:57.116+0000] {processor.py:840} INFO - DAG(s) 'example_complex' retrieved from /home/airflow/.local/lib/python3.12/site-packages/airflow/example_dags/example_complex.py
[2026-04-02T16:39:57.134+0000] {logging_mixin.py:188} INFO - [2026-04-02T16:39:57.134+0000] {dag.py:3096} INFO - Sync 1 DAGs
[2026-04-02T16:39:57.139+0000] {logging_mixin.py:188} INFO - [2026-04-02T16:39:57.139+0000] {dag.py:3954} INFO - Setting next_dagrun for example_complex to None, run_after=None
[2026-04-02T16:39:57.149+0000] {processor.py:183} INFO - Processing /home/airflow/.local/lib/python3.12/site-packages/airflow/example_dags/example_complex.py took 0.046 seconds
[2026-04-02T16:40:27.753+0000] {processor.py:161} INFO - Started process (PID=2311) to work on /home/airflow/.local/lib/python3.12/site-packages/airflow/example_dags/example_complex.py
[2026-04-02T16:40:27.755+0000] {processor.py:830} INFO - Processing file /home/airflow/.local/lib/python3.12/site-packages/airflow/example_dags/example_complex.py for tasks to queue
[2026-04-02T16:40:27.757+0000] {logging_mixin.py:188} INFO - [2026-04-02T16:40:27.756+0000] {dagbag.py:540} INFO - Filling up the DagBag from /home/airflow/.local/lib/python3.12/site-packages/airflow/example_dags/example_complex.py
[2026-04-02T16:40:27.763+0000] {processor.py:840} INFO - DAG(s) 'example_complex' retrieved from /home/airflow/.local/lib/python3.12/site-packages/airflow/example_dags/example_complex.py
[2026-04-02T16:40:27.781+0000] {logging_mixin.py:188} INFO - [2026-04-02T16:40:27.781+0000] {dag.py:3096} INFO - Sync 1 DAGs
[2026-04-02T16:40:27.786+0000] {logging_mixin.py:188} INFO - [2026-04-02T16:40:27.786+0000] {dag.py:3954} INFO - Setting next_dagrun for example_complex to None, run_after=None
[2026-04-02T16:40:27.795+0000] {processor.py:183} INFO - Processing /home/airflow/.local/lib/python3.12/site-packages/airflow/example_dags/example_complex.py took 0.048 seconds
[2026-04-02T16:40:58.488+0000] {processor.py:161} INFO - Started process (PID=2369) to work on /home/airflow/.local/lib/python3.12/site-packages/airflow/example_dags/example_complex.py
[2026-04-02T16:40:58.489+0000] {processor.py:830} INFO - Processing file /home/airflow/.local/lib/python3.12/site-packages/airflow/example_dags/example_complex.py for tasks to queue
[2026-04-02T16:40:58.495+0000] {logging_mixin.py:188} INFO - [2026-04-02T16:40:58.494+0000] {dagbag.py:540} INFO - Filling up the DagBag from /home/airflow/.local/lib/python3.12/site-packages/airflow/example_dags/example_complex.py
[2026-04-02T16:40:58.507+0000] {processor.py:840} INFO - DAG(s) 'example_complex' retrieved from /home/airflow/.local/lib/python3.12/site-packages/airflow/example_dags/example_complex.py
[2026-04-02T16:40:58.537+0000] {logging_mixin.py:188} INFO - [2026-04-02T16:40:58.537+0000] {dag.py:3096} INFO - Sync 1 DAGs
[2026-04-02T16:40:58.549+0000] {logging_mixin.py:188} INFO - [2026-04-02T16:40:58.549+0000] {dag.py:3954} INFO - Setting next_dagrun for example_complex to None, run_after=None
[2026-04-02T16:40:58.565+0000] {processor.py:183} INFO - Processing /home/airflow/.local/lib/python3.12/site-packages/airflow/example_dags/example_complex.py took 0.084 seconds
[2026-04-02T16:41:29.389+0000] {processor.py:161} INFO - Started process (PID=2427) to work on /home/airflow/.local/lib/python3.12/site-packages/airflow/example_dags/example_complex.py
[2026-04-02T16:41:29.390+0000] {processor.py:830} INFO - Processing file /home/airflow/.local/lib/python3.12/site-packages/airflow/example_dags/example_complex.py for tasks to queue
[2026-04-02T16:41:29.391+0000] {logging_mixin.py:188} INFO - [2026-04-02T16:41:29.391+0000] {dagbag.py:540} INFO - Filling up the DagBag from /home/airflow/.local/lib/python3.12/site-packages/airflow/example_dags/example_complex.py
[2026-04-02T16:41:29.401+0000] {processor.py:840} INFO - DAG(s) 'example_complex' retrieved from /home/airflow/.local/lib/python3.12/site-packages/airflow/example_dags/example_complex.py
[2026-04-02T16:41:29.426+0000] {logging_mixin.py:188} INFO - [2026-04-02T16:41:29.426+0000] {dag.py:3096} INFO - Sync 1 DAGs
[2026-04-02T16:41:29.434+0000] {logging_mixin.py:188} INFO - [2026-04-02T16:41:29.434+0000] {dag.py:3954} INFO - Setting next_dagrun for example_complex to None, run_after=None
[2026-04-02T16:41:29.448+0000] {processor.py:183} INFO - Processing /home/airflow/.local/lib/python3.12/site-packages/airflow/example_dags/example_complex.py took 0.064 seconds
[2026-04-02T16:42:00.339+0000] {processor.py:161} INFO - Started process (PID=2485) to work on /home/airflow/.local/lib/python3.12/site-packages/airflow/example_dags/example_complex.py
[2026-04-02T16:42:00.340+0000] {processor.py:830} INFO - Processing file /home/airflow/.local/lib/python3.12/site-packages/airflow/example_dags/example_complex.py for tasks to queue
[2026-04-02T16:42:00.341+0000] {logging_mixin.py:188} INFO - [2026-04-02T16:42:00.341+0000] {dagbag.py:540} INFO - Filling up the DagBag from /home/airflow/.local/lib/python3.12/site-packages/airflow/example_dags/example_complex.py
[2026-04-02T16:42:00.352+0000] {processor.py:840} INFO - DAG(s) 'example_complex' retrieved from /home/airflow/.local/lib/python3.12/site-packages/airflow/example_dags/example_complex.py
[2026-04-02T16:42:00.374+0000] {logging_mixin.py:188} INFO - [2026-04-02T16:42:00.374+0000] {dag.py:3096} INFO - Sync 1 DAGs
[2026-04-02T16:42:00.381+0000] {logging_mixin.py:188} INFO - [2026-04-02T16:42:00.381+0000] {dag.py:3954} INFO - Setting next_dagrun for example_complex to None, run_after=None
[2026-04-02T16:42:00.394+0000] {processor.py:183} INFO - Processing /home/airflow/.local/lib/python3.12/site-packages/airflow/example_dags/example_complex.py took 0.061 seconds
[2026-04-02T16:42:31.303+0000] {processor.py:161} INFO - Started process (PID=2543) to work on /home/airflow/.local/lib/python3.12/site-packages/airflow/example_dags/example_complex.py
[2026-04-02T16:42:31.304+0000] {processor.py:830} INFO - Processing file /home/airflow/.local/lib/python3.12/site-packages/airflow/example_dags/example_complex.py for tasks to queue
[2026-04-02T16:42:31.305+0000] {logging_mixin.py:188} INFO - [2026-04-02T16:42:31.305+0000] {dagbag.py:540} INFO - Filling up the DagBag from /home/airflow/.local/lib/python3.12/site-packages/airflow/example_dags/example_complex.py
[2026-04-02T16:42:31.314+0000] {processor.py:840} INFO - DAG(s) 'example_complex' retrieved from /home/airflow/.local/lib/python3.12/site-packages/airflow/example_dags/example_complex.py
[2026-04-02T16:42:31.336+0000] {logging_mixin.py:188} INFO - [2026-04-02T16:42:31.336+0000] {dag.py:3096} INFO - Sync 1 DAGs
[2026-04-02T16:42:31.343+0000] {logging_mixin.py:188} INFO - [2026-04-02T16:42:31.343+0000] {dag.py:3954} INFO - Setting next_dagrun for example_complex to None, run_after=None
[2026-04-02T16:42:31.358+0000] {processor.py:183} INFO - Processing /home/airflow/.local/lib/python3.12/site-packages/airflow/example_dags/example_complex.py took 0.058 seconds
