[2026-04-02T16:20:35.193+0000] {processor.py:161} INFO - Started process (PID=72) to work on /home/airflow/.local/lib/python3.12/site-packages/airflow/example_dags/example_bash_operator.py
[2026-04-02T16:20:35.194+0000] {processor.py:830} INFO - Processing file /home/airflow/.local/lib/python3.12/site-packages/airflow/example_dags/example_bash_operator.py for tasks to queue
[2026-04-02T16:20:35.196+0000] {logging_mixin.py:188} INFO - [2026-04-02T16:20:35.196+0000] {dagbag.py:540} INFO - Filling up the DagBag from /home/airflow/.local/lib/python3.12/site-packages/airflow/example_dags/example_bash_operator.py
[2026-04-02T16:20:35.203+0000] {processor.py:840} INFO - DAG(s) 'example_bash_operator' retrieved from /home/airflow/.local/lib/python3.12/site-packages/airflow/example_dags/example_bash_operator.py
[2026-04-02T16:20:35.211+0000] {logging_mixin.py:188} INFO - [2026-04-02T16:20:35.211+0000] {dag.py:3096} INFO - Sync 1 DAGs
[2026-04-02T16:20:35.222+0000] {logging_mixin.py:188} INFO - [2026-04-02T16:20:35.221+0000] {dag.py:3954} INFO - Setting next_dagrun for example_bash_operator to 2026-04-01 00:00:00+00:00, run_after=2026-04-02 00:00:00+00:00
[2026-04-02T16:20:35.231+0000] {processor.py:183} INFO - Processing /home/airflow/.local/lib/python3.12/site-packages/airflow/example_dags/example_bash_operator.py took 0.042 seconds
[2026-04-02T16:21:06.569+0000] {processor.py:161} INFO - Started process (PID=130) to work on /home/airflow/.local/lib/python3.12/site-packages/airflow/example_dags/example_bash_operator.py
[2026-04-02T16:21:06.570+0000] {processor.py:830} INFO - Processing file /home/airflow/.local/lib/python3.12/site-packages/airflow/example_dags/example_bash_operator.py for tasks to queue
[2026-04-02T16:21:06.571+0000] {logging_mixin.py:188} INFO - [2026-04-02T16:21:06.570+0000] {dagbag.py:540} INFO - Filling up the DagBag from /home/airflow/.local/lib/python3.12/site-packages/airflow/example_dags/example_bash_operator.py
[2026-04-02T16:21:06.577+0000] {processor.py:840} INFO - DAG(s) 'example_bash_operator' retrieved from /home/airflow/.local/lib/python3.12/site-packages/airflow/example_dags/example_bash_operator.py
[2026-04-02T16:21:06.633+0000] {logging_mixin.py:188} INFO - [2026-04-02T16:21:06.633+0000] {dag.py:3096} INFO - Sync 1 DAGs
[2026-04-02T16:21:06.644+0000] {logging_mixin.py:188} INFO - [2026-04-02T16:21:06.644+0000] {dag.py:3954} INFO - Setting next_dagrun for example_bash_operator to 2026-04-01 00:00:00+00:00, run_after=2026-04-02 00:00:00+00:00
[2026-04-02T16:21:06.653+0000] {processor.py:183} INFO - Processing /home/airflow/.local/lib/python3.12/site-packages/airflow/example_dags/example_bash_operator.py took 0.087 seconds
[2026-04-02T16:21:36.950+0000] {processor.py:161} INFO - Started process (PID=188) to work on /home/airflow/.local/lib/python3.12/site-packages/airflow/example_dags/example_bash_operator.py
[2026-04-02T16:21:36.951+0000] {processor.py:830} INFO - Processing file /home/airflow/.local/lib/python3.12/site-packages/airflow/example_dags/example_bash_operator.py for tasks to queue
[2026-04-02T16:21:36.952+0000] {logging_mixin.py:188} INFO - [2026-04-02T16:21:36.951+0000] {dagbag.py:540} INFO - Filling up the DagBag from /home/airflow/.local/lib/python3.12/site-packages/airflow/example_dags/example_bash_operator.py
[2026-04-02T16:21:36.957+0000] {processor.py:840} INFO - DAG(s) 'example_bash_operator' retrieved from /home/airflow/.local/lib/python3.12/site-packages/airflow/example_dags/example_bash_operator.py
[2026-04-02T16:21:36.972+0000] {logging_mixin.py:188} INFO - [2026-04-02T16:21:36.972+0000] {dag.py:3096} INFO - Sync 1 DAGs
[2026-04-02T16:21:36.983+0000] {logging_mixin.py:188} INFO - [2026-04-02T16:21:36.983+0000] {dag.py:3954} INFO - Setting next_dagrun for example_bash_operator to 2026-04-01 00:00:00+00:00, run_after=2026-04-02 00:00:00+00:00
[2026-04-02T16:21:36.991+0000] {processor.py:183} INFO - Processing /home/airflow/.local/lib/python3.12/site-packages/airflow/example_dags/example_bash_operator.py took 0.045 seconds
[2026-04-02T16:22:07.705+0000] {processor.py:161} INFO - Started process (PID=246) to work on /home/airflow/.local/lib/python3.12/site-packages/airflow/example_dags/example_bash_operator.py
[2026-04-02T16:22:07.705+0000] {processor.py:830} INFO - Processing file /home/airflow/.local/lib/python3.12/site-packages/airflow/example_dags/example_bash_operator.py for tasks to queue
[2026-04-02T16:22:07.706+0000] {logging_mixin.py:188} INFO - [2026-04-02T16:22:07.706+0000] {dagbag.py:540} INFO - Filling up the DagBag from /home/airflow/.local/lib/python3.12/site-packages/airflow/example_dags/example_bash_operator.py
[2026-04-02T16:22:07.712+0000] {processor.py:840} INFO - DAG(s) 'example_bash_operator' retrieved from /home/airflow/.local/lib/python3.12/site-packages/airflow/example_dags/example_bash_operator.py
[2026-04-02T16:22:07.727+0000] {logging_mixin.py:188} INFO - [2026-04-02T16:22:07.727+0000] {dag.py:3096} INFO - Sync 1 DAGs
[2026-04-02T16:22:07.737+0000] {logging_mixin.py:188} INFO - [2026-04-02T16:22:07.737+0000] {dag.py:3954} INFO - Setting next_dagrun for example_bash_operator to 2026-04-01 00:00:00+00:00, run_after=2026-04-02 00:00:00+00:00
[2026-04-02T16:22:07.746+0000] {processor.py:183} INFO - Processing /home/airflow/.local/lib/python3.12/site-packages/airflow/example_dags/example_bash_operator.py took 0.044 seconds
[2026-04-02T16:22:38.429+0000] {processor.py:161} INFO - Started process (PID=304) to work on /home/airflow/.local/lib/python3.12/site-packages/airflow/example_dags/example_bash_operator.py
[2026-04-02T16:22:38.429+0000] {processor.py:830} INFO - Processing file /home/airflow/.local/lib/python3.12/site-packages/airflow/example_dags/example_bash_operator.py for tasks to queue
[2026-04-02T16:22:38.430+0000] {logging_mixin.py:188} INFO - [2026-04-02T16:22:38.430+0000] {dagbag.py:540} INFO - Filling up the DagBag from /home/airflow/.local/lib/python3.12/site-packages/airflow/example_dags/example_bash_operator.py
[2026-04-02T16:22:38.437+0000] {processor.py:840} INFO - DAG(s) 'example_bash_operator' retrieved from /home/airflow/.local/lib/python3.12/site-packages/airflow/example_dags/example_bash_operator.py
[2026-04-02T16:22:38.453+0000] {logging_mixin.py:188} INFO - [2026-04-02T16:22:38.453+0000] {dag.py:3096} INFO - Sync 1 DAGs
[2026-04-02T16:22:38.464+0000] {logging_mixin.py:188} INFO - [2026-04-02T16:22:38.464+0000] {dag.py:3954} INFO - Setting next_dagrun for example_bash_operator to 2026-04-01 00:00:00+00:00, run_after=2026-04-02 00:00:00+00:00
[2026-04-02T16:22:38.475+0000] {processor.py:183} INFO - Processing /home/airflow/.local/lib/python3.12/site-packages/airflow/example_dags/example_bash_operator.py took 0.049 seconds
[2026-04-02T16:23:09.099+0000] {processor.py:161} INFO - Started process (PID=362) to work on /home/airflow/.local/lib/python3.12/site-packages/airflow/example_dags/example_bash_operator.py
[2026-04-02T16:23:09.099+0000] {processor.py:830} INFO - Processing file /home/airflow/.local/lib/python3.12/site-packages/airflow/example_dags/example_bash_operator.py for tasks to queue
[2026-04-02T16:23:09.100+0000] {logging_mixin.py:188} INFO - [2026-04-02T16:23:09.100+0000] {dagbag.py:540} INFO - Filling up the DagBag from /home/airflow/.local/lib/python3.12/site-packages/airflow/example_dags/example_bash_operator.py
[2026-04-02T16:23:09.106+0000] {processor.py:840} INFO - DAG(s) 'example_bash_operator' retrieved from /home/airflow/.local/lib/python3.12/site-packages/airflow/example_dags/example_bash_operator.py
[2026-04-02T16:23:09.119+0000] {logging_mixin.py:188} INFO - [2026-04-02T16:23:09.119+0000] {dag.py:3096} INFO - Sync 1 DAGs
[2026-04-02T16:23:09.130+0000] {logging_mixin.py:188} INFO - [2026-04-02T16:23:09.130+0000] {dag.py:3954} INFO - Setting next_dagrun for example_bash_operator to 2026-04-01 00:00:00+00:00, run_after=2026-04-02 00:00:00+00:00
[2026-04-02T16:23:09.138+0000] {processor.py:183} INFO - Processing /home/airflow/.local/lib/python3.12/site-packages/airflow/example_dags/example_bash_operator.py took 0.042 seconds
[2026-04-02T16:23:39.843+0000] {processor.py:161} INFO - Started process (PID=420) to work on /home/airflow/.local/lib/python3.12/site-packages/airflow/example_dags/example_bash_operator.py
[2026-04-02T16:23:39.844+0000] {processor.py:830} INFO - Processing file /home/airflow/.local/lib/python3.12/site-packages/airflow/example_dags/example_bash_operator.py for tasks to queue
[2026-04-02T16:23:39.845+0000] {logging_mixin.py:188} INFO - [2026-04-02T16:23:39.845+0000] {dagbag.py:540} INFO - Filling up the DagBag from /home/airflow/.local/lib/python3.12/site-packages/airflow/example_dags/example_bash_operator.py
[2026-04-02T16:23:39.850+0000] {processor.py:840} INFO - DAG(s) 'example_bash_operator' retrieved from /home/airflow/.local/lib/python3.12/site-packages/airflow/example_dags/example_bash_operator.py
[2026-04-02T16:23:39.865+0000] {logging_mixin.py:188} INFO - [2026-04-02T16:23:39.865+0000] {dag.py:3096} INFO - Sync 1 DAGs
[2026-04-02T16:23:39.876+0000] {logging_mixin.py:188} INFO - [2026-04-02T16:23:39.876+0000] {dag.py:3954} INFO - Setting next_dagrun for example_bash_operator to 2026-04-01 00:00:00+00:00, run_after=2026-04-02 00:00:00+00:00
[2026-04-02T16:23:39.885+0000] {processor.py:183} INFO - Processing /home/airflow/.local/lib/python3.12/site-packages/airflow/example_dags/example_bash_operator.py took 0.045 seconds
[2026-04-02T16:24:10.504+0000] {processor.py:161} INFO - Started process (PID=478) to work on /home/airflow/.local/lib/python3.12/site-packages/airflow/example_dags/example_bash_operator.py
[2026-04-02T16:24:10.505+0000] {processor.py:830} INFO - Processing file /home/airflow/.local/lib/python3.12/site-packages/airflow/example_dags/example_bash_operator.py for tasks to queue
[2026-04-02T16:24:10.505+0000] {logging_mixin.py:188} INFO - [2026-04-02T16:24:10.505+0000] {dagbag.py:540} INFO - Filling up the DagBag from /home/airflow/.local/lib/python3.12/site-packages/airflow/example_dags/example_bash_operator.py
[2026-04-02T16:24:10.511+0000] {processor.py:840} INFO - DAG(s) 'example_bash_operator' retrieved from /home/airflow/.local/lib/python3.12/site-packages/airflow/example_dags/example_bash_operator.py
[2026-04-02T16:24:10.518+0000] {logging_mixin.py:188} INFO - [2026-04-02T16:24:10.518+0000] {dag.py:3096} INFO - Sync 1 DAGs
[2026-04-02T16:24:10.529+0000] {logging_mixin.py:188} INFO - [2026-04-02T16:24:10.529+0000] {dag.py:3954} INFO - Setting next_dagrun for example_bash_operator to 2026-04-01 00:00:00+00:00, run_after=2026-04-02 00:00:00+00:00
[2026-04-02T16:24:10.538+0000] {processor.py:183} INFO - Processing /home/airflow/.local/lib/python3.12/site-packages/airflow/example_dags/example_bash_operator.py took 0.037 seconds
[2026-04-02T16:24:40.956+0000] {processor.py:161} INFO - Started process (PID=536) to work on /home/airflow/.local/lib/python3.12/site-packages/airflow/example_dags/example_bash_operator.py
[2026-04-02T16:24:40.956+0000] {processor.py:830} INFO - Processing file /home/airflow/.local/lib/python3.12/site-packages/airflow/example_dags/example_bash_operator.py for tasks to queue
[2026-04-02T16:24:40.957+0000] {logging_mixin.py:188} INFO - [2026-04-02T16:24:40.957+0000] {dagbag.py:540} INFO - Filling up the DagBag from /home/airflow/.local/lib/python3.12/site-packages/airflow/example_dags/example_bash_operator.py
[2026-04-02T16:24:40.963+0000] {processor.py:840} INFO - DAG(s) 'example_bash_operator' retrieved from /home/airflow/.local/lib/python3.12/site-packages/airflow/example_dags/example_bash_operator.py
[2026-04-02T16:24:40.970+0000] {logging_mixin.py:188} INFO - [2026-04-02T16:24:40.970+0000] {dag.py:3096} INFO - Sync 1 DAGs
[2026-04-02T16:24:40.981+0000] {logging_mixin.py:188} INFO - [2026-04-02T16:24:40.981+0000] {dag.py:3954} INFO - Setting next_dagrun for example_bash_operator to 2026-04-01 00:00:00+00:00, run_after=2026-04-02 00:00:00+00:00
[2026-04-02T16:24:40.989+0000] {processor.py:183} INFO - Processing /home/airflow/.local/lib/python3.12/site-packages/airflow/example_dags/example_bash_operator.py took 0.037 seconds
[2026-04-02T16:25:13.275+0000] {processor.py:161} INFO - Started process (PID=594) to work on /home/airflow/.local/lib/python3.12/site-packages/airflow/example_dags/example_bash_operator.py
[2026-04-02T16:25:13.276+0000] {processor.py:830} INFO - Processing file /home/airflow/.local/lib/python3.12/site-packages/airflow/example_dags/example_bash_operator.py for tasks to queue
[2026-04-02T16:25:13.277+0000] {logging_mixin.py:188} INFO - [2026-04-02T16:25:13.277+0000] {dagbag.py:540} INFO - Filling up the DagBag from /home/airflow/.local/lib/python3.12/site-packages/airflow/example_dags/example_bash_operator.py
[2026-04-02T16:25:13.283+0000] {processor.py:840} INFO - DAG(s) 'example_bash_operator' retrieved from /home/airflow/.local/lib/python3.12/site-packages/airflow/example_dags/example_bash_operator.py
[2026-04-02T16:25:13.337+0000] {logging_mixin.py:188} INFO - [2026-04-02T16:25:13.337+0000] {dag.py:3096} INFO - Sync 1 DAGs
[2026-04-02T16:25:13.449+0000] {logging_mixin.py:188} INFO - [2026-04-02T16:25:13.448+0000] {dag.py:3954} INFO - Setting next_dagrun for example_bash_operator to 2026-04-01 00:00:00+00:00, run_after=2026-04-02 00:00:00+00:00
[2026-04-02T16:25:13.457+0000] {processor.py:183} INFO - Processing /home/airflow/.local/lib/python3.12/site-packages/airflow/example_dags/example_bash_operator.py took 0.185 seconds
[2026-04-02T16:25:44.291+0000] {processor.py:161} INFO - Started process (PID=652) to work on /home/airflow/.local/lib/python3.12/site-packages/airflow/example_dags/example_bash_operator.py
[2026-04-02T16:25:44.292+0000] {processor.py:830} INFO - Processing file /home/airflow/.local/lib/python3.12/site-packages/airflow/example_dags/example_bash_operator.py for tasks to queue
[2026-04-02T16:25:44.293+0000] {logging_mixin.py:188} INFO - [2026-04-02T16:25:44.293+0000] {dagbag.py:540} INFO - Filling up the DagBag from /home/airflow/.local/lib/python3.12/site-packages/airflow/example_dags/example_bash_operator.py
[2026-04-02T16:25:44.299+0000] {processor.py:840} INFO - DAG(s) 'example_bash_operator' retrieved from /home/airflow/.local/lib/python3.12/site-packages/airflow/example_dags/example_bash_operator.py
[2026-04-02T16:25:44.325+0000] {logging_mixin.py:188} INFO - [2026-04-02T16:25:44.324+0000] {dag.py:3096} INFO - Sync 1 DAGs
[2026-04-02T16:25:44.337+0000] {logging_mixin.py:188} INFO - [2026-04-02T16:25:44.337+0000] {dag.py:3954} INFO - Setting next_dagrun for example_bash_operator to 2026-04-01 00:00:00+00:00, run_after=2026-04-02 00:00:00+00:00
[2026-04-02T16:25:44.351+0000] {processor.py:183} INFO - Processing /home/airflow/.local/lib/python3.12/site-packages/airflow/example_dags/example_bash_operator.py took 0.064 seconds
[2026-04-02T16:26:14.452+0000] {processor.py:161} INFO - Started process (PID=710) to work on /home/airflow/.local/lib/python3.12/site-packages/airflow/example_dags/example_bash_operator.py
[2026-04-02T16:26:14.453+0000] {processor.py:830} INFO - Processing file /home/airflow/.local/lib/python3.12/site-packages/airflow/example_dags/example_bash_operator.py for tasks to queue
[2026-04-02T16:26:14.454+0000] {logging_mixin.py:188} INFO - [2026-04-02T16:26:14.454+0000] {dagbag.py:540} INFO - Filling up the DagBag from /home/airflow/.local/lib/python3.12/site-packages/airflow/example_dags/example_bash_operator.py
[2026-04-02T16:26:14.460+0000] {processor.py:840} INFO - DAG(s) 'example_bash_operator' retrieved from /home/airflow/.local/lib/python3.12/site-packages/airflow/example_dags/example_bash_operator.py
[2026-04-02T16:26:14.483+0000] {logging_mixin.py:188} INFO - [2026-04-02T16:26:14.483+0000] {dag.py:3096} INFO - Sync 1 DAGs
[2026-04-02T16:26:14.496+0000] {logging_mixin.py:188} INFO - [2026-04-02T16:26:14.495+0000] {dag.py:3954} INFO - Setting next_dagrun for example_bash_operator to 2026-04-01 00:00:00+00:00, run_after=2026-04-02 00:00:00+00:00
[2026-04-02T16:26:14.514+0000] {processor.py:183} INFO - Processing /home/airflow/.local/lib/python3.12/site-packages/airflow/example_dags/example_bash_operator.py took 0.065 seconds
[2026-04-02T16:26:44.729+0000] {processor.py:161} INFO - Started process (PID=768) to work on /home/airflow/.local/lib/python3.12/site-packages/airflow/example_dags/example_bash_operator.py
[2026-04-02T16:26:44.730+0000] {processor.py:830} INFO - Processing file /home/airflow/.local/lib/python3.12/site-packages/airflow/example_dags/example_bash_operator.py for tasks to queue
[2026-04-02T16:26:44.731+0000] {logging_mixin.py:188} INFO - [2026-04-02T16:26:44.730+0000] {dagbag.py:540} INFO - Filling up the DagBag from /home/airflow/.local/lib/python3.12/site-packages/airflow/example_dags/example_bash_operator.py
[2026-04-02T16:26:44.737+0000] {processor.py:840} INFO - DAG(s) 'example_bash_operator' retrieved from /home/airflow/.local/lib/python3.12/site-packages/airflow/example_dags/example_bash_operator.py
[2026-04-02T16:26:44.752+0000] {logging_mixin.py:188} INFO - [2026-04-02T16:26:44.752+0000] {dag.py:3096} INFO - Sync 1 DAGs
[2026-04-02T16:26:44.763+0000] {logging_mixin.py:188} INFO - [2026-04-02T16:26:44.763+0000] {dag.py:3954} INFO - Setting next_dagrun for example_bash_operator to 2026-04-01 00:00:00+00:00, run_after=2026-04-02 00:00:00+00:00
[2026-04-02T16:26:44.875+0000] {processor.py:183} INFO - Processing /home/airflow/.local/lib/python3.12/site-packages/airflow/example_dags/example_bash_operator.py took 0.150 seconds
[2026-04-02T16:27:14.905+0000] {processor.py:161} INFO - Started process (PID=826) to work on /home/airflow/.local/lib/python3.12/site-packages/airflow/example_dags/example_bash_operator.py
[2026-04-02T16:27:14.905+0000] {processor.py:830} INFO - Processing file /home/airflow/.local/lib/python3.12/site-packages/airflow/example_dags/example_bash_operator.py for tasks to queue
[2026-04-02T16:27:14.907+0000] {logging_mixin.py:188} INFO - [2026-04-02T16:27:14.906+0000] {dagbag.py:540} INFO - Filling up the DagBag from /home/airflow/.local/lib/python3.12/site-packages/airflow/example_dags/example_bash_operator.py
[2026-04-02T16:27:14.912+0000] {processor.py:840} INFO - DAG(s) 'example_bash_operator' retrieved from /home/airflow/.local/lib/python3.12/site-packages/airflow/example_dags/example_bash_operator.py
[2026-04-02T16:27:14.929+0000] {logging_mixin.py:188} INFO - [2026-04-02T16:27:14.929+0000] {dag.py:3096} INFO - Sync 1 DAGs
[2026-04-02T16:27:14.942+0000] {logging_mixin.py:188} INFO - [2026-04-02T16:27:14.942+0000] {dag.py:3954} INFO - Setting next_dagrun for example_bash_operator to 2026-04-01 00:00:00+00:00, run_after=2026-04-02 00:00:00+00:00
[2026-04-02T16:27:14.953+0000] {processor.py:183} INFO - Processing /home/airflow/.local/lib/python3.12/site-packages/airflow/example_dags/example_bash_operator.py took 0.052 seconds
[2026-04-02T16:27:45.328+0000] {processor.py:161} INFO - Started process (PID=884) to work on /home/airflow/.local/lib/python3.12/site-packages/airflow/example_dags/example_bash_operator.py
[2026-04-02T16:27:45.330+0000] {processor.py:830} INFO - Processing file /home/airflow/.local/lib/python3.12/site-packages/airflow/example_dags/example_bash_operator.py for tasks to queue
[2026-04-02T16:27:45.331+0000] {logging_mixin.py:188} INFO - [2026-04-02T16:27:45.331+0000] {dagbag.py:540} INFO - Filling up the DagBag from /home/airflow/.local/lib/python3.12/site-packages/airflow/example_dags/example_bash_operator.py
[2026-04-02T16:27:45.339+0000] {processor.py:840} INFO - DAG(s) 'example_bash_operator' retrieved from /home/airflow/.local/lib/python3.12/site-packages/airflow/example_dags/example_bash_operator.py
[2026-04-02T16:27:45.350+0000] {logging_mixin.py:188} INFO - [2026-04-02T16:27:45.350+0000] {dag.py:3096} INFO - Sync 1 DAGs
[2026-04-02T16:27:45.363+0000] {logging_mixin.py:188} INFO - [2026-04-02T16:27:45.363+0000] {dag.py:3954} INFO - Setting next_dagrun for example_bash_operator to 2026-04-01 00:00:00+00:00, run_after=2026-04-02 00:00:00+00:00
[2026-04-02T16:27:45.378+0000] {processor.py:183} INFO - Processing /home/airflow/.local/lib/python3.12/site-packages/airflow/example_dags/example_bash_operator.py took 0.054 seconds
[2026-04-02T16:28:16.030+0000] {processor.py:161} INFO - Started process (PID=942) to work on /home/airflow/.local/lib/python3.12/site-packages/airflow/example_dags/example_bash_operator.py
[2026-04-02T16:28:16.030+0000] {processor.py:830} INFO - Processing file /home/airflow/.local/lib/python3.12/site-packages/airflow/example_dags/example_bash_operator.py for tasks to queue
[2026-04-02T16:28:16.031+0000] {logging_mixin.py:188} INFO - [2026-04-02T16:28:16.031+0000] {dagbag.py:540} INFO - Filling up the DagBag from /home/airflow/.local/lib/python3.12/site-packages/airflow/example_dags/example_bash_operator.py
[2026-04-02T16:28:16.037+0000] {processor.py:840} INFO - DAG(s) 'example_bash_operator' retrieved from /home/airflow/.local/lib/python3.12/site-packages/airflow/example_dags/example_bash_operator.py
[2026-04-02T16:28:16.051+0000] {logging_mixin.py:188} INFO - [2026-04-02T16:28:16.051+0000] {dag.py:3096} INFO - Sync 1 DAGs
[2026-04-02T16:28:16.067+0000] {logging_mixin.py:188} INFO - [2026-04-02T16:28:16.067+0000] {dag.py:3954} INFO - Setting next_dagrun for example_bash_operator to 2026-04-01 00:00:00+00:00, run_after=2026-04-02 00:00:00+00:00
[2026-04-02T16:28:16.081+0000] {processor.py:183} INFO - Processing /home/airflow/.local/lib/python3.12/site-packages/airflow/example_dags/example_bash_operator.py took 0.055 seconds
[2026-04-02T16:28:47.542+0000] {processor.py:161} INFO - Started process (PID=1000) to work on /home/airflow/.local/lib/python3.12/site-packages/airflow/example_dags/example_bash_operator.py
[2026-04-02T16:28:47.543+0000] {processor.py:830} INFO - Processing file /home/airflow/.local/lib/python3.12/site-packages/airflow/example_dags/example_bash_operator.py for tasks to queue
[2026-04-02T16:28:47.544+0000] {logging_mixin.py:188} INFO - [2026-04-02T16:28:47.544+0000] {dagbag.py:540} INFO - Filling up the DagBag from /home/airflow/.local/lib/python3.12/site-packages/airflow/example_dags/example_bash_operator.py
[2026-04-02T16:28:47.550+0000] {processor.py:840} INFO - DAG(s) 'example_bash_operator' retrieved from /home/airflow/.local/lib/python3.12/site-packages/airflow/example_dags/example_bash_operator.py
[2026-04-02T16:28:47.702+0000] {logging_mixin.py:188} INFO - [2026-04-02T16:28:47.702+0000] {dag.py:3096} INFO - Sync 1 DAGs
[2026-04-02T16:28:47.715+0000] {logging_mixin.py:188} INFO - [2026-04-02T16:28:47.715+0000] {dag.py:3954} INFO - Setting next_dagrun for example_bash_operator to 2026-04-01 00:00:00+00:00, run_after=2026-04-02 00:00:00+00:00
[2026-04-02T16:28:47.725+0000] {processor.py:183} INFO - Processing /home/airflow/.local/lib/python3.12/site-packages/airflow/example_dags/example_bash_operator.py took 0.186 seconds
[2026-04-02T16:29:18.605+0000] {processor.py:161} INFO - Started process (PID=1058) to work on /home/airflow/.local/lib/python3.12/site-packages/airflow/example_dags/example_bash_operator.py
[2026-04-02T16:29:18.606+0000] {processor.py:830} INFO - Processing file /home/airflow/.local/lib/python3.12/site-packages/airflow/example_dags/example_bash_operator.py for tasks to queue
[2026-04-02T16:29:18.607+0000] {logging_mixin.py:188} INFO - [2026-04-02T16:29:18.607+0000] {dagbag.py:540} INFO - Filling up the DagBag from /home/airflow/.local/lib/python3.12/site-packages/airflow/example_dags/example_bash_operator.py
[2026-04-02T16:29:18.613+0000] {processor.py:840} INFO - DAG(s) 'example_bash_operator' retrieved from /home/airflow/.local/lib/python3.12/site-packages/airflow/example_dags/example_bash_operator.py
[2026-04-02T16:29:18.629+0000] {logging_mixin.py:188} INFO - [2026-04-02T16:29:18.629+0000] {dag.py:3096} INFO - Sync 1 DAGs
[2026-04-02T16:29:18.640+0000] {logging_mixin.py:188} INFO - [2026-04-02T16:29:18.640+0000] {dag.py:3954} INFO - Setting next_dagrun for example_bash_operator to 2026-04-01 00:00:00+00:00, run_after=2026-04-02 00:00:00+00:00
[2026-04-02T16:29:18.648+0000] {processor.py:183} INFO - Processing /home/airflow/.local/lib/python3.12/site-packages/airflow/example_dags/example_bash_operator.py took 0.047 seconds
[2026-04-02T16:29:49.651+0000] {processor.py:161} INFO - Started process (PID=1116) to work on /home/airflow/.local/lib/python3.12/site-packages/airflow/example_dags/example_bash_operator.py
[2026-04-02T16:29:49.652+0000] {processor.py:830} INFO - Processing file /home/airflow/.local/lib/python3.12/site-packages/airflow/example_dags/example_bash_operator.py for tasks to queue
[2026-04-02T16:29:49.653+0000] {logging_mixin.py:188} INFO - [2026-04-02T16:29:49.653+0000] {dagbag.py:540} INFO - Filling up the DagBag from /home/airflow/.local/lib/python3.12/site-packages/airflow/example_dags/example_bash_operator.py
[2026-04-02T16:29:49.659+0000] {processor.py:840} INFO - DAG(s) 'example_bash_operator' retrieved from /home/airflow/.local/lib/python3.12/site-packages/airflow/example_dags/example_bash_operator.py
[2026-04-02T16:29:49.674+0000] {logging_mixin.py:188} INFO - [2026-04-02T16:29:49.674+0000] {dag.py:3096} INFO - Sync 1 DAGs
[2026-04-02T16:29:49.801+0000] {logging_mixin.py:188} INFO - [2026-04-02T16:29:49.800+0000] {dag.py:3954} INFO - Setting next_dagrun for example_bash_operator to 2026-04-01 00:00:00+00:00, run_after=2026-04-02 00:00:00+00:00
[2026-04-02T16:29:49.813+0000] {processor.py:183} INFO - Processing /home/airflow/.local/lib/python3.12/site-packages/airflow/example_dags/example_bash_operator.py took 0.165 seconds
[2026-04-02T16:30:19.958+0000] {processor.py:161} INFO - Started process (PID=1174) to work on /home/airflow/.local/lib/python3.12/site-packages/airflow/example_dags/example_bash_operator.py
[2026-04-02T16:30:19.959+0000] {processor.py:830} INFO - Processing file /home/airflow/.local/lib/python3.12/site-packages/airflow/example_dags/example_bash_operator.py for tasks to queue
[2026-04-02T16:30:19.961+0000] {logging_mixin.py:188} INFO - [2026-04-02T16:30:19.961+0000] {dagbag.py:540} INFO - Filling up the DagBag from /home/airflow/.local/lib/python3.12/site-packages/airflow/example_dags/example_bash_operator.py
[2026-04-02T16:30:19.968+0000] {processor.py:840} INFO - DAG(s) 'example_bash_operator' retrieved from /home/airflow/.local/lib/python3.12/site-packages/airflow/example_dags/example_bash_operator.py
[2026-04-02T16:30:19.984+0000] {logging_mixin.py:188} INFO - [2026-04-02T16:30:19.984+0000] {dag.py:3096} INFO - Sync 1 DAGs
[2026-04-02T16:30:19.996+0000] {logging_mixin.py:188} INFO - [2026-04-02T16:30:19.996+0000] {dag.py:3954} INFO - Setting next_dagrun for example_bash_operator to 2026-04-01 00:00:00+00:00, run_after=2026-04-02 00:00:00+00:00
[2026-04-02T16:30:20.104+0000] {processor.py:183} INFO - Processing /home/airflow/.local/lib/python3.12/site-packages/airflow/example_dags/example_bash_operator.py took 0.149 seconds
[2026-04-02T16:30:50.171+0000] {processor.py:161} INFO - Started process (PID=1232) to work on /home/airflow/.local/lib/python3.12/site-packages/airflow/example_dags/example_bash_operator.py
[2026-04-02T16:30:50.172+0000] {processor.py:830} INFO - Processing file /home/airflow/.local/lib/python3.12/site-packages/airflow/example_dags/example_bash_operator.py for tasks to queue
[2026-04-02T16:30:50.173+0000] {logging_mixin.py:188} INFO - [2026-04-02T16:30:50.173+0000] {dagbag.py:540} INFO - Filling up the DagBag from /home/airflow/.local/lib/python3.12/site-packages/airflow/example_dags/example_bash_operator.py
[2026-04-02T16:30:50.179+0000] {processor.py:840} INFO - DAG(s) 'example_bash_operator' retrieved from /home/airflow/.local/lib/python3.12/site-packages/airflow/example_dags/example_bash_operator.py
[2026-04-02T16:30:50.192+0000] {logging_mixin.py:188} INFO - [2026-04-02T16:30:50.192+0000] {dag.py:3096} INFO - Sync 1 DAGs
[2026-04-02T16:30:50.202+0000] {logging_mixin.py:188} INFO - [2026-04-02T16:30:50.202+0000] {dag.py:3954} INFO - Setting next_dagrun for example_bash_operator to 2026-04-01 00:00:00+00:00, run_after=2026-04-02 00:00:00+00:00
[2026-04-02T16:30:50.210+0000] {processor.py:183} INFO - Processing /home/airflow/.local/lib/python3.12/site-packages/airflow/example_dags/example_bash_operator.py took 0.042 seconds
[2026-04-02T16:31:20.733+0000] {processor.py:161} INFO - Started process (PID=1290) to work on /home/airflow/.local/lib/python3.12/site-packages/airflow/example_dags/example_bash_operator.py
[2026-04-02T16:31:20.733+0000] {processor.py:830} INFO - Processing file /home/airflow/.local/lib/python3.12/site-packages/airflow/example_dags/example_bash_operator.py for tasks to queue
[2026-04-02T16:31:20.734+0000] {logging_mixin.py:188} INFO - [2026-04-02T16:31:20.734+0000] {dagbag.py:540} INFO - Filling up the DagBag from /home/airflow/.local/lib/python3.12/site-packages/airflow/example_dags/example_bash_operator.py
[2026-04-02T16:31:20.740+0000] {processor.py:840} INFO - DAG(s) 'example_bash_operator' retrieved from /home/airflow/.local/lib/python3.12/site-packages/airflow/example_dags/example_bash_operator.py
[2026-04-02T16:31:20.754+0000] {logging_mixin.py:188} INFO - [2026-04-02T16:31:20.754+0000] {dag.py:3096} INFO - Sync 1 DAGs
[2026-04-02T16:31:20.765+0000] {logging_mixin.py:188} INFO - [2026-04-02T16:31:20.765+0000] {dag.py:3954} INFO - Setting next_dagrun for example_bash_operator to 2026-04-01 00:00:00+00:00, run_after=2026-04-02 00:00:00+00:00
[2026-04-02T16:31:20.773+0000] {processor.py:183} INFO - Processing /home/airflow/.local/lib/python3.12/site-packages/airflow/example_dags/example_bash_operator.py took 0.044 seconds
[2026-04-02T16:31:51.408+0000] {processor.py:161} INFO - Started process (PID=1348) to work on /home/airflow/.local/lib/python3.12/site-packages/airflow/example_dags/example_bash_operator.py
[2026-04-02T16:31:51.409+0000] {processor.py:830} INFO - Processing file /home/airflow/.local/lib/python3.12/site-packages/airflow/example_dags/example_bash_operator.py for tasks to queue
[2026-04-02T16:31:51.410+0000] {logging_mixin.py:188} INFO - [2026-04-02T16:31:51.410+0000] {dagbag.py:540} INFO - Filling up the DagBag from /home/airflow/.local/lib/python3.12/site-packages/airflow/example_dags/example_bash_operator.py
[2026-04-02T16:31:51.416+0000] {processor.py:840} INFO - DAG(s) 'example_bash_operator' retrieved from /home/airflow/.local/lib/python3.12/site-packages/airflow/example_dags/example_bash_operator.py
[2026-04-02T16:31:51.431+0000] {logging_mixin.py:188} INFO - [2026-04-02T16:31:51.431+0000] {dag.py:3096} INFO - Sync 1 DAGs
[2026-04-02T16:31:51.444+0000] {logging_mixin.py:188} INFO - [2026-04-02T16:31:51.443+0000] {dag.py:3954} INFO - Setting next_dagrun for example_bash_operator to 2026-04-01 00:00:00+00:00, run_after=2026-04-02 00:00:00+00:00
[2026-04-02T16:31:51.453+0000] {processor.py:183} INFO - Processing /home/airflow/.local/lib/python3.12/site-packages/airflow/example_dags/example_bash_operator.py took 0.048 seconds
[2026-04-02T16:32:22.170+0000] {processor.py:161} INFO - Started process (PID=1406) to work on /home/airflow/.local/lib/python3.12/site-packages/airflow/example_dags/example_bash_operator.py
[2026-04-02T16:32:22.170+0000] {processor.py:830} INFO - Processing file /home/airflow/.local/lib/python3.12/site-packages/airflow/example_dags/example_bash_operator.py for tasks to queue
[2026-04-02T16:32:22.171+0000] {logging_mixin.py:188} INFO - [2026-04-02T16:32:22.171+0000] {dagbag.py:540} INFO - Filling up the DagBag from /home/airflow/.local/lib/python3.12/site-packages/airflow/example_dags/example_bash_operator.py
[2026-04-02T16:32:22.177+0000] {processor.py:840} INFO - DAG(s) 'example_bash_operator' retrieved from /home/airflow/.local/lib/python3.12/site-packages/airflow/example_dags/example_bash_operator.py
[2026-04-02T16:32:22.193+0000] {logging_mixin.py:188} INFO - [2026-04-02T16:32:22.193+0000] {dag.py:3096} INFO - Sync 1 DAGs
[2026-04-02T16:32:22.204+0000] {logging_mixin.py:188} INFO - [2026-04-02T16:32:22.204+0000] {dag.py:3954} INFO - Setting next_dagrun for example_bash_operator to 2026-04-01 00:00:00+00:00, run_after=2026-04-02 00:00:00+00:00
[2026-04-02T16:32:22.214+0000] {processor.py:183} INFO - Processing /home/airflow/.local/lib/python3.12/site-packages/airflow/example_dags/example_bash_operator.py took 0.047 seconds
[2026-04-02T16:32:52.810+0000] {processor.py:161} INFO - Started process (PID=1464) to work on /home/airflow/.local/lib/python3.12/site-packages/airflow/example_dags/example_bash_operator.py
[2026-04-02T16:32:52.811+0000] {processor.py:830} INFO - Processing file /home/airflow/.local/lib/python3.12/site-packages/airflow/example_dags/example_bash_operator.py for tasks to queue
[2026-04-02T16:32:52.811+0000] {logging_mixin.py:188} INFO - [2026-04-02T16:32:52.811+0000] {dagbag.py:540} INFO - Filling up the DagBag from /home/airflow/.local/lib/python3.12/site-packages/airflow/example_dags/example_bash_operator.py
[2026-04-02T16:32:52.817+0000] {processor.py:840} INFO - DAG(s) 'example_bash_operator' retrieved from /home/airflow/.local/lib/python3.12/site-packages/airflow/example_dags/example_bash_operator.py
[2026-04-02T16:32:52.831+0000] {logging_mixin.py:188} INFO - [2026-04-02T16:32:52.831+0000] {dag.py:3096} INFO - Sync 1 DAGs
[2026-04-02T16:32:52.842+0000] {logging_mixin.py:188} INFO - [2026-04-02T16:32:52.842+0000] {dag.py:3954} INFO - Setting next_dagrun for example_bash_operator to 2026-04-01 00:00:00+00:00, run_after=2026-04-02 00:00:00+00:00
[2026-04-02T16:32:52.850+0000] {processor.py:183} INFO - Processing /home/airflow/.local/lib/python3.12/site-packages/airflow/example_dags/example_bash_operator.py took 0.043 seconds
[2026-04-02T16:33:23.320+0000] {processor.py:161} INFO - Started process (PID=1522) to work on /home/airflow/.local/lib/python3.12/site-packages/airflow/example_dags/example_bash_operator.py
[2026-04-02T16:33:23.321+0000] {processor.py:830} INFO - Processing file /home/airflow/.local/lib/python3.12/site-packages/airflow/example_dags/example_bash_operator.py for tasks to queue
[2026-04-02T16:33:23.323+0000] {logging_mixin.py:188} INFO - [2026-04-02T16:33:23.323+0000] {dagbag.py:540} INFO - Filling up the DagBag from /home/airflow/.local/lib/python3.12/site-packages/airflow/example_dags/example_bash_operator.py
[2026-04-02T16:33:23.329+0000] {processor.py:840} INFO - DAG(s) 'example_bash_operator' retrieved from /home/airflow/.local/lib/python3.12/site-packages/airflow/example_dags/example_bash_operator.py
[2026-04-02T16:33:23.345+0000] {logging_mixin.py:188} INFO - [2026-04-02T16:33:23.345+0000] {dag.py:3096} INFO - Sync 1 DAGs
[2026-04-02T16:33:23.356+0000] {logging_mixin.py:188} INFO - [2026-04-02T16:33:23.356+0000] {dag.py:3954} INFO - Setting next_dagrun for example_bash_operator to 2026-04-01 00:00:00+00:00, run_after=2026-04-02 00:00:00+00:00
[2026-04-02T16:33:23.364+0000] {processor.py:183} INFO - Processing /home/airflow/.local/lib/python3.12/site-packages/airflow/example_dags/example_bash_operator.py took 0.047 seconds
[2026-04-02T16:33:54.014+0000] {processor.py:161} INFO - Started process (PID=1580) to work on /home/airflow/.local/lib/python3.12/site-packages/airflow/example_dags/example_bash_operator.py
[2026-04-02T16:33:54.014+0000] {processor.py:830} INFO - Processing file /home/airflow/.local/lib/python3.12/site-packages/airflow/example_dags/example_bash_operator.py for tasks to queue
[2026-04-02T16:33:54.016+0000] {logging_mixin.py:188} INFO - [2026-04-02T16:33:54.016+0000] {dagbag.py:540} INFO - Filling up the DagBag from /home/airflow/.local/lib/python3.12/site-packages/airflow/example_dags/example_bash_operator.py
[2026-04-02T16:33:54.021+0000] {processor.py:840} INFO - DAG(s) 'example_bash_operator' retrieved from /home/airflow/.local/lib/python3.12/site-packages/airflow/example_dags/example_bash_operator.py
[2026-04-02T16:33:54.035+0000] {logging_mixin.py:188} INFO - [2026-04-02T16:33:54.034+0000] {dag.py:3096} INFO - Sync 1 DAGs
[2026-04-02T16:33:54.044+0000] {logging_mixin.py:188} INFO - [2026-04-02T16:33:54.044+0000] {dag.py:3954} INFO - Setting next_dagrun for example_bash_operator to 2026-04-01 00:00:00+00:00, run_after=2026-04-02 00:00:00+00:00
[2026-04-02T16:33:54.053+0000] {processor.py:183} INFO - Processing /home/airflow/.local/lib/python3.12/site-packages/airflow/example_dags/example_bash_operator.py took 0.043 seconds
[2026-04-02T16:34:24.705+0000] {processor.py:161} INFO - Started process (PID=1638) to work on /home/airflow/.local/lib/python3.12/site-packages/airflow/example_dags/example_bash_operator.py
[2026-04-02T16:34:24.706+0000] {processor.py:830} INFO - Processing file /home/airflow/.local/lib/python3.12/site-packages/airflow/example_dags/example_bash_operator.py for tasks to queue
[2026-04-02T16:34:24.707+0000] {logging_mixin.py:188} INFO - [2026-04-02T16:34:24.707+0000] {dagbag.py:540} INFO - Filling up the DagBag from /home/airflow/.local/lib/python3.12/site-packages/airflow/example_dags/example_bash_operator.py
[2026-04-02T16:34:24.714+0000] {processor.py:840} INFO - DAG(s) 'example_bash_operator' retrieved from /home/airflow/.local/lib/python3.12/site-packages/airflow/example_dags/example_bash_operator.py
[2026-04-02T16:34:24.729+0000] {logging_mixin.py:188} INFO - [2026-04-02T16:34:24.729+0000] {dag.py:3096} INFO - Sync 1 DAGs
[2026-04-02T16:34:24.740+0000] {logging_mixin.py:188} INFO - [2026-04-02T16:34:24.740+0000] {dag.py:3954} INFO - Setting next_dagrun for example_bash_operator to 2026-04-01 00:00:00+00:00, run_after=2026-04-02 00:00:00+00:00
[2026-04-02T16:34:24.749+0000] {processor.py:183} INFO - Processing /home/airflow/.local/lib/python3.12/site-packages/airflow/example_dags/example_bash_operator.py took 0.047 seconds
[2026-04-02T16:34:55.406+0000] {processor.py:161} INFO - Started process (PID=1696) to work on /home/airflow/.local/lib/python3.12/site-packages/airflow/example_dags/example_bash_operator.py
[2026-04-02T16:34:55.406+0000] {processor.py:830} INFO - Processing file /home/airflow/.local/lib/python3.12/site-packages/airflow/example_dags/example_bash_operator.py for tasks to queue
[2026-04-02T16:34:55.407+0000] {logging_mixin.py:188} INFO - [2026-04-02T16:34:55.407+0000] {dagbag.py:540} INFO - Filling up the DagBag from /home/airflow/.local/lib/python3.12/site-packages/airflow/example_dags/example_bash_operator.py
[2026-04-02T16:34:55.413+0000] {processor.py:840} INFO - DAG(s) 'example_bash_operator' retrieved from /home/airflow/.local/lib/python3.12/site-packages/airflow/example_dags/example_bash_operator.py
[2026-04-02T16:34:55.426+0000] {logging_mixin.py:188} INFO - [2026-04-02T16:34:55.426+0000] {dag.py:3096} INFO - Sync 1 DAGs
[2026-04-02T16:34:55.437+0000] {logging_mixin.py:188} INFO - [2026-04-02T16:34:55.437+0000] {dag.py:3954} INFO - Setting next_dagrun for example_bash_operator to 2026-04-01 00:00:00+00:00, run_after=2026-04-02 00:00:00+00:00
[2026-04-02T16:34:55.445+0000] {processor.py:183} INFO - Processing /home/airflow/.local/lib/python3.12/site-packages/airflow/example_dags/example_bash_operator.py took 0.042 seconds
[2026-04-02T16:35:25.995+0000] {processor.py:161} INFO - Started process (PID=1754) to work on /home/airflow/.local/lib/python3.12/site-packages/airflow/example_dags/example_bash_operator.py
[2026-04-02T16:35:25.996+0000] {processor.py:830} INFO - Processing file /home/airflow/.local/lib/python3.12/site-packages/airflow/example_dags/example_bash_operator.py for tasks to queue
[2026-04-02T16:35:25.997+0000] {logging_mixin.py:188} INFO - [2026-04-02T16:35:25.997+0000] {dagbag.py:540} INFO - Filling up the DagBag from /home/airflow/.local/lib/python3.12/site-packages/airflow/example_dags/example_bash_operator.py
[2026-04-02T16:35:26.004+0000] {processor.py:840} INFO - DAG(s) 'example_bash_operator' retrieved from /home/airflow/.local/lib/python3.12/site-packages/airflow/example_dags/example_bash_operator.py
[2026-04-02T16:35:26.020+0000] {logging_mixin.py:188} INFO - [2026-04-02T16:35:26.020+0000] {dag.py:3096} INFO - Sync 1 DAGs
[2026-04-02T16:35:26.031+0000] {logging_mixin.py:188} INFO - [2026-04-02T16:35:26.031+0000] {dag.py:3954} INFO - Setting next_dagrun for example_bash_operator to 2026-04-01 00:00:00+00:00, run_after=2026-04-02 00:00:00+00:00
[2026-04-02T16:35:26.040+0000] {processor.py:183} INFO - Processing /home/airflow/.local/lib/python3.12/site-packages/airflow/example_dags/example_bash_operator.py took 0.048 seconds
[2026-04-02T16:35:56.652+0000] {processor.py:161} INFO - Started process (PID=1812) to work on /home/airflow/.local/lib/python3.12/site-packages/airflow/example_dags/example_bash_operator.py
[2026-04-02T16:35:56.653+0000] {processor.py:830} INFO - Processing file /home/airflow/.local/lib/python3.12/site-packages/airflow/example_dags/example_bash_operator.py for tasks to queue
[2026-04-02T16:35:56.654+0000] {logging_mixin.py:188} INFO - [2026-04-02T16:35:56.654+0000] {dagbag.py:540} INFO - Filling up the DagBag from /home/airflow/.local/lib/python3.12/site-packages/airflow/example_dags/example_bash_operator.py
[2026-04-02T16:35:56.660+0000] {processor.py:840} INFO - DAG(s) 'example_bash_operator' retrieved from /home/airflow/.local/lib/python3.12/site-packages/airflow/example_dags/example_bash_operator.py
[2026-04-02T16:35:56.677+0000] {logging_mixin.py:188} INFO - [2026-04-02T16:35:56.677+0000] {dag.py:3096} INFO - Sync 1 DAGs
[2026-04-02T16:35:56.689+0000] {logging_mixin.py:188} INFO - [2026-04-02T16:35:56.688+0000] {dag.py:3954} INFO - Setting next_dagrun for example_bash_operator to 2026-04-01 00:00:00+00:00, run_after=2026-04-02 00:00:00+00:00
[2026-04-02T16:35:56.697+0000] {processor.py:183} INFO - Processing /home/airflow/.local/lib/python3.12/site-packages/airflow/example_dags/example_bash_operator.py took 0.049 seconds
[2026-04-02T16:36:27.278+0000] {processor.py:161} INFO - Started process (PID=1870) to work on /home/airflow/.local/lib/python3.12/site-packages/airflow/example_dags/example_bash_operator.py
[2026-04-02T16:36:27.278+0000] {processor.py:830} INFO - Processing file /home/airflow/.local/lib/python3.12/site-packages/airflow/example_dags/example_bash_operator.py for tasks to queue
[2026-04-02T16:36:27.279+0000] {logging_mixin.py:188} INFO - [2026-04-02T16:36:27.279+0000] {dagbag.py:540} INFO - Filling up the DagBag from /home/airflow/.local/lib/python3.12/site-packages/airflow/example_dags/example_bash_operator.py
[2026-04-02T16:36:27.285+0000] {processor.py:840} INFO - DAG(s) 'example_bash_operator' retrieved from /home/airflow/.local/lib/python3.12/site-packages/airflow/example_dags/example_bash_operator.py
[2026-04-02T16:36:27.299+0000] {logging_mixin.py:188} INFO - [2026-04-02T16:36:27.299+0000] {dag.py:3096} INFO - Sync 1 DAGs
[2026-04-02T16:36:27.309+0000] {logging_mixin.py:188} INFO - [2026-04-02T16:36:27.309+0000] {dag.py:3954} INFO - Setting next_dagrun for example_bash_operator to 2026-04-01 00:00:00+00:00, run_after=2026-04-02 00:00:00+00:00
[2026-04-02T16:36:27.318+0000] {processor.py:183} INFO - Processing /home/airflow/.local/lib/python3.12/site-packages/airflow/example_dags/example_bash_operator.py took 0.043 seconds
[2026-04-02T16:36:57.849+0000] {processor.py:161} INFO - Started process (PID=1928) to work on /home/airflow/.local/lib/python3.12/site-packages/airflow/example_dags/example_bash_operator.py
[2026-04-02T16:36:57.850+0000] {processor.py:830} INFO - Processing file /home/airflow/.local/lib/python3.12/site-packages/airflow/example_dags/example_bash_operator.py for tasks to queue
[2026-04-02T16:36:57.851+0000] {logging_mixin.py:188} INFO - [2026-04-02T16:36:57.851+0000] {dagbag.py:540} INFO - Filling up the DagBag from /home/airflow/.local/lib/python3.12/site-packages/airflow/example_dags/example_bash_operator.py
[2026-04-02T16:36:57.857+0000] {processor.py:840} INFO - DAG(s) 'example_bash_operator' retrieved from /home/airflow/.local/lib/python3.12/site-packages/airflow/example_dags/example_bash_operator.py
[2026-04-02T16:36:57.870+0000] {logging_mixin.py:188} INFO - [2026-04-02T16:36:57.870+0000] {dag.py:3096} INFO - Sync 1 DAGs
[2026-04-02T16:36:57.880+0000] {logging_mixin.py:188} INFO - [2026-04-02T16:36:57.880+0000] {dag.py:3954} INFO - Setting next_dagrun for example_bash_operator to 2026-04-01 00:00:00+00:00, run_after=2026-04-02 00:00:00+00:00
[2026-04-02T16:36:57.890+0000] {processor.py:183} INFO - Processing /home/airflow/.local/lib/python3.12/site-packages/airflow/example_dags/example_bash_operator.py took 0.043 seconds
[2026-04-02T16:37:28.559+0000] {processor.py:161} INFO - Started process (PID=1986) to work on /home/airflow/.local/lib/python3.12/site-packages/airflow/example_dags/example_bash_operator.py
[2026-04-02T16:37:28.559+0000] {processor.py:830} INFO - Processing file /home/airflow/.local/lib/python3.12/site-packages/airflow/example_dags/example_bash_operator.py for tasks to queue
[2026-04-02T16:37:28.560+0000] {logging_mixin.py:188} INFO - [2026-04-02T16:37:28.560+0000] {dagbag.py:540} INFO - Filling up the DagBag from /home/airflow/.local/lib/python3.12/site-packages/airflow/example_dags/example_bash_operator.py
[2026-04-02T16:37:28.566+0000] {processor.py:840} INFO - DAG(s) 'example_bash_operator' retrieved from /home/airflow/.local/lib/python3.12/site-packages/airflow/example_dags/example_bash_operator.py
[2026-04-02T16:37:28.580+0000] {logging_mixin.py:188} INFO - [2026-04-02T16:37:28.579+0000] {dag.py:3096} INFO - Sync 1 DAGs
[2026-04-02T16:37:28.590+0000] {logging_mixin.py:188} INFO - [2026-04-02T16:37:28.590+0000] {dag.py:3954} INFO - Setting next_dagrun for example_bash_operator to 2026-04-01 00:00:00+00:00, run_after=2026-04-02 00:00:00+00:00
[2026-04-02T16:37:28.598+0000] {processor.py:183} INFO - Processing /home/airflow/.local/lib/python3.12/site-packages/airflow/example_dags/example_bash_operator.py took 0.042 seconds
[2026-04-02T16:37:59.083+0000] {processor.py:161} INFO - Started process (PID=2044) to work on /home/airflow/.local/lib/python3.12/site-packages/airflow/example_dags/example_bash_operator.py
[2026-04-02T16:37:59.083+0000] {processor.py:830} INFO - Processing file /home/airflow/.local/lib/python3.12/site-packages/airflow/example_dags/example_bash_operator.py for tasks to queue
[2026-04-02T16:37:59.084+0000] {logging_mixin.py:188} INFO - [2026-04-02T16:37:59.084+0000] {dagbag.py:540} INFO - Filling up the DagBag from /home/airflow/.local/lib/python3.12/site-packages/airflow/example_dags/example_bash_operator.py
[2026-04-02T16:37:59.090+0000] {processor.py:840} INFO - DAG(s) 'example_bash_operator' retrieved from /home/airflow/.local/lib/python3.12/site-packages/airflow/example_dags/example_bash_operator.py
[2026-04-02T16:37:59.104+0000] {logging_mixin.py:188} INFO - [2026-04-02T16:37:59.103+0000] {dag.py:3096} INFO - Sync 1 DAGs
[2026-04-02T16:37:59.114+0000] {logging_mixin.py:188} INFO - [2026-04-02T16:37:59.114+0000] {dag.py:3954} INFO - Setting next_dagrun for example_bash_operator to 2026-04-01 00:00:00+00:00, run_after=2026-04-02 00:00:00+00:00
[2026-04-02T16:37:59.121+0000] {processor.py:183} INFO - Processing /home/airflow/.local/lib/python3.12/site-packages/airflow/example_dags/example_bash_operator.py took 0.042 seconds
[2026-04-02T16:38:29.845+0000] {processor.py:161} INFO - Started process (PID=2102) to work on /home/airflow/.local/lib/python3.12/site-packages/airflow/example_dags/example_bash_operator.py
[2026-04-02T16:38:29.846+0000] {processor.py:830} INFO - Processing file /home/airflow/.local/lib/python3.12/site-packages/airflow/example_dags/example_bash_operator.py for tasks to queue
[2026-04-02T16:38:29.847+0000] {logging_mixin.py:188} INFO - [2026-04-02T16:38:29.846+0000] {dagbag.py:540} INFO - Filling up the DagBag from /home/airflow/.local/lib/python3.12/site-packages/airflow/example_dags/example_bash_operator.py
[2026-04-02T16:38:29.853+0000] {processor.py:840} INFO - DAG(s) 'example_bash_operator' retrieved from /home/airflow/.local/lib/python3.12/site-packages/airflow/example_dags/example_bash_operator.py
[2026-04-02T16:38:29.868+0000] {logging_mixin.py:188} INFO - [2026-04-02T16:38:29.868+0000] {dag.py:3096} INFO - Sync 1 DAGs
[2026-04-02T16:38:29.879+0000] {logging_mixin.py:188} INFO - [2026-04-02T16:38:29.878+0000] {dag.py:3954} INFO - Setting next_dagrun for example_bash_operator to 2026-04-01 00:00:00+00:00, run_after=2026-04-02 00:00:00+00:00
[2026-04-02T16:38:29.888+0000] {processor.py:183} INFO - Processing /home/airflow/.local/lib/python3.12/site-packages/airflow/example_dags/example_bash_operator.py took 0.046 seconds
[2026-04-02T16:39:00.525+0000] {processor.py:161} INFO - Started process (PID=2160) to work on /home/airflow/.local/lib/python3.12/site-packages/airflow/example_dags/example_bash_operator.py
[2026-04-02T16:39:00.526+0000] {processor.py:830} INFO - Processing file /home/airflow/.local/lib/python3.12/site-packages/airflow/example_dags/example_bash_operator.py for tasks to queue
[2026-04-02T16:39:00.527+0000] {logging_mixin.py:188} INFO - [2026-04-02T16:39:00.526+0000] {dagbag.py:540} INFO - Filling up the DagBag from /home/airflow/.local/lib/python3.12/site-packages/airflow/example_dags/example_bash_operator.py
[2026-04-02T16:39:00.533+0000] {processor.py:840} INFO - DAG(s) 'example_bash_operator' retrieved from /home/airflow/.local/lib/python3.12/site-packages/airflow/example_dags/example_bash_operator.py
[2026-04-02T16:39:00.547+0000] {logging_mixin.py:188} INFO - [2026-04-02T16:39:00.547+0000] {dag.py:3096} INFO - Sync 1 DAGs
[2026-04-02T16:39:00.560+0000] {logging_mixin.py:188} INFO - [2026-04-02T16:39:00.560+0000] {dag.py:3954} INFO - Setting next_dagrun for example_bash_operator to 2026-04-01 00:00:00+00:00, run_after=2026-04-02 00:00:00+00:00
[2026-04-02T16:39:00.569+0000] {processor.py:183} INFO - Processing /home/airflow/.local/lib/python3.12/site-packages/airflow/example_dags/example_bash_operator.py took 0.047 seconds
[2026-04-02T16:39:31.117+0000] {processor.py:161} INFO - Started process (PID=2218) to work on /home/airflow/.local/lib/python3.12/site-packages/airflow/example_dags/example_bash_operator.py
[2026-04-02T16:39:31.117+0000] {processor.py:830} INFO - Processing file /home/airflow/.local/lib/python3.12/site-packages/airflow/example_dags/example_bash_operator.py for tasks to queue
[2026-04-02T16:39:31.118+0000] {logging_mixin.py:188} INFO - [2026-04-02T16:39:31.118+0000] {dagbag.py:540} INFO - Filling up the DagBag from /home/airflow/.local/lib/python3.12/site-packages/airflow/example_dags/example_bash_operator.py
[2026-04-02T16:39:31.124+0000] {processor.py:840} INFO - DAG(s) 'example_bash_operator' retrieved from /home/airflow/.local/lib/python3.12/site-packages/airflow/example_dags/example_bash_operator.py
[2026-04-02T16:39:31.138+0000] {logging_mixin.py:188} INFO - [2026-04-02T16:39:31.138+0000] {dag.py:3096} INFO - Sync 1 DAGs
[2026-04-02T16:39:31.148+0000] {logging_mixin.py:188} INFO - [2026-04-02T16:39:31.148+0000] {dag.py:3954} INFO - Setting next_dagrun for example_bash_operator to 2026-04-01 00:00:00+00:00, run_after=2026-04-02 00:00:00+00:00
[2026-04-02T16:39:31.157+0000] {processor.py:183} INFO - Processing /home/airflow/.local/lib/python3.12/site-packages/airflow/example_dags/example_bash_operator.py took 0.043 seconds
[2026-04-02T16:40:01.748+0000] {processor.py:161} INFO - Started process (PID=2276) to work on /home/airflow/.local/lib/python3.12/site-packages/airflow/example_dags/example_bash_operator.py
[2026-04-02T16:40:01.748+0000] {processor.py:830} INFO - Processing file /home/airflow/.local/lib/python3.12/site-packages/airflow/example_dags/example_bash_operator.py for tasks to queue
[2026-04-02T16:40:01.749+0000] {logging_mixin.py:188} INFO - [2026-04-02T16:40:01.749+0000] {dagbag.py:540} INFO - Filling up the DagBag from /home/airflow/.local/lib/python3.12/site-packages/airflow/example_dags/example_bash_operator.py
[2026-04-02T16:40:01.755+0000] {processor.py:840} INFO - DAG(s) 'example_bash_operator' retrieved from /home/airflow/.local/lib/python3.12/site-packages/airflow/example_dags/example_bash_operator.py
[2026-04-02T16:40:01.768+0000] {logging_mixin.py:188} INFO - [2026-04-02T16:40:01.768+0000] {dag.py:3096} INFO - Sync 1 DAGs
[2026-04-02T16:40:01.778+0000] {logging_mixin.py:188} INFO - [2026-04-02T16:40:01.778+0000] {dag.py:3954} INFO - Setting next_dagrun for example_bash_operator to 2026-04-01 00:00:00+00:00, run_after=2026-04-02 00:00:00+00:00
[2026-04-02T16:40:01.785+0000] {processor.py:183} INFO - Processing /home/airflow/.local/lib/python3.12/site-packages/airflow/example_dags/example_bash_operator.py took 0.041 seconds
[2026-04-02T16:40:32.436+0000] {processor.py:161} INFO - Started process (PID=2334) to work on /home/airflow/.local/lib/python3.12/site-packages/airflow/example_dags/example_bash_operator.py
[2026-04-02T16:40:32.437+0000] {processor.py:830} INFO - Processing file /home/airflow/.local/lib/python3.12/site-packages/airflow/example_dags/example_bash_operator.py for tasks to queue
[2026-04-02T16:40:32.438+0000] {logging_mixin.py:188} INFO - [2026-04-02T16:40:32.438+0000] {dagbag.py:540} INFO - Filling up the DagBag from /home/airflow/.local/lib/python3.12/site-packages/airflow/example_dags/example_bash_operator.py
[2026-04-02T16:40:32.444+0000] {processor.py:840} INFO - DAG(s) 'example_bash_operator' retrieved from /home/airflow/.local/lib/python3.12/site-packages/airflow/example_dags/example_bash_operator.py
[2026-04-02T16:40:32.461+0000] {logging_mixin.py:188} INFO - [2026-04-02T16:40:32.461+0000] {dag.py:3096} INFO - Sync 1 DAGs
[2026-04-02T16:40:32.473+0000] {logging_mixin.py:188} INFO - [2026-04-02T16:40:32.473+0000] {dag.py:3954} INFO - Setting next_dagrun for example_bash_operator to 2026-04-01 00:00:00+00:00, run_after=2026-04-02 00:00:00+00:00
[2026-04-02T16:40:32.483+0000] {processor.py:183} INFO - Processing /home/airflow/.local/lib/python3.12/site-packages/airflow/example_dags/example_bash_operator.py took 0.050 seconds
[2026-04-02T16:41:03.366+0000] {processor.py:161} INFO - Started process (PID=2392) to work on /home/airflow/.local/lib/python3.12/site-packages/airflow/example_dags/example_bash_operator.py
[2026-04-02T16:41:03.366+0000] {processor.py:830} INFO - Processing file /home/airflow/.local/lib/python3.12/site-packages/airflow/example_dags/example_bash_operator.py for tasks to queue
[2026-04-02T16:41:03.367+0000] {logging_mixin.py:188} INFO - [2026-04-02T16:41:03.367+0000] {dagbag.py:540} INFO - Filling up the DagBag from /home/airflow/.local/lib/python3.12/site-packages/airflow/example_dags/example_bash_operator.py
[2026-04-02T16:41:03.374+0000] {processor.py:840} INFO - DAG(s) 'example_bash_operator' retrieved from /home/airflow/.local/lib/python3.12/site-packages/airflow/example_dags/example_bash_operator.py
[2026-04-02T16:41:03.392+0000] {logging_mixin.py:188} INFO - [2026-04-02T16:41:03.392+0000] {dag.py:3096} INFO - Sync 1 DAGs
[2026-04-02T16:41:03.402+0000] {logging_mixin.py:188} INFO - [2026-04-02T16:41:03.402+0000] {dag.py:3954} INFO - Setting next_dagrun for example_bash_operator to 2026-04-01 00:00:00+00:00, run_after=2026-04-02 00:00:00+00:00
[2026-04-02T16:41:03.410+0000] {processor.py:183} INFO - Processing /home/airflow/.local/lib/python3.12/site-packages/airflow/example_dags/example_bash_operator.py took 0.048 seconds
[2026-04-02T16:41:34.243+0000] {processor.py:161} INFO - Started process (PID=2450) to work on /home/airflow/.local/lib/python3.12/site-packages/airflow/example_dags/example_bash_operator.py
[2026-04-02T16:41:34.243+0000] {processor.py:830} INFO - Processing file /home/airflow/.local/lib/python3.12/site-packages/airflow/example_dags/example_bash_operator.py for tasks to queue
[2026-04-02T16:41:34.244+0000] {logging_mixin.py:188} INFO - [2026-04-02T16:41:34.244+0000] {dagbag.py:540} INFO - Filling up the DagBag from /home/airflow/.local/lib/python3.12/site-packages/airflow/example_dags/example_bash_operator.py
[2026-04-02T16:41:34.250+0000] {processor.py:840} INFO - DAG(s) 'example_bash_operator' retrieved from /home/airflow/.local/lib/python3.12/site-packages/airflow/example_dags/example_bash_operator.py
[2026-04-02T16:41:34.264+0000] {logging_mixin.py:188} INFO - [2026-04-02T16:41:34.264+0000] {dag.py:3096} INFO - Sync 1 DAGs
[2026-04-02T16:41:34.275+0000] {logging_mixin.py:188} INFO - [2026-04-02T16:41:34.274+0000] {dag.py:3954} INFO - Setting next_dagrun for example_bash_operator to 2026-04-01 00:00:00+00:00, run_after=2026-04-02 00:00:00+00:00
[2026-04-02T16:41:34.283+0000] {processor.py:183} INFO - Processing /home/airflow/.local/lib/python3.12/site-packages/airflow/example_dags/example_bash_operator.py took 0.044 seconds
[2026-04-02T16:42:05.153+0000] {processor.py:161} INFO - Started process (PID=2508) to work on /home/airflow/.local/lib/python3.12/site-packages/airflow/example_dags/example_bash_operator.py
[2026-04-02T16:42:05.153+0000] {processor.py:830} INFO - Processing file /home/airflow/.local/lib/python3.12/site-packages/airflow/example_dags/example_bash_operator.py for tasks to queue
[2026-04-02T16:42:05.154+0000] {logging_mixin.py:188} INFO - [2026-04-02T16:42:05.154+0000] {dagbag.py:540} INFO - Filling up the DagBag from /home/airflow/.local/lib/python3.12/site-packages/airflow/example_dags/example_bash_operator.py
[2026-04-02T16:42:05.160+0000] {processor.py:840} INFO - DAG(s) 'example_bash_operator' retrieved from /home/airflow/.local/lib/python3.12/site-packages/airflow/example_dags/example_bash_operator.py
[2026-04-02T16:42:05.173+0000] {logging_mixin.py:188} INFO - [2026-04-02T16:42:05.173+0000] {dag.py:3096} INFO - Sync 1 DAGs
[2026-04-02T16:42:05.183+0000] {logging_mixin.py:188} INFO - [2026-04-02T16:42:05.183+0000] {dag.py:3954} INFO - Setting next_dagrun for example_bash_operator to 2026-04-01 00:00:00+00:00, run_after=2026-04-02 00:00:00+00:00
[2026-04-02T16:42:05.191+0000] {processor.py:183} INFO - Processing /home/airflow/.local/lib/python3.12/site-packages/airflow/example_dags/example_bash_operator.py took 0.042 seconds
[2026-04-02T16:42:36.085+0000] {processor.py:161} INFO - Started process (PID=2566) to work on /home/airflow/.local/lib/python3.12/site-packages/airflow/example_dags/example_bash_operator.py
[2026-04-02T16:42:36.086+0000] {processor.py:830} INFO - Processing file /home/airflow/.local/lib/python3.12/site-packages/airflow/example_dags/example_bash_operator.py for tasks to queue
[2026-04-02T16:42:36.087+0000] {logging_mixin.py:188} INFO - [2026-04-02T16:42:36.087+0000] {dagbag.py:540} INFO - Filling up the DagBag from /home/airflow/.local/lib/python3.12/site-packages/airflow/example_dags/example_bash_operator.py
[2026-04-02T16:42:36.096+0000] {processor.py:840} INFO - DAG(s) 'example_bash_operator' retrieved from /home/airflow/.local/lib/python3.12/site-packages/airflow/example_dags/example_bash_operator.py
[2026-04-02T16:42:36.118+0000] {logging_mixin.py:188} INFO - [2026-04-02T16:42:36.118+0000] {dag.py:3096} INFO - Sync 1 DAGs
[2026-04-02T16:42:36.129+0000] {logging_mixin.py:188} INFO - [2026-04-02T16:42:36.128+0000] {dag.py:3954} INFO - Setting next_dagrun for example_bash_operator to 2026-04-01 00:00:00+00:00, run_after=2026-04-02 00:00:00+00:00
[2026-04-02T16:42:36.137+0000] {processor.py:183} INFO - Processing /home/airflow/.local/lib/python3.12/site-packages/airflow/example_dags/example_bash_operator.py took 0.055 seconds
[2026-04-02T16:43:07.027+0000] {processor.py:161} INFO - Started process (PID=2624) to work on /home/airflow/.local/lib/python3.12/site-packages/airflow/example_dags/example_bash_operator.py
[2026-04-02T16:43:07.028+0000] {processor.py:830} INFO - Processing file /home/airflow/.local/lib/python3.12/site-packages/airflow/example_dags/example_bash_operator.py for tasks to queue
[2026-04-02T16:43:07.029+0000] {logging_mixin.py:188} INFO - [2026-04-02T16:43:07.028+0000] {dagbag.py:540} INFO - Filling up the DagBag from /home/airflow/.local/lib/python3.12/site-packages/airflow/example_dags/example_bash_operator.py
[2026-04-02T16:43:07.035+0000] {processor.py:840} INFO - DAG(s) 'example_bash_operator' retrieved from /home/airflow/.local/lib/python3.12/site-packages/airflow/example_dags/example_bash_operator.py
[2026-04-02T16:43:07.051+0000] {logging_mixin.py:188} INFO - [2026-04-02T16:43:07.051+0000] {dag.py:3096} INFO - Sync 1 DAGs
[2026-04-02T16:43:07.063+0000] {logging_mixin.py:188} INFO - [2026-04-02T16:43:07.063+0000] {dag.py:3954} INFO - Setting next_dagrun for example_bash_operator to 2026-04-01 00:00:00+00:00, run_after=2026-04-02 00:00:00+00:00
[2026-04-02T16:43:07.075+0000] {processor.py:183} INFO - Processing /home/airflow/.local/lib/python3.12/site-packages/airflow/example_dags/example_bash_operator.py took 0.051 seconds
[2026-04-02T16:43:37.989+0000] {processor.py:161} INFO - Started process (PID=2688) to work on /home/airflow/.local/lib/python3.12/site-packages/airflow/example_dags/example_bash_operator.py
[2026-04-02T16:43:37.990+0000] {processor.py:830} INFO - Processing file /home/airflow/.local/lib/python3.12/site-packages/airflow/example_dags/example_bash_operator.py for tasks to queue
[2026-04-02T16:43:37.991+0000] {logging_mixin.py:188} INFO - [2026-04-02T16:43:37.991+0000] {dagbag.py:540} INFO - Filling up the DagBag from /home/airflow/.local/lib/python3.12/site-packages/airflow/example_dags/example_bash_operator.py
[2026-04-02T16:43:37.997+0000] {processor.py:840} INFO - DAG(s) 'example_bash_operator' retrieved from /home/airflow/.local/lib/python3.12/site-packages/airflow/example_dags/example_bash_operator.py
[2026-04-02T16:43:38.010+0000] {logging_mixin.py:188} INFO - [2026-04-02T16:43:38.010+0000] {dag.py:3096} INFO - Sync 1 DAGs
[2026-04-02T16:43:38.020+0000] {logging_mixin.py:188} INFO - [2026-04-02T16:43:38.020+0000] {dag.py:3954} INFO - Setting next_dagrun for example_bash_operator to 2026-04-01 00:00:00+00:00, run_after=2026-04-02 00:00:00+00:00
[2026-04-02T16:43:38.029+0000] {processor.py:183} INFO - Processing /home/airflow/.local/lib/python3.12/site-packages/airflow/example_dags/example_bash_operator.py took 0.043 seconds
