[2026-04-02T16:20:34.717+0000] {processor.py:161} INFO - Started process (PID=57) to work on /home/airflow/.local/lib/python3.12/site-packages/airflow/example_dags/example_bash_decorator.py
[2026-04-02T16:20:34.718+0000] {processor.py:830} INFO - Processing file /home/airflow/.local/lib/python3.12/site-packages/airflow/example_dags/example_bash_decorator.py for tasks to queue
[2026-04-02T16:20:34.719+0000] {logging_mixin.py:188} INFO - [2026-04-02T16:20:34.719+0000] {dagbag.py:540} INFO - Filling up the DagBag from /home/airflow/.local/lib/python3.12/site-packages/airflow/example_dags/example_bash_decorator.py
[2026-04-02T16:20:34.726+0000] {processor.py:840} INFO - DAG(s) 'example_bash_decorator' retrieved from /home/airflow/.local/lib/python3.12/site-packages/airflow/example_dags/example_bash_decorator.py
[2026-04-02T16:20:34.734+0000] {logging_mixin.py:188} INFO - [2026-04-02T16:20:34.734+0000] {dag.py:3096} INFO - Sync 1 DAGs
[2026-04-02T16:20:34.743+0000] {logging_mixin.py:188} INFO - [2026-04-02T16:20:34.743+0000] {dag.py:3954} INFO - Setting next_dagrun for example_bash_decorator to None, run_after=None
[2026-04-02T16:20:34.752+0000] {processor.py:183} INFO - Processing /home/airflow/.local/lib/python3.12/site-packages/airflow/example_dags/example_bash_decorator.py took 0.037 seconds
[2026-04-02T16:21:05.641+0000] {processor.py:161} INFO - Started process (PID=115) to work on /home/airflow/.local/lib/python3.12/site-packages/airflow/example_dags/example_bash_decorator.py
[2026-04-02T16:21:05.642+0000] {processor.py:830} INFO - Processing file /home/airflow/.local/lib/python3.12/site-packages/airflow/example_dags/example_bash_decorator.py for tasks to queue
[2026-04-02T16:21:05.643+0000] {logging_mixin.py:188} INFO - [2026-04-02T16:21:05.643+0000] {dagbag.py:540} INFO - Filling up the DagBag from /home/airflow/.local/lib/python3.12/site-packages/airflow/example_dags/example_bash_decorator.py
[2026-04-02T16:21:05.650+0000] {processor.py:840} INFO - DAG(s) 'example_bash_decorator' retrieved from /home/airflow/.local/lib/python3.12/site-packages/airflow/example_dags/example_bash_decorator.py
[2026-04-02T16:21:05.701+0000] {logging_mixin.py:188} INFO - [2026-04-02T16:21:05.700+0000] {dag.py:3096} INFO - Sync 1 DAGs
[2026-04-02T16:21:05.705+0000] {logging_mixin.py:188} INFO - [2026-04-02T16:21:05.705+0000] {dag.py:3954} INFO - Setting next_dagrun for example_bash_decorator to None, run_after=None
[2026-04-02T16:21:05.714+0000] {processor.py:183} INFO - Processing /home/airflow/.local/lib/python3.12/site-packages/airflow/example_dags/example_bash_decorator.py took 0.076 seconds
[2026-04-02T16:21:36.476+0000] {processor.py:161} INFO - Started process (PID=173) to work on /home/airflow/.local/lib/python3.12/site-packages/airflow/example_dags/example_bash_decorator.py
[2026-04-02T16:21:36.477+0000] {processor.py:830} INFO - Processing file /home/airflow/.local/lib/python3.12/site-packages/airflow/example_dags/example_bash_decorator.py for tasks to queue
[2026-04-02T16:21:36.478+0000] {logging_mixin.py:188} INFO - [2026-04-02T16:21:36.477+0000] {dagbag.py:540} INFO - Filling up the DagBag from /home/airflow/.local/lib/python3.12/site-packages/airflow/example_dags/example_bash_decorator.py
[2026-04-02T16:21:36.485+0000] {processor.py:840} INFO - DAG(s) 'example_bash_decorator' retrieved from /home/airflow/.local/lib/python3.12/site-packages/airflow/example_dags/example_bash_decorator.py
[2026-04-02T16:21:36.497+0000] {logging_mixin.py:188} INFO - [2026-04-02T16:21:36.497+0000] {dag.py:3096} INFO - Sync 1 DAGs
[2026-04-02T16:21:36.503+0000] {logging_mixin.py:188} INFO - [2026-04-02T16:21:36.503+0000] {dag.py:3954} INFO - Setting next_dagrun for example_bash_decorator to None, run_after=None
[2026-04-02T16:21:36.511+0000] {processor.py:183} INFO - Processing /home/airflow/.local/lib/python3.12/site-packages/airflow/example_dags/example_bash_decorator.py took 0.039 seconds
[2026-04-02T16:22:07.268+0000] {processor.py:161} INFO - Started process (PID=231) to work on /home/airflow/.local/lib/python3.12/site-packages/airflow/example_dags/example_bash_decorator.py
[2026-04-02T16:22:07.268+0000] {processor.py:830} INFO - Processing file /home/airflow/.local/lib/python3.12/site-packages/airflow/example_dags/example_bash_decorator.py for tasks to queue
[2026-04-02T16:22:07.269+0000] {logging_mixin.py:188} INFO - [2026-04-02T16:22:07.269+0000] {dagbag.py:540} INFO - Filling up the DagBag from /home/airflow/.local/lib/python3.12/site-packages/airflow/example_dags/example_bash_decorator.py
[2026-04-02T16:22:07.276+0000] {processor.py:840} INFO - DAG(s) 'example_bash_decorator' retrieved from /home/airflow/.local/lib/python3.12/site-packages/airflow/example_dags/example_bash_decorator.py
[2026-04-02T16:22:07.288+0000] {logging_mixin.py:188} INFO - [2026-04-02T16:22:07.288+0000] {dag.py:3096} INFO - Sync 1 DAGs
[2026-04-02T16:22:07.294+0000] {logging_mixin.py:188} INFO - [2026-04-02T16:22:07.294+0000] {dag.py:3954} INFO - Setting next_dagrun for example_bash_decorator to None, run_after=None
[2026-04-02T16:22:07.301+0000] {processor.py:183} INFO - Processing /home/airflow/.local/lib/python3.12/site-packages/airflow/example_dags/example_bash_decorator.py took 0.036 seconds
[2026-04-02T16:22:38.050+0000] {processor.py:161} INFO - Started process (PID=289) to work on /home/airflow/.local/lib/python3.12/site-packages/airflow/example_dags/example_bash_decorator.py
[2026-04-02T16:22:38.051+0000] {processor.py:830} INFO - Processing file /home/airflow/.local/lib/python3.12/site-packages/airflow/example_dags/example_bash_decorator.py for tasks to queue
[2026-04-02T16:22:38.052+0000] {logging_mixin.py:188} INFO - [2026-04-02T16:22:38.052+0000] {dagbag.py:540} INFO - Filling up the DagBag from /home/airflow/.local/lib/python3.12/site-packages/airflow/example_dags/example_bash_decorator.py
[2026-04-02T16:22:38.059+0000] {processor.py:840} INFO - DAG(s) 'example_bash_decorator' retrieved from /home/airflow/.local/lib/python3.12/site-packages/airflow/example_dags/example_bash_decorator.py
[2026-04-02T16:22:38.072+0000] {logging_mixin.py:188} INFO - [2026-04-02T16:22:38.072+0000] {dag.py:3096} INFO - Sync 1 DAGs
[2026-04-02T16:22:38.078+0000] {logging_mixin.py:188} INFO - [2026-04-02T16:22:38.078+0000] {dag.py:3954} INFO - Setting next_dagrun for example_bash_decorator to None, run_after=None
[2026-04-02T16:22:38.086+0000] {processor.py:183} INFO - Processing /home/airflow/.local/lib/python3.12/site-packages/airflow/example_dags/example_bash_decorator.py took 0.040 seconds
[2026-04-02T16:23:08.702+0000] {processor.py:161} INFO - Started process (PID=347) to work on /home/airflow/.local/lib/python3.12/site-packages/airflow/example_dags/example_bash_decorator.py
[2026-04-02T16:23:08.702+0000] {processor.py:830} INFO - Processing file /home/airflow/.local/lib/python3.12/site-packages/airflow/example_dags/example_bash_decorator.py for tasks to queue
[2026-04-02T16:23:08.704+0000] {logging_mixin.py:188} INFO - [2026-04-02T16:23:08.703+0000] {dagbag.py:540} INFO - Filling up the DagBag from /home/airflow/.local/lib/python3.12/site-packages/airflow/example_dags/example_bash_decorator.py
[2026-04-02T16:23:08.711+0000] {processor.py:840} INFO - DAG(s) 'example_bash_decorator' retrieved from /home/airflow/.local/lib/python3.12/site-packages/airflow/example_dags/example_bash_decorator.py
[2026-04-02T16:23:08.724+0000] {logging_mixin.py:188} INFO - [2026-04-02T16:23:08.724+0000] {dag.py:3096} INFO - Sync 1 DAGs
[2026-04-02T16:23:08.731+0000] {logging_mixin.py:188} INFO - [2026-04-02T16:23:08.731+0000] {dag.py:3954} INFO - Setting next_dagrun for example_bash_decorator to None, run_after=None
[2026-04-02T16:23:08.739+0000] {processor.py:183} INFO - Processing /home/airflow/.local/lib/python3.12/site-packages/airflow/example_dags/example_bash_decorator.py took 0.040 seconds
[2026-04-02T16:23:39.409+0000] {processor.py:161} INFO - Started process (PID=405) to work on /home/airflow/.local/lib/python3.12/site-packages/airflow/example_dags/example_bash_decorator.py
[2026-04-02T16:23:39.410+0000] {processor.py:830} INFO - Processing file /home/airflow/.local/lib/python3.12/site-packages/airflow/example_dags/example_bash_decorator.py for tasks to queue
[2026-04-02T16:23:39.412+0000] {logging_mixin.py:188} INFO - [2026-04-02T16:23:39.412+0000] {dagbag.py:540} INFO - Filling up the DagBag from /home/airflow/.local/lib/python3.12/site-packages/airflow/example_dags/example_bash_decorator.py
[2026-04-02T16:23:39.420+0000] {processor.py:840} INFO - DAG(s) 'example_bash_decorator' retrieved from /home/airflow/.local/lib/python3.12/site-packages/airflow/example_dags/example_bash_decorator.py
[2026-04-02T16:23:39.434+0000] {logging_mixin.py:188} INFO - [2026-04-02T16:23:39.434+0000] {dag.py:3096} INFO - Sync 1 DAGs
[2026-04-02T16:23:39.441+0000] {logging_mixin.py:188} INFO - [2026-04-02T16:23:39.440+0000] {dag.py:3954} INFO - Setting next_dagrun for example_bash_decorator to None, run_after=None
[2026-04-02T16:23:39.450+0000] {processor.py:183} INFO - Processing /home/airflow/.local/lib/python3.12/site-packages/airflow/example_dags/example_bash_decorator.py took 0.044 seconds
[2026-04-02T16:24:10.036+0000] {processor.py:161} INFO - Started process (PID=463) to work on /home/airflow/.local/lib/python3.12/site-packages/airflow/example_dags/example_bash_decorator.py
[2026-04-02T16:24:10.037+0000] {processor.py:830} INFO - Processing file /home/airflow/.local/lib/python3.12/site-packages/airflow/example_dags/example_bash_decorator.py for tasks to queue
[2026-04-02T16:24:10.038+0000] {logging_mixin.py:188} INFO - [2026-04-02T16:24:10.038+0000] {dagbag.py:540} INFO - Filling up the DagBag from /home/airflow/.local/lib/python3.12/site-packages/airflow/example_dags/example_bash_decorator.py
[2026-04-02T16:24:10.045+0000] {processor.py:840} INFO - DAG(s) 'example_bash_decorator' retrieved from /home/airflow/.local/lib/python3.12/site-packages/airflow/example_dags/example_bash_decorator.py
[2026-04-02T16:24:10.053+0000] {logging_mixin.py:188} INFO - [2026-04-02T16:24:10.053+0000] {dag.py:3096} INFO - Sync 1 DAGs
[2026-04-02T16:24:10.060+0000] {logging_mixin.py:188} INFO - [2026-04-02T16:24:10.060+0000] {dag.py:3954} INFO - Setting next_dagrun for example_bash_decorator to None, run_after=None
[2026-04-02T16:24:10.068+0000] {processor.py:183} INFO - Processing /home/airflow/.local/lib/python3.12/site-packages/airflow/example_dags/example_bash_decorator.py took 0.035 seconds
[2026-04-02T16:24:40.581+0000] {processor.py:161} INFO - Started process (PID=521) to work on /home/airflow/.local/lib/python3.12/site-packages/airflow/example_dags/example_bash_decorator.py
[2026-04-02T16:24:40.582+0000] {processor.py:830} INFO - Processing file /home/airflow/.local/lib/python3.12/site-packages/airflow/example_dags/example_bash_decorator.py for tasks to queue
[2026-04-02T16:24:40.583+0000] {logging_mixin.py:188} INFO - [2026-04-02T16:24:40.583+0000] {dagbag.py:540} INFO - Filling up the DagBag from /home/airflow/.local/lib/python3.12/site-packages/airflow/example_dags/example_bash_decorator.py
[2026-04-02T16:24:40.591+0000] {processor.py:840} INFO - DAG(s) 'example_bash_decorator' retrieved from /home/airflow/.local/lib/python3.12/site-packages/airflow/example_dags/example_bash_decorator.py
[2026-04-02T16:24:40.599+0000] {logging_mixin.py:188} INFO - [2026-04-02T16:24:40.598+0000] {dag.py:3096} INFO - Sync 1 DAGs
[2026-04-02T16:24:40.606+0000] {logging_mixin.py:188} INFO - [2026-04-02T16:24:40.606+0000] {dag.py:3954} INFO - Setting next_dagrun for example_bash_decorator to None, run_after=None
[2026-04-02T16:24:40.615+0000] {processor.py:183} INFO - Processing /home/airflow/.local/lib/python3.12/site-packages/airflow/example_dags/example_bash_decorator.py took 0.037 seconds
[2026-04-02T16:25:11.423+0000] {processor.py:161} INFO - Started process (PID=579) to work on /home/airflow/.local/lib/python3.12/site-packages/airflow/example_dags/example_bash_decorator.py
[2026-04-02T16:25:11.423+0000] {processor.py:830} INFO - Processing file /home/airflow/.local/lib/python3.12/site-packages/airflow/example_dags/example_bash_decorator.py for tasks to queue
[2026-04-02T16:25:11.425+0000] {logging_mixin.py:188} INFO - [2026-04-02T16:25:11.425+0000] {dagbag.py:540} INFO - Filling up the DagBag from /home/airflow/.local/lib/python3.12/site-packages/airflow/example_dags/example_bash_decorator.py
[2026-04-02T16:25:11.432+0000] {processor.py:840} INFO - DAG(s) 'example_bash_decorator' retrieved from /home/airflow/.local/lib/python3.12/site-packages/airflow/example_dags/example_bash_decorator.py
[2026-04-02T16:25:11.486+0000] {logging_mixin.py:188} INFO - [2026-04-02T16:25:11.486+0000] {dag.py:3096} INFO - Sync 1 DAGs
[2026-04-02T16:25:11.492+0000] {logging_mixin.py:188} INFO - [2026-04-02T16:25:11.492+0000] {dag.py:3954} INFO - Setting next_dagrun for example_bash_decorator to None, run_after=None
[2026-04-02T16:25:11.501+0000] {processor.py:183} INFO - Processing /home/airflow/.local/lib/python3.12/site-packages/airflow/example_dags/example_bash_decorator.py took 0.083 seconds
[2026-04-02T16:25:41.715+0000] {processor.py:161} INFO - Started process (PID=637) to work on /home/airflow/.local/lib/python3.12/site-packages/airflow/example_dags/example_bash_decorator.py
[2026-04-02T16:25:41.716+0000] {processor.py:830} INFO - Processing file /home/airflow/.local/lib/python3.12/site-packages/airflow/example_dags/example_bash_decorator.py for tasks to queue
[2026-04-02T16:25:41.717+0000] {logging_mixin.py:188} INFO - [2026-04-02T16:25:41.716+0000] {dagbag.py:540} INFO - Filling up the DagBag from /home/airflow/.local/lib/python3.12/site-packages/airflow/example_dags/example_bash_decorator.py
[2026-04-02T16:25:41.724+0000] {processor.py:840} INFO - DAG(s) 'example_bash_decorator' retrieved from /home/airflow/.local/lib/python3.12/site-packages/airflow/example_dags/example_bash_decorator.py
[2026-04-02T16:25:41.737+0000] {logging_mixin.py:188} INFO - [2026-04-02T16:25:41.737+0000] {dag.py:3096} INFO - Sync 1 DAGs
[2026-04-02T16:25:41.743+0000] {logging_mixin.py:188} INFO - [2026-04-02T16:25:41.743+0000] {dag.py:3954} INFO - Setting next_dagrun for example_bash_decorator to None, run_after=None
[2026-04-02T16:25:41.751+0000] {processor.py:183} INFO - Processing /home/airflow/.local/lib/python3.12/site-packages/airflow/example_dags/example_bash_decorator.py took 0.039 seconds
[2026-04-02T16:26:11.853+0000] {processor.py:161} INFO - Started process (PID=695) to work on /home/airflow/.local/lib/python3.12/site-packages/airflow/example_dags/example_bash_decorator.py
[2026-04-02T16:26:11.855+0000] {processor.py:830} INFO - Processing file /home/airflow/.local/lib/python3.12/site-packages/airflow/example_dags/example_bash_decorator.py for tasks to queue
[2026-04-02T16:26:11.856+0000] {logging_mixin.py:188} INFO - [2026-04-02T16:26:11.856+0000] {dagbag.py:540} INFO - Filling up the DagBag from /home/airflow/.local/lib/python3.12/site-packages/airflow/example_dags/example_bash_decorator.py
[2026-04-02T16:26:11.863+0000] {processor.py:840} INFO - DAG(s) 'example_bash_decorator' retrieved from /home/airflow/.local/lib/python3.12/site-packages/airflow/example_dags/example_bash_decorator.py
[2026-04-02T16:26:11.878+0000] {logging_mixin.py:188} INFO - [2026-04-02T16:26:11.878+0000] {dag.py:3096} INFO - Sync 1 DAGs
[2026-04-02T16:26:11.884+0000] {logging_mixin.py:188} INFO - [2026-04-02T16:26:11.884+0000] {dag.py:3954} INFO - Setting next_dagrun for example_bash_decorator to None, run_after=None
[2026-04-02T16:26:11.895+0000] {processor.py:183} INFO - Processing /home/airflow/.local/lib/python3.12/site-packages/airflow/example_dags/example_bash_decorator.py took 0.045 seconds
[2026-04-02T16:26:42.062+0000] {processor.py:161} INFO - Started process (PID=753) to work on /home/airflow/.local/lib/python3.12/site-packages/airflow/example_dags/example_bash_decorator.py
[2026-04-02T16:26:42.063+0000] {processor.py:830} INFO - Processing file /home/airflow/.local/lib/python3.12/site-packages/airflow/example_dags/example_bash_decorator.py for tasks to queue
[2026-04-02T16:26:42.064+0000] {logging_mixin.py:188} INFO - [2026-04-02T16:26:42.063+0000] {dagbag.py:540} INFO - Filling up the DagBag from /home/airflow/.local/lib/python3.12/site-packages/airflow/example_dags/example_bash_decorator.py
[2026-04-02T16:26:42.070+0000] {processor.py:840} INFO - DAG(s) 'example_bash_decorator' retrieved from /home/airflow/.local/lib/python3.12/site-packages/airflow/example_dags/example_bash_decorator.py
[2026-04-02T16:26:42.082+0000] {logging_mixin.py:188} INFO - [2026-04-02T16:26:42.082+0000] {dag.py:3096} INFO - Sync 1 DAGs
[2026-04-02T16:26:42.088+0000] {logging_mixin.py:188} INFO - [2026-04-02T16:26:42.088+0000] {dag.py:3954} INFO - Setting next_dagrun for example_bash_decorator to None, run_after=None
[2026-04-02T16:26:42.095+0000] {processor.py:183} INFO - Processing /home/airflow/.local/lib/python3.12/site-packages/airflow/example_dags/example_bash_decorator.py took 0.036 seconds
[2026-04-02T16:27:12.328+0000] {processor.py:161} INFO - Started process (PID=811) to work on /home/airflow/.local/lib/python3.12/site-packages/airflow/example_dags/example_bash_decorator.py
[2026-04-02T16:27:12.328+0000] {processor.py:830} INFO - Processing file /home/airflow/.local/lib/python3.12/site-packages/airflow/example_dags/example_bash_decorator.py for tasks to queue
[2026-04-02T16:27:12.330+0000] {logging_mixin.py:188} INFO - [2026-04-02T16:27:12.329+0000] {dagbag.py:540} INFO - Filling up the DagBag from /home/airflow/.local/lib/python3.12/site-packages/airflow/example_dags/example_bash_decorator.py
[2026-04-02T16:27:12.337+0000] {processor.py:840} INFO - DAG(s) 'example_bash_decorator' retrieved from /home/airflow/.local/lib/python3.12/site-packages/airflow/example_dags/example_bash_decorator.py
[2026-04-02T16:27:12.352+0000] {logging_mixin.py:188} INFO - [2026-04-02T16:27:12.352+0000] {dag.py:3096} INFO - Sync 1 DAGs
[2026-04-02T16:27:12.359+0000] {logging_mixin.py:188} INFO - [2026-04-02T16:27:12.359+0000] {dag.py:3954} INFO - Setting next_dagrun for example_bash_decorator to None, run_after=None
[2026-04-02T16:27:12.368+0000] {processor.py:183} INFO - Processing /home/airflow/.local/lib/python3.12/site-packages/airflow/example_dags/example_bash_decorator.py took 0.044 seconds
[2026-04-02T16:27:42.823+0000] {processor.py:161} INFO - Started process (PID=869) to work on /home/airflow/.local/lib/python3.12/site-packages/airflow/example_dags/example_bash_decorator.py
[2026-04-02T16:27:42.824+0000] {processor.py:830} INFO - Processing file /home/airflow/.local/lib/python3.12/site-packages/airflow/example_dags/example_bash_decorator.py for tasks to queue
[2026-04-02T16:27:42.825+0000] {logging_mixin.py:188} INFO - [2026-04-02T16:27:42.825+0000] {dagbag.py:540} INFO - Filling up the DagBag from /home/airflow/.local/lib/python3.12/site-packages/airflow/example_dags/example_bash_decorator.py
[2026-04-02T16:27:42.831+0000] {processor.py:840} INFO - DAG(s) 'example_bash_decorator' retrieved from /home/airflow/.local/lib/python3.12/site-packages/airflow/example_dags/example_bash_decorator.py
[2026-04-02T16:27:42.841+0000] {logging_mixin.py:188} INFO - [2026-04-02T16:27:42.841+0000] {dag.py:3096} INFO - Sync 1 DAGs
[2026-04-02T16:27:42.852+0000] {logging_mixin.py:188} INFO - [2026-04-02T16:27:42.852+0000] {dag.py:3954} INFO - Setting next_dagrun for example_bash_decorator to None, run_after=None
[2026-04-02T16:27:42.863+0000] {processor.py:183} INFO - Processing /home/airflow/.local/lib/python3.12/site-packages/airflow/example_dags/example_bash_decorator.py took 0.042 seconds
[2026-04-02T16:28:13.577+0000] {processor.py:161} INFO - Started process (PID=927) to work on /home/airflow/.local/lib/python3.12/site-packages/airflow/example_dags/example_bash_decorator.py
[2026-04-02T16:28:13.577+0000] {processor.py:830} INFO - Processing file /home/airflow/.local/lib/python3.12/site-packages/airflow/example_dags/example_bash_decorator.py for tasks to queue
[2026-04-02T16:28:13.578+0000] {logging_mixin.py:188} INFO - [2026-04-02T16:28:13.578+0000] {dagbag.py:540} INFO - Filling up the DagBag from /home/airflow/.local/lib/python3.12/site-packages/airflow/example_dags/example_bash_decorator.py
[2026-04-02T16:28:13.585+0000] {processor.py:840} INFO - DAG(s) 'example_bash_decorator' retrieved from /home/airflow/.local/lib/python3.12/site-packages/airflow/example_dags/example_bash_decorator.py
[2026-04-02T16:28:13.593+0000] {logging_mixin.py:188} INFO - [2026-04-02T16:28:13.593+0000] {dag.py:3096} INFO - Sync 1 DAGs
[2026-04-02T16:28:13.599+0000] {logging_mixin.py:188} INFO - [2026-04-02T16:28:13.599+0000] {dag.py:3954} INFO - Setting next_dagrun for example_bash_decorator to None, run_after=None
[2026-04-02T16:28:13.607+0000] {processor.py:183} INFO - Processing /home/airflow/.local/lib/python3.12/site-packages/airflow/example_dags/example_bash_decorator.py took 0.034 seconds
[2026-04-02T16:28:45.388+0000] {processor.py:161} INFO - Started process (PID=985) to work on /home/airflow/.local/lib/python3.12/site-packages/airflow/example_dags/example_bash_decorator.py
[2026-04-02T16:28:45.389+0000] {processor.py:830} INFO - Processing file /home/airflow/.local/lib/python3.12/site-packages/airflow/example_dags/example_bash_decorator.py for tasks to queue
[2026-04-02T16:28:45.390+0000] {logging_mixin.py:188} INFO - [2026-04-02T16:28:45.390+0000] {dagbag.py:540} INFO - Filling up the DagBag from /home/airflow/.local/lib/python3.12/site-packages/airflow/example_dags/example_bash_decorator.py
[2026-04-02T16:28:45.397+0000] {processor.py:840} INFO - DAG(s) 'example_bash_decorator' retrieved from /home/airflow/.local/lib/python3.12/site-packages/airflow/example_dags/example_bash_decorator.py
[2026-04-02T16:28:45.449+0000] {logging_mixin.py:188} INFO - [2026-04-02T16:28:45.449+0000] {dag.py:3096} INFO - Sync 1 DAGs
[2026-04-02T16:28:45.559+0000] {logging_mixin.py:188} INFO - [2026-04-02T16:28:45.559+0000] {dag.py:3954} INFO - Setting next_dagrun for example_bash_decorator to None, run_after=None
[2026-04-02T16:28:45.569+0000] {processor.py:183} INFO - Processing /home/airflow/.local/lib/python3.12/site-packages/airflow/example_dags/example_bash_decorator.py took 0.184 seconds
[2026-04-02T16:29:16.159+0000] {processor.py:161} INFO - Started process (PID=1043) to work on /home/airflow/.local/lib/python3.12/site-packages/airflow/example_dags/example_bash_decorator.py
[2026-04-02T16:29:16.161+0000] {processor.py:830} INFO - Processing file /home/airflow/.local/lib/python3.12/site-packages/airflow/example_dags/example_bash_decorator.py for tasks to queue
[2026-04-02T16:29:16.162+0000] {logging_mixin.py:188} INFO - [2026-04-02T16:29:16.162+0000] {dagbag.py:540} INFO - Filling up the DagBag from /home/airflow/.local/lib/python3.12/site-packages/airflow/example_dags/example_bash_decorator.py
[2026-04-02T16:29:16.169+0000] {processor.py:840} INFO - DAG(s) 'example_bash_decorator' retrieved from /home/airflow/.local/lib/python3.12/site-packages/airflow/example_dags/example_bash_decorator.py
[2026-04-02T16:29:16.196+0000] {logging_mixin.py:188} INFO - [2026-04-02T16:29:16.196+0000] {dag.py:3096} INFO - Sync 1 DAGs
[2026-04-02T16:29:16.303+0000] {logging_mixin.py:188} INFO - [2026-04-02T16:29:16.303+0000] {dag.py:3954} INFO - Setting next_dagrun for example_bash_decorator to None, run_after=None
[2026-04-02T16:29:16.311+0000] {processor.py:183} INFO - Processing /home/airflow/.local/lib/python3.12/site-packages/airflow/example_dags/example_bash_decorator.py took 0.156 seconds
[2026-04-02T16:29:47.281+0000] {processor.py:161} INFO - Started process (PID=1101) to work on /home/airflow/.local/lib/python3.12/site-packages/airflow/example_dags/example_bash_decorator.py
[2026-04-02T16:29:47.282+0000] {processor.py:830} INFO - Processing file /home/airflow/.local/lib/python3.12/site-packages/airflow/example_dags/example_bash_decorator.py for tasks to queue
[2026-04-02T16:29:47.284+0000] {logging_mixin.py:188} INFO - [2026-04-02T16:29:47.283+0000] {dagbag.py:540} INFO - Filling up the DagBag from /home/airflow/.local/lib/python3.12/site-packages/airflow/example_dags/example_bash_decorator.py
[2026-04-02T16:29:47.291+0000] {processor.py:840} INFO - DAG(s) 'example_bash_decorator' retrieved from /home/airflow/.local/lib/python3.12/site-packages/airflow/example_dags/example_bash_decorator.py
[2026-04-02T16:29:47.305+0000] {logging_mixin.py:188} INFO - [2026-04-02T16:29:47.305+0000] {dag.py:3096} INFO - Sync 1 DAGs
[2026-04-02T16:29:47.311+0000] {logging_mixin.py:188} INFO - [2026-04-02T16:29:47.311+0000] {dag.py:3954} INFO - Setting next_dagrun for example_bash_decorator to None, run_after=None
[2026-04-02T16:29:47.320+0000] {processor.py:183} INFO - Processing /home/airflow/.local/lib/python3.12/site-packages/airflow/example_dags/example_bash_decorator.py took 0.042 seconds
[2026-04-02T16:30:18.281+0000] {processor.py:161} INFO - Started process (PID=1159) to work on /home/airflow/.local/lib/python3.12/site-packages/airflow/example_dags/example_bash_decorator.py
[2026-04-02T16:30:18.281+0000] {processor.py:830} INFO - Processing file /home/airflow/.local/lib/python3.12/site-packages/airflow/example_dags/example_bash_decorator.py for tasks to queue
[2026-04-02T16:30:18.282+0000] {logging_mixin.py:188} INFO - [2026-04-02T16:30:18.282+0000] {dagbag.py:540} INFO - Filling up the DagBag from /home/airflow/.local/lib/python3.12/site-packages/airflow/example_dags/example_bash_decorator.py
[2026-04-02T16:30:18.289+0000] {processor.py:840} INFO - DAG(s) 'example_bash_decorator' retrieved from /home/airflow/.local/lib/python3.12/site-packages/airflow/example_dags/example_bash_decorator.py
[2026-04-02T16:30:18.303+0000] {logging_mixin.py:188} INFO - [2026-04-02T16:30:18.303+0000] {dag.py:3096} INFO - Sync 1 DAGs
[2026-04-02T16:30:18.309+0000] {logging_mixin.py:188} INFO - [2026-04-02T16:30:18.309+0000] {dag.py:3954} INFO - Setting next_dagrun for example_bash_decorator to None, run_after=None
[2026-04-02T16:30:18.317+0000] {processor.py:183} INFO - Processing /home/airflow/.local/lib/python3.12/site-packages/airflow/example_dags/example_bash_decorator.py took 0.040 seconds
[2026-04-02T16:30:48.714+0000] {processor.py:161} INFO - Started process (PID=1217) to work on /home/airflow/.local/lib/python3.12/site-packages/airflow/example_dags/example_bash_decorator.py
[2026-04-02T16:30:48.715+0000] {processor.py:830} INFO - Processing file /home/airflow/.local/lib/python3.12/site-packages/airflow/example_dags/example_bash_decorator.py for tasks to queue
[2026-04-02T16:30:48.716+0000] {logging_mixin.py:188} INFO - [2026-04-02T16:30:48.716+0000] {dagbag.py:540} INFO - Filling up the DagBag from /home/airflow/.local/lib/python3.12/site-packages/airflow/example_dags/example_bash_decorator.py
[2026-04-02T16:30:48.723+0000] {processor.py:840} INFO - DAG(s) 'example_bash_decorator' retrieved from /home/airflow/.local/lib/python3.12/site-packages/airflow/example_dags/example_bash_decorator.py
[2026-04-02T16:30:48.736+0000] {logging_mixin.py:188} INFO - [2026-04-02T16:30:48.736+0000] {dag.py:3096} INFO - Sync 1 DAGs
[2026-04-02T16:30:48.743+0000] {logging_mixin.py:188} INFO - [2026-04-02T16:30:48.743+0000] {dag.py:3954} INFO - Setting next_dagrun for example_bash_decorator to None, run_after=None
[2026-04-02T16:30:48.761+0000] {processor.py:183} INFO - Processing /home/airflow/.local/lib/python3.12/site-packages/airflow/example_dags/example_bash_decorator.py took 0.050 seconds
[2026-04-02T16:31:19.334+0000] {processor.py:161} INFO - Started process (PID=1275) to work on /home/airflow/.local/lib/python3.12/site-packages/airflow/example_dags/example_bash_decorator.py
[2026-04-02T16:31:19.335+0000] {processor.py:830} INFO - Processing file /home/airflow/.local/lib/python3.12/site-packages/airflow/example_dags/example_bash_decorator.py for tasks to queue
[2026-04-02T16:31:19.337+0000] {logging_mixin.py:188} INFO - [2026-04-02T16:31:19.336+0000] {dagbag.py:540} INFO - Filling up the DagBag from /home/airflow/.local/lib/python3.12/site-packages/airflow/example_dags/example_bash_decorator.py
[2026-04-02T16:31:19.344+0000] {processor.py:840} INFO - DAG(s) 'example_bash_decorator' retrieved from /home/airflow/.local/lib/python3.12/site-packages/airflow/example_dags/example_bash_decorator.py
[2026-04-02T16:31:19.356+0000] {logging_mixin.py:188} INFO - [2026-04-02T16:31:19.356+0000] {dag.py:3096} INFO - Sync 1 DAGs
[2026-04-02T16:31:19.362+0000] {logging_mixin.py:188} INFO - [2026-04-02T16:31:19.362+0000] {dag.py:3954} INFO - Setting next_dagrun for example_bash_decorator to None, run_after=None
[2026-04-02T16:31:19.370+0000] {processor.py:183} INFO - Processing /home/airflow/.local/lib/python3.12/site-packages/airflow/example_dags/example_bash_decorator.py took 0.040 seconds
[2026-04-02T16:31:49.941+0000] {processor.py:161} INFO - Started process (PID=1333) to work on /home/airflow/.local/lib/python3.12/site-packages/airflow/example_dags/example_bash_decorator.py
[2026-04-02T16:31:49.941+0000] {processor.py:830} INFO - Processing file /home/airflow/.local/lib/python3.12/site-packages/airflow/example_dags/example_bash_decorator.py for tasks to queue
[2026-04-02T16:31:49.942+0000] {logging_mixin.py:188} INFO - [2026-04-02T16:31:49.942+0000] {dagbag.py:540} INFO - Filling up the DagBag from /home/airflow/.local/lib/python3.12/site-packages/airflow/example_dags/example_bash_decorator.py
[2026-04-02T16:31:49.949+0000] {processor.py:840} INFO - DAG(s) 'example_bash_decorator' retrieved from /home/airflow/.local/lib/python3.12/site-packages/airflow/example_dags/example_bash_decorator.py
[2026-04-02T16:31:49.962+0000] {logging_mixin.py:188} INFO - [2026-04-02T16:31:49.962+0000] {dag.py:3096} INFO - Sync 1 DAGs
[2026-04-02T16:31:49.967+0000] {logging_mixin.py:188} INFO - [2026-04-02T16:31:49.967+0000] {dag.py:3954} INFO - Setting next_dagrun for example_bash_decorator to None, run_after=None
[2026-04-02T16:31:49.974+0000] {processor.py:183} INFO - Processing /home/airflow/.local/lib/python3.12/site-packages/airflow/example_dags/example_bash_decorator.py took 0.037 seconds
[2026-04-02T16:32:20.740+0000] {processor.py:161} INFO - Started process (PID=1391) to work on /home/airflow/.local/lib/python3.12/site-packages/airflow/example_dags/example_bash_decorator.py
[2026-04-02T16:32:20.741+0000] {processor.py:830} INFO - Processing file /home/airflow/.local/lib/python3.12/site-packages/airflow/example_dags/example_bash_decorator.py for tasks to queue
[2026-04-02T16:32:20.742+0000] {logging_mixin.py:188} INFO - [2026-04-02T16:32:20.742+0000] {dagbag.py:540} INFO - Filling up the DagBag from /home/airflow/.local/lib/python3.12/site-packages/airflow/example_dags/example_bash_decorator.py
[2026-04-02T16:32:20.750+0000] {processor.py:840} INFO - DAG(s) 'example_bash_decorator' retrieved from /home/airflow/.local/lib/python3.12/site-packages/airflow/example_dags/example_bash_decorator.py
[2026-04-02T16:32:20.764+0000] {logging_mixin.py:188} INFO - [2026-04-02T16:32:20.764+0000] {dag.py:3096} INFO - Sync 1 DAGs
[2026-04-02T16:32:20.769+0000] {logging_mixin.py:188} INFO - [2026-04-02T16:32:20.769+0000] {dag.py:3954} INFO - Setting next_dagrun for example_bash_decorator to None, run_after=None
[2026-04-02T16:32:20.777+0000] {processor.py:183} INFO - Processing /home/airflow/.local/lib/python3.12/site-packages/airflow/example_dags/example_bash_decorator.py took 0.041 seconds
[2026-04-02T16:32:51.374+0000] {processor.py:161} INFO - Started process (PID=1449) to work on /home/airflow/.local/lib/python3.12/site-packages/airflow/example_dags/example_bash_decorator.py
[2026-04-02T16:32:51.375+0000] {processor.py:830} INFO - Processing file /home/airflow/.local/lib/python3.12/site-packages/airflow/example_dags/example_bash_decorator.py for tasks to queue
[2026-04-02T16:32:51.376+0000] {logging_mixin.py:188} INFO - [2026-04-02T16:32:51.376+0000] {dagbag.py:540} INFO - Filling up the DagBag from /home/airflow/.local/lib/python3.12/site-packages/airflow/example_dags/example_bash_decorator.py
[2026-04-02T16:32:51.384+0000] {processor.py:840} INFO - DAG(s) 'example_bash_decorator' retrieved from /home/airflow/.local/lib/python3.12/site-packages/airflow/example_dags/example_bash_decorator.py
[2026-04-02T16:32:51.399+0000] {logging_mixin.py:188} INFO - [2026-04-02T16:32:51.399+0000] {dag.py:3096} INFO - Sync 1 DAGs
[2026-04-02T16:32:51.406+0000] {logging_mixin.py:188} INFO - [2026-04-02T16:32:51.406+0000] {dag.py:3954} INFO - Setting next_dagrun for example_bash_decorator to None, run_after=None
[2026-04-02T16:32:51.415+0000] {processor.py:183} INFO - Processing /home/airflow/.local/lib/python3.12/site-packages/airflow/example_dags/example_bash_decorator.py took 0.045 seconds
[2026-04-02T16:33:21.917+0000] {processor.py:161} INFO - Started process (PID=1507) to work on /home/airflow/.local/lib/python3.12/site-packages/airflow/example_dags/example_bash_decorator.py
[2026-04-02T16:33:21.918+0000] {processor.py:830} INFO - Processing file /home/airflow/.local/lib/python3.12/site-packages/airflow/example_dags/example_bash_decorator.py for tasks to queue
[2026-04-02T16:33:21.919+0000] {logging_mixin.py:188} INFO - [2026-04-02T16:33:21.919+0000] {dagbag.py:540} INFO - Filling up the DagBag from /home/airflow/.local/lib/python3.12/site-packages/airflow/example_dags/example_bash_decorator.py
[2026-04-02T16:33:21.927+0000] {processor.py:840} INFO - DAG(s) 'example_bash_decorator' retrieved from /home/airflow/.local/lib/python3.12/site-packages/airflow/example_dags/example_bash_decorator.py
[2026-04-02T16:33:21.940+0000] {logging_mixin.py:188} INFO - [2026-04-02T16:33:21.940+0000] {dag.py:3096} INFO - Sync 1 DAGs
[2026-04-02T16:33:21.946+0000] {logging_mixin.py:188} INFO - [2026-04-02T16:33:21.946+0000] {dag.py:3954} INFO - Setting next_dagrun for example_bash_decorator to None, run_after=None
[2026-04-02T16:33:21.954+0000] {processor.py:183} INFO - Processing /home/airflow/.local/lib/python3.12/site-packages/airflow/example_dags/example_bash_decorator.py took 0.041 seconds
[2026-04-02T16:33:52.559+0000] {processor.py:161} INFO - Started process (PID=1565) to work on /home/airflow/.local/lib/python3.12/site-packages/airflow/example_dags/example_bash_decorator.py
[2026-04-02T16:33:52.559+0000] {processor.py:830} INFO - Processing file /home/airflow/.local/lib/python3.12/site-packages/airflow/example_dags/example_bash_decorator.py for tasks to queue
[2026-04-02T16:33:52.560+0000] {logging_mixin.py:188} INFO - [2026-04-02T16:33:52.560+0000] {dagbag.py:540} INFO - Filling up the DagBag from /home/airflow/.local/lib/python3.12/site-packages/airflow/example_dags/example_bash_decorator.py
[2026-04-02T16:33:52.568+0000] {processor.py:840} INFO - DAG(s) 'example_bash_decorator' retrieved from /home/airflow/.local/lib/python3.12/site-packages/airflow/example_dags/example_bash_decorator.py
[2026-04-02T16:33:52.582+0000] {logging_mixin.py:188} INFO - [2026-04-02T16:33:52.582+0000] {dag.py:3096} INFO - Sync 1 DAGs
[2026-04-02T16:33:52.589+0000] {logging_mixin.py:188} INFO - [2026-04-02T16:33:52.589+0000] {dag.py:3954} INFO - Setting next_dagrun for example_bash_decorator to None, run_after=None
[2026-04-02T16:33:52.598+0000] {processor.py:183} INFO - Processing /home/airflow/.local/lib/python3.12/site-packages/airflow/example_dags/example_bash_decorator.py took 0.043 seconds
[2026-04-02T16:34:23.280+0000] {processor.py:161} INFO - Started process (PID=1623) to work on /home/airflow/.local/lib/python3.12/site-packages/airflow/example_dags/example_bash_decorator.py
[2026-04-02T16:34:23.280+0000] {processor.py:830} INFO - Processing file /home/airflow/.local/lib/python3.12/site-packages/airflow/example_dags/example_bash_decorator.py for tasks to queue
[2026-04-02T16:34:23.282+0000] {logging_mixin.py:188} INFO - [2026-04-02T16:34:23.281+0000] {dagbag.py:540} INFO - Filling up the DagBag from /home/airflow/.local/lib/python3.12/site-packages/airflow/example_dags/example_bash_decorator.py
[2026-04-02T16:34:23.289+0000] {processor.py:840} INFO - DAG(s) 'example_bash_decorator' retrieved from /home/airflow/.local/lib/python3.12/site-packages/airflow/example_dags/example_bash_decorator.py
[2026-04-02T16:34:23.303+0000] {logging_mixin.py:188} INFO - [2026-04-02T16:34:23.303+0000] {dag.py:3096} INFO - Sync 1 DAGs
[2026-04-02T16:34:23.309+0000] {logging_mixin.py:188} INFO - [2026-04-02T16:34:23.309+0000] {dag.py:3954} INFO - Setting next_dagrun for example_bash_decorator to None, run_after=None
[2026-04-02T16:34:23.318+0000] {processor.py:183} INFO - Processing /home/airflow/.local/lib/python3.12/site-packages/airflow/example_dags/example_bash_decorator.py took 0.042 seconds
[2026-04-02T16:34:53.912+0000] {processor.py:161} INFO - Started process (PID=1681) to work on /home/airflow/.local/lib/python3.12/site-packages/airflow/example_dags/example_bash_decorator.py
[2026-04-02T16:34:53.914+0000] {processor.py:830} INFO - Processing file /home/airflow/.local/lib/python3.12/site-packages/airflow/example_dags/example_bash_decorator.py for tasks to queue
[2026-04-02T16:34:53.916+0000] {logging_mixin.py:188} INFO - [2026-04-02T16:34:53.916+0000] {dagbag.py:540} INFO - Filling up the DagBag from /home/airflow/.local/lib/python3.12/site-packages/airflow/example_dags/example_bash_decorator.py
[2026-04-02T16:34:53.923+0000] {processor.py:840} INFO - DAG(s) 'example_bash_decorator' retrieved from /home/airflow/.local/lib/python3.12/site-packages/airflow/example_dags/example_bash_decorator.py
[2026-04-02T16:34:53.936+0000] {logging_mixin.py:188} INFO - [2026-04-02T16:34:53.936+0000] {dag.py:3096} INFO - Sync 1 DAGs
[2026-04-02T16:34:53.942+0000] {logging_mixin.py:188} INFO - [2026-04-02T16:34:53.942+0000] {dag.py:3954} INFO - Setting next_dagrun for example_bash_decorator to None, run_after=None
[2026-04-02T16:34:53.952+0000] {processor.py:183} INFO - Processing /home/airflow/.local/lib/python3.12/site-packages/airflow/example_dags/example_bash_decorator.py took 0.043 seconds
[2026-04-02T16:35:24.562+0000] {processor.py:161} INFO - Started process (PID=1739) to work on /home/airflow/.local/lib/python3.12/site-packages/airflow/example_dags/example_bash_decorator.py
[2026-04-02T16:35:24.562+0000] {processor.py:830} INFO - Processing file /home/airflow/.local/lib/python3.12/site-packages/airflow/example_dags/example_bash_decorator.py for tasks to queue
[2026-04-02T16:35:24.563+0000] {logging_mixin.py:188} INFO - [2026-04-02T16:35:24.563+0000] {dagbag.py:540} INFO - Filling up the DagBag from /home/airflow/.local/lib/python3.12/site-packages/airflow/example_dags/example_bash_decorator.py
[2026-04-02T16:35:24.570+0000] {processor.py:840} INFO - DAG(s) 'example_bash_decorator' retrieved from /home/airflow/.local/lib/python3.12/site-packages/airflow/example_dags/example_bash_decorator.py
[2026-04-02T16:35:24.583+0000] {logging_mixin.py:188} INFO - [2026-04-02T16:35:24.583+0000] {dag.py:3096} INFO - Sync 1 DAGs
[2026-04-02T16:35:24.589+0000] {logging_mixin.py:188} INFO - [2026-04-02T16:35:24.589+0000] {dag.py:3954} INFO - Setting next_dagrun for example_bash_decorator to None, run_after=None
[2026-04-02T16:35:24.597+0000] {processor.py:183} INFO - Processing /home/airflow/.local/lib/python3.12/site-packages/airflow/example_dags/example_bash_decorator.py took 0.038 seconds
[2026-04-02T16:35:55.210+0000] {processor.py:161} INFO - Started process (PID=1797) to work on /home/airflow/.local/lib/python3.12/site-packages/airflow/example_dags/example_bash_decorator.py
[2026-04-02T16:35:55.212+0000] {processor.py:830} INFO - Processing file /home/airflow/.local/lib/python3.12/site-packages/airflow/example_dags/example_bash_decorator.py for tasks to queue
[2026-04-02T16:35:55.213+0000] {logging_mixin.py:188} INFO - [2026-04-02T16:35:55.213+0000] {dagbag.py:540} INFO - Filling up the DagBag from /home/airflow/.local/lib/python3.12/site-packages/airflow/example_dags/example_bash_decorator.py
[2026-04-02T16:35:55.220+0000] {processor.py:840} INFO - DAG(s) 'example_bash_decorator' retrieved from /home/airflow/.local/lib/python3.12/site-packages/airflow/example_dags/example_bash_decorator.py
[2026-04-02T16:35:55.234+0000] {logging_mixin.py:188} INFO - [2026-04-02T16:35:55.233+0000] {dag.py:3096} INFO - Sync 1 DAGs
[2026-04-02T16:35:55.240+0000] {logging_mixin.py:188} INFO - [2026-04-02T16:35:55.240+0000] {dag.py:3954} INFO - Setting next_dagrun for example_bash_decorator to None, run_after=None
[2026-04-02T16:35:55.248+0000] {processor.py:183} INFO - Processing /home/airflow/.local/lib/python3.12/site-packages/airflow/example_dags/example_bash_decorator.py took 0.041 seconds
[2026-04-02T16:36:25.880+0000] {processor.py:161} INFO - Started process (PID=1855) to work on /home/airflow/.local/lib/python3.12/site-packages/airflow/example_dags/example_bash_decorator.py
[2026-04-02T16:36:25.880+0000] {processor.py:830} INFO - Processing file /home/airflow/.local/lib/python3.12/site-packages/airflow/example_dags/example_bash_decorator.py for tasks to queue
[2026-04-02T16:36:25.881+0000] {logging_mixin.py:188} INFO - [2026-04-02T16:36:25.881+0000] {dagbag.py:540} INFO - Filling up the DagBag from /home/airflow/.local/lib/python3.12/site-packages/airflow/example_dags/example_bash_decorator.py
[2026-04-02T16:36:25.888+0000] {processor.py:840} INFO - DAG(s) 'example_bash_decorator' retrieved from /home/airflow/.local/lib/python3.12/site-packages/airflow/example_dags/example_bash_decorator.py
[2026-04-02T16:36:25.902+0000] {logging_mixin.py:188} INFO - [2026-04-02T16:36:25.902+0000] {dag.py:3096} INFO - Sync 1 DAGs
[2026-04-02T16:36:25.908+0000] {logging_mixin.py:188} INFO - [2026-04-02T16:36:25.908+0000] {dag.py:3954} INFO - Setting next_dagrun for example_bash_decorator to None, run_after=None
[2026-04-02T16:36:25.917+0000] {processor.py:183} INFO - Processing /home/airflow/.local/lib/python3.12/site-packages/airflow/example_dags/example_bash_decorator.py took 0.041 seconds
[2026-04-02T16:36:57.385+0000] {processor.py:161} INFO - Started process (PID=1913) to work on /home/airflow/.local/lib/python3.12/site-packages/airflow/example_dags/example_bash_decorator.py
[2026-04-02T16:36:57.385+0000] {processor.py:830} INFO - Processing file /home/airflow/.local/lib/python3.12/site-packages/airflow/example_dags/example_bash_decorator.py for tasks to queue
[2026-04-02T16:36:57.386+0000] {logging_mixin.py:188} INFO - [2026-04-02T16:36:57.386+0000] {dagbag.py:540} INFO - Filling up the DagBag from /home/airflow/.local/lib/python3.12/site-packages/airflow/example_dags/example_bash_decorator.py
[2026-04-02T16:36:57.393+0000] {processor.py:840} INFO - DAG(s) 'example_bash_decorator' retrieved from /home/airflow/.local/lib/python3.12/site-packages/airflow/example_dags/example_bash_decorator.py
[2026-04-02T16:36:57.407+0000] {logging_mixin.py:188} INFO - [2026-04-02T16:36:57.407+0000] {dag.py:3096} INFO - Sync 1 DAGs
[2026-04-02T16:36:57.413+0000] {logging_mixin.py:188} INFO - [2026-04-02T16:36:57.413+0000] {dag.py:3954} INFO - Setting next_dagrun for example_bash_decorator to None, run_after=None
[2026-04-02T16:36:57.422+0000] {processor.py:183} INFO - Processing /home/airflow/.local/lib/python3.12/site-packages/airflow/example_dags/example_bash_decorator.py took 0.040 seconds
[2026-04-02T16:37:28.123+0000] {processor.py:161} INFO - Started process (PID=1971) to work on /home/airflow/.local/lib/python3.12/site-packages/airflow/example_dags/example_bash_decorator.py
[2026-04-02T16:37:28.123+0000] {processor.py:830} INFO - Processing file /home/airflow/.local/lib/python3.12/site-packages/airflow/example_dags/example_bash_decorator.py for tasks to queue
[2026-04-02T16:37:28.124+0000] {logging_mixin.py:188} INFO - [2026-04-02T16:37:28.124+0000] {dagbag.py:540} INFO - Filling up the DagBag from /home/airflow/.local/lib/python3.12/site-packages/airflow/example_dags/example_bash_decorator.py
[2026-04-02T16:37:28.134+0000] {processor.py:840} INFO - DAG(s) 'example_bash_decorator' retrieved from /home/airflow/.local/lib/python3.12/site-packages/airflow/example_dags/example_bash_decorator.py
[2026-04-02T16:37:28.147+0000] {logging_mixin.py:188} INFO - [2026-04-02T16:37:28.147+0000] {dag.py:3096} INFO - Sync 1 DAGs
[2026-04-02T16:37:28.153+0000] {logging_mixin.py:188} INFO - [2026-04-02T16:37:28.153+0000] {dag.py:3954} INFO - Setting next_dagrun for example_bash_decorator to None, run_after=None
[2026-04-02T16:37:28.161+0000] {processor.py:183} INFO - Processing /home/airflow/.local/lib/python3.12/site-packages/airflow/example_dags/example_bash_decorator.py took 0.045 seconds
[2026-04-02T16:37:58.648+0000] {processor.py:161} INFO - Started process (PID=2029) to work on /home/airflow/.local/lib/python3.12/site-packages/airflow/example_dags/example_bash_decorator.py
[2026-04-02T16:37:58.649+0000] {processor.py:830} INFO - Processing file /home/airflow/.local/lib/python3.12/site-packages/airflow/example_dags/example_bash_decorator.py for tasks to queue
[2026-04-02T16:37:58.650+0000] {logging_mixin.py:188} INFO - [2026-04-02T16:37:58.650+0000] {dagbag.py:540} INFO - Filling up the DagBag from /home/airflow/.local/lib/python3.12/site-packages/airflow/example_dags/example_bash_decorator.py
[2026-04-02T16:37:58.657+0000] {processor.py:840} INFO - DAG(s) 'example_bash_decorator' retrieved from /home/airflow/.local/lib/python3.12/site-packages/airflow/example_dags/example_bash_decorator.py
[2026-04-02T16:37:58.672+0000] {logging_mixin.py:188} INFO - [2026-04-02T16:37:58.672+0000] {dag.py:3096} INFO - Sync 1 DAGs
[2026-04-02T16:37:58.678+0000] {logging_mixin.py:188} INFO - [2026-04-02T16:37:58.678+0000] {dag.py:3954} INFO - Setting next_dagrun for example_bash_decorator to None, run_after=None
[2026-04-02T16:37:58.689+0000] {processor.py:183} INFO - Processing /home/airflow/.local/lib/python3.12/site-packages/airflow/example_dags/example_bash_decorator.py took 0.045 seconds
[2026-04-02T16:38:29.368+0000] {processor.py:161} INFO - Started process (PID=2087) to work on /home/airflow/.local/lib/python3.12/site-packages/airflow/example_dags/example_bash_decorator.py
[2026-04-02T16:38:29.369+0000] {processor.py:830} INFO - Processing file /home/airflow/.local/lib/python3.12/site-packages/airflow/example_dags/example_bash_decorator.py for tasks to queue
[2026-04-02T16:38:29.370+0000] {logging_mixin.py:188} INFO - [2026-04-02T16:38:29.370+0000] {dagbag.py:540} INFO - Filling up the DagBag from /home/airflow/.local/lib/python3.12/site-packages/airflow/example_dags/example_bash_decorator.py
[2026-04-02T16:38:29.377+0000] {processor.py:840} INFO - DAG(s) 'example_bash_decorator' retrieved from /home/airflow/.local/lib/python3.12/site-packages/airflow/example_dags/example_bash_decorator.py
[2026-04-02T16:38:29.390+0000] {logging_mixin.py:188} INFO - [2026-04-02T16:38:29.390+0000] {dag.py:3096} INFO - Sync 1 DAGs
[2026-04-02T16:38:29.396+0000] {logging_mixin.py:188} INFO - [2026-04-02T16:38:29.396+0000] {dag.py:3954} INFO - Setting next_dagrun for example_bash_decorator to None, run_after=None
[2026-04-02T16:38:29.405+0000] {processor.py:183} INFO - Processing /home/airflow/.local/lib/python3.12/site-packages/airflow/example_dags/example_bash_decorator.py took 0.041 seconds
[2026-04-02T16:39:00.125+0000] {processor.py:161} INFO - Started process (PID=2145) to work on /home/airflow/.local/lib/python3.12/site-packages/airflow/example_dags/example_bash_decorator.py
[2026-04-02T16:39:00.125+0000] {processor.py:830} INFO - Processing file /home/airflow/.local/lib/python3.12/site-packages/airflow/example_dags/example_bash_decorator.py for tasks to queue
[2026-04-02T16:39:00.127+0000] {logging_mixin.py:188} INFO - [2026-04-02T16:39:00.127+0000] {dagbag.py:540} INFO - Filling up the DagBag from /home/airflow/.local/lib/python3.12/site-packages/airflow/example_dags/example_bash_decorator.py
[2026-04-02T16:39:00.135+0000] {processor.py:840} INFO - DAG(s) 'example_bash_decorator' retrieved from /home/airflow/.local/lib/python3.12/site-packages/airflow/example_dags/example_bash_decorator.py
[2026-04-02T16:39:00.148+0000] {logging_mixin.py:188} INFO - [2026-04-02T16:39:00.148+0000] {dag.py:3096} INFO - Sync 1 DAGs
[2026-04-02T16:39:00.154+0000] {logging_mixin.py:188} INFO - [2026-04-02T16:39:00.154+0000] {dag.py:3954} INFO - Setting next_dagrun for example_bash_decorator to None, run_after=None
[2026-04-02T16:39:00.162+0000] {processor.py:183} INFO - Processing /home/airflow/.local/lib/python3.12/site-packages/airflow/example_dags/example_bash_decorator.py took 0.044 seconds
[2026-04-02T16:39:30.701+0000] {processor.py:161} INFO - Started process (PID=2203) to work on /home/airflow/.local/lib/python3.12/site-packages/airflow/example_dags/example_bash_decorator.py
[2026-04-02T16:39:30.702+0000] {processor.py:830} INFO - Processing file /home/airflow/.local/lib/python3.12/site-packages/airflow/example_dags/example_bash_decorator.py for tasks to queue
[2026-04-02T16:39:30.703+0000] {logging_mixin.py:188} INFO - [2026-04-02T16:39:30.703+0000] {dagbag.py:540} INFO - Filling up the DagBag from /home/airflow/.local/lib/python3.12/site-packages/airflow/example_dags/example_bash_decorator.py
[2026-04-02T16:39:30.710+0000] {processor.py:840} INFO - DAG(s) 'example_bash_decorator' retrieved from /home/airflow/.local/lib/python3.12/site-packages/airflow/example_dags/example_bash_decorator.py
[2026-04-02T16:39:30.724+0000] {logging_mixin.py:188} INFO - [2026-04-02T16:39:30.724+0000] {dag.py:3096} INFO - Sync 1 DAGs
[2026-04-02T16:39:30.730+0000] {logging_mixin.py:188} INFO - [2026-04-02T16:39:30.730+0000] {dag.py:3954} INFO - Setting next_dagrun for example_bash_decorator to None, run_after=None
[2026-04-02T16:39:30.740+0000] {processor.py:183} INFO - Processing /home/airflow/.local/lib/python3.12/site-packages/airflow/example_dags/example_bash_decorator.py took 0.042 seconds
[2026-04-02T16:40:01.315+0000] {processor.py:161} INFO - Started process (PID=2261) to work on /home/airflow/.local/lib/python3.12/site-packages/airflow/example_dags/example_bash_decorator.py
[2026-04-02T16:40:01.316+0000] {processor.py:830} INFO - Processing file /home/airflow/.local/lib/python3.12/site-packages/airflow/example_dags/example_bash_decorator.py for tasks to queue
[2026-04-02T16:40:01.317+0000] {logging_mixin.py:188} INFO - [2026-04-02T16:40:01.317+0000] {dagbag.py:540} INFO - Filling up the DagBag from /home/airflow/.local/lib/python3.12/site-packages/airflow/example_dags/example_bash_decorator.py
[2026-04-02T16:40:01.326+0000] {processor.py:840} INFO - DAG(s) 'example_bash_decorator' retrieved from /home/airflow/.local/lib/python3.12/site-packages/airflow/example_dags/example_bash_decorator.py
[2026-04-02T16:40:01.340+0000] {logging_mixin.py:188} INFO - [2026-04-02T16:40:01.340+0000] {dag.py:3096} INFO - Sync 1 DAGs
[2026-04-02T16:40:01.347+0000] {logging_mixin.py:188} INFO - [2026-04-02T16:40:01.347+0000] {dag.py:3954} INFO - Setting next_dagrun for example_bash_decorator to None, run_after=None
[2026-04-02T16:40:01.357+0000] {processor.py:183} INFO - Processing /home/airflow/.local/lib/python3.12/site-packages/airflow/example_dags/example_bash_decorator.py took 0.048 seconds
[2026-04-02T16:40:31.968+0000] {processor.py:161} INFO - Started process (PID=2319) to work on /home/airflow/.local/lib/python3.12/site-packages/airflow/example_dags/example_bash_decorator.py
[2026-04-02T16:40:31.968+0000] {processor.py:830} INFO - Processing file /home/airflow/.local/lib/python3.12/site-packages/airflow/example_dags/example_bash_decorator.py for tasks to queue
[2026-04-02T16:40:31.970+0000] {logging_mixin.py:188} INFO - [2026-04-02T16:40:31.969+0000] {dagbag.py:540} INFO - Filling up the DagBag from /home/airflow/.local/lib/python3.12/site-packages/airflow/example_dags/example_bash_decorator.py
[2026-04-02T16:40:31.978+0000] {processor.py:840} INFO - DAG(s) 'example_bash_decorator' retrieved from /home/airflow/.local/lib/python3.12/site-packages/airflow/example_dags/example_bash_decorator.py
[2026-04-02T16:40:31.993+0000] {logging_mixin.py:188} INFO - [2026-04-02T16:40:31.993+0000] {dag.py:3096} INFO - Sync 1 DAGs
[2026-04-02T16:40:31.999+0000] {logging_mixin.py:188} INFO - [2026-04-02T16:40:31.999+0000] {dag.py:3954} INFO - Setting next_dagrun for example_bash_decorator to None, run_after=None
[2026-04-02T16:40:32.009+0000] {processor.py:183} INFO - Processing /home/airflow/.local/lib/python3.12/site-packages/airflow/example_dags/example_bash_decorator.py took 0.047 seconds
[2026-04-02T16:41:02.795+0000] {processor.py:161} INFO - Started process (PID=2377) to work on /home/airflow/.local/lib/python3.12/site-packages/airflow/example_dags/example_bash_decorator.py
[2026-04-02T16:41:02.796+0000] {processor.py:830} INFO - Processing file /home/airflow/.local/lib/python3.12/site-packages/airflow/example_dags/example_bash_decorator.py for tasks to queue
[2026-04-02T16:41:02.801+0000] {logging_mixin.py:188} INFO - [2026-04-02T16:41:02.798+0000] {dagbag.py:540} INFO - Filling up the DagBag from /home/airflow/.local/lib/python3.12/site-packages/airflow/example_dags/example_bash_decorator.py
[2026-04-02T16:41:02.812+0000] {processor.py:840} INFO - DAG(s) 'example_bash_decorator' retrieved from /home/airflow/.local/lib/python3.12/site-packages/airflow/example_dags/example_bash_decorator.py
[2026-04-02T16:41:02.832+0000] {logging_mixin.py:188} INFO - [2026-04-02T16:41:02.832+0000] {dag.py:3096} INFO - Sync 1 DAGs
[2026-04-02T16:41:02.841+0000] {logging_mixin.py:188} INFO - [2026-04-02T16:41:02.841+0000] {dag.py:3954} INFO - Setting next_dagrun for example_bash_decorator to None, run_after=None
[2026-04-02T16:41:02.855+0000] {processor.py:183} INFO - Processing /home/airflow/.local/lib/python3.12/site-packages/airflow/example_dags/example_bash_decorator.py took 0.064 seconds
[2026-04-02T16:41:33.660+0000] {processor.py:161} INFO - Started process (PID=2435) to work on /home/airflow/.local/lib/python3.12/site-packages/airflow/example_dags/example_bash_decorator.py
[2026-04-02T16:41:33.660+0000] {processor.py:830} INFO - Processing file /home/airflow/.local/lib/python3.12/site-packages/airflow/example_dags/example_bash_decorator.py for tasks to queue
[2026-04-02T16:41:33.661+0000] {logging_mixin.py:188} INFO - [2026-04-02T16:41:33.661+0000] {dagbag.py:540} INFO - Filling up the DagBag from /home/airflow/.local/lib/python3.12/site-packages/airflow/example_dags/example_bash_decorator.py
[2026-04-02T16:41:33.674+0000] {processor.py:840} INFO - DAG(s) 'example_bash_decorator' retrieved from /home/airflow/.local/lib/python3.12/site-packages/airflow/example_dags/example_bash_decorator.py
[2026-04-02T16:41:33.692+0000] {logging_mixin.py:188} INFO - [2026-04-02T16:41:33.691+0000] {dag.py:3096} INFO - Sync 1 DAGs
[2026-04-02T16:41:33.698+0000] {logging_mixin.py:188} INFO - [2026-04-02T16:41:33.698+0000] {dag.py:3954} INFO - Setting next_dagrun for example_bash_decorator to None, run_after=None
[2026-04-02T16:41:33.713+0000] {processor.py:183} INFO - Processing /home/airflow/.local/lib/python3.12/site-packages/airflow/example_dags/example_bash_decorator.py took 0.056 seconds
[2026-04-02T16:42:04.602+0000] {processor.py:161} INFO - Started process (PID=2493) to work on /home/airflow/.local/lib/python3.12/site-packages/airflow/example_dags/example_bash_decorator.py
[2026-04-02T16:42:04.603+0000] {processor.py:830} INFO - Processing file /home/airflow/.local/lib/python3.12/site-packages/airflow/example_dags/example_bash_decorator.py for tasks to queue
[2026-04-02T16:42:04.604+0000] {logging_mixin.py:188} INFO - [2026-04-02T16:42:04.604+0000] {dagbag.py:540} INFO - Filling up the DagBag from /home/airflow/.local/lib/python3.12/site-packages/airflow/example_dags/example_bash_decorator.py
[2026-04-02T16:42:04.614+0000] {processor.py:840} INFO - DAG(s) 'example_bash_decorator' retrieved from /home/airflow/.local/lib/python3.12/site-packages/airflow/example_dags/example_bash_decorator.py
[2026-04-02T16:42:04.628+0000] {logging_mixin.py:188} INFO - [2026-04-02T16:42:04.628+0000] {dag.py:3096} INFO - Sync 1 DAGs
[2026-04-02T16:42:04.634+0000] {logging_mixin.py:188} INFO - [2026-04-02T16:42:04.634+0000] {dag.py:3954} INFO - Setting next_dagrun for example_bash_decorator to None, run_after=None
[2026-04-02T16:42:04.649+0000] {processor.py:183} INFO - Processing /home/airflow/.local/lib/python3.12/site-packages/airflow/example_dags/example_bash_decorator.py took 0.051 seconds
[2026-04-02T16:42:35.569+0000] {processor.py:161} INFO - Started process (PID=2551) to work on /home/airflow/.local/lib/python3.12/site-packages/airflow/example_dags/example_bash_decorator.py
[2026-04-02T16:42:35.569+0000] {processor.py:830} INFO - Processing file /home/airflow/.local/lib/python3.12/site-packages/airflow/example_dags/example_bash_decorator.py for tasks to queue
[2026-04-02T16:42:35.570+0000] {logging_mixin.py:188} INFO - [2026-04-02T16:42:35.570+0000] {dagbag.py:540} INFO - Filling up the DagBag from /home/airflow/.local/lib/python3.12/site-packages/airflow/example_dags/example_bash_decorator.py
[2026-04-02T16:42:35.582+0000] {processor.py:840} INFO - DAG(s) 'example_bash_decorator' retrieved from /home/airflow/.local/lib/python3.12/site-packages/airflow/example_dags/example_bash_decorator.py
[2026-04-02T16:42:35.604+0000] {logging_mixin.py:188} INFO - [2026-04-02T16:42:35.604+0000] {dag.py:3096} INFO - Sync 1 DAGs
[2026-04-02T16:42:35.613+0000] {logging_mixin.py:188} INFO - [2026-04-02T16:42:35.613+0000] {dag.py:3954} INFO - Setting next_dagrun for example_bash_decorator to None, run_after=None
[2026-04-02T16:42:35.627+0000] {processor.py:183} INFO - Processing /home/airflow/.local/lib/python3.12/site-packages/airflow/example_dags/example_bash_decorator.py took 0.062 seconds
