[2026-04-02T16:20:34.716+0000] {processor.py:161} INFO - Started process (PID=56) to work on /home/airflow/.local/lib/python3.12/site-packages/airflow/example_dags/example_sensors.py
[2026-04-02T16:20:34.716+0000] {processor.py:830} INFO - Processing file /home/airflow/.local/lib/python3.12/site-packages/airflow/example_dags/example_sensors.py for tasks to queue
[2026-04-02T16:20:34.717+0000] {logging_mixin.py:188} INFO - [2026-04-02T16:20:34.717+0000] {dagbag.py:540} INFO - Filling up the DagBag from /home/airflow/.local/lib/python3.12/site-packages/airflow/example_dags/example_sensors.py
[2026-04-02T16:20:34.723+0000] {processor.py:840} INFO - DAG(s) 'example_sensors' retrieved from /home/airflow/.local/lib/python3.12/site-packages/airflow/example_dags/example_sensors.py
[2026-04-02T16:20:34.731+0000] {logging_mixin.py:188} INFO - [2026-04-02T16:20:34.731+0000] {dag.py:3096} INFO - Sync 1 DAGs
[2026-04-02T16:20:34.739+0000] {logging_mixin.py:188} INFO - [2026-04-02T16:20:34.739+0000] {dag.py:3954} INFO - Setting next_dagrun for example_sensors to None, run_after=None
[2026-04-02T16:20:34.749+0000] {processor.py:183} INFO - Processing /home/airflow/.local/lib/python3.12/site-packages/airflow/example_dags/example_sensors.py took 0.036 seconds
[2026-04-02T16:21:05.639+0000] {processor.py:161} INFO - Started process (PID=114) to work on /home/airflow/.local/lib/python3.12/site-packages/airflow/example_dags/example_sensors.py
[2026-04-02T16:21:05.639+0000] {processor.py:830} INFO - Processing file /home/airflow/.local/lib/python3.12/site-packages/airflow/example_dags/example_sensors.py for tasks to queue
[2026-04-02T16:21:05.640+0000] {logging_mixin.py:188} INFO - [2026-04-02T16:21:05.640+0000] {dagbag.py:540} INFO - Filling up the DagBag from /home/airflow/.local/lib/python3.12/site-packages/airflow/example_dags/example_sensors.py
[2026-04-02T16:21:05.645+0000] {processor.py:840} INFO - DAG(s) 'example_sensors' retrieved from /home/airflow/.local/lib/python3.12/site-packages/airflow/example_dags/example_sensors.py
[2026-04-02T16:21:05.701+0000] {logging_mixin.py:188} INFO - [2026-04-02T16:21:05.700+0000] {dag.py:3096} INFO - Sync 1 DAGs
[2026-04-02T16:21:05.705+0000] {logging_mixin.py:188} INFO - [2026-04-02T16:21:05.705+0000] {dag.py:3954} INFO - Setting next_dagrun for example_sensors to None, run_after=None
[2026-04-02T16:21:05.714+0000] {processor.py:183} INFO - Processing /home/airflow/.local/lib/python3.12/site-packages/airflow/example_dags/example_sensors.py took 0.079 seconds
[2026-04-02T16:21:36.428+0000] {processor.py:161} INFO - Started process (PID=172) to work on /home/airflow/.local/lib/python3.12/site-packages/airflow/example_dags/example_sensors.py
[2026-04-02T16:21:36.429+0000] {processor.py:830} INFO - Processing file /home/airflow/.local/lib/python3.12/site-packages/airflow/example_dags/example_sensors.py for tasks to queue
[2026-04-02T16:21:36.430+0000] {logging_mixin.py:188} INFO - [2026-04-02T16:21:36.430+0000] {dagbag.py:540} INFO - Filling up the DagBag from /home/airflow/.local/lib/python3.12/site-packages/airflow/example_dags/example_sensors.py
[2026-04-02T16:21:36.435+0000] {processor.py:840} INFO - DAG(s) 'example_sensors' retrieved from /home/airflow/.local/lib/python3.12/site-packages/airflow/example_dags/example_sensors.py
[2026-04-02T16:21:36.449+0000] {logging_mixin.py:188} INFO - [2026-04-02T16:21:36.449+0000] {dag.py:3096} INFO - Sync 1 DAGs
[2026-04-02T16:21:36.456+0000] {logging_mixin.py:188} INFO - [2026-04-02T16:21:36.455+0000] {dag.py:3954} INFO - Setting next_dagrun for example_sensors to None, run_after=None
[2026-04-02T16:21:36.465+0000] {processor.py:183} INFO - Processing /home/airflow/.local/lib/python3.12/site-packages/airflow/example_dags/example_sensors.py took 0.040 seconds
[2026-04-02T16:22:07.221+0000] {processor.py:161} INFO - Started process (PID=230) to work on /home/airflow/.local/lib/python3.12/site-packages/airflow/example_dags/example_sensors.py
[2026-04-02T16:22:07.221+0000] {processor.py:830} INFO - Processing file /home/airflow/.local/lib/python3.12/site-packages/airflow/example_dags/example_sensors.py for tasks to queue
[2026-04-02T16:22:07.222+0000] {logging_mixin.py:188} INFO - [2026-04-02T16:22:07.222+0000] {dagbag.py:540} INFO - Filling up the DagBag from /home/airflow/.local/lib/python3.12/site-packages/airflow/example_dags/example_sensors.py
[2026-04-02T16:22:07.227+0000] {processor.py:840} INFO - DAG(s) 'example_sensors' retrieved from /home/airflow/.local/lib/python3.12/site-packages/airflow/example_dags/example_sensors.py
[2026-04-02T16:22:07.240+0000] {logging_mixin.py:188} INFO - [2026-04-02T16:22:07.240+0000] {dag.py:3096} INFO - Sync 1 DAGs
[2026-04-02T16:22:07.246+0000] {logging_mixin.py:188} INFO - [2026-04-02T16:22:07.246+0000] {dag.py:3954} INFO - Setting next_dagrun for example_sensors to None, run_after=None
[2026-04-02T16:22:07.257+0000] {processor.py:183} INFO - Processing /home/airflow/.local/lib/python3.12/site-packages/airflow/example_dags/example_sensors.py took 0.039 seconds
[2026-04-02T16:22:38.008+0000] {processor.py:161} INFO - Started process (PID=288) to work on /home/airflow/.local/lib/python3.12/site-packages/airflow/example_dags/example_sensors.py
[2026-04-02T16:22:38.008+0000] {processor.py:830} INFO - Processing file /home/airflow/.local/lib/python3.12/site-packages/airflow/example_dags/example_sensors.py for tasks to queue
[2026-04-02T16:22:38.009+0000] {logging_mixin.py:188} INFO - [2026-04-02T16:22:38.009+0000] {dagbag.py:540} INFO - Filling up the DagBag from /home/airflow/.local/lib/python3.12/site-packages/airflow/example_dags/example_sensors.py
[2026-04-02T16:22:38.013+0000] {processor.py:840} INFO - DAG(s) 'example_sensors' retrieved from /home/airflow/.local/lib/python3.12/site-packages/airflow/example_dags/example_sensors.py
[2026-04-02T16:22:38.028+0000] {logging_mixin.py:188} INFO - [2026-04-02T16:22:38.028+0000] {dag.py:3096} INFO - Sync 1 DAGs
[2026-04-02T16:22:38.035+0000] {logging_mixin.py:188} INFO - [2026-04-02T16:22:38.035+0000] {dag.py:3954} INFO - Setting next_dagrun for example_sensors to None, run_after=None
[2026-04-02T16:22:38.043+0000] {processor.py:183} INFO - Processing /home/airflow/.local/lib/python3.12/site-packages/airflow/example_dags/example_sensors.py took 0.038 seconds
[2026-04-02T16:23:08.659+0000] {processor.py:161} INFO - Started process (PID=346) to work on /home/airflow/.local/lib/python3.12/site-packages/airflow/example_dags/example_sensors.py
[2026-04-02T16:23:08.660+0000] {processor.py:830} INFO - Processing file /home/airflow/.local/lib/python3.12/site-packages/airflow/example_dags/example_sensors.py for tasks to queue
[2026-04-02T16:23:08.661+0000] {logging_mixin.py:188} INFO - [2026-04-02T16:23:08.661+0000] {dagbag.py:540} INFO - Filling up the DagBag from /home/airflow/.local/lib/python3.12/site-packages/airflow/example_dags/example_sensors.py
[2026-04-02T16:23:08.666+0000] {processor.py:840} INFO - DAG(s) 'example_sensors' retrieved from /home/airflow/.local/lib/python3.12/site-packages/airflow/example_dags/example_sensors.py
[2026-04-02T16:23:08.680+0000] {logging_mixin.py:188} INFO - [2026-04-02T16:23:08.680+0000] {dag.py:3096} INFO - Sync 1 DAGs
[2026-04-02T16:23:08.686+0000] {logging_mixin.py:188} INFO - [2026-04-02T16:23:08.686+0000] {dag.py:3954} INFO - Setting next_dagrun for example_sensors to None, run_after=None
[2026-04-02T16:23:08.694+0000] {processor.py:183} INFO - Processing /home/airflow/.local/lib/python3.12/site-packages/airflow/example_dags/example_sensors.py took 0.038 seconds
[2026-04-02T16:23:39.337+0000] {processor.py:161} INFO - Started process (PID=404) to work on /home/airflow/.local/lib/python3.12/site-packages/airflow/example_dags/example_sensors.py
[2026-04-02T16:23:39.338+0000] {processor.py:830} INFO - Processing file /home/airflow/.local/lib/python3.12/site-packages/airflow/example_dags/example_sensors.py for tasks to queue
[2026-04-02T16:23:39.339+0000] {logging_mixin.py:188} INFO - [2026-04-02T16:23:39.338+0000] {dagbag.py:540} INFO - Filling up the DagBag from /home/airflow/.local/lib/python3.12/site-packages/airflow/example_dags/example_sensors.py
[2026-04-02T16:23:39.351+0000] {processor.py:840} INFO - DAG(s) 'example_sensors' retrieved from /home/airflow/.local/lib/python3.12/site-packages/airflow/example_dags/example_sensors.py
[2026-04-02T16:23:39.377+0000] {logging_mixin.py:188} INFO - [2026-04-02T16:23:39.377+0000] {dag.py:3096} INFO - Sync 1 DAGs
[2026-04-02T16:23:39.384+0000] {logging_mixin.py:188} INFO - [2026-04-02T16:23:39.384+0000] {dag.py:3954} INFO - Setting next_dagrun for example_sensors to None, run_after=None
[2026-04-02T16:23:39.394+0000] {processor.py:183} INFO - Processing /home/airflow/.local/lib/python3.12/site-packages/airflow/example_dags/example_sensors.py took 0.060 seconds
[2026-04-02T16:24:09.993+0000] {processor.py:161} INFO - Started process (PID=462) to work on /home/airflow/.local/lib/python3.12/site-packages/airflow/example_dags/example_sensors.py
[2026-04-02T16:24:09.994+0000] {processor.py:830} INFO - Processing file /home/airflow/.local/lib/python3.12/site-packages/airflow/example_dags/example_sensors.py for tasks to queue
[2026-04-02T16:24:09.995+0000] {logging_mixin.py:188} INFO - [2026-04-02T16:24:09.994+0000] {dagbag.py:540} INFO - Filling up the DagBag from /home/airflow/.local/lib/python3.12/site-packages/airflow/example_dags/example_sensors.py
[2026-04-02T16:24:09.999+0000] {processor.py:840} INFO - DAG(s) 'example_sensors' retrieved from /home/airflow/.local/lib/python3.12/site-packages/airflow/example_dags/example_sensors.py
[2026-04-02T16:24:10.008+0000] {logging_mixin.py:188} INFO - [2026-04-02T16:24:10.008+0000] {dag.py:3096} INFO - Sync 1 DAGs
[2026-04-02T16:24:10.014+0000] {logging_mixin.py:188} INFO - [2026-04-02T16:24:10.014+0000] {dag.py:3954} INFO - Setting next_dagrun for example_sensors to None, run_after=None
[2026-04-02T16:24:10.023+0000] {processor.py:183} INFO - Processing /home/airflow/.local/lib/python3.12/site-packages/airflow/example_dags/example_sensors.py took 0.033 seconds
[2026-04-02T16:24:40.536+0000] {processor.py:161} INFO - Started process (PID=520) to work on /home/airflow/.local/lib/python3.12/site-packages/airflow/example_dags/example_sensors.py
[2026-04-02T16:24:40.537+0000] {processor.py:830} INFO - Processing file /home/airflow/.local/lib/python3.12/site-packages/airflow/example_dags/example_sensors.py for tasks to queue
[2026-04-02T16:24:40.538+0000] {logging_mixin.py:188} INFO - [2026-04-02T16:24:40.537+0000] {dagbag.py:540} INFO - Filling up the DagBag from /home/airflow/.local/lib/python3.12/site-packages/airflow/example_dags/example_sensors.py
[2026-04-02T16:24:40.542+0000] {processor.py:840} INFO - DAG(s) 'example_sensors' retrieved from /home/airflow/.local/lib/python3.12/site-packages/airflow/example_dags/example_sensors.py
[2026-04-02T16:24:40.550+0000] {logging_mixin.py:188} INFO - [2026-04-02T16:24:40.549+0000] {dag.py:3096} INFO - Sync 1 DAGs
[2026-04-02T16:24:40.556+0000] {logging_mixin.py:188} INFO - [2026-04-02T16:24:40.556+0000] {dag.py:3954} INFO - Setting next_dagrun for example_sensors to None, run_after=None
[2026-04-02T16:24:40.566+0000] {processor.py:183} INFO - Processing /home/airflow/.local/lib/python3.12/site-packages/airflow/example_dags/example_sensors.py took 0.033 seconds
[2026-04-02T16:25:11.324+0000] {processor.py:161} INFO - Started process (PID=578) to work on /home/airflow/.local/lib/python3.12/site-packages/airflow/example_dags/example_sensors.py
[2026-04-02T16:25:11.325+0000] {processor.py:830} INFO - Processing file /home/airflow/.local/lib/python3.12/site-packages/airflow/example_dags/example_sensors.py for tasks to queue
[2026-04-02T16:25:11.326+0000] {logging_mixin.py:188} INFO - [2026-04-02T16:25:11.326+0000] {dagbag.py:540} INFO - Filling up the DagBag from /home/airflow/.local/lib/python3.12/site-packages/airflow/example_dags/example_sensors.py
[2026-04-02T16:25:11.331+0000] {processor.py:840} INFO - DAG(s) 'example_sensors' retrieved from /home/airflow/.local/lib/python3.12/site-packages/airflow/example_dags/example_sensors.py
[2026-04-02T16:25:11.388+0000] {logging_mixin.py:188} INFO - [2026-04-02T16:25:11.388+0000] {dag.py:3096} INFO - Sync 1 DAGs
[2026-04-02T16:25:11.393+0000] {logging_mixin.py:188} INFO - [2026-04-02T16:25:11.393+0000] {dag.py:3954} INFO - Setting next_dagrun for example_sensors to None, run_after=None
[2026-04-02T16:25:11.405+0000] {processor.py:183} INFO - Processing /home/airflow/.local/lib/python3.12/site-packages/airflow/example_dags/example_sensors.py took 0.083 seconds
[2026-04-02T16:25:41.664+0000] {processor.py:161} INFO - Started process (PID=636) to work on /home/airflow/.local/lib/python3.12/site-packages/airflow/example_dags/example_sensors.py
[2026-04-02T16:25:41.665+0000] {processor.py:830} INFO - Processing file /home/airflow/.local/lib/python3.12/site-packages/airflow/example_dags/example_sensors.py for tasks to queue
[2026-04-02T16:25:41.666+0000] {logging_mixin.py:188} INFO - [2026-04-02T16:25:41.666+0000] {dagbag.py:540} INFO - Filling up the DagBag from /home/airflow/.local/lib/python3.12/site-packages/airflow/example_dags/example_sensors.py
[2026-04-02T16:25:41.671+0000] {processor.py:840} INFO - DAG(s) 'example_sensors' retrieved from /home/airflow/.local/lib/python3.12/site-packages/airflow/example_dags/example_sensors.py
[2026-04-02T16:25:41.687+0000] {logging_mixin.py:188} INFO - [2026-04-02T16:25:41.687+0000] {dag.py:3096} INFO - Sync 1 DAGs
[2026-04-02T16:25:41.694+0000] {logging_mixin.py:188} INFO - [2026-04-02T16:25:41.693+0000] {dag.py:3954} INFO - Setting next_dagrun for example_sensors to None, run_after=None
[2026-04-02T16:25:41.702+0000] {processor.py:183} INFO - Processing /home/airflow/.local/lib/python3.12/site-packages/airflow/example_dags/example_sensors.py took 0.041 seconds
[2026-04-02T16:26:11.789+0000] {processor.py:161} INFO - Started process (PID=694) to work on /home/airflow/.local/lib/python3.12/site-packages/airflow/example_dags/example_sensors.py
[2026-04-02T16:26:11.790+0000] {processor.py:830} INFO - Processing file /home/airflow/.local/lib/python3.12/site-packages/airflow/example_dags/example_sensors.py for tasks to queue
[2026-04-02T16:26:11.791+0000] {logging_mixin.py:188} INFO - [2026-04-02T16:26:11.791+0000] {dagbag.py:540} INFO - Filling up the DagBag from /home/airflow/.local/lib/python3.12/site-packages/airflow/example_dags/example_sensors.py
[2026-04-02T16:26:11.796+0000] {processor.py:840} INFO - DAG(s) 'example_sensors' retrieved from /home/airflow/.local/lib/python3.12/site-packages/airflow/example_dags/example_sensors.py
[2026-04-02T16:26:11.812+0000] {logging_mixin.py:188} INFO - [2026-04-02T16:26:11.812+0000] {dag.py:3096} INFO - Sync 1 DAGs
[2026-04-02T16:26:11.819+0000] {logging_mixin.py:188} INFO - [2026-04-02T16:26:11.819+0000] {dag.py:3954} INFO - Setting next_dagrun for example_sensors to None, run_after=None
[2026-04-02T16:26:11.836+0000] {processor.py:183} INFO - Processing /home/airflow/.local/lib/python3.12/site-packages/airflow/example_dags/example_sensors.py took 0.050 seconds
[2026-04-02T16:26:42.004+0000] {processor.py:161} INFO - Started process (PID=752) to work on /home/airflow/.local/lib/python3.12/site-packages/airflow/example_dags/example_sensors.py
[2026-04-02T16:26:42.005+0000] {processor.py:830} INFO - Processing file /home/airflow/.local/lib/python3.12/site-packages/airflow/example_dags/example_sensors.py for tasks to queue
[2026-04-02T16:26:42.007+0000] {logging_mixin.py:188} INFO - [2026-04-02T16:26:42.006+0000] {dagbag.py:540} INFO - Filling up the DagBag from /home/airflow/.local/lib/python3.12/site-packages/airflow/example_dags/example_sensors.py
[2026-04-02T16:26:42.011+0000] {processor.py:840} INFO - DAG(s) 'example_sensors' retrieved from /home/airflow/.local/lib/python3.12/site-packages/airflow/example_dags/example_sensors.py
[2026-04-02T16:26:42.032+0000] {logging_mixin.py:188} INFO - [2026-04-02T16:26:42.032+0000] {dag.py:3096} INFO - Sync 1 DAGs
[2026-04-02T16:26:42.039+0000] {logging_mixin.py:188} INFO - [2026-04-02T16:26:42.039+0000] {dag.py:3954} INFO - Setting next_dagrun for example_sensors to None, run_after=None
[2026-04-02T16:26:42.051+0000] {processor.py:183} INFO - Processing /home/airflow/.local/lib/python3.12/site-packages/airflow/example_dags/example_sensors.py took 0.049 seconds
[2026-04-02T16:27:12.257+0000] {processor.py:161} INFO - Started process (PID=810) to work on /home/airflow/.local/lib/python3.12/site-packages/airflow/example_dags/example_sensors.py
[2026-04-02T16:27:12.259+0000] {processor.py:830} INFO - Processing file /home/airflow/.local/lib/python3.12/site-packages/airflow/example_dags/example_sensors.py for tasks to queue
[2026-04-02T16:27:12.260+0000] {logging_mixin.py:188} INFO - [2026-04-02T16:27:12.260+0000] {dagbag.py:540} INFO - Filling up the DagBag from /home/airflow/.local/lib/python3.12/site-packages/airflow/example_dags/example_sensors.py
[2026-04-02T16:27:12.266+0000] {processor.py:840} INFO - DAG(s) 'example_sensors' retrieved from /home/airflow/.local/lib/python3.12/site-packages/airflow/example_dags/example_sensors.py
[2026-04-02T16:27:12.290+0000] {logging_mixin.py:188} INFO - [2026-04-02T16:27:12.290+0000] {dag.py:3096} INFO - Sync 1 DAGs
[2026-04-02T16:27:12.299+0000] {logging_mixin.py:188} INFO - [2026-04-02T16:27:12.299+0000] {dag.py:3954} INFO - Setting next_dagrun for example_sensors to None, run_after=None
[2026-04-02T16:27:12.313+0000] {processor.py:183} INFO - Processing /home/airflow/.local/lib/python3.12/site-packages/airflow/example_dags/example_sensors.py took 0.059 seconds
[2026-04-02T16:27:42.769+0000] {processor.py:161} INFO - Started process (PID=868) to work on /home/airflow/.local/lib/python3.12/site-packages/airflow/example_dags/example_sensors.py
[2026-04-02T16:27:42.770+0000] {processor.py:830} INFO - Processing file /home/airflow/.local/lib/python3.12/site-packages/airflow/example_dags/example_sensors.py for tasks to queue
[2026-04-02T16:27:42.772+0000] {logging_mixin.py:188} INFO - [2026-04-02T16:27:42.772+0000] {dagbag.py:540} INFO - Filling up the DagBag from /home/airflow/.local/lib/python3.12/site-packages/airflow/example_dags/example_sensors.py
[2026-04-02T16:27:42.776+0000] {processor.py:840} INFO - DAG(s) 'example_sensors' retrieved from /home/airflow/.local/lib/python3.12/site-packages/airflow/example_dags/example_sensors.py
[2026-04-02T16:27:42.787+0000] {logging_mixin.py:188} INFO - [2026-04-02T16:27:42.787+0000] {dag.py:3096} INFO - Sync 1 DAGs
[2026-04-02T16:27:42.796+0000] {logging_mixin.py:188} INFO - [2026-04-02T16:27:42.796+0000] {dag.py:3954} INFO - Setting next_dagrun for example_sensors to None, run_after=None
[2026-04-02T16:27:42.812+0000] {processor.py:183} INFO - Processing /home/airflow/.local/lib/python3.12/site-packages/airflow/example_dags/example_sensors.py took 0.046 seconds
[2026-04-02T16:28:13.521+0000] {processor.py:161} INFO - Started process (PID=926) to work on /home/airflow/.local/lib/python3.12/site-packages/airflow/example_dags/example_sensors.py
[2026-04-02T16:28:13.522+0000] {processor.py:830} INFO - Processing file /home/airflow/.local/lib/python3.12/site-packages/airflow/example_dags/example_sensors.py for tasks to queue
[2026-04-02T16:28:13.523+0000] {logging_mixin.py:188} INFO - [2026-04-02T16:28:13.523+0000] {dagbag.py:540} INFO - Filling up the DagBag from /home/airflow/.local/lib/python3.12/site-packages/airflow/example_dags/example_sensors.py
[2026-04-02T16:28:13.532+0000] {processor.py:840} INFO - DAG(s) 'example_sensors' retrieved from /home/airflow/.local/lib/python3.12/site-packages/airflow/example_dags/example_sensors.py
[2026-04-02T16:28:13.543+0000] {logging_mixin.py:188} INFO - [2026-04-02T16:28:13.543+0000] {dag.py:3096} INFO - Sync 1 DAGs
[2026-04-02T16:28:13.550+0000] {logging_mixin.py:188} INFO - [2026-04-02T16:28:13.550+0000] {dag.py:3954} INFO - Setting next_dagrun for example_sensors to None, run_after=None
[2026-04-02T16:28:13.563+0000] {processor.py:183} INFO - Processing /home/airflow/.local/lib/python3.12/site-packages/airflow/example_dags/example_sensors.py took 0.045 seconds
[2026-04-02T16:28:45.176+0000] {processor.py:161} INFO - Started process (PID=984) to work on /home/airflow/.local/lib/python3.12/site-packages/airflow/example_dags/example_sensors.py
[2026-04-02T16:28:45.178+0000] {processor.py:830} INFO - Processing file /home/airflow/.local/lib/python3.12/site-packages/airflow/example_dags/example_sensors.py for tasks to queue
[2026-04-02T16:28:45.182+0000] {logging_mixin.py:188} INFO - [2026-04-02T16:28:45.182+0000] {dagbag.py:540} INFO - Filling up the DagBag from /home/airflow/.local/lib/python3.12/site-packages/airflow/example_dags/example_sensors.py
[2026-04-02T16:28:45.188+0000] {processor.py:840} INFO - DAG(s) 'example_sensors' retrieved from /home/airflow/.local/lib/python3.12/site-packages/airflow/example_dags/example_sensors.py
[2026-04-02T16:28:45.254+0000] {logging_mixin.py:188} INFO - [2026-04-02T16:28:45.254+0000] {dag.py:3096} INFO - Sync 1 DAGs
[2026-04-02T16:28:45.361+0000] {logging_mixin.py:188} INFO - [2026-04-02T16:28:45.361+0000] {dag.py:3954} INFO - Setting next_dagrun for example_sensors to None, run_after=None
[2026-04-02T16:28:45.374+0000] {processor.py:183} INFO - Processing /home/airflow/.local/lib/python3.12/site-packages/airflow/example_dags/example_sensors.py took 0.202 seconds
[2026-04-02T16:29:16.150+0000] {processor.py:161} INFO - Started process (PID=1042) to work on /home/airflow/.local/lib/python3.12/site-packages/airflow/example_dags/example_sensors.py
[2026-04-02T16:29:16.151+0000] {processor.py:830} INFO - Processing file /home/airflow/.local/lib/python3.12/site-packages/airflow/example_dags/example_sensors.py for tasks to queue
[2026-04-02T16:29:16.152+0000] {logging_mixin.py:188} INFO - [2026-04-02T16:29:16.152+0000] {dagbag.py:540} INFO - Filling up the DagBag from /home/airflow/.local/lib/python3.12/site-packages/airflow/example_dags/example_sensors.py
[2026-04-02T16:29:16.158+0000] {processor.py:840} INFO - DAG(s) 'example_sensors' retrieved from /home/airflow/.local/lib/python3.12/site-packages/airflow/example_dags/example_sensors.py
[2026-04-02T16:29:16.181+0000] {logging_mixin.py:188} INFO - [2026-04-02T16:29:16.181+0000] {dag.py:3096} INFO - Sync 1 DAGs
[2026-04-02T16:29:16.285+0000] {logging_mixin.py:188} INFO - [2026-04-02T16:29:16.285+0000] {dag.py:3954} INFO - Setting next_dagrun for example_sensors to None, run_after=None
[2026-04-02T16:29:16.299+0000] {processor.py:183} INFO - Processing /home/airflow/.local/lib/python3.12/site-packages/airflow/example_dags/example_sensors.py took 0.156 seconds
[2026-04-02T16:29:47.205+0000] {processor.py:161} INFO - Started process (PID=1100) to work on /home/airflow/.local/lib/python3.12/site-packages/airflow/example_dags/example_sensors.py
[2026-04-02T16:29:47.209+0000] {processor.py:830} INFO - Processing file /home/airflow/.local/lib/python3.12/site-packages/airflow/example_dags/example_sensors.py for tasks to queue
[2026-04-02T16:29:47.210+0000] {logging_mixin.py:188} INFO - [2026-04-02T16:29:47.210+0000] {dagbag.py:540} INFO - Filling up the DagBag from /home/airflow/.local/lib/python3.12/site-packages/airflow/example_dags/example_sensors.py
[2026-04-02T16:29:47.216+0000] {processor.py:840} INFO - DAG(s) 'example_sensors' retrieved from /home/airflow/.local/lib/python3.12/site-packages/airflow/example_dags/example_sensors.py
[2026-04-02T16:29:47.239+0000] {logging_mixin.py:188} INFO - [2026-04-02T16:29:47.239+0000] {dag.py:3096} INFO - Sync 1 DAGs
[2026-04-02T16:29:47.251+0000] {logging_mixin.py:188} INFO - [2026-04-02T16:29:47.251+0000] {dag.py:3954} INFO - Setting next_dagrun for example_sensors to None, run_after=None
[2026-04-02T16:29:47.268+0000] {processor.py:183} INFO - Processing /home/airflow/.local/lib/python3.12/site-packages/airflow/example_dags/example_sensors.py took 0.068 seconds
[2026-04-02T16:30:18.222+0000] {processor.py:161} INFO - Started process (PID=1158) to work on /home/airflow/.local/lib/python3.12/site-packages/airflow/example_dags/example_sensors.py
[2026-04-02T16:30:18.224+0000] {processor.py:830} INFO - Processing file /home/airflow/.local/lib/python3.12/site-packages/airflow/example_dags/example_sensors.py for tasks to queue
[2026-04-02T16:30:18.225+0000] {logging_mixin.py:188} INFO - [2026-04-02T16:30:18.225+0000] {dagbag.py:540} INFO - Filling up the DagBag from /home/airflow/.local/lib/python3.12/site-packages/airflow/example_dags/example_sensors.py
[2026-04-02T16:30:18.232+0000] {processor.py:840} INFO - DAG(s) 'example_sensors' retrieved from /home/airflow/.local/lib/python3.12/site-packages/airflow/example_dags/example_sensors.py
[2026-04-02T16:30:18.250+0000] {logging_mixin.py:188} INFO - [2026-04-02T16:30:18.249+0000] {dag.py:3096} INFO - Sync 1 DAGs
[2026-04-02T16:30:18.256+0000] {logging_mixin.py:188} INFO - [2026-04-02T16:30:18.256+0000] {dag.py:3954} INFO - Setting next_dagrun for example_sensors to None, run_after=None
[2026-04-02T16:30:18.266+0000] {processor.py:183} INFO - Processing /home/airflow/.local/lib/python3.12/site-packages/airflow/example_dags/example_sensors.py took 0.047 seconds
[2026-04-02T16:30:48.665+0000] {processor.py:161} INFO - Started process (PID=1216) to work on /home/airflow/.local/lib/python3.12/site-packages/airflow/example_dags/example_sensors.py
[2026-04-02T16:30:48.666+0000] {processor.py:830} INFO - Processing file /home/airflow/.local/lib/python3.12/site-packages/airflow/example_dags/example_sensors.py for tasks to queue
[2026-04-02T16:30:48.667+0000] {logging_mixin.py:188} INFO - [2026-04-02T16:30:48.667+0000] {dagbag.py:540} INFO - Filling up the DagBag from /home/airflow/.local/lib/python3.12/site-packages/airflow/example_dags/example_sensors.py
[2026-04-02T16:30:48.672+0000] {processor.py:840} INFO - DAG(s) 'example_sensors' retrieved from /home/airflow/.local/lib/python3.12/site-packages/airflow/example_dags/example_sensors.py
[2026-04-02T16:30:48.688+0000] {logging_mixin.py:188} INFO - [2026-04-02T16:30:48.688+0000] {dag.py:3096} INFO - Sync 1 DAGs
[2026-04-02T16:30:48.694+0000] {logging_mixin.py:188} INFO - [2026-04-02T16:30:48.694+0000] {dag.py:3954} INFO - Setting next_dagrun for example_sensors to None, run_after=None
[2026-04-02T16:30:48.703+0000] {processor.py:183} INFO - Processing /home/airflow/.local/lib/python3.12/site-packages/airflow/example_dags/example_sensors.py took 0.044 seconds
[2026-04-02T16:31:19.286+0000] {processor.py:161} INFO - Started process (PID=1274) to work on /home/airflow/.local/lib/python3.12/site-packages/airflow/example_dags/example_sensors.py
[2026-04-02T16:31:19.287+0000] {processor.py:830} INFO - Processing file /home/airflow/.local/lib/python3.12/site-packages/airflow/example_dags/example_sensors.py for tasks to queue
[2026-04-02T16:31:19.288+0000] {logging_mixin.py:188} INFO - [2026-04-02T16:31:19.288+0000] {dagbag.py:540} INFO - Filling up the DagBag from /home/airflow/.local/lib/python3.12/site-packages/airflow/example_dags/example_sensors.py
[2026-04-02T16:31:19.293+0000] {processor.py:840} INFO - DAG(s) 'example_sensors' retrieved from /home/airflow/.local/lib/python3.12/site-packages/airflow/example_dags/example_sensors.py
[2026-04-02T16:31:19.307+0000] {logging_mixin.py:188} INFO - [2026-04-02T16:31:19.307+0000] {dag.py:3096} INFO - Sync 1 DAGs
[2026-04-02T16:31:19.313+0000] {logging_mixin.py:188} INFO - [2026-04-02T16:31:19.313+0000] {dag.py:3954} INFO - Setting next_dagrun for example_sensors to None, run_after=None
[2026-04-02T16:31:19.322+0000] {processor.py:183} INFO - Processing /home/airflow/.local/lib/python3.12/site-packages/airflow/example_dags/example_sensors.py took 0.041 seconds
[2026-04-02T16:31:49.891+0000] {processor.py:161} INFO - Started process (PID=1332) to work on /home/airflow/.local/lib/python3.12/site-packages/airflow/example_dags/example_sensors.py
[2026-04-02T16:31:49.891+0000] {processor.py:830} INFO - Processing file /home/airflow/.local/lib/python3.12/site-packages/airflow/example_dags/example_sensors.py for tasks to queue
[2026-04-02T16:31:49.893+0000] {logging_mixin.py:188} INFO - [2026-04-02T16:31:49.892+0000] {dagbag.py:540} INFO - Filling up the DagBag from /home/airflow/.local/lib/python3.12/site-packages/airflow/example_dags/example_sensors.py
[2026-04-02T16:31:49.897+0000] {processor.py:840} INFO - DAG(s) 'example_sensors' retrieved from /home/airflow/.local/lib/python3.12/site-packages/airflow/example_dags/example_sensors.py
[2026-04-02T16:31:49.914+0000] {logging_mixin.py:188} INFO - [2026-04-02T16:31:49.914+0000] {dag.py:3096} INFO - Sync 1 DAGs
[2026-04-02T16:31:49.921+0000] {logging_mixin.py:188} INFO - [2026-04-02T16:31:49.921+0000] {dag.py:3954} INFO - Setting next_dagrun for example_sensors to None, run_after=None
[2026-04-02T16:31:49.929+0000] {processor.py:183} INFO - Processing /home/airflow/.local/lib/python3.12/site-packages/airflow/example_dags/example_sensors.py took 0.044 seconds
[2026-04-02T16:32:20.684+0000] {processor.py:161} INFO - Started process (PID=1390) to work on /home/airflow/.local/lib/python3.12/site-packages/airflow/example_dags/example_sensors.py
[2026-04-02T16:32:20.685+0000] {processor.py:830} INFO - Processing file /home/airflow/.local/lib/python3.12/site-packages/airflow/example_dags/example_sensors.py for tasks to queue
[2026-04-02T16:32:20.687+0000] {logging_mixin.py:188} INFO - [2026-04-02T16:32:20.687+0000] {dagbag.py:540} INFO - Filling up the DagBag from /home/airflow/.local/lib/python3.12/site-packages/airflow/example_dags/example_sensors.py
[2026-04-02T16:32:20.692+0000] {processor.py:840} INFO - DAG(s) 'example_sensors' retrieved from /home/airflow/.local/lib/python3.12/site-packages/airflow/example_dags/example_sensors.py
[2026-04-02T16:32:20.711+0000] {logging_mixin.py:188} INFO - [2026-04-02T16:32:20.711+0000] {dag.py:3096} INFO - Sync 1 DAGs
[2026-04-02T16:32:20.717+0000] {logging_mixin.py:188} INFO - [2026-04-02T16:32:20.717+0000] {dag.py:3954} INFO - Setting next_dagrun for example_sensors to None, run_after=None
[2026-04-02T16:32:20.726+0000] {processor.py:183} INFO - Processing /home/airflow/.local/lib/python3.12/site-packages/airflow/example_dags/example_sensors.py took 0.047 seconds
[2026-04-02T16:32:51.318+0000] {processor.py:161} INFO - Started process (PID=1448) to work on /home/airflow/.local/lib/python3.12/site-packages/airflow/example_dags/example_sensors.py
[2026-04-02T16:32:51.318+0000] {processor.py:830} INFO - Processing file /home/airflow/.local/lib/python3.12/site-packages/airflow/example_dags/example_sensors.py for tasks to queue
[2026-04-02T16:32:51.319+0000] {logging_mixin.py:188} INFO - [2026-04-02T16:32:51.319+0000] {dagbag.py:540} INFO - Filling up the DagBag from /home/airflow/.local/lib/python3.12/site-packages/airflow/example_dags/example_sensors.py
[2026-04-02T16:32:51.324+0000] {processor.py:840} INFO - DAG(s) 'example_sensors' retrieved from /home/airflow/.local/lib/python3.12/site-packages/airflow/example_dags/example_sensors.py
[2026-04-02T16:32:51.341+0000] {logging_mixin.py:188} INFO - [2026-04-02T16:32:51.341+0000] {dag.py:3096} INFO - Sync 1 DAGs
[2026-04-02T16:32:51.348+0000] {logging_mixin.py:188} INFO - [2026-04-02T16:32:51.348+0000] {dag.py:3954} INFO - Setting next_dagrun for example_sensors to None, run_after=None
[2026-04-02T16:32:51.357+0000] {processor.py:183} INFO - Processing /home/airflow/.local/lib/python3.12/site-packages/airflow/example_dags/example_sensors.py took 0.044 seconds
[2026-04-02T16:33:21.865+0000] {processor.py:161} INFO - Started process (PID=1506) to work on /home/airflow/.local/lib/python3.12/site-packages/airflow/example_dags/example_sensors.py
[2026-04-02T16:33:21.866+0000] {processor.py:830} INFO - Processing file /home/airflow/.local/lib/python3.12/site-packages/airflow/example_dags/example_sensors.py for tasks to queue
[2026-04-02T16:33:21.867+0000] {logging_mixin.py:188} INFO - [2026-04-02T16:33:21.867+0000] {dagbag.py:540} INFO - Filling up the DagBag from /home/airflow/.local/lib/python3.12/site-packages/airflow/example_dags/example_sensors.py
[2026-04-02T16:33:21.872+0000] {processor.py:840} INFO - DAG(s) 'example_sensors' retrieved from /home/airflow/.local/lib/python3.12/site-packages/airflow/example_dags/example_sensors.py
[2026-04-02T16:33:21.888+0000] {logging_mixin.py:188} INFO - [2026-04-02T16:33:21.888+0000] {dag.py:3096} INFO - Sync 1 DAGs
[2026-04-02T16:33:21.894+0000] {logging_mixin.py:188} INFO - [2026-04-02T16:33:21.894+0000] {dag.py:3954} INFO - Setting next_dagrun for example_sensors to None, run_after=None
[2026-04-02T16:33:21.904+0000] {processor.py:183} INFO - Processing /home/airflow/.local/lib/python3.12/site-packages/airflow/example_dags/example_sensors.py took 0.043 seconds
[2026-04-02T16:33:52.505+0000] {processor.py:161} INFO - Started process (PID=1564) to work on /home/airflow/.local/lib/python3.12/site-packages/airflow/example_dags/example_sensors.py
[2026-04-02T16:33:52.505+0000] {processor.py:830} INFO - Processing file /home/airflow/.local/lib/python3.12/site-packages/airflow/example_dags/example_sensors.py for tasks to queue
[2026-04-02T16:33:52.507+0000] {logging_mixin.py:188} INFO - [2026-04-02T16:33:52.506+0000] {dagbag.py:540} INFO - Filling up the DagBag from /home/airflow/.local/lib/python3.12/site-packages/airflow/example_dags/example_sensors.py
[2026-04-02T16:33:52.512+0000] {processor.py:840} INFO - DAG(s) 'example_sensors' retrieved from /home/airflow/.local/lib/python3.12/site-packages/airflow/example_dags/example_sensors.py
[2026-04-02T16:33:52.527+0000] {logging_mixin.py:188} INFO - [2026-04-02T16:33:52.527+0000] {dag.py:3096} INFO - Sync 1 DAGs
[2026-04-02T16:33:52.534+0000] {logging_mixin.py:188} INFO - [2026-04-02T16:33:52.534+0000] {dag.py:3954} INFO - Setting next_dagrun for example_sensors to None, run_after=None
[2026-04-02T16:33:52.544+0000] {processor.py:183} INFO - Processing /home/airflow/.local/lib/python3.12/site-packages/airflow/example_dags/example_sensors.py took 0.043 seconds
[2026-04-02T16:34:23.226+0000] {processor.py:161} INFO - Started process (PID=1622) to work on /home/airflow/.local/lib/python3.12/site-packages/airflow/example_dags/example_sensors.py
[2026-04-02T16:34:23.227+0000] {processor.py:830} INFO - Processing file /home/airflow/.local/lib/python3.12/site-packages/airflow/example_dags/example_sensors.py for tasks to queue
[2026-04-02T16:34:23.229+0000] {logging_mixin.py:188} INFO - [2026-04-02T16:34:23.229+0000] {dagbag.py:540} INFO - Filling up the DagBag from /home/airflow/.local/lib/python3.12/site-packages/airflow/example_dags/example_sensors.py
[2026-04-02T16:34:23.235+0000] {processor.py:840} INFO - DAG(s) 'example_sensors' retrieved from /home/airflow/.local/lib/python3.12/site-packages/airflow/example_dags/example_sensors.py
[2026-04-02T16:34:23.252+0000] {logging_mixin.py:188} INFO - [2026-04-02T16:34:23.252+0000] {dag.py:3096} INFO - Sync 1 DAGs
[2026-04-02T16:34:23.257+0000] {logging_mixin.py:188} INFO - [2026-04-02T16:34:23.257+0000] {dag.py:3954} INFO - Setting next_dagrun for example_sensors to None, run_after=None
[2026-04-02T16:34:23.268+0000] {processor.py:183} INFO - Processing /home/airflow/.local/lib/python3.12/site-packages/airflow/example_dags/example_sensors.py took 0.047 seconds
[2026-04-02T16:34:53.863+0000] {processor.py:161} INFO - Started process (PID=1680) to work on /home/airflow/.local/lib/python3.12/site-packages/airflow/example_dags/example_sensors.py
[2026-04-02T16:34:53.864+0000] {processor.py:830} INFO - Processing file /home/airflow/.local/lib/python3.12/site-packages/airflow/example_dags/example_sensors.py for tasks to queue
[2026-04-02T16:34:53.865+0000] {logging_mixin.py:188} INFO - [2026-04-02T16:34:53.865+0000] {dagbag.py:540} INFO - Filling up the DagBag from /home/airflow/.local/lib/python3.12/site-packages/airflow/example_dags/example_sensors.py
[2026-04-02T16:34:53.870+0000] {processor.py:840} INFO - DAG(s) 'example_sensors' retrieved from /home/airflow/.local/lib/python3.12/site-packages/airflow/example_dags/example_sensors.py
[2026-04-02T16:34:53.885+0000] {logging_mixin.py:188} INFO - [2026-04-02T16:34:53.885+0000] {dag.py:3096} INFO - Sync 1 DAGs
[2026-04-02T16:34:53.891+0000] {logging_mixin.py:188} INFO - [2026-04-02T16:34:53.891+0000] {dag.py:3954} INFO - Setting next_dagrun for example_sensors to None, run_after=None
[2026-04-02T16:34:53.900+0000] {processor.py:183} INFO - Processing /home/airflow/.local/lib/python3.12/site-packages/airflow/example_dags/example_sensors.py took 0.041 seconds
[2026-04-02T16:35:24.506+0000] {processor.py:161} INFO - Started process (PID=1738) to work on /home/airflow/.local/lib/python3.12/site-packages/airflow/example_dags/example_sensors.py
[2026-04-02T16:35:24.507+0000] {processor.py:830} INFO - Processing file /home/airflow/.local/lib/python3.12/site-packages/airflow/example_dags/example_sensors.py for tasks to queue
[2026-04-02T16:35:24.509+0000] {logging_mixin.py:188} INFO - [2026-04-02T16:35:24.508+0000] {dagbag.py:540} INFO - Filling up the DagBag from /home/airflow/.local/lib/python3.12/site-packages/airflow/example_dags/example_sensors.py
[2026-04-02T16:35:24.514+0000] {processor.py:840} INFO - DAG(s) 'example_sensors' retrieved from /home/airflow/.local/lib/python3.12/site-packages/airflow/example_dags/example_sensors.py
[2026-04-02T16:35:24.530+0000] {logging_mixin.py:188} INFO - [2026-04-02T16:35:24.530+0000] {dag.py:3096} INFO - Sync 1 DAGs
[2026-04-02T16:35:24.537+0000] {logging_mixin.py:188} INFO - [2026-04-02T16:35:24.537+0000] {dag.py:3954} INFO - Setting next_dagrun for example_sensors to None, run_after=None
[2026-04-02T16:35:24.547+0000] {processor.py:183} INFO - Processing /home/airflow/.local/lib/python3.12/site-packages/airflow/example_dags/example_sensors.py took 0.046 seconds
[2026-04-02T16:35:55.163+0000] {processor.py:161} INFO - Started process (PID=1796) to work on /home/airflow/.local/lib/python3.12/site-packages/airflow/example_dags/example_sensors.py
[2026-04-02T16:35:55.163+0000] {processor.py:830} INFO - Processing file /home/airflow/.local/lib/python3.12/site-packages/airflow/example_dags/example_sensors.py for tasks to queue
[2026-04-02T16:35:55.164+0000] {logging_mixin.py:188} INFO - [2026-04-02T16:35:55.164+0000] {dagbag.py:540} INFO - Filling up the DagBag from /home/airflow/.local/lib/python3.12/site-packages/airflow/example_dags/example_sensors.py
[2026-04-02T16:35:55.169+0000] {processor.py:840} INFO - DAG(s) 'example_sensors' retrieved from /home/airflow/.local/lib/python3.12/site-packages/airflow/example_dags/example_sensors.py
[2026-04-02T16:35:55.183+0000] {logging_mixin.py:188} INFO - [2026-04-02T16:35:55.183+0000] {dag.py:3096} INFO - Sync 1 DAGs
[2026-04-02T16:35:55.189+0000] {logging_mixin.py:188} INFO - [2026-04-02T16:35:55.189+0000] {dag.py:3954} INFO - Setting next_dagrun for example_sensors to None, run_after=None
[2026-04-02T16:35:55.198+0000] {processor.py:183} INFO - Processing /home/airflow/.local/lib/python3.12/site-packages/airflow/example_dags/example_sensors.py took 0.039 seconds
[2026-04-02T16:36:25.826+0000] {processor.py:161} INFO - Started process (PID=1854) to work on /home/airflow/.local/lib/python3.12/site-packages/airflow/example_dags/example_sensors.py
[2026-04-02T16:36:25.827+0000] {processor.py:830} INFO - Processing file /home/airflow/.local/lib/python3.12/site-packages/airflow/example_dags/example_sensors.py for tasks to queue
[2026-04-02T16:36:25.828+0000] {logging_mixin.py:188} INFO - [2026-04-02T16:36:25.828+0000] {dagbag.py:540} INFO - Filling up the DagBag from /home/airflow/.local/lib/python3.12/site-packages/airflow/example_dags/example_sensors.py
[2026-04-02T16:36:25.834+0000] {processor.py:840} INFO - DAG(s) 'example_sensors' retrieved from /home/airflow/.local/lib/python3.12/site-packages/airflow/example_dags/example_sensors.py
[2026-04-02T16:36:25.851+0000] {logging_mixin.py:188} INFO - [2026-04-02T16:36:25.851+0000] {dag.py:3096} INFO - Sync 1 DAGs
[2026-04-02T16:36:25.857+0000] {logging_mixin.py:188} INFO - [2026-04-02T16:36:25.857+0000] {dag.py:3954} INFO - Setting next_dagrun for example_sensors to None, run_after=None
[2026-04-02T16:36:25.867+0000] {processor.py:183} INFO - Processing /home/airflow/.local/lib/python3.12/site-packages/airflow/example_dags/example_sensors.py took 0.045 seconds
[2026-04-02T16:36:56.373+0000] {processor.py:161} INFO - Started process (PID=1912) to work on /home/airflow/.local/lib/python3.12/site-packages/airflow/example_dags/example_sensors.py
[2026-04-02T16:36:56.374+0000] {processor.py:830} INFO - Processing file /home/airflow/.local/lib/python3.12/site-packages/airflow/example_dags/example_sensors.py for tasks to queue
[2026-04-02T16:36:56.375+0000] {logging_mixin.py:188} INFO - [2026-04-02T16:36:56.374+0000] {dagbag.py:540} INFO - Filling up the DagBag from /home/airflow/.local/lib/python3.12/site-packages/airflow/example_dags/example_sensors.py
[2026-04-02T16:36:56.380+0000] {processor.py:840} INFO - DAG(s) 'example_sensors' retrieved from /home/airflow/.local/lib/python3.12/site-packages/airflow/example_dags/example_sensors.py
[2026-04-02T16:36:56.395+0000] {logging_mixin.py:188} INFO - [2026-04-02T16:36:56.395+0000] {dag.py:3096} INFO - Sync 1 DAGs
[2026-04-02T16:36:56.401+0000] {logging_mixin.py:188} INFO - [2026-04-02T16:36:56.401+0000] {dag.py:3954} INFO - Setting next_dagrun for example_sensors to None, run_after=None
[2026-04-02T16:36:56.410+0000] {processor.py:183} INFO - Processing /home/airflow/.local/lib/python3.12/site-packages/airflow/example_dags/example_sensors.py took 0.041 seconds
[2026-04-02T16:37:27.041+0000] {processor.py:161} INFO - Started process (PID=1970) to work on /home/airflow/.local/lib/python3.12/site-packages/airflow/example_dags/example_sensors.py
[2026-04-02T16:37:27.042+0000] {processor.py:830} INFO - Processing file /home/airflow/.local/lib/python3.12/site-packages/airflow/example_dags/example_sensors.py for tasks to queue
[2026-04-02T16:37:27.044+0000] {logging_mixin.py:188} INFO - [2026-04-02T16:37:27.044+0000] {dagbag.py:540} INFO - Filling up the DagBag from /home/airflow/.local/lib/python3.12/site-packages/airflow/example_dags/example_sensors.py
[2026-04-02T16:37:27.050+0000] {processor.py:840} INFO - DAG(s) 'example_sensors' retrieved from /home/airflow/.local/lib/python3.12/site-packages/airflow/example_dags/example_sensors.py
[2026-04-02T16:37:27.066+0000] {logging_mixin.py:188} INFO - [2026-04-02T16:37:27.066+0000] {dag.py:3096} INFO - Sync 1 DAGs
[2026-04-02T16:37:27.074+0000] {logging_mixin.py:188} INFO - [2026-04-02T16:37:27.074+0000] {dag.py:3954} INFO - Setting next_dagrun for example_sensors to None, run_after=None
[2026-04-02T16:37:27.084+0000] {processor.py:183} INFO - Processing /home/airflow/.local/lib/python3.12/site-packages/airflow/example_dags/example_sensors.py took 0.047 seconds
[2026-04-02T16:37:57.641+0000] {processor.py:161} INFO - Started process (PID=2028) to work on /home/airflow/.local/lib/python3.12/site-packages/airflow/example_dags/example_sensors.py
[2026-04-02T16:37:57.642+0000] {processor.py:830} INFO - Processing file /home/airflow/.local/lib/python3.12/site-packages/airflow/example_dags/example_sensors.py for tasks to queue
[2026-04-02T16:37:57.643+0000] {logging_mixin.py:188} INFO - [2026-04-02T16:37:57.642+0000] {dagbag.py:540} INFO - Filling up the DagBag from /home/airflow/.local/lib/python3.12/site-packages/airflow/example_dags/example_sensors.py
[2026-04-02T16:37:57.647+0000] {processor.py:840} INFO - DAG(s) 'example_sensors' retrieved from /home/airflow/.local/lib/python3.12/site-packages/airflow/example_dags/example_sensors.py
[2026-04-02T16:37:57.662+0000] {logging_mixin.py:188} INFO - [2026-04-02T16:37:57.661+0000] {dag.py:3096} INFO - Sync 1 DAGs
[2026-04-02T16:37:57.668+0000] {logging_mixin.py:188} INFO - [2026-04-02T16:37:57.668+0000] {dag.py:3954} INFO - Setting next_dagrun for example_sensors to None, run_after=None
[2026-04-02T16:37:57.677+0000] {processor.py:183} INFO - Processing /home/airflow/.local/lib/python3.12/site-packages/airflow/example_dags/example_sensors.py took 0.039 seconds
[2026-04-02T16:38:28.309+0000] {processor.py:161} INFO - Started process (PID=2086) to work on /home/airflow/.local/lib/python3.12/site-packages/airflow/example_dags/example_sensors.py
[2026-04-02T16:38:28.310+0000] {processor.py:830} INFO - Processing file /home/airflow/.local/lib/python3.12/site-packages/airflow/example_dags/example_sensors.py for tasks to queue
[2026-04-02T16:38:28.310+0000] {logging_mixin.py:188} INFO - [2026-04-02T16:38:28.310+0000] {dagbag.py:540} INFO - Filling up the DagBag from /home/airflow/.local/lib/python3.12/site-packages/airflow/example_dags/example_sensors.py
[2026-04-02T16:38:28.315+0000] {processor.py:840} INFO - DAG(s) 'example_sensors' retrieved from /home/airflow/.local/lib/python3.12/site-packages/airflow/example_dags/example_sensors.py
[2026-04-02T16:38:28.331+0000] {logging_mixin.py:188} INFO - [2026-04-02T16:38:28.330+0000] {dag.py:3096} INFO - Sync 1 DAGs
[2026-04-02T16:38:28.337+0000] {logging_mixin.py:188} INFO - [2026-04-02T16:38:28.337+0000] {dag.py:3954} INFO - Setting next_dagrun for example_sensors to None, run_after=None
[2026-04-02T16:38:28.348+0000] {processor.py:183} INFO - Processing /home/airflow/.local/lib/python3.12/site-packages/airflow/example_dags/example_sensors.py took 0.042 seconds
[2026-04-02T16:38:59.047+0000] {processor.py:161} INFO - Started process (PID=2144) to work on /home/airflow/.local/lib/python3.12/site-packages/airflow/example_dags/example_sensors.py
[2026-04-02T16:38:59.048+0000] {processor.py:830} INFO - Processing file /home/airflow/.local/lib/python3.12/site-packages/airflow/example_dags/example_sensors.py for tasks to queue
[2026-04-02T16:38:59.049+0000] {logging_mixin.py:188} INFO - [2026-04-02T16:38:59.049+0000] {dagbag.py:540} INFO - Filling up the DagBag from /home/airflow/.local/lib/python3.12/site-packages/airflow/example_dags/example_sensors.py
[2026-04-02T16:38:59.054+0000] {processor.py:840} INFO - DAG(s) 'example_sensors' retrieved from /home/airflow/.local/lib/python3.12/site-packages/airflow/example_dags/example_sensors.py
[2026-04-02T16:38:59.071+0000] {logging_mixin.py:188} INFO - [2026-04-02T16:38:59.071+0000] {dag.py:3096} INFO - Sync 1 DAGs
[2026-04-02T16:38:59.077+0000] {logging_mixin.py:188} INFO - [2026-04-02T16:38:59.077+0000] {dag.py:3954} INFO - Setting next_dagrun for example_sensors to None, run_after=None
[2026-04-02T16:38:59.087+0000] {processor.py:183} INFO - Processing /home/airflow/.local/lib/python3.12/site-packages/airflow/example_dags/example_sensors.py took 0.044 seconds
[2026-04-02T16:39:29.667+0000] {processor.py:161} INFO - Started process (PID=2202) to work on /home/airflow/.local/lib/python3.12/site-packages/airflow/example_dags/example_sensors.py
[2026-04-02T16:39:29.667+0000] {processor.py:830} INFO - Processing file /home/airflow/.local/lib/python3.12/site-packages/airflow/example_dags/example_sensors.py for tasks to queue
[2026-04-02T16:39:29.669+0000] {logging_mixin.py:188} INFO - [2026-04-02T16:39:29.669+0000] {dagbag.py:540} INFO - Filling up the DagBag from /home/airflow/.local/lib/python3.12/site-packages/airflow/example_dags/example_sensors.py
[2026-04-02T16:39:29.674+0000] {processor.py:840} INFO - DAG(s) 'example_sensors' retrieved from /home/airflow/.local/lib/python3.12/site-packages/airflow/example_dags/example_sensors.py
[2026-04-02T16:39:29.690+0000] {logging_mixin.py:188} INFO - [2026-04-02T16:39:29.690+0000] {dag.py:3096} INFO - Sync 1 DAGs
[2026-04-02T16:39:29.695+0000] {logging_mixin.py:188} INFO - [2026-04-02T16:39:29.695+0000] {dag.py:3954} INFO - Setting next_dagrun for example_sensors to None, run_after=None
[2026-04-02T16:39:29.706+0000] {processor.py:183} INFO - Processing /home/airflow/.local/lib/python3.12/site-packages/airflow/example_dags/example_sensors.py took 0.043 seconds
[2026-04-02T16:40:00.247+0000] {processor.py:161} INFO - Started process (PID=2260) to work on /home/airflow/.local/lib/python3.12/site-packages/airflow/example_dags/example_sensors.py
[2026-04-02T16:40:00.248+0000] {processor.py:830} INFO - Processing file /home/airflow/.local/lib/python3.12/site-packages/airflow/example_dags/example_sensors.py for tasks to queue
[2026-04-02T16:40:00.249+0000] {logging_mixin.py:188} INFO - [2026-04-02T16:40:00.249+0000] {dagbag.py:540} INFO - Filling up the DagBag from /home/airflow/.local/lib/python3.12/site-packages/airflow/example_dags/example_sensors.py
[2026-04-02T16:40:00.256+0000] {processor.py:840} INFO - DAG(s) 'example_sensors' retrieved from /home/airflow/.local/lib/python3.12/site-packages/airflow/example_dags/example_sensors.py
[2026-04-02T16:40:00.272+0000] {logging_mixin.py:188} INFO - [2026-04-02T16:40:00.271+0000] {dag.py:3096} INFO - Sync 1 DAGs
[2026-04-02T16:40:00.278+0000] {logging_mixin.py:188} INFO - [2026-04-02T16:40:00.278+0000] {dag.py:3954} INFO - Setting next_dagrun for example_sensors to None, run_after=None
[2026-04-02T16:40:00.292+0000] {processor.py:183} INFO - Processing /home/airflow/.local/lib/python3.12/site-packages/airflow/example_dags/example_sensors.py took 0.048 seconds
[2026-04-02T16:40:30.904+0000] {processor.py:161} INFO - Started process (PID=2318) to work on /home/airflow/.local/lib/python3.12/site-packages/airflow/example_dags/example_sensors.py
[2026-04-02T16:40:30.904+0000] {processor.py:830} INFO - Processing file /home/airflow/.local/lib/python3.12/site-packages/airflow/example_dags/example_sensors.py for tasks to queue
[2026-04-02T16:40:30.905+0000] {logging_mixin.py:188} INFO - [2026-04-02T16:40:30.905+0000] {dagbag.py:540} INFO - Filling up the DagBag from /home/airflow/.local/lib/python3.12/site-packages/airflow/example_dags/example_sensors.py
[2026-04-02T16:40:30.910+0000] {processor.py:840} INFO - DAG(s) 'example_sensors' retrieved from /home/airflow/.local/lib/python3.12/site-packages/airflow/example_dags/example_sensors.py
[2026-04-02T16:40:30.925+0000] {logging_mixin.py:188} INFO - [2026-04-02T16:40:30.925+0000] {dag.py:3096} INFO - Sync 1 DAGs
[2026-04-02T16:40:30.932+0000] {logging_mixin.py:188} INFO - [2026-04-02T16:40:30.931+0000] {dag.py:3954} INFO - Setting next_dagrun for example_sensors to None, run_after=None
[2026-04-02T16:40:30.942+0000] {processor.py:183} INFO - Processing /home/airflow/.local/lib/python3.12/site-packages/airflow/example_dags/example_sensors.py took 0.042 seconds
[2026-04-02T16:41:01.720+0000] {processor.py:161} INFO - Started process (PID=2376) to work on /home/airflow/.local/lib/python3.12/site-packages/airflow/example_dags/example_sensors.py
[2026-04-02T16:41:01.723+0000] {processor.py:830} INFO - Processing file /home/airflow/.local/lib/python3.12/site-packages/airflow/example_dags/example_sensors.py for tasks to queue
[2026-04-02T16:41:01.724+0000] {logging_mixin.py:188} INFO - [2026-04-02T16:41:01.724+0000] {dagbag.py:540} INFO - Filling up the DagBag from /home/airflow/.local/lib/python3.12/site-packages/airflow/example_dags/example_sensors.py
[2026-04-02T16:41:01.730+0000] {processor.py:840} INFO - DAG(s) 'example_sensors' retrieved from /home/airflow/.local/lib/python3.12/site-packages/airflow/example_dags/example_sensors.py
[2026-04-02T16:41:01.751+0000] {logging_mixin.py:188} INFO - [2026-04-02T16:41:01.751+0000] {dag.py:3096} INFO - Sync 1 DAGs
[2026-04-02T16:41:01.758+0000] {logging_mixin.py:188} INFO - [2026-04-02T16:41:01.758+0000] {dag.py:3954} INFO - Setting next_dagrun for example_sensors to None, run_after=None
[2026-04-02T16:41:01.777+0000] {processor.py:183} INFO - Processing /home/airflow/.local/lib/python3.12/site-packages/airflow/example_dags/example_sensors.py took 0.063 seconds
[2026-04-02T16:41:32.586+0000] {processor.py:161} INFO - Started process (PID=2434) to work on /home/airflow/.local/lib/python3.12/site-packages/airflow/example_dags/example_sensors.py
[2026-04-02T16:41:32.591+0000] {processor.py:830} INFO - Processing file /home/airflow/.local/lib/python3.12/site-packages/airflow/example_dags/example_sensors.py for tasks to queue
[2026-04-02T16:41:32.592+0000] {logging_mixin.py:188} INFO - [2026-04-02T16:41:32.591+0000] {dagbag.py:540} INFO - Filling up the DagBag from /home/airflow/.local/lib/python3.12/site-packages/airflow/example_dags/example_sensors.py
[2026-04-02T16:41:32.596+0000] {processor.py:840} INFO - DAG(s) 'example_sensors' retrieved from /home/airflow/.local/lib/python3.12/site-packages/airflow/example_dags/example_sensors.py
[2026-04-02T16:41:32.617+0000] {logging_mixin.py:188} INFO - [2026-04-02T16:41:32.616+0000] {dag.py:3096} INFO - Sync 1 DAGs
[2026-04-02T16:41:32.626+0000] {logging_mixin.py:188} INFO - [2026-04-02T16:41:32.625+0000] {dag.py:3954} INFO - Setting next_dagrun for example_sensors to None, run_after=None
[2026-04-02T16:41:32.642+0000] {processor.py:183} INFO - Processing /home/airflow/.local/lib/python3.12/site-packages/airflow/example_dags/example_sensors.py took 0.059 seconds
[2026-04-02T16:42:03.524+0000] {processor.py:161} INFO - Started process (PID=2492) to work on /home/airflow/.local/lib/python3.12/site-packages/airflow/example_dags/example_sensors.py
[2026-04-02T16:42:03.527+0000] {processor.py:830} INFO - Processing file /home/airflow/.local/lib/python3.12/site-packages/airflow/example_dags/example_sensors.py for tasks to queue
[2026-04-02T16:42:03.528+0000] {logging_mixin.py:188} INFO - [2026-04-02T16:42:03.527+0000] {dagbag.py:540} INFO - Filling up the DagBag from /home/airflow/.local/lib/python3.12/site-packages/airflow/example_dags/example_sensors.py
[2026-04-02T16:42:03.532+0000] {processor.py:840} INFO - DAG(s) 'example_sensors' retrieved from /home/airflow/.local/lib/python3.12/site-packages/airflow/example_dags/example_sensors.py
[2026-04-02T16:42:03.551+0000] {logging_mixin.py:188} INFO - [2026-04-02T16:42:03.550+0000] {dag.py:3096} INFO - Sync 1 DAGs
[2026-04-02T16:42:03.561+0000] {logging_mixin.py:188} INFO - [2026-04-02T16:42:03.561+0000] {dag.py:3954} INFO - Setting next_dagrun for example_sensors to None, run_after=None
[2026-04-02T16:42:03.575+0000] {processor.py:183} INFO - Processing /home/airflow/.local/lib/python3.12/site-packages/airflow/example_dags/example_sensors.py took 0.056 seconds
[2026-04-02T16:42:34.496+0000] {processor.py:161} INFO - Started process (PID=2550) to work on /home/airflow/.local/lib/python3.12/site-packages/airflow/example_dags/example_sensors.py
[2026-04-02T16:42:34.497+0000] {processor.py:830} INFO - Processing file /home/airflow/.local/lib/python3.12/site-packages/airflow/example_dags/example_sensors.py for tasks to queue
[2026-04-02T16:42:34.499+0000] {logging_mixin.py:188} INFO - [2026-04-02T16:42:34.499+0000] {dagbag.py:540} INFO - Filling up the DagBag from /home/airflow/.local/lib/python3.12/site-packages/airflow/example_dags/example_sensors.py
[2026-04-02T16:42:34.509+0000] {processor.py:840} INFO - DAG(s) 'example_sensors' retrieved from /home/airflow/.local/lib/python3.12/site-packages/airflow/example_dags/example_sensors.py
[2026-04-02T16:42:34.526+0000] {logging_mixin.py:188} INFO - [2026-04-02T16:42:34.526+0000] {dag.py:3096} INFO - Sync 1 DAGs
[2026-04-02T16:42:34.532+0000] {logging_mixin.py:188} INFO - [2026-04-02T16:42:34.532+0000] {dag.py:3954} INFO - Setting next_dagrun for example_sensors to None, run_after=None
[2026-04-02T16:42:34.547+0000] {processor.py:183} INFO - Processing /home/airflow/.local/lib/python3.12/site-packages/airflow/example_dags/example_sensors.py took 0.055 seconds
[2026-04-02T16:43:05.418+0000] {processor.py:161} INFO - Started process (PID=2608) to work on /home/airflow/.local/lib/python3.12/site-packages/airflow/example_dags/example_sensors.py
[2026-04-02T16:43:05.423+0000] {processor.py:830} INFO - Processing file /home/airflow/.local/lib/python3.12/site-packages/airflow/example_dags/example_sensors.py for tasks to queue
[2026-04-02T16:43:05.424+0000] {logging_mixin.py:188} INFO - [2026-04-02T16:43:05.424+0000] {dagbag.py:540} INFO - Filling up the DagBag from /home/airflow/.local/lib/python3.12/site-packages/airflow/example_dags/example_sensors.py
[2026-04-02T16:43:05.428+0000] {processor.py:840} INFO - DAG(s) 'example_sensors' retrieved from /home/airflow/.local/lib/python3.12/site-packages/airflow/example_dags/example_sensors.py
[2026-04-02T16:43:05.445+0000] {logging_mixin.py:188} INFO - [2026-04-02T16:43:05.445+0000] {dag.py:3096} INFO - Sync 1 DAGs
[2026-04-02T16:43:05.455+0000] {logging_mixin.py:188} INFO - [2026-04-02T16:43:05.455+0000] {dag.py:3954} INFO - Setting next_dagrun for example_sensors to None, run_after=None
[2026-04-02T16:43:05.471+0000] {processor.py:183} INFO - Processing /home/airflow/.local/lib/python3.12/site-packages/airflow/example_dags/example_sensors.py took 0.056 seconds
[2026-04-02T16:43:36.372+0000] {processor.py:161} INFO - Started process (PID=2666) to work on /home/airflow/.local/lib/python3.12/site-packages/airflow/example_dags/example_sensors.py
[2026-04-02T16:43:36.373+0000] {processor.py:830} INFO - Processing file /home/airflow/.local/lib/python3.12/site-packages/airflow/example_dags/example_sensors.py for tasks to queue
[2026-04-02T16:43:36.374+0000] {logging_mixin.py:188} INFO - [2026-04-02T16:43:36.374+0000] {dagbag.py:540} INFO - Filling up the DagBag from /home/airflow/.local/lib/python3.12/site-packages/airflow/example_dags/example_sensors.py
[2026-04-02T16:43:36.380+0000] {processor.py:840} INFO - DAG(s) 'example_sensors' retrieved from /home/airflow/.local/lib/python3.12/site-packages/airflow/example_dags/example_sensors.py
[2026-04-02T16:43:36.397+0000] {logging_mixin.py:188} INFO - [2026-04-02T16:43:36.397+0000] {dag.py:3096} INFO - Sync 1 DAGs
[2026-04-02T16:43:36.405+0000] {logging_mixin.py:188} INFO - [2026-04-02T16:43:36.405+0000] {dag.py:3954} INFO - Setting next_dagrun for example_sensors to None, run_after=None
[2026-04-02T16:43:36.423+0000] {processor.py:183} INFO - Processing /home/airflow/.local/lib/python3.12/site-packages/airflow/example_dags/example_sensors.py took 0.055 seconds
