[2026-04-02T16:20:34.387+0000] {processor.py:161} INFO - Started process (PID=40) to work on /home/airflow/.local/lib/python3.12/site-packages/airflow/example_dags/example_branch_python_dop_operator_3.py
[2026-04-02T16:20:34.388+0000] {processor.py:830} INFO - Processing file /home/airflow/.local/lib/python3.12/site-packages/airflow/example_dags/example_branch_python_dop_operator_3.py for tasks to queue
[2026-04-02T16:20:34.389+0000] {logging_mixin.py:188} INFO - [2026-04-02T16:20:34.389+0000] {dagbag.py:540} INFO - Filling up the DagBag from /home/airflow/.local/lib/python3.12/site-packages/airflow/example_dags/example_branch_python_dop_operator_3.py
[2026-04-02T16:20:34.402+0000] {processor.py:840} INFO - DAG(s) 'example_branch_dop_operator_v3' retrieved from /home/airflow/.local/lib/python3.12/site-packages/airflow/example_dags/example_branch_python_dop_operator_3.py
[2026-04-02T16:20:34.417+0000] {logging_mixin.py:188} INFO - [2026-04-02T16:20:34.417+0000] {dag.py:3096} INFO - Sync 1 DAGs
[2026-04-02T16:20:34.429+0000] {logging_mixin.py:188} INFO - [2026-04-02T16:20:34.429+0000] {dag.py:3954} INFO - Setting next_dagrun for example_branch_dop_operator_v3 to 2026-04-02 16:19:00+00:00, run_after=2026-04-02 16:20:00+00:00
[2026-04-02T16:20:34.437+0000] {processor.py:183} INFO - Processing /home/airflow/.local/lib/python3.12/site-packages/airflow/example_dags/example_branch_python_dop_operator_3.py took 0.054 seconds
[2026-04-02T16:21:04.972+0000] {processor.py:161} INFO - Started process (PID=105) to work on /home/airflow/.local/lib/python3.12/site-packages/airflow/example_dags/example_branch_python_dop_operator_3.py
[2026-04-02T16:21:04.977+0000] {processor.py:830} INFO - Processing file /home/airflow/.local/lib/python3.12/site-packages/airflow/example_dags/example_branch_python_dop_operator_3.py for tasks to queue
[2026-04-02T16:21:04.979+0000] {logging_mixin.py:188} INFO - [2026-04-02T16:21:04.978+0000] {dagbag.py:540} INFO - Filling up the DagBag from /home/airflow/.local/lib/python3.12/site-packages/airflow/example_dags/example_branch_python_dop_operator_3.py
[2026-04-02T16:21:04.987+0000] {processor.py:840} INFO - DAG(s) 'example_branch_dop_operator_v3' retrieved from /home/airflow/.local/lib/python3.12/site-packages/airflow/example_dags/example_branch_python_dop_operator_3.py
[2026-04-02T16:21:05.119+0000] {logging_mixin.py:188} INFO - [2026-04-02T16:21:05.119+0000] {dag.py:3096} INFO - Sync 1 DAGs
[2026-04-02T16:21:05.130+0000] {logging_mixin.py:188} INFO - [2026-04-02T16:21:05.130+0000] {dag.py:3954} INFO - Setting next_dagrun for example_branch_dop_operator_v3 to 2026-04-02 16:20:00+00:00, run_after=2026-04-02 16:21:00+00:00
[2026-04-02T16:21:05.141+0000] {processor.py:183} INFO - Processing /home/airflow/.local/lib/python3.12/site-packages/airflow/example_dags/example_branch_python_dop_operator_3.py took 0.172 seconds
[2026-04-02T16:21:35.188+0000] {processor.py:161} INFO - Started process (PID=163) to work on /home/airflow/.local/lib/python3.12/site-packages/airflow/example_dags/example_branch_python_dop_operator_3.py
[2026-04-02T16:21:35.189+0000] {processor.py:830} INFO - Processing file /home/airflow/.local/lib/python3.12/site-packages/airflow/example_dags/example_branch_python_dop_operator_3.py for tasks to queue
[2026-04-02T16:21:35.191+0000] {logging_mixin.py:188} INFO - [2026-04-02T16:21:35.191+0000] {dagbag.py:540} INFO - Filling up the DagBag from /home/airflow/.local/lib/python3.12/site-packages/airflow/example_dags/example_branch_python_dop_operator_3.py
[2026-04-02T16:21:35.197+0000] {processor.py:840} INFO - DAG(s) 'example_branch_dop_operator_v3' retrieved from /home/airflow/.local/lib/python3.12/site-packages/airflow/example_dags/example_branch_python_dop_operator_3.py
[2026-04-02T16:21:35.211+0000] {logging_mixin.py:188} INFO - [2026-04-02T16:21:35.211+0000] {dag.py:3096} INFO - Sync 1 DAGs
[2026-04-02T16:21:35.223+0000] {logging_mixin.py:188} INFO - [2026-04-02T16:21:35.223+0000] {dag.py:3954} INFO - Setting next_dagrun for example_branch_dop_operator_v3 to 2026-04-02 16:20:00+00:00, run_after=2026-04-02 16:21:00+00:00
[2026-04-02T16:21:35.232+0000] {processor.py:183} INFO - Processing /home/airflow/.local/lib/python3.12/site-packages/airflow/example_dags/example_branch_python_dop_operator_3.py took 0.049 seconds
[2026-04-02T16:22:05.985+0000] {processor.py:161} INFO - Started process (PID=221) to work on /home/airflow/.local/lib/python3.12/site-packages/airflow/example_dags/example_branch_python_dop_operator_3.py
[2026-04-02T16:22:05.986+0000] {processor.py:830} INFO - Processing file /home/airflow/.local/lib/python3.12/site-packages/airflow/example_dags/example_branch_python_dop_operator_3.py for tasks to queue
[2026-04-02T16:22:05.987+0000] {logging_mixin.py:188} INFO - [2026-04-02T16:22:05.987+0000] {dagbag.py:540} INFO - Filling up the DagBag from /home/airflow/.local/lib/python3.12/site-packages/airflow/example_dags/example_branch_python_dop_operator_3.py
[2026-04-02T16:22:05.991+0000] {processor.py:840} INFO - DAG(s) 'example_branch_dop_operator_v3' retrieved from /home/airflow/.local/lib/python3.12/site-packages/airflow/example_dags/example_branch_python_dop_operator_3.py
[2026-04-02T16:22:06.003+0000] {logging_mixin.py:188} INFO - [2026-04-02T16:22:06.003+0000] {dag.py:3096} INFO - Sync 1 DAGs
[2026-04-02T16:22:06.014+0000] {logging_mixin.py:188} INFO - [2026-04-02T16:22:06.014+0000] {dag.py:3954} INFO - Setting next_dagrun for example_branch_dop_operator_v3 to 2026-04-02 16:21:00+00:00, run_after=2026-04-02 16:22:00+00:00
[2026-04-02T16:22:06.022+0000] {processor.py:183} INFO - Processing /home/airflow/.local/lib/python3.12/site-packages/airflow/example_dags/example_branch_python_dop_operator_3.py took 0.040 seconds
[2026-04-02T16:22:36.726+0000] {processor.py:161} INFO - Started process (PID=279) to work on /home/airflow/.local/lib/python3.12/site-packages/airflow/example_dags/example_branch_python_dop_operator_3.py
[2026-04-02T16:22:36.728+0000] {processor.py:830} INFO - Processing file /home/airflow/.local/lib/python3.12/site-packages/airflow/example_dags/example_branch_python_dop_operator_3.py for tasks to queue
[2026-04-02T16:22:36.732+0000] {logging_mixin.py:188} INFO - [2026-04-02T16:22:36.731+0000] {dagbag.py:540} INFO - Filling up the DagBag from /home/airflow/.local/lib/python3.12/site-packages/airflow/example_dags/example_branch_python_dop_operator_3.py
[2026-04-02T16:22:36.739+0000] {processor.py:840} INFO - DAG(s) 'example_branch_dop_operator_v3' retrieved from /home/airflow/.local/lib/python3.12/site-packages/airflow/example_dags/example_branch_python_dop_operator_3.py
[2026-04-02T16:22:36.760+0000] {logging_mixin.py:188} INFO - [2026-04-02T16:22:36.760+0000] {dag.py:3096} INFO - Sync 1 DAGs
[2026-04-02T16:22:36.779+0000] {logging_mixin.py:188} INFO - [2026-04-02T16:22:36.779+0000] {dag.py:3954} INFO - Setting next_dagrun for example_branch_dop_operator_v3 to 2026-04-02 16:21:00+00:00, run_after=2026-04-02 16:22:00+00:00
[2026-04-02T16:22:36.790+0000] {processor.py:183} INFO - Processing /home/airflow/.local/lib/python3.12/site-packages/airflow/example_dags/example_branch_python_dop_operator_3.py took 0.071 seconds
[2026-04-02T16:23:07.410+0000] {processor.py:161} INFO - Started process (PID=337) to work on /home/airflow/.local/lib/python3.12/site-packages/airflow/example_dags/example_branch_python_dop_operator_3.py
[2026-04-02T16:23:07.412+0000] {processor.py:830} INFO - Processing file /home/airflow/.local/lib/python3.12/site-packages/airflow/example_dags/example_branch_python_dop_operator_3.py for tasks to queue
[2026-04-02T16:23:07.413+0000] {logging_mixin.py:188} INFO - [2026-04-02T16:23:07.413+0000] {dagbag.py:540} INFO - Filling up the DagBag from /home/airflow/.local/lib/python3.12/site-packages/airflow/example_dags/example_branch_python_dop_operator_3.py
[2026-04-02T16:23:07.418+0000] {processor.py:840} INFO - DAG(s) 'example_branch_dop_operator_v3' retrieved from /home/airflow/.local/lib/python3.12/site-packages/airflow/example_dags/example_branch_python_dop_operator_3.py
[2026-04-02T16:23:07.432+0000] {logging_mixin.py:188} INFO - [2026-04-02T16:23:07.432+0000] {dag.py:3096} INFO - Sync 1 DAGs
[2026-04-02T16:23:07.446+0000] {logging_mixin.py:188} INFO - [2026-04-02T16:23:07.446+0000] {dag.py:3954} INFO - Setting next_dagrun for example_branch_dop_operator_v3 to 2026-04-02 16:22:00+00:00, run_after=2026-04-02 16:23:00+00:00
[2026-04-02T16:23:07.456+0000] {processor.py:183} INFO - Processing /home/airflow/.local/lib/python3.12/site-packages/airflow/example_dags/example_branch_python_dop_operator_3.py took 0.049 seconds
[2026-04-02T16:23:38.064+0000] {processor.py:161} INFO - Started process (PID=395) to work on /home/airflow/.local/lib/python3.12/site-packages/airflow/example_dags/example_branch_python_dop_operator_3.py
[2026-04-02T16:23:38.065+0000] {processor.py:830} INFO - Processing file /home/airflow/.local/lib/python3.12/site-packages/airflow/example_dags/example_branch_python_dop_operator_3.py for tasks to queue
[2026-04-02T16:23:38.067+0000] {logging_mixin.py:188} INFO - [2026-04-02T16:23:38.067+0000] {dagbag.py:540} INFO - Filling up the DagBag from /home/airflow/.local/lib/python3.12/site-packages/airflow/example_dags/example_branch_python_dop_operator_3.py
[2026-04-02T16:23:38.077+0000] {processor.py:840} INFO - DAG(s) 'example_branch_dop_operator_v3' retrieved from /home/airflow/.local/lib/python3.12/site-packages/airflow/example_dags/example_branch_python_dop_operator_3.py
[2026-04-02T16:23:38.089+0000] {logging_mixin.py:188} INFO - [2026-04-02T16:23:38.089+0000] {dag.py:3096} INFO - Sync 1 DAGs
[2026-04-02T16:23:38.103+0000] {logging_mixin.py:188} INFO - [2026-04-02T16:23:38.103+0000] {dag.py:3954} INFO - Setting next_dagrun for example_branch_dop_operator_v3 to 2026-04-02 16:22:00+00:00, run_after=2026-04-02 16:23:00+00:00
[2026-04-02T16:23:38.114+0000] {processor.py:183} INFO - Processing /home/airflow/.local/lib/python3.12/site-packages/airflow/example_dags/example_branch_python_dop_operator_3.py took 0.054 seconds
[2026-04-02T16:24:08.814+0000] {processor.py:161} INFO - Started process (PID=453) to work on /home/airflow/.local/lib/python3.12/site-packages/airflow/example_dags/example_branch_python_dop_operator_3.py
[2026-04-02T16:24:08.818+0000] {processor.py:830} INFO - Processing file /home/airflow/.local/lib/python3.12/site-packages/airflow/example_dags/example_branch_python_dop_operator_3.py for tasks to queue
[2026-04-02T16:24:08.821+0000] {logging_mixin.py:188} INFO - [2026-04-02T16:24:08.821+0000] {dagbag.py:540} INFO - Filling up the DagBag from /home/airflow/.local/lib/python3.12/site-packages/airflow/example_dags/example_branch_python_dop_operator_3.py
[2026-04-02T16:24:08.826+0000] {processor.py:840} INFO - DAG(s) 'example_branch_dop_operator_v3' retrieved from /home/airflow/.local/lib/python3.12/site-packages/airflow/example_dags/example_branch_python_dop_operator_3.py
[2026-04-02T16:24:08.835+0000] {logging_mixin.py:188} INFO - [2026-04-02T16:24:08.834+0000] {dag.py:3096} INFO - Sync 1 DAGs
[2026-04-02T16:24:08.849+0000] {logging_mixin.py:188} INFO - [2026-04-02T16:24:08.848+0000] {dag.py:3954} INFO - Setting next_dagrun for example_branch_dop_operator_v3 to 2026-04-02 16:23:00+00:00, run_after=2026-04-02 16:24:00+00:00
[2026-04-02T16:24:08.859+0000] {processor.py:183} INFO - Processing /home/airflow/.local/lib/python3.12/site-packages/airflow/example_dags/example_branch_python_dop_operator_3.py took 0.048 seconds
[2026-04-02T16:24:39.315+0000] {processor.py:161} INFO - Started process (PID=511) to work on /home/airflow/.local/lib/python3.12/site-packages/airflow/example_dags/example_branch_python_dop_operator_3.py
[2026-04-02T16:24:39.317+0000] {processor.py:830} INFO - Processing file /home/airflow/.local/lib/python3.12/site-packages/airflow/example_dags/example_branch_python_dop_operator_3.py for tasks to queue
[2026-04-02T16:24:39.320+0000] {logging_mixin.py:188} INFO - [2026-04-02T16:24:39.319+0000] {dagbag.py:540} INFO - Filling up the DagBag from /home/airflow/.local/lib/python3.12/site-packages/airflow/example_dags/example_branch_python_dop_operator_3.py
[2026-04-02T16:24:39.326+0000] {processor.py:840} INFO - DAG(s) 'example_branch_dop_operator_v3' retrieved from /home/airflow/.local/lib/python3.12/site-packages/airflow/example_dags/example_branch_python_dop_operator_3.py
[2026-04-02T16:24:39.336+0000] {logging_mixin.py:188} INFO - [2026-04-02T16:24:39.336+0000] {dag.py:3096} INFO - Sync 1 DAGs
[2026-04-02T16:24:39.348+0000] {logging_mixin.py:188} INFO - [2026-04-02T16:24:39.347+0000] {dag.py:3954} INFO - Setting next_dagrun for example_branch_dop_operator_v3 to 2026-04-02 16:23:00+00:00, run_after=2026-04-02 16:24:00+00:00
[2026-04-02T16:24:39.356+0000] {processor.py:183} INFO - Processing /home/airflow/.local/lib/python3.12/site-packages/airflow/example_dags/example_branch_python_dop_operator_3.py took 0.046 seconds
[2026-04-02T16:25:09.791+0000] {processor.py:161} INFO - Started process (PID=569) to work on /home/airflow/.local/lib/python3.12/site-packages/airflow/example_dags/example_branch_python_dop_operator_3.py
[2026-04-02T16:25:09.792+0000] {processor.py:830} INFO - Processing file /home/airflow/.local/lib/python3.12/site-packages/airflow/example_dags/example_branch_python_dop_operator_3.py for tasks to queue
[2026-04-02T16:25:09.795+0000] {logging_mixin.py:188} INFO - [2026-04-02T16:25:09.795+0000] {dagbag.py:540} INFO - Filling up the DagBag from /home/airflow/.local/lib/python3.12/site-packages/airflow/example_dags/example_branch_python_dop_operator_3.py
[2026-04-02T16:25:09.802+0000] {processor.py:840} INFO - DAG(s) 'example_branch_dop_operator_v3' retrieved from /home/airflow/.local/lib/python3.12/site-packages/airflow/example_dags/example_branch_python_dop_operator_3.py
[2026-04-02T16:25:09.857+0000] {logging_mixin.py:188} INFO - [2026-04-02T16:25:09.856+0000] {dag.py:3096} INFO - Sync 1 DAGs
[2026-04-02T16:25:09.867+0000] {logging_mixin.py:188} INFO - [2026-04-02T16:25:09.867+0000] {dag.py:3954} INFO - Setting next_dagrun for example_branch_dop_operator_v3 to 2026-04-02 16:24:00+00:00, run_after=2026-04-02 16:25:00+00:00
[2026-04-02T16:25:09.876+0000] {processor.py:183} INFO - Processing /home/airflow/.local/lib/python3.12/site-packages/airflow/example_dags/example_branch_python_dop_operator_3.py took 0.090 seconds
[2026-04-02T16:25:40.374+0000] {processor.py:161} INFO - Started process (PID=627) to work on /home/airflow/.local/lib/python3.12/site-packages/airflow/example_dags/example_branch_python_dop_operator_3.py
[2026-04-02T16:25:40.375+0000] {processor.py:830} INFO - Processing file /home/airflow/.local/lib/python3.12/site-packages/airflow/example_dags/example_branch_python_dop_operator_3.py for tasks to queue
[2026-04-02T16:25:40.377+0000] {logging_mixin.py:188} INFO - [2026-04-02T16:25:40.377+0000] {dagbag.py:540} INFO - Filling up the DagBag from /home/airflow/.local/lib/python3.12/site-packages/airflow/example_dags/example_branch_python_dop_operator_3.py
[2026-04-02T16:25:40.382+0000] {processor.py:840} INFO - DAG(s) 'example_branch_dop_operator_v3' retrieved from /home/airflow/.local/lib/python3.12/site-packages/airflow/example_dags/example_branch_python_dop_operator_3.py
[2026-04-02T16:25:40.395+0000] {logging_mixin.py:188} INFO - [2026-04-02T16:25:40.395+0000] {dag.py:3096} INFO - Sync 1 DAGs
[2026-04-02T16:25:40.406+0000] {logging_mixin.py:188} INFO - [2026-04-02T16:25:40.406+0000] {dag.py:3954} INFO - Setting next_dagrun for example_branch_dop_operator_v3 to 2026-04-02 16:24:00+00:00, run_after=2026-04-02 16:25:00+00:00
[2026-04-02T16:25:40.414+0000] {processor.py:183} INFO - Processing /home/airflow/.local/lib/python3.12/site-packages/airflow/example_dags/example_branch_python_dop_operator_3.py took 0.046 seconds
[2026-04-02T16:26:10.472+0000] {processor.py:161} INFO - Started process (PID=685) to work on /home/airflow/.local/lib/python3.12/site-packages/airflow/example_dags/example_branch_python_dop_operator_3.py
[2026-04-02T16:26:10.472+0000] {processor.py:830} INFO - Processing file /home/airflow/.local/lib/python3.12/site-packages/airflow/example_dags/example_branch_python_dop_operator_3.py for tasks to queue
[2026-04-02T16:26:10.474+0000] {logging_mixin.py:188} INFO - [2026-04-02T16:26:10.474+0000] {dagbag.py:540} INFO - Filling up the DagBag from /home/airflow/.local/lib/python3.12/site-packages/airflow/example_dags/example_branch_python_dop_operator_3.py
[2026-04-02T16:26:10.482+0000] {processor.py:840} INFO - DAG(s) 'example_branch_dop_operator_v3' retrieved from /home/airflow/.local/lib/python3.12/site-packages/airflow/example_dags/example_branch_python_dop_operator_3.py
[2026-04-02T16:26:10.501+0000] {logging_mixin.py:188} INFO - [2026-04-02T16:26:10.501+0000] {dag.py:3096} INFO - Sync 1 DAGs
[2026-04-02T16:26:10.517+0000] {logging_mixin.py:188} INFO - [2026-04-02T16:26:10.517+0000] {dag.py:3954} INFO - Setting next_dagrun for example_branch_dop_operator_v3 to 2026-04-02 16:25:00+00:00, run_after=2026-04-02 16:26:00+00:00
[2026-04-02T16:26:10.530+0000] {processor.py:183} INFO - Processing /home/airflow/.local/lib/python3.12/site-packages/airflow/example_dags/example_branch_python_dop_operator_3.py took 0.064 seconds
[2026-04-02T16:26:40.745+0000] {processor.py:161} INFO - Started process (PID=743) to work on /home/airflow/.local/lib/python3.12/site-packages/airflow/example_dags/example_branch_python_dop_operator_3.py
[2026-04-02T16:26:40.746+0000] {processor.py:830} INFO - Processing file /home/airflow/.local/lib/python3.12/site-packages/airflow/example_dags/example_branch_python_dop_operator_3.py for tasks to queue
[2026-04-02T16:26:40.748+0000] {logging_mixin.py:188} INFO - [2026-04-02T16:26:40.747+0000] {dagbag.py:540} INFO - Filling up the DagBag from /home/airflow/.local/lib/python3.12/site-packages/airflow/example_dags/example_branch_python_dop_operator_3.py
[2026-04-02T16:26:40.757+0000] {processor.py:840} INFO - DAG(s) 'example_branch_dop_operator_v3' retrieved from /home/airflow/.local/lib/python3.12/site-packages/airflow/example_dags/example_branch_python_dop_operator_3.py
[2026-04-02T16:26:40.772+0000] {logging_mixin.py:188} INFO - [2026-04-02T16:26:40.772+0000] {dag.py:3096} INFO - Sync 1 DAGs
[2026-04-02T16:26:40.786+0000] {logging_mixin.py:188} INFO - [2026-04-02T16:26:40.786+0000] {dag.py:3954} INFO - Setting next_dagrun for example_branch_dop_operator_v3 to 2026-04-02 16:25:00+00:00, run_after=2026-04-02 16:26:00+00:00
[2026-04-02T16:26:40.800+0000] {processor.py:183} INFO - Processing /home/airflow/.local/lib/python3.12/site-packages/airflow/example_dags/example_branch_python_dop_operator_3.py took 0.060 seconds
[2026-04-02T16:27:11.006+0000] {processor.py:161} INFO - Started process (PID=801) to work on /home/airflow/.local/lib/python3.12/site-packages/airflow/example_dags/example_branch_python_dop_operator_3.py
[2026-04-02T16:27:11.007+0000] {processor.py:830} INFO - Processing file /home/airflow/.local/lib/python3.12/site-packages/airflow/example_dags/example_branch_python_dop_operator_3.py for tasks to queue
[2026-04-02T16:27:11.008+0000] {logging_mixin.py:188} INFO - [2026-04-02T16:27:11.008+0000] {dagbag.py:540} INFO - Filling up the DagBag from /home/airflow/.local/lib/python3.12/site-packages/airflow/example_dags/example_branch_python_dop_operator_3.py
[2026-04-02T16:27:11.014+0000] {processor.py:840} INFO - DAG(s) 'example_branch_dop_operator_v3' retrieved from /home/airflow/.local/lib/python3.12/site-packages/airflow/example_dags/example_branch_python_dop_operator_3.py
[2026-04-02T16:27:11.032+0000] {logging_mixin.py:188} INFO - [2026-04-02T16:27:11.032+0000] {dag.py:3096} INFO - Sync 1 DAGs
[2026-04-02T16:27:11.048+0000] {logging_mixin.py:188} INFO - [2026-04-02T16:27:11.048+0000] {dag.py:3954} INFO - Setting next_dagrun for example_branch_dop_operator_v3 to 2026-04-02 16:26:00+00:00, run_after=2026-04-02 16:27:00+00:00
[2026-04-02T16:27:11.061+0000] {processor.py:183} INFO - Processing /home/airflow/.local/lib/python3.12/site-packages/airflow/example_dags/example_branch_python_dop_operator_3.py took 0.058 seconds
[2026-04-02T16:27:41.541+0000] {processor.py:161} INFO - Started process (PID=859) to work on /home/airflow/.local/lib/python3.12/site-packages/airflow/example_dags/example_branch_python_dop_operator_3.py
[2026-04-02T16:27:41.542+0000] {processor.py:830} INFO - Processing file /home/airflow/.local/lib/python3.12/site-packages/airflow/example_dags/example_branch_python_dop_operator_3.py for tasks to queue
[2026-04-02T16:27:41.544+0000] {logging_mixin.py:188} INFO - [2026-04-02T16:27:41.544+0000] {dagbag.py:540} INFO - Filling up the DagBag from /home/airflow/.local/lib/python3.12/site-packages/airflow/example_dags/example_branch_python_dop_operator_3.py
[2026-04-02T16:27:41.553+0000] {processor.py:840} INFO - DAG(s) 'example_branch_dop_operator_v3' retrieved from /home/airflow/.local/lib/python3.12/site-packages/airflow/example_dags/example_branch_python_dop_operator_3.py
[2026-04-02T16:27:41.572+0000] {logging_mixin.py:188} INFO - [2026-04-02T16:27:41.572+0000] {dag.py:3096} INFO - Sync 1 DAGs
[2026-04-02T16:27:41.584+0000] {logging_mixin.py:188} INFO - [2026-04-02T16:27:41.583+0000] {dag.py:3954} INFO - Setting next_dagrun for example_branch_dop_operator_v3 to 2026-04-02 16:26:00+00:00, run_after=2026-04-02 16:27:00+00:00
[2026-04-02T16:27:41.594+0000] {processor.py:183} INFO - Processing /home/airflow/.local/lib/python3.12/site-packages/airflow/example_dags/example_branch_python_dop_operator_3.py took 0.057 seconds
[2026-04-02T16:28:12.315+0000] {processor.py:161} INFO - Started process (PID=917) to work on /home/airflow/.local/lib/python3.12/site-packages/airflow/example_dags/example_branch_python_dop_operator_3.py
[2026-04-02T16:28:12.315+0000] {processor.py:830} INFO - Processing file /home/airflow/.local/lib/python3.12/site-packages/airflow/example_dags/example_branch_python_dop_operator_3.py for tasks to queue
[2026-04-02T16:28:12.318+0000] {logging_mixin.py:188} INFO - [2026-04-02T16:28:12.317+0000] {dagbag.py:540} INFO - Filling up the DagBag from /home/airflow/.local/lib/python3.12/site-packages/airflow/example_dags/example_branch_python_dop_operator_3.py
[2026-04-02T16:28:12.323+0000] {processor.py:840} INFO - DAG(s) 'example_branch_dop_operator_v3' retrieved from /home/airflow/.local/lib/python3.12/site-packages/airflow/example_dags/example_branch_python_dop_operator_3.py
[2026-04-02T16:28:12.335+0000] {logging_mixin.py:188} INFO - [2026-04-02T16:28:12.335+0000] {dag.py:3096} INFO - Sync 1 DAGs
[2026-04-02T16:28:12.353+0000] {logging_mixin.py:188} INFO - [2026-04-02T16:28:12.353+0000] {dag.py:3954} INFO - Setting next_dagrun for example_branch_dop_operator_v3 to 2026-04-02 16:27:00+00:00, run_after=2026-04-02 16:28:00+00:00
[2026-04-02T16:28:12.367+0000] {processor.py:183} INFO - Processing /home/airflow/.local/lib/python3.12/site-packages/airflow/example_dags/example_branch_python_dop_operator_3.py took 0.055 seconds
[2026-04-02T16:28:43.109+0000] {processor.py:161} INFO - Started process (PID=975) to work on /home/airflow/.local/lib/python3.12/site-packages/airflow/example_dags/example_branch_python_dop_operator_3.py
[2026-04-02T16:28:43.109+0000] {processor.py:830} INFO - Processing file /home/airflow/.local/lib/python3.12/site-packages/airflow/example_dags/example_branch_python_dop_operator_3.py for tasks to queue
[2026-04-02T16:28:43.111+0000] {logging_mixin.py:188} INFO - [2026-04-02T16:28:43.111+0000] {dagbag.py:540} INFO - Filling up the DagBag from /home/airflow/.local/lib/python3.12/site-packages/airflow/example_dags/example_branch_python_dop_operator_3.py
[2026-04-02T16:28:43.121+0000] {processor.py:840} INFO - DAG(s) 'example_branch_dop_operator_v3' retrieved from /home/airflow/.local/lib/python3.12/site-packages/airflow/example_dags/example_branch_python_dop_operator_3.py
[2026-04-02T16:28:43.284+0000] {logging_mixin.py:188} INFO - [2026-04-02T16:28:43.283+0000] {dag.py:3096} INFO - Sync 1 DAGs
[2026-04-02T16:28:43.297+0000] {logging_mixin.py:188} INFO - [2026-04-02T16:28:43.297+0000] {dag.py:3954} INFO - Setting next_dagrun for example_branch_dop_operator_v3 to 2026-04-02 16:27:00+00:00, run_after=2026-04-02 16:28:00+00:00
[2026-04-02T16:28:43.308+0000] {processor.py:183} INFO - Processing /home/airflow/.local/lib/python3.12/site-packages/airflow/example_dags/example_branch_python_dop_operator_3.py took 0.205 seconds
[2026-04-02T16:29:13.429+0000] {processor.py:161} INFO - Started process (PID=1033) to work on /home/airflow/.local/lib/python3.12/site-packages/airflow/example_dags/example_branch_python_dop_operator_3.py
[2026-04-02T16:29:13.430+0000] {processor.py:830} INFO - Processing file /home/airflow/.local/lib/python3.12/site-packages/airflow/example_dags/example_branch_python_dop_operator_3.py for tasks to queue
[2026-04-02T16:29:13.433+0000] {logging_mixin.py:188} INFO - [2026-04-02T16:29:13.432+0000] {dagbag.py:540} INFO - Filling up the DagBag from /home/airflow/.local/lib/python3.12/site-packages/airflow/example_dags/example_branch_python_dop_operator_3.py
[2026-04-02T16:29:13.441+0000] {processor.py:840} INFO - DAG(s) 'example_branch_dop_operator_v3' retrieved from /home/airflow/.local/lib/python3.12/site-packages/airflow/example_dags/example_branch_python_dop_operator_3.py
[2026-04-02T16:29:13.461+0000] {logging_mixin.py:188} INFO - [2026-04-02T16:29:13.460+0000] {dag.py:3096} INFO - Sync 1 DAGs
[2026-04-02T16:29:13.478+0000] {logging_mixin.py:188} INFO - [2026-04-02T16:29:13.477+0000] {dag.py:3954} INFO - Setting next_dagrun for example_branch_dop_operator_v3 to 2026-04-02 16:28:00+00:00, run_after=2026-04-02 16:29:00+00:00
[2026-04-02T16:29:13.592+0000] {processor.py:183} INFO - Processing /home/airflow/.local/lib/python3.12/site-packages/airflow/example_dags/example_branch_python_dop_operator_3.py took 0.168 seconds
[2026-04-02T16:29:43.805+0000] {processor.py:161} INFO - Started process (PID=1091) to work on /home/airflow/.local/lib/python3.12/site-packages/airflow/example_dags/example_branch_python_dop_operator_3.py
[2026-04-02T16:29:43.806+0000] {processor.py:830} INFO - Processing file /home/airflow/.local/lib/python3.12/site-packages/airflow/example_dags/example_branch_python_dop_operator_3.py for tasks to queue
[2026-04-02T16:29:43.808+0000] {logging_mixin.py:188} INFO - [2026-04-02T16:29:43.808+0000] {dagbag.py:540} INFO - Filling up the DagBag from /home/airflow/.local/lib/python3.12/site-packages/airflow/example_dags/example_branch_python_dop_operator_3.py
[2026-04-02T16:29:43.819+0000] {processor.py:840} INFO - DAG(s) 'example_branch_dop_operator_v3' retrieved from /home/airflow/.local/lib/python3.12/site-packages/airflow/example_dags/example_branch_python_dop_operator_3.py
[2026-04-02T16:29:43.838+0000] {logging_mixin.py:188} INFO - [2026-04-02T16:29:43.838+0000] {dag.py:3096} INFO - Sync 1 DAGs
[2026-04-02T16:29:43.853+0000] {logging_mixin.py:188} INFO - [2026-04-02T16:29:43.853+0000] {dag.py:3954} INFO - Setting next_dagrun for example_branch_dop_operator_v3 to 2026-04-02 16:28:00+00:00, run_after=2026-04-02 16:29:00+00:00
[2026-04-02T16:29:43.865+0000] {processor.py:183} INFO - Processing /home/airflow/.local/lib/python3.12/site-packages/airflow/example_dags/example_branch_python_dop_operator_3.py took 0.066 seconds
[2026-04-02T16:30:14.020+0000] {processor.py:161} INFO - Started process (PID=1149) to work on /home/airflow/.local/lib/python3.12/site-packages/airflow/example_dags/example_branch_python_dop_operator_3.py
[2026-04-02T16:30:14.021+0000] {processor.py:830} INFO - Processing file /home/airflow/.local/lib/python3.12/site-packages/airflow/example_dags/example_branch_python_dop_operator_3.py for tasks to queue
[2026-04-02T16:30:14.023+0000] {logging_mixin.py:188} INFO - [2026-04-02T16:30:14.022+0000] {dagbag.py:540} INFO - Filling up the DagBag from /home/airflow/.local/lib/python3.12/site-packages/airflow/example_dags/example_branch_python_dop_operator_3.py
[2026-04-02T16:30:14.032+0000] {processor.py:840} INFO - DAG(s) 'example_branch_dop_operator_v3' retrieved from /home/airflow/.local/lib/python3.12/site-packages/airflow/example_dags/example_branch_python_dop_operator_3.py
[2026-04-02T16:30:14.048+0000] {logging_mixin.py:188} INFO - [2026-04-02T16:30:14.048+0000] {dag.py:3096} INFO - Sync 1 DAGs
[2026-04-02T16:30:14.064+0000] {logging_mixin.py:188} INFO - [2026-04-02T16:30:14.064+0000] {dag.py:3954} INFO - Setting next_dagrun for example_branch_dop_operator_v3 to 2026-04-02 16:29:00+00:00, run_after=2026-04-02 16:30:00+00:00
[2026-04-02T16:30:14.077+0000] {processor.py:183} INFO - Processing /home/airflow/.local/lib/python3.12/site-packages/airflow/example_dags/example_branch_python_dop_operator_3.py took 0.062 seconds
[2026-04-02T16:30:44.312+0000] {processor.py:161} INFO - Started process (PID=1207) to work on /home/airflow/.local/lib/python3.12/site-packages/airflow/example_dags/example_branch_python_dop_operator_3.py
[2026-04-02T16:30:44.315+0000] {processor.py:830} INFO - Processing file /home/airflow/.local/lib/python3.12/site-packages/airflow/example_dags/example_branch_python_dop_operator_3.py for tasks to queue
[2026-04-02T16:30:44.420+0000] {logging_mixin.py:188} INFO - [2026-04-02T16:30:44.420+0000] {dagbag.py:540} INFO - Filling up the DagBag from /home/airflow/.local/lib/python3.12/site-packages/airflow/example_dags/example_branch_python_dop_operator_3.py
[2026-04-02T16:30:44.424+0000] {processor.py:840} INFO - DAG(s) 'example_branch_dop_operator_v3' retrieved from /home/airflow/.local/lib/python3.12/site-packages/airflow/example_dags/example_branch_python_dop_operator_3.py
[2026-04-02T16:30:44.435+0000] {logging_mixin.py:188} INFO - [2026-04-02T16:30:44.435+0000] {dag.py:3096} INFO - Sync 1 DAGs
[2026-04-02T16:30:44.447+0000] {logging_mixin.py:188} INFO - [2026-04-02T16:30:44.447+0000] {dag.py:3954} INFO - Setting next_dagrun for example_branch_dop_operator_v3 to 2026-04-02 16:29:00+00:00, run_after=2026-04-02 16:30:00+00:00
[2026-04-02T16:30:44.456+0000] {processor.py:183} INFO - Processing /home/airflow/.local/lib/python3.12/site-packages/airflow/example_dags/example_branch_python_dop_operator_3.py took 0.148 seconds
[2026-04-02T16:31:15.073+0000] {processor.py:161} INFO - Started process (PID=1265) to work on /home/airflow/.local/lib/python3.12/site-packages/airflow/example_dags/example_branch_python_dop_operator_3.py
[2026-04-02T16:31:15.074+0000] {processor.py:830} INFO - Processing file /home/airflow/.local/lib/python3.12/site-packages/airflow/example_dags/example_branch_python_dop_operator_3.py for tasks to queue
[2026-04-02T16:31:15.075+0000] {logging_mixin.py:188} INFO - [2026-04-02T16:31:15.075+0000] {dagbag.py:540} INFO - Filling up the DagBag from /home/airflow/.local/lib/python3.12/site-packages/airflow/example_dags/example_branch_python_dop_operator_3.py
[2026-04-02T16:31:15.081+0000] {processor.py:840} INFO - DAG(s) 'example_branch_dop_operator_v3' retrieved from /home/airflow/.local/lib/python3.12/site-packages/airflow/example_dags/example_branch_python_dop_operator_3.py
[2026-04-02T16:31:15.095+0000] {logging_mixin.py:188} INFO - [2026-04-02T16:31:15.095+0000] {dag.py:3096} INFO - Sync 1 DAGs
[2026-04-02T16:31:15.106+0000] {logging_mixin.py:188} INFO - [2026-04-02T16:31:15.106+0000] {dag.py:3954} INFO - Setting next_dagrun for example_branch_dop_operator_v3 to 2026-04-02 16:30:00+00:00, run_after=2026-04-02 16:31:00+00:00
[2026-04-02T16:31:15.114+0000] {processor.py:183} INFO - Processing /home/airflow/.local/lib/python3.12/site-packages/airflow/example_dags/example_branch_python_dop_operator_3.py took 0.047 seconds
[2026-04-02T16:31:45.650+0000] {processor.py:161} INFO - Started process (PID=1323) to work on /home/airflow/.local/lib/python3.12/site-packages/airflow/example_dags/example_branch_python_dop_operator_3.py
[2026-04-02T16:31:45.651+0000] {processor.py:830} INFO - Processing file /home/airflow/.local/lib/python3.12/site-packages/airflow/example_dags/example_branch_python_dop_operator_3.py for tasks to queue
[2026-04-02T16:31:45.652+0000] {logging_mixin.py:188} INFO - [2026-04-02T16:31:45.652+0000] {dagbag.py:540} INFO - Filling up the DagBag from /home/airflow/.local/lib/python3.12/site-packages/airflow/example_dags/example_branch_python_dop_operator_3.py
[2026-04-02T16:31:45.657+0000] {processor.py:840} INFO - DAG(s) 'example_branch_dop_operator_v3' retrieved from /home/airflow/.local/lib/python3.12/site-packages/airflow/example_dags/example_branch_python_dop_operator_3.py
[2026-04-02T16:31:45.671+0000] {logging_mixin.py:188} INFO - [2026-04-02T16:31:45.671+0000] {dag.py:3096} INFO - Sync 1 DAGs
[2026-04-02T16:31:45.685+0000] {logging_mixin.py:188} INFO - [2026-04-02T16:31:45.684+0000] {dag.py:3954} INFO - Setting next_dagrun for example_branch_dop_operator_v3 to 2026-04-02 16:30:00+00:00, run_after=2026-04-02 16:31:00+00:00
[2026-04-02T16:31:45.697+0000] {processor.py:183} INFO - Processing /home/airflow/.local/lib/python3.12/site-packages/airflow/example_dags/example_branch_python_dop_operator_3.py took 0.051 seconds
[2026-04-02T16:32:16.493+0000] {processor.py:161} INFO - Started process (PID=1381) to work on /home/airflow/.local/lib/python3.12/site-packages/airflow/example_dags/example_branch_python_dop_operator_3.py
[2026-04-02T16:32:16.494+0000] {processor.py:830} INFO - Processing file /home/airflow/.local/lib/python3.12/site-packages/airflow/example_dags/example_branch_python_dop_operator_3.py for tasks to queue
[2026-04-02T16:32:16.496+0000] {logging_mixin.py:188} INFO - [2026-04-02T16:32:16.495+0000] {dagbag.py:540} INFO - Filling up the DagBag from /home/airflow/.local/lib/python3.12/site-packages/airflow/example_dags/example_branch_python_dop_operator_3.py
[2026-04-02T16:32:16.501+0000] {processor.py:840} INFO - DAG(s) 'example_branch_dop_operator_v3' retrieved from /home/airflow/.local/lib/python3.12/site-packages/airflow/example_dags/example_branch_python_dop_operator_3.py
[2026-04-02T16:32:16.515+0000] {logging_mixin.py:188} INFO - [2026-04-02T16:32:16.515+0000] {dag.py:3096} INFO - Sync 1 DAGs
[2026-04-02T16:32:16.527+0000] {logging_mixin.py:188} INFO - [2026-04-02T16:32:16.527+0000] {dag.py:3954} INFO - Setting next_dagrun for example_branch_dop_operator_v3 to 2026-04-02 16:31:00+00:00, run_after=2026-04-02 16:32:00+00:00
[2026-04-02T16:32:16.535+0000] {processor.py:183} INFO - Processing /home/airflow/.local/lib/python3.12/site-packages/airflow/example_dags/example_branch_python_dop_operator_3.py took 0.048 seconds
[2026-04-02T16:32:47.120+0000] {processor.py:161} INFO - Started process (PID=1439) to work on /home/airflow/.local/lib/python3.12/site-packages/airflow/example_dags/example_branch_python_dop_operator_3.py
[2026-04-02T16:32:47.121+0000] {processor.py:830} INFO - Processing file /home/airflow/.local/lib/python3.12/site-packages/airflow/example_dags/example_branch_python_dop_operator_3.py for tasks to queue
[2026-04-02T16:32:47.123+0000] {logging_mixin.py:188} INFO - [2026-04-02T16:32:47.123+0000] {dagbag.py:540} INFO - Filling up the DagBag from /home/airflow/.local/lib/python3.12/site-packages/airflow/example_dags/example_branch_python_dop_operator_3.py
[2026-04-02T16:32:47.129+0000] {processor.py:840} INFO - DAG(s) 'example_branch_dop_operator_v3' retrieved from /home/airflow/.local/lib/python3.12/site-packages/airflow/example_dags/example_branch_python_dop_operator_3.py
[2026-04-02T16:32:47.144+0000] {logging_mixin.py:188} INFO - [2026-04-02T16:32:47.144+0000] {dag.py:3096} INFO - Sync 1 DAGs
[2026-04-02T16:32:47.157+0000] {logging_mixin.py:188} INFO - [2026-04-02T16:32:47.157+0000] {dag.py:3954} INFO - Setting next_dagrun for example_branch_dop_operator_v3 to 2026-04-02 16:31:00+00:00, run_after=2026-04-02 16:32:00+00:00
[2026-04-02T16:32:47.164+0000] {processor.py:183} INFO - Processing /home/airflow/.local/lib/python3.12/site-packages/airflow/example_dags/example_branch_python_dop_operator_3.py took 0.049 seconds
[2026-04-02T16:33:17.680+0000] {processor.py:161} INFO - Started process (PID=1497) to work on /home/airflow/.local/lib/python3.12/site-packages/airflow/example_dags/example_branch_python_dop_operator_3.py
[2026-04-02T16:33:17.680+0000] {processor.py:830} INFO - Processing file /home/airflow/.local/lib/python3.12/site-packages/airflow/example_dags/example_branch_python_dop_operator_3.py for tasks to queue
[2026-04-02T16:33:17.682+0000] {logging_mixin.py:188} INFO - [2026-04-02T16:33:17.682+0000] {dagbag.py:540} INFO - Filling up the DagBag from /home/airflow/.local/lib/python3.12/site-packages/airflow/example_dags/example_branch_python_dop_operator_3.py
[2026-04-02T16:33:17.688+0000] {processor.py:840} INFO - DAG(s) 'example_branch_dop_operator_v3' retrieved from /home/airflow/.local/lib/python3.12/site-packages/airflow/example_dags/example_branch_python_dop_operator_3.py
[2026-04-02T16:33:17.702+0000] {logging_mixin.py:188} INFO - [2026-04-02T16:33:17.701+0000] {dag.py:3096} INFO - Sync 1 DAGs
[2026-04-02T16:33:17.713+0000] {logging_mixin.py:188} INFO - [2026-04-02T16:33:17.713+0000] {dag.py:3954} INFO - Setting next_dagrun for example_branch_dop_operator_v3 to 2026-04-02 16:32:00+00:00, run_after=2026-04-02 16:33:00+00:00
[2026-04-02T16:33:17.721+0000] {processor.py:183} INFO - Processing /home/airflow/.local/lib/python3.12/site-packages/airflow/example_dags/example_branch_python_dop_operator_3.py took 0.046 seconds
[2026-04-02T16:33:48.267+0000] {processor.py:161} INFO - Started process (PID=1555) to work on /home/airflow/.local/lib/python3.12/site-packages/airflow/example_dags/example_branch_python_dop_operator_3.py
[2026-04-02T16:33:48.268+0000] {processor.py:830} INFO - Processing file /home/airflow/.local/lib/python3.12/site-packages/airflow/example_dags/example_branch_python_dop_operator_3.py for tasks to queue
[2026-04-02T16:33:48.270+0000] {logging_mixin.py:188} INFO - [2026-04-02T16:33:48.270+0000] {dagbag.py:540} INFO - Filling up the DagBag from /home/airflow/.local/lib/python3.12/site-packages/airflow/example_dags/example_branch_python_dop_operator_3.py
[2026-04-02T16:33:48.276+0000] {processor.py:840} INFO - DAG(s) 'example_branch_dop_operator_v3' retrieved from /home/airflow/.local/lib/python3.12/site-packages/airflow/example_dags/example_branch_python_dop_operator_3.py
[2026-04-02T16:33:48.289+0000] {logging_mixin.py:188} INFO - [2026-04-02T16:33:48.289+0000] {dag.py:3096} INFO - Sync 1 DAGs
[2026-04-02T16:33:48.303+0000] {logging_mixin.py:188} INFO - [2026-04-02T16:33:48.303+0000] {dag.py:3954} INFO - Setting next_dagrun for example_branch_dop_operator_v3 to 2026-04-02 16:32:00+00:00, run_after=2026-04-02 16:33:00+00:00
[2026-04-02T16:33:48.311+0000] {processor.py:183} INFO - Processing /home/airflow/.local/lib/python3.12/site-packages/airflow/example_dags/example_branch_python_dop_operator_3.py took 0.048 seconds
[2026-04-02T16:34:18.991+0000] {processor.py:161} INFO - Started process (PID=1613) to work on /home/airflow/.local/lib/python3.12/site-packages/airflow/example_dags/example_branch_python_dop_operator_3.py
[2026-04-02T16:34:18.992+0000] {processor.py:830} INFO - Processing file /home/airflow/.local/lib/python3.12/site-packages/airflow/example_dags/example_branch_python_dop_operator_3.py for tasks to queue
[2026-04-02T16:34:18.994+0000] {logging_mixin.py:188} INFO - [2026-04-02T16:34:18.994+0000] {dagbag.py:540} INFO - Filling up the DagBag from /home/airflow/.local/lib/python3.12/site-packages/airflow/example_dags/example_branch_python_dop_operator_3.py
[2026-04-02T16:34:18.999+0000] {processor.py:840} INFO - DAG(s) 'example_branch_dop_operator_v3' retrieved from /home/airflow/.local/lib/python3.12/site-packages/airflow/example_dags/example_branch_python_dop_operator_3.py
[2026-04-02T16:34:19.013+0000] {logging_mixin.py:188} INFO - [2026-04-02T16:34:19.013+0000] {dag.py:3096} INFO - Sync 1 DAGs
[2026-04-02T16:34:19.024+0000] {logging_mixin.py:188} INFO - [2026-04-02T16:34:19.024+0000] {dag.py:3954} INFO - Setting next_dagrun for example_branch_dop_operator_v3 to 2026-04-02 16:33:00+00:00, run_after=2026-04-02 16:34:00+00:00
[2026-04-02T16:34:19.033+0000] {processor.py:183} INFO - Processing /home/airflow/.local/lib/python3.12/site-packages/airflow/example_dags/example_branch_python_dop_operator_3.py took 0.049 seconds
[2026-04-02T16:34:49.643+0000] {processor.py:161} INFO - Started process (PID=1671) to work on /home/airflow/.local/lib/python3.12/site-packages/airflow/example_dags/example_branch_python_dop_operator_3.py
[2026-04-02T16:34:49.644+0000] {processor.py:830} INFO - Processing file /home/airflow/.local/lib/python3.12/site-packages/airflow/example_dags/example_branch_python_dop_operator_3.py for tasks to queue
[2026-04-02T16:34:49.646+0000] {logging_mixin.py:188} INFO - [2026-04-02T16:34:49.646+0000] {dagbag.py:540} INFO - Filling up the DagBag from /home/airflow/.local/lib/python3.12/site-packages/airflow/example_dags/example_branch_python_dop_operator_3.py
[2026-04-02T16:34:49.651+0000] {processor.py:840} INFO - DAG(s) 'example_branch_dop_operator_v3' retrieved from /home/airflow/.local/lib/python3.12/site-packages/airflow/example_dags/example_branch_python_dop_operator_3.py
[2026-04-02T16:34:49.666+0000] {logging_mixin.py:188} INFO - [2026-04-02T16:34:49.666+0000] {dag.py:3096} INFO - Sync 1 DAGs
[2026-04-02T16:34:49.679+0000] {logging_mixin.py:188} INFO - [2026-04-02T16:34:49.679+0000] {dag.py:3954} INFO - Setting next_dagrun for example_branch_dop_operator_v3 to 2026-04-02 16:33:00+00:00, run_after=2026-04-02 16:34:00+00:00
[2026-04-02T16:34:49.690+0000] {processor.py:183} INFO - Processing /home/airflow/.local/lib/python3.12/site-packages/airflow/example_dags/example_branch_python_dop_operator_3.py took 0.051 seconds
[2026-04-02T16:35:20.296+0000] {processor.py:161} INFO - Started process (PID=1729) to work on /home/airflow/.local/lib/python3.12/site-packages/airflow/example_dags/example_branch_python_dop_operator_3.py
[2026-04-02T16:35:20.297+0000] {processor.py:830} INFO - Processing file /home/airflow/.local/lib/python3.12/site-packages/airflow/example_dags/example_branch_python_dop_operator_3.py for tasks to queue
[2026-04-02T16:35:20.299+0000] {logging_mixin.py:188} INFO - [2026-04-02T16:35:20.299+0000] {dagbag.py:540} INFO - Filling up the DagBag from /home/airflow/.local/lib/python3.12/site-packages/airflow/example_dags/example_branch_python_dop_operator_3.py
[2026-04-02T16:35:20.303+0000] {processor.py:840} INFO - DAG(s) 'example_branch_dop_operator_v3' retrieved from /home/airflow/.local/lib/python3.12/site-packages/airflow/example_dags/example_branch_python_dop_operator_3.py
[2026-04-02T16:35:20.315+0000] {logging_mixin.py:188} INFO - [2026-04-02T16:35:20.314+0000] {dag.py:3096} INFO - Sync 1 DAGs
[2026-04-02T16:35:20.326+0000] {logging_mixin.py:188} INFO - [2026-04-02T16:35:20.326+0000] {dag.py:3954} INFO - Setting next_dagrun for example_branch_dop_operator_v3 to 2026-04-02 16:34:00+00:00, run_after=2026-04-02 16:35:00+00:00
[2026-04-02T16:35:20.337+0000] {processor.py:183} INFO - Processing /home/airflow/.local/lib/python3.12/site-packages/airflow/example_dags/example_branch_python_dop_operator_3.py took 0.045 seconds
[2026-04-02T16:35:50.941+0000] {processor.py:161} INFO - Started process (PID=1787) to work on /home/airflow/.local/lib/python3.12/site-packages/airflow/example_dags/example_branch_python_dop_operator_3.py
[2026-04-02T16:35:50.942+0000] {processor.py:830} INFO - Processing file /home/airflow/.local/lib/python3.12/site-packages/airflow/example_dags/example_branch_python_dop_operator_3.py for tasks to queue
[2026-04-02T16:35:50.945+0000] {logging_mixin.py:188} INFO - [2026-04-02T16:35:50.945+0000] {dagbag.py:540} INFO - Filling up the DagBag from /home/airflow/.local/lib/python3.12/site-packages/airflow/example_dags/example_branch_python_dop_operator_3.py
[2026-04-02T16:35:50.951+0000] {processor.py:840} INFO - DAG(s) 'example_branch_dop_operator_v3' retrieved from /home/airflow/.local/lib/python3.12/site-packages/airflow/example_dags/example_branch_python_dop_operator_3.py
[2026-04-02T16:35:50.968+0000] {logging_mixin.py:188} INFO - [2026-04-02T16:35:50.967+0000] {dag.py:3096} INFO - Sync 1 DAGs
[2026-04-02T16:35:50.982+0000] {logging_mixin.py:188} INFO - [2026-04-02T16:35:50.981+0000] {dag.py:3954} INFO - Setting next_dagrun for example_branch_dop_operator_v3 to 2026-04-02 16:34:00+00:00, run_after=2026-04-02 16:35:00+00:00
[2026-04-02T16:35:50.992+0000] {processor.py:183} INFO - Processing /home/airflow/.local/lib/python3.12/site-packages/airflow/example_dags/example_branch_python_dop_operator_3.py took 0.057 seconds
[2026-04-02T16:36:21.643+0000] {processor.py:161} INFO - Started process (PID=1845) to work on /home/airflow/.local/lib/python3.12/site-packages/airflow/example_dags/example_branch_python_dop_operator_3.py
[2026-04-02T16:36:21.644+0000] {processor.py:830} INFO - Processing file /home/airflow/.local/lib/python3.12/site-packages/airflow/example_dags/example_branch_python_dop_operator_3.py for tasks to queue
[2026-04-02T16:36:21.645+0000] {logging_mixin.py:188} INFO - [2026-04-02T16:36:21.645+0000] {dagbag.py:540} INFO - Filling up the DagBag from /home/airflow/.local/lib/python3.12/site-packages/airflow/example_dags/example_branch_python_dop_operator_3.py
[2026-04-02T16:36:21.650+0000] {processor.py:840} INFO - DAG(s) 'example_branch_dop_operator_v3' retrieved from /home/airflow/.local/lib/python3.12/site-packages/airflow/example_dags/example_branch_python_dop_operator_3.py
[2026-04-02T16:36:21.662+0000] {logging_mixin.py:188} INFO - [2026-04-02T16:36:21.662+0000] {dag.py:3096} INFO - Sync 1 DAGs
[2026-04-02T16:36:21.674+0000] {logging_mixin.py:188} INFO - [2026-04-02T16:36:21.674+0000] {dag.py:3954} INFO - Setting next_dagrun for example_branch_dop_operator_v3 to 2026-04-02 16:35:00+00:00, run_after=2026-04-02 16:36:00+00:00
[2026-04-02T16:36:21.682+0000] {processor.py:183} INFO - Processing /home/airflow/.local/lib/python3.12/site-packages/airflow/example_dags/example_branch_python_dop_operator_3.py took 0.042 seconds
[2026-04-02T16:36:52.209+0000] {processor.py:161} INFO - Started process (PID=1903) to work on /home/airflow/.local/lib/python3.12/site-packages/airflow/example_dags/example_branch_python_dop_operator_3.py
[2026-04-02T16:36:52.209+0000] {processor.py:830} INFO - Processing file /home/airflow/.local/lib/python3.12/site-packages/airflow/example_dags/example_branch_python_dop_operator_3.py for tasks to queue
[2026-04-02T16:36:52.211+0000] {logging_mixin.py:188} INFO - [2026-04-02T16:36:52.211+0000] {dagbag.py:540} INFO - Filling up the DagBag from /home/airflow/.local/lib/python3.12/site-packages/airflow/example_dags/example_branch_python_dop_operator_3.py
[2026-04-02T16:36:52.216+0000] {processor.py:840} INFO - DAG(s) 'example_branch_dop_operator_v3' retrieved from /home/airflow/.local/lib/python3.12/site-packages/airflow/example_dags/example_branch_python_dop_operator_3.py
[2026-04-02T16:36:52.229+0000] {logging_mixin.py:188} INFO - [2026-04-02T16:36:52.229+0000] {dag.py:3096} INFO - Sync 1 DAGs
[2026-04-02T16:36:52.242+0000] {logging_mixin.py:188} INFO - [2026-04-02T16:36:52.242+0000] {dag.py:3954} INFO - Setting next_dagrun for example_branch_dop_operator_v3 to 2026-04-02 16:35:00+00:00, run_after=2026-04-02 16:36:00+00:00
[2026-04-02T16:36:52.251+0000] {processor.py:183} INFO - Processing /home/airflow/.local/lib/python3.12/site-packages/airflow/example_dags/example_branch_python_dop_operator_3.py took 0.047 seconds
[2026-04-02T16:37:22.826+0000] {processor.py:161} INFO - Started process (PID=1961) to work on /home/airflow/.local/lib/python3.12/site-packages/airflow/example_dags/example_branch_python_dop_operator_3.py
[2026-04-02T16:37:22.828+0000] {processor.py:830} INFO - Processing file /home/airflow/.local/lib/python3.12/site-packages/airflow/example_dags/example_branch_python_dop_operator_3.py for tasks to queue
[2026-04-02T16:37:22.831+0000] {logging_mixin.py:188} INFO - [2026-04-02T16:37:22.831+0000] {dagbag.py:540} INFO - Filling up the DagBag from /home/airflow/.local/lib/python3.12/site-packages/airflow/example_dags/example_branch_python_dop_operator_3.py
[2026-04-02T16:37:22.836+0000] {processor.py:840} INFO - DAG(s) 'example_branch_dop_operator_v3' retrieved from /home/airflow/.local/lib/python3.12/site-packages/airflow/example_dags/example_branch_python_dop_operator_3.py
[2026-04-02T16:37:22.859+0000] {logging_mixin.py:188} INFO - [2026-04-02T16:37:22.859+0000] {dag.py:3096} INFO - Sync 1 DAGs
[2026-04-02T16:37:22.870+0000] {logging_mixin.py:188} INFO - [2026-04-02T16:37:22.870+0000] {dag.py:3954} INFO - Setting next_dagrun for example_branch_dop_operator_v3 to 2026-04-02 16:36:00+00:00, run_after=2026-04-02 16:37:00+00:00
[2026-04-02T16:37:22.880+0000] {processor.py:183} INFO - Processing /home/airflow/.local/lib/python3.12/site-packages/airflow/example_dags/example_branch_python_dop_operator_3.py took 0.058 seconds
[2026-04-02T16:37:53.447+0000] {processor.py:161} INFO - Started process (PID=2019) to work on /home/airflow/.local/lib/python3.12/site-packages/airflow/example_dags/example_branch_python_dop_operator_3.py
[2026-04-02T16:37:53.447+0000] {processor.py:830} INFO - Processing file /home/airflow/.local/lib/python3.12/site-packages/airflow/example_dags/example_branch_python_dop_operator_3.py for tasks to queue
[2026-04-02T16:37:53.449+0000] {logging_mixin.py:188} INFO - [2026-04-02T16:37:53.449+0000] {dagbag.py:540} INFO - Filling up the DagBag from /home/airflow/.local/lib/python3.12/site-packages/airflow/example_dags/example_branch_python_dop_operator_3.py
[2026-04-02T16:37:53.454+0000] {processor.py:840} INFO - DAG(s) 'example_branch_dop_operator_v3' retrieved from /home/airflow/.local/lib/python3.12/site-packages/airflow/example_dags/example_branch_python_dop_operator_3.py
[2026-04-02T16:37:53.466+0000] {logging_mixin.py:188} INFO - [2026-04-02T16:37:53.466+0000] {dag.py:3096} INFO - Sync 1 DAGs
[2026-04-02T16:37:53.480+0000] {logging_mixin.py:188} INFO - [2026-04-02T16:37:53.480+0000] {dag.py:3954} INFO - Setting next_dagrun for example_branch_dop_operator_v3 to 2026-04-02 16:36:00+00:00, run_after=2026-04-02 16:37:00+00:00
[2026-04-02T16:37:53.488+0000] {processor.py:183} INFO - Processing /home/airflow/.local/lib/python3.12/site-packages/airflow/example_dags/example_branch_python_dop_operator_3.py took 0.044 seconds
[2026-04-02T16:38:24.106+0000] {processor.py:161} INFO - Started process (PID=2077) to work on /home/airflow/.local/lib/python3.12/site-packages/airflow/example_dags/example_branch_python_dop_operator_3.py
[2026-04-02T16:38:24.107+0000] {processor.py:830} INFO - Processing file /home/airflow/.local/lib/python3.12/site-packages/airflow/example_dags/example_branch_python_dop_operator_3.py for tasks to queue
[2026-04-02T16:38:24.108+0000] {logging_mixin.py:188} INFO - [2026-04-02T16:38:24.108+0000] {dagbag.py:540} INFO - Filling up the DagBag from /home/airflow/.local/lib/python3.12/site-packages/airflow/example_dags/example_branch_python_dop_operator_3.py
[2026-04-02T16:38:24.113+0000] {processor.py:840} INFO - DAG(s) 'example_branch_dop_operator_v3' retrieved from /home/airflow/.local/lib/python3.12/site-packages/airflow/example_dags/example_branch_python_dop_operator_3.py
[2026-04-02T16:38:24.127+0000] {logging_mixin.py:188} INFO - [2026-04-02T16:38:24.127+0000] {dag.py:3096} INFO - Sync 1 DAGs
[2026-04-02T16:38:24.141+0000] {logging_mixin.py:188} INFO - [2026-04-02T16:38:24.141+0000] {dag.py:3954} INFO - Setting next_dagrun for example_branch_dop_operator_v3 to 2026-04-02 16:37:00+00:00, run_after=2026-04-02 16:38:00+00:00
[2026-04-02T16:38:24.151+0000] {processor.py:183} INFO - Processing /home/airflow/.local/lib/python3.12/site-packages/airflow/example_dags/example_branch_python_dop_operator_3.py took 0.048 seconds
[2026-04-02T16:38:54.810+0000] {processor.py:161} INFO - Started process (PID=2135) to work on /home/airflow/.local/lib/python3.12/site-packages/airflow/example_dags/example_branch_python_dop_operator_3.py
[2026-04-02T16:38:54.812+0000] {processor.py:830} INFO - Processing file /home/airflow/.local/lib/python3.12/site-packages/airflow/example_dags/example_branch_python_dop_operator_3.py for tasks to queue
[2026-04-02T16:38:54.813+0000] {logging_mixin.py:188} INFO - [2026-04-02T16:38:54.813+0000] {dagbag.py:540} INFO - Filling up the DagBag from /home/airflow/.local/lib/python3.12/site-packages/airflow/example_dags/example_branch_python_dop_operator_3.py
[2026-04-02T16:38:54.819+0000] {processor.py:840} INFO - DAG(s) 'example_branch_dop_operator_v3' retrieved from /home/airflow/.local/lib/python3.12/site-packages/airflow/example_dags/example_branch_python_dop_operator_3.py
[2026-04-02T16:38:54.832+0000] {logging_mixin.py:188} INFO - [2026-04-02T16:38:54.832+0000] {dag.py:3096} INFO - Sync 1 DAGs
[2026-04-02T16:38:54.844+0000] {logging_mixin.py:188} INFO - [2026-04-02T16:38:54.844+0000] {dag.py:3954} INFO - Setting next_dagrun for example_branch_dop_operator_v3 to 2026-04-02 16:37:00+00:00, run_after=2026-04-02 16:38:00+00:00
[2026-04-02T16:38:54.853+0000] {processor.py:183} INFO - Processing /home/airflow/.local/lib/python3.12/site-packages/airflow/example_dags/example_branch_python_dop_operator_3.py took 0.050 seconds
[2026-04-02T16:39:25.491+0000] {processor.py:161} INFO - Started process (PID=2193) to work on /home/airflow/.local/lib/python3.12/site-packages/airflow/example_dags/example_branch_python_dop_operator_3.py
[2026-04-02T16:39:25.492+0000] {processor.py:830} INFO - Processing file /home/airflow/.local/lib/python3.12/site-packages/airflow/example_dags/example_branch_python_dop_operator_3.py for tasks to queue
[2026-04-02T16:39:25.495+0000] {logging_mixin.py:188} INFO - [2026-04-02T16:39:25.494+0000] {dagbag.py:540} INFO - Filling up the DagBag from /home/airflow/.local/lib/python3.12/site-packages/airflow/example_dags/example_branch_python_dop_operator_3.py
[2026-04-02T16:39:25.501+0000] {processor.py:840} INFO - DAG(s) 'example_branch_dop_operator_v3' retrieved from /home/airflow/.local/lib/python3.12/site-packages/airflow/example_dags/example_branch_python_dop_operator_3.py
[2026-04-02T16:39:25.516+0000] {logging_mixin.py:188} INFO - [2026-04-02T16:39:25.516+0000] {dag.py:3096} INFO - Sync 1 DAGs
[2026-04-02T16:39:25.529+0000] {logging_mixin.py:188} INFO - [2026-04-02T16:39:25.529+0000] {dag.py:3954} INFO - Setting next_dagrun for example_branch_dop_operator_v3 to 2026-04-02 16:38:00+00:00, run_after=2026-04-02 16:39:00+00:00
[2026-04-02T16:39:25.539+0000] {processor.py:183} INFO - Processing /home/airflow/.local/lib/python3.12/site-packages/airflow/example_dags/example_branch_python_dop_operator_3.py took 0.053 seconds
[2026-04-02T16:39:56.091+0000] {processor.py:161} INFO - Started process (PID=2251) to work on /home/airflow/.local/lib/python3.12/site-packages/airflow/example_dags/example_branch_python_dop_operator_3.py
[2026-04-02T16:39:56.091+0000] {processor.py:830} INFO - Processing file /home/airflow/.local/lib/python3.12/site-packages/airflow/example_dags/example_branch_python_dop_operator_3.py for tasks to queue
[2026-04-02T16:39:56.093+0000] {logging_mixin.py:188} INFO - [2026-04-02T16:39:56.093+0000] {dagbag.py:540} INFO - Filling up the DagBag from /home/airflow/.local/lib/python3.12/site-packages/airflow/example_dags/example_branch_python_dop_operator_3.py
[2026-04-02T16:39:56.099+0000] {processor.py:840} INFO - DAG(s) 'example_branch_dop_operator_v3' retrieved from /home/airflow/.local/lib/python3.12/site-packages/airflow/example_dags/example_branch_python_dop_operator_3.py
[2026-04-02T16:39:56.113+0000] {logging_mixin.py:188} INFO - [2026-04-02T16:39:56.112+0000] {dag.py:3096} INFO - Sync 1 DAGs
[2026-04-02T16:39:56.124+0000] {logging_mixin.py:188} INFO - [2026-04-02T16:39:56.124+0000] {dag.py:3954} INFO - Setting next_dagrun for example_branch_dop_operator_v3 to 2026-04-02 16:38:00+00:00, run_after=2026-04-02 16:39:00+00:00
[2026-04-02T16:39:56.133+0000] {processor.py:183} INFO - Processing /home/airflow/.local/lib/python3.12/site-packages/airflow/example_dags/example_branch_python_dop_operator_3.py took 0.047 seconds
[2026-04-02T16:40:26.729+0000] {processor.py:161} INFO - Started process (PID=2309) to work on /home/airflow/.local/lib/python3.12/site-packages/airflow/example_dags/example_branch_python_dop_operator_3.py
[2026-04-02T16:40:26.730+0000] {processor.py:830} INFO - Processing file /home/airflow/.local/lib/python3.12/site-packages/airflow/example_dags/example_branch_python_dop_operator_3.py for tasks to queue
[2026-04-02T16:40:26.732+0000] {logging_mixin.py:188} INFO - [2026-04-02T16:40:26.731+0000] {dagbag.py:540} INFO - Filling up the DagBag from /home/airflow/.local/lib/python3.12/site-packages/airflow/example_dags/example_branch_python_dop_operator_3.py
[2026-04-02T16:40:26.736+0000] {processor.py:840} INFO - DAG(s) 'example_branch_dop_operator_v3' retrieved from /home/airflow/.local/lib/python3.12/site-packages/airflow/example_dags/example_branch_python_dop_operator_3.py
[2026-04-02T16:40:26.750+0000] {logging_mixin.py:188} INFO - [2026-04-02T16:40:26.750+0000] {dag.py:3096} INFO - Sync 1 DAGs
[2026-04-02T16:40:26.763+0000] {logging_mixin.py:188} INFO - [2026-04-02T16:40:26.763+0000] {dag.py:3954} INFO - Setting next_dagrun for example_branch_dop_operator_v3 to 2026-04-02 16:39:00+00:00, run_after=2026-04-02 16:40:00+00:00
[2026-04-02T16:40:26.773+0000] {processor.py:183} INFO - Processing /home/airflow/.local/lib/python3.12/site-packages/airflow/example_dags/example_branch_python_dop_operator_3.py took 0.048 seconds
[2026-04-02T16:40:57.389+0000] {processor.py:161} INFO - Started process (PID=2367) to work on /home/airflow/.local/lib/python3.12/site-packages/airflow/example_dags/example_branch_python_dop_operator_3.py
[2026-04-02T16:40:57.390+0000] {processor.py:830} INFO - Processing file /home/airflow/.local/lib/python3.12/site-packages/airflow/example_dags/example_branch_python_dop_operator_3.py for tasks to queue
[2026-04-02T16:40:57.392+0000] {logging_mixin.py:188} INFO - [2026-04-02T16:40:57.392+0000] {dagbag.py:540} INFO - Filling up the DagBag from /home/airflow/.local/lib/python3.12/site-packages/airflow/example_dags/example_branch_python_dop_operator_3.py
[2026-04-02T16:40:57.398+0000] {processor.py:840} INFO - DAG(s) 'example_branch_dop_operator_v3' retrieved from /home/airflow/.local/lib/python3.12/site-packages/airflow/example_dags/example_branch_python_dop_operator_3.py
[2026-04-02T16:40:57.420+0000] {logging_mixin.py:188} INFO - [2026-04-02T16:40:57.420+0000] {dag.py:3096} INFO - Sync 1 DAGs
[2026-04-02T16:40:57.432+0000] {logging_mixin.py:188} INFO - [2026-04-02T16:40:57.432+0000] {dag.py:3954} INFO - Setting next_dagrun for example_branch_dop_operator_v3 to 2026-04-02 16:39:00+00:00, run_after=2026-04-02 16:40:00+00:00
[2026-04-02T16:40:57.447+0000] {processor.py:183} INFO - Processing /home/airflow/.local/lib/python3.12/site-packages/airflow/example_dags/example_branch_python_dop_operator_3.py took 0.064 seconds
[2026-04-02T16:41:28.372+0000] {processor.py:161} INFO - Started process (PID=2425) to work on /home/airflow/.local/lib/python3.12/site-packages/airflow/example_dags/example_branch_python_dop_operator_3.py
[2026-04-02T16:41:28.373+0000] {processor.py:830} INFO - Processing file /home/airflow/.local/lib/python3.12/site-packages/airflow/example_dags/example_branch_python_dop_operator_3.py for tasks to queue
[2026-04-02T16:41:28.376+0000] {logging_mixin.py:188} INFO - [2026-04-02T16:41:28.376+0000] {dagbag.py:540} INFO - Filling up the DagBag from /home/airflow/.local/lib/python3.12/site-packages/airflow/example_dags/example_branch_python_dop_operator_3.py
[2026-04-02T16:41:28.386+0000] {processor.py:840} INFO - DAG(s) 'example_branch_dop_operator_v3' retrieved from /home/airflow/.local/lib/python3.12/site-packages/airflow/example_dags/example_branch_python_dop_operator_3.py
[2026-04-02T16:41:28.404+0000] {logging_mixin.py:188} INFO - [2026-04-02T16:41:28.404+0000] {dag.py:3096} INFO - Sync 1 DAGs
[2026-04-02T16:41:28.422+0000] {logging_mixin.py:188} INFO - [2026-04-02T16:41:28.422+0000] {dag.py:3954} INFO - Setting next_dagrun for example_branch_dop_operator_v3 to 2026-04-02 16:40:00+00:00, run_after=2026-04-02 16:41:00+00:00
[2026-04-02T16:41:28.435+0000] {processor.py:183} INFO - Processing /home/airflow/.local/lib/python3.12/site-packages/airflow/example_dags/example_branch_python_dop_operator_3.py took 0.071 seconds
[2026-04-02T16:41:59.253+0000] {processor.py:161} INFO - Started process (PID=2483) to work on /home/airflow/.local/lib/python3.12/site-packages/airflow/example_dags/example_branch_python_dop_operator_3.py
[2026-04-02T16:41:59.254+0000] {processor.py:830} INFO - Processing file /home/airflow/.local/lib/python3.12/site-packages/airflow/example_dags/example_branch_python_dop_operator_3.py for tasks to queue
[2026-04-02T16:41:59.256+0000] {logging_mixin.py:188} INFO - [2026-04-02T16:41:59.256+0000] {dagbag.py:540} INFO - Filling up the DagBag from /home/airflow/.local/lib/python3.12/site-packages/airflow/example_dags/example_branch_python_dop_operator_3.py
[2026-04-02T16:41:59.263+0000] {processor.py:840} INFO - DAG(s) 'example_branch_dop_operator_v3' retrieved from /home/airflow/.local/lib/python3.12/site-packages/airflow/example_dags/example_branch_python_dop_operator_3.py
[2026-04-02T16:41:59.281+0000] {logging_mixin.py:188} INFO - [2026-04-02T16:41:59.281+0000] {dag.py:3096} INFO - Sync 1 DAGs
[2026-04-02T16:41:59.296+0000] {logging_mixin.py:188} INFO - [2026-04-02T16:41:59.296+0000] {dag.py:3954} INFO - Setting next_dagrun for example_branch_dop_operator_v3 to 2026-04-02 16:40:00+00:00, run_after=2026-04-02 16:41:00+00:00
[2026-04-02T16:41:59.310+0000] {processor.py:183} INFO - Processing /home/airflow/.local/lib/python3.12/site-packages/airflow/example_dags/example_branch_python_dop_operator_3.py took 0.064 seconds
[2026-04-02T16:42:30.221+0000] {processor.py:161} INFO - Started process (PID=2541) to work on /home/airflow/.local/lib/python3.12/site-packages/airflow/example_dags/example_branch_python_dop_operator_3.py
[2026-04-02T16:42:30.222+0000] {processor.py:830} INFO - Processing file /home/airflow/.local/lib/python3.12/site-packages/airflow/example_dags/example_branch_python_dop_operator_3.py for tasks to queue
[2026-04-02T16:42:30.224+0000] {logging_mixin.py:188} INFO - [2026-04-02T16:42:30.224+0000] {dagbag.py:540} INFO - Filling up the DagBag from /home/airflow/.local/lib/python3.12/site-packages/airflow/example_dags/example_branch_python_dop_operator_3.py
[2026-04-02T16:42:30.232+0000] {processor.py:840} INFO - DAG(s) 'example_branch_dop_operator_v3' retrieved from /home/airflow/.local/lib/python3.12/site-packages/airflow/example_dags/example_branch_python_dop_operator_3.py
[2026-04-02T16:42:30.251+0000] {logging_mixin.py:188} INFO - [2026-04-02T16:42:30.251+0000] {dag.py:3096} INFO - Sync 1 DAGs
[2026-04-02T16:42:30.264+0000] {logging_mixin.py:188} INFO - [2026-04-02T16:42:30.264+0000] {dag.py:3954} INFO - Setting next_dagrun for example_branch_dop_operator_v3 to 2026-04-02 16:41:00+00:00, run_after=2026-04-02 16:42:00+00:00
[2026-04-02T16:42:30.282+0000] {processor.py:183} INFO - Processing /home/airflow/.local/lib/python3.12/site-packages/airflow/example_dags/example_branch_python_dop_operator_3.py took 0.064 seconds
