[2026-04-02T16:20:35.751+0000] {processor.py:161} INFO - Started process (PID=90) to work on /home/airflow/.local/lib/python3.12/site-packages/airflow/example_dags/example_display_name.py
[2026-04-02T16:20:35.752+0000] {processor.py:830} INFO - Processing file /home/airflow/.local/lib/python3.12/site-packages/airflow/example_dags/example_display_name.py for tasks to queue
[2026-04-02T16:20:35.753+0000] {logging_mixin.py:188} INFO - [2026-04-02T16:20:35.753+0000] {dagbag.py:540} INFO - Filling up the DagBag from /home/airflow/.local/lib/python3.12/site-packages/airflow/example_dags/example_display_name.py
[2026-04-02T16:20:35.756+0000] {processor.py:840} INFO - DAG(s) 'example_display_name' retrieved from /home/airflow/.local/lib/python3.12/site-packages/airflow/example_dags/example_display_name.py
[2026-04-02T16:20:35.766+0000] {logging_mixin.py:188} INFO - [2026-04-02T16:20:35.766+0000] {dag.py:3096} INFO - Sync 1 DAGs
[2026-04-02T16:20:35.773+0000] {logging_mixin.py:188} INFO - [2026-04-02T16:20:35.773+0000] {dag.py:3954} INFO - Setting next_dagrun for example_display_name to None, run_after=None
[2026-04-02T16:20:35.782+0000] {processor.py:183} INFO - Processing /home/airflow/.local/lib/python3.12/site-packages/airflow/example_dags/example_display_name.py took 0.035 seconds
[2026-04-02T16:21:07.416+0000] {processor.py:161} INFO - Started process (PID=148) to work on /home/airflow/.local/lib/python3.12/site-packages/airflow/example_dags/example_display_name.py
[2026-04-02T16:21:07.416+0000] {processor.py:830} INFO - Processing file /home/airflow/.local/lib/python3.12/site-packages/airflow/example_dags/example_display_name.py for tasks to queue
[2026-04-02T16:21:07.418+0000] {logging_mixin.py:188} INFO - [2026-04-02T16:21:07.417+0000] {dagbag.py:540} INFO - Filling up the DagBag from /home/airflow/.local/lib/python3.12/site-packages/airflow/example_dags/example_display_name.py
[2026-04-02T16:21:07.421+0000] {processor.py:840} INFO - DAG(s) 'example_display_name' retrieved from /home/airflow/.local/lib/python3.12/site-packages/airflow/example_dags/example_display_name.py
[2026-04-02T16:21:07.475+0000] {logging_mixin.py:188} INFO - [2026-04-02T16:21:07.475+0000] {dag.py:3096} INFO - Sync 1 DAGs
[2026-04-02T16:21:07.481+0000] {logging_mixin.py:188} INFO - [2026-04-02T16:21:07.481+0000] {dag.py:3954} INFO - Setting next_dagrun for example_display_name to None, run_after=None
[2026-04-02T16:21:07.489+0000] {processor.py:183} INFO - Processing /home/airflow/.local/lib/python3.12/site-packages/airflow/example_dags/example_display_name.py took 0.077 seconds
[2026-04-02T16:21:38.453+0000] {processor.py:161} INFO - Started process (PID=206) to work on /home/airflow/.local/lib/python3.12/site-packages/airflow/example_dags/example_display_name.py
[2026-04-02T16:21:38.453+0000] {processor.py:830} INFO - Processing file /home/airflow/.local/lib/python3.12/site-packages/airflow/example_dags/example_display_name.py for tasks to queue
[2026-04-02T16:21:38.455+0000] {logging_mixin.py:188} INFO - [2026-04-02T16:21:38.455+0000] {dagbag.py:540} INFO - Filling up the DagBag from /home/airflow/.local/lib/python3.12/site-packages/airflow/example_dags/example_display_name.py
[2026-04-02T16:21:38.459+0000] {processor.py:840} INFO - DAG(s) 'example_display_name' retrieved from /home/airflow/.local/lib/python3.12/site-packages/airflow/example_dags/example_display_name.py
[2026-04-02T16:21:38.473+0000] {logging_mixin.py:188} INFO - [2026-04-02T16:21:38.472+0000] {dag.py:3096} INFO - Sync 1 DAGs
[2026-04-02T16:21:38.479+0000] {logging_mixin.py:188} INFO - [2026-04-02T16:21:38.479+0000] {dag.py:3954} INFO - Setting next_dagrun for example_display_name to None, run_after=None
[2026-04-02T16:21:38.488+0000] {processor.py:183} INFO - Processing /home/airflow/.local/lib/python3.12/site-packages/airflow/example_dags/example_display_name.py took 0.040 seconds
[2026-04-02T16:22:09.150+0000] {processor.py:161} INFO - Started process (PID=264) to work on /home/airflow/.local/lib/python3.12/site-packages/airflow/example_dags/example_display_name.py
[2026-04-02T16:22:09.150+0000] {processor.py:830} INFO - Processing file /home/airflow/.local/lib/python3.12/site-packages/airflow/example_dags/example_display_name.py for tasks to queue
[2026-04-02T16:22:09.152+0000] {logging_mixin.py:188} INFO - [2026-04-02T16:22:09.151+0000] {dagbag.py:540} INFO - Filling up the DagBag from /home/airflow/.local/lib/python3.12/site-packages/airflow/example_dags/example_display_name.py
[2026-04-02T16:22:09.155+0000] {processor.py:840} INFO - DAG(s) 'example_display_name' retrieved from /home/airflow/.local/lib/python3.12/site-packages/airflow/example_dags/example_display_name.py
[2026-04-02T16:22:09.168+0000] {logging_mixin.py:188} INFO - [2026-04-02T16:22:09.168+0000] {dag.py:3096} INFO - Sync 1 DAGs
[2026-04-02T16:22:09.174+0000] {logging_mixin.py:188} INFO - [2026-04-02T16:22:09.174+0000] {dag.py:3954} INFO - Setting next_dagrun for example_display_name to None, run_after=None
[2026-04-02T16:22:09.183+0000] {processor.py:183} INFO - Processing /home/airflow/.local/lib/python3.12/site-packages/airflow/example_dags/example_display_name.py took 0.038 seconds
[2026-04-02T16:22:39.829+0000] {processor.py:161} INFO - Started process (PID=322) to work on /home/airflow/.local/lib/python3.12/site-packages/airflow/example_dags/example_display_name.py
[2026-04-02T16:22:39.829+0000] {processor.py:830} INFO - Processing file /home/airflow/.local/lib/python3.12/site-packages/airflow/example_dags/example_display_name.py for tasks to queue
[2026-04-02T16:22:39.831+0000] {logging_mixin.py:188} INFO - [2026-04-02T16:22:39.830+0000] {dagbag.py:540} INFO - Filling up the DagBag from /home/airflow/.local/lib/python3.12/site-packages/airflow/example_dags/example_display_name.py
[2026-04-02T16:22:39.834+0000] {processor.py:840} INFO - DAG(s) 'example_display_name' retrieved from /home/airflow/.local/lib/python3.12/site-packages/airflow/example_dags/example_display_name.py
[2026-04-02T16:22:39.847+0000] {logging_mixin.py:188} INFO - [2026-04-02T16:22:39.847+0000] {dag.py:3096} INFO - Sync 1 DAGs
[2026-04-02T16:22:39.853+0000] {logging_mixin.py:188} INFO - [2026-04-02T16:22:39.853+0000] {dag.py:3954} INFO - Setting next_dagrun for example_display_name to None, run_after=None
[2026-04-02T16:22:39.862+0000] {processor.py:183} INFO - Processing /home/airflow/.local/lib/python3.12/site-packages/airflow/example_dags/example_display_name.py took 0.037 seconds
[2026-04-02T16:23:10.507+0000] {processor.py:161} INFO - Started process (PID=380) to work on /home/airflow/.local/lib/python3.12/site-packages/airflow/example_dags/example_display_name.py
[2026-04-02T16:23:10.508+0000] {processor.py:830} INFO - Processing file /home/airflow/.local/lib/python3.12/site-packages/airflow/example_dags/example_display_name.py for tasks to queue
[2026-04-02T16:23:10.509+0000] {logging_mixin.py:188} INFO - [2026-04-02T16:23:10.509+0000] {dagbag.py:540} INFO - Filling up the DagBag from /home/airflow/.local/lib/python3.12/site-packages/airflow/example_dags/example_display_name.py
[2026-04-02T16:23:10.512+0000] {processor.py:840} INFO - DAG(s) 'example_display_name' retrieved from /home/airflow/.local/lib/python3.12/site-packages/airflow/example_dags/example_display_name.py
[2026-04-02T16:23:10.525+0000] {logging_mixin.py:188} INFO - [2026-04-02T16:23:10.525+0000] {dag.py:3096} INFO - Sync 1 DAGs
[2026-04-02T16:23:10.531+0000] {logging_mixin.py:188} INFO - [2026-04-02T16:23:10.531+0000] {dag.py:3954} INFO - Setting next_dagrun for example_display_name to None, run_after=None
[2026-04-02T16:23:10.540+0000] {processor.py:183} INFO - Processing /home/airflow/.local/lib/python3.12/site-packages/airflow/example_dags/example_display_name.py took 0.037 seconds
[2026-04-02T16:23:41.345+0000] {processor.py:161} INFO - Started process (PID=438) to work on /home/airflow/.local/lib/python3.12/site-packages/airflow/example_dags/example_display_name.py
[2026-04-02T16:23:41.346+0000] {processor.py:830} INFO - Processing file /home/airflow/.local/lib/python3.12/site-packages/airflow/example_dags/example_display_name.py for tasks to queue
[2026-04-02T16:23:41.347+0000] {logging_mixin.py:188} INFO - [2026-04-02T16:23:41.347+0000] {dagbag.py:540} INFO - Filling up the DagBag from /home/airflow/.local/lib/python3.12/site-packages/airflow/example_dags/example_display_name.py
[2026-04-02T16:23:41.351+0000] {processor.py:840} INFO - DAG(s) 'example_display_name' retrieved from /home/airflow/.local/lib/python3.12/site-packages/airflow/example_dags/example_display_name.py
[2026-04-02T16:23:41.365+0000] {logging_mixin.py:188} INFO - [2026-04-02T16:23:41.365+0000] {dag.py:3096} INFO - Sync 1 DAGs
[2026-04-02T16:23:41.372+0000] {logging_mixin.py:188} INFO - [2026-04-02T16:23:41.372+0000] {dag.py:3954} INFO - Setting next_dagrun for example_display_name to None, run_after=None
[2026-04-02T16:23:41.382+0000] {processor.py:183} INFO - Processing /home/airflow/.local/lib/python3.12/site-packages/airflow/example_dags/example_display_name.py took 0.041 seconds
[2026-04-02T16:24:11.919+0000] {processor.py:161} INFO - Started process (PID=496) to work on /home/airflow/.local/lib/python3.12/site-packages/airflow/example_dags/example_display_name.py
[2026-04-02T16:24:11.920+0000] {processor.py:830} INFO - Processing file /home/airflow/.local/lib/python3.12/site-packages/airflow/example_dags/example_display_name.py for tasks to queue
[2026-04-02T16:24:11.921+0000] {logging_mixin.py:188} INFO - [2026-04-02T16:24:11.921+0000] {dagbag.py:540} INFO - Filling up the DagBag from /home/airflow/.local/lib/python3.12/site-packages/airflow/example_dags/example_display_name.py
[2026-04-02T16:24:11.925+0000] {processor.py:840} INFO - DAG(s) 'example_display_name' retrieved from /home/airflow/.local/lib/python3.12/site-packages/airflow/example_dags/example_display_name.py
[2026-04-02T16:24:11.935+0000] {logging_mixin.py:188} INFO - [2026-04-02T16:24:11.935+0000] {dag.py:3096} INFO - Sync 1 DAGs
[2026-04-02T16:24:11.943+0000] {logging_mixin.py:188} INFO - [2026-04-02T16:24:11.943+0000] {dag.py:3954} INFO - Setting next_dagrun for example_display_name to None, run_after=None
[2026-04-02T16:24:11.952+0000] {processor.py:183} INFO - Processing /home/airflow/.local/lib/python3.12/site-packages/airflow/example_dags/example_display_name.py took 0.037 seconds
[2026-04-02T16:24:42.383+0000] {processor.py:161} INFO - Started process (PID=554) to work on /home/airflow/.local/lib/python3.12/site-packages/airflow/example_dags/example_display_name.py
[2026-04-02T16:24:42.384+0000] {processor.py:830} INFO - Processing file /home/airflow/.local/lib/python3.12/site-packages/airflow/example_dags/example_display_name.py for tasks to queue
[2026-04-02T16:24:42.385+0000] {logging_mixin.py:188} INFO - [2026-04-02T16:24:42.385+0000] {dagbag.py:540} INFO - Filling up the DagBag from /home/airflow/.local/lib/python3.12/site-packages/airflow/example_dags/example_display_name.py
[2026-04-02T16:24:42.389+0000] {processor.py:840} INFO - DAG(s) 'example_display_name' retrieved from /home/airflow/.local/lib/python3.12/site-packages/airflow/example_dags/example_display_name.py
[2026-04-02T16:24:42.399+0000] {logging_mixin.py:188} INFO - [2026-04-02T16:24:42.398+0000] {dag.py:3096} INFO - Sync 1 DAGs
[2026-04-02T16:24:42.407+0000] {logging_mixin.py:188} INFO - [2026-04-02T16:24:42.407+0000] {dag.py:3954} INFO - Setting next_dagrun for example_display_name to None, run_after=None
[2026-04-02T16:24:42.416+0000] {processor.py:183} INFO - Processing /home/airflow/.local/lib/python3.12/site-packages/airflow/example_dags/example_display_name.py took 0.038 seconds
[2026-04-02T16:25:15.658+0000] {processor.py:161} INFO - Started process (PID=612) to work on /home/airflow/.local/lib/python3.12/site-packages/airflow/example_dags/example_display_name.py
[2026-04-02T16:25:15.658+0000] {processor.py:830} INFO - Processing file /home/airflow/.local/lib/python3.12/site-packages/airflow/example_dags/example_display_name.py for tasks to queue
[2026-04-02T16:25:15.659+0000] {logging_mixin.py:188} INFO - [2026-04-02T16:25:15.659+0000] {dagbag.py:540} INFO - Filling up the DagBag from /home/airflow/.local/lib/python3.12/site-packages/airflow/example_dags/example_display_name.py
[2026-04-02T16:25:15.663+0000] {processor.py:840} INFO - DAG(s) 'example_display_name' retrieved from /home/airflow/.local/lib/python3.12/site-packages/airflow/example_dags/example_display_name.py
[2026-04-02T16:25:15.830+0000] {logging_mixin.py:188} INFO - [2026-04-02T16:25:15.830+0000] {dag.py:3096} INFO - Sync 1 DAGs
[2026-04-02T16:25:15.835+0000] {logging_mixin.py:188} INFO - [2026-04-02T16:25:15.835+0000] {dag.py:3954} INFO - Setting next_dagrun for example_display_name to None, run_after=None
[2026-04-02T16:25:15.844+0000] {processor.py:183} INFO - Processing /home/airflow/.local/lib/python3.12/site-packages/airflow/example_dags/example_display_name.py took 0.191 seconds
[2026-04-02T16:25:45.920+0000] {processor.py:161} INFO - Started process (PID=670) to work on /home/airflow/.local/lib/python3.12/site-packages/airflow/example_dags/example_display_name.py
[2026-04-02T16:25:45.921+0000] {processor.py:830} INFO - Processing file /home/airflow/.local/lib/python3.12/site-packages/airflow/example_dags/example_display_name.py for tasks to queue
[2026-04-02T16:25:45.923+0000] {logging_mixin.py:188} INFO - [2026-04-02T16:25:45.922+0000] {dagbag.py:540} INFO - Filling up the DagBag from /home/airflow/.local/lib/python3.12/site-packages/airflow/example_dags/example_display_name.py
[2026-04-02T16:25:45.926+0000] {processor.py:840} INFO - DAG(s) 'example_display_name' retrieved from /home/airflow/.local/lib/python3.12/site-packages/airflow/example_dags/example_display_name.py
[2026-04-02T16:25:45.936+0000] {logging_mixin.py:188} INFO - [2026-04-02T16:25:45.936+0000] {dag.py:3096} INFO - Sync 1 DAGs
[2026-04-02T16:25:45.942+0000] {logging_mixin.py:188} INFO - [2026-04-02T16:25:45.942+0000] {dag.py:3954} INFO - Setting next_dagrun for example_display_name to None, run_after=None
[2026-04-02T16:25:45.950+0000] {processor.py:183} INFO - Processing /home/airflow/.local/lib/python3.12/site-packages/airflow/example_dags/example_display_name.py took 0.033 seconds
[2026-04-02T16:26:16.150+0000] {processor.py:161} INFO - Started process (PID=728) to work on /home/airflow/.local/lib/python3.12/site-packages/airflow/example_dags/example_display_name.py
[2026-04-02T16:26:16.150+0000] {processor.py:830} INFO - Processing file /home/airflow/.local/lib/python3.12/site-packages/airflow/example_dags/example_display_name.py for tasks to queue
[2026-04-02T16:26:16.151+0000] {logging_mixin.py:188} INFO - [2026-04-02T16:26:16.151+0000] {dagbag.py:540} INFO - Filling up the DagBag from /home/airflow/.local/lib/python3.12/site-packages/airflow/example_dags/example_display_name.py
[2026-04-02T16:26:16.157+0000] {processor.py:840} INFO - DAG(s) 'example_display_name' retrieved from /home/airflow/.local/lib/python3.12/site-packages/airflow/example_dags/example_display_name.py
[2026-04-02T16:26:16.171+0000] {logging_mixin.py:188} INFO - [2026-04-02T16:26:16.171+0000] {dag.py:3096} INFO - Sync 1 DAGs
[2026-04-02T16:26:16.178+0000] {logging_mixin.py:188} INFO - [2026-04-02T16:26:16.178+0000] {dag.py:3954} INFO - Setting next_dagrun for example_display_name to None, run_after=None
[2026-04-02T16:26:16.187+0000] {processor.py:183} INFO - Processing /home/airflow/.local/lib/python3.12/site-packages/airflow/example_dags/example_display_name.py took 0.040 seconds
[2026-04-02T16:26:46.531+0000] {processor.py:161} INFO - Started process (PID=786) to work on /home/airflow/.local/lib/python3.12/site-packages/airflow/example_dags/example_display_name.py
[2026-04-02T16:26:46.532+0000] {processor.py:830} INFO - Processing file /home/airflow/.local/lib/python3.12/site-packages/airflow/example_dags/example_display_name.py for tasks to queue
[2026-04-02T16:26:46.533+0000] {logging_mixin.py:188} INFO - [2026-04-02T16:26:46.533+0000] {dagbag.py:540} INFO - Filling up the DagBag from /home/airflow/.local/lib/python3.12/site-packages/airflow/example_dags/example_display_name.py
[2026-04-02T16:26:46.536+0000] {processor.py:840} INFO - DAG(s) 'example_display_name' retrieved from /home/airflow/.local/lib/python3.12/site-packages/airflow/example_dags/example_display_name.py
[2026-04-02T16:26:46.549+0000] {logging_mixin.py:188} INFO - [2026-04-02T16:26:46.549+0000] {dag.py:3096} INFO - Sync 1 DAGs
[2026-04-02T16:26:46.555+0000] {logging_mixin.py:188} INFO - [2026-04-02T16:26:46.555+0000] {dag.py:3954} INFO - Setting next_dagrun for example_display_name to None, run_after=None
[2026-04-02T16:26:46.564+0000] {processor.py:183} INFO - Processing /home/airflow/.local/lib/python3.12/site-packages/airflow/example_dags/example_display_name.py took 0.037 seconds
[2026-04-02T16:27:17.062+0000] {processor.py:161} INFO - Started process (PID=844) to work on /home/airflow/.local/lib/python3.12/site-packages/airflow/example_dags/example_display_name.py
[2026-04-02T16:27:17.063+0000] {processor.py:830} INFO - Processing file /home/airflow/.local/lib/python3.12/site-packages/airflow/example_dags/example_display_name.py for tasks to queue
[2026-04-02T16:27:17.065+0000] {logging_mixin.py:188} INFO - [2026-04-02T16:27:17.065+0000] {dagbag.py:540} INFO - Filling up the DagBag from /home/airflow/.local/lib/python3.12/site-packages/airflow/example_dags/example_display_name.py
[2026-04-02T16:27:17.068+0000] {processor.py:840} INFO - DAG(s) 'example_display_name' retrieved from /home/airflow/.local/lib/python3.12/site-packages/airflow/example_dags/example_display_name.py
[2026-04-02T16:27:17.084+0000] {logging_mixin.py:188} INFO - [2026-04-02T16:27:17.084+0000] {dag.py:3096} INFO - Sync 1 DAGs
[2026-04-02T16:27:17.091+0000] {logging_mixin.py:188} INFO - [2026-04-02T16:27:17.091+0000] {dag.py:3954} INFO - Setting next_dagrun for example_display_name to None, run_after=None
[2026-04-02T16:27:17.104+0000] {processor.py:183} INFO - Processing /home/airflow/.local/lib/python3.12/site-packages/airflow/example_dags/example_display_name.py took 0.046 seconds
[2026-04-02T16:27:47.991+0000] {processor.py:161} INFO - Started process (PID=902) to work on /home/airflow/.local/lib/python3.12/site-packages/airflow/example_dags/example_display_name.py
[2026-04-02T16:27:47.992+0000] {processor.py:830} INFO - Processing file /home/airflow/.local/lib/python3.12/site-packages/airflow/example_dags/example_display_name.py for tasks to queue
[2026-04-02T16:27:47.993+0000] {logging_mixin.py:188} INFO - [2026-04-02T16:27:47.993+0000] {dagbag.py:540} INFO - Filling up the DagBag from /home/airflow/.local/lib/python3.12/site-packages/airflow/example_dags/example_display_name.py
[2026-04-02T16:27:47.997+0000] {processor.py:840} INFO - DAG(s) 'example_display_name' retrieved from /home/airflow/.local/lib/python3.12/site-packages/airflow/example_dags/example_display_name.py
[2026-04-02T16:27:48.005+0000] {logging_mixin.py:188} INFO - [2026-04-02T16:27:48.005+0000] {dag.py:3096} INFO - Sync 1 DAGs
[2026-04-02T16:27:48.012+0000] {logging_mixin.py:188} INFO - [2026-04-02T16:27:48.012+0000] {dag.py:3954} INFO - Setting next_dagrun for example_display_name to None, run_after=None
[2026-04-02T16:27:48.021+0000] {processor.py:183} INFO - Processing /home/airflow/.local/lib/python3.12/site-packages/airflow/example_dags/example_display_name.py took 0.033 seconds
[2026-04-02T16:28:19.371+0000] {processor.py:161} INFO - Started process (PID=960) to work on /home/airflow/.local/lib/python3.12/site-packages/airflow/example_dags/example_display_name.py
[2026-04-02T16:28:19.372+0000] {processor.py:830} INFO - Processing file /home/airflow/.local/lib/python3.12/site-packages/airflow/example_dags/example_display_name.py for tasks to queue
[2026-04-02T16:28:19.374+0000] {logging_mixin.py:188} INFO - [2026-04-02T16:28:19.374+0000] {dagbag.py:540} INFO - Filling up the DagBag from /home/airflow/.local/lib/python3.12/site-packages/airflow/example_dags/example_display_name.py
[2026-04-02T16:28:19.377+0000] {processor.py:840} INFO - DAG(s) 'example_display_name' retrieved from /home/airflow/.local/lib/python3.12/site-packages/airflow/example_dags/example_display_name.py
[2026-04-02T16:28:19.534+0000] {logging_mixin.py:188} INFO - [2026-04-02T16:28:19.534+0000] {dag.py:3096} INFO - Sync 1 DAGs
[2026-04-02T16:28:19.538+0000] {logging_mixin.py:188} INFO - [2026-04-02T16:28:19.538+0000] {dag.py:3954} INFO - Setting next_dagrun for example_display_name to None, run_after=None
[2026-04-02T16:28:19.555+0000] {processor.py:183} INFO - Processing /home/airflow/.local/lib/python3.12/site-packages/airflow/example_dags/example_display_name.py took 0.188 seconds
[2026-04-02T16:28:49.973+0000] {processor.py:161} INFO - Started process (PID=1018) to work on /home/airflow/.local/lib/python3.12/site-packages/airflow/example_dags/example_display_name.py
[2026-04-02T16:28:49.975+0000] {processor.py:830} INFO - Processing file /home/airflow/.local/lib/python3.12/site-packages/airflow/example_dags/example_display_name.py for tasks to queue
[2026-04-02T16:28:49.976+0000] {logging_mixin.py:188} INFO - [2026-04-02T16:28:49.975+0000] {dagbag.py:540} INFO - Filling up the DagBag from /home/airflow/.local/lib/python3.12/site-packages/airflow/example_dags/example_display_name.py
[2026-04-02T16:28:49.979+0000] {processor.py:840} INFO - DAG(s) 'example_display_name' retrieved from /home/airflow/.local/lib/python3.12/site-packages/airflow/example_dags/example_display_name.py
[2026-04-02T16:28:49.994+0000] {logging_mixin.py:188} INFO - [2026-04-02T16:28:49.994+0000] {dag.py:3096} INFO - Sync 1 DAGs
[2026-04-02T16:28:50.002+0000] {logging_mixin.py:188} INFO - [2026-04-02T16:28:50.002+0000] {dag.py:3954} INFO - Setting next_dagrun for example_display_name to None, run_after=None
[2026-04-02T16:28:50.013+0000] {processor.py:183} INFO - Processing /home/airflow/.local/lib/python3.12/site-packages/airflow/example_dags/example_display_name.py took 0.043 seconds
[2026-04-02T16:29:20.212+0000] {processor.py:161} INFO - Started process (PID=1076) to work on /home/airflow/.local/lib/python3.12/site-packages/airflow/example_dags/example_display_name.py
[2026-04-02T16:29:20.213+0000] {processor.py:830} INFO - Processing file /home/airflow/.local/lib/python3.12/site-packages/airflow/example_dags/example_display_name.py for tasks to queue
[2026-04-02T16:29:20.214+0000] {logging_mixin.py:188} INFO - [2026-04-02T16:29:20.214+0000] {dagbag.py:540} INFO - Filling up the DagBag from /home/airflow/.local/lib/python3.12/site-packages/airflow/example_dags/example_display_name.py
[2026-04-02T16:29:20.221+0000] {processor.py:840} INFO - DAG(s) 'example_display_name' retrieved from /home/airflow/.local/lib/python3.12/site-packages/airflow/example_dags/example_display_name.py
[2026-04-02T16:29:20.236+0000] {logging_mixin.py:188} INFO - [2026-04-02T16:29:20.236+0000] {dag.py:3096} INFO - Sync 1 DAGs
[2026-04-02T16:29:20.244+0000] {logging_mixin.py:188} INFO - [2026-04-02T16:29:20.244+0000] {dag.py:3954} INFO - Setting next_dagrun for example_display_name to None, run_after=None
[2026-04-02T16:29:20.259+0000] {processor.py:183} INFO - Processing /home/airflow/.local/lib/python3.12/site-packages/airflow/example_dags/example_display_name.py took 0.050 seconds
[2026-04-02T16:29:51.513+0000] {processor.py:161} INFO - Started process (PID=1134) to work on /home/airflow/.local/lib/python3.12/site-packages/airflow/example_dags/example_display_name.py
[2026-04-02T16:29:51.513+0000] {processor.py:830} INFO - Processing file /home/airflow/.local/lib/python3.12/site-packages/airflow/example_dags/example_display_name.py for tasks to queue
[2026-04-02T16:29:51.514+0000] {logging_mixin.py:188} INFO - [2026-04-02T16:29:51.514+0000] {dagbag.py:540} INFO - Filling up the DagBag from /home/airflow/.local/lib/python3.12/site-packages/airflow/example_dags/example_display_name.py
[2026-04-02T16:29:51.518+0000] {processor.py:840} INFO - DAG(s) 'example_display_name' retrieved from /home/airflow/.local/lib/python3.12/site-packages/airflow/example_dags/example_display_name.py
[2026-04-02T16:29:51.531+0000] {logging_mixin.py:188} INFO - [2026-04-02T16:29:51.531+0000] {dag.py:3096} INFO - Sync 1 DAGs
[2026-04-02T16:29:51.537+0000] {logging_mixin.py:188} INFO - [2026-04-02T16:29:51.537+0000] {dag.py:3954} INFO - Setting next_dagrun for example_display_name to None, run_after=None
[2026-04-02T16:29:51.546+0000] {processor.py:183} INFO - Processing /home/airflow/.local/lib/python3.12/site-packages/airflow/example_dags/example_display_name.py took 0.037 seconds
[2026-04-02T16:30:22.594+0000] {processor.py:161} INFO - Started process (PID=1192) to work on /home/airflow/.local/lib/python3.12/site-packages/airflow/example_dags/example_display_name.py
[2026-04-02T16:30:22.594+0000] {processor.py:830} INFO - Processing file /home/airflow/.local/lib/python3.12/site-packages/airflow/example_dags/example_display_name.py for tasks to queue
[2026-04-02T16:30:22.597+0000] {logging_mixin.py:188} INFO - [2026-04-02T16:30:22.597+0000] {dagbag.py:540} INFO - Filling up the DagBag from /home/airflow/.local/lib/python3.12/site-packages/airflow/example_dags/example_display_name.py
[2026-04-02T16:30:22.600+0000] {processor.py:840} INFO - DAG(s) 'example_display_name' retrieved from /home/airflow/.local/lib/python3.12/site-packages/airflow/example_dags/example_display_name.py
[2026-04-02T16:30:22.620+0000] {logging_mixin.py:188} INFO - [2026-04-02T16:30:22.619+0000] {dag.py:3096} INFO - Sync 1 DAGs
[2026-04-02T16:30:22.720+0000] {logging_mixin.py:188} INFO - [2026-04-02T16:30:22.719+0000] {dag.py:3954} INFO - Setting next_dagrun for example_display_name to None, run_after=None
[2026-04-02T16:30:22.732+0000] {processor.py:183} INFO - Processing /home/airflow/.local/lib/python3.12/site-packages/airflow/example_dags/example_display_name.py took 0.146 seconds
[2026-04-02T16:30:53.645+0000] {processor.py:161} INFO - Started process (PID=1250) to work on /home/airflow/.local/lib/python3.12/site-packages/airflow/example_dags/example_display_name.py
[2026-04-02T16:30:53.645+0000] {processor.py:830} INFO - Processing file /home/airflow/.local/lib/python3.12/site-packages/airflow/example_dags/example_display_name.py for tasks to queue
[2026-04-02T16:30:53.647+0000] {logging_mixin.py:188} INFO - [2026-04-02T16:30:53.647+0000] {dagbag.py:540} INFO - Filling up the DagBag from /home/airflow/.local/lib/python3.12/site-packages/airflow/example_dags/example_display_name.py
[2026-04-02T16:30:53.651+0000] {processor.py:840} INFO - DAG(s) 'example_display_name' retrieved from /home/airflow/.local/lib/python3.12/site-packages/airflow/example_dags/example_display_name.py
[2026-04-02T16:30:53.664+0000] {logging_mixin.py:188} INFO - [2026-04-02T16:30:53.664+0000] {dag.py:3096} INFO - Sync 1 DAGs
[2026-04-02T16:30:53.671+0000] {logging_mixin.py:188} INFO - [2026-04-02T16:30:53.670+0000] {dag.py:3954} INFO - Setting next_dagrun for example_display_name to None, run_after=None
[2026-04-02T16:30:53.679+0000] {processor.py:183} INFO - Processing /home/airflow/.local/lib/python3.12/site-packages/airflow/example_dags/example_display_name.py took 0.040 seconds
[2026-04-02T16:31:24.203+0000] {processor.py:161} INFO - Started process (PID=1308) to work on /home/airflow/.local/lib/python3.12/site-packages/airflow/example_dags/example_display_name.py
[2026-04-02T16:31:24.204+0000] {processor.py:830} INFO - Processing file /home/airflow/.local/lib/python3.12/site-packages/airflow/example_dags/example_display_name.py for tasks to queue
[2026-04-02T16:31:24.206+0000] {logging_mixin.py:188} INFO - [2026-04-02T16:31:24.206+0000] {dagbag.py:540} INFO - Filling up the DagBag from /home/airflow/.local/lib/python3.12/site-packages/airflow/example_dags/example_display_name.py
[2026-04-02T16:31:24.211+0000] {processor.py:840} INFO - DAG(s) 'example_display_name' retrieved from /home/airflow/.local/lib/python3.12/site-packages/airflow/example_dags/example_display_name.py
[2026-04-02T16:31:24.225+0000] {logging_mixin.py:188} INFO - [2026-04-02T16:31:24.225+0000] {dag.py:3096} INFO - Sync 1 DAGs
[2026-04-02T16:31:24.234+0000] {logging_mixin.py:188} INFO - [2026-04-02T16:31:24.233+0000] {dag.py:3954} INFO - Setting next_dagrun for example_display_name to None, run_after=None
[2026-04-02T16:31:24.244+0000] {processor.py:183} INFO - Processing /home/airflow/.local/lib/python3.12/site-packages/airflow/example_dags/example_display_name.py took 0.046 seconds
[2026-04-02T16:31:54.942+0000] {processor.py:161} INFO - Started process (PID=1366) to work on /home/airflow/.local/lib/python3.12/site-packages/airflow/example_dags/example_display_name.py
[2026-04-02T16:31:54.943+0000] {processor.py:830} INFO - Processing file /home/airflow/.local/lib/python3.12/site-packages/airflow/example_dags/example_display_name.py for tasks to queue
[2026-04-02T16:31:54.944+0000] {logging_mixin.py:188} INFO - [2026-04-02T16:31:54.944+0000] {dagbag.py:540} INFO - Filling up the DagBag from /home/airflow/.local/lib/python3.12/site-packages/airflow/example_dags/example_display_name.py
[2026-04-02T16:31:54.949+0000] {processor.py:840} INFO - DAG(s) 'example_display_name' retrieved from /home/airflow/.local/lib/python3.12/site-packages/airflow/example_dags/example_display_name.py
[2026-04-02T16:31:54.965+0000] {logging_mixin.py:188} INFO - [2026-04-02T16:31:54.965+0000] {dag.py:3096} INFO - Sync 1 DAGs
[2026-04-02T16:31:54.972+0000] {logging_mixin.py:188} INFO - [2026-04-02T16:31:54.972+0000] {dag.py:3954} INFO - Setting next_dagrun for example_display_name to None, run_after=None
[2026-04-02T16:31:54.985+0000] {processor.py:183} INFO - Processing /home/airflow/.local/lib/python3.12/site-packages/airflow/example_dags/example_display_name.py took 0.048 seconds
[2026-04-02T16:32:25.662+0000] {processor.py:161} INFO - Started process (PID=1424) to work on /home/airflow/.local/lib/python3.12/site-packages/airflow/example_dags/example_display_name.py
[2026-04-02T16:32:25.663+0000] {processor.py:830} INFO - Processing file /home/airflow/.local/lib/python3.12/site-packages/airflow/example_dags/example_display_name.py for tasks to queue
[2026-04-02T16:32:25.665+0000] {logging_mixin.py:188} INFO - [2026-04-02T16:32:25.664+0000] {dagbag.py:540} INFO - Filling up the DagBag from /home/airflow/.local/lib/python3.12/site-packages/airflow/example_dags/example_display_name.py
[2026-04-02T16:32:25.669+0000] {processor.py:840} INFO - DAG(s) 'example_display_name' retrieved from /home/airflow/.local/lib/python3.12/site-packages/airflow/example_dags/example_display_name.py
[2026-04-02T16:32:25.683+0000] {logging_mixin.py:188} INFO - [2026-04-02T16:32:25.683+0000] {dag.py:3096} INFO - Sync 1 DAGs
[2026-04-02T16:32:25.690+0000] {logging_mixin.py:188} INFO - [2026-04-02T16:32:25.690+0000] {dag.py:3954} INFO - Setting next_dagrun for example_display_name to None, run_after=None
[2026-04-02T16:32:25.700+0000] {processor.py:183} INFO - Processing /home/airflow/.local/lib/python3.12/site-packages/airflow/example_dags/example_display_name.py took 0.044 seconds
[2026-04-02T16:32:56.267+0000] {processor.py:161} INFO - Started process (PID=1482) to work on /home/airflow/.local/lib/python3.12/site-packages/airflow/example_dags/example_display_name.py
[2026-04-02T16:32:56.268+0000] {processor.py:830} INFO - Processing file /home/airflow/.local/lib/python3.12/site-packages/airflow/example_dags/example_display_name.py for tasks to queue
[2026-04-02T16:32:56.269+0000] {logging_mixin.py:188} INFO - [2026-04-02T16:32:56.268+0000] {dagbag.py:540} INFO - Filling up the DagBag from /home/airflow/.local/lib/python3.12/site-packages/airflow/example_dags/example_display_name.py
[2026-04-02T16:32:56.271+0000] {processor.py:840} INFO - DAG(s) 'example_display_name' retrieved from /home/airflow/.local/lib/python3.12/site-packages/airflow/example_dags/example_display_name.py
[2026-04-02T16:32:56.284+0000] {logging_mixin.py:188} INFO - [2026-04-02T16:32:56.283+0000] {dag.py:3096} INFO - Sync 1 DAGs
[2026-04-02T16:32:56.290+0000] {logging_mixin.py:188} INFO - [2026-04-02T16:32:56.289+0000] {dag.py:3954} INFO - Setting next_dagrun for example_display_name to None, run_after=None
[2026-04-02T16:32:56.298+0000] {processor.py:183} INFO - Processing /home/airflow/.local/lib/python3.12/site-packages/airflow/example_dags/example_display_name.py took 0.034 seconds
[2026-04-02T16:33:26.825+0000] {processor.py:161} INFO - Started process (PID=1540) to work on /home/airflow/.local/lib/python3.12/site-packages/airflow/example_dags/example_display_name.py
[2026-04-02T16:33:26.826+0000] {processor.py:830} INFO - Processing file /home/airflow/.local/lib/python3.12/site-packages/airflow/example_dags/example_display_name.py for tasks to queue
[2026-04-02T16:33:26.827+0000] {logging_mixin.py:188} INFO - [2026-04-02T16:33:26.827+0000] {dagbag.py:540} INFO - Filling up the DagBag from /home/airflow/.local/lib/python3.12/site-packages/airflow/example_dags/example_display_name.py
[2026-04-02T16:33:26.831+0000] {processor.py:840} INFO - DAG(s) 'example_display_name' retrieved from /home/airflow/.local/lib/python3.12/site-packages/airflow/example_dags/example_display_name.py
[2026-04-02T16:33:26.846+0000] {logging_mixin.py:188} INFO - [2026-04-02T16:33:26.846+0000] {dag.py:3096} INFO - Sync 1 DAGs
[2026-04-02T16:33:26.852+0000] {logging_mixin.py:188} INFO - [2026-04-02T16:33:26.852+0000] {dag.py:3954} INFO - Setting next_dagrun for example_display_name to None, run_after=None
[2026-04-02T16:33:26.860+0000] {processor.py:183} INFO - Processing /home/airflow/.local/lib/python3.12/site-packages/airflow/example_dags/example_display_name.py took 0.039 seconds
[2026-04-02T16:33:57.572+0000] {processor.py:161} INFO - Started process (PID=1598) to work on /home/airflow/.local/lib/python3.12/site-packages/airflow/example_dags/example_display_name.py
[2026-04-02T16:33:57.572+0000] {processor.py:830} INFO - Processing file /home/airflow/.local/lib/python3.12/site-packages/airflow/example_dags/example_display_name.py for tasks to queue
[2026-04-02T16:33:57.574+0000] {logging_mixin.py:188} INFO - [2026-04-02T16:33:57.574+0000] {dagbag.py:540} INFO - Filling up the DagBag from /home/airflow/.local/lib/python3.12/site-packages/airflow/example_dags/example_display_name.py
[2026-04-02T16:33:57.579+0000] {processor.py:840} INFO - DAG(s) 'example_display_name' retrieved from /home/airflow/.local/lib/python3.12/site-packages/airflow/example_dags/example_display_name.py
[2026-04-02T16:33:57.596+0000] {logging_mixin.py:188} INFO - [2026-04-02T16:33:57.595+0000] {dag.py:3096} INFO - Sync 1 DAGs
[2026-04-02T16:33:57.602+0000] {logging_mixin.py:188} INFO - [2026-04-02T16:33:57.602+0000] {dag.py:3954} INFO - Setting next_dagrun for example_display_name to None, run_after=None
[2026-04-02T16:33:57.612+0000] {processor.py:183} INFO - Processing /home/airflow/.local/lib/python3.12/site-packages/airflow/example_dags/example_display_name.py took 0.047 seconds
[2026-04-02T16:34:28.195+0000] {processor.py:161} INFO - Started process (PID=1656) to work on /home/airflow/.local/lib/python3.12/site-packages/airflow/example_dags/example_display_name.py
[2026-04-02T16:34:28.196+0000] {processor.py:830} INFO - Processing file /home/airflow/.local/lib/python3.12/site-packages/airflow/example_dags/example_display_name.py for tasks to queue
[2026-04-02T16:34:28.199+0000] {logging_mixin.py:188} INFO - [2026-04-02T16:34:28.198+0000] {dagbag.py:540} INFO - Filling up the DagBag from /home/airflow/.local/lib/python3.12/site-packages/airflow/example_dags/example_display_name.py
[2026-04-02T16:34:28.202+0000] {processor.py:840} INFO - DAG(s) 'example_display_name' retrieved from /home/airflow/.local/lib/python3.12/site-packages/airflow/example_dags/example_display_name.py
[2026-04-02T16:34:28.215+0000] {logging_mixin.py:188} INFO - [2026-04-02T16:34:28.215+0000] {dag.py:3096} INFO - Sync 1 DAGs
[2026-04-02T16:34:28.221+0000] {logging_mixin.py:188} INFO - [2026-04-02T16:34:28.221+0000] {dag.py:3954} INFO - Setting next_dagrun for example_display_name to None, run_after=None
[2026-04-02T16:34:28.230+0000] {processor.py:183} INFO - Processing /home/airflow/.local/lib/python3.12/site-packages/airflow/example_dags/example_display_name.py took 0.040 seconds
[2026-04-02T16:34:58.862+0000] {processor.py:161} INFO - Started process (PID=1714) to work on /home/airflow/.local/lib/python3.12/site-packages/airflow/example_dags/example_display_name.py
[2026-04-02T16:34:58.863+0000] {processor.py:830} INFO - Processing file /home/airflow/.local/lib/python3.12/site-packages/airflow/example_dags/example_display_name.py for tasks to queue
[2026-04-02T16:34:58.864+0000] {logging_mixin.py:188} INFO - [2026-04-02T16:34:58.864+0000] {dagbag.py:540} INFO - Filling up the DagBag from /home/airflow/.local/lib/python3.12/site-packages/airflow/example_dags/example_display_name.py
[2026-04-02T16:34:58.868+0000] {processor.py:840} INFO - DAG(s) 'example_display_name' retrieved from /home/airflow/.local/lib/python3.12/site-packages/airflow/example_dags/example_display_name.py
[2026-04-02T16:34:58.882+0000] {logging_mixin.py:188} INFO - [2026-04-02T16:34:58.882+0000] {dag.py:3096} INFO - Sync 1 DAGs
[2026-04-02T16:34:58.889+0000] {logging_mixin.py:188} INFO - [2026-04-02T16:34:58.889+0000] {dag.py:3954} INFO - Setting next_dagrun for example_display_name to None, run_after=None
[2026-04-02T16:34:58.898+0000] {processor.py:183} INFO - Processing /home/airflow/.local/lib/python3.12/site-packages/airflow/example_dags/example_display_name.py took 0.041 seconds
[2026-04-02T16:35:29.478+0000] {processor.py:161} INFO - Started process (PID=1772) to work on /home/airflow/.local/lib/python3.12/site-packages/airflow/example_dags/example_display_name.py
[2026-04-02T16:35:29.478+0000] {processor.py:830} INFO - Processing file /home/airflow/.local/lib/python3.12/site-packages/airflow/example_dags/example_display_name.py for tasks to queue
[2026-04-02T16:35:29.479+0000] {logging_mixin.py:188} INFO - [2026-04-02T16:35:29.479+0000] {dagbag.py:540} INFO - Filling up the DagBag from /home/airflow/.local/lib/python3.12/site-packages/airflow/example_dags/example_display_name.py
[2026-04-02T16:35:29.483+0000] {processor.py:840} INFO - DAG(s) 'example_display_name' retrieved from /home/airflow/.local/lib/python3.12/site-packages/airflow/example_dags/example_display_name.py
[2026-04-02T16:35:29.497+0000] {logging_mixin.py:188} INFO - [2026-04-02T16:35:29.497+0000] {dag.py:3096} INFO - Sync 1 DAGs
[2026-04-02T16:35:29.504+0000] {logging_mixin.py:188} INFO - [2026-04-02T16:35:29.504+0000] {dag.py:3954} INFO - Setting next_dagrun for example_display_name to None, run_after=None
[2026-04-02T16:35:29.513+0000] {processor.py:183} INFO - Processing /home/airflow/.local/lib/python3.12/site-packages/airflow/example_dags/example_display_name.py took 0.041 seconds
[2026-04-02T16:36:00.207+0000] {processor.py:161} INFO - Started process (PID=1830) to work on /home/airflow/.local/lib/python3.12/site-packages/airflow/example_dags/example_display_name.py
[2026-04-02T16:36:00.207+0000] {processor.py:830} INFO - Processing file /home/airflow/.local/lib/python3.12/site-packages/airflow/example_dags/example_display_name.py for tasks to queue
[2026-04-02T16:36:00.209+0000] {logging_mixin.py:188} INFO - [2026-04-02T16:36:00.208+0000] {dagbag.py:540} INFO - Filling up the DagBag from /home/airflow/.local/lib/python3.12/site-packages/airflow/example_dags/example_display_name.py
[2026-04-02T16:36:00.212+0000] {processor.py:840} INFO - DAG(s) 'example_display_name' retrieved from /home/airflow/.local/lib/python3.12/site-packages/airflow/example_dags/example_display_name.py
[2026-04-02T16:36:00.226+0000] {logging_mixin.py:188} INFO - [2026-04-02T16:36:00.226+0000] {dag.py:3096} INFO - Sync 1 DAGs
[2026-04-02T16:36:00.232+0000] {logging_mixin.py:188} INFO - [2026-04-02T16:36:00.232+0000] {dag.py:3954} INFO - Setting next_dagrun for example_display_name to None, run_after=None
[2026-04-02T16:36:00.241+0000] {processor.py:183} INFO - Processing /home/airflow/.local/lib/python3.12/site-packages/airflow/example_dags/example_display_name.py took 0.040 seconds
[2026-04-02T16:36:30.755+0000] {processor.py:161} INFO - Started process (PID=1888) to work on /home/airflow/.local/lib/python3.12/site-packages/airflow/example_dags/example_display_name.py
[2026-04-02T16:36:30.755+0000] {processor.py:830} INFO - Processing file /home/airflow/.local/lib/python3.12/site-packages/airflow/example_dags/example_display_name.py for tasks to queue
[2026-04-02T16:36:30.756+0000] {logging_mixin.py:188} INFO - [2026-04-02T16:36:30.756+0000] {dagbag.py:540} INFO - Filling up the DagBag from /home/airflow/.local/lib/python3.12/site-packages/airflow/example_dags/example_display_name.py
[2026-04-02T16:36:30.760+0000] {processor.py:840} INFO - DAG(s) 'example_display_name' retrieved from /home/airflow/.local/lib/python3.12/site-packages/airflow/example_dags/example_display_name.py
[2026-04-02T16:36:30.773+0000] {logging_mixin.py:188} INFO - [2026-04-02T16:36:30.773+0000] {dag.py:3096} INFO - Sync 1 DAGs
[2026-04-02T16:36:30.779+0000] {logging_mixin.py:188} INFO - [2026-04-02T16:36:30.779+0000] {dag.py:3954} INFO - Setting next_dagrun for example_display_name to None, run_after=None
[2026-04-02T16:36:30.789+0000] {processor.py:183} INFO - Processing /home/airflow/.local/lib/python3.12/site-packages/airflow/example_dags/example_display_name.py took 0.039 seconds
[2026-04-02T16:37:01.386+0000] {processor.py:161} INFO - Started process (PID=1946) to work on /home/airflow/.local/lib/python3.12/site-packages/airflow/example_dags/example_display_name.py
[2026-04-02T16:37:01.387+0000] {processor.py:830} INFO - Processing file /home/airflow/.local/lib/python3.12/site-packages/airflow/example_dags/example_display_name.py for tasks to queue
[2026-04-02T16:37:01.388+0000] {logging_mixin.py:188} INFO - [2026-04-02T16:37:01.388+0000] {dagbag.py:540} INFO - Filling up the DagBag from /home/airflow/.local/lib/python3.12/site-packages/airflow/example_dags/example_display_name.py
[2026-04-02T16:37:01.392+0000] {processor.py:840} INFO - DAG(s) 'example_display_name' retrieved from /home/airflow/.local/lib/python3.12/site-packages/airflow/example_dags/example_display_name.py
[2026-04-02T16:37:01.407+0000] {logging_mixin.py:188} INFO - [2026-04-02T16:37:01.407+0000] {dag.py:3096} INFO - Sync 1 DAGs
[2026-04-02T16:37:01.414+0000] {logging_mixin.py:188} INFO - [2026-04-02T16:37:01.414+0000] {dag.py:3954} INFO - Setting next_dagrun for example_display_name to None, run_after=None
[2026-04-02T16:37:01.424+0000] {processor.py:183} INFO - Processing /home/airflow/.local/lib/python3.12/site-packages/airflow/example_dags/example_display_name.py took 0.042 seconds
[2026-04-02T16:37:32.016+0000] {processor.py:161} INFO - Started process (PID=2004) to work on /home/airflow/.local/lib/python3.12/site-packages/airflow/example_dags/example_display_name.py
[2026-04-02T16:37:32.017+0000] {processor.py:830} INFO - Processing file /home/airflow/.local/lib/python3.12/site-packages/airflow/example_dags/example_display_name.py for tasks to queue
[2026-04-02T16:37:32.018+0000] {logging_mixin.py:188} INFO - [2026-04-02T16:37:32.018+0000] {dagbag.py:540} INFO - Filling up the DagBag from /home/airflow/.local/lib/python3.12/site-packages/airflow/example_dags/example_display_name.py
[2026-04-02T16:37:32.022+0000] {processor.py:840} INFO - DAG(s) 'example_display_name' retrieved from /home/airflow/.local/lib/python3.12/site-packages/airflow/example_dags/example_display_name.py
[2026-04-02T16:37:32.036+0000] {logging_mixin.py:188} INFO - [2026-04-02T16:37:32.036+0000] {dag.py:3096} INFO - Sync 1 DAGs
[2026-04-02T16:37:32.044+0000] {logging_mixin.py:188} INFO - [2026-04-02T16:37:32.043+0000] {dag.py:3954} INFO - Setting next_dagrun for example_display_name to None, run_after=None
[2026-04-02T16:37:32.053+0000] {processor.py:183} INFO - Processing /home/airflow/.local/lib/python3.12/site-packages/airflow/example_dags/example_display_name.py took 0.043 seconds
[2026-04-02T16:38:02.648+0000] {processor.py:161} INFO - Started process (PID=2062) to work on /home/airflow/.local/lib/python3.12/site-packages/airflow/example_dags/example_display_name.py
[2026-04-02T16:38:02.650+0000] {processor.py:830} INFO - Processing file /home/airflow/.local/lib/python3.12/site-packages/airflow/example_dags/example_display_name.py for tasks to queue
[2026-04-02T16:38:02.652+0000] {logging_mixin.py:188} INFO - [2026-04-02T16:38:02.652+0000] {dagbag.py:540} INFO - Filling up the DagBag from /home/airflow/.local/lib/python3.12/site-packages/airflow/example_dags/example_display_name.py
[2026-04-02T16:38:02.656+0000] {processor.py:840} INFO - DAG(s) 'example_display_name' retrieved from /home/airflow/.local/lib/python3.12/site-packages/airflow/example_dags/example_display_name.py
[2026-04-02T16:38:02.671+0000] {logging_mixin.py:188} INFO - [2026-04-02T16:38:02.671+0000] {dag.py:3096} INFO - Sync 1 DAGs
[2026-04-02T16:38:02.678+0000] {logging_mixin.py:188} INFO - [2026-04-02T16:38:02.678+0000] {dag.py:3954} INFO - Setting next_dagrun for example_display_name to None, run_after=None
[2026-04-02T16:38:02.687+0000] {processor.py:183} INFO - Processing /home/airflow/.local/lib/python3.12/site-packages/airflow/example_dags/example_display_name.py took 0.045 seconds
[2026-04-02T16:38:33.338+0000] {processor.py:161} INFO - Started process (PID=2120) to work on /home/airflow/.local/lib/python3.12/site-packages/airflow/example_dags/example_display_name.py
[2026-04-02T16:38:33.339+0000] {processor.py:830} INFO - Processing file /home/airflow/.local/lib/python3.12/site-packages/airflow/example_dags/example_display_name.py for tasks to queue
[2026-04-02T16:38:33.341+0000] {logging_mixin.py:188} INFO - [2026-04-02T16:38:33.340+0000] {dagbag.py:540} INFO - Filling up the DagBag from /home/airflow/.local/lib/python3.12/site-packages/airflow/example_dags/example_display_name.py
[2026-04-02T16:38:33.345+0000] {processor.py:840} INFO - DAG(s) 'example_display_name' retrieved from /home/airflow/.local/lib/python3.12/site-packages/airflow/example_dags/example_display_name.py
[2026-04-02T16:38:33.360+0000] {logging_mixin.py:188} INFO - [2026-04-02T16:38:33.360+0000] {dag.py:3096} INFO - Sync 1 DAGs
[2026-04-02T16:38:33.367+0000] {logging_mixin.py:188} INFO - [2026-04-02T16:38:33.367+0000] {dag.py:3954} INFO - Setting next_dagrun for example_display_name to None, run_after=None
[2026-04-02T16:38:33.377+0000] {processor.py:183} INFO - Processing /home/airflow/.local/lib/python3.12/site-packages/airflow/example_dags/example_display_name.py took 0.045 seconds
[2026-04-02T16:39:04.038+0000] {processor.py:161} INFO - Started process (PID=2178) to work on /home/airflow/.local/lib/python3.12/site-packages/airflow/example_dags/example_display_name.py
[2026-04-02T16:39:04.042+0000] {processor.py:830} INFO - Processing file /home/airflow/.local/lib/python3.12/site-packages/airflow/example_dags/example_display_name.py for tasks to queue
[2026-04-02T16:39:04.043+0000] {logging_mixin.py:188} INFO - [2026-04-02T16:39:04.042+0000] {dagbag.py:540} INFO - Filling up the DagBag from /home/airflow/.local/lib/python3.12/site-packages/airflow/example_dags/example_display_name.py
[2026-04-02T16:39:04.047+0000] {processor.py:840} INFO - DAG(s) 'example_display_name' retrieved from /home/airflow/.local/lib/python3.12/site-packages/airflow/example_dags/example_display_name.py
[2026-04-02T16:39:04.062+0000] {logging_mixin.py:188} INFO - [2026-04-02T16:39:04.062+0000] {dag.py:3096} INFO - Sync 1 DAGs
[2026-04-02T16:39:04.068+0000] {logging_mixin.py:188} INFO - [2026-04-02T16:39:04.068+0000] {dag.py:3954} INFO - Setting next_dagrun for example_display_name to None, run_after=None
[2026-04-02T16:39:04.077+0000] {processor.py:183} INFO - Processing /home/airflow/.local/lib/python3.12/site-packages/airflow/example_dags/example_display_name.py took 0.043 seconds
[2026-04-02T16:39:34.652+0000] {processor.py:161} INFO - Started process (PID=2236) to work on /home/airflow/.local/lib/python3.12/site-packages/airflow/example_dags/example_display_name.py
[2026-04-02T16:39:34.653+0000] {processor.py:830} INFO - Processing file /home/airflow/.local/lib/python3.12/site-packages/airflow/example_dags/example_display_name.py for tasks to queue
[2026-04-02T16:39:34.656+0000] {logging_mixin.py:188} INFO - [2026-04-02T16:39:34.656+0000] {dagbag.py:540} INFO - Filling up the DagBag from /home/airflow/.local/lib/python3.12/site-packages/airflow/example_dags/example_display_name.py
[2026-04-02T16:39:34.659+0000] {processor.py:840} INFO - DAG(s) 'example_display_name' retrieved from /home/airflow/.local/lib/python3.12/site-packages/airflow/example_dags/example_display_name.py
[2026-04-02T16:39:34.673+0000] {logging_mixin.py:188} INFO - [2026-04-02T16:39:34.673+0000] {dag.py:3096} INFO - Sync 1 DAGs
[2026-04-02T16:39:34.680+0000] {logging_mixin.py:188} INFO - [2026-04-02T16:39:34.680+0000] {dag.py:3954} INFO - Setting next_dagrun for example_display_name to None, run_after=None
[2026-04-02T16:39:34.688+0000] {processor.py:183} INFO - Processing /home/airflow/.local/lib/python3.12/site-packages/airflow/example_dags/example_display_name.py took 0.042 seconds
[2026-04-02T16:40:05.326+0000] {processor.py:161} INFO - Started process (PID=2294) to work on /home/airflow/.local/lib/python3.12/site-packages/airflow/example_dags/example_display_name.py
[2026-04-02T16:40:05.327+0000] {processor.py:830} INFO - Processing file /home/airflow/.local/lib/python3.12/site-packages/airflow/example_dags/example_display_name.py for tasks to queue
[2026-04-02T16:40:05.329+0000] {logging_mixin.py:188} INFO - [2026-04-02T16:40:05.328+0000] {dagbag.py:540} INFO - Filling up the DagBag from /home/airflow/.local/lib/python3.12/site-packages/airflow/example_dags/example_display_name.py
[2026-04-02T16:40:05.332+0000] {processor.py:840} INFO - DAG(s) 'example_display_name' retrieved from /home/airflow/.local/lib/python3.12/site-packages/airflow/example_dags/example_display_name.py
[2026-04-02T16:40:05.346+0000] {logging_mixin.py:188} INFO - [2026-04-02T16:40:05.346+0000] {dag.py:3096} INFO - Sync 1 DAGs
[2026-04-02T16:40:05.353+0000] {logging_mixin.py:188} INFO - [2026-04-02T16:40:05.353+0000] {dag.py:3954} INFO - Setting next_dagrun for example_display_name to None, run_after=None
[2026-04-02T16:40:05.363+0000] {processor.py:183} INFO - Processing /home/airflow/.local/lib/python3.12/site-packages/airflow/example_dags/example_display_name.py took 0.041 seconds
[2026-04-02T16:40:35.904+0000] {processor.py:161} INFO - Started process (PID=2352) to work on /home/airflow/.local/lib/python3.12/site-packages/airflow/example_dags/example_display_name.py
[2026-04-02T16:40:35.904+0000] {processor.py:830} INFO - Processing file /home/airflow/.local/lib/python3.12/site-packages/airflow/example_dags/example_display_name.py for tasks to queue
[2026-04-02T16:40:35.906+0000] {logging_mixin.py:188} INFO - [2026-04-02T16:40:35.906+0000] {dagbag.py:540} INFO - Filling up the DagBag from /home/airflow/.local/lib/python3.12/site-packages/airflow/example_dags/example_display_name.py
[2026-04-02T16:40:35.910+0000] {processor.py:840} INFO - DAG(s) 'example_display_name' retrieved from /home/airflow/.local/lib/python3.12/site-packages/airflow/example_dags/example_display_name.py
[2026-04-02T16:40:35.927+0000] {logging_mixin.py:188} INFO - [2026-04-02T16:40:35.926+0000] {dag.py:3096} INFO - Sync 1 DAGs
[2026-04-02T16:40:35.933+0000] {logging_mixin.py:188} INFO - [2026-04-02T16:40:35.933+0000] {dag.py:3954} INFO - Setting next_dagrun for example_display_name to None, run_after=None
[2026-04-02T16:40:35.945+0000] {processor.py:183} INFO - Processing /home/airflow/.local/lib/python3.12/site-packages/airflow/example_dags/example_display_name.py took 0.045 seconds
[2026-04-02T16:41:06.930+0000] {processor.py:161} INFO - Started process (PID=2416) to work on /home/airflow/.local/lib/python3.12/site-packages/airflow/example_dags/example_display_name.py
[2026-04-02T16:41:06.932+0000] {processor.py:830} INFO - Processing file /home/airflow/.local/lib/python3.12/site-packages/airflow/example_dags/example_display_name.py for tasks to queue
[2026-04-02T16:41:06.934+0000] {logging_mixin.py:188} INFO - [2026-04-02T16:41:06.934+0000] {dagbag.py:540} INFO - Filling up the DagBag from /home/airflow/.local/lib/python3.12/site-packages/airflow/example_dags/example_display_name.py
[2026-04-02T16:41:06.937+0000] {processor.py:840} INFO - DAG(s) 'example_display_name' retrieved from /home/airflow/.local/lib/python3.12/site-packages/airflow/example_dags/example_display_name.py
[2026-04-02T16:41:06.952+0000] {logging_mixin.py:188} INFO - [2026-04-02T16:41:06.952+0000] {dag.py:3096} INFO - Sync 1 DAGs
[2026-04-02T16:41:06.958+0000] {logging_mixin.py:188} INFO - [2026-04-02T16:41:06.958+0000] {dag.py:3954} INFO - Setting next_dagrun for example_display_name to None, run_after=None
[2026-04-02T16:41:06.971+0000] {processor.py:183} INFO - Processing /home/airflow/.local/lib/python3.12/site-packages/airflow/example_dags/example_display_name.py took 0.044 seconds
[2026-04-02T16:41:37.779+0000] {processor.py:161} INFO - Started process (PID=2474) to work on /home/airflow/.local/lib/python3.12/site-packages/airflow/example_dags/example_display_name.py
[2026-04-02T16:41:37.780+0000] {processor.py:830} INFO - Processing file /home/airflow/.local/lib/python3.12/site-packages/airflow/example_dags/example_display_name.py for tasks to queue
[2026-04-02T16:41:37.781+0000] {logging_mixin.py:188} INFO - [2026-04-02T16:41:37.781+0000] {dagbag.py:540} INFO - Filling up the DagBag from /home/airflow/.local/lib/python3.12/site-packages/airflow/example_dags/example_display_name.py
[2026-04-02T16:41:37.787+0000] {processor.py:840} INFO - DAG(s) 'example_display_name' retrieved from /home/airflow/.local/lib/python3.12/site-packages/airflow/example_dags/example_display_name.py
[2026-04-02T16:41:37.815+0000] {logging_mixin.py:188} INFO - [2026-04-02T16:41:37.815+0000] {dag.py:3096} INFO - Sync 1 DAGs
[2026-04-02T16:41:37.822+0000] {logging_mixin.py:188} INFO - [2026-04-02T16:41:37.822+0000] {dag.py:3954} INFO - Setting next_dagrun for example_display_name to None, run_after=None
[2026-04-02T16:41:37.837+0000] {processor.py:183} INFO - Processing /home/airflow/.local/lib/python3.12/site-packages/airflow/example_dags/example_display_name.py took 0.061 seconds
[2026-04-02T16:42:08.769+0000] {processor.py:161} INFO - Started process (PID=2532) to work on /home/airflow/.local/lib/python3.12/site-packages/airflow/example_dags/example_display_name.py
[2026-04-02T16:42:08.772+0000] {processor.py:830} INFO - Processing file /home/airflow/.local/lib/python3.12/site-packages/airflow/example_dags/example_display_name.py for tasks to queue
[2026-04-02T16:42:08.773+0000] {logging_mixin.py:188} INFO - [2026-04-02T16:42:08.773+0000] {dagbag.py:540} INFO - Filling up the DagBag from /home/airflow/.local/lib/python3.12/site-packages/airflow/example_dags/example_display_name.py
[2026-04-02T16:42:08.777+0000] {processor.py:840} INFO - DAG(s) 'example_display_name' retrieved from /home/airflow/.local/lib/python3.12/site-packages/airflow/example_dags/example_display_name.py
[2026-04-02T16:42:08.796+0000] {logging_mixin.py:188} INFO - [2026-04-02T16:42:08.795+0000] {dag.py:3096} INFO - Sync 1 DAGs
[2026-04-02T16:42:08.802+0000] {logging_mixin.py:188} INFO - [2026-04-02T16:42:08.802+0000] {dag.py:3954} INFO - Setting next_dagrun for example_display_name to None, run_after=None
[2026-04-02T16:42:08.811+0000] {processor.py:183} INFO - Processing /home/airflow/.local/lib/python3.12/site-packages/airflow/example_dags/example_display_name.py took 0.046 seconds
[2026-04-02T16:42:39.686+0000] {processor.py:161} INFO - Started process (PID=2590) to work on /home/airflow/.local/lib/python3.12/site-packages/airflow/example_dags/example_display_name.py
[2026-04-02T16:42:39.687+0000] {processor.py:830} INFO - Processing file /home/airflow/.local/lib/python3.12/site-packages/airflow/example_dags/example_display_name.py for tasks to queue
[2026-04-02T16:42:39.688+0000] {logging_mixin.py:188} INFO - [2026-04-02T16:42:39.688+0000] {dagbag.py:540} INFO - Filling up the DagBag from /home/airflow/.local/lib/python3.12/site-packages/airflow/example_dags/example_display_name.py
[2026-04-02T16:42:39.692+0000] {processor.py:840} INFO - DAG(s) 'example_display_name' retrieved from /home/airflow/.local/lib/python3.12/site-packages/airflow/example_dags/example_display_name.py
[2026-04-02T16:42:39.710+0000] {logging_mixin.py:188} INFO - [2026-04-02T16:42:39.710+0000] {dag.py:3096} INFO - Sync 1 DAGs
[2026-04-02T16:42:39.719+0000] {logging_mixin.py:188} INFO - [2026-04-02T16:42:39.718+0000] {dag.py:3954} INFO - Setting next_dagrun for example_display_name to None, run_after=None
[2026-04-02T16:42:39.728+0000] {processor.py:183} INFO - Processing /home/airflow/.local/lib/python3.12/site-packages/airflow/example_dags/example_display_name.py took 0.045 seconds
