[2026-04-02T16:20:34.763+0000] {processor.py:161} INFO - Started process (PID=58) to work on /home/airflow/.local/lib/python3.12/site-packages/airflow/example_dags/example_sla_dag.py
[2026-04-02T16:20:34.764+0000] {processor.py:830} INFO - Processing file /home/airflow/.local/lib/python3.12/site-packages/airflow/example_dags/example_sla_dag.py for tasks to queue
[2026-04-02T16:20:34.765+0000] {logging_mixin.py:188} INFO - [2026-04-02T16:20:34.764+0000] {dagbag.py:540} INFO - Filling up the DagBag from /home/airflow/.local/lib/python3.12/site-packages/airflow/example_dags/example_sla_dag.py
[2026-04-02T16:20:34.771+0000] {processor.py:840} INFO - DAG(s) 'example_sla_dag' retrieved from /home/airflow/.local/lib/python3.12/site-packages/airflow/example_dags/example_sla_dag.py
[2026-04-02T16:20:34.781+0000] {logging_mixin.py:188} INFO - [2026-04-02T16:20:34.780+0000] {dag.py:3096} INFO - Sync 1 DAGs
[2026-04-02T16:20:34.794+0000] {logging_mixin.py:188} INFO - [2026-04-02T16:20:34.794+0000] {dag.py:3954} INFO - Setting next_dagrun for example_sla_dag to 2026-04-02 16:18:00+00:00, run_after=2026-04-02 16:20:00+00:00
[2026-04-02T16:20:34.802+0000] {processor.py:183} INFO - Processing /home/airflow/.local/lib/python3.12/site-packages/airflow/example_dags/example_sla_dag.py took 0.042 seconds
[2026-04-02T16:21:05.729+0000] {processor.py:161} INFO - Started process (PID=116) to work on /home/airflow/.local/lib/python3.12/site-packages/airflow/example_dags/example_sla_dag.py
[2026-04-02T16:21:05.730+0000] {processor.py:830} INFO - Processing file /home/airflow/.local/lib/python3.12/site-packages/airflow/example_dags/example_sla_dag.py for tasks to queue
[2026-04-02T16:21:05.731+0000] {logging_mixin.py:188} INFO - [2026-04-02T16:21:05.731+0000] {dagbag.py:540} INFO - Filling up the DagBag from /home/airflow/.local/lib/python3.12/site-packages/airflow/example_dags/example_sla_dag.py
[2026-04-02T16:21:05.736+0000] {processor.py:840} INFO - DAG(s) 'example_sla_dag' retrieved from /home/airflow/.local/lib/python3.12/site-packages/airflow/example_dags/example_sla_dag.py
[2026-04-02T16:21:05.785+0000] {logging_mixin.py:188} INFO - [2026-04-02T16:21:05.785+0000] {dag.py:3096} INFO - Sync 1 DAGs
[2026-04-02T16:21:05.795+0000] {logging_mixin.py:188} INFO - [2026-04-02T16:21:05.795+0000] {dag.py:3954} INFO - Setting next_dagrun for example_sla_dag to 2026-04-02 16:18:00+00:00, run_after=2026-04-02 16:20:00+00:00
[2026-04-02T16:21:05.804+0000] {processor.py:183} INFO - Processing /home/airflow/.local/lib/python3.12/site-packages/airflow/example_dags/example_sla_dag.py took 0.078 seconds
[2026-04-02T16:21:36.478+0000] {processor.py:161} INFO - Started process (PID=174) to work on /home/airflow/.local/lib/python3.12/site-packages/airflow/example_dags/example_sla_dag.py
[2026-04-02T16:21:36.478+0000] {processor.py:830} INFO - Processing file /home/airflow/.local/lib/python3.12/site-packages/airflow/example_dags/example_sla_dag.py for tasks to queue
[2026-04-02T16:21:36.479+0000] {logging_mixin.py:188} INFO - [2026-04-02T16:21:36.479+0000] {dagbag.py:540} INFO - Filling up the DagBag from /home/airflow/.local/lib/python3.12/site-packages/airflow/example_dags/example_sla_dag.py
[2026-04-02T16:21:36.484+0000] {processor.py:840} INFO - DAG(s) 'example_sla_dag' retrieved from /home/airflow/.local/lib/python3.12/site-packages/airflow/example_dags/example_sla_dag.py
[2026-04-02T16:21:36.496+0000] {logging_mixin.py:188} INFO - [2026-04-02T16:21:36.495+0000] {dag.py:3096} INFO - Sync 1 DAGs
[2026-04-02T16:21:36.508+0000] {logging_mixin.py:188} INFO - [2026-04-02T16:21:36.507+0000] {dag.py:3954} INFO - Setting next_dagrun for example_sla_dag to 2026-04-02 16:18:00+00:00, run_after=2026-04-02 16:20:00+00:00
[2026-04-02T16:21:36.516+0000] {processor.py:183} INFO - Processing /home/airflow/.local/lib/python3.12/site-packages/airflow/example_dags/example_sla_dag.py took 0.041 seconds
[2026-04-02T16:22:07.311+0000] {processor.py:161} INFO - Started process (PID=232) to work on /home/airflow/.local/lib/python3.12/site-packages/airflow/example_dags/example_sla_dag.py
[2026-04-02T16:22:07.312+0000] {processor.py:830} INFO - Processing file /home/airflow/.local/lib/python3.12/site-packages/airflow/example_dags/example_sla_dag.py for tasks to queue
[2026-04-02T16:22:07.313+0000] {logging_mixin.py:188} INFO - [2026-04-02T16:22:07.312+0000] {dagbag.py:540} INFO - Filling up the DagBag from /home/airflow/.local/lib/python3.12/site-packages/airflow/example_dags/example_sla_dag.py
[2026-04-02T16:22:07.317+0000] {processor.py:840} INFO - DAG(s) 'example_sla_dag' retrieved from /home/airflow/.local/lib/python3.12/site-packages/airflow/example_dags/example_sla_dag.py
[2026-04-02T16:22:07.327+0000] {logging_mixin.py:188} INFO - [2026-04-02T16:22:07.327+0000] {dag.py:3096} INFO - Sync 1 DAGs
[2026-04-02T16:22:07.338+0000] {logging_mixin.py:188} INFO - [2026-04-02T16:22:07.338+0000] {dag.py:3954} INFO - Setting next_dagrun for example_sla_dag to 2026-04-02 16:20:00+00:00, run_after=2026-04-02 16:22:00+00:00
[2026-04-02T16:22:07.346+0000] {processor.py:183} INFO - Processing /home/airflow/.local/lib/python3.12/site-packages/airflow/example_dags/example_sla_dag.py took 0.038 seconds
[2026-04-02T16:22:38.057+0000] {processor.py:161} INFO - Started process (PID=290) to work on /home/airflow/.local/lib/python3.12/site-packages/airflow/example_dags/example_sla_dag.py
[2026-04-02T16:22:38.058+0000] {processor.py:830} INFO - Processing file /home/airflow/.local/lib/python3.12/site-packages/airflow/example_dags/example_sla_dag.py for tasks to queue
[2026-04-02T16:22:38.058+0000] {logging_mixin.py:188} INFO - [2026-04-02T16:22:38.058+0000] {dagbag.py:540} INFO - Filling up the DagBag from /home/airflow/.local/lib/python3.12/site-packages/airflow/example_dags/example_sla_dag.py
[2026-04-02T16:22:38.062+0000] {processor.py:840} INFO - DAG(s) 'example_sla_dag' retrieved from /home/airflow/.local/lib/python3.12/site-packages/airflow/example_dags/example_sla_dag.py
[2026-04-02T16:22:38.074+0000] {logging_mixin.py:188} INFO - [2026-04-02T16:22:38.074+0000] {dag.py:3096} INFO - Sync 1 DAGs
[2026-04-02T16:22:38.085+0000] {logging_mixin.py:188} INFO - [2026-04-02T16:22:38.085+0000] {dag.py:3954} INFO - Setting next_dagrun for example_sla_dag to 2026-04-02 16:20:00+00:00, run_after=2026-04-02 16:22:00+00:00
[2026-04-02T16:22:38.093+0000] {processor.py:183} INFO - Processing /home/airflow/.local/lib/python3.12/site-packages/airflow/example_dags/example_sla_dag.py took 0.040 seconds
[2026-04-02T16:23:08.707+0000] {processor.py:161} INFO - Started process (PID=348) to work on /home/airflow/.local/lib/python3.12/site-packages/airflow/example_dags/example_sla_dag.py
[2026-04-02T16:23:08.707+0000] {processor.py:830} INFO - Processing file /home/airflow/.local/lib/python3.12/site-packages/airflow/example_dags/example_sla_dag.py for tasks to queue
[2026-04-02T16:23:08.708+0000] {logging_mixin.py:188} INFO - [2026-04-02T16:23:08.708+0000] {dagbag.py:540} INFO - Filling up the DagBag from /home/airflow/.local/lib/python3.12/site-packages/airflow/example_dags/example_sla_dag.py
[2026-04-02T16:23:08.712+0000] {processor.py:840} INFO - DAG(s) 'example_sla_dag' retrieved from /home/airflow/.local/lib/python3.12/site-packages/airflow/example_dags/example_sla_dag.py
[2026-04-02T16:23:08.724+0000] {logging_mixin.py:188} INFO - [2026-04-02T16:23:08.724+0000] {dag.py:3096} INFO - Sync 1 DAGs
[2026-04-02T16:23:08.736+0000] {logging_mixin.py:188} INFO - [2026-04-02T16:23:08.736+0000] {dag.py:3954} INFO - Setting next_dagrun for example_sla_dag to 2026-04-02 16:20:00+00:00, run_after=2026-04-02 16:22:00+00:00
[2026-04-02T16:23:08.745+0000] {processor.py:183} INFO - Processing /home/airflow/.local/lib/python3.12/site-packages/airflow/example_dags/example_sla_dag.py took 0.041 seconds
[2026-04-02T16:23:39.417+0000] {processor.py:161} INFO - Started process (PID=406) to work on /home/airflow/.local/lib/python3.12/site-packages/airflow/example_dags/example_sla_dag.py
[2026-04-02T16:23:39.417+0000] {processor.py:830} INFO - Processing file /home/airflow/.local/lib/python3.12/site-packages/airflow/example_dags/example_sla_dag.py for tasks to queue
[2026-04-02T16:23:39.418+0000] {logging_mixin.py:188} INFO - [2026-04-02T16:23:39.418+0000] {dagbag.py:540} INFO - Filling up the DagBag from /home/airflow/.local/lib/python3.12/site-packages/airflow/example_dags/example_sla_dag.py
[2026-04-02T16:23:39.423+0000] {processor.py:840} INFO - DAG(s) 'example_sla_dag' retrieved from /home/airflow/.local/lib/python3.12/site-packages/airflow/example_dags/example_sla_dag.py
[2026-04-02T16:23:39.435+0000] {logging_mixin.py:188} INFO - [2026-04-02T16:23:39.435+0000] {dag.py:3096} INFO - Sync 1 DAGs
[2026-04-02T16:23:39.447+0000] {logging_mixin.py:188} INFO - [2026-04-02T16:23:39.447+0000] {dag.py:3954} INFO - Setting next_dagrun for example_sla_dag to 2026-04-02 16:20:00+00:00, run_after=2026-04-02 16:22:00+00:00
[2026-04-02T16:23:39.456+0000] {processor.py:183} INFO - Processing /home/airflow/.local/lib/python3.12/site-packages/airflow/example_dags/example_sla_dag.py took 0.043 seconds
[2026-04-02T16:24:10.080+0000] {processor.py:161} INFO - Started process (PID=464) to work on /home/airflow/.local/lib/python3.12/site-packages/airflow/example_dags/example_sla_dag.py
[2026-04-02T16:24:10.080+0000] {processor.py:830} INFO - Processing file /home/airflow/.local/lib/python3.12/site-packages/airflow/example_dags/example_sla_dag.py for tasks to queue
[2026-04-02T16:24:10.081+0000] {logging_mixin.py:188} INFO - [2026-04-02T16:24:10.081+0000] {dagbag.py:540} INFO - Filling up the DagBag from /home/airflow/.local/lib/python3.12/site-packages/airflow/example_dags/example_sla_dag.py
[2026-04-02T16:24:10.086+0000] {processor.py:840} INFO - DAG(s) 'example_sla_dag' retrieved from /home/airflow/.local/lib/python3.12/site-packages/airflow/example_dags/example_sla_dag.py
[2026-04-02T16:24:10.094+0000] {logging_mixin.py:188} INFO - [2026-04-02T16:24:10.094+0000] {dag.py:3096} INFO - Sync 1 DAGs
[2026-04-02T16:24:10.108+0000] {logging_mixin.py:188} INFO - [2026-04-02T16:24:10.108+0000] {dag.py:3954} INFO - Setting next_dagrun for example_sla_dag to 2026-04-02 16:22:00+00:00, run_after=2026-04-02 16:24:00+00:00
[2026-04-02T16:24:10.117+0000] {processor.py:183} INFO - Processing /home/airflow/.local/lib/python3.12/site-packages/airflow/example_dags/example_sla_dag.py took 0.040 seconds
[2026-04-02T16:24:40.587+0000] {processor.py:161} INFO - Started process (PID=522) to work on /home/airflow/.local/lib/python3.12/site-packages/airflow/example_dags/example_sla_dag.py
[2026-04-02T16:24:40.587+0000] {processor.py:830} INFO - Processing file /home/airflow/.local/lib/python3.12/site-packages/airflow/example_dags/example_sla_dag.py for tasks to queue
[2026-04-02T16:24:40.588+0000] {logging_mixin.py:188} INFO - [2026-04-02T16:24:40.588+0000] {dagbag.py:540} INFO - Filling up the DagBag from /home/airflow/.local/lib/python3.12/site-packages/airflow/example_dags/example_sla_dag.py
[2026-04-02T16:24:40.592+0000] {processor.py:840} INFO - DAG(s) 'example_sla_dag' retrieved from /home/airflow/.local/lib/python3.12/site-packages/airflow/example_dags/example_sla_dag.py
[2026-04-02T16:24:40.600+0000] {logging_mixin.py:188} INFO - [2026-04-02T16:24:40.600+0000] {dag.py:3096} INFO - Sync 1 DAGs
[2026-04-02T16:24:40.612+0000] {logging_mixin.py:188} INFO - [2026-04-02T16:24:40.612+0000] {dag.py:3954} INFO - Setting next_dagrun for example_sla_dag to 2026-04-02 16:22:00+00:00, run_after=2026-04-02 16:24:00+00:00
[2026-04-02T16:24:40.620+0000] {processor.py:183} INFO - Processing /home/airflow/.local/lib/python3.12/site-packages/airflow/example_dags/example_sla_dag.py took 0.036 seconds
[2026-04-02T16:25:11.517+0000] {processor.py:161} INFO - Started process (PID=580) to work on /home/airflow/.local/lib/python3.12/site-packages/airflow/example_dags/example_sla_dag.py
[2026-04-02T16:25:11.517+0000] {processor.py:830} INFO - Processing file /home/airflow/.local/lib/python3.12/site-packages/airflow/example_dags/example_sla_dag.py for tasks to queue
[2026-04-02T16:25:11.518+0000] {logging_mixin.py:188} INFO - [2026-04-02T16:25:11.518+0000] {dagbag.py:540} INFO - Filling up the DagBag from /home/airflow/.local/lib/python3.12/site-packages/airflow/example_dags/example_sla_dag.py
[2026-04-02T16:25:11.523+0000] {processor.py:840} INFO - DAG(s) 'example_sla_dag' retrieved from /home/airflow/.local/lib/python3.12/site-packages/airflow/example_dags/example_sla_dag.py
[2026-04-02T16:25:11.579+0000] {logging_mixin.py:188} INFO - [2026-04-02T16:25:11.579+0000] {dag.py:3096} INFO - Sync 1 DAGs
[2026-04-02T16:25:11.590+0000] {logging_mixin.py:188} INFO - [2026-04-02T16:25:11.589+0000] {dag.py:3954} INFO - Setting next_dagrun for example_sla_dag to 2026-04-02 16:22:00+00:00, run_after=2026-04-02 16:24:00+00:00
[2026-04-02T16:25:11.694+0000] {processor.py:183} INFO - Processing /home/airflow/.local/lib/python3.12/site-packages/airflow/example_dags/example_sla_dag.py took 0.181 seconds
[2026-04-02T16:25:41.763+0000] {processor.py:161} INFO - Started process (PID=638) to work on /home/airflow/.local/lib/python3.12/site-packages/airflow/example_dags/example_sla_dag.py
[2026-04-02T16:25:41.763+0000] {processor.py:830} INFO - Processing file /home/airflow/.local/lib/python3.12/site-packages/airflow/example_dags/example_sla_dag.py for tasks to queue
[2026-04-02T16:25:41.764+0000] {logging_mixin.py:188} INFO - [2026-04-02T16:25:41.764+0000] {dagbag.py:540} INFO - Filling up the DagBag from /home/airflow/.local/lib/python3.12/site-packages/airflow/example_dags/example_sla_dag.py
[2026-04-02T16:25:41.769+0000] {processor.py:840} INFO - DAG(s) 'example_sla_dag' retrieved from /home/airflow/.local/lib/python3.12/site-packages/airflow/example_dags/example_sla_dag.py
[2026-04-02T16:25:41.781+0000] {logging_mixin.py:188} INFO - [2026-04-02T16:25:41.781+0000] {dag.py:3096} INFO - Sync 1 DAGs
[2026-04-02T16:25:41.794+0000] {logging_mixin.py:188} INFO - [2026-04-02T16:25:41.794+0000] {dag.py:3954} INFO - Setting next_dagrun for example_sla_dag to 2026-04-02 16:22:00+00:00, run_after=2026-04-02 16:24:00+00:00
[2026-04-02T16:25:41.805+0000] {processor.py:183} INFO - Processing /home/airflow/.local/lib/python3.12/site-packages/airflow/example_dags/example_sla_dag.py took 0.045 seconds
[2026-04-02T16:26:11.908+0000] {processor.py:161} INFO - Started process (PID=696) to work on /home/airflow/.local/lib/python3.12/site-packages/airflow/example_dags/example_sla_dag.py
[2026-04-02T16:26:11.909+0000] {processor.py:830} INFO - Processing file /home/airflow/.local/lib/python3.12/site-packages/airflow/example_dags/example_sla_dag.py for tasks to queue
[2026-04-02T16:26:11.910+0000] {logging_mixin.py:188} INFO - [2026-04-02T16:26:11.910+0000] {dagbag.py:540} INFO - Filling up the DagBag from /home/airflow/.local/lib/python3.12/site-packages/airflow/example_dags/example_sla_dag.py
[2026-04-02T16:26:11.916+0000] {processor.py:840} INFO - DAG(s) 'example_sla_dag' retrieved from /home/airflow/.local/lib/python3.12/site-packages/airflow/example_dags/example_sla_dag.py
[2026-04-02T16:26:11.928+0000] {logging_mixin.py:188} INFO - [2026-04-02T16:26:11.928+0000] {dag.py:3096} INFO - Sync 1 DAGs
[2026-04-02T16:26:11.942+0000] {logging_mixin.py:188} INFO - [2026-04-02T16:26:11.942+0000] {dag.py:3954} INFO - Setting next_dagrun for example_sla_dag to 2026-04-02 16:24:00+00:00, run_after=2026-04-02 16:26:00+00:00
[2026-04-02T16:26:11.952+0000] {processor.py:183} INFO - Processing /home/airflow/.local/lib/python3.12/site-packages/airflow/example_dags/example_sla_dag.py took 0.048 seconds
[2026-04-02T16:26:42.106+0000] {processor.py:161} INFO - Started process (PID=754) to work on /home/airflow/.local/lib/python3.12/site-packages/airflow/example_dags/example_sla_dag.py
[2026-04-02T16:26:42.106+0000] {processor.py:830} INFO - Processing file /home/airflow/.local/lib/python3.12/site-packages/airflow/example_dags/example_sla_dag.py for tasks to queue
[2026-04-02T16:26:42.107+0000] {logging_mixin.py:188} INFO - [2026-04-02T16:26:42.107+0000] {dagbag.py:540} INFO - Filling up the DagBag from /home/airflow/.local/lib/python3.12/site-packages/airflow/example_dags/example_sla_dag.py
[2026-04-02T16:26:42.112+0000] {processor.py:840} INFO - DAG(s) 'example_sla_dag' retrieved from /home/airflow/.local/lib/python3.12/site-packages/airflow/example_dags/example_sla_dag.py
[2026-04-02T16:26:42.123+0000] {logging_mixin.py:188} INFO - [2026-04-02T16:26:42.122+0000] {dag.py:3096} INFO - Sync 1 DAGs
[2026-04-02T16:26:42.133+0000] {logging_mixin.py:188} INFO - [2026-04-02T16:26:42.133+0000] {dag.py:3954} INFO - Setting next_dagrun for example_sla_dag to 2026-04-02 16:24:00+00:00, run_after=2026-04-02 16:26:00+00:00
[2026-04-02T16:26:42.141+0000] {processor.py:183} INFO - Processing /home/airflow/.local/lib/python3.12/site-packages/airflow/example_dags/example_sla_dag.py took 0.038 seconds
[2026-04-02T16:27:12.382+0000] {processor.py:161} INFO - Started process (PID=812) to work on /home/airflow/.local/lib/python3.12/site-packages/airflow/example_dags/example_sla_dag.py
[2026-04-02T16:27:12.383+0000] {processor.py:830} INFO - Processing file /home/airflow/.local/lib/python3.12/site-packages/airflow/example_dags/example_sla_dag.py for tasks to queue
[2026-04-02T16:27:12.384+0000] {logging_mixin.py:188} INFO - [2026-04-02T16:27:12.384+0000] {dagbag.py:540} INFO - Filling up the DagBag from /home/airflow/.local/lib/python3.12/site-packages/airflow/example_dags/example_sla_dag.py
[2026-04-02T16:27:12.388+0000] {processor.py:840} INFO - DAG(s) 'example_sla_dag' retrieved from /home/airflow/.local/lib/python3.12/site-packages/airflow/example_dags/example_sla_dag.py
[2026-04-02T16:27:12.402+0000] {logging_mixin.py:188} INFO - [2026-04-02T16:27:12.402+0000] {dag.py:3096} INFO - Sync 1 DAGs
[2026-04-02T16:27:12.414+0000] {logging_mixin.py:188} INFO - [2026-04-02T16:27:12.414+0000] {dag.py:3954} INFO - Setting next_dagrun for example_sla_dag to 2026-04-02 16:24:00+00:00, run_after=2026-04-02 16:26:00+00:00
[2026-04-02T16:27:12.423+0000] {processor.py:183} INFO - Processing /home/airflow/.local/lib/python3.12/site-packages/airflow/example_dags/example_sla_dag.py took 0.045 seconds
[2026-04-02T16:27:42.827+0000] {processor.py:161} INFO - Started process (PID=870) to work on /home/airflow/.local/lib/python3.12/site-packages/airflow/example_dags/example_sla_dag.py
[2026-04-02T16:27:42.828+0000] {processor.py:830} INFO - Processing file /home/airflow/.local/lib/python3.12/site-packages/airflow/example_dags/example_sla_dag.py for tasks to queue
[2026-04-02T16:27:42.829+0000] {logging_mixin.py:188} INFO - [2026-04-02T16:27:42.829+0000] {dagbag.py:540} INFO - Filling up the DagBag from /home/airflow/.local/lib/python3.12/site-packages/airflow/example_dags/example_sla_dag.py
[2026-04-02T16:27:42.834+0000] {processor.py:840} INFO - DAG(s) 'example_sla_dag' retrieved from /home/airflow/.local/lib/python3.12/site-packages/airflow/example_dags/example_sla_dag.py
[2026-04-02T16:27:42.845+0000] {logging_mixin.py:188} INFO - [2026-04-02T16:27:42.845+0000] {dag.py:3096} INFO - Sync 1 DAGs
[2026-04-02T16:27:42.861+0000] {logging_mixin.py:188} INFO - [2026-04-02T16:27:42.861+0000] {dag.py:3954} INFO - Setting next_dagrun for example_sla_dag to 2026-04-02 16:24:00+00:00, run_after=2026-04-02 16:26:00+00:00
[2026-04-02T16:27:42.872+0000] {processor.py:183} INFO - Processing /home/airflow/.local/lib/python3.12/site-packages/airflow/example_dags/example_sla_dag.py took 0.048 seconds
[2026-04-02T16:28:13.617+0000] {processor.py:161} INFO - Started process (PID=928) to work on /home/airflow/.local/lib/python3.12/site-packages/airflow/example_dags/example_sla_dag.py
[2026-04-02T16:28:13.617+0000] {processor.py:830} INFO - Processing file /home/airflow/.local/lib/python3.12/site-packages/airflow/example_dags/example_sla_dag.py for tasks to queue
[2026-04-02T16:28:13.618+0000] {logging_mixin.py:188} INFO - [2026-04-02T16:28:13.618+0000] {dagbag.py:540} INFO - Filling up the DagBag from /home/airflow/.local/lib/python3.12/site-packages/airflow/example_dags/example_sla_dag.py
[2026-04-02T16:28:13.623+0000] {processor.py:840} INFO - DAG(s) 'example_sla_dag' retrieved from /home/airflow/.local/lib/python3.12/site-packages/airflow/example_dags/example_sla_dag.py
[2026-04-02T16:28:13.630+0000] {logging_mixin.py:188} INFO - [2026-04-02T16:28:13.630+0000] {dag.py:3096} INFO - Sync 1 DAGs
[2026-04-02T16:28:13.641+0000] {logging_mixin.py:188} INFO - [2026-04-02T16:28:13.641+0000] {dag.py:3954} INFO - Setting next_dagrun for example_sla_dag to 2026-04-02 16:26:00+00:00, run_after=2026-04-02 16:28:00+00:00
[2026-04-02T16:28:13.648+0000] {processor.py:183} INFO - Processing /home/airflow/.local/lib/python3.12/site-packages/airflow/example_dags/example_sla_dag.py took 0.034 seconds
[2026-04-02T16:28:45.589+0000] {processor.py:161} INFO - Started process (PID=986) to work on /home/airflow/.local/lib/python3.12/site-packages/airflow/example_dags/example_sla_dag.py
[2026-04-02T16:28:45.590+0000] {processor.py:830} INFO - Processing file /home/airflow/.local/lib/python3.12/site-packages/airflow/example_dags/example_sla_dag.py for tasks to queue
[2026-04-02T16:28:45.591+0000] {logging_mixin.py:188} INFO - [2026-04-02T16:28:45.591+0000] {dagbag.py:540} INFO - Filling up the DagBag from /home/airflow/.local/lib/python3.12/site-packages/airflow/example_dags/example_sla_dag.py
[2026-04-02T16:28:45.597+0000] {processor.py:840} INFO - DAG(s) 'example_sla_dag' retrieved from /home/airflow/.local/lib/python3.12/site-packages/airflow/example_dags/example_sla_dag.py
[2026-04-02T16:28:45.652+0000] {logging_mixin.py:188} INFO - [2026-04-02T16:28:45.652+0000] {dag.py:3096} INFO - Sync 1 DAGs
[2026-04-02T16:28:45.779+0000] {logging_mixin.py:188} INFO - [2026-04-02T16:28:45.779+0000] {dag.py:3954} INFO - Setting next_dagrun for example_sla_dag to 2026-04-02 16:26:00+00:00, run_after=2026-04-02 16:28:00+00:00
[2026-04-02T16:28:45.787+0000] {processor.py:183} INFO - Processing /home/airflow/.local/lib/python3.12/site-packages/airflow/example_dags/example_sla_dag.py took 0.203 seconds
[2026-04-02T16:29:16.316+0000] {processor.py:161} INFO - Started process (PID=1044) to work on /home/airflow/.local/lib/python3.12/site-packages/airflow/example_dags/example_sla_dag.py
[2026-04-02T16:29:16.316+0000] {processor.py:830} INFO - Processing file /home/airflow/.local/lib/python3.12/site-packages/airflow/example_dags/example_sla_dag.py for tasks to queue
[2026-04-02T16:29:16.317+0000] {logging_mixin.py:188} INFO - [2026-04-02T16:29:16.317+0000] {dagbag.py:540} INFO - Filling up the DagBag from /home/airflow/.local/lib/python3.12/site-packages/airflow/example_dags/example_sla_dag.py
[2026-04-02T16:29:16.322+0000] {processor.py:840} INFO - DAG(s) 'example_sla_dag' retrieved from /home/airflow/.local/lib/python3.12/site-packages/airflow/example_dags/example_sla_dag.py
[2026-04-02T16:29:16.338+0000] {logging_mixin.py:188} INFO - [2026-04-02T16:29:16.338+0000] {dag.py:3096} INFO - Sync 1 DAGs
[2026-04-02T16:29:16.454+0000] {logging_mixin.py:188} INFO - [2026-04-02T16:29:16.454+0000] {dag.py:3954} INFO - Setting next_dagrun for example_sla_dag to 2026-04-02 16:26:00+00:00, run_after=2026-04-02 16:28:00+00:00
[2026-04-02T16:29:16.468+0000] {processor.py:183} INFO - Processing /home/airflow/.local/lib/python3.12/site-packages/airflow/example_dags/example_sla_dag.py took 0.156 seconds
[2026-04-02T16:29:47.334+0000] {processor.py:161} INFO - Started process (PID=1102) to work on /home/airflow/.local/lib/python3.12/site-packages/airflow/example_dags/example_sla_dag.py
[2026-04-02T16:29:47.335+0000] {processor.py:830} INFO - Processing file /home/airflow/.local/lib/python3.12/site-packages/airflow/example_dags/example_sla_dag.py for tasks to queue
[2026-04-02T16:29:47.336+0000] {logging_mixin.py:188} INFO - [2026-04-02T16:29:47.336+0000] {dagbag.py:540} INFO - Filling up the DagBag from /home/airflow/.local/lib/python3.12/site-packages/airflow/example_dags/example_sla_dag.py
[2026-04-02T16:29:47.341+0000] {processor.py:840} INFO - DAG(s) 'example_sla_dag' retrieved from /home/airflow/.local/lib/python3.12/site-packages/airflow/example_dags/example_sla_dag.py
[2026-04-02T16:29:47.356+0000] {logging_mixin.py:188} INFO - [2026-04-02T16:29:47.356+0000] {dag.py:3096} INFO - Sync 1 DAGs
[2026-04-02T16:29:47.369+0000] {logging_mixin.py:188} INFO - [2026-04-02T16:29:47.369+0000] {dag.py:3954} INFO - Setting next_dagrun for example_sla_dag to 2026-04-02 16:26:00+00:00, run_after=2026-04-02 16:28:00+00:00
[2026-04-02T16:29:47.494+0000] {processor.py:183} INFO - Processing /home/airflow/.local/lib/python3.12/site-packages/airflow/example_dags/example_sla_dag.py took 0.164 seconds
[2026-04-02T16:30:18.329+0000] {processor.py:161} INFO - Started process (PID=1160) to work on /home/airflow/.local/lib/python3.12/site-packages/airflow/example_dags/example_sla_dag.py
[2026-04-02T16:30:18.329+0000] {processor.py:830} INFO - Processing file /home/airflow/.local/lib/python3.12/site-packages/airflow/example_dags/example_sla_dag.py for tasks to queue
[2026-04-02T16:30:18.330+0000] {logging_mixin.py:188} INFO - [2026-04-02T16:30:18.330+0000] {dagbag.py:540} INFO - Filling up the DagBag from /home/airflow/.local/lib/python3.12/site-packages/airflow/example_dags/example_sla_dag.py
[2026-04-02T16:30:18.338+0000] {processor.py:840} INFO - DAG(s) 'example_sla_dag' retrieved from /home/airflow/.local/lib/python3.12/site-packages/airflow/example_dags/example_sla_dag.py
[2026-04-02T16:30:18.352+0000] {logging_mixin.py:188} INFO - [2026-04-02T16:30:18.352+0000] {dag.py:3096} INFO - Sync 1 DAGs
[2026-04-02T16:30:18.364+0000] {logging_mixin.py:188} INFO - [2026-04-02T16:30:18.364+0000] {dag.py:3954} INFO - Setting next_dagrun for example_sla_dag to 2026-04-02 16:28:00+00:00, run_after=2026-04-02 16:30:00+00:00
[2026-04-02T16:30:18.375+0000] {processor.py:183} INFO - Processing /home/airflow/.local/lib/python3.12/site-packages/airflow/example_dags/example_sla_dag.py took 0.050 seconds
[2026-04-02T16:30:48.720+0000] {processor.py:161} INFO - Started process (PID=1218) to work on /home/airflow/.local/lib/python3.12/site-packages/airflow/example_dags/example_sla_dag.py
[2026-04-02T16:30:48.721+0000] {processor.py:830} INFO - Processing file /home/airflow/.local/lib/python3.12/site-packages/airflow/example_dags/example_sla_dag.py for tasks to queue
[2026-04-02T16:30:48.722+0000] {logging_mixin.py:188} INFO - [2026-04-02T16:30:48.722+0000] {dagbag.py:540} INFO - Filling up the DagBag from /home/airflow/.local/lib/python3.12/site-packages/airflow/example_dags/example_sla_dag.py
[2026-04-02T16:30:48.726+0000] {processor.py:840} INFO - DAG(s) 'example_sla_dag' retrieved from /home/airflow/.local/lib/python3.12/site-packages/airflow/example_dags/example_sla_dag.py
[2026-04-02T16:30:48.738+0000] {logging_mixin.py:188} INFO - [2026-04-02T16:30:48.738+0000] {dag.py:3096} INFO - Sync 1 DAGs
[2026-04-02T16:30:48.753+0000] {logging_mixin.py:188} INFO - [2026-04-02T16:30:48.753+0000] {dag.py:3954} INFO - Setting next_dagrun for example_sla_dag to 2026-04-02 16:28:00+00:00, run_after=2026-04-02 16:30:00+00:00
[2026-04-02T16:30:48.771+0000] {processor.py:183} INFO - Processing /home/airflow/.local/lib/python3.12/site-packages/airflow/example_dags/example_sla_dag.py took 0.054 seconds
[2026-04-02T16:31:19.342+0000] {processor.py:161} INFO - Started process (PID=1276) to work on /home/airflow/.local/lib/python3.12/site-packages/airflow/example_dags/example_sla_dag.py
[2026-04-02T16:31:19.342+0000] {processor.py:830} INFO - Processing file /home/airflow/.local/lib/python3.12/site-packages/airflow/example_dags/example_sla_dag.py for tasks to queue
[2026-04-02T16:31:19.343+0000] {logging_mixin.py:188} INFO - [2026-04-02T16:31:19.343+0000] {dagbag.py:540} INFO - Filling up the DagBag from /home/airflow/.local/lib/python3.12/site-packages/airflow/example_dags/example_sla_dag.py
[2026-04-02T16:31:19.347+0000] {processor.py:840} INFO - DAG(s) 'example_sla_dag' retrieved from /home/airflow/.local/lib/python3.12/site-packages/airflow/example_dags/example_sla_dag.py
[2026-04-02T16:31:19.358+0000] {logging_mixin.py:188} INFO - [2026-04-02T16:31:19.358+0000] {dag.py:3096} INFO - Sync 1 DAGs
[2026-04-02T16:31:19.368+0000] {logging_mixin.py:188} INFO - [2026-04-02T16:31:19.368+0000] {dag.py:3954} INFO - Setting next_dagrun for example_sla_dag to 2026-04-02 16:28:00+00:00, run_after=2026-04-02 16:30:00+00:00
[2026-04-02T16:31:19.376+0000] {processor.py:183} INFO - Processing /home/airflow/.local/lib/python3.12/site-packages/airflow/example_dags/example_sla_dag.py took 0.038 seconds
[2026-04-02T16:31:49.985+0000] {processor.py:161} INFO - Started process (PID=1334) to work on /home/airflow/.local/lib/python3.12/site-packages/airflow/example_dags/example_sla_dag.py
[2026-04-02T16:31:49.985+0000] {processor.py:830} INFO - Processing file /home/airflow/.local/lib/python3.12/site-packages/airflow/example_dags/example_sla_dag.py for tasks to queue
[2026-04-02T16:31:49.986+0000] {logging_mixin.py:188} INFO - [2026-04-02T16:31:49.986+0000] {dagbag.py:540} INFO - Filling up the DagBag from /home/airflow/.local/lib/python3.12/site-packages/airflow/example_dags/example_sla_dag.py
[2026-04-02T16:31:49.991+0000] {processor.py:840} INFO - DAG(s) 'example_sla_dag' retrieved from /home/airflow/.local/lib/python3.12/site-packages/airflow/example_dags/example_sla_dag.py
[2026-04-02T16:31:50.003+0000] {logging_mixin.py:188} INFO - [2026-04-02T16:31:50.003+0000] {dag.py:3096} INFO - Sync 1 DAGs
[2026-04-02T16:31:50.016+0000] {logging_mixin.py:188} INFO - [2026-04-02T16:31:50.015+0000] {dag.py:3954} INFO - Setting next_dagrun for example_sla_dag to 2026-04-02 16:28:00+00:00, run_after=2026-04-02 16:30:00+00:00
[2026-04-02T16:31:50.024+0000] {processor.py:183} INFO - Processing /home/airflow/.local/lib/python3.12/site-packages/airflow/example_dags/example_sla_dag.py took 0.043 seconds
[2026-04-02T16:32:20.789+0000] {processor.py:161} INFO - Started process (PID=1392) to work on /home/airflow/.local/lib/python3.12/site-packages/airflow/example_dags/example_sla_dag.py
[2026-04-02T16:32:20.790+0000] {processor.py:830} INFO - Processing file /home/airflow/.local/lib/python3.12/site-packages/airflow/example_dags/example_sla_dag.py for tasks to queue
[2026-04-02T16:32:20.791+0000] {logging_mixin.py:188} INFO - [2026-04-02T16:32:20.790+0000] {dagbag.py:540} INFO - Filling up the DagBag from /home/airflow/.local/lib/python3.12/site-packages/airflow/example_dags/example_sla_dag.py
[2026-04-02T16:32:20.795+0000] {processor.py:840} INFO - DAG(s) 'example_sla_dag' retrieved from /home/airflow/.local/lib/python3.12/site-packages/airflow/example_dags/example_sla_dag.py
[2026-04-02T16:32:20.808+0000] {logging_mixin.py:188} INFO - [2026-04-02T16:32:20.808+0000] {dag.py:3096} INFO - Sync 1 DAGs
[2026-04-02T16:32:20.820+0000] {logging_mixin.py:188} INFO - [2026-04-02T16:32:20.820+0000] {dag.py:3954} INFO - Setting next_dagrun for example_sla_dag to 2026-04-02 16:30:00+00:00, run_after=2026-04-02 16:32:00+00:00
[2026-04-02T16:32:20.829+0000] {processor.py:183} INFO - Processing /home/airflow/.local/lib/python3.12/site-packages/airflow/example_dags/example_sla_dag.py took 0.043 seconds
[2026-04-02T16:32:51.382+0000] {processor.py:161} INFO - Started process (PID=1450) to work on /home/airflow/.local/lib/python3.12/site-packages/airflow/example_dags/example_sla_dag.py
[2026-04-02T16:32:51.382+0000] {processor.py:830} INFO - Processing file /home/airflow/.local/lib/python3.12/site-packages/airflow/example_dags/example_sla_dag.py for tasks to queue
[2026-04-02T16:32:51.383+0000] {logging_mixin.py:188} INFO - [2026-04-02T16:32:51.383+0000] {dagbag.py:540} INFO - Filling up the DagBag from /home/airflow/.local/lib/python3.12/site-packages/airflow/example_dags/example_sla_dag.py
[2026-04-02T16:32:51.388+0000] {processor.py:840} INFO - DAG(s) 'example_sla_dag' retrieved from /home/airflow/.local/lib/python3.12/site-packages/airflow/example_dags/example_sla_dag.py
[2026-04-02T16:32:51.400+0000] {logging_mixin.py:188} INFO - [2026-04-02T16:32:51.400+0000] {dag.py:3096} INFO - Sync 1 DAGs
[2026-04-02T16:32:51.412+0000] {logging_mixin.py:188} INFO - [2026-04-02T16:32:51.411+0000] {dag.py:3954} INFO - Setting next_dagrun for example_sla_dag to 2026-04-02 16:30:00+00:00, run_after=2026-04-02 16:32:00+00:00
[2026-04-02T16:32:51.420+0000] {processor.py:183} INFO - Processing /home/airflow/.local/lib/python3.12/site-packages/airflow/example_dags/example_sla_dag.py took 0.042 seconds
[2026-04-02T16:33:21.922+0000] {processor.py:161} INFO - Started process (PID=1508) to work on /home/airflow/.local/lib/python3.12/site-packages/airflow/example_dags/example_sla_dag.py
[2026-04-02T16:33:21.923+0000] {processor.py:830} INFO - Processing file /home/airflow/.local/lib/python3.12/site-packages/airflow/example_dags/example_sla_dag.py for tasks to queue
[2026-04-02T16:33:21.924+0000] {logging_mixin.py:188} INFO - [2026-04-02T16:33:21.924+0000] {dagbag.py:540} INFO - Filling up the DagBag from /home/airflow/.local/lib/python3.12/site-packages/airflow/example_dags/example_sla_dag.py
[2026-04-02T16:33:21.928+0000] {processor.py:840} INFO - DAG(s) 'example_sla_dag' retrieved from /home/airflow/.local/lib/python3.12/site-packages/airflow/example_dags/example_sla_dag.py
[2026-04-02T16:33:21.939+0000] {logging_mixin.py:188} INFO - [2026-04-02T16:33:21.939+0000] {dag.py:3096} INFO - Sync 1 DAGs
[2026-04-02T16:33:21.951+0000] {logging_mixin.py:188} INFO - [2026-04-02T16:33:21.951+0000] {dag.py:3954} INFO - Setting next_dagrun for example_sla_dag to 2026-04-02 16:30:00+00:00, run_after=2026-04-02 16:32:00+00:00
[2026-04-02T16:33:21.960+0000] {processor.py:183} INFO - Processing /home/airflow/.local/lib/python3.12/site-packages/airflow/example_dags/example_sla_dag.py took 0.041 seconds
[2026-04-02T16:33:52.564+0000] {processor.py:161} INFO - Started process (PID=1566) to work on /home/airflow/.local/lib/python3.12/site-packages/airflow/example_dags/example_sla_dag.py
[2026-04-02T16:33:52.565+0000] {processor.py:830} INFO - Processing file /home/airflow/.local/lib/python3.12/site-packages/airflow/example_dags/example_sla_dag.py for tasks to queue
[2026-04-02T16:33:52.566+0000] {logging_mixin.py:188} INFO - [2026-04-02T16:33:52.566+0000] {dagbag.py:540} INFO - Filling up the DagBag from /home/airflow/.local/lib/python3.12/site-packages/airflow/example_dags/example_sla_dag.py
[2026-04-02T16:33:52.570+0000] {processor.py:840} INFO - DAG(s) 'example_sla_dag' retrieved from /home/airflow/.local/lib/python3.12/site-packages/airflow/example_dags/example_sla_dag.py
[2026-04-02T16:33:52.583+0000] {logging_mixin.py:188} INFO - [2026-04-02T16:33:52.583+0000] {dag.py:3096} INFO - Sync 1 DAGs
[2026-04-02T16:33:52.596+0000] {logging_mixin.py:188} INFO - [2026-04-02T16:33:52.596+0000] {dag.py:3954} INFO - Setting next_dagrun for example_sla_dag to 2026-04-02 16:30:00+00:00, run_after=2026-04-02 16:32:00+00:00
[2026-04-02T16:33:52.604+0000] {processor.py:183} INFO - Processing /home/airflow/.local/lib/python3.12/site-packages/airflow/example_dags/example_sla_dag.py took 0.044 seconds
[2026-04-02T16:34:23.282+0000] {processor.py:161} INFO - Started process (PID=1624) to work on /home/airflow/.local/lib/python3.12/site-packages/airflow/example_dags/example_sla_dag.py
[2026-04-02T16:34:23.282+0000] {processor.py:830} INFO - Processing file /home/airflow/.local/lib/python3.12/site-packages/airflow/example_dags/example_sla_dag.py for tasks to queue
[2026-04-02T16:34:23.283+0000] {logging_mixin.py:188} INFO - [2026-04-02T16:34:23.283+0000] {dagbag.py:540} INFO - Filling up the DagBag from /home/airflow/.local/lib/python3.12/site-packages/airflow/example_dags/example_sla_dag.py
[2026-04-02T16:34:23.287+0000] {processor.py:840} INFO - DAG(s) 'example_sla_dag' retrieved from /home/airflow/.local/lib/python3.12/site-packages/airflow/example_dags/example_sla_dag.py
[2026-04-02T16:34:23.300+0000] {logging_mixin.py:188} INFO - [2026-04-02T16:34:23.300+0000] {dag.py:3096} INFO - Sync 1 DAGs
[2026-04-02T16:34:23.312+0000] {logging_mixin.py:188} INFO - [2026-04-02T16:34:23.312+0000] {dag.py:3954} INFO - Setting next_dagrun for example_sla_dag to 2026-04-02 16:32:00+00:00, run_after=2026-04-02 16:34:00+00:00
[2026-04-02T16:34:23.322+0000] {processor.py:183} INFO - Processing /home/airflow/.local/lib/python3.12/site-packages/airflow/example_dags/example_sla_dag.py took 0.044 seconds
[2026-04-02T16:34:53.920+0000] {processor.py:161} INFO - Started process (PID=1682) to work on /home/airflow/.local/lib/python3.12/site-packages/airflow/example_dags/example_sla_dag.py
[2026-04-02T16:34:53.920+0000] {processor.py:830} INFO - Processing file /home/airflow/.local/lib/python3.12/site-packages/airflow/example_dags/example_sla_dag.py for tasks to queue
[2026-04-02T16:34:53.921+0000] {logging_mixin.py:188} INFO - [2026-04-02T16:34:53.921+0000] {dagbag.py:540} INFO - Filling up the DagBag from /home/airflow/.local/lib/python3.12/site-packages/airflow/example_dags/example_sla_dag.py
[2026-04-02T16:34:53.926+0000] {processor.py:840} INFO - DAG(s) 'example_sla_dag' retrieved from /home/airflow/.local/lib/python3.12/site-packages/airflow/example_dags/example_sla_dag.py
[2026-04-02T16:34:53.936+0000] {logging_mixin.py:188} INFO - [2026-04-02T16:34:53.936+0000] {dag.py:3096} INFO - Sync 1 DAGs
[2026-04-02T16:34:53.949+0000] {logging_mixin.py:188} INFO - [2026-04-02T16:34:53.949+0000] {dag.py:3954} INFO - Setting next_dagrun for example_sla_dag to 2026-04-02 16:32:00+00:00, run_after=2026-04-02 16:34:00+00:00
[2026-04-02T16:34:53.957+0000] {processor.py:183} INFO - Processing /home/airflow/.local/lib/python3.12/site-packages/airflow/example_dags/example_sla_dag.py took 0.040 seconds
[2026-04-02T16:35:24.608+0000] {processor.py:161} INFO - Started process (PID=1740) to work on /home/airflow/.local/lib/python3.12/site-packages/airflow/example_dags/example_sla_dag.py
[2026-04-02T16:35:24.608+0000] {processor.py:830} INFO - Processing file /home/airflow/.local/lib/python3.12/site-packages/airflow/example_dags/example_sla_dag.py for tasks to queue
[2026-04-02T16:35:24.609+0000] {logging_mixin.py:188} INFO - [2026-04-02T16:35:24.609+0000] {dagbag.py:540} INFO - Filling up the DagBag from /home/airflow/.local/lib/python3.12/site-packages/airflow/example_dags/example_sla_dag.py
[2026-04-02T16:35:24.614+0000] {processor.py:840} INFO - DAG(s) 'example_sla_dag' retrieved from /home/airflow/.local/lib/python3.12/site-packages/airflow/example_dags/example_sla_dag.py
[2026-04-02T16:35:24.627+0000] {logging_mixin.py:188} INFO - [2026-04-02T16:35:24.626+0000] {dag.py:3096} INFO - Sync 1 DAGs
[2026-04-02T16:35:24.639+0000] {logging_mixin.py:188} INFO - [2026-04-02T16:35:24.639+0000] {dag.py:3954} INFO - Setting next_dagrun for example_sla_dag to 2026-04-02 16:32:00+00:00, run_after=2026-04-02 16:34:00+00:00
[2026-04-02T16:35:24.648+0000] {processor.py:183} INFO - Processing /home/airflow/.local/lib/python3.12/site-packages/airflow/example_dags/example_sla_dag.py took 0.044 seconds
[2026-04-02T16:35:55.218+0000] {processor.py:161} INFO - Started process (PID=1798) to work on /home/airflow/.local/lib/python3.12/site-packages/airflow/example_dags/example_sla_dag.py
[2026-04-02T16:35:55.219+0000] {processor.py:830} INFO - Processing file /home/airflow/.local/lib/python3.12/site-packages/airflow/example_dags/example_sla_dag.py for tasks to queue
[2026-04-02T16:35:55.219+0000] {logging_mixin.py:188} INFO - [2026-04-02T16:35:55.219+0000] {dagbag.py:540} INFO - Filling up the DagBag from /home/airflow/.local/lib/python3.12/site-packages/airflow/example_dags/example_sla_dag.py
[2026-04-02T16:35:55.224+0000] {processor.py:840} INFO - DAG(s) 'example_sla_dag' retrieved from /home/airflow/.local/lib/python3.12/site-packages/airflow/example_dags/example_sla_dag.py
[2026-04-02T16:35:55.234+0000] {logging_mixin.py:188} INFO - [2026-04-02T16:35:55.234+0000] {dag.py:3096} INFO - Sync 1 DAGs
[2026-04-02T16:35:55.245+0000] {logging_mixin.py:188} INFO - [2026-04-02T16:35:55.245+0000] {dag.py:3954} INFO - Setting next_dagrun for example_sla_dag to 2026-04-02 16:32:00+00:00, run_after=2026-04-02 16:34:00+00:00
[2026-04-02T16:35:55.253+0000] {processor.py:183} INFO - Processing /home/airflow/.local/lib/python3.12/site-packages/airflow/example_dags/example_sla_dag.py took 0.038 seconds
[2026-04-02T16:36:25.884+0000] {processor.py:161} INFO - Started process (PID=1856) to work on /home/airflow/.local/lib/python3.12/site-packages/airflow/example_dags/example_sla_dag.py
[2026-04-02T16:36:25.885+0000] {processor.py:830} INFO - Processing file /home/airflow/.local/lib/python3.12/site-packages/airflow/example_dags/example_sla_dag.py for tasks to queue
[2026-04-02T16:36:25.886+0000] {logging_mixin.py:188} INFO - [2026-04-02T16:36:25.886+0000] {dagbag.py:540} INFO - Filling up the DagBag from /home/airflow/.local/lib/python3.12/site-packages/airflow/example_dags/example_sla_dag.py
[2026-04-02T16:36:25.890+0000] {processor.py:840} INFO - DAG(s) 'example_sla_dag' retrieved from /home/airflow/.local/lib/python3.12/site-packages/airflow/example_dags/example_sla_dag.py
[2026-04-02T16:36:25.901+0000] {logging_mixin.py:188} INFO - [2026-04-02T16:36:25.901+0000] {dag.py:3096} INFO - Sync 1 DAGs
[2026-04-02T16:36:25.913+0000] {logging_mixin.py:188} INFO - [2026-04-02T16:36:25.913+0000] {dag.py:3954} INFO - Setting next_dagrun for example_sla_dag to 2026-04-02 16:34:00+00:00, run_after=2026-04-02 16:36:00+00:00
[2026-04-02T16:36:25.922+0000] {processor.py:183} INFO - Processing /home/airflow/.local/lib/python3.12/site-packages/airflow/example_dags/example_sla_dag.py took 0.041 seconds
[2026-04-02T16:36:57.389+0000] {processor.py:161} INFO - Started process (PID=1914) to work on /home/airflow/.local/lib/python3.12/site-packages/airflow/example_dags/example_sla_dag.py
[2026-04-02T16:36:57.390+0000] {processor.py:830} INFO - Processing file /home/airflow/.local/lib/python3.12/site-packages/airflow/example_dags/example_sla_dag.py for tasks to queue
[2026-04-02T16:36:57.391+0000] {logging_mixin.py:188} INFO - [2026-04-02T16:36:57.390+0000] {dagbag.py:540} INFO - Filling up the DagBag from /home/airflow/.local/lib/python3.12/site-packages/airflow/example_dags/example_sla_dag.py
[2026-04-02T16:36:57.395+0000] {processor.py:840} INFO - DAG(s) 'example_sla_dag' retrieved from /home/airflow/.local/lib/python3.12/site-packages/airflow/example_dags/example_sla_dag.py
[2026-04-02T16:36:57.407+0000] {logging_mixin.py:188} INFO - [2026-04-02T16:36:57.406+0000] {dag.py:3096} INFO - Sync 1 DAGs
[2026-04-02T16:36:57.418+0000] {logging_mixin.py:188} INFO - [2026-04-02T16:36:57.418+0000] {dag.py:3954} INFO - Setting next_dagrun for example_sla_dag to 2026-04-02 16:34:00+00:00, run_after=2026-04-02 16:36:00+00:00
[2026-04-02T16:36:57.430+0000] {processor.py:183} INFO - Processing /home/airflow/.local/lib/python3.12/site-packages/airflow/example_dags/example_sla_dag.py took 0.046 seconds
[2026-04-02T16:37:28.124+0000] {processor.py:161} INFO - Started process (PID=1972) to work on /home/airflow/.local/lib/python3.12/site-packages/airflow/example_dags/example_sla_dag.py
[2026-04-02T16:37:28.125+0000] {processor.py:830} INFO - Processing file /home/airflow/.local/lib/python3.12/site-packages/airflow/example_dags/example_sla_dag.py for tasks to queue
[2026-04-02T16:37:28.126+0000] {logging_mixin.py:188} INFO - [2026-04-02T16:37:28.126+0000] {dagbag.py:540} INFO - Filling up the DagBag from /home/airflow/.local/lib/python3.12/site-packages/airflow/example_dags/example_sla_dag.py
[2026-04-02T16:37:28.131+0000] {processor.py:840} INFO - DAG(s) 'example_sla_dag' retrieved from /home/airflow/.local/lib/python3.12/site-packages/airflow/example_dags/example_sla_dag.py
[2026-04-02T16:37:28.144+0000] {logging_mixin.py:188} INFO - [2026-04-02T16:37:28.144+0000] {dag.py:3096} INFO - Sync 1 DAGs
[2026-04-02T16:37:28.156+0000] {logging_mixin.py:188} INFO - [2026-04-02T16:37:28.156+0000] {dag.py:3954} INFO - Setting next_dagrun for example_sla_dag to 2026-04-02 16:34:00+00:00, run_after=2026-04-02 16:36:00+00:00
[2026-04-02T16:37:28.163+0000] {processor.py:183} INFO - Processing /home/airflow/.local/lib/python3.12/site-packages/airflow/example_dags/example_sla_dag.py took 0.044 seconds
[2026-04-02T16:37:58.653+0000] {processor.py:161} INFO - Started process (PID=2030) to work on /home/airflow/.local/lib/python3.12/site-packages/airflow/example_dags/example_sla_dag.py
[2026-04-02T16:37:58.653+0000] {processor.py:830} INFO - Processing file /home/airflow/.local/lib/python3.12/site-packages/airflow/example_dags/example_sla_dag.py for tasks to queue
[2026-04-02T16:37:58.654+0000] {logging_mixin.py:188} INFO - [2026-04-02T16:37:58.654+0000] {dagbag.py:540} INFO - Filling up the DagBag from /home/airflow/.local/lib/python3.12/site-packages/airflow/example_dags/example_sla_dag.py
[2026-04-02T16:37:58.658+0000] {processor.py:840} INFO - DAG(s) 'example_sla_dag' retrieved from /home/airflow/.local/lib/python3.12/site-packages/airflow/example_dags/example_sla_dag.py
[2026-04-02T16:37:58.670+0000] {logging_mixin.py:188} INFO - [2026-04-02T16:37:58.670+0000] {dag.py:3096} INFO - Sync 1 DAGs
[2026-04-02T16:37:58.683+0000] {logging_mixin.py:188} INFO - [2026-04-02T16:37:58.683+0000] {dag.py:3954} INFO - Setting next_dagrun for example_sla_dag to 2026-04-02 16:34:00+00:00, run_after=2026-04-02 16:36:00+00:00
[2026-04-02T16:37:58.693+0000] {processor.py:183} INFO - Processing /home/airflow/.local/lib/python3.12/site-packages/airflow/example_dags/example_sla_dag.py took 0.043 seconds
[2026-04-02T16:38:29.370+0000] {processor.py:161} INFO - Started process (PID=2088) to work on /home/airflow/.local/lib/python3.12/site-packages/airflow/example_dags/example_sla_dag.py
[2026-04-02T16:38:29.370+0000] {processor.py:830} INFO - Processing file /home/airflow/.local/lib/python3.12/site-packages/airflow/example_dags/example_sla_dag.py for tasks to queue
[2026-04-02T16:38:29.371+0000] {logging_mixin.py:188} INFO - [2026-04-02T16:38:29.371+0000] {dagbag.py:540} INFO - Filling up the DagBag from /home/airflow/.local/lib/python3.12/site-packages/airflow/example_dags/example_sla_dag.py
[2026-04-02T16:38:29.376+0000] {processor.py:840} INFO - DAG(s) 'example_sla_dag' retrieved from /home/airflow/.local/lib/python3.12/site-packages/airflow/example_dags/example_sla_dag.py
[2026-04-02T16:38:29.388+0000] {logging_mixin.py:188} INFO - [2026-04-02T16:38:29.388+0000] {dag.py:3096} INFO - Sync 1 DAGs
[2026-04-02T16:38:29.400+0000] {logging_mixin.py:188} INFO - [2026-04-02T16:38:29.400+0000] {dag.py:3954} INFO - Setting next_dagrun for example_sla_dag to 2026-04-02 16:36:00+00:00, run_after=2026-04-02 16:38:00+00:00
[2026-04-02T16:38:29.409+0000] {processor.py:183} INFO - Processing /home/airflow/.local/lib/python3.12/site-packages/airflow/example_dags/example_sla_dag.py took 0.042 seconds
[2026-04-02T16:39:00.124+0000] {processor.py:161} INFO - Started process (PID=2146) to work on /home/airflow/.local/lib/python3.12/site-packages/airflow/example_dags/example_sla_dag.py
[2026-04-02T16:39:00.125+0000] {processor.py:830} INFO - Processing file /home/airflow/.local/lib/python3.12/site-packages/airflow/example_dags/example_sla_dag.py for tasks to queue
[2026-04-02T16:39:00.127+0000] {logging_mixin.py:188} INFO - [2026-04-02T16:39:00.126+0000] {dagbag.py:540} INFO - Filling up the DagBag from /home/airflow/.local/lib/python3.12/site-packages/airflow/example_dags/example_sla_dag.py
[2026-04-02T16:39:00.132+0000] {processor.py:840} INFO - DAG(s) 'example_sla_dag' retrieved from /home/airflow/.local/lib/python3.12/site-packages/airflow/example_dags/example_sla_dag.py
[2026-04-02T16:39:00.146+0000] {logging_mixin.py:188} INFO - [2026-04-02T16:39:00.146+0000] {dag.py:3096} INFO - Sync 1 DAGs
[2026-04-02T16:39:00.158+0000] {logging_mixin.py:188} INFO - [2026-04-02T16:39:00.158+0000] {dag.py:3954} INFO - Setting next_dagrun for example_sla_dag to 2026-04-02 16:36:00+00:00, run_after=2026-04-02 16:38:00+00:00
[2026-04-02T16:39:00.166+0000] {processor.py:183} INFO - Processing /home/airflow/.local/lib/python3.12/site-packages/airflow/example_dags/example_sla_dag.py took 0.047 seconds
[2026-04-02T16:39:30.705+0000] {processor.py:161} INFO - Started process (PID=2204) to work on /home/airflow/.local/lib/python3.12/site-packages/airflow/example_dags/example_sla_dag.py
[2026-04-02T16:39:30.706+0000] {processor.py:830} INFO - Processing file /home/airflow/.local/lib/python3.12/site-packages/airflow/example_dags/example_sla_dag.py for tasks to queue
[2026-04-02T16:39:30.707+0000] {logging_mixin.py:188} INFO - [2026-04-02T16:39:30.707+0000] {dagbag.py:540} INFO - Filling up the DagBag from /home/airflow/.local/lib/python3.12/site-packages/airflow/example_dags/example_sla_dag.py
[2026-04-02T16:39:30.711+0000] {processor.py:840} INFO - DAG(s) 'example_sla_dag' retrieved from /home/airflow/.local/lib/python3.12/site-packages/airflow/example_dags/example_sla_dag.py
[2026-04-02T16:39:30.723+0000] {logging_mixin.py:188} INFO - [2026-04-02T16:39:30.723+0000] {dag.py:3096} INFO - Sync 1 DAGs
[2026-04-02T16:39:30.735+0000] {logging_mixin.py:188} INFO - [2026-04-02T16:39:30.735+0000] {dag.py:3954} INFO - Setting next_dagrun for example_sla_dag to 2026-04-02 16:36:00+00:00, run_after=2026-04-02 16:38:00+00:00
[2026-04-02T16:39:30.743+0000] {processor.py:183} INFO - Processing /home/airflow/.local/lib/python3.12/site-packages/airflow/example_dags/example_sla_dag.py took 0.041 seconds
[2026-04-02T16:40:01.317+0000] {processor.py:161} INFO - Started process (PID=2262) to work on /home/airflow/.local/lib/python3.12/site-packages/airflow/example_dags/example_sla_dag.py
[2026-04-02T16:40:01.317+0000] {processor.py:830} INFO - Processing file /home/airflow/.local/lib/python3.12/site-packages/airflow/example_dags/example_sla_dag.py for tasks to queue
[2026-04-02T16:40:01.318+0000] {logging_mixin.py:188} INFO - [2026-04-02T16:40:01.318+0000] {dagbag.py:540} INFO - Filling up the DagBag from /home/airflow/.local/lib/python3.12/site-packages/airflow/example_dags/example_sla_dag.py
[2026-04-02T16:40:01.324+0000] {processor.py:840} INFO - DAG(s) 'example_sla_dag' retrieved from /home/airflow/.local/lib/python3.12/site-packages/airflow/example_dags/example_sla_dag.py
[2026-04-02T16:40:01.337+0000] {logging_mixin.py:188} INFO - [2026-04-02T16:40:01.337+0000] {dag.py:3096} INFO - Sync 1 DAGs
[2026-04-02T16:40:01.349+0000] {logging_mixin.py:188} INFO - [2026-04-02T16:40:01.349+0000] {dag.py:3954} INFO - Setting next_dagrun for example_sla_dag to 2026-04-02 16:38:00+00:00, run_after=2026-04-02 16:40:00+00:00
[2026-04-02T16:40:01.359+0000] {processor.py:183} INFO - Processing /home/airflow/.local/lib/python3.12/site-packages/airflow/example_dags/example_sla_dag.py took 0.046 seconds
[2026-04-02T16:40:31.969+0000] {processor.py:161} INFO - Started process (PID=2320) to work on /home/airflow/.local/lib/python3.12/site-packages/airflow/example_dags/example_sla_dag.py
[2026-04-02T16:40:31.970+0000] {processor.py:830} INFO - Processing file /home/airflow/.local/lib/python3.12/site-packages/airflow/example_dags/example_sla_dag.py for tasks to queue
[2026-04-02T16:40:31.971+0000] {logging_mixin.py:188} INFO - [2026-04-02T16:40:31.971+0000] {dagbag.py:540} INFO - Filling up the DagBag from /home/airflow/.local/lib/python3.12/site-packages/airflow/example_dags/example_sla_dag.py
[2026-04-02T16:40:31.976+0000] {processor.py:840} INFO - DAG(s) 'example_sla_dag' retrieved from /home/airflow/.local/lib/python3.12/site-packages/airflow/example_dags/example_sla_dag.py
[2026-04-02T16:40:31.990+0000] {logging_mixin.py:188} INFO - [2026-04-02T16:40:31.990+0000] {dag.py:3096} INFO - Sync 1 DAGs
[2026-04-02T16:40:32.003+0000] {logging_mixin.py:188} INFO - [2026-04-02T16:40:32.003+0000] {dag.py:3954} INFO - Setting next_dagrun for example_sla_dag to 2026-04-02 16:38:00+00:00, run_after=2026-04-02 16:40:00+00:00
[2026-04-02T16:40:32.011+0000] {processor.py:183} INFO - Processing /home/airflow/.local/lib/python3.12/site-packages/airflow/example_dags/example_sla_dag.py took 0.046 seconds
[2026-04-02T16:41:02.801+0000] {processor.py:161} INFO - Started process (PID=2378) to work on /home/airflow/.local/lib/python3.12/site-packages/airflow/example_dags/example_sla_dag.py
[2026-04-02T16:41:02.802+0000] {processor.py:830} INFO - Processing file /home/airflow/.local/lib/python3.12/site-packages/airflow/example_dags/example_sla_dag.py for tasks to queue
[2026-04-02T16:41:02.804+0000] {logging_mixin.py:188} INFO - [2026-04-02T16:41:02.804+0000] {dagbag.py:540} INFO - Filling up the DagBag from /home/airflow/.local/lib/python3.12/site-packages/airflow/example_dags/example_sla_dag.py
[2026-04-02T16:41:02.809+0000] {processor.py:840} INFO - DAG(s) 'example_sla_dag' retrieved from /home/airflow/.local/lib/python3.12/site-packages/airflow/example_dags/example_sla_dag.py
[2026-04-02T16:41:02.827+0000] {logging_mixin.py:188} INFO - [2026-04-02T16:41:02.827+0000] {dag.py:3096} INFO - Sync 1 DAGs
[2026-04-02T16:41:02.843+0000] {logging_mixin.py:188} INFO - [2026-04-02T16:41:02.843+0000] {dag.py:3954} INFO - Setting next_dagrun for example_sla_dag to 2026-04-02 16:38:00+00:00, run_after=2026-04-02 16:40:00+00:00
[2026-04-02T16:41:02.856+0000] {processor.py:183} INFO - Processing /home/airflow/.local/lib/python3.12/site-packages/airflow/example_dags/example_sla_dag.py took 0.057 seconds
[2026-04-02T16:41:33.662+0000] {processor.py:161} INFO - Started process (PID=2436) to work on /home/airflow/.local/lib/python3.12/site-packages/airflow/example_dags/example_sla_dag.py
[2026-04-02T16:41:33.665+0000] {processor.py:830} INFO - Processing file /home/airflow/.local/lib/python3.12/site-packages/airflow/example_dags/example_sla_dag.py for tasks to queue
[2026-04-02T16:41:33.666+0000] {logging_mixin.py:188} INFO - [2026-04-02T16:41:33.665+0000] {dagbag.py:540} INFO - Filling up the DagBag from /home/airflow/.local/lib/python3.12/site-packages/airflow/example_dags/example_sla_dag.py
[2026-04-02T16:41:33.673+0000] {processor.py:840} INFO - DAG(s) 'example_sla_dag' retrieved from /home/airflow/.local/lib/python3.12/site-packages/airflow/example_dags/example_sla_dag.py
[2026-04-02T16:41:33.687+0000] {logging_mixin.py:188} INFO - [2026-04-02T16:41:33.687+0000] {dag.py:3096} INFO - Sync 1 DAGs
[2026-04-02T16:41:33.700+0000] {logging_mixin.py:188} INFO - [2026-04-02T16:41:33.700+0000] {dag.py:3954} INFO - Setting next_dagrun for example_sla_dag to 2026-04-02 16:38:00+00:00, run_after=2026-04-02 16:40:00+00:00
[2026-04-02T16:41:33.713+0000] {processor.py:183} INFO - Processing /home/airflow/.local/lib/python3.12/site-packages/airflow/example_dags/example_sla_dag.py took 0.054 seconds
[2026-04-02T16:42:04.602+0000] {processor.py:161} INFO - Started process (PID=2494) to work on /home/airflow/.local/lib/python3.12/site-packages/airflow/example_dags/example_sla_dag.py
[2026-04-02T16:42:04.604+0000] {processor.py:830} INFO - Processing file /home/airflow/.local/lib/python3.12/site-packages/airflow/example_dags/example_sla_dag.py for tasks to queue
[2026-04-02T16:42:04.608+0000] {logging_mixin.py:188} INFO - [2026-04-02T16:42:04.607+0000] {dagbag.py:540} INFO - Filling up the DagBag from /home/airflow/.local/lib/python3.12/site-packages/airflow/example_dags/example_sla_dag.py
[2026-04-02T16:42:04.612+0000] {processor.py:840} INFO - DAG(s) 'example_sla_dag' retrieved from /home/airflow/.local/lib/python3.12/site-packages/airflow/example_dags/example_sla_dag.py
[2026-04-02T16:42:04.626+0000] {logging_mixin.py:188} INFO - [2026-04-02T16:42:04.626+0000] {dag.py:3096} INFO - Sync 1 DAGs
[2026-04-02T16:42:04.641+0000] {logging_mixin.py:188} INFO - [2026-04-02T16:42:04.641+0000] {dag.py:3954} INFO - Setting next_dagrun for example_sla_dag to 2026-04-02 16:40:00+00:00, run_after=2026-04-02 16:42:00+00:00
[2026-04-02T16:42:04.654+0000] {processor.py:183} INFO - Processing /home/airflow/.local/lib/python3.12/site-packages/airflow/example_dags/example_sla_dag.py took 0.055 seconds
[2026-04-02T16:42:35.571+0000] {processor.py:161} INFO - Started process (PID=2552) to work on /home/airflow/.local/lib/python3.12/site-packages/airflow/example_dags/example_sla_dag.py
[2026-04-02T16:42:35.574+0000] {processor.py:830} INFO - Processing file /home/airflow/.local/lib/python3.12/site-packages/airflow/example_dags/example_sla_dag.py for tasks to queue
[2026-04-02T16:42:35.575+0000] {logging_mixin.py:188} INFO - [2026-04-02T16:42:35.575+0000] {dagbag.py:540} INFO - Filling up the DagBag from /home/airflow/.local/lib/python3.12/site-packages/airflow/example_dags/example_sla_dag.py
[2026-04-02T16:42:35.582+0000] {processor.py:840} INFO - DAG(s) 'example_sla_dag' retrieved from /home/airflow/.local/lib/python3.12/site-packages/airflow/example_dags/example_sla_dag.py
[2026-04-02T16:42:35.598+0000] {logging_mixin.py:188} INFO - [2026-04-02T16:42:35.598+0000] {dag.py:3096} INFO - Sync 1 DAGs
[2026-04-02T16:42:35.617+0000] {logging_mixin.py:188} INFO - [2026-04-02T16:42:35.616+0000] {dag.py:3954} INFO - Setting next_dagrun for example_sla_dag to 2026-04-02 16:40:00+00:00, run_after=2026-04-02 16:42:00+00:00
[2026-04-02T16:42:35.631+0000] {processor.py:183} INFO - Processing /home/airflow/.local/lib/python3.12/site-packages/airflow/example_dags/example_sla_dag.py took 0.063 seconds
