[2026-04-02T16:20:34.932+0000] {processor.py:161} INFO - Started process (PID=63) to work on /home/airflow/.local/lib/python3.12/site-packages/airflow/example_dags/example_xcom.py
[2026-04-02T16:20:34.932+0000] {processor.py:830} INFO - Processing file /home/airflow/.local/lib/python3.12/site-packages/airflow/example_dags/example_xcom.py for tasks to queue
[2026-04-02T16:20:34.933+0000] {logging_mixin.py:188} INFO - [2026-04-02T16:20:34.933+0000] {dagbag.py:540} INFO - Filling up the DagBag from /home/airflow/.local/lib/python3.12/site-packages/airflow/example_dags/example_xcom.py
[2026-04-02T16:20:34.940+0000] {processor.py:840} INFO - DAG(s) 'example_xcom' retrieved from /home/airflow/.local/lib/python3.12/site-packages/airflow/example_dags/example_xcom.py
[2026-04-02T16:20:34.949+0000] {logging_mixin.py:188} INFO - [2026-04-02T16:20:34.948+0000] {dag.py:3096} INFO - Sync 1 DAGs
[2026-04-02T16:20:34.960+0000] {logging_mixin.py:188} INFO - [2026-04-02T16:20:34.960+0000] {dag.py:3954} INFO - Setting next_dagrun for example_xcom to 2021-01-01 00:00:00+00:00, run_after=2021-01-01 00:00:00+00:00
[2026-04-02T16:20:34.969+0000] {processor.py:183} INFO - Processing /home/airflow/.local/lib/python3.12/site-packages/airflow/example_dags/example_xcom.py took 0.040 seconds
[2026-04-02T16:21:06.094+0000] {processor.py:161} INFO - Started process (PID=121) to work on /home/airflow/.local/lib/python3.12/site-packages/airflow/example_dags/example_xcom.py
[2026-04-02T16:21:06.094+0000] {processor.py:830} INFO - Processing file /home/airflow/.local/lib/python3.12/site-packages/airflow/example_dags/example_xcom.py for tasks to queue
[2026-04-02T16:21:06.096+0000] {logging_mixin.py:188} INFO - [2026-04-02T16:21:06.095+0000] {dagbag.py:540} INFO - Filling up the DagBag from /home/airflow/.local/lib/python3.12/site-packages/airflow/example_dags/example_xcom.py
[2026-04-02T16:21:06.100+0000] {processor.py:840} INFO - DAG(s) 'example_xcom' retrieved from /home/airflow/.local/lib/python3.12/site-packages/airflow/example_dags/example_xcom.py
[2026-04-02T16:21:06.151+0000] {logging_mixin.py:188} INFO - [2026-04-02T16:21:06.151+0000] {dag.py:3096} INFO - Sync 1 DAGs
[2026-04-02T16:21:06.160+0000] {logging_mixin.py:188} INFO - [2026-04-02T16:21:06.160+0000] {dag.py:3954} INFO - Setting next_dagrun for example_xcom to 2021-01-01 00:00:00+00:00, run_after=2021-01-01 00:00:00+00:00
[2026-04-02T16:21:06.170+0000] {processor.py:183} INFO - Processing /home/airflow/.local/lib/python3.12/site-packages/airflow/example_dags/example_xcom.py took 0.079 seconds
[2026-04-02T16:21:36.635+0000] {processor.py:161} INFO - Started process (PID=179) to work on /home/airflow/.local/lib/python3.12/site-packages/airflow/example_dags/example_xcom.py
[2026-04-02T16:21:36.636+0000] {processor.py:830} INFO - Processing file /home/airflow/.local/lib/python3.12/site-packages/airflow/example_dags/example_xcom.py for tasks to queue
[2026-04-02T16:21:36.637+0000] {logging_mixin.py:188} INFO - [2026-04-02T16:21:36.637+0000] {dagbag.py:540} INFO - Filling up the DagBag from /home/airflow/.local/lib/python3.12/site-packages/airflow/example_dags/example_xcom.py
[2026-04-02T16:21:36.641+0000] {processor.py:840} INFO - DAG(s) 'example_xcom' retrieved from /home/airflow/.local/lib/python3.12/site-packages/airflow/example_dags/example_xcom.py
[2026-04-02T16:21:36.652+0000] {logging_mixin.py:188} INFO - [2026-04-02T16:21:36.651+0000] {dag.py:3096} INFO - Sync 1 DAGs
[2026-04-02T16:21:36.660+0000] {logging_mixin.py:188} INFO - [2026-04-02T16:21:36.660+0000] {dag.py:3954} INFO - Setting next_dagrun for example_xcom to 2021-01-01 00:00:00+00:00, run_after=2021-01-01 00:00:00+00:00
[2026-04-02T16:21:36.669+0000] {processor.py:183} INFO - Processing /home/airflow/.local/lib/python3.12/site-packages/airflow/example_dags/example_xcom.py took 0.036 seconds
[2026-04-02T16:22:07.455+0000] {processor.py:161} INFO - Started process (PID=237) to work on /home/airflow/.local/lib/python3.12/site-packages/airflow/example_dags/example_xcom.py
[2026-04-02T16:22:07.456+0000] {processor.py:830} INFO - Processing file /home/airflow/.local/lib/python3.12/site-packages/airflow/example_dags/example_xcom.py for tasks to queue
[2026-04-02T16:22:07.457+0000] {logging_mixin.py:188} INFO - [2026-04-02T16:22:07.457+0000] {dagbag.py:540} INFO - Filling up the DagBag from /home/airflow/.local/lib/python3.12/site-packages/airflow/example_dags/example_xcom.py
[2026-04-02T16:22:07.461+0000] {processor.py:840} INFO - DAG(s) 'example_xcom' retrieved from /home/airflow/.local/lib/python3.12/site-packages/airflow/example_dags/example_xcom.py
[2026-04-02T16:22:07.473+0000] {logging_mixin.py:188} INFO - [2026-04-02T16:22:07.473+0000] {dag.py:3096} INFO - Sync 1 DAGs
[2026-04-02T16:22:07.484+0000] {logging_mixin.py:188} INFO - [2026-04-02T16:22:07.484+0000] {dag.py:3954} INFO - Setting next_dagrun for example_xcom to 2021-01-01 00:00:00+00:00, run_after=2021-01-01 00:00:00+00:00
[2026-04-02T16:22:07.492+0000] {processor.py:183} INFO - Processing /home/airflow/.local/lib/python3.12/site-packages/airflow/example_dags/example_xcom.py took 0.041 seconds
[2026-04-02T16:22:38.204+0000] {processor.py:161} INFO - Started process (PID=295) to work on /home/airflow/.local/lib/python3.12/site-packages/airflow/example_dags/example_xcom.py
[2026-04-02T16:22:38.204+0000] {processor.py:830} INFO - Processing file /home/airflow/.local/lib/python3.12/site-packages/airflow/example_dags/example_xcom.py for tasks to queue
[2026-04-02T16:22:38.205+0000] {logging_mixin.py:188} INFO - [2026-04-02T16:22:38.205+0000] {dagbag.py:540} INFO - Filling up the DagBag from /home/airflow/.local/lib/python3.12/site-packages/airflow/example_dags/example_xcom.py
[2026-04-02T16:22:38.210+0000] {processor.py:840} INFO - DAG(s) 'example_xcom' retrieved from /home/airflow/.local/lib/python3.12/site-packages/airflow/example_dags/example_xcom.py
[2026-04-02T16:22:38.222+0000] {logging_mixin.py:188} INFO - [2026-04-02T16:22:38.222+0000] {dag.py:3096} INFO - Sync 1 DAGs
[2026-04-02T16:22:38.231+0000] {logging_mixin.py:188} INFO - [2026-04-02T16:22:38.231+0000] {dag.py:3954} INFO - Setting next_dagrun for example_xcom to 2021-01-01 00:00:00+00:00, run_after=2021-01-01 00:00:00+00:00
[2026-04-02T16:22:38.240+0000] {processor.py:183} INFO - Processing /home/airflow/.local/lib/python3.12/site-packages/airflow/example_dags/example_xcom.py took 0.040 seconds
[2026-04-02T16:23:08.856+0000] {processor.py:161} INFO - Started process (PID=353) to work on /home/airflow/.local/lib/python3.12/site-packages/airflow/example_dags/example_xcom.py
[2026-04-02T16:23:08.857+0000] {processor.py:830} INFO - Processing file /home/airflow/.local/lib/python3.12/site-packages/airflow/example_dags/example_xcom.py for tasks to queue
[2026-04-02T16:23:08.858+0000] {logging_mixin.py:188} INFO - [2026-04-02T16:23:08.858+0000] {dagbag.py:540} INFO - Filling up the DagBag from /home/airflow/.local/lib/python3.12/site-packages/airflow/example_dags/example_xcom.py
[2026-04-02T16:23:08.861+0000] {processor.py:840} INFO - DAG(s) 'example_xcom' retrieved from /home/airflow/.local/lib/python3.12/site-packages/airflow/example_dags/example_xcom.py
[2026-04-02T16:23:08.873+0000] {logging_mixin.py:188} INFO - [2026-04-02T16:23:08.873+0000] {dag.py:3096} INFO - Sync 1 DAGs
[2026-04-02T16:23:08.883+0000] {logging_mixin.py:188} INFO - [2026-04-02T16:23:08.882+0000] {dag.py:3954} INFO - Setting next_dagrun for example_xcom to 2021-01-01 00:00:00+00:00, run_after=2021-01-01 00:00:00+00:00
[2026-04-02T16:23:08.890+0000] {processor.py:183} INFO - Processing /home/airflow/.local/lib/python3.12/site-packages/airflow/example_dags/example_xcom.py took 0.037 seconds
[2026-04-02T16:23:39.578+0000] {processor.py:161} INFO - Started process (PID=411) to work on /home/airflow/.local/lib/python3.12/site-packages/airflow/example_dags/example_xcom.py
[2026-04-02T16:23:39.579+0000] {processor.py:830} INFO - Processing file /home/airflow/.local/lib/python3.12/site-packages/airflow/example_dags/example_xcom.py for tasks to queue
[2026-04-02T16:23:39.580+0000] {logging_mixin.py:188} INFO - [2026-04-02T16:23:39.580+0000] {dagbag.py:540} INFO - Filling up the DagBag from /home/airflow/.local/lib/python3.12/site-packages/airflow/example_dags/example_xcom.py
[2026-04-02T16:23:39.585+0000] {processor.py:840} INFO - DAG(s) 'example_xcom' retrieved from /home/airflow/.local/lib/python3.12/site-packages/airflow/example_dags/example_xcom.py
[2026-04-02T16:23:39.598+0000] {logging_mixin.py:188} INFO - [2026-04-02T16:23:39.598+0000] {dag.py:3096} INFO - Sync 1 DAGs
[2026-04-02T16:23:39.609+0000] {logging_mixin.py:188} INFO - [2026-04-02T16:23:39.609+0000] {dag.py:3954} INFO - Setting next_dagrun for example_xcom to 2021-01-01 00:00:00+00:00, run_after=2021-01-01 00:00:00+00:00
[2026-04-02T16:23:39.619+0000] {processor.py:183} INFO - Processing /home/airflow/.local/lib/python3.12/site-packages/airflow/example_dags/example_xcom.py took 0.044 seconds
[2026-04-02T16:24:10.232+0000] {processor.py:161} INFO - Started process (PID=469) to work on /home/airflow/.local/lib/python3.12/site-packages/airflow/example_dags/example_xcom.py
[2026-04-02T16:24:10.235+0000] {processor.py:830} INFO - Processing file /home/airflow/.local/lib/python3.12/site-packages/airflow/example_dags/example_xcom.py for tasks to queue
[2026-04-02T16:24:10.236+0000] {logging_mixin.py:188} INFO - [2026-04-02T16:24:10.236+0000] {dagbag.py:540} INFO - Filling up the DagBag from /home/airflow/.local/lib/python3.12/site-packages/airflow/example_dags/example_xcom.py
[2026-04-02T16:24:10.241+0000] {processor.py:840} INFO - DAG(s) 'example_xcom' retrieved from /home/airflow/.local/lib/python3.12/site-packages/airflow/example_dags/example_xcom.py
[2026-04-02T16:24:10.248+0000] {logging_mixin.py:188} INFO - [2026-04-02T16:24:10.248+0000] {dag.py:3096} INFO - Sync 1 DAGs
[2026-04-02T16:24:10.258+0000] {logging_mixin.py:188} INFO - [2026-04-02T16:24:10.258+0000] {dag.py:3954} INFO - Setting next_dagrun for example_xcom to 2021-01-01 00:00:00+00:00, run_after=2021-01-01 00:00:00+00:00
[2026-04-02T16:24:10.268+0000] {processor.py:183} INFO - Processing /home/airflow/.local/lib/python3.12/site-packages/airflow/example_dags/example_xcom.py took 0.039 seconds
[2026-04-02T16:24:40.717+0000] {processor.py:161} INFO - Started process (PID=527) to work on /home/airflow/.local/lib/python3.12/site-packages/airflow/example_dags/example_xcom.py
[2026-04-02T16:24:40.718+0000] {processor.py:830} INFO - Processing file /home/airflow/.local/lib/python3.12/site-packages/airflow/example_dags/example_xcom.py for tasks to queue
[2026-04-02T16:24:40.720+0000] {logging_mixin.py:188} INFO - [2026-04-02T16:24:40.719+0000] {dagbag.py:540} INFO - Filling up the DagBag from /home/airflow/.local/lib/python3.12/site-packages/airflow/example_dags/example_xcom.py
[2026-04-02T16:24:40.724+0000] {processor.py:840} INFO - DAG(s) 'example_xcom' retrieved from /home/airflow/.local/lib/python3.12/site-packages/airflow/example_dags/example_xcom.py
[2026-04-02T16:24:40.731+0000] {logging_mixin.py:188} INFO - [2026-04-02T16:24:40.731+0000] {dag.py:3096} INFO - Sync 1 DAGs
[2026-04-02T16:24:40.741+0000] {logging_mixin.py:188} INFO - [2026-04-02T16:24:40.741+0000] {dag.py:3954} INFO - Setting next_dagrun for example_xcom to 2021-01-01 00:00:00+00:00, run_after=2021-01-01 00:00:00+00:00
[2026-04-02T16:24:40.749+0000] {processor.py:183} INFO - Processing /home/airflow/.local/lib/python3.12/site-packages/airflow/example_dags/example_xcom.py took 0.035 seconds
[2026-04-02T16:25:12.111+0000] {processor.py:161} INFO - Started process (PID=585) to work on /home/airflow/.local/lib/python3.12/site-packages/airflow/example_dags/example_xcom.py
[2026-04-02T16:25:12.111+0000] {processor.py:830} INFO - Processing file /home/airflow/.local/lib/python3.12/site-packages/airflow/example_dags/example_xcom.py for tasks to queue
[2026-04-02T16:25:12.112+0000] {logging_mixin.py:188} INFO - [2026-04-02T16:25:12.112+0000] {dagbag.py:540} INFO - Filling up the DagBag from /home/airflow/.local/lib/python3.12/site-packages/airflow/example_dags/example_xcom.py
[2026-04-02T16:25:12.117+0000] {processor.py:840} INFO - DAG(s) 'example_xcom' retrieved from /home/airflow/.local/lib/python3.12/site-packages/airflow/example_dags/example_xcom.py
[2026-04-02T16:25:12.171+0000] {logging_mixin.py:188} INFO - [2026-04-02T16:25:12.171+0000] {dag.py:3096} INFO - Sync 1 DAGs
[2026-04-02T16:25:12.182+0000] {logging_mixin.py:188} INFO - [2026-04-02T16:25:12.182+0000] {dag.py:3954} INFO - Setting next_dagrun for example_xcom to 2021-01-01 00:00:00+00:00, run_after=2021-01-01 00:00:00+00:00
[2026-04-02T16:25:12.294+0000] {processor.py:183} INFO - Processing /home/airflow/.local/lib/python3.12/site-packages/airflow/example_dags/example_xcom.py took 0.187 seconds
[2026-04-02T16:25:42.930+0000] {processor.py:161} INFO - Started process (PID=643) to work on /home/airflow/.local/lib/python3.12/site-packages/airflow/example_dags/example_xcom.py
[2026-04-02T16:25:42.930+0000] {processor.py:830} INFO - Processing file /home/airflow/.local/lib/python3.12/site-packages/airflow/example_dags/example_xcom.py for tasks to queue
[2026-04-02T16:25:42.931+0000] {logging_mixin.py:188} INFO - [2026-04-02T16:25:42.931+0000] {dagbag.py:540} INFO - Filling up the DagBag from /home/airflow/.local/lib/python3.12/site-packages/airflow/example_dags/example_xcom.py
[2026-04-02T16:25:42.936+0000] {processor.py:840} INFO - DAG(s) 'example_xcom' retrieved from /home/airflow/.local/lib/python3.12/site-packages/airflow/example_dags/example_xcom.py
[2026-04-02T16:25:42.952+0000] {logging_mixin.py:188} INFO - [2026-04-02T16:25:42.951+0000] {dag.py:3096} INFO - Sync 1 DAGs
[2026-04-02T16:25:42.968+0000] {logging_mixin.py:188} INFO - [2026-04-02T16:25:42.968+0000] {dag.py:3954} INFO - Setting next_dagrun for example_xcom to 2021-01-01 00:00:00+00:00, run_after=2021-01-01 00:00:00+00:00
[2026-04-02T16:25:42.984+0000] {processor.py:183} INFO - Processing /home/airflow/.local/lib/python3.12/site-packages/airflow/example_dags/example_xcom.py took 0.058 seconds
[2026-04-02T16:26:13.108+0000] {processor.py:161} INFO - Started process (PID=701) to work on /home/airflow/.local/lib/python3.12/site-packages/airflow/example_dags/example_xcom.py
[2026-04-02T16:26:13.108+0000] {processor.py:830} INFO - Processing file /home/airflow/.local/lib/python3.12/site-packages/airflow/example_dags/example_xcom.py for tasks to queue
[2026-04-02T16:26:13.109+0000] {logging_mixin.py:188} INFO - [2026-04-02T16:26:13.109+0000] {dagbag.py:540} INFO - Filling up the DagBag from /home/airflow/.local/lib/python3.12/site-packages/airflow/example_dags/example_xcom.py
[2026-04-02T16:26:13.114+0000] {processor.py:840} INFO - DAG(s) 'example_xcom' retrieved from /home/airflow/.local/lib/python3.12/site-packages/airflow/example_dags/example_xcom.py
[2026-04-02T16:26:13.133+0000] {logging_mixin.py:188} INFO - [2026-04-02T16:26:13.133+0000] {dag.py:3096} INFO - Sync 1 DAGs
[2026-04-02T16:26:13.148+0000] {logging_mixin.py:188} INFO - [2026-04-02T16:26:13.147+0000] {dag.py:3954} INFO - Setting next_dagrun for example_xcom to 2021-01-01 00:00:00+00:00, run_after=2021-01-01 00:00:00+00:00
[2026-04-02T16:26:13.161+0000] {processor.py:183} INFO - Processing /home/airflow/.local/lib/python3.12/site-packages/airflow/example_dags/example_xcom.py took 0.057 seconds
[2026-04-02T16:26:43.258+0000] {processor.py:161} INFO - Started process (PID=759) to work on /home/airflow/.local/lib/python3.12/site-packages/airflow/example_dags/example_xcom.py
[2026-04-02T16:26:43.260+0000] {processor.py:830} INFO - Processing file /home/airflow/.local/lib/python3.12/site-packages/airflow/example_dags/example_xcom.py for tasks to queue
[2026-04-02T16:26:43.261+0000] {logging_mixin.py:188} INFO - [2026-04-02T16:26:43.261+0000] {dagbag.py:540} INFO - Filling up the DagBag from /home/airflow/.local/lib/python3.12/site-packages/airflow/example_dags/example_xcom.py
[2026-04-02T16:26:43.265+0000] {processor.py:840} INFO - DAG(s) 'example_xcom' retrieved from /home/airflow/.local/lib/python3.12/site-packages/airflow/example_dags/example_xcom.py
[2026-04-02T16:26:43.278+0000] {logging_mixin.py:188} INFO - [2026-04-02T16:26:43.278+0000] {dag.py:3096} INFO - Sync 1 DAGs
[2026-04-02T16:26:43.289+0000] {logging_mixin.py:188} INFO - [2026-04-02T16:26:43.288+0000] {dag.py:3954} INFO - Setting next_dagrun for example_xcom to 2021-01-01 00:00:00+00:00, run_after=2021-01-01 00:00:00+00:00
[2026-04-02T16:26:43.297+0000] {processor.py:183} INFO - Processing /home/airflow/.local/lib/python3.12/site-packages/airflow/example_dags/example_xcom.py took 0.042 seconds
[2026-04-02T16:27:13.549+0000] {processor.py:161} INFO - Started process (PID=817) to work on /home/airflow/.local/lib/python3.12/site-packages/airflow/example_dags/example_xcom.py
[2026-04-02T16:27:13.550+0000] {processor.py:830} INFO - Processing file /home/airflow/.local/lib/python3.12/site-packages/airflow/example_dags/example_xcom.py for tasks to queue
[2026-04-02T16:27:13.551+0000] {logging_mixin.py:188} INFO - [2026-04-02T16:27:13.551+0000] {dagbag.py:540} INFO - Filling up the DagBag from /home/airflow/.local/lib/python3.12/site-packages/airflow/example_dags/example_xcom.py
[2026-04-02T16:27:13.556+0000] {processor.py:840} INFO - DAG(s) 'example_xcom' retrieved from /home/airflow/.local/lib/python3.12/site-packages/airflow/example_dags/example_xcom.py
[2026-04-02T16:27:13.573+0000] {logging_mixin.py:188} INFO - [2026-04-02T16:27:13.573+0000] {dag.py:3096} INFO - Sync 1 DAGs
[2026-04-02T16:27:13.587+0000] {logging_mixin.py:188} INFO - [2026-04-02T16:27:13.587+0000] {dag.py:3954} INFO - Setting next_dagrun for example_xcom to 2021-01-01 00:00:00+00:00, run_after=2021-01-01 00:00:00+00:00
[2026-04-02T16:27:13.599+0000] {processor.py:183} INFO - Processing /home/airflow/.local/lib/python3.12/site-packages/airflow/example_dags/example_xcom.py took 0.054 seconds
[2026-04-02T16:27:44.019+0000] {processor.py:161} INFO - Started process (PID=875) to work on /home/airflow/.local/lib/python3.12/site-packages/airflow/example_dags/example_xcom.py
[2026-04-02T16:27:44.020+0000] {processor.py:830} INFO - Processing file /home/airflow/.local/lib/python3.12/site-packages/airflow/example_dags/example_xcom.py for tasks to queue
[2026-04-02T16:27:44.021+0000] {logging_mixin.py:188} INFO - [2026-04-02T16:27:44.021+0000] {dagbag.py:540} INFO - Filling up the DagBag from /home/airflow/.local/lib/python3.12/site-packages/airflow/example_dags/example_xcom.py
[2026-04-02T16:27:44.028+0000] {processor.py:840} INFO - DAG(s) 'example_xcom' retrieved from /home/airflow/.local/lib/python3.12/site-packages/airflow/example_dags/example_xcom.py
[2026-04-02T16:27:44.038+0000] {logging_mixin.py:188} INFO - [2026-04-02T16:27:44.038+0000] {dag.py:3096} INFO - Sync 1 DAGs
[2026-04-02T16:27:44.056+0000] {logging_mixin.py:188} INFO - [2026-04-02T16:27:44.056+0000] {dag.py:3954} INFO - Setting next_dagrun for example_xcom to 2021-01-01 00:00:00+00:00, run_after=2021-01-01 00:00:00+00:00
[2026-04-02T16:27:44.083+0000] {processor.py:183} INFO - Processing /home/airflow/.local/lib/python3.12/site-packages/airflow/example_dags/example_xcom.py took 0.068 seconds
[2026-04-02T16:28:14.742+0000] {processor.py:161} INFO - Started process (PID=933) to work on /home/airflow/.local/lib/python3.12/site-packages/airflow/example_dags/example_xcom.py
[2026-04-02T16:28:14.743+0000] {processor.py:830} INFO - Processing file /home/airflow/.local/lib/python3.12/site-packages/airflow/example_dags/example_xcom.py for tasks to queue
[2026-04-02T16:28:14.744+0000] {logging_mixin.py:188} INFO - [2026-04-02T16:28:14.744+0000] {dagbag.py:540} INFO - Filling up the DagBag from /home/airflow/.local/lib/python3.12/site-packages/airflow/example_dags/example_xcom.py
[2026-04-02T16:28:14.748+0000] {processor.py:840} INFO - DAG(s) 'example_xcom' retrieved from /home/airflow/.local/lib/python3.12/site-packages/airflow/example_dags/example_xcom.py
[2026-04-02T16:28:14.760+0000] {logging_mixin.py:188} INFO - [2026-04-02T16:28:14.760+0000] {dag.py:3096} INFO - Sync 1 DAGs
[2026-04-02T16:28:14.774+0000] {logging_mixin.py:188} INFO - [2026-04-02T16:28:14.774+0000] {dag.py:3954} INFO - Setting next_dagrun for example_xcom to 2021-01-01 00:00:00+00:00, run_after=2021-01-01 00:00:00+00:00
[2026-04-02T16:28:14.786+0000] {processor.py:183} INFO - Processing /home/airflow/.local/lib/python3.12/site-packages/airflow/example_dags/example_xcom.py took 0.047 seconds
[2026-04-02T16:28:46.221+0000] {processor.py:161} INFO - Started process (PID=991) to work on /home/airflow/.local/lib/python3.12/site-packages/airflow/example_dags/example_xcom.py
[2026-04-02T16:28:46.223+0000] {processor.py:830} INFO - Processing file /home/airflow/.local/lib/python3.12/site-packages/airflow/example_dags/example_xcom.py for tasks to queue
[2026-04-02T16:28:46.224+0000] {logging_mixin.py:188} INFO - [2026-04-02T16:28:46.224+0000] {dagbag.py:540} INFO - Filling up the DagBag from /home/airflow/.local/lib/python3.12/site-packages/airflow/example_dags/example_xcom.py
[2026-04-02T16:28:46.228+0000] {processor.py:840} INFO - DAG(s) 'example_xcom' retrieved from /home/airflow/.local/lib/python3.12/site-packages/airflow/example_dags/example_xcom.py
[2026-04-02T16:28:46.281+0000] {logging_mixin.py:188} INFO - [2026-04-02T16:28:46.281+0000] {dag.py:3096} INFO - Sync 1 DAGs
[2026-04-02T16:28:46.389+0000] {logging_mixin.py:188} INFO - [2026-04-02T16:28:46.389+0000] {dag.py:3954} INFO - Setting next_dagrun for example_xcom to 2021-01-01 00:00:00+00:00, run_after=2021-01-01 00:00:00+00:00
[2026-04-02T16:28:46.405+0000] {processor.py:183} INFO - Processing /home/airflow/.local/lib/python3.12/site-packages/airflow/example_dags/example_xcom.py took 0.188 seconds
[2026-04-02T16:29:16.851+0000] {processor.py:161} INFO - Started process (PID=1049) to work on /home/airflow/.local/lib/python3.12/site-packages/airflow/example_dags/example_xcom.py
[2026-04-02T16:29:16.852+0000] {processor.py:830} INFO - Processing file /home/airflow/.local/lib/python3.12/site-packages/airflow/example_dags/example_xcom.py for tasks to queue
[2026-04-02T16:29:16.856+0000] {logging_mixin.py:188} INFO - [2026-04-02T16:29:16.856+0000] {dagbag.py:540} INFO - Filling up the DagBag from /home/airflow/.local/lib/python3.12/site-packages/airflow/example_dags/example_xcom.py
[2026-04-02T16:29:16.863+0000] {processor.py:840} INFO - DAG(s) 'example_xcom' retrieved from /home/airflow/.local/lib/python3.12/site-packages/airflow/example_dags/example_xcom.py
[2026-04-02T16:29:16.877+0000] {logging_mixin.py:188} INFO - [2026-04-02T16:29:16.877+0000] {dag.py:3096} INFO - Sync 1 DAGs
[2026-04-02T16:29:16.991+0000] {logging_mixin.py:188} INFO - [2026-04-02T16:29:16.990+0000] {dag.py:3954} INFO - Setting next_dagrun for example_xcom to 2021-01-01 00:00:00+00:00, run_after=2021-01-01 00:00:00+00:00
[2026-04-02T16:29:17.003+0000] {processor.py:183} INFO - Processing /home/airflow/.local/lib/python3.12/site-packages/airflow/example_dags/example_xcom.py took 0.157 seconds
[2026-04-02T16:29:47.740+0000] {processor.py:161} INFO - Started process (PID=1107) to work on /home/airflow/.local/lib/python3.12/site-packages/airflow/example_dags/example_xcom.py
[2026-04-02T16:29:47.741+0000] {processor.py:830} INFO - Processing file /home/airflow/.local/lib/python3.12/site-packages/airflow/example_dags/example_xcom.py for tasks to queue
[2026-04-02T16:29:47.743+0000] {logging_mixin.py:188} INFO - [2026-04-02T16:29:47.743+0000] {dagbag.py:540} INFO - Filling up the DagBag from /home/airflow/.local/lib/python3.12/site-packages/airflow/example_dags/example_xcom.py
[2026-04-02T16:29:47.751+0000] {processor.py:840} INFO - DAG(s) 'example_xcom' retrieved from /home/airflow/.local/lib/python3.12/site-packages/airflow/example_dags/example_xcom.py
[2026-04-02T16:29:47.766+0000] {logging_mixin.py:188} INFO - [2026-04-02T16:29:47.766+0000] {dag.py:3096} INFO - Sync 1 DAGs
[2026-04-02T16:29:47.778+0000] {logging_mixin.py:188} INFO - [2026-04-02T16:29:47.778+0000] {dag.py:3954} INFO - Setting next_dagrun for example_xcom to 2021-01-01 00:00:00+00:00, run_after=2021-01-01 00:00:00+00:00
[2026-04-02T16:29:47.885+0000] {processor.py:183} INFO - Processing /home/airflow/.local/lib/python3.12/site-packages/airflow/example_dags/example_xcom.py took 0.149 seconds
[2026-04-02T16:30:18.499+0000] {processor.py:161} INFO - Started process (PID=1165) to work on /home/airflow/.local/lib/python3.12/site-packages/airflow/example_dags/example_xcom.py
[2026-04-02T16:30:18.501+0000] {processor.py:830} INFO - Processing file /home/airflow/.local/lib/python3.12/site-packages/airflow/example_dags/example_xcom.py for tasks to queue
[2026-04-02T16:30:18.502+0000] {logging_mixin.py:188} INFO - [2026-04-02T16:30:18.502+0000] {dagbag.py:540} INFO - Filling up the DagBag from /home/airflow/.local/lib/python3.12/site-packages/airflow/example_dags/example_xcom.py
[2026-04-02T16:30:18.507+0000] {processor.py:840} INFO - DAG(s) 'example_xcom' retrieved from /home/airflow/.local/lib/python3.12/site-packages/airflow/example_dags/example_xcom.py
[2026-04-02T16:30:18.521+0000] {logging_mixin.py:188} INFO - [2026-04-02T16:30:18.521+0000] {dag.py:3096} INFO - Sync 1 DAGs
[2026-04-02T16:30:18.532+0000] {logging_mixin.py:188} INFO - [2026-04-02T16:30:18.532+0000] {dag.py:3954} INFO - Setting next_dagrun for example_xcom to 2021-01-01 00:00:00+00:00, run_after=2021-01-01 00:00:00+00:00
[2026-04-02T16:30:18.541+0000] {processor.py:183} INFO - Processing /home/airflow/.local/lib/python3.12/site-packages/airflow/example_dags/example_xcom.py took 0.046 seconds
[2026-04-02T16:30:48.893+0000] {processor.py:161} INFO - Started process (PID=1223) to work on /home/airflow/.local/lib/python3.12/site-packages/airflow/example_dags/example_xcom.py
[2026-04-02T16:30:48.896+0000] {processor.py:830} INFO - Processing file /home/airflow/.local/lib/python3.12/site-packages/airflow/example_dags/example_xcom.py for tasks to queue
[2026-04-02T16:30:48.897+0000] {logging_mixin.py:188} INFO - [2026-04-02T16:30:48.897+0000] {dagbag.py:540} INFO - Filling up the DagBag from /home/airflow/.local/lib/python3.12/site-packages/airflow/example_dags/example_xcom.py
[2026-04-02T16:30:48.901+0000] {processor.py:840} INFO - DAG(s) 'example_xcom' retrieved from /home/airflow/.local/lib/python3.12/site-packages/airflow/example_dags/example_xcom.py
[2026-04-02T16:30:48.915+0000] {logging_mixin.py:188} INFO - [2026-04-02T16:30:48.914+0000] {dag.py:3096} INFO - Sync 1 DAGs
[2026-04-02T16:30:48.925+0000] {logging_mixin.py:188} INFO - [2026-04-02T16:30:48.925+0000] {dag.py:3954} INFO - Setting next_dagrun for example_xcom to 2021-01-01 00:00:00+00:00, run_after=2021-01-01 00:00:00+00:00
[2026-04-02T16:30:48.934+0000] {processor.py:183} INFO - Processing /home/airflow/.local/lib/python3.12/site-packages/airflow/example_dags/example_xcom.py took 0.044 seconds
[2026-04-02T16:31:19.482+0000] {processor.py:161} INFO - Started process (PID=1281) to work on /home/airflow/.local/lib/python3.12/site-packages/airflow/example_dags/example_xcom.py
[2026-04-02T16:31:19.483+0000] {processor.py:830} INFO - Processing file /home/airflow/.local/lib/python3.12/site-packages/airflow/example_dags/example_xcom.py for tasks to queue
[2026-04-02T16:31:19.484+0000] {logging_mixin.py:188} INFO - [2026-04-02T16:31:19.484+0000] {dagbag.py:540} INFO - Filling up the DagBag from /home/airflow/.local/lib/python3.12/site-packages/airflow/example_dags/example_xcom.py
[2026-04-02T16:31:19.488+0000] {processor.py:840} INFO - DAG(s) 'example_xcom' retrieved from /home/airflow/.local/lib/python3.12/site-packages/airflow/example_dags/example_xcom.py
[2026-04-02T16:31:19.499+0000] {logging_mixin.py:188} INFO - [2026-04-02T16:31:19.499+0000] {dag.py:3096} INFO - Sync 1 DAGs
[2026-04-02T16:31:19.508+0000] {logging_mixin.py:188} INFO - [2026-04-02T16:31:19.508+0000] {dag.py:3954} INFO - Setting next_dagrun for example_xcom to 2021-01-01 00:00:00+00:00, run_after=2021-01-01 00:00:00+00:00
[2026-04-02T16:31:19.516+0000] {processor.py:183} INFO - Processing /home/airflow/.local/lib/python3.12/site-packages/airflow/example_dags/example_xcom.py took 0.036 seconds
[2026-04-02T16:31:50.144+0000] {processor.py:161} INFO - Started process (PID=1339) to work on /home/airflow/.local/lib/python3.12/site-packages/airflow/example_dags/example_xcom.py
[2026-04-02T16:31:50.144+0000] {processor.py:830} INFO - Processing file /home/airflow/.local/lib/python3.12/site-packages/airflow/example_dags/example_xcom.py for tasks to queue
[2026-04-02T16:31:50.146+0000] {logging_mixin.py:188} INFO - [2026-04-02T16:31:50.145+0000] {dagbag.py:540} INFO - Filling up the DagBag from /home/airflow/.local/lib/python3.12/site-packages/airflow/example_dags/example_xcom.py
[2026-04-02T16:31:50.153+0000] {processor.py:840} INFO - DAG(s) 'example_xcom' retrieved from /home/airflow/.local/lib/python3.12/site-packages/airflow/example_dags/example_xcom.py
[2026-04-02T16:31:50.166+0000] {logging_mixin.py:188} INFO - [2026-04-02T16:31:50.166+0000] {dag.py:3096} INFO - Sync 1 DAGs
[2026-04-02T16:31:50.177+0000] {logging_mixin.py:188} INFO - [2026-04-02T16:31:50.177+0000] {dag.py:3954} INFO - Setting next_dagrun for example_xcom to 2021-01-01 00:00:00+00:00, run_after=2021-01-01 00:00:00+00:00
[2026-04-02T16:31:50.186+0000] {processor.py:183} INFO - Processing /home/airflow/.local/lib/python3.12/site-packages/airflow/example_dags/example_xcom.py took 0.046 seconds
[2026-04-02T16:32:20.933+0000] {processor.py:161} INFO - Started process (PID=1397) to work on /home/airflow/.local/lib/python3.12/site-packages/airflow/example_dags/example_xcom.py
[2026-04-02T16:32:20.934+0000] {processor.py:830} INFO - Processing file /home/airflow/.local/lib/python3.12/site-packages/airflow/example_dags/example_xcom.py for tasks to queue
[2026-04-02T16:32:20.935+0000] {logging_mixin.py:188} INFO - [2026-04-02T16:32:20.935+0000] {dagbag.py:540} INFO - Filling up the DagBag from /home/airflow/.local/lib/python3.12/site-packages/airflow/example_dags/example_xcom.py
[2026-04-02T16:32:20.940+0000] {processor.py:840} INFO - DAG(s) 'example_xcom' retrieved from /home/airflow/.local/lib/python3.12/site-packages/airflow/example_dags/example_xcom.py
[2026-04-02T16:32:20.952+0000] {logging_mixin.py:188} INFO - [2026-04-02T16:32:20.952+0000] {dag.py:3096} INFO - Sync 1 DAGs
[2026-04-02T16:32:20.962+0000] {logging_mixin.py:188} INFO - [2026-04-02T16:32:20.962+0000] {dag.py:3954} INFO - Setting next_dagrun for example_xcom to 2021-01-01 00:00:00+00:00, run_after=2021-01-01 00:00:00+00:00
[2026-04-02T16:32:20.970+0000] {processor.py:183} INFO - Processing /home/airflow/.local/lib/python3.12/site-packages/airflow/example_dags/example_xcom.py took 0.041 seconds
[2026-04-02T16:32:51.544+0000] {processor.py:161} INFO - Started process (PID=1455) to work on /home/airflow/.local/lib/python3.12/site-packages/airflow/example_dags/example_xcom.py
[2026-04-02T16:32:51.546+0000] {processor.py:830} INFO - Processing file /home/airflow/.local/lib/python3.12/site-packages/airflow/example_dags/example_xcom.py for tasks to queue
[2026-04-02T16:32:51.547+0000] {logging_mixin.py:188} INFO - [2026-04-02T16:32:51.547+0000] {dagbag.py:540} INFO - Filling up the DagBag from /home/airflow/.local/lib/python3.12/site-packages/airflow/example_dags/example_xcom.py
[2026-04-02T16:32:51.552+0000] {processor.py:840} INFO - DAG(s) 'example_xcom' retrieved from /home/airflow/.local/lib/python3.12/site-packages/airflow/example_dags/example_xcom.py
[2026-04-02T16:32:51.567+0000] {logging_mixin.py:188} INFO - [2026-04-02T16:32:51.567+0000] {dag.py:3096} INFO - Sync 1 DAGs
[2026-04-02T16:32:51.578+0000] {logging_mixin.py:188} INFO - [2026-04-02T16:32:51.578+0000] {dag.py:3954} INFO - Setting next_dagrun for example_xcom to 2021-01-01 00:00:00+00:00, run_after=2021-01-01 00:00:00+00:00
[2026-04-02T16:32:51.586+0000] {processor.py:183} INFO - Processing /home/airflow/.local/lib/python3.12/site-packages/airflow/example_dags/example_xcom.py took 0.046 seconds
[2026-04-02T16:33:22.066+0000] {processor.py:161} INFO - Started process (PID=1513) to work on /home/airflow/.local/lib/python3.12/site-packages/airflow/example_dags/example_xcom.py
[2026-04-02T16:33:22.067+0000] {processor.py:830} INFO - Processing file /home/airflow/.local/lib/python3.12/site-packages/airflow/example_dags/example_xcom.py for tasks to queue
[2026-04-02T16:33:22.068+0000] {logging_mixin.py:188} INFO - [2026-04-02T16:33:22.068+0000] {dagbag.py:540} INFO - Filling up the DagBag from /home/airflow/.local/lib/python3.12/site-packages/airflow/example_dags/example_xcom.py
[2026-04-02T16:33:22.073+0000] {processor.py:840} INFO - DAG(s) 'example_xcom' retrieved from /home/airflow/.local/lib/python3.12/site-packages/airflow/example_dags/example_xcom.py
[2026-04-02T16:33:22.084+0000] {logging_mixin.py:188} INFO - [2026-04-02T16:33:22.084+0000] {dag.py:3096} INFO - Sync 1 DAGs
[2026-04-02T16:33:22.095+0000] {logging_mixin.py:188} INFO - [2026-04-02T16:33:22.095+0000] {dag.py:3954} INFO - Setting next_dagrun for example_xcom to 2021-01-01 00:00:00+00:00, run_after=2021-01-01 00:00:00+00:00
[2026-04-02T16:33:22.103+0000] {processor.py:183} INFO - Processing /home/airflow/.local/lib/python3.12/site-packages/airflow/example_dags/example_xcom.py took 0.040 seconds
[2026-04-02T16:33:52.730+0000] {processor.py:161} INFO - Started process (PID=1571) to work on /home/airflow/.local/lib/python3.12/site-packages/airflow/example_dags/example_xcom.py
[2026-04-02T16:33:52.731+0000] {processor.py:830} INFO - Processing file /home/airflow/.local/lib/python3.12/site-packages/airflow/example_dags/example_xcom.py for tasks to queue
[2026-04-02T16:33:52.732+0000] {logging_mixin.py:188} INFO - [2026-04-02T16:33:52.732+0000] {dagbag.py:540} INFO - Filling up the DagBag from /home/airflow/.local/lib/python3.12/site-packages/airflow/example_dags/example_xcom.py
[2026-04-02T16:33:52.736+0000] {processor.py:840} INFO - DAG(s) 'example_xcom' retrieved from /home/airflow/.local/lib/python3.12/site-packages/airflow/example_dags/example_xcom.py
[2026-04-02T16:33:52.749+0000] {logging_mixin.py:188} INFO - [2026-04-02T16:33:52.749+0000] {dag.py:3096} INFO - Sync 1 DAGs
[2026-04-02T16:33:52.759+0000] {logging_mixin.py:188} INFO - [2026-04-02T16:33:52.759+0000] {dag.py:3954} INFO - Setting next_dagrun for example_xcom to 2021-01-01 00:00:00+00:00, run_after=2021-01-01 00:00:00+00:00
[2026-04-02T16:33:52.766+0000] {processor.py:183} INFO - Processing /home/airflow/.local/lib/python3.12/site-packages/airflow/example_dags/example_xcom.py took 0.039 seconds
[2026-04-02T16:34:23.442+0000] {processor.py:161} INFO - Started process (PID=1629) to work on /home/airflow/.local/lib/python3.12/site-packages/airflow/example_dags/example_xcom.py
[2026-04-02T16:34:23.442+0000] {processor.py:830} INFO - Processing file /home/airflow/.local/lib/python3.12/site-packages/airflow/example_dags/example_xcom.py for tasks to queue
[2026-04-02T16:34:23.444+0000] {logging_mixin.py:188} INFO - [2026-04-02T16:34:23.443+0000] {dagbag.py:540} INFO - Filling up the DagBag from /home/airflow/.local/lib/python3.12/site-packages/airflow/example_dags/example_xcom.py
[2026-04-02T16:34:23.448+0000] {processor.py:840} INFO - DAG(s) 'example_xcom' retrieved from /home/airflow/.local/lib/python3.12/site-packages/airflow/example_dags/example_xcom.py
[2026-04-02T16:34:23.461+0000] {logging_mixin.py:188} INFO - [2026-04-02T16:34:23.460+0000] {dag.py:3096} INFO - Sync 1 DAGs
[2026-04-02T16:34:23.470+0000] {logging_mixin.py:188} INFO - [2026-04-02T16:34:23.470+0000] {dag.py:3954} INFO - Setting next_dagrun for example_xcom to 2021-01-01 00:00:00+00:00, run_after=2021-01-01 00:00:00+00:00
[2026-04-02T16:34:23.480+0000] {processor.py:183} INFO - Processing /home/airflow/.local/lib/python3.12/site-packages/airflow/example_dags/example_xcom.py took 0.041 seconds
[2026-04-02T16:34:54.077+0000] {processor.py:161} INFO - Started process (PID=1687) to work on /home/airflow/.local/lib/python3.12/site-packages/airflow/example_dags/example_xcom.py
[2026-04-02T16:34:54.077+0000] {processor.py:830} INFO - Processing file /home/airflow/.local/lib/python3.12/site-packages/airflow/example_dags/example_xcom.py for tasks to queue
[2026-04-02T16:34:54.080+0000] {logging_mixin.py:188} INFO - [2026-04-02T16:34:54.080+0000] {dagbag.py:540} INFO - Filling up the DagBag from /home/airflow/.local/lib/python3.12/site-packages/airflow/example_dags/example_xcom.py
[2026-04-02T16:34:54.085+0000] {processor.py:840} INFO - DAG(s) 'example_xcom' retrieved from /home/airflow/.local/lib/python3.12/site-packages/airflow/example_dags/example_xcom.py
[2026-04-02T16:34:54.098+0000] {logging_mixin.py:188} INFO - [2026-04-02T16:34:54.098+0000] {dag.py:3096} INFO - Sync 1 DAGs
[2026-04-02T16:34:54.110+0000] {logging_mixin.py:188} INFO - [2026-04-02T16:34:54.109+0000] {dag.py:3954} INFO - Setting next_dagrun for example_xcom to 2021-01-01 00:00:00+00:00, run_after=2021-01-01 00:00:00+00:00
[2026-04-02T16:34:54.119+0000] {processor.py:183} INFO - Processing /home/airflow/.local/lib/python3.12/site-packages/airflow/example_dags/example_xcom.py took 0.046 seconds
[2026-04-02T16:35:24.724+0000] {processor.py:161} INFO - Started process (PID=1745) to work on /home/airflow/.local/lib/python3.12/site-packages/airflow/example_dags/example_xcom.py
[2026-04-02T16:35:24.724+0000] {processor.py:830} INFO - Processing file /home/airflow/.local/lib/python3.12/site-packages/airflow/example_dags/example_xcom.py for tasks to queue
[2026-04-02T16:35:24.725+0000] {logging_mixin.py:188} INFO - [2026-04-02T16:35:24.725+0000] {dagbag.py:540} INFO - Filling up the DagBag from /home/airflow/.local/lib/python3.12/site-packages/airflow/example_dags/example_xcom.py
[2026-04-02T16:35:24.729+0000] {processor.py:840} INFO - DAG(s) 'example_xcom' retrieved from /home/airflow/.local/lib/python3.12/site-packages/airflow/example_dags/example_xcom.py
[2026-04-02T16:35:24.741+0000] {logging_mixin.py:188} INFO - [2026-04-02T16:35:24.741+0000] {dag.py:3096} INFO - Sync 1 DAGs
[2026-04-02T16:35:24.751+0000] {logging_mixin.py:188} INFO - [2026-04-02T16:35:24.751+0000] {dag.py:3954} INFO - Setting next_dagrun for example_xcom to 2021-01-01 00:00:00+00:00, run_after=2021-01-01 00:00:00+00:00
[2026-04-02T16:35:24.760+0000] {processor.py:183} INFO - Processing /home/airflow/.local/lib/python3.12/site-packages/airflow/example_dags/example_xcom.py took 0.040 seconds
[2026-04-02T16:35:55.357+0000] {processor.py:161} INFO - Started process (PID=1803) to work on /home/airflow/.local/lib/python3.12/site-packages/airflow/example_dags/example_xcom.py
[2026-04-02T16:35:55.358+0000] {processor.py:830} INFO - Processing file /home/airflow/.local/lib/python3.12/site-packages/airflow/example_dags/example_xcom.py for tasks to queue
[2026-04-02T16:35:55.360+0000] {logging_mixin.py:188} INFO - [2026-04-02T16:35:55.360+0000] {dagbag.py:540} INFO - Filling up the DagBag from /home/airflow/.local/lib/python3.12/site-packages/airflow/example_dags/example_xcom.py
[2026-04-02T16:35:55.366+0000] {processor.py:840} INFO - DAG(s) 'example_xcom' retrieved from /home/airflow/.local/lib/python3.12/site-packages/airflow/example_dags/example_xcom.py
[2026-04-02T16:35:55.379+0000] {logging_mixin.py:188} INFO - [2026-04-02T16:35:55.378+0000] {dag.py:3096} INFO - Sync 1 DAGs
[2026-04-02T16:35:55.389+0000] {logging_mixin.py:188} INFO - [2026-04-02T16:35:55.389+0000] {dag.py:3954} INFO - Setting next_dagrun for example_xcom to 2021-01-01 00:00:00+00:00, run_after=2021-01-01 00:00:00+00:00
[2026-04-02T16:35:55.396+0000] {processor.py:183} INFO - Processing /home/airflow/.local/lib/python3.12/site-packages/airflow/example_dags/example_xcom.py took 0.043 seconds
[2026-04-02T16:36:26.032+0000] {processor.py:161} INFO - Started process (PID=1861) to work on /home/airflow/.local/lib/python3.12/site-packages/airflow/example_dags/example_xcom.py
[2026-04-02T16:36:26.033+0000] {processor.py:830} INFO - Processing file /home/airflow/.local/lib/python3.12/site-packages/airflow/example_dags/example_xcom.py for tasks to queue
[2026-04-02T16:36:26.034+0000] {logging_mixin.py:188} INFO - [2026-04-02T16:36:26.033+0000] {dagbag.py:540} INFO - Filling up the DagBag from /home/airflow/.local/lib/python3.12/site-packages/airflow/example_dags/example_xcom.py
[2026-04-02T16:36:26.038+0000] {processor.py:840} INFO - DAG(s) 'example_xcom' retrieved from /home/airflow/.local/lib/python3.12/site-packages/airflow/example_dags/example_xcom.py
[2026-04-02T16:36:26.050+0000] {logging_mixin.py:188} INFO - [2026-04-02T16:36:26.050+0000] {dag.py:3096} INFO - Sync 1 DAGs
[2026-04-02T16:36:26.060+0000] {logging_mixin.py:188} INFO - [2026-04-02T16:36:26.060+0000] {dag.py:3954} INFO - Setting next_dagrun for example_xcom to 2021-01-01 00:00:00+00:00, run_after=2021-01-01 00:00:00+00:00
[2026-04-02T16:36:26.068+0000] {processor.py:183} INFO - Processing /home/airflow/.local/lib/python3.12/site-packages/airflow/example_dags/example_xcom.py took 0.039 seconds
[2026-04-02T16:36:57.548+0000] {processor.py:161} INFO - Started process (PID=1919) to work on /home/airflow/.local/lib/python3.12/site-packages/airflow/example_dags/example_xcom.py
[2026-04-02T16:36:57.548+0000] {processor.py:830} INFO - Processing file /home/airflow/.local/lib/python3.12/site-packages/airflow/example_dags/example_xcom.py for tasks to queue
[2026-04-02T16:36:57.549+0000] {logging_mixin.py:188} INFO - [2026-04-02T16:36:57.549+0000] {dagbag.py:540} INFO - Filling up the DagBag from /home/airflow/.local/lib/python3.12/site-packages/airflow/example_dags/example_xcom.py
[2026-04-02T16:36:57.553+0000] {processor.py:840} INFO - DAG(s) 'example_xcom' retrieved from /home/airflow/.local/lib/python3.12/site-packages/airflow/example_dags/example_xcom.py
[2026-04-02T16:36:57.579+0000] {logging_mixin.py:188} INFO - [2026-04-02T16:36:57.579+0000] {dag.py:3096} INFO - Sync 1 DAGs
[2026-04-02T16:36:57.597+0000] {logging_mixin.py:188} INFO - [2026-04-02T16:36:57.597+0000] {dag.py:3954} INFO - Setting next_dagrun for example_xcom to 2021-01-01 00:00:00+00:00, run_after=2021-01-01 00:00:00+00:00
[2026-04-02T16:36:57.605+0000] {processor.py:183} INFO - Processing /home/airflow/.local/lib/python3.12/site-packages/airflow/example_dags/example_xcom.py took 0.061 seconds
[2026-04-02T16:37:28.275+0000] {processor.py:161} INFO - Started process (PID=1977) to work on /home/airflow/.local/lib/python3.12/site-packages/airflow/example_dags/example_xcom.py
[2026-04-02T16:37:28.276+0000] {processor.py:830} INFO - Processing file /home/airflow/.local/lib/python3.12/site-packages/airflow/example_dags/example_xcom.py for tasks to queue
[2026-04-02T16:37:28.277+0000] {logging_mixin.py:188} INFO - [2026-04-02T16:37:28.276+0000] {dagbag.py:540} INFO - Filling up the DagBag from /home/airflow/.local/lib/python3.12/site-packages/airflow/example_dags/example_xcom.py
[2026-04-02T16:37:28.281+0000] {processor.py:840} INFO - DAG(s) 'example_xcom' retrieved from /home/airflow/.local/lib/python3.12/site-packages/airflow/example_dags/example_xcom.py
[2026-04-02T16:37:28.294+0000] {logging_mixin.py:188} INFO - [2026-04-02T16:37:28.294+0000] {dag.py:3096} INFO - Sync 1 DAGs
[2026-04-02T16:37:28.305+0000] {logging_mixin.py:188} INFO - [2026-04-02T16:37:28.304+0000] {dag.py:3954} INFO - Setting next_dagrun for example_xcom to 2021-01-01 00:00:00+00:00, run_after=2021-01-01 00:00:00+00:00
[2026-04-02T16:37:28.316+0000] {processor.py:183} INFO - Processing /home/airflow/.local/lib/python3.12/site-packages/airflow/example_dags/example_xcom.py took 0.043 seconds
[2026-04-02T16:37:58.829+0000] {processor.py:161} INFO - Started process (PID=2035) to work on /home/airflow/.local/lib/python3.12/site-packages/airflow/example_dags/example_xcom.py
[2026-04-02T16:37:58.830+0000] {processor.py:830} INFO - Processing file /home/airflow/.local/lib/python3.12/site-packages/airflow/example_dags/example_xcom.py for tasks to queue
[2026-04-02T16:37:58.831+0000] {logging_mixin.py:188} INFO - [2026-04-02T16:37:58.831+0000] {dagbag.py:540} INFO - Filling up the DagBag from /home/airflow/.local/lib/python3.12/site-packages/airflow/example_dags/example_xcom.py
[2026-04-02T16:37:58.837+0000] {processor.py:840} INFO - DAG(s) 'example_xcom' retrieved from /home/airflow/.local/lib/python3.12/site-packages/airflow/example_dags/example_xcom.py
[2026-04-02T16:37:58.851+0000] {logging_mixin.py:188} INFO - [2026-04-02T16:37:58.851+0000] {dag.py:3096} INFO - Sync 1 DAGs
[2026-04-02T16:37:58.864+0000] {logging_mixin.py:188} INFO - [2026-04-02T16:37:58.863+0000] {dag.py:3954} INFO - Setting next_dagrun for example_xcom to 2021-01-01 00:00:00+00:00, run_after=2021-01-01 00:00:00+00:00
[2026-04-02T16:37:58.874+0000] {processor.py:183} INFO - Processing /home/airflow/.local/lib/python3.12/site-packages/airflow/example_dags/example_xcom.py took 0.050 seconds
[2026-04-02T16:38:29.541+0000] {processor.py:161} INFO - Started process (PID=2093) to work on /home/airflow/.local/lib/python3.12/site-packages/airflow/example_dags/example_xcom.py
[2026-04-02T16:38:29.542+0000] {processor.py:830} INFO - Processing file /home/airflow/.local/lib/python3.12/site-packages/airflow/example_dags/example_xcom.py for tasks to queue
[2026-04-02T16:38:29.543+0000] {logging_mixin.py:188} INFO - [2026-04-02T16:38:29.543+0000] {dagbag.py:540} INFO - Filling up the DagBag from /home/airflow/.local/lib/python3.12/site-packages/airflow/example_dags/example_xcom.py
[2026-04-02T16:38:29.547+0000] {processor.py:840} INFO - DAG(s) 'example_xcom' retrieved from /home/airflow/.local/lib/python3.12/site-packages/airflow/example_dags/example_xcom.py
[2026-04-02T16:38:29.560+0000] {logging_mixin.py:188} INFO - [2026-04-02T16:38:29.559+0000] {dag.py:3096} INFO - Sync 1 DAGs
[2026-04-02T16:38:29.570+0000] {logging_mixin.py:188} INFO - [2026-04-02T16:38:29.570+0000] {dag.py:3954} INFO - Setting next_dagrun for example_xcom to 2021-01-01 00:00:00+00:00, run_after=2021-01-01 00:00:00+00:00
[2026-04-02T16:38:29.582+0000] {processor.py:183} INFO - Processing /home/airflow/.local/lib/python3.12/site-packages/airflow/example_dags/example_xcom.py took 0.044 seconds
[2026-04-02T16:39:00.273+0000] {processor.py:161} INFO - Started process (PID=2151) to work on /home/airflow/.local/lib/python3.12/site-packages/airflow/example_dags/example_xcom.py
[2026-04-02T16:39:00.274+0000] {processor.py:830} INFO - Processing file /home/airflow/.local/lib/python3.12/site-packages/airflow/example_dags/example_xcom.py for tasks to queue
[2026-04-02T16:39:00.275+0000] {logging_mixin.py:188} INFO - [2026-04-02T16:39:00.275+0000] {dagbag.py:540} INFO - Filling up the DagBag from /home/airflow/.local/lib/python3.12/site-packages/airflow/example_dags/example_xcom.py
[2026-04-02T16:39:00.279+0000] {processor.py:840} INFO - DAG(s) 'example_xcom' retrieved from /home/airflow/.local/lib/python3.12/site-packages/airflow/example_dags/example_xcom.py
[2026-04-02T16:39:00.291+0000] {logging_mixin.py:188} INFO - [2026-04-02T16:39:00.291+0000] {dag.py:3096} INFO - Sync 1 DAGs
[2026-04-02T16:39:00.302+0000] {logging_mixin.py:188} INFO - [2026-04-02T16:39:00.302+0000] {dag.py:3954} INFO - Setting next_dagrun for example_xcom to 2021-01-01 00:00:00+00:00, run_after=2021-01-01 00:00:00+00:00
[2026-04-02T16:39:00.310+0000] {processor.py:183} INFO - Processing /home/airflow/.local/lib/python3.12/site-packages/airflow/example_dags/example_xcom.py took 0.040 seconds
[2026-04-02T16:39:30.855+0000] {processor.py:161} INFO - Started process (PID=2209) to work on /home/airflow/.local/lib/python3.12/site-packages/airflow/example_dags/example_xcom.py
[2026-04-02T16:39:30.855+0000] {processor.py:830} INFO - Processing file /home/airflow/.local/lib/python3.12/site-packages/airflow/example_dags/example_xcom.py for tasks to queue
[2026-04-02T16:39:30.858+0000] {logging_mixin.py:188} INFO - [2026-04-02T16:39:30.858+0000] {dagbag.py:540} INFO - Filling up the DagBag from /home/airflow/.local/lib/python3.12/site-packages/airflow/example_dags/example_xcom.py
[2026-04-02T16:39:30.862+0000] {processor.py:840} INFO - DAG(s) 'example_xcom' retrieved from /home/airflow/.local/lib/python3.12/site-packages/airflow/example_dags/example_xcom.py
[2026-04-02T16:39:30.874+0000] {logging_mixin.py:188} INFO - [2026-04-02T16:39:30.874+0000] {dag.py:3096} INFO - Sync 1 DAGs
[2026-04-02T16:39:30.885+0000] {logging_mixin.py:188} INFO - [2026-04-02T16:39:30.885+0000] {dag.py:3954} INFO - Setting next_dagrun for example_xcom to 2021-01-01 00:00:00+00:00, run_after=2021-01-01 00:00:00+00:00
[2026-04-02T16:39:30.893+0000] {processor.py:183} INFO - Processing /home/airflow/.local/lib/python3.12/site-packages/airflow/example_dags/example_xcom.py took 0.041 seconds
[2026-04-02T16:40:01.468+0000] {processor.py:161} INFO - Started process (PID=2267) to work on /home/airflow/.local/lib/python3.12/site-packages/airflow/example_dags/example_xcom.py
[2026-04-02T16:40:01.468+0000] {processor.py:830} INFO - Processing file /home/airflow/.local/lib/python3.12/site-packages/airflow/example_dags/example_xcom.py for tasks to queue
[2026-04-02T16:40:01.469+0000] {logging_mixin.py:188} INFO - [2026-04-02T16:40:01.469+0000] {dagbag.py:540} INFO - Filling up the DagBag from /home/airflow/.local/lib/python3.12/site-packages/airflow/example_dags/example_xcom.py
[2026-04-02T16:40:01.474+0000] {processor.py:840} INFO - DAG(s) 'example_xcom' retrieved from /home/airflow/.local/lib/python3.12/site-packages/airflow/example_dags/example_xcom.py
[2026-04-02T16:40:01.485+0000] {logging_mixin.py:188} INFO - [2026-04-02T16:40:01.485+0000] {dag.py:3096} INFO - Sync 1 DAGs
[2026-04-02T16:40:01.494+0000] {logging_mixin.py:188} INFO - [2026-04-02T16:40:01.494+0000] {dag.py:3954} INFO - Setting next_dagrun for example_xcom to 2021-01-01 00:00:00+00:00, run_after=2021-01-01 00:00:00+00:00
[2026-04-02T16:40:01.502+0000] {processor.py:183} INFO - Processing /home/airflow/.local/lib/python3.12/site-packages/airflow/example_dags/example_xcom.py took 0.038 seconds
[2026-04-02T16:40:32.139+0000] {processor.py:161} INFO - Started process (PID=2325) to work on /home/airflow/.local/lib/python3.12/site-packages/airflow/example_dags/example_xcom.py
[2026-04-02T16:40:32.139+0000] {processor.py:830} INFO - Processing file /home/airflow/.local/lib/python3.12/site-packages/airflow/example_dags/example_xcom.py for tasks to queue
[2026-04-02T16:40:32.141+0000] {logging_mixin.py:188} INFO - [2026-04-02T16:40:32.140+0000] {dagbag.py:540} INFO - Filling up the DagBag from /home/airflow/.local/lib/python3.12/site-packages/airflow/example_dags/example_xcom.py
[2026-04-02T16:40:32.145+0000] {processor.py:840} INFO - DAG(s) 'example_xcom' retrieved from /home/airflow/.local/lib/python3.12/site-packages/airflow/example_dags/example_xcom.py
[2026-04-02T16:40:32.158+0000] {logging_mixin.py:188} INFO - [2026-04-02T16:40:32.158+0000] {dag.py:3096} INFO - Sync 1 DAGs
[2026-04-02T16:40:32.170+0000] {logging_mixin.py:188} INFO - [2026-04-02T16:40:32.170+0000] {dag.py:3954} INFO - Setting next_dagrun for example_xcom to 2021-01-01 00:00:00+00:00, run_after=2021-01-01 00:00:00+00:00
[2026-04-02T16:40:32.181+0000] {processor.py:183} INFO - Processing /home/airflow/.local/lib/python3.12/site-packages/airflow/example_dags/example_xcom.py took 0.045 seconds
[2026-04-02T16:41:03.041+0000] {processor.py:161} INFO - Started process (PID=2383) to work on /home/airflow/.local/lib/python3.12/site-packages/airflow/example_dags/example_xcom.py
[2026-04-02T16:41:03.042+0000] {processor.py:830} INFO - Processing file /home/airflow/.local/lib/python3.12/site-packages/airflow/example_dags/example_xcom.py for tasks to queue
[2026-04-02T16:41:03.043+0000] {logging_mixin.py:188} INFO - [2026-04-02T16:41:03.043+0000] {dagbag.py:540} INFO - Filling up the DagBag from /home/airflow/.local/lib/python3.12/site-packages/airflow/example_dags/example_xcom.py
[2026-04-02T16:41:03.051+0000] {processor.py:840} INFO - DAG(s) 'example_xcom' retrieved from /home/airflow/.local/lib/python3.12/site-packages/airflow/example_dags/example_xcom.py
[2026-04-02T16:41:03.064+0000] {logging_mixin.py:188} INFO - [2026-04-02T16:41:03.063+0000] {dag.py:3096} INFO - Sync 1 DAGs
[2026-04-02T16:41:03.078+0000] {logging_mixin.py:188} INFO - [2026-04-02T16:41:03.078+0000] {dag.py:3954} INFO - Setting next_dagrun for example_xcom to 2021-01-01 00:00:00+00:00, run_after=2021-01-01 00:00:00+00:00
[2026-04-02T16:41:03.092+0000] {processor.py:183} INFO - Processing /home/airflow/.local/lib/python3.12/site-packages/airflow/example_dags/example_xcom.py took 0.054 seconds
[2026-04-02T16:41:33.854+0000] {processor.py:161} INFO - Started process (PID=2441) to work on /home/airflow/.local/lib/python3.12/site-packages/airflow/example_dags/example_xcom.py
[2026-04-02T16:41:33.857+0000] {processor.py:830} INFO - Processing file /home/airflow/.local/lib/python3.12/site-packages/airflow/example_dags/example_xcom.py for tasks to queue
[2026-04-02T16:41:33.858+0000] {logging_mixin.py:188} INFO - [2026-04-02T16:41:33.857+0000] {dagbag.py:540} INFO - Filling up the DagBag from /home/airflow/.local/lib/python3.12/site-packages/airflow/example_dags/example_xcom.py
[2026-04-02T16:41:33.861+0000] {processor.py:840} INFO - DAG(s) 'example_xcom' retrieved from /home/airflow/.local/lib/python3.12/site-packages/airflow/example_dags/example_xcom.py
[2026-04-02T16:41:33.884+0000] {logging_mixin.py:188} INFO - [2026-04-02T16:41:33.884+0000] {dag.py:3096} INFO - Sync 1 DAGs
[2026-04-02T16:41:33.898+0000] {logging_mixin.py:188} INFO - [2026-04-02T16:41:33.898+0000] {dag.py:3954} INFO - Setting next_dagrun for example_xcom to 2021-01-01 00:00:00+00:00, run_after=2021-01-01 00:00:00+00:00
[2026-04-02T16:41:33.907+0000] {processor.py:183} INFO - Processing /home/airflow/.local/lib/python3.12/site-packages/airflow/example_dags/example_xcom.py took 0.056 seconds
[2026-04-02T16:42:04.789+0000] {processor.py:161} INFO - Started process (PID=2499) to work on /home/airflow/.local/lib/python3.12/site-packages/airflow/example_dags/example_xcom.py
[2026-04-02T16:42:04.790+0000] {processor.py:830} INFO - Processing file /home/airflow/.local/lib/python3.12/site-packages/airflow/example_dags/example_xcom.py for tasks to queue
[2026-04-02T16:42:04.793+0000] {logging_mixin.py:188} INFO - [2026-04-02T16:42:04.792+0000] {dagbag.py:540} INFO - Filling up the DagBag from /home/airflow/.local/lib/python3.12/site-packages/airflow/example_dags/example_xcom.py
[2026-04-02T16:42:04.799+0000] {processor.py:840} INFO - DAG(s) 'example_xcom' retrieved from /home/airflow/.local/lib/python3.12/site-packages/airflow/example_dags/example_xcom.py
[2026-04-02T16:42:04.818+0000] {logging_mixin.py:188} INFO - [2026-04-02T16:42:04.817+0000] {dag.py:3096} INFO - Sync 1 DAGs
[2026-04-02T16:42:04.828+0000] {logging_mixin.py:188} INFO - [2026-04-02T16:42:04.828+0000] {dag.py:3954} INFO - Setting next_dagrun for example_xcom to 2021-01-01 00:00:00+00:00, run_after=2021-01-01 00:00:00+00:00
[2026-04-02T16:42:04.847+0000] {processor.py:183} INFO - Processing /home/airflow/.local/lib/python3.12/site-packages/airflow/example_dags/example_xcom.py took 0.060 seconds
[2026-04-02T16:42:35.771+0000] {processor.py:161} INFO - Started process (PID=2557) to work on /home/airflow/.local/lib/python3.12/site-packages/airflow/example_dags/example_xcom.py
[2026-04-02T16:42:35.771+0000] {processor.py:830} INFO - Processing file /home/airflow/.local/lib/python3.12/site-packages/airflow/example_dags/example_xcom.py for tasks to queue
[2026-04-02T16:42:35.772+0000] {logging_mixin.py:188} INFO - [2026-04-02T16:42:35.772+0000] {dagbag.py:540} INFO - Filling up the DagBag from /home/airflow/.local/lib/python3.12/site-packages/airflow/example_dags/example_xcom.py
[2026-04-02T16:42:35.777+0000] {processor.py:840} INFO - DAG(s) 'example_xcom' retrieved from /home/airflow/.local/lib/python3.12/site-packages/airflow/example_dags/example_xcom.py
[2026-04-02T16:42:35.790+0000] {logging_mixin.py:188} INFO - [2026-04-02T16:42:35.790+0000] {dag.py:3096} INFO - Sync 1 DAGs
[2026-04-02T16:42:35.801+0000] {logging_mixin.py:188} INFO - [2026-04-02T16:42:35.801+0000] {dag.py:3954} INFO - Setting next_dagrun for example_xcom to 2021-01-01 00:00:00+00:00, run_after=2021-01-01 00:00:00+00:00
[2026-04-02T16:42:35.810+0000] {processor.py:183} INFO - Processing /home/airflow/.local/lib/python3.12/site-packages/airflow/example_dags/example_xcom.py took 0.043 seconds
