[2026-04-02T16:20:34.985+0000] {processor.py:161} INFO - Started process (PID=65) to work on /home/airflow/.local/lib/python3.12/site-packages/airflow/example_dags/example_xcomargs.py
[2026-04-02T16:20:34.985+0000] {processor.py:830} INFO - Processing file /home/airflow/.local/lib/python3.12/site-packages/airflow/example_dags/example_xcomargs.py for tasks to queue
[2026-04-02T16:20:34.986+0000] {logging_mixin.py:188} INFO - [2026-04-02T16:20:34.986+0000] {dagbag.py:540} INFO - Filling up the DagBag from /home/airflow/.local/lib/python3.12/site-packages/airflow/example_dags/example_xcomargs.py
[2026-04-02T16:20:34.994+0000] {processor.py:840} INFO - DAG(s) 'example_xcom_args', 'example_xcom_args_with_operators' retrieved from /home/airflow/.local/lib/python3.12/site-packages/airflow/example_dags/example_xcomargs.py
[2026-04-02T16:20:35.003+0000] {logging_mixin.py:188} INFO - [2026-04-02T16:20:35.003+0000] {dag.py:3096} INFO - Sync 2 DAGs
[2026-04-02T16:20:35.010+0000] {logging_mixin.py:188} INFO - [2026-04-02T16:20:35.010+0000] {dag.py:3954} INFO - Setting next_dagrun for example_xcom_args to None, run_after=None
[2026-04-02T16:20:35.013+0000] {logging_mixin.py:188} INFO - [2026-04-02T16:20:35.013+0000] {dag.py:3954} INFO - Setting next_dagrun for example_xcom_args_with_operators to None, run_after=None
[2026-04-02T16:20:35.020+0000] {processor.py:183} INFO - Processing /home/airflow/.local/lib/python3.12/site-packages/airflow/example_dags/example_xcomargs.py took 0.040 seconds
[2026-04-02T16:21:06.182+0000] {processor.py:161} INFO - Started process (PID=123) to work on /home/airflow/.local/lib/python3.12/site-packages/airflow/example_dags/example_xcomargs.py
[2026-04-02T16:21:06.182+0000] {processor.py:830} INFO - Processing file /home/airflow/.local/lib/python3.12/site-packages/airflow/example_dags/example_xcomargs.py for tasks to queue
[2026-04-02T16:21:06.183+0000] {logging_mixin.py:188} INFO - [2026-04-02T16:21:06.183+0000] {dagbag.py:540} INFO - Filling up the DagBag from /home/airflow/.local/lib/python3.12/site-packages/airflow/example_dags/example_xcomargs.py
[2026-04-02T16:21:06.187+0000] {processor.py:840} INFO - DAG(s) 'example_xcom_args_with_operators', 'example_xcom_args' retrieved from /home/airflow/.local/lib/python3.12/site-packages/airflow/example_dags/example_xcomargs.py
[2026-04-02T16:21:06.245+0000] {logging_mixin.py:188} INFO - [2026-04-02T16:21:06.245+0000] {dag.py:3096} INFO - Sync 2 DAGs
[2026-04-02T16:21:06.250+0000] {logging_mixin.py:188} INFO - [2026-04-02T16:21:06.250+0000] {dag.py:3954} INFO - Setting next_dagrun for example_xcom_args to None, run_after=None
[2026-04-02T16:21:06.251+0000] {logging_mixin.py:188} INFO - [2026-04-02T16:21:06.251+0000] {dag.py:3954} INFO - Setting next_dagrun for example_xcom_args_with_operators to None, run_after=None
[2026-04-02T16:21:06.259+0000] {processor.py:183} INFO - Processing /home/airflow/.local/lib/python3.12/site-packages/airflow/example_dags/example_xcomargs.py took 0.080 seconds
[2026-04-02T16:21:36.717+0000] {processor.py:161} INFO - Started process (PID=181) to work on /home/airflow/.local/lib/python3.12/site-packages/airflow/example_dags/example_xcomargs.py
[2026-04-02T16:21:36.718+0000] {processor.py:830} INFO - Processing file /home/airflow/.local/lib/python3.12/site-packages/airflow/example_dags/example_xcomargs.py for tasks to queue
[2026-04-02T16:21:36.718+0000] {logging_mixin.py:188} INFO - [2026-04-02T16:21:36.718+0000] {dagbag.py:540} INFO - Filling up the DagBag from /home/airflow/.local/lib/python3.12/site-packages/airflow/example_dags/example_xcomargs.py
[2026-04-02T16:21:36.723+0000] {processor.py:840} INFO - DAG(s) 'example_xcom_args', 'example_xcom_args_with_operators' retrieved from /home/airflow/.local/lib/python3.12/site-packages/airflow/example_dags/example_xcomargs.py
[2026-04-02T16:21:36.736+0000] {logging_mixin.py:188} INFO - [2026-04-02T16:21:36.736+0000] {dag.py:3096} INFO - Sync 2 DAGs
[2026-04-02T16:21:36.742+0000] {logging_mixin.py:188} INFO - [2026-04-02T16:21:36.742+0000] {dag.py:3954} INFO - Setting next_dagrun for example_xcom_args to None, run_after=None
[2026-04-02T16:21:36.744+0000] {logging_mixin.py:188} INFO - [2026-04-02T16:21:36.744+0000] {dag.py:3954} INFO - Setting next_dagrun for example_xcom_args_with_operators to None, run_after=None
[2026-04-02T16:21:36.751+0000] {processor.py:183} INFO - Processing /home/airflow/.local/lib/python3.12/site-packages/airflow/example_dags/example_xcomargs.py took 0.037 seconds
[2026-04-02T16:22:07.506+0000] {processor.py:161} INFO - Started process (PID=239) to work on /home/airflow/.local/lib/python3.12/site-packages/airflow/example_dags/example_xcomargs.py
[2026-04-02T16:22:07.507+0000] {processor.py:830} INFO - Processing file /home/airflow/.local/lib/python3.12/site-packages/airflow/example_dags/example_xcomargs.py for tasks to queue
[2026-04-02T16:22:07.508+0000] {logging_mixin.py:188} INFO - [2026-04-02T16:22:07.508+0000] {dagbag.py:540} INFO - Filling up the DagBag from /home/airflow/.local/lib/python3.12/site-packages/airflow/example_dags/example_xcomargs.py
[2026-04-02T16:22:07.512+0000] {processor.py:840} INFO - DAG(s) 'example_xcom_args_with_operators', 'example_xcom_args' retrieved from /home/airflow/.local/lib/python3.12/site-packages/airflow/example_dags/example_xcomargs.py
[2026-04-02T16:22:07.525+0000] {logging_mixin.py:188} INFO - [2026-04-02T16:22:07.524+0000] {dag.py:3096} INFO - Sync 2 DAGs
[2026-04-02T16:22:07.531+0000] {logging_mixin.py:188} INFO - [2026-04-02T16:22:07.531+0000] {dag.py:3954} INFO - Setting next_dagrun for example_xcom_args to None, run_after=None
[2026-04-02T16:22:07.532+0000] {logging_mixin.py:188} INFO - [2026-04-02T16:22:07.532+0000] {dag.py:3954} INFO - Setting next_dagrun for example_xcom_args_with_operators to None, run_after=None
[2026-04-02T16:22:07.539+0000] {processor.py:183} INFO - Processing /home/airflow/.local/lib/python3.12/site-packages/airflow/example_dags/example_xcomargs.py took 0.036 seconds
[2026-04-02T16:22:38.248+0000] {processor.py:161} INFO - Started process (PID=297) to work on /home/airflow/.local/lib/python3.12/site-packages/airflow/example_dags/example_xcomargs.py
[2026-04-02T16:22:38.248+0000] {processor.py:830} INFO - Processing file /home/airflow/.local/lib/python3.12/site-packages/airflow/example_dags/example_xcomargs.py for tasks to queue
[2026-04-02T16:22:38.250+0000] {logging_mixin.py:188} INFO - [2026-04-02T16:22:38.249+0000] {dagbag.py:540} INFO - Filling up the DagBag from /home/airflow/.local/lib/python3.12/site-packages/airflow/example_dags/example_xcomargs.py
[2026-04-02T16:22:38.254+0000] {processor.py:840} INFO - DAG(s) 'example_xcom_args', 'example_xcom_args_with_operators' retrieved from /home/airflow/.local/lib/python3.12/site-packages/airflow/example_dags/example_xcomargs.py
[2026-04-02T16:22:38.268+0000] {logging_mixin.py:188} INFO - [2026-04-02T16:22:38.268+0000] {dag.py:3096} INFO - Sync 2 DAGs
[2026-04-02T16:22:38.275+0000] {logging_mixin.py:188} INFO - [2026-04-02T16:22:38.275+0000] {dag.py:3954} INFO - Setting next_dagrun for example_xcom_args to None, run_after=None
[2026-04-02T16:22:38.276+0000] {logging_mixin.py:188} INFO - [2026-04-02T16:22:38.276+0000] {dag.py:3954} INFO - Setting next_dagrun for example_xcom_args_with_operators to None, run_after=None
[2026-04-02T16:22:38.283+0000] {processor.py:183} INFO - Processing /home/airflow/.local/lib/python3.12/site-packages/airflow/example_dags/example_xcomargs.py took 0.039 seconds
[2026-04-02T16:23:08.903+0000] {processor.py:161} INFO - Started process (PID=355) to work on /home/airflow/.local/lib/python3.12/site-packages/airflow/example_dags/example_xcomargs.py
[2026-04-02T16:23:08.904+0000] {processor.py:830} INFO - Processing file /home/airflow/.local/lib/python3.12/site-packages/airflow/example_dags/example_xcomargs.py for tasks to queue
[2026-04-02T16:23:08.905+0000] {logging_mixin.py:188} INFO - [2026-04-02T16:23:08.905+0000] {dagbag.py:540} INFO - Filling up the DagBag from /home/airflow/.local/lib/python3.12/site-packages/airflow/example_dags/example_xcomargs.py
[2026-04-02T16:23:08.910+0000] {processor.py:840} INFO - DAG(s) 'example_xcom_args_with_operators', 'example_xcom_args' retrieved from /home/airflow/.local/lib/python3.12/site-packages/airflow/example_dags/example_xcomargs.py
[2026-04-02T16:23:08.922+0000] {logging_mixin.py:188} INFO - [2026-04-02T16:23:08.922+0000] {dag.py:3096} INFO - Sync 2 DAGs
[2026-04-02T16:23:08.928+0000] {logging_mixin.py:188} INFO - [2026-04-02T16:23:08.928+0000] {dag.py:3954} INFO - Setting next_dagrun for example_xcom_args to None, run_after=None
[2026-04-02T16:23:08.929+0000] {logging_mixin.py:188} INFO - [2026-04-02T16:23:08.929+0000] {dag.py:3954} INFO - Setting next_dagrun for example_xcom_args_with_operators to None, run_after=None
[2026-04-02T16:23:08.937+0000] {processor.py:183} INFO - Processing /home/airflow/.local/lib/python3.12/site-packages/airflow/example_dags/example_xcomargs.py took 0.037 seconds
[2026-04-02T16:23:39.633+0000] {processor.py:161} INFO - Started process (PID=413) to work on /home/airflow/.local/lib/python3.12/site-packages/airflow/example_dags/example_xcomargs.py
[2026-04-02T16:23:39.633+0000] {processor.py:830} INFO - Processing file /home/airflow/.local/lib/python3.12/site-packages/airflow/example_dags/example_xcomargs.py for tasks to queue
[2026-04-02T16:23:39.634+0000] {logging_mixin.py:188} INFO - [2026-04-02T16:23:39.634+0000] {dagbag.py:540} INFO - Filling up the DagBag from /home/airflow/.local/lib/python3.12/site-packages/airflow/example_dags/example_xcomargs.py
[2026-04-02T16:23:39.638+0000] {processor.py:840} INFO - DAG(s) 'example_xcom_args', 'example_xcom_args_with_operators' retrieved from /home/airflow/.local/lib/python3.12/site-packages/airflow/example_dags/example_xcomargs.py
[2026-04-02T16:23:39.651+0000] {logging_mixin.py:188} INFO - [2026-04-02T16:23:39.651+0000] {dag.py:3096} INFO - Sync 2 DAGs
[2026-04-02T16:23:39.657+0000] {logging_mixin.py:188} INFO - [2026-04-02T16:23:39.657+0000] {dag.py:3954} INFO - Setting next_dagrun for example_xcom_args to None, run_after=None
[2026-04-02T16:23:39.661+0000] {logging_mixin.py:188} INFO - [2026-04-02T16:23:39.661+0000] {dag.py:3954} INFO - Setting next_dagrun for example_xcom_args_with_operators to None, run_after=None
[2026-04-02T16:23:39.668+0000] {processor.py:183} INFO - Processing /home/airflow/.local/lib/python3.12/site-packages/airflow/example_dags/example_xcomargs.py took 0.039 seconds
[2026-04-02T16:24:10.281+0000] {processor.py:161} INFO - Started process (PID=471) to work on /home/airflow/.local/lib/python3.12/site-packages/airflow/example_dags/example_xcomargs.py
[2026-04-02T16:24:10.282+0000] {processor.py:830} INFO - Processing file /home/airflow/.local/lib/python3.12/site-packages/airflow/example_dags/example_xcomargs.py for tasks to queue
[2026-04-02T16:24:10.283+0000] {logging_mixin.py:188} INFO - [2026-04-02T16:24:10.283+0000] {dagbag.py:540} INFO - Filling up the DagBag from /home/airflow/.local/lib/python3.12/site-packages/airflow/example_dags/example_xcomargs.py
[2026-04-02T16:24:10.288+0000] {processor.py:840} INFO - DAG(s) 'example_xcom_args', 'example_xcom_args_with_operators' retrieved from /home/airflow/.local/lib/python3.12/site-packages/airflow/example_dags/example_xcomargs.py
[2026-04-02T16:24:10.297+0000] {logging_mixin.py:188} INFO - [2026-04-02T16:24:10.296+0000] {dag.py:3096} INFO - Sync 2 DAGs
[2026-04-02T16:24:10.304+0000] {logging_mixin.py:188} INFO - [2026-04-02T16:24:10.304+0000] {dag.py:3954} INFO - Setting next_dagrun for example_xcom_args to None, run_after=None
[2026-04-02T16:24:10.306+0000] {logging_mixin.py:188} INFO - [2026-04-02T16:24:10.306+0000] {dag.py:3954} INFO - Setting next_dagrun for example_xcom_args_with_operators to None, run_after=None
[2026-04-02T16:24:10.313+0000] {processor.py:183} INFO - Processing /home/airflow/.local/lib/python3.12/site-packages/airflow/example_dags/example_xcomargs.py took 0.035 seconds
[2026-04-02T16:24:40.759+0000] {processor.py:161} INFO - Started process (PID=529) to work on /home/airflow/.local/lib/python3.12/site-packages/airflow/example_dags/example_xcomargs.py
[2026-04-02T16:24:40.759+0000] {processor.py:830} INFO - Processing file /home/airflow/.local/lib/python3.12/site-packages/airflow/example_dags/example_xcomargs.py for tasks to queue
[2026-04-02T16:24:40.760+0000] {logging_mixin.py:188} INFO - [2026-04-02T16:24:40.760+0000] {dagbag.py:540} INFO - Filling up the DagBag from /home/airflow/.local/lib/python3.12/site-packages/airflow/example_dags/example_xcomargs.py
[2026-04-02T16:24:40.767+0000] {processor.py:840} INFO - DAG(s) 'example_xcom_args', 'example_xcom_args_with_operators' retrieved from /home/airflow/.local/lib/python3.12/site-packages/airflow/example_dags/example_xcomargs.py
[2026-04-02T16:24:40.784+0000] {logging_mixin.py:188} INFO - [2026-04-02T16:24:40.783+0000] {dag.py:3096} INFO - Sync 2 DAGs
[2026-04-02T16:24:40.793+0000] {logging_mixin.py:188} INFO - [2026-04-02T16:24:40.793+0000] {dag.py:3954} INFO - Setting next_dagrun for example_xcom_args to None, run_after=None
[2026-04-02T16:24:40.795+0000] {logging_mixin.py:188} INFO - [2026-04-02T16:24:40.795+0000] {dag.py:3954} INFO - Setting next_dagrun for example_xcom_args_with_operators to None, run_after=None
[2026-04-02T16:24:40.803+0000] {processor.py:183} INFO - Processing /home/airflow/.local/lib/python3.12/site-packages/airflow/example_dags/example_xcomargs.py took 0.047 seconds
[2026-04-02T16:25:12.401+0000] {processor.py:161} INFO - Started process (PID=587) to work on /home/airflow/.local/lib/python3.12/site-packages/airflow/example_dags/example_xcomargs.py
[2026-04-02T16:25:12.401+0000] {processor.py:830} INFO - Processing file /home/airflow/.local/lib/python3.12/site-packages/airflow/example_dags/example_xcomargs.py for tasks to queue
[2026-04-02T16:25:12.402+0000] {logging_mixin.py:188} INFO - [2026-04-02T16:25:12.402+0000] {dagbag.py:540} INFO - Filling up the DagBag from /home/airflow/.local/lib/python3.12/site-packages/airflow/example_dags/example_xcomargs.py
[2026-04-02T16:25:12.408+0000] {processor.py:840} INFO - DAG(s) 'example_xcom_args_with_operators', 'example_xcom_args' retrieved from /home/airflow/.local/lib/python3.12/site-packages/airflow/example_dags/example_xcomargs.py
[2026-04-02T16:25:12.465+0000] {logging_mixin.py:188} INFO - [2026-04-02T16:25:12.464+0000] {dag.py:3096} INFO - Sync 2 DAGs
[2026-04-02T16:25:12.470+0000] {logging_mixin.py:188} INFO - [2026-04-02T16:25:12.470+0000] {dag.py:3954} INFO - Setting next_dagrun for example_xcom_args to None, run_after=None
[2026-04-02T16:25:12.471+0000] {logging_mixin.py:188} INFO - [2026-04-02T16:25:12.471+0000] {dag.py:3954} INFO - Setting next_dagrun for example_xcom_args_with_operators to None, run_after=None
[2026-04-02T16:25:12.573+0000] {processor.py:183} INFO - Processing /home/airflow/.local/lib/python3.12/site-packages/airflow/example_dags/example_xcomargs.py took 0.175 seconds
[2026-04-02T16:25:42.997+0000] {processor.py:161} INFO - Started process (PID=645) to work on /home/airflow/.local/lib/python3.12/site-packages/airflow/example_dags/example_xcomargs.py
[2026-04-02T16:25:42.998+0000] {processor.py:830} INFO - Processing file /home/airflow/.local/lib/python3.12/site-packages/airflow/example_dags/example_xcomargs.py for tasks to queue
[2026-04-02T16:25:42.999+0000] {logging_mixin.py:188} INFO - [2026-04-02T16:25:42.999+0000] {dagbag.py:540} INFO - Filling up the DagBag from /home/airflow/.local/lib/python3.12/site-packages/airflow/example_dags/example_xcomargs.py
[2026-04-02T16:25:43.004+0000] {processor.py:840} INFO - DAG(s) 'example_xcom_args', 'example_xcom_args_with_operators' retrieved from /home/airflow/.local/lib/python3.12/site-packages/airflow/example_dags/example_xcomargs.py
[2026-04-02T16:25:43.017+0000] {logging_mixin.py:188} INFO - [2026-04-02T16:25:43.017+0000] {dag.py:3096} INFO - Sync 2 DAGs
[2026-04-02T16:25:43.024+0000] {logging_mixin.py:188} INFO - [2026-04-02T16:25:43.024+0000] {dag.py:3954} INFO - Setting next_dagrun for example_xcom_args to None, run_after=None
[2026-04-02T16:25:43.025+0000] {logging_mixin.py:188} INFO - [2026-04-02T16:25:43.025+0000] {dag.py:3954} INFO - Setting next_dagrun for example_xcom_args_with_operators to None, run_after=None
[2026-04-02T16:25:43.033+0000] {processor.py:183} INFO - Processing /home/airflow/.local/lib/python3.12/site-packages/airflow/example_dags/example_xcomargs.py took 0.039 seconds
[2026-04-02T16:26:13.169+0000] {processor.py:161} INFO - Started process (PID=703) to work on /home/airflow/.local/lib/python3.12/site-packages/airflow/example_dags/example_xcomargs.py
[2026-04-02T16:26:13.170+0000] {processor.py:830} INFO - Processing file /home/airflow/.local/lib/python3.12/site-packages/airflow/example_dags/example_xcomargs.py for tasks to queue
[2026-04-02T16:26:13.171+0000] {logging_mixin.py:188} INFO - [2026-04-02T16:26:13.171+0000] {dagbag.py:540} INFO - Filling up the DagBag from /home/airflow/.local/lib/python3.12/site-packages/airflow/example_dags/example_xcomargs.py
[2026-04-02T16:26:13.176+0000] {processor.py:840} INFO - DAG(s) 'example_xcom_args', 'example_xcom_args_with_operators' retrieved from /home/airflow/.local/lib/python3.12/site-packages/airflow/example_dags/example_xcomargs.py
[2026-04-02T16:26:13.189+0000] {logging_mixin.py:188} INFO - [2026-04-02T16:26:13.189+0000] {dag.py:3096} INFO - Sync 2 DAGs
[2026-04-02T16:26:13.195+0000] {logging_mixin.py:188} INFO - [2026-04-02T16:26:13.194+0000] {dag.py:3954} INFO - Setting next_dagrun for example_xcom_args to None, run_after=None
[2026-04-02T16:26:13.196+0000] {logging_mixin.py:188} INFO - [2026-04-02T16:26:13.196+0000] {dag.py:3954} INFO - Setting next_dagrun for example_xcom_args_with_operators to None, run_after=None
[2026-04-02T16:26:13.204+0000] {processor.py:183} INFO - Processing /home/airflow/.local/lib/python3.12/site-packages/airflow/example_dags/example_xcomargs.py took 0.037 seconds
[2026-04-02T16:26:43.352+0000] {processor.py:161} INFO - Started process (PID=761) to work on /home/airflow/.local/lib/python3.12/site-packages/airflow/example_dags/example_xcomargs.py
[2026-04-02T16:26:43.353+0000] {processor.py:830} INFO - Processing file /home/airflow/.local/lib/python3.12/site-packages/airflow/example_dags/example_xcomargs.py for tasks to queue
[2026-04-02T16:26:43.354+0000] {logging_mixin.py:188} INFO - [2026-04-02T16:26:43.354+0000] {dagbag.py:540} INFO - Filling up the DagBag from /home/airflow/.local/lib/python3.12/site-packages/airflow/example_dags/example_xcomargs.py
[2026-04-02T16:26:43.358+0000] {processor.py:840} INFO - DAG(s) 'example_xcom_args', 'example_xcom_args_with_operators' retrieved from /home/airflow/.local/lib/python3.12/site-packages/airflow/example_dags/example_xcomargs.py
[2026-04-02T16:26:43.376+0000] {logging_mixin.py:188} INFO - [2026-04-02T16:26:43.376+0000] {dag.py:3096} INFO - Sync 2 DAGs
[2026-04-02T16:26:43.384+0000] {logging_mixin.py:188} INFO - [2026-04-02T16:26:43.384+0000] {dag.py:3954} INFO - Setting next_dagrun for example_xcom_args to None, run_after=None
[2026-04-02T16:26:43.388+0000] {logging_mixin.py:188} INFO - [2026-04-02T16:26:43.388+0000] {dag.py:3954} INFO - Setting next_dagrun for example_xcom_args_with_operators to None, run_after=None
[2026-04-02T16:26:43.400+0000] {processor.py:183} INFO - Processing /home/airflow/.local/lib/python3.12/site-packages/airflow/example_dags/example_xcomargs.py took 0.050 seconds
[2026-04-02T16:27:13.613+0000] {processor.py:161} INFO - Started process (PID=819) to work on /home/airflow/.local/lib/python3.12/site-packages/airflow/example_dags/example_xcomargs.py
[2026-04-02T16:27:13.614+0000] {processor.py:830} INFO - Processing file /home/airflow/.local/lib/python3.12/site-packages/airflow/example_dags/example_xcomargs.py for tasks to queue
[2026-04-02T16:27:13.615+0000] {logging_mixin.py:188} INFO - [2026-04-02T16:27:13.615+0000] {dagbag.py:540} INFO - Filling up the DagBag from /home/airflow/.local/lib/python3.12/site-packages/airflow/example_dags/example_xcomargs.py
[2026-04-02T16:27:13.621+0000] {processor.py:840} INFO - DAG(s) 'example_xcom_args_with_operators', 'example_xcom_args' retrieved from /home/airflow/.local/lib/python3.12/site-packages/airflow/example_dags/example_xcomargs.py
[2026-04-02T16:27:13.645+0000] {logging_mixin.py:188} INFO - [2026-04-02T16:27:13.644+0000] {dag.py:3096} INFO - Sync 2 DAGs
[2026-04-02T16:27:13.652+0000] {logging_mixin.py:188} INFO - [2026-04-02T16:27:13.652+0000] {dag.py:3954} INFO - Setting next_dagrun for example_xcom_args to None, run_after=None
[2026-04-02T16:27:13.654+0000] {logging_mixin.py:188} INFO - [2026-04-02T16:27:13.654+0000] {dag.py:3954} INFO - Setting next_dagrun for example_xcom_args_with_operators to None, run_after=None
[2026-04-02T16:27:13.663+0000] {processor.py:183} INFO - Processing /home/airflow/.local/lib/python3.12/site-packages/airflow/example_dags/example_xcomargs.py took 0.052 seconds
[2026-04-02T16:27:44.097+0000] {processor.py:161} INFO - Started process (PID=877) to work on /home/airflow/.local/lib/python3.12/site-packages/airflow/example_dags/example_xcomargs.py
[2026-04-02T16:27:44.098+0000] {processor.py:830} INFO - Processing file /home/airflow/.local/lib/python3.12/site-packages/airflow/example_dags/example_xcomargs.py for tasks to queue
[2026-04-02T16:27:44.099+0000] {logging_mixin.py:188} INFO - [2026-04-02T16:27:44.099+0000] {dagbag.py:540} INFO - Filling up the DagBag from /home/airflow/.local/lib/python3.12/site-packages/airflow/example_dags/example_xcomargs.py
[2026-04-02T16:27:44.106+0000] {processor.py:840} INFO - DAG(s) 'example_xcom_args_with_operators', 'example_xcom_args' retrieved from /home/airflow/.local/lib/python3.12/site-packages/airflow/example_dags/example_xcomargs.py
[2026-04-02T16:27:44.120+0000] {logging_mixin.py:188} INFO - [2026-04-02T16:27:44.120+0000] {dag.py:3096} INFO - Sync 2 DAGs
[2026-04-02T16:27:44.129+0000] {logging_mixin.py:188} INFO - [2026-04-02T16:27:44.128+0000] {dag.py:3954} INFO - Setting next_dagrun for example_xcom_args to None, run_after=None
[2026-04-02T16:27:44.132+0000] {logging_mixin.py:188} INFO - [2026-04-02T16:27:44.131+0000] {dag.py:3954} INFO - Setting next_dagrun for example_xcom_args_with_operators to None, run_after=None
[2026-04-02T16:27:44.142+0000] {processor.py:183} INFO - Processing /home/airflow/.local/lib/python3.12/site-packages/airflow/example_dags/example_xcomargs.py took 0.047 seconds
[2026-04-02T16:28:14.799+0000] {processor.py:161} INFO - Started process (PID=935) to work on /home/airflow/.local/lib/python3.12/site-packages/airflow/example_dags/example_xcomargs.py
[2026-04-02T16:28:14.800+0000] {processor.py:830} INFO - Processing file /home/airflow/.local/lib/python3.12/site-packages/airflow/example_dags/example_xcomargs.py for tasks to queue
[2026-04-02T16:28:14.801+0000] {logging_mixin.py:188} INFO - [2026-04-02T16:28:14.801+0000] {dagbag.py:540} INFO - Filling up the DagBag from /home/airflow/.local/lib/python3.12/site-packages/airflow/example_dags/example_xcomargs.py
[2026-04-02T16:28:14.805+0000] {processor.py:840} INFO - DAG(s) 'example_xcom_args', 'example_xcom_args_with_operators' retrieved from /home/airflow/.local/lib/python3.12/site-packages/airflow/example_dags/example_xcomargs.py
[2026-04-02T16:28:14.813+0000] {logging_mixin.py:188} INFO - [2026-04-02T16:28:14.813+0000] {dag.py:3096} INFO - Sync 2 DAGs
[2026-04-02T16:28:14.819+0000] {logging_mixin.py:188} INFO - [2026-04-02T16:28:14.819+0000] {dag.py:3954} INFO - Setting next_dagrun for example_xcom_args to None, run_after=None
[2026-04-02T16:28:14.821+0000] {logging_mixin.py:188} INFO - [2026-04-02T16:28:14.821+0000] {dag.py:3954} INFO - Setting next_dagrun for example_xcom_args_with_operators to None, run_after=None
[2026-04-02T16:28:14.829+0000] {processor.py:183} INFO - Processing /home/airflow/.local/lib/python3.12/site-packages/airflow/example_dags/example_xcomargs.py took 0.033 seconds
[2026-04-02T16:28:46.610+0000] {processor.py:161} INFO - Started process (PID=993) to work on /home/airflow/.local/lib/python3.12/site-packages/airflow/example_dags/example_xcomargs.py
[2026-04-02T16:28:46.610+0000] {processor.py:830} INFO - Processing file /home/airflow/.local/lib/python3.12/site-packages/airflow/example_dags/example_xcomargs.py for tasks to queue
[2026-04-02T16:28:46.613+0000] {logging_mixin.py:188} INFO - [2026-04-02T16:28:46.613+0000] {dagbag.py:540} INFO - Filling up the DagBag from /home/airflow/.local/lib/python3.12/site-packages/airflow/example_dags/example_xcomargs.py
[2026-04-02T16:28:46.622+0000] {processor.py:840} INFO - DAG(s) 'example_xcom_args', 'example_xcom_args_with_operators' retrieved from /home/airflow/.local/lib/python3.12/site-packages/airflow/example_dags/example_xcomargs.py
[2026-04-02T16:28:46.799+0000] {logging_mixin.py:188} INFO - [2026-04-02T16:28:46.798+0000] {dag.py:3096} INFO - Sync 2 DAGs
[2026-04-02T16:28:46.804+0000] {logging_mixin.py:188} INFO - [2026-04-02T16:28:46.804+0000] {dag.py:3954} INFO - Setting next_dagrun for example_xcom_args to None, run_after=None
[2026-04-02T16:28:46.807+0000] {logging_mixin.py:188} INFO - [2026-04-02T16:28:46.807+0000] {dag.py:3954} INFO - Setting next_dagrun for example_xcom_args_with_operators to None, run_after=None
[2026-04-02T16:28:46.820+0000] {processor.py:183} INFO - Processing /home/airflow/.local/lib/python3.12/site-packages/airflow/example_dags/example_xcomargs.py took 0.215 seconds
[2026-04-02T16:29:17.185+0000] {processor.py:161} INFO - Started process (PID=1051) to work on /home/airflow/.local/lib/python3.12/site-packages/airflow/example_dags/example_xcomargs.py
[2026-04-02T16:29:17.185+0000] {processor.py:830} INFO - Processing file /home/airflow/.local/lib/python3.12/site-packages/airflow/example_dags/example_xcomargs.py for tasks to queue
[2026-04-02T16:29:17.187+0000] {logging_mixin.py:188} INFO - [2026-04-02T16:29:17.186+0000] {dagbag.py:540} INFO - Filling up the DagBag from /home/airflow/.local/lib/python3.12/site-packages/airflow/example_dags/example_xcomargs.py
[2026-04-02T16:29:17.194+0000] {processor.py:840} INFO - DAG(s) 'example_xcom_args_with_operators', 'example_xcom_args' retrieved from /home/airflow/.local/lib/python3.12/site-packages/airflow/example_dags/example_xcomargs.py
[2026-04-02T16:29:17.214+0000] {logging_mixin.py:188} INFO - [2026-04-02T16:29:17.214+0000] {dag.py:3096} INFO - Sync 2 DAGs
[2026-04-02T16:29:17.329+0000] {logging_mixin.py:188} INFO - [2026-04-02T16:29:17.329+0000] {dag.py:3954} INFO - Setting next_dagrun for example_xcom_args to None, run_after=None
[2026-04-02T16:29:17.332+0000] {logging_mixin.py:188} INFO - [2026-04-02T16:29:17.332+0000] {dag.py:3954} INFO - Setting next_dagrun for example_xcom_args_with_operators to None, run_after=None
[2026-04-02T16:29:17.343+0000] {processor.py:183} INFO - Processing /home/airflow/.local/lib/python3.12/site-packages/airflow/example_dags/example_xcomargs.py took 0.162 seconds
[2026-04-02T16:29:47.896+0000] {processor.py:161} INFO - Started process (PID=1109) to work on /home/airflow/.local/lib/python3.12/site-packages/airflow/example_dags/example_xcomargs.py
[2026-04-02T16:29:47.897+0000] {processor.py:830} INFO - Processing file /home/airflow/.local/lib/python3.12/site-packages/airflow/example_dags/example_xcomargs.py for tasks to queue
[2026-04-02T16:29:47.898+0000] {logging_mixin.py:188} INFO - [2026-04-02T16:29:47.898+0000] {dagbag.py:540} INFO - Filling up the DagBag from /home/airflow/.local/lib/python3.12/site-packages/airflow/example_dags/example_xcomargs.py
[2026-04-02T16:29:47.903+0000] {processor.py:840} INFO - DAG(s) 'example_xcom_args_with_operators', 'example_xcom_args' retrieved from /home/airflow/.local/lib/python3.12/site-packages/airflow/example_dags/example_xcomargs.py
[2026-04-02T16:29:47.915+0000] {logging_mixin.py:188} INFO - [2026-04-02T16:29:47.915+0000] {dag.py:3096} INFO - Sync 2 DAGs
[2026-04-02T16:29:47.921+0000] {logging_mixin.py:188} INFO - [2026-04-02T16:29:47.921+0000] {dag.py:3954} INFO - Setting next_dagrun for example_xcom_args to None, run_after=None
[2026-04-02T16:29:47.923+0000] {logging_mixin.py:188} INFO - [2026-04-02T16:29:47.923+0000] {dag.py:3954} INFO - Setting next_dagrun for example_xcom_args_with_operators to None, run_after=None
[2026-04-02T16:29:48.034+0000] {processor.py:183} INFO - Processing /home/airflow/.local/lib/python3.12/site-packages/airflow/example_dags/example_xcomargs.py took 0.141 seconds
[2026-04-02T16:30:18.607+0000] {processor.py:161} INFO - Started process (PID=1167) to work on /home/airflow/.local/lib/python3.12/site-packages/airflow/example_dags/example_xcomargs.py
[2026-04-02T16:30:18.607+0000] {processor.py:830} INFO - Processing file /home/airflow/.local/lib/python3.12/site-packages/airflow/example_dags/example_xcomargs.py for tasks to queue
[2026-04-02T16:30:18.608+0000] {logging_mixin.py:188} INFO - [2026-04-02T16:30:18.608+0000] {dagbag.py:540} INFO - Filling up the DagBag from /home/airflow/.local/lib/python3.12/site-packages/airflow/example_dags/example_xcomargs.py
[2026-04-02T16:30:18.613+0000] {processor.py:840} INFO - DAG(s) 'example_xcom_args', 'example_xcom_args_with_operators' retrieved from /home/airflow/.local/lib/python3.12/site-packages/airflow/example_dags/example_xcomargs.py
[2026-04-02T16:30:18.628+0000] {logging_mixin.py:188} INFO - [2026-04-02T16:30:18.627+0000] {dag.py:3096} INFO - Sync 2 DAGs
[2026-04-02T16:30:18.634+0000] {logging_mixin.py:188} INFO - [2026-04-02T16:30:18.634+0000] {dag.py:3954} INFO - Setting next_dagrun for example_xcom_args to None, run_after=None
[2026-04-02T16:30:18.636+0000] {logging_mixin.py:188} INFO - [2026-04-02T16:30:18.636+0000] {dag.py:3954} INFO - Setting next_dagrun for example_xcom_args_with_operators to None, run_after=None
[2026-04-02T16:30:18.643+0000] {processor.py:183} INFO - Processing /home/airflow/.local/lib/python3.12/site-packages/airflow/example_dags/example_xcomargs.py took 0.040 seconds
[2026-04-02T16:30:48.945+0000] {processor.py:161} INFO - Started process (PID=1225) to work on /home/airflow/.local/lib/python3.12/site-packages/airflow/example_dags/example_xcomargs.py
[2026-04-02T16:30:48.946+0000] {processor.py:830} INFO - Processing file /home/airflow/.local/lib/python3.12/site-packages/airflow/example_dags/example_xcomargs.py for tasks to queue
[2026-04-02T16:30:48.947+0000] {logging_mixin.py:188} INFO - [2026-04-02T16:30:48.947+0000] {dagbag.py:540} INFO - Filling up the DagBag from /home/airflow/.local/lib/python3.12/site-packages/airflow/example_dags/example_xcomargs.py
[2026-04-02T16:30:48.951+0000] {processor.py:840} INFO - DAG(s) 'example_xcom_args', 'example_xcom_args_with_operators' retrieved from /home/airflow/.local/lib/python3.12/site-packages/airflow/example_dags/example_xcomargs.py
[2026-04-02T16:30:48.965+0000] {logging_mixin.py:188} INFO - [2026-04-02T16:30:48.965+0000] {dag.py:3096} INFO - Sync 2 DAGs
[2026-04-02T16:30:48.972+0000] {logging_mixin.py:188} INFO - [2026-04-02T16:30:48.972+0000] {dag.py:3954} INFO - Setting next_dagrun for example_xcom_args to None, run_after=None
[2026-04-02T16:30:48.974+0000] {logging_mixin.py:188} INFO - [2026-04-02T16:30:48.974+0000] {dag.py:3954} INFO - Setting next_dagrun for example_xcom_args_with_operators to None, run_after=None
[2026-04-02T16:30:48.982+0000] {processor.py:183} INFO - Processing /home/airflow/.local/lib/python3.12/site-packages/airflow/example_dags/example_xcomargs.py took 0.040 seconds
[2026-04-02T16:31:19.528+0000] {processor.py:161} INFO - Started process (PID=1283) to work on /home/airflow/.local/lib/python3.12/site-packages/airflow/example_dags/example_xcomargs.py
[2026-04-02T16:31:19.529+0000] {processor.py:830} INFO - Processing file /home/airflow/.local/lib/python3.12/site-packages/airflow/example_dags/example_xcomargs.py for tasks to queue
[2026-04-02T16:31:19.529+0000] {logging_mixin.py:188} INFO - [2026-04-02T16:31:19.529+0000] {dagbag.py:540} INFO - Filling up the DagBag from /home/airflow/.local/lib/python3.12/site-packages/airflow/example_dags/example_xcomargs.py
[2026-04-02T16:31:19.533+0000] {processor.py:840} INFO - DAG(s) 'example_xcom_args', 'example_xcom_args_with_operators' retrieved from /home/airflow/.local/lib/python3.12/site-packages/airflow/example_dags/example_xcomargs.py
[2026-04-02T16:31:19.546+0000] {logging_mixin.py:188} INFO - [2026-04-02T16:31:19.546+0000] {dag.py:3096} INFO - Sync 2 DAGs
[2026-04-02T16:31:19.552+0000] {logging_mixin.py:188} INFO - [2026-04-02T16:31:19.552+0000] {dag.py:3954} INFO - Setting next_dagrun for example_xcom_args to None, run_after=None
[2026-04-02T16:31:19.554+0000] {logging_mixin.py:188} INFO - [2026-04-02T16:31:19.554+0000] {dag.py:3954} INFO - Setting next_dagrun for example_xcom_args_with_operators to None, run_after=None
[2026-04-02T16:31:19.561+0000] {processor.py:183} INFO - Processing /home/airflow/.local/lib/python3.12/site-packages/airflow/example_dags/example_xcomargs.py took 0.037 seconds
[2026-04-02T16:31:50.201+0000] {processor.py:161} INFO - Started process (PID=1341) to work on /home/airflow/.local/lib/python3.12/site-packages/airflow/example_dags/example_xcomargs.py
[2026-04-02T16:31:50.201+0000] {processor.py:830} INFO - Processing file /home/airflow/.local/lib/python3.12/site-packages/airflow/example_dags/example_xcomargs.py for tasks to queue
[2026-04-02T16:31:50.203+0000] {logging_mixin.py:188} INFO - [2026-04-02T16:31:50.202+0000] {dagbag.py:540} INFO - Filling up the DagBag from /home/airflow/.local/lib/python3.12/site-packages/airflow/example_dags/example_xcomargs.py
[2026-04-02T16:31:50.207+0000] {processor.py:840} INFO - DAG(s) 'example_xcom_args', 'example_xcom_args_with_operators' retrieved from /home/airflow/.local/lib/python3.12/site-packages/airflow/example_dags/example_xcomargs.py
[2026-04-02T16:31:50.222+0000] {logging_mixin.py:188} INFO - [2026-04-02T16:31:50.222+0000] {dag.py:3096} INFO - Sync 2 DAGs
[2026-04-02T16:31:50.229+0000] {logging_mixin.py:188} INFO - [2026-04-02T16:31:50.229+0000] {dag.py:3954} INFO - Setting next_dagrun for example_xcom_args to None, run_after=None
[2026-04-02T16:31:50.231+0000] {logging_mixin.py:188} INFO - [2026-04-02T16:31:50.231+0000] {dag.py:3954} INFO - Setting next_dagrun for example_xcom_args_with_operators to None, run_after=None
[2026-04-02T16:31:50.240+0000] {processor.py:183} INFO - Processing /home/airflow/.local/lib/python3.12/site-packages/airflow/example_dags/example_xcomargs.py took 0.043 seconds
[2026-04-02T16:32:20.982+0000] {processor.py:161} INFO - Started process (PID=1399) to work on /home/airflow/.local/lib/python3.12/site-packages/airflow/example_dags/example_xcomargs.py
[2026-04-02T16:32:20.983+0000] {processor.py:830} INFO - Processing file /home/airflow/.local/lib/python3.12/site-packages/airflow/example_dags/example_xcomargs.py for tasks to queue
[2026-04-02T16:32:20.984+0000] {logging_mixin.py:188} INFO - [2026-04-02T16:32:20.984+0000] {dagbag.py:540} INFO - Filling up the DagBag from /home/airflow/.local/lib/python3.12/site-packages/airflow/example_dags/example_xcomargs.py
[2026-04-02T16:32:20.989+0000] {processor.py:840} INFO - DAG(s) 'example_xcom_args', 'example_xcom_args_with_operators' retrieved from /home/airflow/.local/lib/python3.12/site-packages/airflow/example_dags/example_xcomargs.py
[2026-04-02T16:32:21.002+0000] {logging_mixin.py:188} INFO - [2026-04-02T16:32:21.002+0000] {dag.py:3096} INFO - Sync 2 DAGs
[2026-04-02T16:32:21.008+0000] {logging_mixin.py:188} INFO - [2026-04-02T16:32:21.008+0000] {dag.py:3954} INFO - Setting next_dagrun for example_xcom_args to None, run_after=None
[2026-04-02T16:32:21.010+0000] {logging_mixin.py:188} INFO - [2026-04-02T16:32:21.010+0000] {dag.py:3954} INFO - Setting next_dagrun for example_xcom_args_with_operators to None, run_after=None
[2026-04-02T16:32:21.016+0000] {processor.py:183} INFO - Processing /home/airflow/.local/lib/python3.12/site-packages/airflow/example_dags/example_xcomargs.py took 0.037 seconds
[2026-04-02T16:32:51.601+0000] {processor.py:161} INFO - Started process (PID=1457) to work on /home/airflow/.local/lib/python3.12/site-packages/airflow/example_dags/example_xcomargs.py
[2026-04-02T16:32:51.601+0000] {processor.py:830} INFO - Processing file /home/airflow/.local/lib/python3.12/site-packages/airflow/example_dags/example_xcomargs.py for tasks to queue
[2026-04-02T16:32:51.603+0000] {logging_mixin.py:188} INFO - [2026-04-02T16:32:51.602+0000] {dagbag.py:540} INFO - Filling up the DagBag from /home/airflow/.local/lib/python3.12/site-packages/airflow/example_dags/example_xcomargs.py
[2026-04-02T16:32:51.607+0000] {processor.py:840} INFO - DAG(s) 'example_xcom_args_with_operators', 'example_xcom_args' retrieved from /home/airflow/.local/lib/python3.12/site-packages/airflow/example_dags/example_xcomargs.py
[2026-04-02T16:32:51.623+0000] {logging_mixin.py:188} INFO - [2026-04-02T16:32:51.622+0000] {dag.py:3096} INFO - Sync 2 DAGs
[2026-04-02T16:32:51.629+0000] {logging_mixin.py:188} INFO - [2026-04-02T16:32:51.629+0000] {dag.py:3954} INFO - Setting next_dagrun for example_xcom_args to None, run_after=None
[2026-04-02T16:32:51.631+0000] {logging_mixin.py:188} INFO - [2026-04-02T16:32:51.631+0000] {dag.py:3954} INFO - Setting next_dagrun for example_xcom_args_with_operators to None, run_after=None
[2026-04-02T16:32:51.639+0000] {processor.py:183} INFO - Processing /home/airflow/.local/lib/python3.12/site-packages/airflow/example_dags/example_xcomargs.py took 0.042 seconds
[2026-04-02T16:33:22.115+0000] {processor.py:161} INFO - Started process (PID=1515) to work on /home/airflow/.local/lib/python3.12/site-packages/airflow/example_dags/example_xcomargs.py
[2026-04-02T16:33:22.116+0000] {processor.py:830} INFO - Processing file /home/airflow/.local/lib/python3.12/site-packages/airflow/example_dags/example_xcomargs.py for tasks to queue
[2026-04-02T16:33:22.118+0000] {logging_mixin.py:188} INFO - [2026-04-02T16:33:22.117+0000] {dagbag.py:540} INFO - Filling up the DagBag from /home/airflow/.local/lib/python3.12/site-packages/airflow/example_dags/example_xcomargs.py
[2026-04-02T16:33:22.122+0000] {processor.py:840} INFO - DAG(s) 'example_xcom_args_with_operators', 'example_xcom_args' retrieved from /home/airflow/.local/lib/python3.12/site-packages/airflow/example_dags/example_xcomargs.py
[2026-04-02T16:33:22.134+0000] {logging_mixin.py:188} INFO - [2026-04-02T16:33:22.134+0000] {dag.py:3096} INFO - Sync 2 DAGs
[2026-04-02T16:33:22.141+0000] {logging_mixin.py:188} INFO - [2026-04-02T16:33:22.141+0000] {dag.py:3954} INFO - Setting next_dagrun for example_xcom_args to None, run_after=None
[2026-04-02T16:33:22.142+0000] {logging_mixin.py:188} INFO - [2026-04-02T16:33:22.142+0000] {dag.py:3954} INFO - Setting next_dagrun for example_xcom_args_with_operators to None, run_after=None
[2026-04-02T16:33:22.151+0000] {processor.py:183} INFO - Processing /home/airflow/.local/lib/python3.12/site-packages/airflow/example_dags/example_xcomargs.py took 0.039 seconds
[2026-04-02T16:33:52.779+0000] {processor.py:161} INFO - Started process (PID=1573) to work on /home/airflow/.local/lib/python3.12/site-packages/airflow/example_dags/example_xcomargs.py
[2026-04-02T16:33:52.779+0000] {processor.py:830} INFO - Processing file /home/airflow/.local/lib/python3.12/site-packages/airflow/example_dags/example_xcomargs.py for tasks to queue
[2026-04-02T16:33:52.780+0000] {logging_mixin.py:188} INFO - [2026-04-02T16:33:52.780+0000] {dagbag.py:540} INFO - Filling up the DagBag from /home/airflow/.local/lib/python3.12/site-packages/airflow/example_dags/example_xcomargs.py
[2026-04-02T16:33:52.785+0000] {processor.py:840} INFO - DAG(s) 'example_xcom_args', 'example_xcom_args_with_operators' retrieved from /home/airflow/.local/lib/python3.12/site-packages/airflow/example_dags/example_xcomargs.py
[2026-04-02T16:33:52.796+0000] {logging_mixin.py:188} INFO - [2026-04-02T16:33:52.796+0000] {dag.py:3096} INFO - Sync 2 DAGs
[2026-04-02T16:33:52.802+0000] {logging_mixin.py:188} INFO - [2026-04-02T16:33:52.802+0000] {dag.py:3954} INFO - Setting next_dagrun for example_xcom_args to None, run_after=None
[2026-04-02T16:33:52.804+0000] {logging_mixin.py:188} INFO - [2026-04-02T16:33:52.804+0000] {dag.py:3954} INFO - Setting next_dagrun for example_xcom_args_with_operators to None, run_after=None
[2026-04-02T16:33:52.811+0000] {processor.py:183} INFO - Processing /home/airflow/.local/lib/python3.12/site-packages/airflow/example_dags/example_xcomargs.py took 0.035 seconds
[2026-04-02T16:34:23.492+0000] {processor.py:161} INFO - Started process (PID=1631) to work on /home/airflow/.local/lib/python3.12/site-packages/airflow/example_dags/example_xcomargs.py
[2026-04-02T16:34:23.494+0000] {processor.py:830} INFO - Processing file /home/airflow/.local/lib/python3.12/site-packages/airflow/example_dags/example_xcomargs.py for tasks to queue
[2026-04-02T16:34:23.495+0000] {logging_mixin.py:188} INFO - [2026-04-02T16:34:23.495+0000] {dagbag.py:540} INFO - Filling up the DagBag from /home/airflow/.local/lib/python3.12/site-packages/airflow/example_dags/example_xcomargs.py
[2026-04-02T16:34:23.499+0000] {processor.py:840} INFO - DAG(s) 'example_xcom_args_with_operators', 'example_xcom_args' retrieved from /home/airflow/.local/lib/python3.12/site-packages/airflow/example_dags/example_xcomargs.py
[2026-04-02T16:34:23.512+0000] {logging_mixin.py:188} INFO - [2026-04-02T16:34:23.512+0000] {dag.py:3096} INFO - Sync 2 DAGs
[2026-04-02T16:34:23.519+0000] {logging_mixin.py:188} INFO - [2026-04-02T16:34:23.519+0000] {dag.py:3954} INFO - Setting next_dagrun for example_xcom_args to None, run_after=None
[2026-04-02T16:34:23.520+0000] {logging_mixin.py:188} INFO - [2026-04-02T16:34:23.520+0000] {dag.py:3954} INFO - Setting next_dagrun for example_xcom_args_with_operators to None, run_after=None
[2026-04-02T16:34:23.528+0000] {processor.py:183} INFO - Processing /home/airflow/.local/lib/python3.12/site-packages/airflow/example_dags/example_xcomargs.py took 0.039 seconds
[2026-04-02T16:34:54.133+0000] {processor.py:161} INFO - Started process (PID=1689) to work on /home/airflow/.local/lib/python3.12/site-packages/airflow/example_dags/example_xcomargs.py
[2026-04-02T16:34:54.133+0000] {processor.py:830} INFO - Processing file /home/airflow/.local/lib/python3.12/site-packages/airflow/example_dags/example_xcomargs.py for tasks to queue
[2026-04-02T16:34:54.134+0000] {logging_mixin.py:188} INFO - [2026-04-02T16:34:54.134+0000] {dagbag.py:540} INFO - Filling up the DagBag from /home/airflow/.local/lib/python3.12/site-packages/airflow/example_dags/example_xcomargs.py
[2026-04-02T16:34:54.139+0000] {processor.py:840} INFO - DAG(s) 'example_xcom_args_with_operators', 'example_xcom_args' retrieved from /home/airflow/.local/lib/python3.12/site-packages/airflow/example_dags/example_xcomargs.py
[2026-04-02T16:34:54.153+0000] {logging_mixin.py:188} INFO - [2026-04-02T16:34:54.153+0000] {dag.py:3096} INFO - Sync 2 DAGs
[2026-04-02T16:34:54.160+0000] {logging_mixin.py:188} INFO - [2026-04-02T16:34:54.159+0000] {dag.py:3954} INFO - Setting next_dagrun for example_xcom_args to None, run_after=None
[2026-04-02T16:34:54.162+0000] {logging_mixin.py:188} INFO - [2026-04-02T16:34:54.162+0000] {dag.py:3954} INFO - Setting next_dagrun for example_xcom_args_with_operators to None, run_after=None
[2026-04-02T16:34:54.170+0000] {processor.py:183} INFO - Processing /home/airflow/.local/lib/python3.12/site-packages/airflow/example_dags/example_xcomargs.py took 0.041 seconds
[2026-04-02T16:35:24.774+0000] {processor.py:161} INFO - Started process (PID=1747) to work on /home/airflow/.local/lib/python3.12/site-packages/airflow/example_dags/example_xcomargs.py
[2026-04-02T16:35:24.774+0000] {processor.py:830} INFO - Processing file /home/airflow/.local/lib/python3.12/site-packages/airflow/example_dags/example_xcomargs.py for tasks to queue
[2026-04-02T16:35:24.775+0000] {logging_mixin.py:188} INFO - [2026-04-02T16:35:24.775+0000] {dagbag.py:540} INFO - Filling up the DagBag from /home/airflow/.local/lib/python3.12/site-packages/airflow/example_dags/example_xcomargs.py
[2026-04-02T16:35:24.780+0000] {processor.py:840} INFO - DAG(s) 'example_xcom_args_with_operators', 'example_xcom_args' retrieved from /home/airflow/.local/lib/python3.12/site-packages/airflow/example_dags/example_xcomargs.py
[2026-04-02T16:35:24.792+0000] {logging_mixin.py:188} INFO - [2026-04-02T16:35:24.792+0000] {dag.py:3096} INFO - Sync 2 DAGs
[2026-04-02T16:35:24.798+0000] {logging_mixin.py:188} INFO - [2026-04-02T16:35:24.798+0000] {dag.py:3954} INFO - Setting next_dagrun for example_xcom_args to None, run_after=None
[2026-04-02T16:35:24.801+0000] {logging_mixin.py:188} INFO - [2026-04-02T16:35:24.801+0000] {dag.py:3954} INFO - Setting next_dagrun for example_xcom_args_with_operators to None, run_after=None
[2026-04-02T16:35:24.808+0000] {processor.py:183} INFO - Processing /home/airflow/.local/lib/python3.12/site-packages/airflow/example_dags/example_xcomargs.py took 0.038 seconds
[2026-04-02T16:35:55.407+0000] {processor.py:161} INFO - Started process (PID=1805) to work on /home/airflow/.local/lib/python3.12/site-packages/airflow/example_dags/example_xcomargs.py
[2026-04-02T16:35:55.408+0000] {processor.py:830} INFO - Processing file /home/airflow/.local/lib/python3.12/site-packages/airflow/example_dags/example_xcomargs.py for tasks to queue
[2026-04-02T16:35:55.409+0000] {logging_mixin.py:188} INFO - [2026-04-02T16:35:55.409+0000] {dagbag.py:540} INFO - Filling up the DagBag from /home/airflow/.local/lib/python3.12/site-packages/airflow/example_dags/example_xcomargs.py
[2026-04-02T16:35:55.413+0000] {processor.py:840} INFO - DAG(s) 'example_xcom_args', 'example_xcom_args_with_operators' retrieved from /home/airflow/.local/lib/python3.12/site-packages/airflow/example_dags/example_xcomargs.py
[2026-04-02T16:35:55.427+0000] {logging_mixin.py:188} INFO - [2026-04-02T16:35:55.427+0000] {dag.py:3096} INFO - Sync 2 DAGs
[2026-04-02T16:35:55.432+0000] {logging_mixin.py:188} INFO - [2026-04-02T16:35:55.432+0000] {dag.py:3954} INFO - Setting next_dagrun for example_xcom_args to None, run_after=None
[2026-04-02T16:35:55.434+0000] {logging_mixin.py:188} INFO - [2026-04-02T16:35:55.434+0000] {dag.py:3954} INFO - Setting next_dagrun for example_xcom_args_with_operators to None, run_after=None
[2026-04-02T16:35:55.441+0000] {processor.py:183} INFO - Processing /home/airflow/.local/lib/python3.12/site-packages/airflow/example_dags/example_xcomargs.py took 0.037 seconds
[2026-04-02T16:36:26.079+0000] {processor.py:161} INFO - Started process (PID=1863) to work on /home/airflow/.local/lib/python3.12/site-packages/airflow/example_dags/example_xcomargs.py
[2026-04-02T16:36:26.080+0000] {processor.py:830} INFO - Processing file /home/airflow/.local/lib/python3.12/site-packages/airflow/example_dags/example_xcomargs.py for tasks to queue
[2026-04-02T16:36:26.080+0000] {logging_mixin.py:188} INFO - [2026-04-02T16:36:26.080+0000] {dagbag.py:540} INFO - Filling up the DagBag from /home/airflow/.local/lib/python3.12/site-packages/airflow/example_dags/example_xcomargs.py
[2026-04-02T16:36:26.086+0000] {processor.py:840} INFO - DAG(s) 'example_xcom_args', 'example_xcom_args_with_operators' retrieved from /home/airflow/.local/lib/python3.12/site-packages/airflow/example_dags/example_xcomargs.py
[2026-04-02T16:36:26.100+0000] {logging_mixin.py:188} INFO - [2026-04-02T16:36:26.100+0000] {dag.py:3096} INFO - Sync 2 DAGs
[2026-04-02T16:36:26.106+0000] {logging_mixin.py:188} INFO - [2026-04-02T16:36:26.106+0000] {dag.py:3954} INFO - Setting next_dagrun for example_xcom_args to None, run_after=None
[2026-04-02T16:36:26.108+0000] {logging_mixin.py:188} INFO - [2026-04-02T16:36:26.108+0000] {dag.py:3954} INFO - Setting next_dagrun for example_xcom_args_with_operators to None, run_after=None
[2026-04-02T16:36:26.115+0000] {processor.py:183} INFO - Processing /home/airflow/.local/lib/python3.12/site-packages/airflow/example_dags/example_xcomargs.py took 0.040 seconds
[2026-04-02T16:36:57.617+0000] {processor.py:161} INFO - Started process (PID=1921) to work on /home/airflow/.local/lib/python3.12/site-packages/airflow/example_dags/example_xcomargs.py
[2026-04-02T16:36:57.618+0000] {processor.py:830} INFO - Processing file /home/airflow/.local/lib/python3.12/site-packages/airflow/example_dags/example_xcomargs.py for tasks to queue
[2026-04-02T16:36:57.619+0000] {logging_mixin.py:188} INFO - [2026-04-02T16:36:57.618+0000] {dagbag.py:540} INFO - Filling up the DagBag from /home/airflow/.local/lib/python3.12/site-packages/airflow/example_dags/example_xcomargs.py
[2026-04-02T16:36:57.624+0000] {processor.py:840} INFO - DAG(s) 'example_xcom_args_with_operators', 'example_xcom_args' retrieved from /home/airflow/.local/lib/python3.12/site-packages/airflow/example_dags/example_xcomargs.py
[2026-04-02T16:36:57.637+0000] {logging_mixin.py:188} INFO - [2026-04-02T16:36:57.637+0000] {dag.py:3096} INFO - Sync 2 DAGs
[2026-04-02T16:36:57.643+0000] {logging_mixin.py:188} INFO - [2026-04-02T16:36:57.643+0000] {dag.py:3954} INFO - Setting next_dagrun for example_xcom_args to None, run_after=None
[2026-04-02T16:36:57.645+0000] {logging_mixin.py:188} INFO - [2026-04-02T16:36:57.645+0000] {dag.py:3954} INFO - Setting next_dagrun for example_xcom_args_with_operators to None, run_after=None
[2026-04-02T16:36:57.652+0000] {processor.py:183} INFO - Processing /home/airflow/.local/lib/python3.12/site-packages/airflow/example_dags/example_xcomargs.py took 0.038 seconds
[2026-04-02T16:37:28.329+0000] {processor.py:161} INFO - Started process (PID=1979) to work on /home/airflow/.local/lib/python3.12/site-packages/airflow/example_dags/example_xcomargs.py
[2026-04-02T16:37:28.330+0000] {processor.py:830} INFO - Processing file /home/airflow/.local/lib/python3.12/site-packages/airflow/example_dags/example_xcomargs.py for tasks to queue
[2026-04-02T16:37:28.331+0000] {logging_mixin.py:188} INFO - [2026-04-02T16:37:28.331+0000] {dagbag.py:540} INFO - Filling up the DagBag from /home/airflow/.local/lib/python3.12/site-packages/airflow/example_dags/example_xcomargs.py
[2026-04-02T16:37:28.335+0000] {processor.py:840} INFO - DAG(s) 'example_xcom_args', 'example_xcom_args_with_operators' retrieved from /home/airflow/.local/lib/python3.12/site-packages/airflow/example_dags/example_xcomargs.py
[2026-04-02T16:37:28.348+0000] {logging_mixin.py:188} INFO - [2026-04-02T16:37:28.348+0000] {dag.py:3096} INFO - Sync 2 DAGs
[2026-04-02T16:37:28.356+0000] {logging_mixin.py:188} INFO - [2026-04-02T16:37:28.356+0000] {dag.py:3954} INFO - Setting next_dagrun for example_xcom_args to None, run_after=None
[2026-04-02T16:37:28.358+0000] {logging_mixin.py:188} INFO - [2026-04-02T16:37:28.357+0000] {dag.py:3954} INFO - Setting next_dagrun for example_xcom_args_with_operators to None, run_after=None
[2026-04-02T16:37:28.364+0000] {processor.py:183} INFO - Processing /home/airflow/.local/lib/python3.12/site-packages/airflow/example_dags/example_xcomargs.py took 0.038 seconds
[2026-04-02T16:37:58.888+0000] {processor.py:161} INFO - Started process (PID=2037) to work on /home/airflow/.local/lib/python3.12/site-packages/airflow/example_dags/example_xcomargs.py
[2026-04-02T16:37:58.888+0000] {processor.py:830} INFO - Processing file /home/airflow/.local/lib/python3.12/site-packages/airflow/example_dags/example_xcomargs.py for tasks to queue
[2026-04-02T16:37:58.889+0000] {logging_mixin.py:188} INFO - [2026-04-02T16:37:58.889+0000] {dagbag.py:540} INFO - Filling up the DagBag from /home/airflow/.local/lib/python3.12/site-packages/airflow/example_dags/example_xcomargs.py
[2026-04-02T16:37:58.894+0000] {processor.py:840} INFO - DAG(s) 'example_xcom_args_with_operators', 'example_xcom_args' retrieved from /home/airflow/.local/lib/python3.12/site-packages/airflow/example_dags/example_xcomargs.py
[2026-04-02T16:37:58.907+0000] {logging_mixin.py:188} INFO - [2026-04-02T16:37:58.907+0000] {dag.py:3096} INFO - Sync 2 DAGs
[2026-04-02T16:37:58.914+0000] {logging_mixin.py:188} INFO - [2026-04-02T16:37:58.914+0000] {dag.py:3954} INFO - Setting next_dagrun for example_xcom_args to None, run_after=None
[2026-04-02T16:37:58.916+0000] {logging_mixin.py:188} INFO - [2026-04-02T16:37:58.915+0000] {dag.py:3954} INFO - Setting next_dagrun for example_xcom_args_with_operators to None, run_after=None
[2026-04-02T16:37:58.923+0000] {processor.py:183} INFO - Processing /home/airflow/.local/lib/python3.12/site-packages/airflow/example_dags/example_xcomargs.py took 0.038 seconds
[2026-04-02T16:38:29.595+0000] {processor.py:161} INFO - Started process (PID=2095) to work on /home/airflow/.local/lib/python3.12/site-packages/airflow/example_dags/example_xcomargs.py
[2026-04-02T16:38:29.596+0000] {processor.py:830} INFO - Processing file /home/airflow/.local/lib/python3.12/site-packages/airflow/example_dags/example_xcomargs.py for tasks to queue
[2026-04-02T16:38:29.597+0000] {logging_mixin.py:188} INFO - [2026-04-02T16:38:29.597+0000] {dagbag.py:540} INFO - Filling up the DagBag from /home/airflow/.local/lib/python3.12/site-packages/airflow/example_dags/example_xcomargs.py
[2026-04-02T16:38:29.601+0000] {processor.py:840} INFO - DAG(s) 'example_xcom_args', 'example_xcom_args_with_operators' retrieved from /home/airflow/.local/lib/python3.12/site-packages/airflow/example_dags/example_xcomargs.py
[2026-04-02T16:38:29.615+0000] {logging_mixin.py:188} INFO - [2026-04-02T16:38:29.615+0000] {dag.py:3096} INFO - Sync 2 DAGs
[2026-04-02T16:38:29.621+0000] {logging_mixin.py:188} INFO - [2026-04-02T16:38:29.621+0000] {dag.py:3954} INFO - Setting next_dagrun for example_xcom_args to None, run_after=None
[2026-04-02T16:38:29.624+0000] {logging_mixin.py:188} INFO - [2026-04-02T16:38:29.624+0000] {dag.py:3954} INFO - Setting next_dagrun for example_xcom_args_with_operators to None, run_after=None
[2026-04-02T16:38:29.631+0000] {processor.py:183} INFO - Processing /home/airflow/.local/lib/python3.12/site-packages/airflow/example_dags/example_xcomargs.py took 0.039 seconds
[2026-04-02T16:39:00.320+0000] {processor.py:161} INFO - Started process (PID=2153) to work on /home/airflow/.local/lib/python3.12/site-packages/airflow/example_dags/example_xcomargs.py
[2026-04-02T16:39:00.321+0000] {processor.py:830} INFO - Processing file /home/airflow/.local/lib/python3.12/site-packages/airflow/example_dags/example_xcomargs.py for tasks to queue
[2026-04-02T16:39:00.322+0000] {logging_mixin.py:188} INFO - [2026-04-02T16:39:00.322+0000] {dagbag.py:540} INFO - Filling up the DagBag from /home/airflow/.local/lib/python3.12/site-packages/airflow/example_dags/example_xcomargs.py
[2026-04-02T16:39:00.326+0000] {processor.py:840} INFO - DAG(s) 'example_xcom_args', 'example_xcom_args_with_operators' retrieved from /home/airflow/.local/lib/python3.12/site-packages/airflow/example_dags/example_xcomargs.py
[2026-04-02T16:39:00.339+0000] {logging_mixin.py:188} INFO - [2026-04-02T16:39:00.339+0000] {dag.py:3096} INFO - Sync 2 DAGs
[2026-04-02T16:39:00.345+0000] {logging_mixin.py:188} INFO - [2026-04-02T16:39:00.345+0000] {dag.py:3954} INFO - Setting next_dagrun for example_xcom_args to None, run_after=None
[2026-04-02T16:39:00.347+0000] {logging_mixin.py:188} INFO - [2026-04-02T16:39:00.347+0000] {dag.py:3954} INFO - Setting next_dagrun for example_xcom_args_with_operators to None, run_after=None
[2026-04-02T16:39:00.353+0000] {processor.py:183} INFO - Processing /home/airflow/.local/lib/python3.12/site-packages/airflow/example_dags/example_xcomargs.py took 0.036 seconds
[2026-04-02T16:39:30.905+0000] {processor.py:161} INFO - Started process (PID=2211) to work on /home/airflow/.local/lib/python3.12/site-packages/airflow/example_dags/example_xcomargs.py
[2026-04-02T16:39:30.905+0000] {processor.py:830} INFO - Processing file /home/airflow/.local/lib/python3.12/site-packages/airflow/example_dags/example_xcomargs.py for tasks to queue
[2026-04-02T16:39:30.906+0000] {logging_mixin.py:188} INFO - [2026-04-02T16:39:30.906+0000] {dagbag.py:540} INFO - Filling up the DagBag from /home/airflow/.local/lib/python3.12/site-packages/airflow/example_dags/example_xcomargs.py
[2026-04-02T16:39:30.911+0000] {processor.py:840} INFO - DAG(s) 'example_xcom_args_with_operators', 'example_xcom_args' retrieved from /home/airflow/.local/lib/python3.12/site-packages/airflow/example_dags/example_xcomargs.py
[2026-04-02T16:39:30.923+0000] {logging_mixin.py:188} INFO - [2026-04-02T16:39:30.923+0000] {dag.py:3096} INFO - Sync 2 DAGs
[2026-04-02T16:39:30.929+0000] {logging_mixin.py:188} INFO - [2026-04-02T16:39:30.929+0000] {dag.py:3954} INFO - Setting next_dagrun for example_xcom_args to None, run_after=None
[2026-04-02T16:39:30.931+0000] {logging_mixin.py:188} INFO - [2026-04-02T16:39:30.931+0000] {dag.py:3954} INFO - Setting next_dagrun for example_xcom_args_with_operators to None, run_after=None
[2026-04-02T16:39:30.940+0000] {processor.py:183} INFO - Processing /home/airflow/.local/lib/python3.12/site-packages/airflow/example_dags/example_xcomargs.py took 0.038 seconds
[2026-04-02T16:40:01.516+0000] {processor.py:161} INFO - Started process (PID=2269) to work on /home/airflow/.local/lib/python3.12/site-packages/airflow/example_dags/example_xcomargs.py
[2026-04-02T16:40:01.516+0000] {processor.py:830} INFO - Processing file /home/airflow/.local/lib/python3.12/site-packages/airflow/example_dags/example_xcomargs.py for tasks to queue
[2026-04-02T16:40:01.517+0000] {logging_mixin.py:188} INFO - [2026-04-02T16:40:01.517+0000] {dagbag.py:540} INFO - Filling up the DagBag from /home/airflow/.local/lib/python3.12/site-packages/airflow/example_dags/example_xcomargs.py
[2026-04-02T16:40:01.521+0000] {processor.py:840} INFO - DAG(s) 'example_xcom_args', 'example_xcom_args_with_operators' retrieved from /home/airflow/.local/lib/python3.12/site-packages/airflow/example_dags/example_xcomargs.py
[2026-04-02T16:40:01.535+0000] {logging_mixin.py:188} INFO - [2026-04-02T16:40:01.535+0000] {dag.py:3096} INFO - Sync 2 DAGs
[2026-04-02T16:40:01.541+0000] {logging_mixin.py:188} INFO - [2026-04-02T16:40:01.541+0000] {dag.py:3954} INFO - Setting next_dagrun for example_xcom_args to None, run_after=None
[2026-04-02T16:40:01.545+0000] {logging_mixin.py:188} INFO - [2026-04-02T16:40:01.545+0000] {dag.py:3954} INFO - Setting next_dagrun for example_xcom_args_with_operators to None, run_after=None
[2026-04-02T16:40:01.553+0000] {processor.py:183} INFO - Processing /home/airflow/.local/lib/python3.12/site-packages/airflow/example_dags/example_xcomargs.py took 0.040 seconds
[2026-04-02T16:40:32.196+0000] {processor.py:161} INFO - Started process (PID=2327) to work on /home/airflow/.local/lib/python3.12/site-packages/airflow/example_dags/example_xcomargs.py
[2026-04-02T16:40:32.196+0000] {processor.py:830} INFO - Processing file /home/airflow/.local/lib/python3.12/site-packages/airflow/example_dags/example_xcomargs.py for tasks to queue
[2026-04-02T16:40:32.197+0000] {logging_mixin.py:188} INFO - [2026-04-02T16:40:32.197+0000] {dagbag.py:540} INFO - Filling up the DagBag from /home/airflow/.local/lib/python3.12/site-packages/airflow/example_dags/example_xcomargs.py
[2026-04-02T16:40:32.202+0000] {processor.py:840} INFO - DAG(s) 'example_xcom_args', 'example_xcom_args_with_operators' retrieved from /home/airflow/.local/lib/python3.12/site-packages/airflow/example_dags/example_xcomargs.py
[2026-04-02T16:40:32.215+0000] {logging_mixin.py:188} INFO - [2026-04-02T16:40:32.215+0000] {dag.py:3096} INFO - Sync 2 DAGs
[2026-04-02T16:40:32.221+0000] {logging_mixin.py:188} INFO - [2026-04-02T16:40:32.221+0000] {dag.py:3954} INFO - Setting next_dagrun for example_xcom_args to None, run_after=None
[2026-04-02T16:40:32.223+0000] {logging_mixin.py:188} INFO - [2026-04-02T16:40:32.223+0000] {dag.py:3954} INFO - Setting next_dagrun for example_xcom_args_with_operators to None, run_after=None
[2026-04-02T16:40:32.231+0000] {processor.py:183} INFO - Processing /home/airflow/.local/lib/python3.12/site-packages/airflow/example_dags/example_xcomargs.py took 0.038 seconds
[2026-04-02T16:41:03.102+0000] {processor.py:161} INFO - Started process (PID=2385) to work on /home/airflow/.local/lib/python3.12/site-packages/airflow/example_dags/example_xcomargs.py
[2026-04-02T16:41:03.102+0000] {processor.py:830} INFO - Processing file /home/airflow/.local/lib/python3.12/site-packages/airflow/example_dags/example_xcomargs.py for tasks to queue
[2026-04-02T16:41:03.104+0000] {logging_mixin.py:188} INFO - [2026-04-02T16:41:03.103+0000] {dagbag.py:540} INFO - Filling up the DagBag from /home/airflow/.local/lib/python3.12/site-packages/airflow/example_dags/example_xcomargs.py
[2026-04-02T16:41:03.109+0000] {processor.py:840} INFO - DAG(s) 'example_xcom_args', 'example_xcom_args_with_operators' retrieved from /home/airflow/.local/lib/python3.12/site-packages/airflow/example_dags/example_xcomargs.py
[2026-04-02T16:41:03.124+0000] {logging_mixin.py:188} INFO - [2026-04-02T16:41:03.124+0000] {dag.py:3096} INFO - Sync 2 DAGs
[2026-04-02T16:41:03.132+0000] {logging_mixin.py:188} INFO - [2026-04-02T16:41:03.132+0000] {dag.py:3954} INFO - Setting next_dagrun for example_xcom_args to None, run_after=None
[2026-04-02T16:41:03.134+0000] {logging_mixin.py:188} INFO - [2026-04-02T16:41:03.134+0000] {dag.py:3954} INFO - Setting next_dagrun for example_xcom_args_with_operators to None, run_after=None
[2026-04-02T16:41:03.142+0000] {processor.py:183} INFO - Processing /home/airflow/.local/lib/python3.12/site-packages/airflow/example_dags/example_xcomargs.py took 0.045 seconds
[2026-04-02T16:41:33.921+0000] {processor.py:161} INFO - Started process (PID=2443) to work on /home/airflow/.local/lib/python3.12/site-packages/airflow/example_dags/example_xcomargs.py
[2026-04-02T16:41:33.922+0000] {processor.py:830} INFO - Processing file /home/airflow/.local/lib/python3.12/site-packages/airflow/example_dags/example_xcomargs.py for tasks to queue
[2026-04-02T16:41:33.923+0000] {logging_mixin.py:188} INFO - [2026-04-02T16:41:33.922+0000] {dagbag.py:540} INFO - Filling up the DagBag from /home/airflow/.local/lib/python3.12/site-packages/airflow/example_dags/example_xcomargs.py
[2026-04-02T16:41:33.928+0000] {processor.py:840} INFO - DAG(s) 'example_xcom_args_with_operators', 'example_xcom_args' retrieved from /home/airflow/.local/lib/python3.12/site-packages/airflow/example_dags/example_xcomargs.py
[2026-04-02T16:41:33.949+0000] {logging_mixin.py:188} INFO - [2026-04-02T16:41:33.948+0000] {dag.py:3096} INFO - Sync 2 DAGs
[2026-04-02T16:41:33.957+0000] {logging_mixin.py:188} INFO - [2026-04-02T16:41:33.957+0000] {dag.py:3954} INFO - Setting next_dagrun for example_xcom_args to None, run_after=None
[2026-04-02T16:41:33.960+0000] {logging_mixin.py:188} INFO - [2026-04-02T16:41:33.960+0000] {dag.py:3954} INFO - Setting next_dagrun for example_xcom_args_with_operators to None, run_after=None
[2026-04-02T16:41:33.970+0000] {processor.py:183} INFO - Processing /home/airflow/.local/lib/python3.12/site-packages/airflow/example_dags/example_xcomargs.py took 0.052 seconds
[2026-04-02T16:42:04.858+0000] {processor.py:161} INFO - Started process (PID=2501) to work on /home/airflow/.local/lib/python3.12/site-packages/airflow/example_dags/example_xcomargs.py
[2026-04-02T16:42:04.859+0000] {processor.py:830} INFO - Processing file /home/airflow/.local/lib/python3.12/site-packages/airflow/example_dags/example_xcomargs.py for tasks to queue
[2026-04-02T16:42:04.860+0000] {logging_mixin.py:188} INFO - [2026-04-02T16:42:04.859+0000] {dagbag.py:540} INFO - Filling up the DagBag from /home/airflow/.local/lib/python3.12/site-packages/airflow/example_dags/example_xcomargs.py
[2026-04-02T16:42:04.865+0000] {processor.py:840} INFO - DAG(s) 'example_xcom_args', 'example_xcom_args_with_operators' retrieved from /home/airflow/.local/lib/python3.12/site-packages/airflow/example_dags/example_xcomargs.py
[2026-04-02T16:42:04.887+0000] {logging_mixin.py:188} INFO - [2026-04-02T16:42:04.887+0000] {dag.py:3096} INFO - Sync 2 DAGs
[2026-04-02T16:42:04.894+0000] {logging_mixin.py:188} INFO - [2026-04-02T16:42:04.894+0000] {dag.py:3954} INFO - Setting next_dagrun for example_xcom_args to None, run_after=None
[2026-04-02T16:42:04.899+0000] {logging_mixin.py:188} INFO - [2026-04-02T16:42:04.899+0000] {dag.py:3954} INFO - Setting next_dagrun for example_xcom_args_with_operators to None, run_after=None
[2026-04-02T16:42:04.908+0000] {processor.py:183} INFO - Processing /home/airflow/.local/lib/python3.12/site-packages/airflow/example_dags/example_xcomargs.py took 0.053 seconds
[2026-04-02T16:42:35.827+0000] {processor.py:161} INFO - Started process (PID=2559) to work on /home/airflow/.local/lib/python3.12/site-packages/airflow/example_dags/example_xcomargs.py
[2026-04-02T16:42:35.827+0000] {processor.py:830} INFO - Processing file /home/airflow/.local/lib/python3.12/site-packages/airflow/example_dags/example_xcomargs.py for tasks to queue
[2026-04-02T16:42:35.830+0000] {logging_mixin.py:188} INFO - [2026-04-02T16:42:35.829+0000] {dagbag.py:540} INFO - Filling up the DagBag from /home/airflow/.local/lib/python3.12/site-packages/airflow/example_dags/example_xcomargs.py
[2026-04-02T16:42:35.836+0000] {processor.py:840} INFO - DAG(s) 'example_xcom_args', 'example_xcom_args_with_operators' retrieved from /home/airflow/.local/lib/python3.12/site-packages/airflow/example_dags/example_xcomargs.py
[2026-04-02T16:42:35.858+0000] {logging_mixin.py:188} INFO - [2026-04-02T16:42:35.857+0000] {dag.py:3096} INFO - Sync 2 DAGs
[2026-04-02T16:42:35.865+0000] {logging_mixin.py:188} INFO - [2026-04-02T16:42:35.865+0000] {dag.py:3954} INFO - Setting next_dagrun for example_xcom_args to None, run_after=None
[2026-04-02T16:42:35.867+0000] {logging_mixin.py:188} INFO - [2026-04-02T16:42:35.867+0000] {dag.py:3954} INFO - Setting next_dagrun for example_xcom_args_with_operators to None, run_after=None
[2026-04-02T16:42:35.878+0000] {processor.py:183} INFO - Processing /home/airflow/.local/lib/python3.12/site-packages/airflow/example_dags/example_xcomargs.py took 0.055 seconds
