[2026-04-02T16:20:35.427+0000] {processor.py:161} INFO - Started process (PID=81) to work on /home/airflow/.local/lib/python3.12/site-packages/airflow/example_dags/example_latest_only.py
[2026-04-02T16:20:35.428+0000] {processor.py:830} INFO - Processing file /home/airflow/.local/lib/python3.12/site-packages/airflow/example_dags/example_latest_only.py for tasks to queue
[2026-04-02T16:20:35.429+0000] {logging_mixin.py:188} INFO - [2026-04-02T16:20:35.429+0000] {dagbag.py:540} INFO - Filling up the DagBag from /home/airflow/.local/lib/python3.12/site-packages/airflow/example_dags/example_latest_only.py
[2026-04-02T16:20:35.432+0000] {processor.py:840} INFO - DAG(s) 'latest_only' retrieved from /home/airflow/.local/lib/python3.12/site-packages/airflow/example_dags/example_latest_only.py
[2026-04-02T16:20:35.442+0000] {logging_mixin.py:188} INFO - [2026-04-02T16:20:35.442+0000] {dag.py:3096} INFO - Sync 1 DAGs
[2026-04-02T16:20:35.453+0000] {logging_mixin.py:188} INFO - [2026-04-02T16:20:35.453+0000] {dag.py:3954} INFO - Setting next_dagrun for latest_only to 2026-04-02 12:00:00+00:00, run_after=2026-04-02 16:00:00+00:00
[2026-04-02T16:20:35.462+0000] {processor.py:183} INFO - Processing /home/airflow/.local/lib/python3.12/site-packages/airflow/example_dags/example_latest_only.py took 0.038 seconds
[2026-04-02T16:21:06.991+0000] {processor.py:161} INFO - Started process (PID=139) to work on /home/airflow/.local/lib/python3.12/site-packages/airflow/example_dags/example_latest_only.py
[2026-04-02T16:21:06.992+0000] {processor.py:830} INFO - Processing file /home/airflow/.local/lib/python3.12/site-packages/airflow/example_dags/example_latest_only.py for tasks to queue
[2026-04-02T16:21:06.993+0000] {logging_mixin.py:188} INFO - [2026-04-02T16:21:06.993+0000] {dagbag.py:540} INFO - Filling up the DagBag from /home/airflow/.local/lib/python3.12/site-packages/airflow/example_dags/example_latest_only.py
[2026-04-02T16:21:06.996+0000] {processor.py:840} INFO - DAG(s) 'latest_only' retrieved from /home/airflow/.local/lib/python3.12/site-packages/airflow/example_dags/example_latest_only.py
[2026-04-02T16:21:07.049+0000] {logging_mixin.py:188} INFO - [2026-04-02T16:21:07.049+0000] {dag.py:3096} INFO - Sync 1 DAGs
[2026-04-02T16:21:07.059+0000] {logging_mixin.py:188} INFO - [2026-04-02T16:21:07.059+0000] {dag.py:3954} INFO - Setting next_dagrun for latest_only to 2026-04-02 12:00:00+00:00, run_after=2026-04-02 16:00:00+00:00
[2026-04-02T16:21:07.068+0000] {processor.py:183} INFO - Processing /home/airflow/.local/lib/python3.12/site-packages/airflow/example_dags/example_latest_only.py took 0.080 seconds
[2026-04-02T16:21:37.179+0000] {processor.py:161} INFO - Started process (PID=197) to work on /home/airflow/.local/lib/python3.12/site-packages/airflow/example_dags/example_latest_only.py
[2026-04-02T16:21:37.180+0000] {processor.py:830} INFO - Processing file /home/airflow/.local/lib/python3.12/site-packages/airflow/example_dags/example_latest_only.py for tasks to queue
[2026-04-02T16:21:37.181+0000] {logging_mixin.py:188} INFO - [2026-04-02T16:21:37.181+0000] {dagbag.py:540} INFO - Filling up the DagBag from /home/airflow/.local/lib/python3.12/site-packages/airflow/example_dags/example_latest_only.py
[2026-04-02T16:21:37.184+0000] {processor.py:840} INFO - DAG(s) 'latest_only' retrieved from /home/airflow/.local/lib/python3.12/site-packages/airflow/example_dags/example_latest_only.py
[2026-04-02T16:21:37.196+0000] {logging_mixin.py:188} INFO - [2026-04-02T16:21:37.196+0000] {dag.py:3096} INFO - Sync 1 DAGs
[2026-04-02T16:21:37.208+0000] {logging_mixin.py:188} INFO - [2026-04-02T16:21:37.208+0000] {dag.py:3954} INFO - Setting next_dagrun for latest_only to 2026-04-02 12:00:00+00:00, run_after=2026-04-02 16:00:00+00:00
[2026-04-02T16:21:37.218+0000] {processor.py:183} INFO - Processing /home/airflow/.local/lib/python3.12/site-packages/airflow/example_dags/example_latest_only.py took 0.041 seconds
[2026-04-02T16:22:07.924+0000] {processor.py:161} INFO - Started process (PID=255) to work on /home/airflow/.local/lib/python3.12/site-packages/airflow/example_dags/example_latest_only.py
[2026-04-02T16:22:07.927+0000] {processor.py:830} INFO - Processing file /home/airflow/.local/lib/python3.12/site-packages/airflow/example_dags/example_latest_only.py for tasks to queue
[2026-04-02T16:22:07.928+0000] {logging_mixin.py:188} INFO - [2026-04-02T16:22:07.928+0000] {dagbag.py:540} INFO - Filling up the DagBag from /home/airflow/.local/lib/python3.12/site-packages/airflow/example_dags/example_latest_only.py
[2026-04-02T16:22:07.931+0000] {processor.py:840} INFO - DAG(s) 'latest_only' retrieved from /home/airflow/.local/lib/python3.12/site-packages/airflow/example_dags/example_latest_only.py
[2026-04-02T16:22:07.942+0000] {logging_mixin.py:188} INFO - [2026-04-02T16:22:07.942+0000] {dag.py:3096} INFO - Sync 1 DAGs
[2026-04-02T16:22:07.952+0000] {logging_mixin.py:188} INFO - [2026-04-02T16:22:07.952+0000] {dag.py:3954} INFO - Setting next_dagrun for latest_only to 2026-04-02 12:00:00+00:00, run_after=2026-04-02 16:00:00+00:00
[2026-04-02T16:22:07.963+0000] {processor.py:183} INFO - Processing /home/airflow/.local/lib/python3.12/site-packages/airflow/example_dags/example_latest_only.py took 0.042 seconds
[2026-04-02T16:22:38.667+0000] {processor.py:161} INFO - Started process (PID=313) to work on /home/airflow/.local/lib/python3.12/site-packages/airflow/example_dags/example_latest_only.py
[2026-04-02T16:22:38.668+0000] {processor.py:830} INFO - Processing file /home/airflow/.local/lib/python3.12/site-packages/airflow/example_dags/example_latest_only.py for tasks to queue
[2026-04-02T16:22:38.670+0000] {logging_mixin.py:188} INFO - [2026-04-02T16:22:38.669+0000] {dagbag.py:540} INFO - Filling up the DagBag from /home/airflow/.local/lib/python3.12/site-packages/airflow/example_dags/example_latest_only.py
[2026-04-02T16:22:38.673+0000] {processor.py:840} INFO - DAG(s) 'latest_only' retrieved from /home/airflow/.local/lib/python3.12/site-packages/airflow/example_dags/example_latest_only.py
[2026-04-02T16:22:38.684+0000] {logging_mixin.py:188} INFO - [2026-04-02T16:22:38.684+0000] {dag.py:3096} INFO - Sync 1 DAGs
[2026-04-02T16:22:38.694+0000] {logging_mixin.py:188} INFO - [2026-04-02T16:22:38.694+0000] {dag.py:3954} INFO - Setting next_dagrun for latest_only to 2026-04-02 12:00:00+00:00, run_after=2026-04-02 16:00:00+00:00
[2026-04-02T16:22:38.701+0000] {processor.py:183} INFO - Processing /home/airflow/.local/lib/python3.12/site-packages/airflow/example_dags/example_latest_only.py took 0.038 seconds
[2026-04-02T16:23:09.327+0000] {processor.py:161} INFO - Started process (PID=371) to work on /home/airflow/.local/lib/python3.12/site-packages/airflow/example_dags/example_latest_only.py
[2026-04-02T16:23:09.327+0000] {processor.py:830} INFO - Processing file /home/airflow/.local/lib/python3.12/site-packages/airflow/example_dags/example_latest_only.py for tasks to queue
[2026-04-02T16:23:09.328+0000] {logging_mixin.py:188} INFO - [2026-04-02T16:23:09.328+0000] {dagbag.py:540} INFO - Filling up the DagBag from /home/airflow/.local/lib/python3.12/site-packages/airflow/example_dags/example_latest_only.py
[2026-04-02T16:23:09.331+0000] {processor.py:840} INFO - DAG(s) 'latest_only' retrieved from /home/airflow/.local/lib/python3.12/site-packages/airflow/example_dags/example_latest_only.py
[2026-04-02T16:23:09.344+0000] {logging_mixin.py:188} INFO - [2026-04-02T16:23:09.344+0000] {dag.py:3096} INFO - Sync 1 DAGs
[2026-04-02T16:23:09.355+0000] {logging_mixin.py:188} INFO - [2026-04-02T16:23:09.355+0000] {dag.py:3954} INFO - Setting next_dagrun for latest_only to 2026-04-02 12:00:00+00:00, run_after=2026-04-02 16:00:00+00:00
[2026-04-02T16:23:09.362+0000] {processor.py:183} INFO - Processing /home/airflow/.local/lib/python3.12/site-packages/airflow/example_dags/example_latest_only.py took 0.039 seconds
[2026-04-02T16:23:40.092+0000] {processor.py:161} INFO - Started process (PID=429) to work on /home/airflow/.local/lib/python3.12/site-packages/airflow/example_dags/example_latest_only.py
[2026-04-02T16:23:40.093+0000] {processor.py:830} INFO - Processing file /home/airflow/.local/lib/python3.12/site-packages/airflow/example_dags/example_latest_only.py for tasks to queue
[2026-04-02T16:23:40.094+0000] {logging_mixin.py:188} INFO - [2026-04-02T16:23:40.094+0000] {dagbag.py:540} INFO - Filling up the DagBag from /home/airflow/.local/lib/python3.12/site-packages/airflow/example_dags/example_latest_only.py
[2026-04-02T16:23:40.097+0000] {processor.py:840} INFO - DAG(s) 'latest_only' retrieved from /home/airflow/.local/lib/python3.12/site-packages/airflow/example_dags/example_latest_only.py
[2026-04-02T16:23:40.112+0000] {logging_mixin.py:188} INFO - [2026-04-02T16:23:40.112+0000] {dag.py:3096} INFO - Sync 1 DAGs
[2026-04-02T16:23:40.123+0000] {logging_mixin.py:188} INFO - [2026-04-02T16:23:40.123+0000] {dag.py:3954} INFO - Setting next_dagrun for latest_only to 2026-04-02 12:00:00+00:00, run_after=2026-04-02 16:00:00+00:00
[2026-04-02T16:23:40.133+0000] {processor.py:183} INFO - Processing /home/airflow/.local/lib/python3.12/site-packages/airflow/example_dags/example_latest_only.py took 0.044 seconds
[2026-04-02T16:24:10.709+0000] {processor.py:161} INFO - Started process (PID=487) to work on /home/airflow/.local/lib/python3.12/site-packages/airflow/example_dags/example_latest_only.py
[2026-04-02T16:24:10.710+0000] {processor.py:830} INFO - Processing file /home/airflow/.local/lib/python3.12/site-packages/airflow/example_dags/example_latest_only.py for tasks to queue
[2026-04-02T16:24:10.711+0000] {logging_mixin.py:188} INFO - [2026-04-02T16:24:10.711+0000] {dagbag.py:540} INFO - Filling up the DagBag from /home/airflow/.local/lib/python3.12/site-packages/airflow/example_dags/example_latest_only.py
[2026-04-02T16:24:10.714+0000] {processor.py:840} INFO - DAG(s) 'latest_only' retrieved from /home/airflow/.local/lib/python3.12/site-packages/airflow/example_dags/example_latest_only.py
[2026-04-02T16:24:10.722+0000] {logging_mixin.py:188} INFO - [2026-04-02T16:24:10.722+0000] {dag.py:3096} INFO - Sync 1 DAGs
[2026-04-02T16:24:10.733+0000] {logging_mixin.py:188} INFO - [2026-04-02T16:24:10.733+0000] {dag.py:3954} INFO - Setting next_dagrun for latest_only to 2026-04-02 12:00:00+00:00, run_after=2026-04-02 16:00:00+00:00
[2026-04-02T16:24:10.743+0000] {processor.py:183} INFO - Processing /home/airflow/.local/lib/python3.12/site-packages/airflow/example_dags/example_latest_only.py took 0.037 seconds
[2026-04-02T16:24:41.167+0000] {processor.py:161} INFO - Started process (PID=545) to work on /home/airflow/.local/lib/python3.12/site-packages/airflow/example_dags/example_latest_only.py
[2026-04-02T16:24:41.168+0000] {processor.py:830} INFO - Processing file /home/airflow/.local/lib/python3.12/site-packages/airflow/example_dags/example_latest_only.py for tasks to queue
[2026-04-02T16:24:41.169+0000] {logging_mixin.py:188} INFO - [2026-04-02T16:24:41.168+0000] {dagbag.py:540} INFO - Filling up the DagBag from /home/airflow/.local/lib/python3.12/site-packages/airflow/example_dags/example_latest_only.py
[2026-04-02T16:24:41.171+0000] {processor.py:840} INFO - DAG(s) 'latest_only' retrieved from /home/airflow/.local/lib/python3.12/site-packages/airflow/example_dags/example_latest_only.py
[2026-04-02T16:24:41.178+0000] {logging_mixin.py:188} INFO - [2026-04-02T16:24:41.178+0000] {dag.py:3096} INFO - Sync 1 DAGs
[2026-04-02T16:24:41.190+0000] {logging_mixin.py:188} INFO - [2026-04-02T16:24:41.189+0000] {dag.py:3954} INFO - Setting next_dagrun for latest_only to 2026-04-02 12:00:00+00:00, run_after=2026-04-02 16:00:00+00:00
[2026-04-02T16:24:41.199+0000] {processor.py:183} INFO - Processing /home/airflow/.local/lib/python3.12/site-packages/airflow/example_dags/example_latest_only.py took 0.035 seconds
[2026-04-02T16:25:14.463+0000] {processor.py:161} INFO - Started process (PID=603) to work on /home/airflow/.local/lib/python3.12/site-packages/airflow/example_dags/example_latest_only.py
[2026-04-02T16:25:14.464+0000] {processor.py:830} INFO - Processing file /home/airflow/.local/lib/python3.12/site-packages/airflow/example_dags/example_latest_only.py for tasks to queue
[2026-04-02T16:25:14.465+0000] {logging_mixin.py:188} INFO - [2026-04-02T16:25:14.465+0000] {dagbag.py:540} INFO - Filling up the DagBag from /home/airflow/.local/lib/python3.12/site-packages/airflow/example_dags/example_latest_only.py
[2026-04-02T16:25:14.468+0000] {processor.py:840} INFO - DAG(s) 'latest_only' retrieved from /home/airflow/.local/lib/python3.12/site-packages/airflow/example_dags/example_latest_only.py
[2026-04-02T16:25:14.519+0000] {logging_mixin.py:188} INFO - [2026-04-02T16:25:14.519+0000] {dag.py:3096} INFO - Sync 1 DAGs
[2026-04-02T16:25:14.631+0000] {logging_mixin.py:188} INFO - [2026-04-02T16:25:14.631+0000] {dag.py:3954} INFO - Setting next_dagrun for latest_only to 2026-04-02 12:00:00+00:00, run_after=2026-04-02 16:00:00+00:00
[2026-04-02T16:25:14.641+0000] {processor.py:183} INFO - Processing /home/airflow/.local/lib/python3.12/site-packages/airflow/example_dags/example_latest_only.py took 0.181 seconds
[2026-04-02T16:25:45.600+0000] {processor.py:161} INFO - Started process (PID=661) to work on /home/airflow/.local/lib/python3.12/site-packages/airflow/example_dags/example_latest_only.py
[2026-04-02T16:25:45.601+0000] {processor.py:830} INFO - Processing file /home/airflow/.local/lib/python3.12/site-packages/airflow/example_dags/example_latest_only.py for tasks to queue
[2026-04-02T16:25:45.603+0000] {logging_mixin.py:188} INFO - [2026-04-02T16:25:45.602+0000] {dagbag.py:540} INFO - Filling up the DagBag from /home/airflow/.local/lib/python3.12/site-packages/airflow/example_dags/example_latest_only.py
[2026-04-02T16:25:45.606+0000] {processor.py:840} INFO - DAG(s) 'latest_only' retrieved from /home/airflow/.local/lib/python3.12/site-packages/airflow/example_dags/example_latest_only.py
[2026-04-02T16:25:45.628+0000] {logging_mixin.py:188} INFO - [2026-04-02T16:25:45.627+0000] {dag.py:3096} INFO - Sync 1 DAGs
[2026-04-02T16:25:45.645+0000] {logging_mixin.py:188} INFO - [2026-04-02T16:25:45.644+0000] {dag.py:3954} INFO - Setting next_dagrun for latest_only to 2026-04-02 12:00:00+00:00, run_after=2026-04-02 16:00:00+00:00
[2026-04-02T16:25:45.657+0000] {processor.py:183} INFO - Processing /home/airflow/.local/lib/python3.12/site-packages/airflow/example_dags/example_latest_only.py took 0.062 seconds
[2026-04-02T16:26:15.785+0000] {processor.py:161} INFO - Started process (PID=719) to work on /home/airflow/.local/lib/python3.12/site-packages/airflow/example_dags/example_latest_only.py
[2026-04-02T16:26:15.786+0000] {processor.py:830} INFO - Processing file /home/airflow/.local/lib/python3.12/site-packages/airflow/example_dags/example_latest_only.py for tasks to queue
[2026-04-02T16:26:15.790+0000] {logging_mixin.py:188} INFO - [2026-04-02T16:26:15.789+0000] {dagbag.py:540} INFO - Filling up the DagBag from /home/airflow/.local/lib/python3.12/site-packages/airflow/example_dags/example_latest_only.py
[2026-04-02T16:26:15.793+0000] {processor.py:840} INFO - DAG(s) 'latest_only' retrieved from /home/airflow/.local/lib/python3.12/site-packages/airflow/example_dags/example_latest_only.py
[2026-04-02T16:26:15.812+0000] {logging_mixin.py:188} INFO - [2026-04-02T16:26:15.812+0000] {dag.py:3096} INFO - Sync 1 DAGs
[2026-04-02T16:26:15.831+0000] {logging_mixin.py:188} INFO - [2026-04-02T16:26:15.830+0000] {dag.py:3954} INFO - Setting next_dagrun for latest_only to 2026-04-02 12:00:00+00:00, run_after=2026-04-02 16:00:00+00:00
[2026-04-02T16:26:15.845+0000] {processor.py:183} INFO - Processing /home/airflow/.local/lib/python3.12/site-packages/airflow/example_dags/example_latest_only.py took 0.065 seconds
[2026-04-02T16:26:46.156+0000] {processor.py:161} INFO - Started process (PID=777) to work on /home/airflow/.local/lib/python3.12/site-packages/airflow/example_dags/example_latest_only.py
[2026-04-02T16:26:46.157+0000] {processor.py:830} INFO - Processing file /home/airflow/.local/lib/python3.12/site-packages/airflow/example_dags/example_latest_only.py for tasks to queue
[2026-04-02T16:26:46.158+0000] {logging_mixin.py:188} INFO - [2026-04-02T16:26:46.158+0000] {dagbag.py:540} INFO - Filling up the DagBag from /home/airflow/.local/lib/python3.12/site-packages/airflow/example_dags/example_latest_only.py
[2026-04-02T16:26:46.163+0000] {processor.py:840} INFO - DAG(s) 'latest_only' retrieved from /home/airflow/.local/lib/python3.12/site-packages/airflow/example_dags/example_latest_only.py
[2026-04-02T16:26:46.181+0000] {logging_mixin.py:188} INFO - [2026-04-02T16:26:46.181+0000] {dag.py:3096} INFO - Sync 1 DAGs
[2026-04-02T16:26:46.199+0000] {logging_mixin.py:188} INFO - [2026-04-02T16:26:46.199+0000] {dag.py:3954} INFO - Setting next_dagrun for latest_only to 2026-04-02 12:00:00+00:00, run_after=2026-04-02 16:00:00+00:00
[2026-04-02T16:26:46.213+0000] {processor.py:183} INFO - Processing /home/airflow/.local/lib/python3.12/site-packages/airflow/example_dags/example_latest_only.py took 0.062 seconds
[2026-04-02T16:27:16.510+0000] {processor.py:161} INFO - Started process (PID=835) to work on /home/airflow/.local/lib/python3.12/site-packages/airflow/example_dags/example_latest_only.py
[2026-04-02T16:27:16.510+0000] {processor.py:830} INFO - Processing file /home/airflow/.local/lib/python3.12/site-packages/airflow/example_dags/example_latest_only.py for tasks to queue
[2026-04-02T16:27:16.512+0000] {logging_mixin.py:188} INFO - [2026-04-02T16:27:16.512+0000] {dagbag.py:540} INFO - Filling up the DagBag from /home/airflow/.local/lib/python3.12/site-packages/airflow/example_dags/example_latest_only.py
[2026-04-02T16:27:16.516+0000] {processor.py:840} INFO - DAG(s) 'latest_only' retrieved from /home/airflow/.local/lib/python3.12/site-packages/airflow/example_dags/example_latest_only.py
[2026-04-02T16:27:16.538+0000] {logging_mixin.py:188} INFO - [2026-04-02T16:27:16.538+0000] {dag.py:3096} INFO - Sync 1 DAGs
[2026-04-02T16:27:16.551+0000] {logging_mixin.py:188} INFO - [2026-04-02T16:27:16.551+0000] {dag.py:3954} INFO - Setting next_dagrun for latest_only to 2026-04-02 12:00:00+00:00, run_after=2026-04-02 16:00:00+00:00
[2026-04-02T16:27:16.663+0000] {processor.py:183} INFO - Processing /home/airflow/.local/lib/python3.12/site-packages/airflow/example_dags/example_latest_only.py took 0.158 seconds
[2026-04-02T16:27:47.602+0000] {processor.py:161} INFO - Started process (PID=893) to work on /home/airflow/.local/lib/python3.12/site-packages/airflow/example_dags/example_latest_only.py
[2026-04-02T16:27:47.604+0000] {processor.py:830} INFO - Processing file /home/airflow/.local/lib/python3.12/site-packages/airflow/example_dags/example_latest_only.py for tasks to queue
[2026-04-02T16:27:47.605+0000] {logging_mixin.py:188} INFO - [2026-04-02T16:27:47.605+0000] {dagbag.py:540} INFO - Filling up the DagBag from /home/airflow/.local/lib/python3.12/site-packages/airflow/example_dags/example_latest_only.py
[2026-04-02T16:27:47.608+0000] {processor.py:840} INFO - DAG(s) 'latest_only' retrieved from /home/airflow/.local/lib/python3.12/site-packages/airflow/example_dags/example_latest_only.py
[2026-04-02T16:27:47.621+0000] {logging_mixin.py:188} INFO - [2026-04-02T16:27:47.621+0000] {dag.py:3096} INFO - Sync 1 DAGs
[2026-04-02T16:27:47.636+0000] {logging_mixin.py:188} INFO - [2026-04-02T16:27:47.636+0000] {dag.py:3954} INFO - Setting next_dagrun for latest_only to 2026-04-02 12:00:00+00:00, run_after=2026-04-02 16:00:00+00:00
[2026-04-02T16:27:47.649+0000] {processor.py:183} INFO - Processing /home/airflow/.local/lib/python3.12/site-packages/airflow/example_dags/example_latest_only.py took 0.050 seconds
[2026-04-02T16:28:18.350+0000] {processor.py:161} INFO - Started process (PID=951) to work on /home/airflow/.local/lib/python3.12/site-packages/airflow/example_dags/example_latest_only.py
[2026-04-02T16:28:18.352+0000] {processor.py:830} INFO - Processing file /home/airflow/.local/lib/python3.12/site-packages/airflow/example_dags/example_latest_only.py for tasks to queue
[2026-04-02T16:28:18.356+0000] {logging_mixin.py:188} INFO - [2026-04-02T16:28:18.356+0000] {dagbag.py:540} INFO - Filling up the DagBag from /home/airflow/.local/lib/python3.12/site-packages/airflow/example_dags/example_latest_only.py
[2026-04-02T16:28:18.360+0000] {processor.py:840} INFO - DAG(s) 'latest_only' retrieved from /home/airflow/.local/lib/python3.12/site-packages/airflow/example_dags/example_latest_only.py
[2026-04-02T16:28:18.528+0000] {logging_mixin.py:188} INFO - [2026-04-02T16:28:18.528+0000] {dag.py:3096} INFO - Sync 1 DAGs
[2026-04-02T16:28:18.543+0000] {logging_mixin.py:188} INFO - [2026-04-02T16:28:18.542+0000] {dag.py:3954} INFO - Setting next_dagrun for latest_only to 2026-04-02 12:00:00+00:00, run_after=2026-04-02 16:00:00+00:00
[2026-04-02T16:28:18.555+0000] {processor.py:183} INFO - Processing /home/airflow/.local/lib/python3.12/site-packages/airflow/example_dags/example_latest_only.py took 0.208 seconds
[2026-04-02T16:28:48.698+0000] {processor.py:161} INFO - Started process (PID=1009) to work on /home/airflow/.local/lib/python3.12/site-packages/airflow/example_dags/example_latest_only.py
[2026-04-02T16:28:48.699+0000] {processor.py:830} INFO - Processing file /home/airflow/.local/lib/python3.12/site-packages/airflow/example_dags/example_latest_only.py for tasks to queue
[2026-04-02T16:28:48.702+0000] {logging_mixin.py:188} INFO - [2026-04-02T16:28:48.702+0000] {dagbag.py:540} INFO - Filling up the DagBag from /home/airflow/.local/lib/python3.12/site-packages/airflow/example_dags/example_latest_only.py
[2026-04-02T16:28:48.706+0000] {processor.py:840} INFO - DAG(s) 'latest_only' retrieved from /home/airflow/.local/lib/python3.12/site-packages/airflow/example_dags/example_latest_only.py
[2026-04-02T16:28:48.723+0000] {logging_mixin.py:188} INFO - [2026-04-02T16:28:48.723+0000] {dag.py:3096} INFO - Sync 1 DAGs
[2026-04-02T16:28:48.741+0000] {logging_mixin.py:188} INFO - [2026-04-02T16:28:48.741+0000] {dag.py:3954} INFO - Setting next_dagrun for latest_only to 2026-04-02 12:00:00+00:00, run_after=2026-04-02 16:00:00+00:00
[2026-04-02T16:28:48.755+0000] {processor.py:183} INFO - Processing /home/airflow/.local/lib/python3.12/site-packages/airflow/example_dags/example_latest_only.py took 0.061 seconds
[2026-04-02T16:29:18.909+0000] {processor.py:161} INFO - Started process (PID=1067) to work on /home/airflow/.local/lib/python3.12/site-packages/airflow/example_dags/example_latest_only.py
[2026-04-02T16:29:18.910+0000] {processor.py:830} INFO - Processing file /home/airflow/.local/lib/python3.12/site-packages/airflow/example_dags/example_latest_only.py for tasks to queue
[2026-04-02T16:29:18.911+0000] {logging_mixin.py:188} INFO - [2026-04-02T16:29:18.911+0000] {dagbag.py:540} INFO - Filling up the DagBag from /home/airflow/.local/lib/python3.12/site-packages/airflow/example_dags/example_latest_only.py
[2026-04-02T16:29:18.914+0000] {processor.py:840} INFO - DAG(s) 'latest_only' retrieved from /home/airflow/.local/lib/python3.12/site-packages/airflow/example_dags/example_latest_only.py
[2026-04-02T16:29:18.929+0000] {logging_mixin.py:188} INFO - [2026-04-02T16:29:18.929+0000] {dag.py:3096} INFO - Sync 1 DAGs
[2026-04-02T16:29:18.943+0000] {logging_mixin.py:188} INFO - [2026-04-02T16:29:18.943+0000] {dag.py:3954} INFO - Setting next_dagrun for latest_only to 2026-04-02 12:00:00+00:00, run_after=2026-04-02 16:00:00+00:00
[2026-04-02T16:29:18.961+0000] {processor.py:183} INFO - Processing /home/airflow/.local/lib/python3.12/site-packages/airflow/example_dags/example_latest_only.py took 0.056 seconds
[2026-04-02T16:29:50.661+0000] {processor.py:161} INFO - Started process (PID=1125) to work on /home/airflow/.local/lib/python3.12/site-packages/airflow/example_dags/example_latest_only.py
[2026-04-02T16:29:50.662+0000] {processor.py:830} INFO - Processing file /home/airflow/.local/lib/python3.12/site-packages/airflow/example_dags/example_latest_only.py for tasks to queue
[2026-04-02T16:29:50.663+0000] {logging_mixin.py:188} INFO - [2026-04-02T16:29:50.662+0000] {dagbag.py:540} INFO - Filling up the DagBag from /home/airflow/.local/lib/python3.12/site-packages/airflow/example_dags/example_latest_only.py
[2026-04-02T16:29:50.665+0000] {processor.py:840} INFO - DAG(s) 'latest_only' retrieved from /home/airflow/.local/lib/python3.12/site-packages/airflow/example_dags/example_latest_only.py
[2026-04-02T16:29:50.677+0000] {logging_mixin.py:188} INFO - [2026-04-02T16:29:50.677+0000] {dag.py:3096} INFO - Sync 1 DAGs
[2026-04-02T16:29:50.785+0000] {logging_mixin.py:188} INFO - [2026-04-02T16:29:50.785+0000] {dag.py:3954} INFO - Setting next_dagrun for latest_only to 2026-04-02 12:00:00+00:00, run_after=2026-04-02 16:00:00+00:00
[2026-04-02T16:29:50.794+0000] {processor.py:183} INFO - Processing /home/airflow/.local/lib/python3.12/site-packages/airflow/example_dags/example_latest_only.py took 0.137 seconds
[2026-04-02T16:30:21.811+0000] {processor.py:161} INFO - Started process (PID=1183) to work on /home/airflow/.local/lib/python3.12/site-packages/airflow/example_dags/example_latest_only.py
[2026-04-02T16:30:21.811+0000] {processor.py:830} INFO - Processing file /home/airflow/.local/lib/python3.12/site-packages/airflow/example_dags/example_latest_only.py for tasks to queue
[2026-04-02T16:30:21.813+0000] {logging_mixin.py:188} INFO - [2026-04-02T16:30:21.812+0000] {dagbag.py:540} INFO - Filling up the DagBag from /home/airflow/.local/lib/python3.12/site-packages/airflow/example_dags/example_latest_only.py
[2026-04-02T16:30:21.815+0000] {processor.py:840} INFO - DAG(s) 'latest_only' retrieved from /home/airflow/.local/lib/python3.12/site-packages/airflow/example_dags/example_latest_only.py
[2026-04-02T16:30:21.828+0000] {logging_mixin.py:188} INFO - [2026-04-02T16:30:21.828+0000] {dag.py:3096} INFO - Sync 1 DAGs
[2026-04-02T16:30:21.921+0000] {logging_mixin.py:188} INFO - [2026-04-02T16:30:21.921+0000] {dag.py:3954} INFO - Setting next_dagrun for latest_only to 2026-04-02 12:00:00+00:00, run_after=2026-04-02 16:00:00+00:00
[2026-04-02T16:30:21.930+0000] {processor.py:183} INFO - Processing /home/airflow/.local/lib/python3.12/site-packages/airflow/example_dags/example_latest_only.py took 0.122 seconds
[2026-04-02T16:30:52.425+0000] {processor.py:161} INFO - Started process (PID=1241) to work on /home/airflow/.local/lib/python3.12/site-packages/airflow/example_dags/example_latest_only.py
[2026-04-02T16:30:52.425+0000] {processor.py:830} INFO - Processing file /home/airflow/.local/lib/python3.12/site-packages/airflow/example_dags/example_latest_only.py for tasks to queue
[2026-04-02T16:30:52.426+0000] {logging_mixin.py:188} INFO - [2026-04-02T16:30:52.426+0000] {dagbag.py:540} INFO - Filling up the DagBag from /home/airflow/.local/lib/python3.12/site-packages/airflow/example_dags/example_latest_only.py
[2026-04-02T16:30:52.429+0000] {processor.py:840} INFO - DAG(s) 'latest_only' retrieved from /home/airflow/.local/lib/python3.12/site-packages/airflow/example_dags/example_latest_only.py
[2026-04-02T16:30:52.441+0000] {logging_mixin.py:188} INFO - [2026-04-02T16:30:52.441+0000] {dag.py:3096} INFO - Sync 1 DAGs
[2026-04-02T16:30:52.452+0000] {logging_mixin.py:188} INFO - [2026-04-02T16:30:52.452+0000] {dag.py:3954} INFO - Setting next_dagrun for latest_only to 2026-04-02 12:00:00+00:00, run_after=2026-04-02 16:00:00+00:00
[2026-04-02T16:30:52.460+0000] {processor.py:183} INFO - Processing /home/airflow/.local/lib/python3.12/site-packages/airflow/example_dags/example_latest_only.py took 0.039 seconds
[2026-04-02T16:31:22.981+0000] {processor.py:161} INFO - Started process (PID=1299) to work on /home/airflow/.local/lib/python3.12/site-packages/airflow/example_dags/example_latest_only.py
[2026-04-02T16:31:22.982+0000] {processor.py:830} INFO - Processing file /home/airflow/.local/lib/python3.12/site-packages/airflow/example_dags/example_latest_only.py for tasks to queue
[2026-04-02T16:31:22.982+0000] {logging_mixin.py:188} INFO - [2026-04-02T16:31:22.982+0000] {dagbag.py:540} INFO - Filling up the DagBag from /home/airflow/.local/lib/python3.12/site-packages/airflow/example_dags/example_latest_only.py
[2026-04-02T16:31:22.985+0000] {processor.py:840} INFO - DAG(s) 'latest_only' retrieved from /home/airflow/.local/lib/python3.12/site-packages/airflow/example_dags/example_latest_only.py
[2026-04-02T16:31:22.995+0000] {logging_mixin.py:188} INFO - [2026-04-02T16:31:22.995+0000] {dag.py:3096} INFO - Sync 1 DAGs
[2026-04-02T16:31:23.005+0000] {logging_mixin.py:188} INFO - [2026-04-02T16:31:23.005+0000] {dag.py:3954} INFO - Setting next_dagrun for latest_only to 2026-04-02 12:00:00+00:00, run_after=2026-04-02 16:00:00+00:00
[2026-04-02T16:31:23.013+0000] {processor.py:183} INFO - Processing /home/airflow/.local/lib/python3.12/site-packages/airflow/example_dags/example_latest_only.py took 0.035 seconds
[2026-04-02T16:31:53.651+0000] {processor.py:161} INFO - Started process (PID=1357) to work on /home/airflow/.local/lib/python3.12/site-packages/airflow/example_dags/example_latest_only.py
[2026-04-02T16:31:53.651+0000] {processor.py:830} INFO - Processing file /home/airflow/.local/lib/python3.12/site-packages/airflow/example_dags/example_latest_only.py for tasks to queue
[2026-04-02T16:31:53.652+0000] {logging_mixin.py:188} INFO - [2026-04-02T16:31:53.652+0000] {dagbag.py:540} INFO - Filling up the DagBag from /home/airflow/.local/lib/python3.12/site-packages/airflow/example_dags/example_latest_only.py
[2026-04-02T16:31:53.655+0000] {processor.py:840} INFO - DAG(s) 'latest_only' retrieved from /home/airflow/.local/lib/python3.12/site-packages/airflow/example_dags/example_latest_only.py
[2026-04-02T16:31:53.669+0000] {logging_mixin.py:188} INFO - [2026-04-02T16:31:53.669+0000] {dag.py:3096} INFO - Sync 1 DAGs
[2026-04-02T16:31:53.681+0000] {logging_mixin.py:188} INFO - [2026-04-02T16:31:53.681+0000] {dag.py:3954} INFO - Setting next_dagrun for latest_only to 2026-04-02 12:00:00+00:00, run_after=2026-04-02 16:00:00+00:00
[2026-04-02T16:31:53.691+0000] {processor.py:183} INFO - Processing /home/airflow/.local/lib/python3.12/site-packages/airflow/example_dags/example_latest_only.py took 0.044 seconds
[2026-04-02T16:32:24.439+0000] {processor.py:161} INFO - Started process (PID=1415) to work on /home/airflow/.local/lib/python3.12/site-packages/airflow/example_dags/example_latest_only.py
[2026-04-02T16:32:24.440+0000] {processor.py:830} INFO - Processing file /home/airflow/.local/lib/python3.12/site-packages/airflow/example_dags/example_latest_only.py for tasks to queue
[2026-04-02T16:32:24.441+0000] {logging_mixin.py:188} INFO - [2026-04-02T16:32:24.441+0000] {dagbag.py:540} INFO - Filling up the DagBag from /home/airflow/.local/lib/python3.12/site-packages/airflow/example_dags/example_latest_only.py
[2026-04-02T16:32:24.444+0000] {processor.py:840} INFO - DAG(s) 'latest_only' retrieved from /home/airflow/.local/lib/python3.12/site-packages/airflow/example_dags/example_latest_only.py
[2026-04-02T16:32:24.456+0000] {logging_mixin.py:188} INFO - [2026-04-02T16:32:24.456+0000] {dag.py:3096} INFO - Sync 1 DAGs
[2026-04-02T16:32:24.466+0000] {logging_mixin.py:188} INFO - [2026-04-02T16:32:24.466+0000] {dag.py:3954} INFO - Setting next_dagrun for latest_only to 2026-04-02 12:00:00+00:00, run_after=2026-04-02 16:00:00+00:00
[2026-04-02T16:32:24.473+0000] {processor.py:183} INFO - Processing /home/airflow/.local/lib/python3.12/site-packages/airflow/example_dags/example_latest_only.py took 0.037 seconds
[2026-04-02T16:32:55.062+0000] {processor.py:161} INFO - Started process (PID=1473) to work on /home/airflow/.local/lib/python3.12/site-packages/airflow/example_dags/example_latest_only.py
[2026-04-02T16:32:55.062+0000] {processor.py:830} INFO - Processing file /home/airflow/.local/lib/python3.12/site-packages/airflow/example_dags/example_latest_only.py for tasks to queue
[2026-04-02T16:32:55.063+0000] {logging_mixin.py:188} INFO - [2026-04-02T16:32:55.063+0000] {dagbag.py:540} INFO - Filling up the DagBag from /home/airflow/.local/lib/python3.12/site-packages/airflow/example_dags/example_latest_only.py
[2026-04-02T16:32:55.066+0000] {processor.py:840} INFO - DAG(s) 'latest_only' retrieved from /home/airflow/.local/lib/python3.12/site-packages/airflow/example_dags/example_latest_only.py
[2026-04-02T16:32:55.078+0000] {logging_mixin.py:188} INFO - [2026-04-02T16:32:55.078+0000] {dag.py:3096} INFO - Sync 1 DAGs
[2026-04-02T16:32:55.088+0000] {logging_mixin.py:188} INFO - [2026-04-02T16:32:55.088+0000] {dag.py:3954} INFO - Setting next_dagrun for latest_only to 2026-04-02 12:00:00+00:00, run_after=2026-04-02 16:00:00+00:00
[2026-04-02T16:32:55.096+0000] {processor.py:183} INFO - Processing /home/airflow/.local/lib/python3.12/site-packages/airflow/example_dags/example_latest_only.py took 0.037 seconds
[2026-04-02T16:33:25.567+0000] {processor.py:161} INFO - Started process (PID=1531) to work on /home/airflow/.local/lib/python3.12/site-packages/airflow/example_dags/example_latest_only.py
[2026-04-02T16:33:25.567+0000] {processor.py:830} INFO - Processing file /home/airflow/.local/lib/python3.12/site-packages/airflow/example_dags/example_latest_only.py for tasks to queue
[2026-04-02T16:33:25.568+0000] {logging_mixin.py:188} INFO - [2026-04-02T16:33:25.568+0000] {dagbag.py:540} INFO - Filling up the DagBag from /home/airflow/.local/lib/python3.12/site-packages/airflow/example_dags/example_latest_only.py
[2026-04-02T16:33:25.571+0000] {processor.py:840} INFO - DAG(s) 'latest_only' retrieved from /home/airflow/.local/lib/python3.12/site-packages/airflow/example_dags/example_latest_only.py
[2026-04-02T16:33:25.583+0000] {logging_mixin.py:188} INFO - [2026-04-02T16:33:25.583+0000] {dag.py:3096} INFO - Sync 1 DAGs
[2026-04-02T16:33:25.592+0000] {logging_mixin.py:188} INFO - [2026-04-02T16:33:25.592+0000] {dag.py:3954} INFO - Setting next_dagrun for latest_only to 2026-04-02 12:00:00+00:00, run_after=2026-04-02 16:00:00+00:00
[2026-04-02T16:33:25.599+0000] {processor.py:183} INFO - Processing /home/airflow/.local/lib/python3.12/site-packages/airflow/example_dags/example_latest_only.py took 0.035 seconds
[2026-04-02T16:33:56.281+0000] {processor.py:161} INFO - Started process (PID=1589) to work on /home/airflow/.local/lib/python3.12/site-packages/airflow/example_dags/example_latest_only.py
[2026-04-02T16:33:56.281+0000] {processor.py:830} INFO - Processing file /home/airflow/.local/lib/python3.12/site-packages/airflow/example_dags/example_latest_only.py for tasks to queue
[2026-04-02T16:33:56.282+0000] {logging_mixin.py:188} INFO - [2026-04-02T16:33:56.282+0000] {dagbag.py:540} INFO - Filling up the DagBag from /home/airflow/.local/lib/python3.12/site-packages/airflow/example_dags/example_latest_only.py
[2026-04-02T16:33:56.285+0000] {processor.py:840} INFO - DAG(s) 'latest_only' retrieved from /home/airflow/.local/lib/python3.12/site-packages/airflow/example_dags/example_latest_only.py
[2026-04-02T16:33:56.298+0000] {logging_mixin.py:188} INFO - [2026-04-02T16:33:56.298+0000] {dag.py:3096} INFO - Sync 1 DAGs
[2026-04-02T16:33:56.309+0000] {logging_mixin.py:188} INFO - [2026-04-02T16:33:56.309+0000] {dag.py:3954} INFO - Setting next_dagrun for latest_only to 2026-04-02 12:00:00+00:00, run_after=2026-04-02 16:00:00+00:00
[2026-04-02T16:33:56.317+0000] {processor.py:183} INFO - Processing /home/airflow/.local/lib/python3.12/site-packages/airflow/example_dags/example_latest_only.py took 0.040 seconds
[2026-04-02T16:34:26.960+0000] {processor.py:161} INFO - Started process (PID=1647) to work on /home/airflow/.local/lib/python3.12/site-packages/airflow/example_dags/example_latest_only.py
[2026-04-02T16:34:26.960+0000] {processor.py:830} INFO - Processing file /home/airflow/.local/lib/python3.12/site-packages/airflow/example_dags/example_latest_only.py for tasks to queue
[2026-04-02T16:34:26.962+0000] {logging_mixin.py:188} INFO - [2026-04-02T16:34:26.961+0000] {dagbag.py:540} INFO - Filling up the DagBag from /home/airflow/.local/lib/python3.12/site-packages/airflow/example_dags/example_latest_only.py
[2026-04-02T16:34:26.964+0000] {processor.py:840} INFO - DAG(s) 'latest_only' retrieved from /home/airflow/.local/lib/python3.12/site-packages/airflow/example_dags/example_latest_only.py
[2026-04-02T16:34:26.977+0000] {logging_mixin.py:188} INFO - [2026-04-02T16:34:26.976+0000] {dag.py:3096} INFO - Sync 1 DAGs
[2026-04-02T16:34:26.987+0000] {logging_mixin.py:188} INFO - [2026-04-02T16:34:26.987+0000] {dag.py:3954} INFO - Setting next_dagrun for latest_only to 2026-04-02 12:00:00+00:00, run_after=2026-04-02 16:00:00+00:00
[2026-04-02T16:34:26.996+0000] {processor.py:183} INFO - Processing /home/airflow/.local/lib/python3.12/site-packages/airflow/example_dags/example_latest_only.py took 0.039 seconds
[2026-04-02T16:34:57.645+0000] {processor.py:161} INFO - Started process (PID=1705) to work on /home/airflow/.local/lib/python3.12/site-packages/airflow/example_dags/example_latest_only.py
[2026-04-02T16:34:57.645+0000] {processor.py:830} INFO - Processing file /home/airflow/.local/lib/python3.12/site-packages/airflow/example_dags/example_latest_only.py for tasks to queue
[2026-04-02T16:34:57.646+0000] {logging_mixin.py:188} INFO - [2026-04-02T16:34:57.646+0000] {dagbag.py:540} INFO - Filling up the DagBag from /home/airflow/.local/lib/python3.12/site-packages/airflow/example_dags/example_latest_only.py
[2026-04-02T16:34:57.649+0000] {processor.py:840} INFO - DAG(s) 'latest_only' retrieved from /home/airflow/.local/lib/python3.12/site-packages/airflow/example_dags/example_latest_only.py
[2026-04-02T16:34:57.661+0000] {logging_mixin.py:188} INFO - [2026-04-02T16:34:57.661+0000] {dag.py:3096} INFO - Sync 1 DAGs
[2026-04-02T16:34:57.672+0000] {logging_mixin.py:188} INFO - [2026-04-02T16:34:57.672+0000] {dag.py:3954} INFO - Setting next_dagrun for latest_only to 2026-04-02 12:00:00+00:00, run_after=2026-04-02 16:00:00+00:00
[2026-04-02T16:34:57.680+0000] {processor.py:183} INFO - Processing /home/airflow/.local/lib/python3.12/site-packages/airflow/example_dags/example_latest_only.py took 0.039 seconds
[2026-04-02T16:35:28.247+0000] {processor.py:161} INFO - Started process (PID=1763) to work on /home/airflow/.local/lib/python3.12/site-packages/airflow/example_dags/example_latest_only.py
[2026-04-02T16:35:28.248+0000] {processor.py:830} INFO - Processing file /home/airflow/.local/lib/python3.12/site-packages/airflow/example_dags/example_latest_only.py for tasks to queue
[2026-04-02T16:35:28.249+0000] {logging_mixin.py:188} INFO - [2026-04-02T16:35:28.248+0000] {dagbag.py:540} INFO - Filling up the DagBag from /home/airflow/.local/lib/python3.12/site-packages/airflow/example_dags/example_latest_only.py
[2026-04-02T16:35:28.252+0000] {processor.py:840} INFO - DAG(s) 'latest_only' retrieved from /home/airflow/.local/lib/python3.12/site-packages/airflow/example_dags/example_latest_only.py
[2026-04-02T16:35:28.266+0000] {logging_mixin.py:188} INFO - [2026-04-02T16:35:28.266+0000] {dag.py:3096} INFO - Sync 1 DAGs
[2026-04-02T16:35:28.277+0000] {logging_mixin.py:188} INFO - [2026-04-02T16:35:28.277+0000] {dag.py:3954} INFO - Setting next_dagrun for latest_only to 2026-04-02 12:00:00+00:00, run_after=2026-04-02 16:00:00+00:00
[2026-04-02T16:35:28.286+0000] {processor.py:183} INFO - Processing /home/airflow/.local/lib/python3.12/site-packages/airflow/example_dags/example_latest_only.py took 0.042 seconds
[2026-04-02T16:35:58.913+0000] {processor.py:161} INFO - Started process (PID=1821) to work on /home/airflow/.local/lib/python3.12/site-packages/airflow/example_dags/example_latest_only.py
[2026-04-02T16:35:58.914+0000] {processor.py:830} INFO - Processing file /home/airflow/.local/lib/python3.12/site-packages/airflow/example_dags/example_latest_only.py for tasks to queue
[2026-04-02T16:35:58.917+0000] {logging_mixin.py:188} INFO - [2026-04-02T16:35:58.916+0000] {dagbag.py:540} INFO - Filling up the DagBag from /home/airflow/.local/lib/python3.12/site-packages/airflow/example_dags/example_latest_only.py
[2026-04-02T16:35:58.926+0000] {processor.py:840} INFO - DAG(s) 'latest_only' retrieved from /home/airflow/.local/lib/python3.12/site-packages/airflow/example_dags/example_latest_only.py
[2026-04-02T16:35:58.945+0000] {logging_mixin.py:188} INFO - [2026-04-02T16:35:58.945+0000] {dag.py:3096} INFO - Sync 1 DAGs
[2026-04-02T16:35:58.956+0000] {logging_mixin.py:188} INFO - [2026-04-02T16:35:58.956+0000] {dag.py:3954} INFO - Setting next_dagrun for latest_only to 2026-04-02 12:00:00+00:00, run_after=2026-04-02 16:00:00+00:00
[2026-04-02T16:35:58.965+0000] {processor.py:183} INFO - Processing /home/airflow/.local/lib/python3.12/site-packages/airflow/example_dags/example_latest_only.py took 0.058 seconds
[2026-04-02T16:36:29.531+0000] {processor.py:161} INFO - Started process (PID=1879) to work on /home/airflow/.local/lib/python3.12/site-packages/airflow/example_dags/example_latest_only.py
[2026-04-02T16:36:29.532+0000] {processor.py:830} INFO - Processing file /home/airflow/.local/lib/python3.12/site-packages/airflow/example_dags/example_latest_only.py for tasks to queue
[2026-04-02T16:36:29.533+0000] {logging_mixin.py:188} INFO - [2026-04-02T16:36:29.533+0000] {dagbag.py:540} INFO - Filling up the DagBag from /home/airflow/.local/lib/python3.12/site-packages/airflow/example_dags/example_latest_only.py
[2026-04-02T16:36:29.536+0000] {processor.py:840} INFO - DAG(s) 'latest_only' retrieved from /home/airflow/.local/lib/python3.12/site-packages/airflow/example_dags/example_latest_only.py
[2026-04-02T16:36:29.549+0000] {logging_mixin.py:188} INFO - [2026-04-02T16:36:29.549+0000] {dag.py:3096} INFO - Sync 1 DAGs
[2026-04-02T16:36:29.560+0000] {logging_mixin.py:188} INFO - [2026-04-02T16:36:29.560+0000] {dag.py:3954} INFO - Setting next_dagrun for latest_only to 2026-04-02 12:00:00+00:00, run_after=2026-04-02 16:00:00+00:00
[2026-04-02T16:36:29.568+0000] {processor.py:183} INFO - Processing /home/airflow/.local/lib/python3.12/site-packages/airflow/example_dags/example_latest_only.py took 0.041 seconds
[2026-04-02T16:37:00.093+0000] {processor.py:161} INFO - Started process (PID=1937) to work on /home/airflow/.local/lib/python3.12/site-packages/airflow/example_dags/example_latest_only.py
[2026-04-02T16:37:00.093+0000] {processor.py:830} INFO - Processing file /home/airflow/.local/lib/python3.12/site-packages/airflow/example_dags/example_latest_only.py for tasks to queue
[2026-04-02T16:37:00.094+0000] {logging_mixin.py:188} INFO - [2026-04-02T16:37:00.094+0000] {dagbag.py:540} INFO - Filling up the DagBag from /home/airflow/.local/lib/python3.12/site-packages/airflow/example_dags/example_latest_only.py
[2026-04-02T16:37:00.097+0000] {processor.py:840} INFO - DAG(s) 'latest_only' retrieved from /home/airflow/.local/lib/python3.12/site-packages/airflow/example_dags/example_latest_only.py
[2026-04-02T16:37:00.109+0000] {logging_mixin.py:188} INFO - [2026-04-02T16:37:00.109+0000] {dag.py:3096} INFO - Sync 1 DAGs
[2026-04-02T16:37:00.121+0000] {logging_mixin.py:188} INFO - [2026-04-02T16:37:00.120+0000] {dag.py:3954} INFO - Setting next_dagrun for latest_only to 2026-04-02 12:00:00+00:00, run_after=2026-04-02 16:00:00+00:00
[2026-04-02T16:37:00.129+0000] {processor.py:183} INFO - Processing /home/airflow/.local/lib/python3.12/site-packages/airflow/example_dags/example_latest_only.py took 0.039 seconds
[2026-04-02T16:37:30.802+0000] {processor.py:161} INFO - Started process (PID=1995) to work on /home/airflow/.local/lib/python3.12/site-packages/airflow/example_dags/example_latest_only.py
[2026-04-02T16:37:30.803+0000] {processor.py:830} INFO - Processing file /home/airflow/.local/lib/python3.12/site-packages/airflow/example_dags/example_latest_only.py for tasks to queue
[2026-04-02T16:37:30.804+0000] {logging_mixin.py:188} INFO - [2026-04-02T16:37:30.804+0000] {dagbag.py:540} INFO - Filling up the DagBag from /home/airflow/.local/lib/python3.12/site-packages/airflow/example_dags/example_latest_only.py
[2026-04-02T16:37:30.807+0000] {processor.py:840} INFO - DAG(s) 'latest_only' retrieved from /home/airflow/.local/lib/python3.12/site-packages/airflow/example_dags/example_latest_only.py
[2026-04-02T16:37:30.819+0000] {logging_mixin.py:188} INFO - [2026-04-02T16:37:30.819+0000] {dag.py:3096} INFO - Sync 1 DAGs
[2026-04-02T16:37:30.828+0000] {logging_mixin.py:188} INFO - [2026-04-02T16:37:30.828+0000] {dag.py:3954} INFO - Setting next_dagrun for latest_only to 2026-04-02 12:00:00+00:00, run_after=2026-04-02 16:00:00+00:00
[2026-04-02T16:37:30.836+0000] {processor.py:183} INFO - Processing /home/airflow/.local/lib/python3.12/site-packages/airflow/example_dags/example_latest_only.py took 0.037 seconds
[2026-04-02T16:38:01.373+0000] {processor.py:161} INFO - Started process (PID=2053) to work on /home/airflow/.local/lib/python3.12/site-packages/airflow/example_dags/example_latest_only.py
[2026-04-02T16:38:01.381+0000] {processor.py:830} INFO - Processing file /home/airflow/.local/lib/python3.12/site-packages/airflow/example_dags/example_latest_only.py for tasks to queue
[2026-04-02T16:38:01.385+0000] {logging_mixin.py:188} INFO - [2026-04-02T16:38:01.385+0000] {dagbag.py:540} INFO - Filling up the DagBag from /home/airflow/.local/lib/python3.12/site-packages/airflow/example_dags/example_latest_only.py
[2026-04-02T16:38:01.391+0000] {processor.py:840} INFO - DAG(s) 'latest_only' retrieved from /home/airflow/.local/lib/python3.12/site-packages/airflow/example_dags/example_latest_only.py
[2026-04-02T16:38:01.414+0000] {logging_mixin.py:188} INFO - [2026-04-02T16:38:01.414+0000] {dag.py:3096} INFO - Sync 1 DAGs
[2026-04-02T16:38:01.427+0000] {logging_mixin.py:188} INFO - [2026-04-02T16:38:01.427+0000] {dag.py:3954} INFO - Setting next_dagrun for latest_only to 2026-04-02 12:00:00+00:00, run_after=2026-04-02 16:00:00+00:00
[2026-04-02T16:38:01.438+0000] {processor.py:183} INFO - Processing /home/airflow/.local/lib/python3.12/site-packages/airflow/example_dags/example_latest_only.py took 0.078 seconds
[2026-04-02T16:38:32.099+0000] {processor.py:161} INFO - Started process (PID=2111) to work on /home/airflow/.local/lib/python3.12/site-packages/airflow/example_dags/example_latest_only.py
[2026-04-02T16:38:32.099+0000] {processor.py:830} INFO - Processing file /home/airflow/.local/lib/python3.12/site-packages/airflow/example_dags/example_latest_only.py for tasks to queue
[2026-04-02T16:38:32.100+0000] {logging_mixin.py:188} INFO - [2026-04-02T16:38:32.100+0000] {dagbag.py:540} INFO - Filling up the DagBag from /home/airflow/.local/lib/python3.12/site-packages/airflow/example_dags/example_latest_only.py
[2026-04-02T16:38:32.103+0000] {processor.py:840} INFO - DAG(s) 'latest_only' retrieved from /home/airflow/.local/lib/python3.12/site-packages/airflow/example_dags/example_latest_only.py
[2026-04-02T16:38:32.116+0000] {logging_mixin.py:188} INFO - [2026-04-02T16:38:32.116+0000] {dag.py:3096} INFO - Sync 1 DAGs
[2026-04-02T16:38:32.126+0000] {logging_mixin.py:188} INFO - [2026-04-02T16:38:32.126+0000] {dag.py:3954} INFO - Setting next_dagrun for latest_only to 2026-04-02 12:00:00+00:00, run_after=2026-04-02 16:00:00+00:00
[2026-04-02T16:38:32.134+0000] {processor.py:183} INFO - Processing /home/airflow/.local/lib/python3.12/site-packages/airflow/example_dags/example_latest_only.py took 0.039 seconds
[2026-04-02T16:39:02.763+0000] {processor.py:161} INFO - Started process (PID=2169) to work on /home/airflow/.local/lib/python3.12/site-packages/airflow/example_dags/example_latest_only.py
[2026-04-02T16:39:02.763+0000] {processor.py:830} INFO - Processing file /home/airflow/.local/lib/python3.12/site-packages/airflow/example_dags/example_latest_only.py for tasks to queue
[2026-04-02T16:39:02.764+0000] {logging_mixin.py:188} INFO - [2026-04-02T16:39:02.764+0000] {dagbag.py:540} INFO - Filling up the DagBag from /home/airflow/.local/lib/python3.12/site-packages/airflow/example_dags/example_latest_only.py
[2026-04-02T16:39:02.766+0000] {processor.py:840} INFO - DAG(s) 'latest_only' retrieved from /home/airflow/.local/lib/python3.12/site-packages/airflow/example_dags/example_latest_only.py
[2026-04-02T16:39:02.777+0000] {logging_mixin.py:188} INFO - [2026-04-02T16:39:02.777+0000] {dag.py:3096} INFO - Sync 1 DAGs
[2026-04-02T16:39:02.788+0000] {logging_mixin.py:188} INFO - [2026-04-02T16:39:02.787+0000] {dag.py:3954} INFO - Setting next_dagrun for latest_only to 2026-04-02 12:00:00+00:00, run_after=2026-04-02 16:00:00+00:00
[2026-04-02T16:39:02.796+0000] {processor.py:183} INFO - Processing /home/airflow/.local/lib/python3.12/site-packages/airflow/example_dags/example_latest_only.py took 0.036 seconds
[2026-04-02T16:39:33.366+0000] {processor.py:161} INFO - Started process (PID=2227) to work on /home/airflow/.local/lib/python3.12/site-packages/airflow/example_dags/example_latest_only.py
[2026-04-02T16:39:33.367+0000] {processor.py:830} INFO - Processing file /home/airflow/.local/lib/python3.12/site-packages/airflow/example_dags/example_latest_only.py for tasks to queue
[2026-04-02T16:39:33.368+0000] {logging_mixin.py:188} INFO - [2026-04-02T16:39:33.368+0000] {dagbag.py:540} INFO - Filling up the DagBag from /home/airflow/.local/lib/python3.12/site-packages/airflow/example_dags/example_latest_only.py
[2026-04-02T16:39:33.372+0000] {processor.py:840} INFO - DAG(s) 'latest_only' retrieved from /home/airflow/.local/lib/python3.12/site-packages/airflow/example_dags/example_latest_only.py
[2026-04-02T16:39:33.402+0000] {logging_mixin.py:188} INFO - [2026-04-02T16:39:33.402+0000] {dag.py:3096} INFO - Sync 1 DAGs
[2026-04-02T16:39:33.425+0000] {logging_mixin.py:188} INFO - [2026-04-02T16:39:33.425+0000] {dag.py:3954} INFO - Setting next_dagrun for latest_only to 2026-04-02 12:00:00+00:00, run_after=2026-04-02 16:00:00+00:00
[2026-04-02T16:39:33.434+0000] {processor.py:183} INFO - Processing /home/airflow/.local/lib/python3.12/site-packages/airflow/example_dags/example_latest_only.py took 0.073 seconds
[2026-04-02T16:40:04.037+0000] {processor.py:161} INFO - Started process (PID=2285) to work on /home/airflow/.local/lib/python3.12/site-packages/airflow/example_dags/example_latest_only.py
[2026-04-02T16:40:04.038+0000] {processor.py:830} INFO - Processing file /home/airflow/.local/lib/python3.12/site-packages/airflow/example_dags/example_latest_only.py for tasks to queue
[2026-04-02T16:40:04.039+0000] {logging_mixin.py:188} INFO - [2026-04-02T16:40:04.039+0000] {dagbag.py:540} INFO - Filling up the DagBag from /home/airflow/.local/lib/python3.12/site-packages/airflow/example_dags/example_latest_only.py
[2026-04-02T16:40:04.042+0000] {processor.py:840} INFO - DAG(s) 'latest_only' retrieved from /home/airflow/.local/lib/python3.12/site-packages/airflow/example_dags/example_latest_only.py
[2026-04-02T16:40:04.055+0000] {logging_mixin.py:188} INFO - [2026-04-02T16:40:04.055+0000] {dag.py:3096} INFO - Sync 1 DAGs
[2026-04-02T16:40:04.067+0000] {logging_mixin.py:188} INFO - [2026-04-02T16:40:04.066+0000] {dag.py:3954} INFO - Setting next_dagrun for latest_only to 2026-04-02 12:00:00+00:00, run_after=2026-04-02 16:00:00+00:00
[2026-04-02T16:40:04.077+0000] {processor.py:183} INFO - Processing /home/airflow/.local/lib/python3.12/site-packages/airflow/example_dags/example_latest_only.py took 0.046 seconds
[2026-04-02T16:40:34.670+0000] {processor.py:161} INFO - Started process (PID=2343) to work on /home/airflow/.local/lib/python3.12/site-packages/airflow/example_dags/example_latest_only.py
[2026-04-02T16:40:34.671+0000] {processor.py:830} INFO - Processing file /home/airflow/.local/lib/python3.12/site-packages/airflow/example_dags/example_latest_only.py for tasks to queue
[2026-04-02T16:40:34.673+0000] {logging_mixin.py:188} INFO - [2026-04-02T16:40:34.672+0000] {dagbag.py:540} INFO - Filling up the DagBag from /home/airflow/.local/lib/python3.12/site-packages/airflow/example_dags/example_latest_only.py
[2026-04-02T16:40:34.676+0000] {processor.py:840} INFO - DAG(s) 'latest_only' retrieved from /home/airflow/.local/lib/python3.12/site-packages/airflow/example_dags/example_latest_only.py
[2026-04-02T16:40:34.688+0000] {logging_mixin.py:188} INFO - [2026-04-02T16:40:34.688+0000] {dag.py:3096} INFO - Sync 1 DAGs
[2026-04-02T16:40:34.699+0000] {logging_mixin.py:188} INFO - [2026-04-02T16:40:34.699+0000] {dag.py:3954} INFO - Setting next_dagrun for latest_only to 2026-04-02 12:00:00+00:00, run_after=2026-04-02 16:00:00+00:00
[2026-04-02T16:40:34.707+0000] {processor.py:183} INFO - Processing /home/airflow/.local/lib/python3.12/site-packages/airflow/example_dags/example_latest_only.py took 0.041 seconds
[2026-04-02T16:41:05.681+0000] {processor.py:161} INFO - Started process (PID=2401) to work on /home/airflow/.local/lib/python3.12/site-packages/airflow/example_dags/example_latest_only.py
[2026-04-02T16:41:05.682+0000] {processor.py:830} INFO - Processing file /home/airflow/.local/lib/python3.12/site-packages/airflow/example_dags/example_latest_only.py for tasks to queue
[2026-04-02T16:41:05.682+0000] {logging_mixin.py:188} INFO - [2026-04-02T16:41:05.682+0000] {dagbag.py:540} INFO - Filling up the DagBag from /home/airflow/.local/lib/python3.12/site-packages/airflow/example_dags/example_latest_only.py
[2026-04-02T16:41:05.685+0000] {processor.py:840} INFO - DAG(s) 'latest_only' retrieved from /home/airflow/.local/lib/python3.12/site-packages/airflow/example_dags/example_latest_only.py
[2026-04-02T16:41:05.696+0000] {logging_mixin.py:188} INFO - [2026-04-02T16:41:05.696+0000] {dag.py:3096} INFO - Sync 1 DAGs
[2026-04-02T16:41:05.706+0000] {logging_mixin.py:188} INFO - [2026-04-02T16:41:05.706+0000] {dag.py:3954} INFO - Setting next_dagrun for latest_only to 2026-04-02 12:00:00+00:00, run_after=2026-04-02 16:00:00+00:00
[2026-04-02T16:41:05.714+0000] {processor.py:183} INFO - Processing /home/airflow/.local/lib/python3.12/site-packages/airflow/example_dags/example_latest_only.py took 0.035 seconds
[2026-04-02T16:41:36.536+0000] {processor.py:161} INFO - Started process (PID=2459) to work on /home/airflow/.local/lib/python3.12/site-packages/airflow/example_dags/example_latest_only.py
[2026-04-02T16:41:36.537+0000] {processor.py:830} INFO - Processing file /home/airflow/.local/lib/python3.12/site-packages/airflow/example_dags/example_latest_only.py for tasks to queue
[2026-04-02T16:41:36.538+0000] {logging_mixin.py:188} INFO - [2026-04-02T16:41:36.538+0000] {dagbag.py:540} INFO - Filling up the DagBag from /home/airflow/.local/lib/python3.12/site-packages/airflow/example_dags/example_latest_only.py
[2026-04-02T16:41:36.541+0000] {processor.py:840} INFO - DAG(s) 'latest_only' retrieved from /home/airflow/.local/lib/python3.12/site-packages/airflow/example_dags/example_latest_only.py
[2026-04-02T16:41:36.554+0000] {logging_mixin.py:188} INFO - [2026-04-02T16:41:36.553+0000] {dag.py:3096} INFO - Sync 1 DAGs
[2026-04-02T16:41:36.565+0000] {logging_mixin.py:188} INFO - [2026-04-02T16:41:36.564+0000] {dag.py:3954} INFO - Setting next_dagrun for latest_only to 2026-04-02 12:00:00+00:00, run_after=2026-04-02 16:00:00+00:00
[2026-04-02T16:41:36.573+0000] {processor.py:183} INFO - Processing /home/airflow/.local/lib/python3.12/site-packages/airflow/example_dags/example_latest_only.py took 0.040 seconds
[2026-04-02T16:42:07.448+0000] {processor.py:161} INFO - Started process (PID=2523) to work on /home/airflow/.local/lib/python3.12/site-packages/airflow/example_dags/example_latest_only.py
[2026-04-02T16:42:07.449+0000] {processor.py:830} INFO - Processing file /home/airflow/.local/lib/python3.12/site-packages/airflow/example_dags/example_latest_only.py for tasks to queue
[2026-04-02T16:42:07.450+0000] {logging_mixin.py:188} INFO - [2026-04-02T16:42:07.450+0000] {dagbag.py:540} INFO - Filling up the DagBag from /home/airflow/.local/lib/python3.12/site-packages/airflow/example_dags/example_latest_only.py
[2026-04-02T16:42:07.453+0000] {processor.py:840} INFO - DAG(s) 'latest_only' retrieved from /home/airflow/.local/lib/python3.12/site-packages/airflow/example_dags/example_latest_only.py
[2026-04-02T16:42:07.465+0000] {logging_mixin.py:188} INFO - [2026-04-02T16:42:07.465+0000] {dag.py:3096} INFO - Sync 1 DAGs
[2026-04-02T16:42:07.475+0000] {logging_mixin.py:188} INFO - [2026-04-02T16:42:07.475+0000] {dag.py:3954} INFO - Setting next_dagrun for latest_only to 2026-04-02 12:00:00+00:00, run_after=2026-04-02 16:00:00+00:00
[2026-04-02T16:42:07.483+0000] {processor.py:183} INFO - Processing /home/airflow/.local/lib/python3.12/site-packages/airflow/example_dags/example_latest_only.py took 0.038 seconds
[2026-04-02T16:42:38.411+0000] {processor.py:161} INFO - Started process (PID=2581) to work on /home/airflow/.local/lib/python3.12/site-packages/airflow/example_dags/example_latest_only.py
[2026-04-02T16:42:38.412+0000] {processor.py:830} INFO - Processing file /home/airflow/.local/lib/python3.12/site-packages/airflow/example_dags/example_latest_only.py for tasks to queue
[2026-04-02T16:42:38.413+0000] {logging_mixin.py:188} INFO - [2026-04-02T16:42:38.413+0000] {dagbag.py:540} INFO - Filling up the DagBag from /home/airflow/.local/lib/python3.12/site-packages/airflow/example_dags/example_latest_only.py
[2026-04-02T16:42:38.415+0000] {processor.py:840} INFO - DAG(s) 'latest_only' retrieved from /home/airflow/.local/lib/python3.12/site-packages/airflow/example_dags/example_latest_only.py
[2026-04-02T16:42:38.430+0000] {logging_mixin.py:188} INFO - [2026-04-02T16:42:38.430+0000] {dag.py:3096} INFO - Sync 1 DAGs
[2026-04-02T16:42:38.447+0000] {logging_mixin.py:188} INFO - [2026-04-02T16:42:38.447+0000] {dag.py:3954} INFO - Setting next_dagrun for latest_only to 2026-04-02 12:00:00+00:00, run_after=2026-04-02 16:00:00+00:00
[2026-04-02T16:42:38.461+0000] {processor.py:183} INFO - Processing /home/airflow/.local/lib/python3.12/site-packages/airflow/example_dags/example_latest_only.py took 0.053 seconds
