[2026-04-02T16:20:35.502+0000] {processor.py:161} INFO - Started process (PID=84) to work on /home/airflow/.local/lib/python3.12/site-packages/airflow/example_dags/example_latest_only_with_trigger.py
[2026-04-02T16:20:35.502+0000] {processor.py:830} INFO - Processing file /home/airflow/.local/lib/python3.12/site-packages/airflow/example_dags/example_latest_only_with_trigger.py for tasks to queue
[2026-04-02T16:20:35.503+0000] {logging_mixin.py:188} INFO - [2026-04-02T16:20:35.503+0000] {dagbag.py:540} INFO - Filling up the DagBag from /home/airflow/.local/lib/python3.12/site-packages/airflow/example_dags/example_latest_only_with_trigger.py
[2026-04-02T16:20:35.508+0000] {processor.py:840} INFO - DAG(s) 'latest_only_with_trigger' retrieved from /home/airflow/.local/lib/python3.12/site-packages/airflow/example_dags/example_latest_only_with_trigger.py
[2026-04-02T16:20:35.517+0000] {logging_mixin.py:188} INFO - [2026-04-02T16:20:35.517+0000] {dag.py:3096} INFO - Sync 1 DAGs
[2026-04-02T16:20:35.534+0000] {logging_mixin.py:188} INFO - [2026-04-02T16:20:35.534+0000] {dag.py:3954} INFO - Setting next_dagrun for latest_only_with_trigger to 2026-04-02 12:00:00+00:00, run_after=2026-04-02 16:00:00+00:00
[2026-04-02T16:20:35.545+0000] {processor.py:183} INFO - Processing /home/airflow/.local/lib/python3.12/site-packages/airflow/example_dags/example_latest_only_with_trigger.py took 0.048 seconds
[2026-04-02T16:21:07.137+0000] {processor.py:161} INFO - Started process (PID=142) to work on /home/airflow/.local/lib/python3.12/site-packages/airflow/example_dags/example_latest_only_with_trigger.py
[2026-04-02T16:21:07.138+0000] {processor.py:830} INFO - Processing file /home/airflow/.local/lib/python3.12/site-packages/airflow/example_dags/example_latest_only_with_trigger.py for tasks to queue
[2026-04-02T16:21:07.140+0000] {logging_mixin.py:188} INFO - [2026-04-02T16:21:07.139+0000] {dagbag.py:540} INFO - Filling up the DagBag from /home/airflow/.local/lib/python3.12/site-packages/airflow/example_dags/example_latest_only_with_trigger.py
[2026-04-02T16:21:07.143+0000] {processor.py:840} INFO - DAG(s) 'latest_only_with_trigger' retrieved from /home/airflow/.local/lib/python3.12/site-packages/airflow/example_dags/example_latest_only_with_trigger.py
[2026-04-02T16:21:07.201+0000] {logging_mixin.py:188} INFO - [2026-04-02T16:21:07.201+0000] {dag.py:3096} INFO - Sync 1 DAGs
[2026-04-02T16:21:07.211+0000] {logging_mixin.py:188} INFO - [2026-04-02T16:21:07.211+0000] {dag.py:3954} INFO - Setting next_dagrun for latest_only_with_trigger to 2026-04-02 12:00:00+00:00, run_after=2026-04-02 16:00:00+00:00
[2026-04-02T16:21:07.220+0000] {processor.py:183} INFO - Processing /home/airflow/.local/lib/python3.12/site-packages/airflow/example_dags/example_latest_only_with_trigger.py took 0.086 seconds
[2026-04-02T16:21:37.283+0000] {processor.py:161} INFO - Started process (PID=200) to work on /home/airflow/.local/lib/python3.12/site-packages/airflow/example_dags/example_latest_only_with_trigger.py
[2026-04-02T16:21:37.283+0000] {processor.py:830} INFO - Processing file /home/airflow/.local/lib/python3.12/site-packages/airflow/example_dags/example_latest_only_with_trigger.py for tasks to queue
[2026-04-02T16:21:37.286+0000] {logging_mixin.py:188} INFO - [2026-04-02T16:21:37.286+0000] {dagbag.py:540} INFO - Filling up the DagBag from /home/airflow/.local/lib/python3.12/site-packages/airflow/example_dags/example_latest_only_with_trigger.py
[2026-04-02T16:21:37.290+0000] {processor.py:840} INFO - DAG(s) 'latest_only_with_trigger' retrieved from /home/airflow/.local/lib/python3.12/site-packages/airflow/example_dags/example_latest_only_with_trigger.py
[2026-04-02T16:21:37.302+0000] {logging_mixin.py:188} INFO - [2026-04-02T16:21:37.302+0000] {dag.py:3096} INFO - Sync 1 DAGs
[2026-04-02T16:21:37.312+0000] {logging_mixin.py:188} INFO - [2026-04-02T16:21:37.312+0000] {dag.py:3954} INFO - Setting next_dagrun for latest_only_with_trigger to 2026-04-02 12:00:00+00:00, run_after=2026-04-02 16:00:00+00:00
[2026-04-02T16:21:37.321+0000] {processor.py:183} INFO - Processing /home/airflow/.local/lib/python3.12/site-packages/airflow/example_dags/example_latest_only_with_trigger.py took 0.042 seconds
[2026-04-02T16:22:08.005+0000] {processor.py:161} INFO - Started process (PID=258) to work on /home/airflow/.local/lib/python3.12/site-packages/airflow/example_dags/example_latest_only_with_trigger.py
[2026-04-02T16:22:08.005+0000] {processor.py:830} INFO - Processing file /home/airflow/.local/lib/python3.12/site-packages/airflow/example_dags/example_latest_only_with_trigger.py for tasks to queue
[2026-04-02T16:22:08.006+0000] {logging_mixin.py:188} INFO - [2026-04-02T16:22:08.006+0000] {dagbag.py:540} INFO - Filling up the DagBag from /home/airflow/.local/lib/python3.12/site-packages/airflow/example_dags/example_latest_only_with_trigger.py
[2026-04-02T16:22:08.010+0000] {processor.py:840} INFO - DAG(s) 'latest_only_with_trigger' retrieved from /home/airflow/.local/lib/python3.12/site-packages/airflow/example_dags/example_latest_only_with_trigger.py
[2026-04-02T16:22:08.022+0000] {logging_mixin.py:188} INFO - [2026-04-02T16:22:08.022+0000] {dag.py:3096} INFO - Sync 1 DAGs
[2026-04-02T16:22:08.033+0000] {logging_mixin.py:188} INFO - [2026-04-02T16:22:08.033+0000] {dag.py:3954} INFO - Setting next_dagrun for latest_only_with_trigger to 2026-04-02 12:00:00+00:00, run_after=2026-04-02 16:00:00+00:00
[2026-04-02T16:22:08.041+0000] {processor.py:183} INFO - Processing /home/airflow/.local/lib/python3.12/site-packages/airflow/example_dags/example_latest_only_with_trigger.py took 0.040 seconds
[2026-04-02T16:22:38.724+0000] {processor.py:161} INFO - Started process (PID=316) to work on /home/airflow/.local/lib/python3.12/site-packages/airflow/example_dags/example_latest_only_with_trigger.py
[2026-04-02T16:22:38.725+0000] {processor.py:830} INFO - Processing file /home/airflow/.local/lib/python3.12/site-packages/airflow/example_dags/example_latest_only_with_trigger.py for tasks to queue
[2026-04-02T16:22:38.726+0000] {logging_mixin.py:188} INFO - [2026-04-02T16:22:38.726+0000] {dagbag.py:540} INFO - Filling up the DagBag from /home/airflow/.local/lib/python3.12/site-packages/airflow/example_dags/example_latest_only_with_trigger.py
[2026-04-02T16:22:38.729+0000] {processor.py:840} INFO - DAG(s) 'latest_only_with_trigger' retrieved from /home/airflow/.local/lib/python3.12/site-packages/airflow/example_dags/example_latest_only_with_trigger.py
[2026-04-02T16:22:38.741+0000] {logging_mixin.py:188} INFO - [2026-04-02T16:22:38.741+0000] {dag.py:3096} INFO - Sync 1 DAGs
[2026-04-02T16:22:38.751+0000] {logging_mixin.py:188} INFO - [2026-04-02T16:22:38.750+0000] {dag.py:3954} INFO - Setting next_dagrun for latest_only_with_trigger to 2026-04-02 12:00:00+00:00, run_after=2026-04-02 16:00:00+00:00
[2026-04-02T16:22:38.758+0000] {processor.py:183} INFO - Processing /home/airflow/.local/lib/python3.12/site-packages/airflow/example_dags/example_latest_only_with_trigger.py took 0.038 seconds
[2026-04-02T16:23:09.391+0000] {processor.py:161} INFO - Started process (PID=374) to work on /home/airflow/.local/lib/python3.12/site-packages/airflow/example_dags/example_latest_only_with_trigger.py
[2026-04-02T16:23:09.391+0000] {processor.py:830} INFO - Processing file /home/airflow/.local/lib/python3.12/site-packages/airflow/example_dags/example_latest_only_with_trigger.py for tasks to queue
[2026-04-02T16:23:09.392+0000] {logging_mixin.py:188} INFO - [2026-04-02T16:23:09.392+0000] {dagbag.py:540} INFO - Filling up the DagBag from /home/airflow/.local/lib/python3.12/site-packages/airflow/example_dags/example_latest_only_with_trigger.py
[2026-04-02T16:23:09.395+0000] {processor.py:840} INFO - DAG(s) 'latest_only_with_trigger' retrieved from /home/airflow/.local/lib/python3.12/site-packages/airflow/example_dags/example_latest_only_with_trigger.py
[2026-04-02T16:23:09.407+0000] {logging_mixin.py:188} INFO - [2026-04-02T16:23:09.407+0000] {dag.py:3096} INFO - Sync 1 DAGs
[2026-04-02T16:23:09.417+0000] {logging_mixin.py:188} INFO - [2026-04-02T16:23:09.417+0000] {dag.py:3954} INFO - Setting next_dagrun for latest_only_with_trigger to 2026-04-02 12:00:00+00:00, run_after=2026-04-02 16:00:00+00:00
[2026-04-02T16:23:09.428+0000] {processor.py:183} INFO - Processing /home/airflow/.local/lib/python3.12/site-packages/airflow/example_dags/example_latest_only_with_trigger.py took 0.040 seconds
[2026-04-02T16:23:40.166+0000] {processor.py:161} INFO - Started process (PID=432) to work on /home/airflow/.local/lib/python3.12/site-packages/airflow/example_dags/example_latest_only_with_trigger.py
[2026-04-02T16:23:40.166+0000] {processor.py:830} INFO - Processing file /home/airflow/.local/lib/python3.12/site-packages/airflow/example_dags/example_latest_only_with_trigger.py for tasks to queue
[2026-04-02T16:23:40.167+0000] {logging_mixin.py:188} INFO - [2026-04-02T16:23:40.167+0000] {dagbag.py:540} INFO - Filling up the DagBag from /home/airflow/.local/lib/python3.12/site-packages/airflow/example_dags/example_latest_only_with_trigger.py
[2026-04-02T16:23:40.171+0000] {processor.py:840} INFO - DAG(s) 'latest_only_with_trigger' retrieved from /home/airflow/.local/lib/python3.12/site-packages/airflow/example_dags/example_latest_only_with_trigger.py
[2026-04-02T16:23:40.184+0000] {logging_mixin.py:188} INFO - [2026-04-02T16:23:40.184+0000] {dag.py:3096} INFO - Sync 1 DAGs
[2026-04-02T16:23:40.196+0000] {logging_mixin.py:188} INFO - [2026-04-02T16:23:40.196+0000] {dag.py:3954} INFO - Setting next_dagrun for latest_only_with_trigger to 2026-04-02 12:00:00+00:00, run_after=2026-04-02 16:00:00+00:00
[2026-04-02T16:23:40.207+0000] {processor.py:183} INFO - Processing /home/airflow/.local/lib/python3.12/site-packages/airflow/example_dags/example_latest_only_with_trigger.py took 0.045 seconds
[2026-04-02T16:24:10.797+0000] {processor.py:161} INFO - Started process (PID=490) to work on /home/airflow/.local/lib/python3.12/site-packages/airflow/example_dags/example_latest_only_with_trigger.py
[2026-04-02T16:24:10.798+0000] {processor.py:830} INFO - Processing file /home/airflow/.local/lib/python3.12/site-packages/airflow/example_dags/example_latest_only_with_trigger.py for tasks to queue
[2026-04-02T16:24:10.800+0000] {logging_mixin.py:188} INFO - [2026-04-02T16:24:10.800+0000] {dagbag.py:540} INFO - Filling up the DagBag from /home/airflow/.local/lib/python3.12/site-packages/airflow/example_dags/example_latest_only_with_trigger.py
[2026-04-02T16:24:10.804+0000] {processor.py:840} INFO - DAG(s) 'latest_only_with_trigger' retrieved from /home/airflow/.local/lib/python3.12/site-packages/airflow/example_dags/example_latest_only_with_trigger.py
[2026-04-02T16:24:10.812+0000] {logging_mixin.py:188} INFO - [2026-04-02T16:24:10.812+0000] {dag.py:3096} INFO - Sync 1 DAGs
[2026-04-02T16:24:10.823+0000] {logging_mixin.py:188} INFO - [2026-04-02T16:24:10.823+0000] {dag.py:3954} INFO - Setting next_dagrun for latest_only_with_trigger to 2026-04-02 12:00:00+00:00, run_after=2026-04-02 16:00:00+00:00
[2026-04-02T16:24:10.831+0000] {processor.py:183} INFO - Processing /home/airflow/.local/lib/python3.12/site-packages/airflow/example_dags/example_latest_only_with_trigger.py took 0.038 seconds
[2026-04-02T16:24:41.234+0000] {processor.py:161} INFO - Started process (PID=548) to work on /home/airflow/.local/lib/python3.12/site-packages/airflow/example_dags/example_latest_only_with_trigger.py
[2026-04-02T16:24:41.236+0000] {processor.py:830} INFO - Processing file /home/airflow/.local/lib/python3.12/site-packages/airflow/example_dags/example_latest_only_with_trigger.py for tasks to queue
[2026-04-02T16:24:41.239+0000] {logging_mixin.py:188} INFO - [2026-04-02T16:24:41.238+0000] {dagbag.py:540} INFO - Filling up the DagBag from /home/airflow/.local/lib/python3.12/site-packages/airflow/example_dags/example_latest_only_with_trigger.py
[2026-04-02T16:24:41.242+0000] {processor.py:840} INFO - DAG(s) 'latest_only_with_trigger' retrieved from /home/airflow/.local/lib/python3.12/site-packages/airflow/example_dags/example_latest_only_with_trigger.py
[2026-04-02T16:24:41.250+0000] {logging_mixin.py:188} INFO - [2026-04-02T16:24:41.249+0000] {dag.py:3096} INFO - Sync 1 DAGs
[2026-04-02T16:24:41.266+0000] {logging_mixin.py:188} INFO - [2026-04-02T16:24:41.265+0000] {dag.py:3954} INFO - Setting next_dagrun for latest_only_with_trigger to 2026-04-02 12:00:00+00:00, run_after=2026-04-02 16:00:00+00:00
[2026-04-02T16:24:41.275+0000] {processor.py:183} INFO - Processing /home/airflow/.local/lib/python3.12/site-packages/airflow/example_dags/example_latest_only_with_trigger.py took 0.044 seconds
[2026-04-02T16:25:14.854+0000] {processor.py:161} INFO - Started process (PID=606) to work on /home/airflow/.local/lib/python3.12/site-packages/airflow/example_dags/example_latest_only_with_trigger.py
[2026-04-02T16:25:14.855+0000] {processor.py:830} INFO - Processing file /home/airflow/.local/lib/python3.12/site-packages/airflow/example_dags/example_latest_only_with_trigger.py for tasks to queue
[2026-04-02T16:25:14.856+0000] {logging_mixin.py:188} INFO - [2026-04-02T16:25:14.855+0000] {dagbag.py:540} INFO - Filling up the DagBag from /home/airflow/.local/lib/python3.12/site-packages/airflow/example_dags/example_latest_only_with_trigger.py
[2026-04-02T16:25:14.859+0000] {processor.py:840} INFO - DAG(s) 'latest_only_with_trigger' retrieved from /home/airflow/.local/lib/python3.12/site-packages/airflow/example_dags/example_latest_only_with_trigger.py
[2026-04-02T16:25:14.910+0000] {logging_mixin.py:188} INFO - [2026-04-02T16:25:14.910+0000] {dag.py:3096} INFO - Sync 1 DAGs
[2026-04-02T16:25:15.030+0000] {logging_mixin.py:188} INFO - [2026-04-02T16:25:15.030+0000] {dag.py:3954} INFO - Setting next_dagrun for latest_only_with_trigger to 2026-04-02 12:00:00+00:00, run_after=2026-04-02 16:00:00+00:00
[2026-04-02T16:25:15.039+0000] {processor.py:183} INFO - Processing /home/airflow/.local/lib/python3.12/site-packages/airflow/example_dags/example_latest_only_with_trigger.py took 0.187 seconds
[2026-04-02T16:25:45.717+0000] {processor.py:161} INFO - Started process (PID=664) to work on /home/airflow/.local/lib/python3.12/site-packages/airflow/example_dags/example_latest_only_with_trigger.py
[2026-04-02T16:25:45.718+0000] {processor.py:830} INFO - Processing file /home/airflow/.local/lib/python3.12/site-packages/airflow/example_dags/example_latest_only_with_trigger.py for tasks to queue
[2026-04-02T16:25:45.719+0000] {logging_mixin.py:188} INFO - [2026-04-02T16:25:45.719+0000] {dagbag.py:540} INFO - Filling up the DagBag from /home/airflow/.local/lib/python3.12/site-packages/airflow/example_dags/example_latest_only_with_trigger.py
[2026-04-02T16:25:45.724+0000] {processor.py:840} INFO - DAG(s) 'latest_only_with_trigger' retrieved from /home/airflow/.local/lib/python3.12/site-packages/airflow/example_dags/example_latest_only_with_trigger.py
[2026-04-02T16:25:45.745+0000] {logging_mixin.py:188} INFO - [2026-04-02T16:25:45.745+0000] {dag.py:3096} INFO - Sync 1 DAGs
[2026-04-02T16:25:45.758+0000] {logging_mixin.py:188} INFO - [2026-04-02T16:25:45.758+0000] {dag.py:3954} INFO - Setting next_dagrun for latest_only_with_trigger to 2026-04-02 12:00:00+00:00, run_after=2026-04-02 16:00:00+00:00
[2026-04-02T16:25:45.770+0000] {processor.py:183} INFO - Processing /home/airflow/.local/lib/python3.12/site-packages/airflow/example_dags/example_latest_only_with_trigger.py took 0.057 seconds
[2026-04-02T16:26:15.914+0000] {processor.py:161} INFO - Started process (PID=722) to work on /home/airflow/.local/lib/python3.12/site-packages/airflow/example_dags/example_latest_only_with_trigger.py
[2026-04-02T16:26:15.915+0000] {processor.py:830} INFO - Processing file /home/airflow/.local/lib/python3.12/site-packages/airflow/example_dags/example_latest_only_with_trigger.py for tasks to queue
[2026-04-02T16:26:15.917+0000] {logging_mixin.py:188} INFO - [2026-04-02T16:26:15.917+0000] {dagbag.py:540} INFO - Filling up the DagBag from /home/airflow/.local/lib/python3.12/site-packages/airflow/example_dags/example_latest_only_with_trigger.py
[2026-04-02T16:26:15.920+0000] {processor.py:840} INFO - DAG(s) 'latest_only_with_trigger' retrieved from /home/airflow/.local/lib/python3.12/site-packages/airflow/example_dags/example_latest_only_with_trigger.py
[2026-04-02T16:26:15.940+0000] {logging_mixin.py:188} INFO - [2026-04-02T16:26:15.939+0000] {dag.py:3096} INFO - Sync 1 DAGs
[2026-04-02T16:26:15.961+0000] {logging_mixin.py:188} INFO - [2026-04-02T16:26:15.961+0000] {dag.py:3954} INFO - Setting next_dagrun for latest_only_with_trigger to 2026-04-02 12:00:00+00:00, run_after=2026-04-02 16:00:00+00:00
[2026-04-02T16:26:15.977+0000] {processor.py:183} INFO - Processing /home/airflow/.local/lib/python3.12/site-packages/airflow/example_dags/example_latest_only_with_trigger.py took 0.066 seconds
[2026-04-02T16:26:46.282+0000] {processor.py:161} INFO - Started process (PID=780) to work on /home/airflow/.local/lib/python3.12/site-packages/airflow/example_dags/example_latest_only_with_trigger.py
[2026-04-02T16:26:46.283+0000] {processor.py:830} INFO - Processing file /home/airflow/.local/lib/python3.12/site-packages/airflow/example_dags/example_latest_only_with_trigger.py for tasks to queue
[2026-04-02T16:26:46.285+0000] {logging_mixin.py:188} INFO - [2026-04-02T16:26:46.285+0000] {dagbag.py:540} INFO - Filling up the DagBag from /home/airflow/.local/lib/python3.12/site-packages/airflow/example_dags/example_latest_only_with_trigger.py
[2026-04-02T16:26:46.292+0000] {processor.py:840} INFO - DAG(s) 'latest_only_with_trigger' retrieved from /home/airflow/.local/lib/python3.12/site-packages/airflow/example_dags/example_latest_only_with_trigger.py
[2026-04-02T16:26:46.309+0000] {logging_mixin.py:188} INFO - [2026-04-02T16:26:46.309+0000] {dag.py:3096} INFO - Sync 1 DAGs
[2026-04-02T16:26:46.326+0000] {logging_mixin.py:188} INFO - [2026-04-02T16:26:46.326+0000] {dag.py:3954} INFO - Setting next_dagrun for latest_only_with_trigger to 2026-04-02 12:00:00+00:00, run_after=2026-04-02 16:00:00+00:00
[2026-04-02T16:26:46.339+0000] {processor.py:183} INFO - Processing /home/airflow/.local/lib/python3.12/site-packages/airflow/example_dags/example_latest_only_with_trigger.py took 0.060 seconds
[2026-04-02T16:27:16.836+0000] {processor.py:161} INFO - Started process (PID=838) to work on /home/airflow/.local/lib/python3.12/site-packages/airflow/example_dags/example_latest_only_with_trigger.py
[2026-04-02T16:27:16.837+0000] {processor.py:830} INFO - Processing file /home/airflow/.local/lib/python3.12/site-packages/airflow/example_dags/example_latest_only_with_trigger.py for tasks to queue
[2026-04-02T16:27:16.838+0000] {logging_mixin.py:188} INFO - [2026-04-02T16:27:16.838+0000] {dagbag.py:540} INFO - Filling up the DagBag from /home/airflow/.local/lib/python3.12/site-packages/airflow/example_dags/example_latest_only_with_trigger.py
[2026-04-02T16:27:16.844+0000] {processor.py:840} INFO - DAG(s) 'latest_only_with_trigger' retrieved from /home/airflow/.local/lib/python3.12/site-packages/airflow/example_dags/example_latest_only_with_trigger.py
[2026-04-02T16:27:16.865+0000] {logging_mixin.py:188} INFO - [2026-04-02T16:27:16.865+0000] {dag.py:3096} INFO - Sync 1 DAGs
[2026-04-02T16:27:16.878+0000] {logging_mixin.py:188} INFO - [2026-04-02T16:27:16.878+0000] {dag.py:3954} INFO - Setting next_dagrun for latest_only_with_trigger to 2026-04-02 12:00:00+00:00, run_after=2026-04-02 16:00:00+00:00
[2026-04-02T16:27:16.989+0000] {processor.py:183} INFO - Processing /home/airflow/.local/lib/python3.12/site-packages/airflow/example_dags/example_latest_only_with_trigger.py took 0.156 seconds
[2026-04-02T16:27:47.776+0000] {processor.py:161} INFO - Started process (PID=896) to work on /home/airflow/.local/lib/python3.12/site-packages/airflow/example_dags/example_latest_only_with_trigger.py
[2026-04-02T16:27:47.777+0000] {processor.py:830} INFO - Processing file /home/airflow/.local/lib/python3.12/site-packages/airflow/example_dags/example_latest_only_with_trigger.py for tasks to queue
[2026-04-02T16:27:47.778+0000] {logging_mixin.py:188} INFO - [2026-04-02T16:27:47.778+0000] {dagbag.py:540} INFO - Filling up the DagBag from /home/airflow/.local/lib/python3.12/site-packages/airflow/example_dags/example_latest_only_with_trigger.py
[2026-04-02T16:27:47.786+0000] {processor.py:840} INFO - DAG(s) 'latest_only_with_trigger' retrieved from /home/airflow/.local/lib/python3.12/site-packages/airflow/example_dags/example_latest_only_with_trigger.py
[2026-04-02T16:27:47.796+0000] {logging_mixin.py:188} INFO - [2026-04-02T16:27:47.796+0000] {dag.py:3096} INFO - Sync 1 DAGs
[2026-04-02T16:27:47.810+0000] {logging_mixin.py:188} INFO - [2026-04-02T16:27:47.810+0000] {dag.py:3954} INFO - Setting next_dagrun for latest_only_with_trigger to 2026-04-02 12:00:00+00:00, run_after=2026-04-02 16:00:00+00:00
[2026-04-02T16:27:47.825+0000] {processor.py:183} INFO - Processing /home/airflow/.local/lib/python3.12/site-packages/airflow/example_dags/example_latest_only_with_trigger.py took 0.052 seconds
[2026-04-02T16:28:18.763+0000] {processor.py:161} INFO - Started process (PID=954) to work on /home/airflow/.local/lib/python3.12/site-packages/airflow/example_dags/example_latest_only_with_trigger.py
[2026-04-02T16:28:18.764+0000] {processor.py:830} INFO - Processing file /home/airflow/.local/lib/python3.12/site-packages/airflow/example_dags/example_latest_only_with_trigger.py for tasks to queue
[2026-04-02T16:28:18.765+0000] {logging_mixin.py:188} INFO - [2026-04-02T16:28:18.765+0000] {dagbag.py:540} INFO - Filling up the DagBag from /home/airflow/.local/lib/python3.12/site-packages/airflow/example_dags/example_latest_only_with_trigger.py
[2026-04-02T16:28:18.768+0000] {processor.py:840} INFO - DAG(s) 'latest_only_with_trigger' retrieved from /home/airflow/.local/lib/python3.12/site-packages/airflow/example_dags/example_latest_only_with_trigger.py
[2026-04-02T16:28:18.940+0000] {logging_mixin.py:188} INFO - [2026-04-02T16:28:18.940+0000] {dag.py:3096} INFO - Sync 1 DAGs
[2026-04-02T16:28:18.949+0000] {logging_mixin.py:188} INFO - [2026-04-02T16:28:18.949+0000] {dag.py:3954} INFO - Setting next_dagrun for latest_only_with_trigger to 2026-04-02 12:00:00+00:00, run_after=2026-04-02 16:00:00+00:00
[2026-04-02T16:28:18.969+0000] {processor.py:183} INFO - Processing /home/airflow/.local/lib/python3.12/site-packages/airflow/example_dags/example_latest_only_with_trigger.py took 0.210 seconds
[2026-04-02T16:28:49.800+0000] {processor.py:161} INFO - Started process (PID=1012) to work on /home/airflow/.local/lib/python3.12/site-packages/airflow/example_dags/example_latest_only_with_trigger.py
[2026-04-02T16:28:49.801+0000] {processor.py:830} INFO - Processing file /home/airflow/.local/lib/python3.12/site-packages/airflow/example_dags/example_latest_only_with_trigger.py for tasks to queue
[2026-04-02T16:28:49.802+0000] {logging_mixin.py:188} INFO - [2026-04-02T16:28:49.802+0000] {dagbag.py:540} INFO - Filling up the DagBag from /home/airflow/.local/lib/python3.12/site-packages/airflow/example_dags/example_latest_only_with_trigger.py
[2026-04-02T16:28:49.809+0000] {processor.py:840} INFO - DAG(s) 'latest_only_with_trigger' retrieved from /home/airflow/.local/lib/python3.12/site-packages/airflow/example_dags/example_latest_only_with_trigger.py
[2026-04-02T16:28:49.824+0000] {logging_mixin.py:188} INFO - [2026-04-02T16:28:49.824+0000] {dag.py:3096} INFO - Sync 1 DAGs
[2026-04-02T16:28:49.835+0000] {logging_mixin.py:188} INFO - [2026-04-02T16:28:49.835+0000] {dag.py:3954} INFO - Setting next_dagrun for latest_only_with_trigger to 2026-04-02 12:00:00+00:00, run_after=2026-04-02 16:00:00+00:00
[2026-04-02T16:28:49.847+0000] {processor.py:183} INFO - Processing /home/airflow/.local/lib/python3.12/site-packages/airflow/example_dags/example_latest_only_with_trigger.py took 0.057 seconds
[2026-04-02T16:29:19.998+0000] {processor.py:161} INFO - Started process (PID=1070) to work on /home/airflow/.local/lib/python3.12/site-packages/airflow/example_dags/example_latest_only_with_trigger.py
[2026-04-02T16:29:19.999+0000] {processor.py:830} INFO - Processing file /home/airflow/.local/lib/python3.12/site-packages/airflow/example_dags/example_latest_only_with_trigger.py for tasks to queue
[2026-04-02T16:29:20.000+0000] {logging_mixin.py:188} INFO - [2026-04-02T16:29:20.000+0000] {dagbag.py:540} INFO - Filling up the DagBag from /home/airflow/.local/lib/python3.12/site-packages/airflow/example_dags/example_latest_only_with_trigger.py
[2026-04-02T16:29:20.004+0000] {processor.py:840} INFO - DAG(s) 'latest_only_with_trigger' retrieved from /home/airflow/.local/lib/python3.12/site-packages/airflow/example_dags/example_latest_only_with_trigger.py
[2026-04-02T16:29:20.026+0000] {logging_mixin.py:188} INFO - [2026-04-02T16:29:20.026+0000] {dag.py:3096} INFO - Sync 1 DAGs
[2026-04-02T16:29:20.039+0000] {logging_mixin.py:188} INFO - [2026-04-02T16:29:20.038+0000] {dag.py:3954} INFO - Setting next_dagrun for latest_only_with_trigger to 2026-04-02 12:00:00+00:00, run_after=2026-04-02 16:00:00+00:00
[2026-04-02T16:29:20.053+0000] {processor.py:183} INFO - Processing /home/airflow/.local/lib/python3.12/site-packages/airflow/example_dags/example_latest_only_with_trigger.py took 0.061 seconds
[2026-04-02T16:29:50.973+0000] {processor.py:161} INFO - Started process (PID=1128) to work on /home/airflow/.local/lib/python3.12/site-packages/airflow/example_dags/example_latest_only_with_trigger.py
[2026-04-02T16:29:50.973+0000] {processor.py:830} INFO - Processing file /home/airflow/.local/lib/python3.12/site-packages/airflow/example_dags/example_latest_only_with_trigger.py for tasks to queue
[2026-04-02T16:29:50.974+0000] {logging_mixin.py:188} INFO - [2026-04-02T16:29:50.974+0000] {dagbag.py:540} INFO - Filling up the DagBag from /home/airflow/.local/lib/python3.12/site-packages/airflow/example_dags/example_latest_only_with_trigger.py
[2026-04-02T16:29:50.978+0000] {processor.py:840} INFO - DAG(s) 'latest_only_with_trigger' retrieved from /home/airflow/.local/lib/python3.12/site-packages/airflow/example_dags/example_latest_only_with_trigger.py
[2026-04-02T16:29:50.989+0000] {logging_mixin.py:188} INFO - [2026-04-02T16:29:50.989+0000] {dag.py:3096} INFO - Sync 1 DAGs
[2026-04-02T16:29:51.093+0000] {logging_mixin.py:188} INFO - [2026-04-02T16:29:51.093+0000] {dag.py:3954} INFO - Setting next_dagrun for latest_only_with_trigger to 2026-04-02 12:00:00+00:00, run_after=2026-04-02 16:00:00+00:00
[2026-04-02T16:29:51.102+0000] {processor.py:183} INFO - Processing /home/airflow/.local/lib/python3.12/site-packages/airflow/example_dags/example_latest_only_with_trigger.py took 0.131 seconds
[2026-04-02T16:30:22.113+0000] {processor.py:161} INFO - Started process (PID=1186) to work on /home/airflow/.local/lib/python3.12/site-packages/airflow/example_dags/example_latest_only_with_trigger.py
[2026-04-02T16:30:22.113+0000] {processor.py:830} INFO - Processing file /home/airflow/.local/lib/python3.12/site-packages/airflow/example_dags/example_latest_only_with_trigger.py for tasks to queue
[2026-04-02T16:30:22.115+0000] {logging_mixin.py:188} INFO - [2026-04-02T16:30:22.114+0000] {dagbag.py:540} INFO - Filling up the DagBag from /home/airflow/.local/lib/python3.12/site-packages/airflow/example_dags/example_latest_only_with_trigger.py
[2026-04-02T16:30:22.118+0000] {processor.py:840} INFO - DAG(s) 'latest_only_with_trigger' retrieved from /home/airflow/.local/lib/python3.12/site-packages/airflow/example_dags/example_latest_only_with_trigger.py
[2026-04-02T16:30:22.137+0000] {logging_mixin.py:188} INFO - [2026-04-02T16:30:22.137+0000] {dag.py:3096} INFO - Sync 1 DAGs
[2026-04-02T16:30:22.253+0000] {logging_mixin.py:188} INFO - [2026-04-02T16:30:22.253+0000] {dag.py:3954} INFO - Setting next_dagrun for latest_only_with_trigger to 2026-04-02 12:00:00+00:00, run_after=2026-04-02 16:00:00+00:00
[2026-04-02T16:30:22.262+0000] {processor.py:183} INFO - Processing /home/airflow/.local/lib/python3.12/site-packages/airflow/example_dags/example_latest_only_with_trigger.py took 0.153 seconds
[2026-04-02T16:30:52.521+0000] {processor.py:161} INFO - Started process (PID=1244) to work on /home/airflow/.local/lib/python3.12/site-packages/airflow/example_dags/example_latest_only_with_trigger.py
[2026-04-02T16:30:52.522+0000] {processor.py:830} INFO - Processing file /home/airflow/.local/lib/python3.12/site-packages/airflow/example_dags/example_latest_only_with_trigger.py for tasks to queue
[2026-04-02T16:30:52.523+0000] {logging_mixin.py:188} INFO - [2026-04-02T16:30:52.522+0000] {dagbag.py:540} INFO - Filling up the DagBag from /home/airflow/.local/lib/python3.12/site-packages/airflow/example_dags/example_latest_only_with_trigger.py
[2026-04-02T16:30:52.526+0000] {processor.py:840} INFO - DAG(s) 'latest_only_with_trigger' retrieved from /home/airflow/.local/lib/python3.12/site-packages/airflow/example_dags/example_latest_only_with_trigger.py
[2026-04-02T16:30:52.537+0000] {logging_mixin.py:188} INFO - [2026-04-02T16:30:52.537+0000] {dag.py:3096} INFO - Sync 1 DAGs
[2026-04-02T16:30:52.547+0000] {logging_mixin.py:188} INFO - [2026-04-02T16:30:52.547+0000] {dag.py:3954} INFO - Setting next_dagrun for latest_only_with_trigger to 2026-04-02 12:00:00+00:00, run_after=2026-04-02 16:00:00+00:00
[2026-04-02T16:30:52.556+0000] {processor.py:183} INFO - Processing /home/airflow/.local/lib/python3.12/site-packages/airflow/example_dags/example_latest_only_with_trigger.py took 0.038 seconds
[2026-04-02T16:31:23.073+0000] {processor.py:161} INFO - Started process (PID=1302) to work on /home/airflow/.local/lib/python3.12/site-packages/airflow/example_dags/example_latest_only_with_trigger.py
[2026-04-02T16:31:23.073+0000] {processor.py:830} INFO - Processing file /home/airflow/.local/lib/python3.12/site-packages/airflow/example_dags/example_latest_only_with_trigger.py for tasks to queue
[2026-04-02T16:31:23.074+0000] {logging_mixin.py:188} INFO - [2026-04-02T16:31:23.074+0000] {dagbag.py:540} INFO - Filling up the DagBag from /home/airflow/.local/lib/python3.12/site-packages/airflow/example_dags/example_latest_only_with_trigger.py
[2026-04-02T16:31:23.078+0000] {processor.py:840} INFO - DAG(s) 'latest_only_with_trigger' retrieved from /home/airflow/.local/lib/python3.12/site-packages/airflow/example_dags/example_latest_only_with_trigger.py
[2026-04-02T16:31:23.091+0000] {logging_mixin.py:188} INFO - [2026-04-02T16:31:23.091+0000] {dag.py:3096} INFO - Sync 1 DAGs
[2026-04-02T16:31:23.101+0000] {logging_mixin.py:188} INFO - [2026-04-02T16:31:23.101+0000] {dag.py:3954} INFO - Setting next_dagrun for latest_only_with_trigger to 2026-04-02 12:00:00+00:00, run_after=2026-04-02 16:00:00+00:00
[2026-04-02T16:31:23.110+0000] {processor.py:183} INFO - Processing /home/airflow/.local/lib/python3.12/site-packages/airflow/example_dags/example_latest_only_with_trigger.py took 0.041 seconds
[2026-04-02T16:31:53.760+0000] {processor.py:161} INFO - Started process (PID=1360) to work on /home/airflow/.local/lib/python3.12/site-packages/airflow/example_dags/example_latest_only_with_trigger.py
[2026-04-02T16:31:53.761+0000] {processor.py:830} INFO - Processing file /home/airflow/.local/lib/python3.12/site-packages/airflow/example_dags/example_latest_only_with_trigger.py for tasks to queue
[2026-04-02T16:31:53.762+0000] {logging_mixin.py:188} INFO - [2026-04-02T16:31:53.762+0000] {dagbag.py:540} INFO - Filling up the DagBag from /home/airflow/.local/lib/python3.12/site-packages/airflow/example_dags/example_latest_only_with_trigger.py
[2026-04-02T16:31:53.766+0000] {processor.py:840} INFO - DAG(s) 'latest_only_with_trigger' retrieved from /home/airflow/.local/lib/python3.12/site-packages/airflow/example_dags/example_latest_only_with_trigger.py
[2026-04-02T16:31:53.779+0000] {logging_mixin.py:188} INFO - [2026-04-02T16:31:53.779+0000] {dag.py:3096} INFO - Sync 1 DAGs
[2026-04-02T16:31:53.790+0000] {logging_mixin.py:188} INFO - [2026-04-02T16:31:53.790+0000] {dag.py:3954} INFO - Setting next_dagrun for latest_only_with_trigger to 2026-04-02 12:00:00+00:00, run_after=2026-04-02 16:00:00+00:00
[2026-04-02T16:31:53.799+0000] {processor.py:183} INFO - Processing /home/airflow/.local/lib/python3.12/site-packages/airflow/example_dags/example_latest_only_with_trigger.py took 0.042 seconds
[2026-04-02T16:32:24.535+0000] {processor.py:161} INFO - Started process (PID=1418) to work on /home/airflow/.local/lib/python3.12/site-packages/airflow/example_dags/example_latest_only_with_trigger.py
[2026-04-02T16:32:24.535+0000] {processor.py:830} INFO - Processing file /home/airflow/.local/lib/python3.12/site-packages/airflow/example_dags/example_latest_only_with_trigger.py for tasks to queue
[2026-04-02T16:32:24.536+0000] {logging_mixin.py:188} INFO - [2026-04-02T16:32:24.536+0000] {dagbag.py:540} INFO - Filling up the DagBag from /home/airflow/.local/lib/python3.12/site-packages/airflow/example_dags/example_latest_only_with_trigger.py
[2026-04-02T16:32:24.540+0000] {processor.py:840} INFO - DAG(s) 'latest_only_with_trigger' retrieved from /home/airflow/.local/lib/python3.12/site-packages/airflow/example_dags/example_latest_only_with_trigger.py
[2026-04-02T16:32:24.552+0000] {logging_mixin.py:188} INFO - [2026-04-02T16:32:24.552+0000] {dag.py:3096} INFO - Sync 1 DAGs
[2026-04-02T16:32:24.562+0000] {logging_mixin.py:188} INFO - [2026-04-02T16:32:24.561+0000] {dag.py:3954} INFO - Setting next_dagrun for latest_only_with_trigger to 2026-04-02 12:00:00+00:00, run_after=2026-04-02 16:00:00+00:00
[2026-04-02T16:32:24.570+0000] {processor.py:183} INFO - Processing /home/airflow/.local/lib/python3.12/site-packages/airflow/example_dags/example_latest_only_with_trigger.py took 0.038 seconds
[2026-04-02T16:32:55.160+0000] {processor.py:161} INFO - Started process (PID=1476) to work on /home/airflow/.local/lib/python3.12/site-packages/airflow/example_dags/example_latest_only_with_trigger.py
[2026-04-02T16:32:55.161+0000] {processor.py:830} INFO - Processing file /home/airflow/.local/lib/python3.12/site-packages/airflow/example_dags/example_latest_only_with_trigger.py for tasks to queue
[2026-04-02T16:32:55.162+0000] {logging_mixin.py:188} INFO - [2026-04-02T16:32:55.162+0000] {dagbag.py:540} INFO - Filling up the DagBag from /home/airflow/.local/lib/python3.12/site-packages/airflow/example_dags/example_latest_only_with_trigger.py
[2026-04-02T16:32:55.165+0000] {processor.py:840} INFO - DAG(s) 'latest_only_with_trigger' retrieved from /home/airflow/.local/lib/python3.12/site-packages/airflow/example_dags/example_latest_only_with_trigger.py
[2026-04-02T16:32:55.177+0000] {logging_mixin.py:188} INFO - [2026-04-02T16:32:55.177+0000] {dag.py:3096} INFO - Sync 1 DAGs
[2026-04-02T16:32:55.187+0000] {logging_mixin.py:188} INFO - [2026-04-02T16:32:55.187+0000] {dag.py:3954} INFO - Setting next_dagrun for latest_only_with_trigger to 2026-04-02 12:00:00+00:00, run_after=2026-04-02 16:00:00+00:00
[2026-04-02T16:32:55.196+0000] {processor.py:183} INFO - Processing /home/airflow/.local/lib/python3.12/site-packages/airflow/example_dags/example_latest_only_with_trigger.py took 0.039 seconds
[2026-04-02T16:33:25.659+0000] {processor.py:161} INFO - Started process (PID=1534) to work on /home/airflow/.local/lib/python3.12/site-packages/airflow/example_dags/example_latest_only_with_trigger.py
[2026-04-02T16:33:25.660+0000] {processor.py:830} INFO - Processing file /home/airflow/.local/lib/python3.12/site-packages/airflow/example_dags/example_latest_only_with_trigger.py for tasks to queue
[2026-04-02T16:33:25.661+0000] {logging_mixin.py:188} INFO - [2026-04-02T16:33:25.661+0000] {dagbag.py:540} INFO - Filling up the DagBag from /home/airflow/.local/lib/python3.12/site-packages/airflow/example_dags/example_latest_only_with_trigger.py
[2026-04-02T16:33:25.664+0000] {processor.py:840} INFO - DAG(s) 'latest_only_with_trigger' retrieved from /home/airflow/.local/lib/python3.12/site-packages/airflow/example_dags/example_latest_only_with_trigger.py
[2026-04-02T16:33:25.677+0000] {logging_mixin.py:188} INFO - [2026-04-02T16:33:25.677+0000] {dag.py:3096} INFO - Sync 1 DAGs
[2026-04-02T16:33:25.686+0000] {logging_mixin.py:188} INFO - [2026-04-02T16:33:25.686+0000] {dag.py:3954} INFO - Setting next_dagrun for latest_only_with_trigger to 2026-04-02 12:00:00+00:00, run_after=2026-04-02 16:00:00+00:00
[2026-04-02T16:33:25.694+0000] {processor.py:183} INFO - Processing /home/airflow/.local/lib/python3.12/site-packages/airflow/example_dags/example_latest_only_with_trigger.py took 0.038 seconds
[2026-04-02T16:33:56.383+0000] {processor.py:161} INFO - Started process (PID=1592) to work on /home/airflow/.local/lib/python3.12/site-packages/airflow/example_dags/example_latest_only_with_trigger.py
[2026-04-02T16:33:56.384+0000] {processor.py:830} INFO - Processing file /home/airflow/.local/lib/python3.12/site-packages/airflow/example_dags/example_latest_only_with_trigger.py for tasks to queue
[2026-04-02T16:33:56.385+0000] {logging_mixin.py:188} INFO - [2026-04-02T16:33:56.385+0000] {dagbag.py:540} INFO - Filling up the DagBag from /home/airflow/.local/lib/python3.12/site-packages/airflow/example_dags/example_latest_only_with_trigger.py
[2026-04-02T16:33:56.389+0000] {processor.py:840} INFO - DAG(s) 'latest_only_with_trigger' retrieved from /home/airflow/.local/lib/python3.12/site-packages/airflow/example_dags/example_latest_only_with_trigger.py
[2026-04-02T16:33:56.403+0000] {logging_mixin.py:188} INFO - [2026-04-02T16:33:56.403+0000] {dag.py:3096} INFO - Sync 1 DAGs
[2026-04-02T16:33:56.415+0000] {logging_mixin.py:188} INFO - [2026-04-02T16:33:56.415+0000] {dag.py:3954} INFO - Setting next_dagrun for latest_only_with_trigger to 2026-04-02 12:00:00+00:00, run_after=2026-04-02 16:00:00+00:00
[2026-04-02T16:33:56.425+0000] {processor.py:183} INFO - Processing /home/airflow/.local/lib/python3.12/site-packages/airflow/example_dags/example_latest_only_with_trigger.py took 0.046 seconds
[2026-04-02T16:34:27.062+0000] {processor.py:161} INFO - Started process (PID=1650) to work on /home/airflow/.local/lib/python3.12/site-packages/airflow/example_dags/example_latest_only_with_trigger.py
[2026-04-02T16:34:27.062+0000] {processor.py:830} INFO - Processing file /home/airflow/.local/lib/python3.12/site-packages/airflow/example_dags/example_latest_only_with_trigger.py for tasks to queue
[2026-04-02T16:34:27.063+0000] {logging_mixin.py:188} INFO - [2026-04-02T16:34:27.063+0000] {dagbag.py:540} INFO - Filling up the DagBag from /home/airflow/.local/lib/python3.12/site-packages/airflow/example_dags/example_latest_only_with_trigger.py
[2026-04-02T16:34:27.066+0000] {processor.py:840} INFO - DAG(s) 'latest_only_with_trigger' retrieved from /home/airflow/.local/lib/python3.12/site-packages/airflow/example_dags/example_latest_only_with_trigger.py
[2026-04-02T16:34:27.079+0000] {logging_mixin.py:188} INFO - [2026-04-02T16:34:27.079+0000] {dag.py:3096} INFO - Sync 1 DAGs
[2026-04-02T16:34:27.089+0000] {logging_mixin.py:188} INFO - [2026-04-02T16:34:27.089+0000] {dag.py:3954} INFO - Setting next_dagrun for latest_only_with_trigger to 2026-04-02 12:00:00+00:00, run_after=2026-04-02 16:00:00+00:00
[2026-04-02T16:34:27.097+0000] {processor.py:183} INFO - Processing /home/airflow/.local/lib/python3.12/site-packages/airflow/example_dags/example_latest_only_with_trigger.py took 0.039 seconds
[2026-04-02T16:34:57.739+0000] {processor.py:161} INFO - Started process (PID=1708) to work on /home/airflow/.local/lib/python3.12/site-packages/airflow/example_dags/example_latest_only_with_trigger.py
[2026-04-02T16:34:57.740+0000] {processor.py:830} INFO - Processing file /home/airflow/.local/lib/python3.12/site-packages/airflow/example_dags/example_latest_only_with_trigger.py for tasks to queue
[2026-04-02T16:34:57.741+0000] {logging_mixin.py:188} INFO - [2026-04-02T16:34:57.741+0000] {dagbag.py:540} INFO - Filling up the DagBag from /home/airflow/.local/lib/python3.12/site-packages/airflow/example_dags/example_latest_only_with_trigger.py
[2026-04-02T16:34:57.744+0000] {processor.py:840} INFO - DAG(s) 'latest_only_with_trigger' retrieved from /home/airflow/.local/lib/python3.12/site-packages/airflow/example_dags/example_latest_only_with_trigger.py
[2026-04-02T16:34:57.756+0000] {logging_mixin.py:188} INFO - [2026-04-02T16:34:57.756+0000] {dag.py:3096} INFO - Sync 1 DAGs
[2026-04-02T16:34:57.766+0000] {logging_mixin.py:188} INFO - [2026-04-02T16:34:57.766+0000] {dag.py:3954} INFO - Setting next_dagrun for latest_only_with_trigger to 2026-04-02 12:00:00+00:00, run_after=2026-04-02 16:00:00+00:00
[2026-04-02T16:34:57.774+0000] {processor.py:183} INFO - Processing /home/airflow/.local/lib/python3.12/site-packages/airflow/example_dags/example_latest_only_with_trigger.py took 0.039 seconds
[2026-04-02T16:35:28.306+0000] {processor.py:161} INFO - Started process (PID=1766) to work on /home/airflow/.local/lib/python3.12/site-packages/airflow/example_dags/example_latest_only_with_trigger.py
[2026-04-02T16:35:28.307+0000] {processor.py:830} INFO - Processing file /home/airflow/.local/lib/python3.12/site-packages/airflow/example_dags/example_latest_only_with_trigger.py for tasks to queue
[2026-04-02T16:35:28.308+0000] {logging_mixin.py:188} INFO - [2026-04-02T16:35:28.307+0000] {dagbag.py:540} INFO - Filling up the DagBag from /home/airflow/.local/lib/python3.12/site-packages/airflow/example_dags/example_latest_only_with_trigger.py
[2026-04-02T16:35:28.311+0000] {processor.py:840} INFO - DAG(s) 'latest_only_with_trigger' retrieved from /home/airflow/.local/lib/python3.12/site-packages/airflow/example_dags/example_latest_only_with_trigger.py
[2026-04-02T16:35:28.322+0000] {logging_mixin.py:188} INFO - [2026-04-02T16:35:28.322+0000] {dag.py:3096} INFO - Sync 1 DAGs
[2026-04-02T16:35:28.332+0000] {logging_mixin.py:188} INFO - [2026-04-02T16:35:28.332+0000] {dag.py:3954} INFO - Setting next_dagrun for latest_only_with_trigger to 2026-04-02 12:00:00+00:00, run_after=2026-04-02 16:00:00+00:00
[2026-04-02T16:35:28.340+0000] {processor.py:183} INFO - Processing /home/airflow/.local/lib/python3.12/site-packages/airflow/example_dags/example_latest_only_with_trigger.py took 0.038 seconds
[2026-04-02T16:35:59.032+0000] {processor.py:161} INFO - Started process (PID=1824) to work on /home/airflow/.local/lib/python3.12/site-packages/airflow/example_dags/example_latest_only_with_trigger.py
[2026-04-02T16:35:59.032+0000] {processor.py:830} INFO - Processing file /home/airflow/.local/lib/python3.12/site-packages/airflow/example_dags/example_latest_only_with_trigger.py for tasks to queue
[2026-04-02T16:35:59.033+0000] {logging_mixin.py:188} INFO - [2026-04-02T16:35:59.033+0000] {dagbag.py:540} INFO - Filling up the DagBag from /home/airflow/.local/lib/python3.12/site-packages/airflow/example_dags/example_latest_only_with_trigger.py
[2026-04-02T16:35:59.037+0000] {processor.py:840} INFO - DAG(s) 'latest_only_with_trigger' retrieved from /home/airflow/.local/lib/python3.12/site-packages/airflow/example_dags/example_latest_only_with_trigger.py
[2026-04-02T16:35:59.049+0000] {logging_mixin.py:188} INFO - [2026-04-02T16:35:59.049+0000] {dag.py:3096} INFO - Sync 1 DAGs
[2026-04-02T16:35:59.061+0000] {logging_mixin.py:188} INFO - [2026-04-02T16:35:59.061+0000] {dag.py:3954} INFO - Setting next_dagrun for latest_only_with_trigger to 2026-04-02 12:00:00+00:00, run_after=2026-04-02 16:00:00+00:00
[2026-04-02T16:35:59.069+0000] {processor.py:183} INFO - Processing /home/airflow/.local/lib/python3.12/site-packages/airflow/example_dags/example_latest_only_with_trigger.py took 0.041 seconds
[2026-04-02T16:36:29.632+0000] {processor.py:161} INFO - Started process (PID=1882) to work on /home/airflow/.local/lib/python3.12/site-packages/airflow/example_dags/example_latest_only_with_trigger.py
[2026-04-02T16:36:29.632+0000] {processor.py:830} INFO - Processing file /home/airflow/.local/lib/python3.12/site-packages/airflow/example_dags/example_latest_only_with_trigger.py for tasks to queue
[2026-04-02T16:36:29.633+0000] {logging_mixin.py:188} INFO - [2026-04-02T16:36:29.633+0000] {dagbag.py:540} INFO - Filling up the DagBag from /home/airflow/.local/lib/python3.12/site-packages/airflow/example_dags/example_latest_only_with_trigger.py
[2026-04-02T16:36:29.637+0000] {processor.py:840} INFO - DAG(s) 'latest_only_with_trigger' retrieved from /home/airflow/.local/lib/python3.12/site-packages/airflow/example_dags/example_latest_only_with_trigger.py
[2026-04-02T16:36:29.650+0000] {logging_mixin.py:188} INFO - [2026-04-02T16:36:29.650+0000] {dag.py:3096} INFO - Sync 1 DAGs
[2026-04-02T16:36:29.660+0000] {logging_mixin.py:188} INFO - [2026-04-02T16:36:29.660+0000] {dag.py:3954} INFO - Setting next_dagrun for latest_only_with_trigger to 2026-04-02 12:00:00+00:00, run_after=2026-04-02 16:00:00+00:00
[2026-04-02T16:36:29.669+0000] {processor.py:183} INFO - Processing /home/airflow/.local/lib/python3.12/site-packages/airflow/example_dags/example_latest_only_with_trigger.py took 0.040 seconds
[2026-04-02T16:37:00.198+0000] {processor.py:161} INFO - Started process (PID=1940) to work on /home/airflow/.local/lib/python3.12/site-packages/airflow/example_dags/example_latest_only_with_trigger.py
[2026-04-02T16:37:00.199+0000] {processor.py:830} INFO - Processing file /home/airflow/.local/lib/python3.12/site-packages/airflow/example_dags/example_latest_only_with_trigger.py for tasks to queue
[2026-04-02T16:37:00.200+0000] {logging_mixin.py:188} INFO - [2026-04-02T16:37:00.200+0000] {dagbag.py:540} INFO - Filling up the DagBag from /home/airflow/.local/lib/python3.12/site-packages/airflow/example_dags/example_latest_only_with_trigger.py
[2026-04-02T16:37:00.204+0000] {processor.py:840} INFO - DAG(s) 'latest_only_with_trigger' retrieved from /home/airflow/.local/lib/python3.12/site-packages/airflow/example_dags/example_latest_only_with_trigger.py
[2026-04-02T16:37:00.216+0000] {logging_mixin.py:188} INFO - [2026-04-02T16:37:00.216+0000] {dag.py:3096} INFO - Sync 1 DAGs
[2026-04-02T16:37:00.228+0000] {logging_mixin.py:188} INFO - [2026-04-02T16:37:00.227+0000] {dag.py:3954} INFO - Setting next_dagrun for latest_only_with_trigger to 2026-04-02 12:00:00+00:00, run_after=2026-04-02 16:00:00+00:00
[2026-04-02T16:37:00.237+0000] {processor.py:183} INFO - Processing /home/airflow/.local/lib/python3.12/site-packages/airflow/example_dags/example_latest_only_with_trigger.py took 0.042 seconds
[2026-04-02T16:37:30.852+0000] {processor.py:161} INFO - Started process (PID=1998) to work on /home/airflow/.local/lib/python3.12/site-packages/airflow/example_dags/example_latest_only_with_trigger.py
[2026-04-02T16:37:30.852+0000] {processor.py:830} INFO - Processing file /home/airflow/.local/lib/python3.12/site-packages/airflow/example_dags/example_latest_only_with_trigger.py for tasks to queue
[2026-04-02T16:37:30.853+0000] {logging_mixin.py:188} INFO - [2026-04-02T16:37:30.853+0000] {dagbag.py:540} INFO - Filling up the DagBag from /home/airflow/.local/lib/python3.12/site-packages/airflow/example_dags/example_latest_only_with_trigger.py
[2026-04-02T16:37:30.856+0000] {processor.py:840} INFO - DAG(s) 'latest_only_with_trigger' retrieved from /home/airflow/.local/lib/python3.12/site-packages/airflow/example_dags/example_latest_only_with_trigger.py
[2026-04-02T16:37:30.868+0000] {logging_mixin.py:188} INFO - [2026-04-02T16:37:30.867+0000] {dag.py:3096} INFO - Sync 1 DAGs
[2026-04-02T16:37:30.877+0000] {logging_mixin.py:188} INFO - [2026-04-02T16:37:30.876+0000] {dag.py:3954} INFO - Setting next_dagrun for latest_only_with_trigger to 2026-04-02 12:00:00+00:00, run_after=2026-04-02 16:00:00+00:00
[2026-04-02T16:37:30.884+0000] {processor.py:183} INFO - Processing /home/airflow/.local/lib/python3.12/site-packages/airflow/example_dags/example_latest_only_with_trigger.py took 0.035 seconds
[2026-04-02T16:38:01.515+0000] {processor.py:161} INFO - Started process (PID=2056) to work on /home/airflow/.local/lib/python3.12/site-packages/airflow/example_dags/example_latest_only_with_trigger.py
[2026-04-02T16:38:01.516+0000] {processor.py:830} INFO - Processing file /home/airflow/.local/lib/python3.12/site-packages/airflow/example_dags/example_latest_only_with_trigger.py for tasks to queue
[2026-04-02T16:38:01.517+0000] {logging_mixin.py:188} INFO - [2026-04-02T16:38:01.517+0000] {dagbag.py:540} INFO - Filling up the DagBag from /home/airflow/.local/lib/python3.12/site-packages/airflow/example_dags/example_latest_only_with_trigger.py
[2026-04-02T16:38:01.520+0000] {processor.py:840} INFO - DAG(s) 'latest_only_with_trigger' retrieved from /home/airflow/.local/lib/python3.12/site-packages/airflow/example_dags/example_latest_only_with_trigger.py
[2026-04-02T16:38:01.533+0000] {logging_mixin.py:188} INFO - [2026-04-02T16:38:01.533+0000] {dag.py:3096} INFO - Sync 1 DAGs
[2026-04-02T16:38:01.545+0000] {logging_mixin.py:188} INFO - [2026-04-02T16:38:01.544+0000] {dag.py:3954} INFO - Setting next_dagrun for latest_only_with_trigger to 2026-04-02 12:00:00+00:00, run_after=2026-04-02 16:00:00+00:00
[2026-04-02T16:38:01.553+0000] {processor.py:183} INFO - Processing /home/airflow/.local/lib/python3.12/site-packages/airflow/example_dags/example_latest_only_with_trigger.py took 0.041 seconds
[2026-04-02T16:38:32.200+0000] {processor.py:161} INFO - Started process (PID=2114) to work on /home/airflow/.local/lib/python3.12/site-packages/airflow/example_dags/example_latest_only_with_trigger.py
[2026-04-02T16:38:32.201+0000] {processor.py:830} INFO - Processing file /home/airflow/.local/lib/python3.12/site-packages/airflow/example_dags/example_latest_only_with_trigger.py for tasks to queue
[2026-04-02T16:38:32.202+0000] {logging_mixin.py:188} INFO - [2026-04-02T16:38:32.202+0000] {dagbag.py:540} INFO - Filling up the DagBag from /home/airflow/.local/lib/python3.12/site-packages/airflow/example_dags/example_latest_only_with_trigger.py
[2026-04-02T16:38:32.205+0000] {processor.py:840} INFO - DAG(s) 'latest_only_with_trigger' retrieved from /home/airflow/.local/lib/python3.12/site-packages/airflow/example_dags/example_latest_only_with_trigger.py
[2026-04-02T16:38:32.218+0000] {logging_mixin.py:188} INFO - [2026-04-02T16:38:32.218+0000] {dag.py:3096} INFO - Sync 1 DAGs
[2026-04-02T16:38:32.229+0000] {logging_mixin.py:188} INFO - [2026-04-02T16:38:32.228+0000] {dag.py:3954} INFO - Setting next_dagrun for latest_only_with_trigger to 2026-04-02 12:00:00+00:00, run_after=2026-04-02 16:00:00+00:00
[2026-04-02T16:38:32.237+0000] {processor.py:183} INFO - Processing /home/airflow/.local/lib/python3.12/site-packages/airflow/example_dags/example_latest_only_with_trigger.py took 0.040 seconds
[2026-04-02T16:39:02.866+0000] {processor.py:161} INFO - Started process (PID=2172) to work on /home/airflow/.local/lib/python3.12/site-packages/airflow/example_dags/example_latest_only_with_trigger.py
[2026-04-02T16:39:02.867+0000] {processor.py:830} INFO - Processing file /home/airflow/.local/lib/python3.12/site-packages/airflow/example_dags/example_latest_only_with_trigger.py for tasks to queue
[2026-04-02T16:39:02.868+0000] {logging_mixin.py:188} INFO - [2026-04-02T16:39:02.868+0000] {dagbag.py:540} INFO - Filling up the DagBag from /home/airflow/.local/lib/python3.12/site-packages/airflow/example_dags/example_latest_only_with_trigger.py
[2026-04-02T16:39:02.871+0000] {processor.py:840} INFO - DAG(s) 'latest_only_with_trigger' retrieved from /home/airflow/.local/lib/python3.12/site-packages/airflow/example_dags/example_latest_only_with_trigger.py
[2026-04-02T16:39:02.884+0000] {logging_mixin.py:188} INFO - [2026-04-02T16:39:02.883+0000] {dag.py:3096} INFO - Sync 1 DAGs
[2026-04-02T16:39:02.895+0000] {logging_mixin.py:188} INFO - [2026-04-02T16:39:02.895+0000] {dag.py:3954} INFO - Setting next_dagrun for latest_only_with_trigger to 2026-04-02 12:00:00+00:00, run_after=2026-04-02 16:00:00+00:00
[2026-04-02T16:39:02.904+0000] {processor.py:183} INFO - Processing /home/airflow/.local/lib/python3.12/site-packages/airflow/example_dags/example_latest_only_with_trigger.py took 0.041 seconds
[2026-04-02T16:39:33.502+0000] {processor.py:161} INFO - Started process (PID=2230) to work on /home/airflow/.local/lib/python3.12/site-packages/airflow/example_dags/example_latest_only_with_trigger.py
[2026-04-02T16:39:33.503+0000] {processor.py:830} INFO - Processing file /home/airflow/.local/lib/python3.12/site-packages/airflow/example_dags/example_latest_only_with_trigger.py for tasks to queue
[2026-04-02T16:39:33.504+0000] {logging_mixin.py:188} INFO - [2026-04-02T16:39:33.504+0000] {dagbag.py:540} INFO - Filling up the DagBag from /home/airflow/.local/lib/python3.12/site-packages/airflow/example_dags/example_latest_only_with_trigger.py
[2026-04-02T16:39:33.510+0000] {processor.py:840} INFO - DAG(s) 'latest_only_with_trigger' retrieved from /home/airflow/.local/lib/python3.12/site-packages/airflow/example_dags/example_latest_only_with_trigger.py
[2026-04-02T16:39:33.525+0000] {logging_mixin.py:188} INFO - [2026-04-02T16:39:33.525+0000] {dag.py:3096} INFO - Sync 1 DAGs
[2026-04-02T16:39:33.537+0000] {logging_mixin.py:188} INFO - [2026-04-02T16:39:33.537+0000] {dag.py:3954} INFO - Setting next_dagrun for latest_only_with_trigger to 2026-04-02 12:00:00+00:00, run_after=2026-04-02 16:00:00+00:00
[2026-04-02T16:39:33.548+0000] {processor.py:183} INFO - Processing /home/airflow/.local/lib/python3.12/site-packages/airflow/example_dags/example_latest_only_with_trigger.py took 0.051 seconds
[2026-04-02T16:40:04.145+0000] {processor.py:161} INFO - Started process (PID=2288) to work on /home/airflow/.local/lib/python3.12/site-packages/airflow/example_dags/example_latest_only_with_trigger.py
[2026-04-02T16:40:04.145+0000] {processor.py:830} INFO - Processing file /home/airflow/.local/lib/python3.12/site-packages/airflow/example_dags/example_latest_only_with_trigger.py for tasks to queue
[2026-04-02T16:40:04.147+0000] {logging_mixin.py:188} INFO - [2026-04-02T16:40:04.146+0000] {dagbag.py:540} INFO - Filling up the DagBag from /home/airflow/.local/lib/python3.12/site-packages/airflow/example_dags/example_latest_only_with_trigger.py
[2026-04-02T16:40:04.150+0000] {processor.py:840} INFO - DAG(s) 'latest_only_with_trigger' retrieved from /home/airflow/.local/lib/python3.12/site-packages/airflow/example_dags/example_latest_only_with_trigger.py
[2026-04-02T16:40:04.164+0000] {logging_mixin.py:188} INFO - [2026-04-02T16:40:04.163+0000] {dag.py:3096} INFO - Sync 1 DAGs
[2026-04-02T16:40:04.175+0000] {logging_mixin.py:188} INFO - [2026-04-02T16:40:04.175+0000] {dag.py:3954} INFO - Setting next_dagrun for latest_only_with_trigger to 2026-04-02 12:00:00+00:00, run_after=2026-04-02 16:00:00+00:00
[2026-04-02T16:40:04.184+0000] {processor.py:183} INFO - Processing /home/airflow/.local/lib/python3.12/site-packages/airflow/example_dags/example_latest_only_with_trigger.py took 0.043 seconds
[2026-04-02T16:40:34.766+0000] {processor.py:161} INFO - Started process (PID=2346) to work on /home/airflow/.local/lib/python3.12/site-packages/airflow/example_dags/example_latest_only_with_trigger.py
[2026-04-02T16:40:34.767+0000] {processor.py:830} INFO - Processing file /home/airflow/.local/lib/python3.12/site-packages/airflow/example_dags/example_latest_only_with_trigger.py for tasks to queue
[2026-04-02T16:40:34.768+0000] {logging_mixin.py:188} INFO - [2026-04-02T16:40:34.767+0000] {dagbag.py:540} INFO - Filling up the DagBag from /home/airflow/.local/lib/python3.12/site-packages/airflow/example_dags/example_latest_only_with_trigger.py
[2026-04-02T16:40:34.771+0000] {processor.py:840} INFO - DAG(s) 'latest_only_with_trigger' retrieved from /home/airflow/.local/lib/python3.12/site-packages/airflow/example_dags/example_latest_only_with_trigger.py
[2026-04-02T16:40:34.784+0000] {logging_mixin.py:188} INFO - [2026-04-02T16:40:34.784+0000] {dag.py:3096} INFO - Sync 1 DAGs
[2026-04-02T16:40:34.794+0000] {logging_mixin.py:188} INFO - [2026-04-02T16:40:34.794+0000] {dag.py:3954} INFO - Setting next_dagrun for latest_only_with_trigger to 2026-04-02 12:00:00+00:00, run_after=2026-04-02 16:00:00+00:00
[2026-04-02T16:40:34.803+0000] {processor.py:183} INFO - Processing /home/airflow/.local/lib/python3.12/site-packages/airflow/example_dags/example_latest_only_with_trigger.py took 0.040 seconds
[2026-04-02T16:41:05.791+0000] {processor.py:161} INFO - Started process (PID=2404) to work on /home/airflow/.local/lib/python3.12/site-packages/airflow/example_dags/example_latest_only_with_trigger.py
[2026-04-02T16:41:05.792+0000] {processor.py:830} INFO - Processing file /home/airflow/.local/lib/python3.12/site-packages/airflow/example_dags/example_latest_only_with_trigger.py for tasks to queue
[2026-04-02T16:41:05.793+0000] {logging_mixin.py:188} INFO - [2026-04-02T16:41:05.792+0000] {dagbag.py:540} INFO - Filling up the DagBag from /home/airflow/.local/lib/python3.12/site-packages/airflow/example_dags/example_latest_only_with_trigger.py
[2026-04-02T16:41:05.796+0000] {processor.py:840} INFO - DAG(s) 'latest_only_with_trigger' retrieved from /home/airflow/.local/lib/python3.12/site-packages/airflow/example_dags/example_latest_only_with_trigger.py
[2026-04-02T16:41:05.813+0000] {logging_mixin.py:188} INFO - [2026-04-02T16:41:05.813+0000] {dag.py:3096} INFO - Sync 1 DAGs
[2026-04-02T16:41:05.826+0000] {logging_mixin.py:188} INFO - [2026-04-02T16:41:05.826+0000] {dag.py:3954} INFO - Setting next_dagrun for latest_only_with_trigger to 2026-04-02 12:00:00+00:00, run_after=2026-04-02 16:00:00+00:00
[2026-04-02T16:41:05.839+0000] {processor.py:183} INFO - Processing /home/airflow/.local/lib/python3.12/site-packages/airflow/example_dags/example_latest_only_with_trigger.py took 0.051 seconds
[2026-04-02T16:41:36.651+0000] {processor.py:161} INFO - Started process (PID=2462) to work on /home/airflow/.local/lib/python3.12/site-packages/airflow/example_dags/example_latest_only_with_trigger.py
[2026-04-02T16:41:36.652+0000] {processor.py:830} INFO - Processing file /home/airflow/.local/lib/python3.12/site-packages/airflow/example_dags/example_latest_only_with_trigger.py for tasks to queue
[2026-04-02T16:41:36.653+0000] {logging_mixin.py:188} INFO - [2026-04-02T16:41:36.653+0000] {dagbag.py:540} INFO - Filling up the DagBag from /home/airflow/.local/lib/python3.12/site-packages/airflow/example_dags/example_latest_only_with_trigger.py
[2026-04-02T16:41:36.656+0000] {processor.py:840} INFO - DAG(s) 'latest_only_with_trigger' retrieved from /home/airflow/.local/lib/python3.12/site-packages/airflow/example_dags/example_latest_only_with_trigger.py
[2026-04-02T16:41:36.669+0000] {logging_mixin.py:188} INFO - [2026-04-02T16:41:36.669+0000] {dag.py:3096} INFO - Sync 1 DAGs
[2026-04-02T16:41:36.680+0000] {logging_mixin.py:188} INFO - [2026-04-02T16:41:36.680+0000] {dag.py:3954} INFO - Setting next_dagrun for latest_only_with_trigger to 2026-04-02 12:00:00+00:00, run_after=2026-04-02 16:00:00+00:00
[2026-04-02T16:41:36.689+0000] {processor.py:183} INFO - Processing /home/airflow/.local/lib/python3.12/site-packages/airflow/example_dags/example_latest_only_with_trigger.py took 0.041 seconds
[2026-04-02T16:42:07.562+0000] {processor.py:161} INFO - Started process (PID=2526) to work on /home/airflow/.local/lib/python3.12/site-packages/airflow/example_dags/example_latest_only_with_trigger.py
[2026-04-02T16:42:07.563+0000] {processor.py:830} INFO - Processing file /home/airflow/.local/lib/python3.12/site-packages/airflow/example_dags/example_latest_only_with_trigger.py for tasks to queue
[2026-04-02T16:42:07.564+0000] {logging_mixin.py:188} INFO - [2026-04-02T16:42:07.563+0000] {dagbag.py:540} INFO - Filling up the DagBag from /home/airflow/.local/lib/python3.12/site-packages/airflow/example_dags/example_latest_only_with_trigger.py
[2026-04-02T16:42:07.567+0000] {processor.py:840} INFO - DAG(s) 'latest_only_with_trigger' retrieved from /home/airflow/.local/lib/python3.12/site-packages/airflow/example_dags/example_latest_only_with_trigger.py
[2026-04-02T16:42:07.580+0000] {logging_mixin.py:188} INFO - [2026-04-02T16:42:07.580+0000] {dag.py:3096} INFO - Sync 1 DAGs
[2026-04-02T16:42:07.592+0000] {logging_mixin.py:188} INFO - [2026-04-02T16:42:07.591+0000] {dag.py:3954} INFO - Setting next_dagrun for latest_only_with_trigger to 2026-04-02 12:00:00+00:00, run_after=2026-04-02 16:00:00+00:00
[2026-04-02T16:42:07.600+0000] {processor.py:183} INFO - Processing /home/airflow/.local/lib/python3.12/site-packages/airflow/example_dags/example_latest_only_with_trigger.py took 0.041 seconds
[2026-04-02T16:42:38.482+0000] {processor.py:161} INFO - Started process (PID=2584) to work on /home/airflow/.local/lib/python3.12/site-packages/airflow/example_dags/example_latest_only_with_trigger.py
[2026-04-02T16:42:38.483+0000] {processor.py:830} INFO - Processing file /home/airflow/.local/lib/python3.12/site-packages/airflow/example_dags/example_latest_only_with_trigger.py for tasks to queue
[2026-04-02T16:42:38.484+0000] {logging_mixin.py:188} INFO - [2026-04-02T16:42:38.484+0000] {dagbag.py:540} INFO - Filling up the DagBag from /home/airflow/.local/lib/python3.12/site-packages/airflow/example_dags/example_latest_only_with_trigger.py
[2026-04-02T16:42:38.488+0000] {processor.py:840} INFO - DAG(s) 'latest_only_with_trigger' retrieved from /home/airflow/.local/lib/python3.12/site-packages/airflow/example_dags/example_latest_only_with_trigger.py
[2026-04-02T16:42:38.507+0000] {logging_mixin.py:188} INFO - [2026-04-02T16:42:38.507+0000] {dag.py:3096} INFO - Sync 1 DAGs
[2026-04-02T16:42:38.519+0000] {logging_mixin.py:188} INFO - [2026-04-02T16:42:38.519+0000] {dag.py:3954} INFO - Setting next_dagrun for latest_only_with_trigger to 2026-04-02 12:00:00+00:00, run_after=2026-04-02 16:00:00+00:00
[2026-04-02T16:42:38.532+0000] {processor.py:183} INFO - Processing /home/airflow/.local/lib/python3.12/site-packages/airflow/example_dags/example_latest_only_with_trigger.py took 0.054 seconds
[2026-04-02T16:43:09.434+0000] {processor.py:161} INFO - Started process (PID=2642) to work on /home/airflow/.local/lib/python3.12/site-packages/airflow/example_dags/example_latest_only_with_trigger.py
[2026-04-02T16:43:09.434+0000] {processor.py:830} INFO - Processing file /home/airflow/.local/lib/python3.12/site-packages/airflow/example_dags/example_latest_only_with_trigger.py for tasks to queue
[2026-04-02T16:43:09.437+0000] {logging_mixin.py:188} INFO - [2026-04-02T16:43:09.437+0000] {dagbag.py:540} INFO - Filling up the DagBag from /home/airflow/.local/lib/python3.12/site-packages/airflow/example_dags/example_latest_only_with_trigger.py
[2026-04-02T16:43:09.440+0000] {processor.py:840} INFO - DAG(s) 'latest_only_with_trigger' retrieved from /home/airflow/.local/lib/python3.12/site-packages/airflow/example_dags/example_latest_only_with_trigger.py
[2026-04-02T16:43:09.455+0000] {logging_mixin.py:188} INFO - [2026-04-02T16:43:09.455+0000] {dag.py:3096} INFO - Sync 1 DAGs
[2026-04-02T16:43:09.466+0000] {logging_mixin.py:188} INFO - [2026-04-02T16:43:09.466+0000] {dag.py:3954} INFO - Setting next_dagrun for latest_only_with_trigger to 2026-04-02 12:00:00+00:00, run_after=2026-04-02 16:00:00+00:00
[2026-04-02T16:43:09.477+0000] {processor.py:183} INFO - Processing /home/airflow/.local/lib/python3.12/site-packages/airflow/example_dags/example_latest_only_with_trigger.py took 0.046 seconds
[2026-04-02T16:43:40.406+0000] {processor.py:161} INFO - Started process (PID=2700) to work on /home/airflow/.local/lib/python3.12/site-packages/airflow/example_dags/example_latest_only_with_trigger.py
[2026-04-02T16:43:40.406+0000] {processor.py:830} INFO - Processing file /home/airflow/.local/lib/python3.12/site-packages/airflow/example_dags/example_latest_only_with_trigger.py for tasks to queue
[2026-04-02T16:43:40.407+0000] {logging_mixin.py:188} INFO - [2026-04-02T16:43:40.407+0000] {dagbag.py:540} INFO - Filling up the DagBag from /home/airflow/.local/lib/python3.12/site-packages/airflow/example_dags/example_latest_only_with_trigger.py
[2026-04-02T16:43:40.410+0000] {processor.py:840} INFO - DAG(s) 'latest_only_with_trigger' retrieved from /home/airflow/.local/lib/python3.12/site-packages/airflow/example_dags/example_latest_only_with_trigger.py
[2026-04-02T16:43:40.423+0000] {logging_mixin.py:188} INFO - [2026-04-02T16:43:40.423+0000] {dag.py:3096} INFO - Sync 1 DAGs
[2026-04-02T16:43:40.434+0000] {logging_mixin.py:188} INFO - [2026-04-02T16:43:40.434+0000] {dag.py:3954} INFO - Setting next_dagrun for latest_only_with_trigger to 2026-04-02 12:00:00+00:00, run_after=2026-04-02 16:00:00+00:00
[2026-04-02T16:43:40.442+0000] {processor.py:183} INFO - Processing /home/airflow/.local/lib/python3.12/site-packages/airflow/example_dags/example_latest_only_with_trigger.py took 0.040 seconds
