[2026-04-02T16:20:34.498+0000] {processor.py:161} INFO - Started process (PID=44) to work on /home/airflow/.local/lib/python3.12/site-packages/airflow/example_dags/example_branch_labels.py
[2026-04-02T16:20:34.498+0000] {processor.py:830} INFO - Processing file /home/airflow/.local/lib/python3.12/site-packages/airflow/example_dags/example_branch_labels.py for tasks to queue
[2026-04-02T16:20:34.499+0000] {logging_mixin.py:188} INFO - [2026-04-02T16:20:34.499+0000] {dagbag.py:540} INFO - Filling up the DagBag from /home/airflow/.local/lib/python3.12/site-packages/airflow/example_dags/example_branch_labels.py
[2026-04-02T16:20:34.505+0000] {processor.py:840} INFO - DAG(s) 'example_branch_labels' retrieved from /home/airflow/.local/lib/python3.12/site-packages/airflow/example_dags/example_branch_labels.py
[2026-04-02T16:20:34.512+0000] {logging_mixin.py:188} INFO - [2026-04-02T16:20:34.512+0000] {dag.py:3096} INFO - Sync 1 DAGs
[2026-04-02T16:20:34.525+0000] {logging_mixin.py:188} INFO - [2026-04-02T16:20:34.525+0000] {dag.py:3954} INFO - Setting next_dagrun for example_branch_labels to 2026-04-01 00:00:00+00:00, run_after=2026-04-02 00:00:00+00:00
[2026-04-02T16:20:34.534+0000] {processor.py:183} INFO - Processing /home/airflow/.local/lib/python3.12/site-packages/airflow/example_dags/example_branch_labels.py took 0.039 seconds
[2026-04-02T16:21:05.254+0000] {processor.py:161} INFO - Started process (PID=109) to work on /home/airflow/.local/lib/python3.12/site-packages/airflow/example_dags/example_branch_labels.py
[2026-04-02T16:21:05.254+0000] {processor.py:830} INFO - Processing file /home/airflow/.local/lib/python3.12/site-packages/airflow/example_dags/example_branch_labels.py for tasks to queue
[2026-04-02T16:21:05.255+0000] {logging_mixin.py:188} INFO - [2026-04-02T16:21:05.255+0000] {dagbag.py:540} INFO - Filling up the DagBag from /home/airflow/.local/lib/python3.12/site-packages/airflow/example_dags/example_branch_labels.py
[2026-04-02T16:21:05.259+0000] {processor.py:840} INFO - DAG(s) 'example_branch_labels' retrieved from /home/airflow/.local/lib/python3.12/site-packages/airflow/example_dags/example_branch_labels.py
[2026-04-02T16:21:05.313+0000] {logging_mixin.py:188} INFO - [2026-04-02T16:21:05.313+0000] {dag.py:3096} INFO - Sync 1 DAGs
[2026-04-02T16:21:05.323+0000] {logging_mixin.py:188} INFO - [2026-04-02T16:21:05.323+0000] {dag.py:3954} INFO - Setting next_dagrun for example_branch_labels to 2026-04-01 00:00:00+00:00, run_after=2026-04-02 00:00:00+00:00
[2026-04-02T16:21:05.333+0000] {processor.py:183} INFO - Processing /home/airflow/.local/lib/python3.12/site-packages/airflow/example_dags/example_branch_labels.py took 0.082 seconds
[2026-04-02T16:21:36.271+0000] {processor.py:161} INFO - Started process (PID=167) to work on /home/airflow/.local/lib/python3.12/site-packages/airflow/example_dags/example_branch_labels.py
[2026-04-02T16:21:36.272+0000] {processor.py:830} INFO - Processing file /home/airflow/.local/lib/python3.12/site-packages/airflow/example_dags/example_branch_labels.py for tasks to queue
[2026-04-02T16:21:36.273+0000] {logging_mixin.py:188} INFO - [2026-04-02T16:21:36.273+0000] {dagbag.py:540} INFO - Filling up the DagBag from /home/airflow/.local/lib/python3.12/site-packages/airflow/example_dags/example_branch_labels.py
[2026-04-02T16:21:36.277+0000] {processor.py:840} INFO - DAG(s) 'example_branch_labels' retrieved from /home/airflow/.local/lib/python3.12/site-packages/airflow/example_dags/example_branch_labels.py
[2026-04-02T16:21:36.291+0000] {logging_mixin.py:188} INFO - [2026-04-02T16:21:36.290+0000] {dag.py:3096} INFO - Sync 1 DAGs
[2026-04-02T16:21:36.302+0000] {logging_mixin.py:188} INFO - [2026-04-02T16:21:36.302+0000] {dag.py:3954} INFO - Setting next_dagrun for example_branch_labels to 2026-04-01 00:00:00+00:00, run_after=2026-04-02 00:00:00+00:00
[2026-04-02T16:21:36.310+0000] {processor.py:183} INFO - Processing /home/airflow/.local/lib/python3.12/site-packages/airflow/example_dags/example_branch_labels.py took 0.042 seconds
[2026-04-02T16:22:07.068+0000] {processor.py:161} INFO - Started process (PID=225) to work on /home/airflow/.local/lib/python3.12/site-packages/airflow/example_dags/example_branch_labels.py
[2026-04-02T16:22:07.069+0000] {processor.py:830} INFO - Processing file /home/airflow/.local/lib/python3.12/site-packages/airflow/example_dags/example_branch_labels.py for tasks to queue
[2026-04-02T16:22:07.070+0000] {logging_mixin.py:188} INFO - [2026-04-02T16:22:07.070+0000] {dagbag.py:540} INFO - Filling up the DagBag from /home/airflow/.local/lib/python3.12/site-packages/airflow/example_dags/example_branch_labels.py
[2026-04-02T16:22:07.074+0000] {processor.py:840} INFO - DAG(s) 'example_branch_labels' retrieved from /home/airflow/.local/lib/python3.12/site-packages/airflow/example_dags/example_branch_labels.py
[2026-04-02T16:22:07.086+0000] {logging_mixin.py:188} INFO - [2026-04-02T16:22:07.086+0000] {dag.py:3096} INFO - Sync 1 DAGs
[2026-04-02T16:22:07.095+0000] {logging_mixin.py:188} INFO - [2026-04-02T16:22:07.095+0000] {dag.py:3954} INFO - Setting next_dagrun for example_branch_labels to 2026-04-01 00:00:00+00:00, run_after=2026-04-02 00:00:00+00:00
[2026-04-02T16:22:07.103+0000] {processor.py:183} INFO - Processing /home/airflow/.local/lib/python3.12/site-packages/airflow/example_dags/example_branch_labels.py took 0.037 seconds
[2026-04-02T16:22:37.888+0000] {processor.py:161} INFO - Started process (PID=283) to work on /home/airflow/.local/lib/python3.12/site-packages/airflow/example_dags/example_branch_labels.py
[2026-04-02T16:22:37.889+0000] {processor.py:830} INFO - Processing file /home/airflow/.local/lib/python3.12/site-packages/airflow/example_dags/example_branch_labels.py for tasks to queue
[2026-04-02T16:22:37.890+0000] {logging_mixin.py:188} INFO - [2026-04-02T16:22:37.890+0000] {dagbag.py:540} INFO - Filling up the DagBag from /home/airflow/.local/lib/python3.12/site-packages/airflow/example_dags/example_branch_labels.py
[2026-04-02T16:22:37.895+0000] {processor.py:840} INFO - DAG(s) 'example_branch_labels' retrieved from /home/airflow/.local/lib/python3.12/site-packages/airflow/example_dags/example_branch_labels.py
[2026-04-02T16:22:37.908+0000] {logging_mixin.py:188} INFO - [2026-04-02T16:22:37.908+0000] {dag.py:3096} INFO - Sync 1 DAGs
[2026-04-02T16:22:37.919+0000] {logging_mixin.py:188} INFO - [2026-04-02T16:22:37.919+0000] {dag.py:3954} INFO - Setting next_dagrun for example_branch_labels to 2026-04-01 00:00:00+00:00, run_after=2026-04-02 00:00:00+00:00
[2026-04-02T16:22:37.927+0000] {processor.py:183} INFO - Processing /home/airflow/.local/lib/python3.12/site-packages/airflow/example_dags/example_branch_labels.py took 0.042 seconds
[2026-04-02T16:23:08.536+0000] {processor.py:161} INFO - Started process (PID=341) to work on /home/airflow/.local/lib/python3.12/site-packages/airflow/example_dags/example_branch_labels.py
[2026-04-02T16:23:08.537+0000] {processor.py:830} INFO - Processing file /home/airflow/.local/lib/python3.12/site-packages/airflow/example_dags/example_branch_labels.py for tasks to queue
[2026-04-02T16:23:08.538+0000] {logging_mixin.py:188} INFO - [2026-04-02T16:23:08.538+0000] {dagbag.py:540} INFO - Filling up the DagBag from /home/airflow/.local/lib/python3.12/site-packages/airflow/example_dags/example_branch_labels.py
[2026-04-02T16:23:08.542+0000] {processor.py:840} INFO - DAG(s) 'example_branch_labels' retrieved from /home/airflow/.local/lib/python3.12/site-packages/airflow/example_dags/example_branch_labels.py
[2026-04-02T16:23:08.555+0000] {logging_mixin.py:188} INFO - [2026-04-02T16:23:08.554+0000] {dag.py:3096} INFO - Sync 1 DAGs
[2026-04-02T16:23:08.566+0000] {logging_mixin.py:188} INFO - [2026-04-02T16:23:08.566+0000] {dag.py:3954} INFO - Setting next_dagrun for example_branch_labels to 2026-04-01 00:00:00+00:00, run_after=2026-04-02 00:00:00+00:00
[2026-04-02T16:23:08.574+0000] {processor.py:183} INFO - Processing /home/airflow/.local/lib/python3.12/site-packages/airflow/example_dags/example_branch_labels.py took 0.041 seconds
[2026-04-02T16:23:39.154+0000] {processor.py:161} INFO - Started process (PID=399) to work on /home/airflow/.local/lib/python3.12/site-packages/airflow/example_dags/example_branch_labels.py
[2026-04-02T16:23:39.155+0000] {processor.py:830} INFO - Processing file /home/airflow/.local/lib/python3.12/site-packages/airflow/example_dags/example_branch_labels.py for tasks to queue
[2026-04-02T16:23:39.156+0000] {logging_mixin.py:188} INFO - [2026-04-02T16:23:39.156+0000] {dagbag.py:540} INFO - Filling up the DagBag from /home/airflow/.local/lib/python3.12/site-packages/airflow/example_dags/example_branch_labels.py
[2026-04-02T16:23:39.161+0000] {processor.py:840} INFO - DAG(s) 'example_branch_labels' retrieved from /home/airflow/.local/lib/python3.12/site-packages/airflow/example_dags/example_branch_labels.py
[2026-04-02T16:23:39.176+0000] {logging_mixin.py:188} INFO - [2026-04-02T16:23:39.176+0000] {dag.py:3096} INFO - Sync 1 DAGs
[2026-04-02T16:23:39.189+0000] {logging_mixin.py:188} INFO - [2026-04-02T16:23:39.189+0000] {dag.py:3954} INFO - Setting next_dagrun for example_branch_labels to 2026-04-01 00:00:00+00:00, run_after=2026-04-02 00:00:00+00:00
[2026-04-02T16:23:39.199+0000] {processor.py:183} INFO - Processing /home/airflow/.local/lib/python3.12/site-packages/airflow/example_dags/example_branch_labels.py took 0.048 seconds
[2026-04-02T16:24:09.880+0000] {processor.py:161} INFO - Started process (PID=457) to work on /home/airflow/.local/lib/python3.12/site-packages/airflow/example_dags/example_branch_labels.py
[2026-04-02T16:24:09.880+0000] {processor.py:830} INFO - Processing file /home/airflow/.local/lib/python3.12/site-packages/airflow/example_dags/example_branch_labels.py for tasks to queue
[2026-04-02T16:24:09.883+0000] {logging_mixin.py:188} INFO - [2026-04-02T16:24:09.883+0000] {dagbag.py:540} INFO - Filling up the DagBag from /home/airflow/.local/lib/python3.12/site-packages/airflow/example_dags/example_branch_labels.py
[2026-04-02T16:24:09.888+0000] {processor.py:840} INFO - DAG(s) 'example_branch_labels' retrieved from /home/airflow/.local/lib/python3.12/site-packages/airflow/example_dags/example_branch_labels.py
[2026-04-02T16:24:09.896+0000] {logging_mixin.py:188} INFO - [2026-04-02T16:24:09.896+0000] {dag.py:3096} INFO - Sync 1 DAGs
[2026-04-02T16:24:09.908+0000] {logging_mixin.py:188} INFO - [2026-04-02T16:24:09.908+0000] {dag.py:3954} INFO - Setting next_dagrun for example_branch_labels to 2026-04-01 00:00:00+00:00, run_after=2026-04-02 00:00:00+00:00
[2026-04-02T16:24:09.917+0000] {processor.py:183} INFO - Processing /home/airflow/.local/lib/python3.12/site-packages/airflow/example_dags/example_branch_labels.py took 0.040 seconds
[2026-04-02T16:24:40.396+0000] {processor.py:161} INFO - Started process (PID=515) to work on /home/airflow/.local/lib/python3.12/site-packages/airflow/example_dags/example_branch_labels.py
[2026-04-02T16:24:40.397+0000] {processor.py:830} INFO - Processing file /home/airflow/.local/lib/python3.12/site-packages/airflow/example_dags/example_branch_labels.py for tasks to queue
[2026-04-02T16:24:40.398+0000] {logging_mixin.py:188} INFO - [2026-04-02T16:24:40.398+0000] {dagbag.py:540} INFO - Filling up the DagBag from /home/airflow/.local/lib/python3.12/site-packages/airflow/example_dags/example_branch_labels.py
[2026-04-02T16:24:40.402+0000] {processor.py:840} INFO - DAG(s) 'example_branch_labels' retrieved from /home/airflow/.local/lib/python3.12/site-packages/airflow/example_dags/example_branch_labels.py
[2026-04-02T16:24:40.409+0000] {logging_mixin.py:188} INFO - [2026-04-02T16:24:40.409+0000] {dag.py:3096} INFO - Sync 1 DAGs
[2026-04-02T16:24:40.420+0000] {logging_mixin.py:188} INFO - [2026-04-02T16:24:40.420+0000] {dag.py:3954} INFO - Setting next_dagrun for example_branch_labels to 2026-04-01 00:00:00+00:00, run_after=2026-04-02 00:00:00+00:00
[2026-04-02T16:24:40.428+0000] {processor.py:183} INFO - Processing /home/airflow/.local/lib/python3.12/site-packages/airflow/example_dags/example_branch_labels.py took 0.034 seconds
[2026-04-02T16:25:10.911+0000] {processor.py:161} INFO - Started process (PID=573) to work on /home/airflow/.local/lib/python3.12/site-packages/airflow/example_dags/example_branch_labels.py
[2026-04-02T16:25:10.911+0000] {processor.py:830} INFO - Processing file /home/airflow/.local/lib/python3.12/site-packages/airflow/example_dags/example_branch_labels.py for tasks to queue
[2026-04-02T16:25:10.913+0000] {logging_mixin.py:188} INFO - [2026-04-02T16:25:10.912+0000] {dagbag.py:540} INFO - Filling up the DagBag from /home/airflow/.local/lib/python3.12/site-packages/airflow/example_dags/example_branch_labels.py
[2026-04-02T16:25:10.917+0000] {processor.py:840} INFO - DAG(s) 'example_branch_labels' retrieved from /home/airflow/.local/lib/python3.12/site-packages/airflow/example_dags/example_branch_labels.py
[2026-04-02T16:25:10.972+0000] {logging_mixin.py:188} INFO - [2026-04-02T16:25:10.972+0000] {dag.py:3096} INFO - Sync 1 DAGs
[2026-04-02T16:25:10.983+0000] {logging_mixin.py:188} INFO - [2026-04-02T16:25:10.982+0000] {dag.py:3954} INFO - Setting next_dagrun for example_branch_labels to 2026-04-01 00:00:00+00:00, run_after=2026-04-02 00:00:00+00:00
[2026-04-02T16:25:10.993+0000] {processor.py:183} INFO - Processing /home/airflow/.local/lib/python3.12/site-packages/airflow/example_dags/example_branch_labels.py took 0.086 seconds
[2026-04-02T16:25:41.467+0000] {processor.py:161} INFO - Started process (PID=631) to work on /home/airflow/.local/lib/python3.12/site-packages/airflow/example_dags/example_branch_labels.py
[2026-04-02T16:25:41.468+0000] {processor.py:830} INFO - Processing file /home/airflow/.local/lib/python3.12/site-packages/airflow/example_dags/example_branch_labels.py for tasks to queue
[2026-04-02T16:25:41.469+0000] {logging_mixin.py:188} INFO - [2026-04-02T16:25:41.469+0000] {dagbag.py:540} INFO - Filling up the DagBag from /home/airflow/.local/lib/python3.12/site-packages/airflow/example_dags/example_branch_labels.py
[2026-04-02T16:25:41.473+0000] {processor.py:840} INFO - DAG(s) 'example_branch_labels' retrieved from /home/airflow/.local/lib/python3.12/site-packages/airflow/example_dags/example_branch_labels.py
[2026-04-02T16:25:41.486+0000] {logging_mixin.py:188} INFO - [2026-04-02T16:25:41.486+0000] {dag.py:3096} INFO - Sync 1 DAGs
[2026-04-02T16:25:41.496+0000] {logging_mixin.py:188} INFO - [2026-04-02T16:25:41.496+0000] {dag.py:3954} INFO - Setting next_dagrun for example_branch_labels to 2026-04-01 00:00:00+00:00, run_after=2026-04-02 00:00:00+00:00
[2026-04-02T16:25:41.504+0000] {processor.py:183} INFO - Processing /home/airflow/.local/lib/python3.12/site-packages/airflow/example_dags/example_branch_labels.py took 0.040 seconds
[2026-04-02T16:26:11.575+0000] {processor.py:161} INFO - Started process (PID=689) to work on /home/airflow/.local/lib/python3.12/site-packages/airflow/example_dags/example_branch_labels.py
[2026-04-02T16:26:11.576+0000] {processor.py:830} INFO - Processing file /home/airflow/.local/lib/python3.12/site-packages/airflow/example_dags/example_branch_labels.py for tasks to queue
[2026-04-02T16:26:11.577+0000] {logging_mixin.py:188} INFO - [2026-04-02T16:26:11.577+0000] {dagbag.py:540} INFO - Filling up the DagBag from /home/airflow/.local/lib/python3.12/site-packages/airflow/example_dags/example_branch_labels.py
[2026-04-02T16:26:11.581+0000] {processor.py:840} INFO - DAG(s) 'example_branch_labels' retrieved from /home/airflow/.local/lib/python3.12/site-packages/airflow/example_dags/example_branch_labels.py
[2026-04-02T16:26:11.596+0000] {logging_mixin.py:188} INFO - [2026-04-02T16:26:11.595+0000] {dag.py:3096} INFO - Sync 1 DAGs
[2026-04-02T16:26:11.607+0000] {logging_mixin.py:188} INFO - [2026-04-02T16:26:11.607+0000] {dag.py:3954} INFO - Setting next_dagrun for example_branch_labels to 2026-04-01 00:00:00+00:00, run_after=2026-04-02 00:00:00+00:00
[2026-04-02T16:26:11.616+0000] {processor.py:183} INFO - Processing /home/airflow/.local/lib/python3.12/site-packages/airflow/example_dags/example_branch_labels.py took 0.045 seconds
[2026-04-02T16:26:41.847+0000] {processor.py:161} INFO - Started process (PID=747) to work on /home/airflow/.local/lib/python3.12/site-packages/airflow/example_dags/example_branch_labels.py
[2026-04-02T16:26:41.848+0000] {processor.py:830} INFO - Processing file /home/airflow/.local/lib/python3.12/site-packages/airflow/example_dags/example_branch_labels.py for tasks to queue
[2026-04-02T16:26:41.848+0000] {logging_mixin.py:188} INFO - [2026-04-02T16:26:41.848+0000] {dagbag.py:540} INFO - Filling up the DagBag from /home/airflow/.local/lib/python3.12/site-packages/airflow/example_dags/example_branch_labels.py
[2026-04-02T16:26:41.853+0000] {processor.py:840} INFO - DAG(s) 'example_branch_labels' retrieved from /home/airflow/.local/lib/python3.12/site-packages/airflow/example_dags/example_branch_labels.py
[2026-04-02T16:26:41.864+0000] {logging_mixin.py:188} INFO - [2026-04-02T16:26:41.864+0000] {dag.py:3096} INFO - Sync 1 DAGs
[2026-04-02T16:26:41.875+0000] {logging_mixin.py:188} INFO - [2026-04-02T16:26:41.874+0000] {dag.py:3954} INFO - Setting next_dagrun for example_branch_labels to 2026-04-01 00:00:00+00:00, run_after=2026-04-02 00:00:00+00:00
[2026-04-02T16:26:41.882+0000] {processor.py:183} INFO - Processing /home/airflow/.local/lib/python3.12/site-packages/airflow/example_dags/example_branch_labels.py took 0.038 seconds
[2026-04-02T16:27:12.104+0000] {processor.py:161} INFO - Started process (PID=805) to work on /home/airflow/.local/lib/python3.12/site-packages/airflow/example_dags/example_branch_labels.py
[2026-04-02T16:27:12.105+0000] {processor.py:830} INFO - Processing file /home/airflow/.local/lib/python3.12/site-packages/airflow/example_dags/example_branch_labels.py for tasks to queue
[2026-04-02T16:27:12.106+0000] {logging_mixin.py:188} INFO - [2026-04-02T16:27:12.106+0000] {dagbag.py:540} INFO - Filling up the DagBag from /home/airflow/.local/lib/python3.12/site-packages/airflow/example_dags/example_branch_labels.py
[2026-04-02T16:27:12.110+0000] {processor.py:840} INFO - DAG(s) 'example_branch_labels' retrieved from /home/airflow/.local/lib/python3.12/site-packages/airflow/example_dags/example_branch_labels.py
[2026-04-02T16:27:12.128+0000] {logging_mixin.py:188} INFO - [2026-04-02T16:27:12.128+0000] {dag.py:3096} INFO - Sync 1 DAGs
[2026-04-02T16:27:12.145+0000] {logging_mixin.py:188} INFO - [2026-04-02T16:27:12.145+0000] {dag.py:3954} INFO - Setting next_dagrun for example_branch_labels to 2026-04-01 00:00:00+00:00, run_after=2026-04-02 00:00:00+00:00
[2026-04-02T16:27:12.163+0000] {processor.py:183} INFO - Processing /home/airflow/.local/lib/python3.12/site-packages/airflow/example_dags/example_branch_labels.py took 0.062 seconds
[2026-04-02T16:27:42.619+0000] {processor.py:161} INFO - Started process (PID=863) to work on /home/airflow/.local/lib/python3.12/site-packages/airflow/example_dags/example_branch_labels.py
[2026-04-02T16:27:42.619+0000] {processor.py:830} INFO - Processing file /home/airflow/.local/lib/python3.12/site-packages/airflow/example_dags/example_branch_labels.py for tasks to queue
[2026-04-02T16:27:42.620+0000] {logging_mixin.py:188} INFO - [2026-04-02T16:27:42.620+0000] {dagbag.py:540} INFO - Filling up the DagBag from /home/airflow/.local/lib/python3.12/site-packages/airflow/example_dags/example_branch_labels.py
[2026-04-02T16:27:42.625+0000] {processor.py:840} INFO - DAG(s) 'example_branch_labels' retrieved from /home/airflow/.local/lib/python3.12/site-packages/airflow/example_dags/example_branch_labels.py
[2026-04-02T16:27:42.633+0000] {logging_mixin.py:188} INFO - [2026-04-02T16:27:42.633+0000] {dag.py:3096} INFO - Sync 1 DAGs
[2026-04-02T16:27:42.644+0000] {logging_mixin.py:188} INFO - [2026-04-02T16:27:42.644+0000] {dag.py:3954} INFO - Setting next_dagrun for example_branch_labels to 2026-04-01 00:00:00+00:00, run_after=2026-04-02 00:00:00+00:00
[2026-04-02T16:27:42.652+0000] {processor.py:183} INFO - Processing /home/airflow/.local/lib/python3.12/site-packages/airflow/example_dags/example_branch_labels.py took 0.037 seconds
[2026-04-02T16:28:13.387+0000] {processor.py:161} INFO - Started process (PID=921) to work on /home/airflow/.local/lib/python3.12/site-packages/airflow/example_dags/example_branch_labels.py
[2026-04-02T16:28:13.387+0000] {processor.py:830} INFO - Processing file /home/airflow/.local/lib/python3.12/site-packages/airflow/example_dags/example_branch_labels.py for tasks to queue
[2026-04-02T16:28:13.389+0000] {logging_mixin.py:188} INFO - [2026-04-02T16:28:13.388+0000] {dagbag.py:540} INFO - Filling up the DagBag from /home/airflow/.local/lib/python3.12/site-packages/airflow/example_dags/example_branch_labels.py
[2026-04-02T16:28:13.393+0000] {processor.py:840} INFO - DAG(s) 'example_branch_labels' retrieved from /home/airflow/.local/lib/python3.12/site-packages/airflow/example_dags/example_branch_labels.py
[2026-04-02T16:28:13.407+0000] {logging_mixin.py:188} INFO - [2026-04-02T16:28:13.407+0000] {dag.py:3096} INFO - Sync 1 DAGs
[2026-04-02T16:28:13.424+0000] {logging_mixin.py:188} INFO - [2026-04-02T16:28:13.424+0000] {dag.py:3954} INFO - Setting next_dagrun for example_branch_labels to 2026-04-01 00:00:00+00:00, run_after=2026-04-02 00:00:00+00:00
[2026-04-02T16:28:13.437+0000] {processor.py:183} INFO - Processing /home/airflow/.local/lib/python3.12/site-packages/airflow/example_dags/example_branch_labels.py took 0.053 seconds
[2026-04-02T16:28:44.550+0000] {processor.py:161} INFO - Started process (PID=979) to work on /home/airflow/.local/lib/python3.12/site-packages/airflow/example_dags/example_branch_labels.py
[2026-04-02T16:28:44.550+0000] {processor.py:830} INFO - Processing file /home/airflow/.local/lib/python3.12/site-packages/airflow/example_dags/example_branch_labels.py for tasks to queue
[2026-04-02T16:28:44.551+0000] {logging_mixin.py:188} INFO - [2026-04-02T16:28:44.551+0000] {dagbag.py:540} INFO - Filling up the DagBag from /home/airflow/.local/lib/python3.12/site-packages/airflow/example_dags/example_branch_labels.py
[2026-04-02T16:28:44.556+0000] {processor.py:840} INFO - DAG(s) 'example_branch_labels' retrieved from /home/airflow/.local/lib/python3.12/site-packages/airflow/example_dags/example_branch_labels.py
[2026-04-02T16:28:44.608+0000] {logging_mixin.py:188} INFO - [2026-04-02T16:28:44.607+0000] {dag.py:3096} INFO - Sync 1 DAGs
[2026-04-02T16:28:44.725+0000] {logging_mixin.py:188} INFO - [2026-04-02T16:28:44.725+0000] {dag.py:3954} INFO - Setting next_dagrun for example_branch_labels to 2026-04-01 00:00:00+00:00, run_after=2026-04-02 00:00:00+00:00
[2026-04-02T16:28:44.737+0000] {processor.py:183} INFO - Processing /home/airflow/.local/lib/python3.12/site-packages/airflow/example_dags/example_branch_labels.py took 0.191 seconds
[2026-04-02T16:29:14.804+0000] {processor.py:161} INFO - Started process (PID=1037) to work on /home/airflow/.local/lib/python3.12/site-packages/airflow/example_dags/example_branch_labels.py
[2026-04-02T16:29:14.804+0000] {processor.py:830} INFO - Processing file /home/airflow/.local/lib/python3.12/site-packages/airflow/example_dags/example_branch_labels.py for tasks to queue
[2026-04-02T16:29:14.805+0000] {logging_mixin.py:188} INFO - [2026-04-02T16:29:14.805+0000] {dagbag.py:540} INFO - Filling up the DagBag from /home/airflow/.local/lib/python3.12/site-packages/airflow/example_dags/example_branch_labels.py
[2026-04-02T16:29:14.810+0000] {processor.py:840} INFO - DAG(s) 'example_branch_labels' retrieved from /home/airflow/.local/lib/python3.12/site-packages/airflow/example_dags/example_branch_labels.py
[2026-04-02T16:29:14.823+0000] {logging_mixin.py:188} INFO - [2026-04-02T16:29:14.823+0000] {dag.py:3096} INFO - Sync 1 DAGs
[2026-04-02T16:29:14.833+0000] {logging_mixin.py:188} INFO - [2026-04-02T16:29:14.833+0000] {dag.py:3954} INFO - Setting next_dagrun for example_branch_labels to 2026-04-01 00:00:00+00:00, run_after=2026-04-02 00:00:00+00:00
[2026-04-02T16:29:14.948+0000] {processor.py:183} INFO - Processing /home/airflow/.local/lib/python3.12/site-packages/airflow/example_dags/example_branch_labels.py took 0.147 seconds
[2026-04-02T16:29:45.900+0000] {processor.py:161} INFO - Started process (PID=1095) to work on /home/airflow/.local/lib/python3.12/site-packages/airflow/example_dags/example_branch_labels.py
[2026-04-02T16:29:45.901+0000] {processor.py:830} INFO - Processing file /home/airflow/.local/lib/python3.12/site-packages/airflow/example_dags/example_branch_labels.py for tasks to queue
[2026-04-02T16:29:45.904+0000] {logging_mixin.py:188} INFO - [2026-04-02T16:29:45.904+0000] {dagbag.py:540} INFO - Filling up the DagBag from /home/airflow/.local/lib/python3.12/site-packages/airflow/example_dags/example_branch_labels.py
[2026-04-02T16:29:45.912+0000] {processor.py:840} INFO - DAG(s) 'example_branch_labels' retrieved from /home/airflow/.local/lib/python3.12/site-packages/airflow/example_dags/example_branch_labels.py
[2026-04-02T16:29:45.927+0000] {logging_mixin.py:188} INFO - [2026-04-02T16:29:45.927+0000] {dag.py:3096} INFO - Sync 1 DAGs
[2026-04-02T16:29:45.937+0000] {logging_mixin.py:188} INFO - [2026-04-02T16:29:45.937+0000] {dag.py:3954} INFO - Setting next_dagrun for example_branch_labels to 2026-04-01 00:00:00+00:00, run_after=2026-04-02 00:00:00+00:00
[2026-04-02T16:29:45.945+0000] {processor.py:183} INFO - Processing /home/airflow/.local/lib/python3.12/site-packages/airflow/example_dags/example_branch_labels.py took 0.051 seconds
[2026-04-02T16:30:16.127+0000] {processor.py:161} INFO - Started process (PID=1153) to work on /home/airflow/.local/lib/python3.12/site-packages/airflow/example_dags/example_branch_labels.py
[2026-04-02T16:30:16.128+0000] {processor.py:830} INFO - Processing file /home/airflow/.local/lib/python3.12/site-packages/airflow/example_dags/example_branch_labels.py for tasks to queue
[2026-04-02T16:30:16.129+0000] {logging_mixin.py:188} INFO - [2026-04-02T16:30:16.129+0000] {dagbag.py:540} INFO - Filling up the DagBag from /home/airflow/.local/lib/python3.12/site-packages/airflow/example_dags/example_branch_labels.py
[2026-04-02T16:30:16.135+0000] {processor.py:840} INFO - DAG(s) 'example_branch_labels' retrieved from /home/airflow/.local/lib/python3.12/site-packages/airflow/example_dags/example_branch_labels.py
[2026-04-02T16:30:16.149+0000] {logging_mixin.py:188} INFO - [2026-04-02T16:30:16.148+0000] {dag.py:3096} INFO - Sync 1 DAGs
[2026-04-02T16:30:16.160+0000] {logging_mixin.py:188} INFO - [2026-04-02T16:30:16.160+0000] {dag.py:3954} INFO - Setting next_dagrun for example_branch_labels to 2026-04-01 00:00:00+00:00, run_after=2026-04-02 00:00:00+00:00
[2026-04-02T16:30:16.170+0000] {processor.py:183} INFO - Processing /home/airflow/.local/lib/python3.12/site-packages/airflow/example_dags/example_branch_labels.py took 0.048 seconds
[2026-04-02T16:30:46.514+0000] {processor.py:161} INFO - Started process (PID=1211) to work on /home/airflow/.local/lib/python3.12/site-packages/airflow/example_dags/example_branch_labels.py
[2026-04-02T16:30:46.515+0000] {processor.py:830} INFO - Processing file /home/airflow/.local/lib/python3.12/site-packages/airflow/example_dags/example_branch_labels.py for tasks to queue
[2026-04-02T16:30:46.516+0000] {logging_mixin.py:188} INFO - [2026-04-02T16:30:46.516+0000] {dagbag.py:540} INFO - Filling up the DagBag from /home/airflow/.local/lib/python3.12/site-packages/airflow/example_dags/example_branch_labels.py
[2026-04-02T16:30:46.521+0000] {processor.py:840} INFO - DAG(s) 'example_branch_labels' retrieved from /home/airflow/.local/lib/python3.12/site-packages/airflow/example_dags/example_branch_labels.py
[2026-04-02T16:30:46.536+0000] {logging_mixin.py:188} INFO - [2026-04-02T16:30:46.536+0000] {dag.py:3096} INFO - Sync 1 DAGs
[2026-04-02T16:30:46.548+0000] {logging_mixin.py:188} INFO - [2026-04-02T16:30:46.548+0000] {dag.py:3954} INFO - Setting next_dagrun for example_branch_labels to 2026-04-01 00:00:00+00:00, run_after=2026-04-02 00:00:00+00:00
[2026-04-02T16:30:46.558+0000] {processor.py:183} INFO - Processing /home/airflow/.local/lib/python3.12/site-packages/airflow/example_dags/example_branch_labels.py took 0.049 seconds
[2026-04-02T16:31:17.167+0000] {processor.py:161} INFO - Started process (PID=1269) to work on /home/airflow/.local/lib/python3.12/site-packages/airflow/example_dags/example_branch_labels.py
[2026-04-02T16:31:17.167+0000] {processor.py:830} INFO - Processing file /home/airflow/.local/lib/python3.12/site-packages/airflow/example_dags/example_branch_labels.py for tasks to queue
[2026-04-02T16:31:17.168+0000] {logging_mixin.py:188} INFO - [2026-04-02T16:31:17.168+0000] {dagbag.py:540} INFO - Filling up the DagBag from /home/airflow/.local/lib/python3.12/site-packages/airflow/example_dags/example_branch_labels.py
[2026-04-02T16:31:17.173+0000] {processor.py:840} INFO - DAG(s) 'example_branch_labels' retrieved from /home/airflow/.local/lib/python3.12/site-packages/airflow/example_dags/example_branch_labels.py
[2026-04-02T16:31:17.188+0000] {logging_mixin.py:188} INFO - [2026-04-02T16:31:17.188+0000] {dag.py:3096} INFO - Sync 1 DAGs
[2026-04-02T16:31:17.200+0000] {logging_mixin.py:188} INFO - [2026-04-02T16:31:17.200+0000] {dag.py:3954} INFO - Setting next_dagrun for example_branch_labels to 2026-04-01 00:00:00+00:00, run_after=2026-04-02 00:00:00+00:00
[2026-04-02T16:31:17.209+0000] {processor.py:183} INFO - Processing /home/airflow/.local/lib/python3.12/site-packages/airflow/example_dags/example_branch_labels.py took 0.046 seconds
[2026-04-02T16:31:47.745+0000] {processor.py:161} INFO - Started process (PID=1327) to work on /home/airflow/.local/lib/python3.12/site-packages/airflow/example_dags/example_branch_labels.py
[2026-04-02T16:31:47.746+0000] {processor.py:830} INFO - Processing file /home/airflow/.local/lib/python3.12/site-packages/airflow/example_dags/example_branch_labels.py for tasks to queue
[2026-04-02T16:31:47.747+0000] {logging_mixin.py:188} INFO - [2026-04-02T16:31:47.747+0000] {dagbag.py:540} INFO - Filling up the DagBag from /home/airflow/.local/lib/python3.12/site-packages/airflow/example_dags/example_branch_labels.py
[2026-04-02T16:31:47.755+0000] {processor.py:840} INFO - DAG(s) 'example_branch_labels' retrieved from /home/airflow/.local/lib/python3.12/site-packages/airflow/example_dags/example_branch_labels.py
[2026-04-02T16:31:47.778+0000] {logging_mixin.py:188} INFO - [2026-04-02T16:31:47.777+0000] {dag.py:3096} INFO - Sync 1 DAGs
[2026-04-02T16:31:47.793+0000] {logging_mixin.py:188} INFO - [2026-04-02T16:31:47.793+0000] {dag.py:3954} INFO - Setting next_dagrun for example_branch_labels to 2026-04-01 00:00:00+00:00, run_after=2026-04-02 00:00:00+00:00
[2026-04-02T16:31:47.804+0000] {processor.py:183} INFO - Processing /home/airflow/.local/lib/python3.12/site-packages/airflow/example_dags/example_branch_labels.py took 0.064 seconds
[2026-04-02T16:32:18.587+0000] {processor.py:161} INFO - Started process (PID=1385) to work on /home/airflow/.local/lib/python3.12/site-packages/airflow/example_dags/example_branch_labels.py
[2026-04-02T16:32:18.588+0000] {processor.py:830} INFO - Processing file /home/airflow/.local/lib/python3.12/site-packages/airflow/example_dags/example_branch_labels.py for tasks to queue
[2026-04-02T16:32:18.590+0000] {logging_mixin.py:188} INFO - [2026-04-02T16:32:18.589+0000] {dagbag.py:540} INFO - Filling up the DagBag from /home/airflow/.local/lib/python3.12/site-packages/airflow/example_dags/example_branch_labels.py
[2026-04-02T16:32:18.595+0000] {processor.py:840} INFO - DAG(s) 'example_branch_labels' retrieved from /home/airflow/.local/lib/python3.12/site-packages/airflow/example_dags/example_branch_labels.py
[2026-04-02T16:32:18.611+0000] {logging_mixin.py:188} INFO - [2026-04-02T16:32:18.611+0000] {dag.py:3096} INFO - Sync 1 DAGs
[2026-04-02T16:32:18.621+0000] {logging_mixin.py:188} INFO - [2026-04-02T16:32:18.621+0000] {dag.py:3954} INFO - Setting next_dagrun for example_branch_labels to 2026-04-01 00:00:00+00:00, run_after=2026-04-02 00:00:00+00:00
[2026-04-02T16:32:18.629+0000] {processor.py:183} INFO - Processing /home/airflow/.local/lib/python3.12/site-packages/airflow/example_dags/example_branch_labels.py took 0.046 seconds
[2026-04-02T16:32:49.196+0000] {processor.py:161} INFO - Started process (PID=1443) to work on /home/airflow/.local/lib/python3.12/site-packages/airflow/example_dags/example_branch_labels.py
[2026-04-02T16:32:49.196+0000] {processor.py:830} INFO - Processing file /home/airflow/.local/lib/python3.12/site-packages/airflow/example_dags/example_branch_labels.py for tasks to queue
[2026-04-02T16:32:49.197+0000] {logging_mixin.py:188} INFO - [2026-04-02T16:32:49.197+0000] {dagbag.py:540} INFO - Filling up the DagBag from /home/airflow/.local/lib/python3.12/site-packages/airflow/example_dags/example_branch_labels.py
[2026-04-02T16:32:49.202+0000] {processor.py:840} INFO - DAG(s) 'example_branch_labels' retrieved from /home/airflow/.local/lib/python3.12/site-packages/airflow/example_dags/example_branch_labels.py
[2026-04-02T16:32:49.218+0000] {logging_mixin.py:188} INFO - [2026-04-02T16:32:49.218+0000] {dag.py:3096} INFO - Sync 1 DAGs
[2026-04-02T16:32:49.231+0000] {logging_mixin.py:188} INFO - [2026-04-02T16:32:49.231+0000] {dag.py:3954} INFO - Setting next_dagrun for example_branch_labels to 2026-04-01 00:00:00+00:00, run_after=2026-04-02 00:00:00+00:00
[2026-04-02T16:32:49.240+0000] {processor.py:183} INFO - Processing /home/airflow/.local/lib/python3.12/site-packages/airflow/example_dags/example_branch_labels.py took 0.048 seconds
[2026-04-02T16:33:19.752+0000] {processor.py:161} INFO - Started process (PID=1501) to work on /home/airflow/.local/lib/python3.12/site-packages/airflow/example_dags/example_branch_labels.py
[2026-04-02T16:33:19.753+0000] {processor.py:830} INFO - Processing file /home/airflow/.local/lib/python3.12/site-packages/airflow/example_dags/example_branch_labels.py for tasks to queue
[2026-04-02T16:33:19.755+0000] {logging_mixin.py:188} INFO - [2026-04-02T16:33:19.754+0000] {dagbag.py:540} INFO - Filling up the DagBag from /home/airflow/.local/lib/python3.12/site-packages/airflow/example_dags/example_branch_labels.py
[2026-04-02T16:33:19.761+0000] {processor.py:840} INFO - DAG(s) 'example_branch_labels' retrieved from /home/airflow/.local/lib/python3.12/site-packages/airflow/example_dags/example_branch_labels.py
[2026-04-02T16:33:19.776+0000] {logging_mixin.py:188} INFO - [2026-04-02T16:33:19.776+0000] {dag.py:3096} INFO - Sync 1 DAGs
[2026-04-02T16:33:19.787+0000] {logging_mixin.py:188} INFO - [2026-04-02T16:33:19.787+0000] {dag.py:3954} INFO - Setting next_dagrun for example_branch_labels to 2026-04-01 00:00:00+00:00, run_after=2026-04-02 00:00:00+00:00
[2026-04-02T16:33:19.796+0000] {processor.py:183} INFO - Processing /home/airflow/.local/lib/python3.12/site-packages/airflow/example_dags/example_branch_labels.py took 0.050 seconds
[2026-04-02T16:33:50.353+0000] {processor.py:161} INFO - Started process (PID=1559) to work on /home/airflow/.local/lib/python3.12/site-packages/airflow/example_dags/example_branch_labels.py
[2026-04-02T16:33:50.354+0000] {processor.py:830} INFO - Processing file /home/airflow/.local/lib/python3.12/site-packages/airflow/example_dags/example_branch_labels.py for tasks to queue
[2026-04-02T16:33:50.356+0000] {logging_mixin.py:188} INFO - [2026-04-02T16:33:50.355+0000] {dagbag.py:540} INFO - Filling up the DagBag from /home/airflow/.local/lib/python3.12/site-packages/airflow/example_dags/example_branch_labels.py
[2026-04-02T16:33:50.362+0000] {processor.py:840} INFO - DAG(s) 'example_branch_labels' retrieved from /home/airflow/.local/lib/python3.12/site-packages/airflow/example_dags/example_branch_labels.py
[2026-04-02T16:33:50.378+0000] {logging_mixin.py:188} INFO - [2026-04-02T16:33:50.378+0000] {dag.py:3096} INFO - Sync 1 DAGs
[2026-04-02T16:33:50.389+0000] {logging_mixin.py:188} INFO - [2026-04-02T16:33:50.389+0000] {dag.py:3954} INFO - Setting next_dagrun for example_branch_labels to 2026-04-01 00:00:00+00:00, run_after=2026-04-02 00:00:00+00:00
[2026-04-02T16:33:50.397+0000] {processor.py:183} INFO - Processing /home/airflow/.local/lib/python3.12/site-packages/airflow/example_dags/example_branch_labels.py took 0.050 seconds
[2026-04-02T16:34:21.092+0000] {processor.py:161} INFO - Started process (PID=1617) to work on /home/airflow/.local/lib/python3.12/site-packages/airflow/example_dags/example_branch_labels.py
[2026-04-02T16:34:21.093+0000] {processor.py:830} INFO - Processing file /home/airflow/.local/lib/python3.12/site-packages/airflow/example_dags/example_branch_labels.py for tasks to queue
[2026-04-02T16:34:21.095+0000] {logging_mixin.py:188} INFO - [2026-04-02T16:34:21.095+0000] {dagbag.py:540} INFO - Filling up the DagBag from /home/airflow/.local/lib/python3.12/site-packages/airflow/example_dags/example_branch_labels.py
[2026-04-02T16:34:21.101+0000] {processor.py:840} INFO - DAG(s) 'example_branch_labels' retrieved from /home/airflow/.local/lib/python3.12/site-packages/airflow/example_dags/example_branch_labels.py
[2026-04-02T16:34:21.120+0000] {logging_mixin.py:188} INFO - [2026-04-02T16:34:21.120+0000] {dag.py:3096} INFO - Sync 1 DAGs
[2026-04-02T16:34:21.132+0000] {logging_mixin.py:188} INFO - [2026-04-02T16:34:21.131+0000] {dag.py:3954} INFO - Setting next_dagrun for example_branch_labels to 2026-04-01 00:00:00+00:00, run_after=2026-04-02 00:00:00+00:00
[2026-04-02T16:34:21.140+0000] {processor.py:183} INFO - Processing /home/airflow/.local/lib/python3.12/site-packages/airflow/example_dags/example_branch_labels.py took 0.054 seconds
[2026-04-02T16:34:51.738+0000] {processor.py:161} INFO - Started process (PID=1675) to work on /home/airflow/.local/lib/python3.12/site-packages/airflow/example_dags/example_branch_labels.py
[2026-04-02T16:34:51.739+0000] {processor.py:830} INFO - Processing file /home/airflow/.local/lib/python3.12/site-packages/airflow/example_dags/example_branch_labels.py for tasks to queue
[2026-04-02T16:34:51.742+0000] {logging_mixin.py:188} INFO - [2026-04-02T16:34:51.741+0000] {dagbag.py:540} INFO - Filling up the DagBag from /home/airflow/.local/lib/python3.12/site-packages/airflow/example_dags/example_branch_labels.py
[2026-04-02T16:34:51.748+0000] {processor.py:840} INFO - DAG(s) 'example_branch_labels' retrieved from /home/airflow/.local/lib/python3.12/site-packages/airflow/example_dags/example_branch_labels.py
[2026-04-02T16:34:51.768+0000] {logging_mixin.py:188} INFO - [2026-04-02T16:34:51.768+0000] {dag.py:3096} INFO - Sync 1 DAGs
[2026-04-02T16:34:51.781+0000] {logging_mixin.py:188} INFO - [2026-04-02T16:34:51.780+0000] {dag.py:3954} INFO - Setting next_dagrun for example_branch_labels to 2026-04-01 00:00:00+00:00, run_after=2026-04-02 00:00:00+00:00
[2026-04-02T16:34:51.793+0000] {processor.py:183} INFO - Processing /home/airflow/.local/lib/python3.12/site-packages/airflow/example_dags/example_branch_labels.py took 0.062 seconds
[2026-04-02T16:35:22.364+0000] {processor.py:161} INFO - Started process (PID=1733) to work on /home/airflow/.local/lib/python3.12/site-packages/airflow/example_dags/example_branch_labels.py
[2026-04-02T16:35:22.365+0000] {processor.py:830} INFO - Processing file /home/airflow/.local/lib/python3.12/site-packages/airflow/example_dags/example_branch_labels.py for tasks to queue
[2026-04-02T16:35:22.366+0000] {logging_mixin.py:188} INFO - [2026-04-02T16:35:22.366+0000] {dagbag.py:540} INFO - Filling up the DagBag from /home/airflow/.local/lib/python3.12/site-packages/airflow/example_dags/example_branch_labels.py
[2026-04-02T16:35:22.370+0000] {processor.py:840} INFO - DAG(s) 'example_branch_labels' retrieved from /home/airflow/.local/lib/python3.12/site-packages/airflow/example_dags/example_branch_labels.py
[2026-04-02T16:35:22.385+0000] {logging_mixin.py:188} INFO - [2026-04-02T16:35:22.385+0000] {dag.py:3096} INFO - Sync 1 DAGs
[2026-04-02T16:35:22.398+0000] {logging_mixin.py:188} INFO - [2026-04-02T16:35:22.398+0000] {dag.py:3954} INFO - Setting next_dagrun for example_branch_labels to 2026-04-01 00:00:00+00:00, run_after=2026-04-02 00:00:00+00:00
[2026-04-02T16:35:22.408+0000] {processor.py:183} INFO - Processing /home/airflow/.local/lib/python3.12/site-packages/airflow/example_dags/example_branch_labels.py took 0.047 seconds
[2026-04-02T16:35:53.034+0000] {processor.py:161} INFO - Started process (PID=1791) to work on /home/airflow/.local/lib/python3.12/site-packages/airflow/example_dags/example_branch_labels.py
[2026-04-02T16:35:53.035+0000] {processor.py:830} INFO - Processing file /home/airflow/.local/lib/python3.12/site-packages/airflow/example_dags/example_branch_labels.py for tasks to queue
[2026-04-02T16:35:53.037+0000] {logging_mixin.py:188} INFO - [2026-04-02T16:35:53.037+0000] {dagbag.py:540} INFO - Filling up the DagBag from /home/airflow/.local/lib/python3.12/site-packages/airflow/example_dags/example_branch_labels.py
[2026-04-02T16:35:53.043+0000] {processor.py:840} INFO - DAG(s) 'example_branch_labels' retrieved from /home/airflow/.local/lib/python3.12/site-packages/airflow/example_dags/example_branch_labels.py
[2026-04-02T16:35:53.058+0000] {logging_mixin.py:188} INFO - [2026-04-02T16:35:53.058+0000] {dag.py:3096} INFO - Sync 1 DAGs
[2026-04-02T16:35:53.070+0000] {logging_mixin.py:188} INFO - [2026-04-02T16:35:53.070+0000] {dag.py:3954} INFO - Setting next_dagrun for example_branch_labels to 2026-04-01 00:00:00+00:00, run_after=2026-04-02 00:00:00+00:00
[2026-04-02T16:35:53.079+0000] {processor.py:183} INFO - Processing /home/airflow/.local/lib/python3.12/site-packages/airflow/example_dags/example_branch_labels.py took 0.050 seconds
[2026-04-02T16:36:23.721+0000] {processor.py:161} INFO - Started process (PID=1849) to work on /home/airflow/.local/lib/python3.12/site-packages/airflow/example_dags/example_branch_labels.py
[2026-04-02T16:36:23.722+0000] {processor.py:830} INFO - Processing file /home/airflow/.local/lib/python3.12/site-packages/airflow/example_dags/example_branch_labels.py for tasks to queue
[2026-04-02T16:36:23.723+0000] {logging_mixin.py:188} INFO - [2026-04-02T16:36:23.723+0000] {dagbag.py:540} INFO - Filling up the DagBag from /home/airflow/.local/lib/python3.12/site-packages/airflow/example_dags/example_branch_labels.py
[2026-04-02T16:36:23.727+0000] {processor.py:840} INFO - DAG(s) 'example_branch_labels' retrieved from /home/airflow/.local/lib/python3.12/site-packages/airflow/example_dags/example_branch_labels.py
[2026-04-02T16:36:23.740+0000] {logging_mixin.py:188} INFO - [2026-04-02T16:36:23.740+0000] {dag.py:3096} INFO - Sync 1 DAGs
[2026-04-02T16:36:23.751+0000] {logging_mixin.py:188} INFO - [2026-04-02T16:36:23.751+0000] {dag.py:3954} INFO - Setting next_dagrun for example_branch_labels to 2026-04-01 00:00:00+00:00, run_after=2026-04-02 00:00:00+00:00
[2026-04-02T16:36:23.760+0000] {processor.py:183} INFO - Processing /home/airflow/.local/lib/python3.12/site-packages/airflow/example_dags/example_branch_labels.py took 0.042 seconds
[2026-04-02T16:36:54.278+0000] {processor.py:161} INFO - Started process (PID=1907) to work on /home/airflow/.local/lib/python3.12/site-packages/airflow/example_dags/example_branch_labels.py
[2026-04-02T16:36:54.279+0000] {processor.py:830} INFO - Processing file /home/airflow/.local/lib/python3.12/site-packages/airflow/example_dags/example_branch_labels.py for tasks to queue
[2026-04-02T16:36:54.280+0000] {logging_mixin.py:188} INFO - [2026-04-02T16:36:54.280+0000] {dagbag.py:540} INFO - Filling up the DagBag from /home/airflow/.local/lib/python3.12/site-packages/airflow/example_dags/example_branch_labels.py
[2026-04-02T16:36:54.287+0000] {processor.py:840} INFO - DAG(s) 'example_branch_labels' retrieved from /home/airflow/.local/lib/python3.12/site-packages/airflow/example_dags/example_branch_labels.py
[2026-04-02T16:36:54.301+0000] {logging_mixin.py:188} INFO - [2026-04-02T16:36:54.300+0000] {dag.py:3096} INFO - Sync 1 DAGs
[2026-04-02T16:36:54.313+0000] {logging_mixin.py:188} INFO - [2026-04-02T16:36:54.313+0000] {dag.py:3954} INFO - Setting next_dagrun for example_branch_labels to 2026-04-01 00:00:00+00:00, run_after=2026-04-02 00:00:00+00:00
[2026-04-02T16:36:54.322+0000] {processor.py:183} INFO - Processing /home/airflow/.local/lib/python3.12/site-packages/airflow/example_dags/example_branch_labels.py took 0.048 seconds
[2026-04-02T16:37:24.923+0000] {processor.py:161} INFO - Started process (PID=1965) to work on /home/airflow/.local/lib/python3.12/site-packages/airflow/example_dags/example_branch_labels.py
[2026-04-02T16:37:24.923+0000] {processor.py:830} INFO - Processing file /home/airflow/.local/lib/python3.12/site-packages/airflow/example_dags/example_branch_labels.py for tasks to queue
[2026-04-02T16:37:24.924+0000] {logging_mixin.py:188} INFO - [2026-04-02T16:37:24.924+0000] {dagbag.py:540} INFO - Filling up the DagBag from /home/airflow/.local/lib/python3.12/site-packages/airflow/example_dags/example_branch_labels.py
[2026-04-02T16:37:24.929+0000] {processor.py:840} INFO - DAG(s) 'example_branch_labels' retrieved from /home/airflow/.local/lib/python3.12/site-packages/airflow/example_dags/example_branch_labels.py
[2026-04-02T16:37:24.941+0000] {logging_mixin.py:188} INFO - [2026-04-02T16:37:24.941+0000] {dag.py:3096} INFO - Sync 1 DAGs
[2026-04-02T16:37:24.952+0000] {logging_mixin.py:188} INFO - [2026-04-02T16:37:24.951+0000] {dag.py:3954} INFO - Setting next_dagrun for example_branch_labels to 2026-04-01 00:00:00+00:00, run_after=2026-04-02 00:00:00+00:00
[2026-04-02T16:37:24.960+0000] {processor.py:183} INFO - Processing /home/airflow/.local/lib/python3.12/site-packages/airflow/example_dags/example_branch_labels.py took 0.040 seconds
[2026-04-02T16:37:55.525+0000] {processor.py:161} INFO - Started process (PID=2023) to work on /home/airflow/.local/lib/python3.12/site-packages/airflow/example_dags/example_branch_labels.py
[2026-04-02T16:37:55.526+0000] {processor.py:830} INFO - Processing file /home/airflow/.local/lib/python3.12/site-packages/airflow/example_dags/example_branch_labels.py for tasks to queue
[2026-04-02T16:37:55.528+0000] {logging_mixin.py:188} INFO - [2026-04-02T16:37:55.527+0000] {dagbag.py:540} INFO - Filling up the DagBag from /home/airflow/.local/lib/python3.12/site-packages/airflow/example_dags/example_branch_labels.py
[2026-04-02T16:37:55.534+0000] {processor.py:840} INFO - DAG(s) 'example_branch_labels' retrieved from /home/airflow/.local/lib/python3.12/site-packages/airflow/example_dags/example_branch_labels.py
[2026-04-02T16:37:55.551+0000] {logging_mixin.py:188} INFO - [2026-04-02T16:37:55.551+0000] {dag.py:3096} INFO - Sync 1 DAGs
[2026-04-02T16:37:55.562+0000] {logging_mixin.py:188} INFO - [2026-04-02T16:37:55.561+0000] {dag.py:3954} INFO - Setting next_dagrun for example_branch_labels to 2026-04-01 00:00:00+00:00, run_after=2026-04-02 00:00:00+00:00
[2026-04-02T16:37:55.570+0000] {processor.py:183} INFO - Processing /home/airflow/.local/lib/python3.12/site-packages/airflow/example_dags/example_branch_labels.py took 0.051 seconds
[2026-04-02T16:38:26.180+0000] {processor.py:161} INFO - Started process (PID=2081) to work on /home/airflow/.local/lib/python3.12/site-packages/airflow/example_dags/example_branch_labels.py
[2026-04-02T16:38:26.181+0000] {processor.py:830} INFO - Processing file /home/airflow/.local/lib/python3.12/site-packages/airflow/example_dags/example_branch_labels.py for tasks to queue
[2026-04-02T16:38:26.182+0000] {logging_mixin.py:188} INFO - [2026-04-02T16:38:26.182+0000] {dagbag.py:540} INFO - Filling up the DagBag from /home/airflow/.local/lib/python3.12/site-packages/airflow/example_dags/example_branch_labels.py
[2026-04-02T16:38:26.187+0000] {processor.py:840} INFO - DAG(s) 'example_branch_labels' retrieved from /home/airflow/.local/lib/python3.12/site-packages/airflow/example_dags/example_branch_labels.py
[2026-04-02T16:38:26.202+0000] {logging_mixin.py:188} INFO - [2026-04-02T16:38:26.202+0000] {dag.py:3096} INFO - Sync 1 DAGs
[2026-04-02T16:38:26.216+0000] {logging_mixin.py:188} INFO - [2026-04-02T16:38:26.216+0000] {dag.py:3954} INFO - Setting next_dagrun for example_branch_labels to 2026-04-01 00:00:00+00:00, run_after=2026-04-02 00:00:00+00:00
[2026-04-02T16:38:26.225+0000] {processor.py:183} INFO - Processing /home/airflow/.local/lib/python3.12/site-packages/airflow/example_dags/example_branch_labels.py took 0.049 seconds
[2026-04-02T16:38:56.939+0000] {processor.py:161} INFO - Started process (PID=2139) to work on /home/airflow/.local/lib/python3.12/site-packages/airflow/example_dags/example_branch_labels.py
[2026-04-02T16:38:56.940+0000] {processor.py:830} INFO - Processing file /home/airflow/.local/lib/python3.12/site-packages/airflow/example_dags/example_branch_labels.py for tasks to queue
[2026-04-02T16:38:56.941+0000] {logging_mixin.py:188} INFO - [2026-04-02T16:38:56.941+0000] {dagbag.py:540} INFO - Filling up the DagBag from /home/airflow/.local/lib/python3.12/site-packages/airflow/example_dags/example_branch_labels.py
[2026-04-02T16:38:56.945+0000] {processor.py:840} INFO - DAG(s) 'example_branch_labels' retrieved from /home/airflow/.local/lib/python3.12/site-packages/airflow/example_dags/example_branch_labels.py
[2026-04-02T16:38:56.958+0000] {logging_mixin.py:188} INFO - [2026-04-02T16:38:56.958+0000] {dag.py:3096} INFO - Sync 1 DAGs
[2026-04-02T16:38:56.969+0000] {logging_mixin.py:188} INFO - [2026-04-02T16:38:56.969+0000] {dag.py:3954} INFO - Setting next_dagrun for example_branch_labels to 2026-04-01 00:00:00+00:00, run_after=2026-04-02 00:00:00+00:00
[2026-04-02T16:38:56.978+0000] {processor.py:183} INFO - Processing /home/airflow/.local/lib/python3.12/site-packages/airflow/example_dags/example_branch_labels.py took 0.043 seconds
[2026-04-02T16:39:27.571+0000] {processor.py:161} INFO - Started process (PID=2197) to work on /home/airflow/.local/lib/python3.12/site-packages/airflow/example_dags/example_branch_labels.py
[2026-04-02T16:39:27.572+0000] {processor.py:830} INFO - Processing file /home/airflow/.local/lib/python3.12/site-packages/airflow/example_dags/example_branch_labels.py for tasks to queue
[2026-04-02T16:39:27.574+0000] {logging_mixin.py:188} INFO - [2026-04-02T16:39:27.573+0000] {dagbag.py:540} INFO - Filling up the DagBag from /home/airflow/.local/lib/python3.12/site-packages/airflow/example_dags/example_branch_labels.py
[2026-04-02T16:39:27.578+0000] {processor.py:840} INFO - DAG(s) 'example_branch_labels' retrieved from /home/airflow/.local/lib/python3.12/site-packages/airflow/example_dags/example_branch_labels.py
[2026-04-02T16:39:27.592+0000] {logging_mixin.py:188} INFO - [2026-04-02T16:39:27.592+0000] {dag.py:3096} INFO - Sync 1 DAGs
[2026-04-02T16:39:27.603+0000] {logging_mixin.py:188} INFO - [2026-04-02T16:39:27.603+0000] {dag.py:3954} INFO - Setting next_dagrun for example_branch_labels to 2026-04-01 00:00:00+00:00, run_after=2026-04-02 00:00:00+00:00
[2026-04-02T16:39:27.611+0000] {processor.py:183} INFO - Processing /home/airflow/.local/lib/python3.12/site-packages/airflow/example_dags/example_branch_labels.py took 0.045 seconds
[2026-04-02T16:39:58.167+0000] {processor.py:161} INFO - Started process (PID=2255) to work on /home/airflow/.local/lib/python3.12/site-packages/airflow/example_dags/example_branch_labels.py
[2026-04-02T16:39:58.168+0000] {processor.py:830} INFO - Processing file /home/airflow/.local/lib/python3.12/site-packages/airflow/example_dags/example_branch_labels.py for tasks to queue
[2026-04-02T16:39:58.170+0000] {logging_mixin.py:188} INFO - [2026-04-02T16:39:58.170+0000] {dagbag.py:540} INFO - Filling up the DagBag from /home/airflow/.local/lib/python3.12/site-packages/airflow/example_dags/example_branch_labels.py
[2026-04-02T16:39:58.176+0000] {processor.py:840} INFO - DAG(s) 'example_branch_labels' retrieved from /home/airflow/.local/lib/python3.12/site-packages/airflow/example_dags/example_branch_labels.py
[2026-04-02T16:39:58.192+0000] {logging_mixin.py:188} INFO - [2026-04-02T16:39:58.192+0000] {dag.py:3096} INFO - Sync 1 DAGs
[2026-04-02T16:39:58.202+0000] {logging_mixin.py:188} INFO - [2026-04-02T16:39:58.202+0000] {dag.py:3954} INFO - Setting next_dagrun for example_branch_labels to 2026-04-01 00:00:00+00:00, run_after=2026-04-02 00:00:00+00:00
[2026-04-02T16:39:58.211+0000] {processor.py:183} INFO - Processing /home/airflow/.local/lib/python3.12/site-packages/airflow/example_dags/example_branch_labels.py took 0.049 seconds
[2026-04-02T16:40:28.811+0000] {processor.py:161} INFO - Started process (PID=2313) to work on /home/airflow/.local/lib/python3.12/site-packages/airflow/example_dags/example_branch_labels.py
[2026-04-02T16:40:28.812+0000] {processor.py:830} INFO - Processing file /home/airflow/.local/lib/python3.12/site-packages/airflow/example_dags/example_branch_labels.py for tasks to queue
[2026-04-02T16:40:28.814+0000] {logging_mixin.py:188} INFO - [2026-04-02T16:40:28.814+0000] {dagbag.py:540} INFO - Filling up the DagBag from /home/airflow/.local/lib/python3.12/site-packages/airflow/example_dags/example_branch_labels.py
[2026-04-02T16:40:28.820+0000] {processor.py:840} INFO - DAG(s) 'example_branch_labels' retrieved from /home/airflow/.local/lib/python3.12/site-packages/airflow/example_dags/example_branch_labels.py
[2026-04-02T16:40:28.837+0000] {logging_mixin.py:188} INFO - [2026-04-02T16:40:28.837+0000] {dag.py:3096} INFO - Sync 1 DAGs
[2026-04-02T16:40:28.849+0000] {logging_mixin.py:188} INFO - [2026-04-02T16:40:28.849+0000] {dag.py:3954} INFO - Setting next_dagrun for example_branch_labels to 2026-04-01 00:00:00+00:00, run_after=2026-04-02 00:00:00+00:00
[2026-04-02T16:40:28.858+0000] {processor.py:183} INFO - Processing /home/airflow/.local/lib/python3.12/site-packages/airflow/example_dags/example_branch_labels.py took 0.052 seconds
[2026-04-02T16:40:59.590+0000] {processor.py:161} INFO - Started process (PID=2371) to work on /home/airflow/.local/lib/python3.12/site-packages/airflow/example_dags/example_branch_labels.py
[2026-04-02T16:40:59.590+0000] {processor.py:830} INFO - Processing file /home/airflow/.local/lib/python3.12/site-packages/airflow/example_dags/example_branch_labels.py for tasks to queue
[2026-04-02T16:40:59.591+0000] {logging_mixin.py:188} INFO - [2026-04-02T16:40:59.591+0000] {dagbag.py:540} INFO - Filling up the DagBag from /home/airflow/.local/lib/python3.12/site-packages/airflow/example_dags/example_branch_labels.py
[2026-04-02T16:40:59.597+0000] {processor.py:840} INFO - DAG(s) 'example_branch_labels' retrieved from /home/airflow/.local/lib/python3.12/site-packages/airflow/example_dags/example_branch_labels.py
[2026-04-02T16:40:59.615+0000] {logging_mixin.py:188} INFO - [2026-04-02T16:40:59.614+0000] {dag.py:3096} INFO - Sync 1 DAGs
[2026-04-02T16:40:59.628+0000] {logging_mixin.py:188} INFO - [2026-04-02T16:40:59.628+0000] {dag.py:3954} INFO - Setting next_dagrun for example_branch_labels to 2026-04-01 00:00:00+00:00, run_after=2026-04-02 00:00:00+00:00
[2026-04-02T16:40:59.637+0000] {processor.py:183} INFO - Processing /home/airflow/.local/lib/python3.12/site-packages/airflow/example_dags/example_branch_labels.py took 0.051 seconds
[2026-04-02T16:41:30.479+0000] {processor.py:161} INFO - Started process (PID=2429) to work on /home/airflow/.local/lib/python3.12/site-packages/airflow/example_dags/example_branch_labels.py
[2026-04-02T16:41:30.480+0000] {processor.py:830} INFO - Processing file /home/airflow/.local/lib/python3.12/site-packages/airflow/example_dags/example_branch_labels.py for tasks to queue
[2026-04-02T16:41:30.481+0000] {logging_mixin.py:188} INFO - [2026-04-02T16:41:30.481+0000] {dagbag.py:540} INFO - Filling up the DagBag from /home/airflow/.local/lib/python3.12/site-packages/airflow/example_dags/example_branch_labels.py
[2026-04-02T16:41:30.487+0000] {processor.py:840} INFO - DAG(s) 'example_branch_labels' retrieved from /home/airflow/.local/lib/python3.12/site-packages/airflow/example_dags/example_branch_labels.py
[2026-04-02T16:41:30.504+0000] {logging_mixin.py:188} INFO - [2026-04-02T16:41:30.504+0000] {dag.py:3096} INFO - Sync 1 DAGs
[2026-04-02T16:41:30.515+0000] {logging_mixin.py:188} INFO - [2026-04-02T16:41:30.515+0000] {dag.py:3954} INFO - Setting next_dagrun for example_branch_labels to 2026-04-01 00:00:00+00:00, run_after=2026-04-02 00:00:00+00:00
[2026-04-02T16:41:30.524+0000] {processor.py:183} INFO - Processing /home/airflow/.local/lib/python3.12/site-packages/airflow/example_dags/example_branch_labels.py took 0.051 seconds
[2026-04-02T16:42:01.427+0000] {processor.py:161} INFO - Started process (PID=2487) to work on /home/airflow/.local/lib/python3.12/site-packages/airflow/example_dags/example_branch_labels.py
[2026-04-02T16:42:01.429+0000] {processor.py:830} INFO - Processing file /home/airflow/.local/lib/python3.12/site-packages/airflow/example_dags/example_branch_labels.py for tasks to queue
[2026-04-02T16:42:01.431+0000] {logging_mixin.py:188} INFO - [2026-04-02T16:42:01.430+0000] {dagbag.py:540} INFO - Filling up the DagBag from /home/airflow/.local/lib/python3.12/site-packages/airflow/example_dags/example_branch_labels.py
[2026-04-02T16:42:01.438+0000] {processor.py:840} INFO - DAG(s) 'example_branch_labels' retrieved from /home/airflow/.local/lib/python3.12/site-packages/airflow/example_dags/example_branch_labels.py
[2026-04-02T16:42:01.454+0000] {logging_mixin.py:188} INFO - [2026-04-02T16:42:01.454+0000] {dag.py:3096} INFO - Sync 1 DAGs
[2026-04-02T16:42:01.466+0000] {logging_mixin.py:188} INFO - [2026-04-02T16:42:01.466+0000] {dag.py:3954} INFO - Setting next_dagrun for example_branch_labels to 2026-04-01 00:00:00+00:00, run_after=2026-04-02 00:00:00+00:00
[2026-04-02T16:42:01.474+0000] {processor.py:183} INFO - Processing /home/airflow/.local/lib/python3.12/site-packages/airflow/example_dags/example_branch_labels.py took 0.054 seconds
[2026-04-02T16:42:32.381+0000] {processor.py:161} INFO - Started process (PID=2545) to work on /home/airflow/.local/lib/python3.12/site-packages/airflow/example_dags/example_branch_labels.py
[2026-04-02T16:42:32.381+0000] {processor.py:830} INFO - Processing file /home/airflow/.local/lib/python3.12/site-packages/airflow/example_dags/example_branch_labels.py for tasks to queue
[2026-04-02T16:42:32.382+0000] {logging_mixin.py:188} INFO - [2026-04-02T16:42:32.382+0000] {dagbag.py:540} INFO - Filling up the DagBag from /home/airflow/.local/lib/python3.12/site-packages/airflow/example_dags/example_branch_labels.py
[2026-04-02T16:42:32.386+0000] {processor.py:840} INFO - DAG(s) 'example_branch_labels' retrieved from /home/airflow/.local/lib/python3.12/site-packages/airflow/example_dags/example_branch_labels.py
[2026-04-02T16:42:32.400+0000] {logging_mixin.py:188} INFO - [2026-04-02T16:42:32.400+0000] {dag.py:3096} INFO - Sync 1 DAGs
[2026-04-02T16:42:32.411+0000] {logging_mixin.py:188} INFO - [2026-04-02T16:42:32.411+0000] {dag.py:3954} INFO - Setting next_dagrun for example_branch_labels to 2026-04-01 00:00:00+00:00, run_after=2026-04-02 00:00:00+00:00
[2026-04-02T16:42:32.423+0000] {processor.py:183} INFO - Processing /home/airflow/.local/lib/python3.12/site-packages/airflow/example_dags/example_branch_labels.py took 0.046 seconds
[2026-04-02T16:43:03.314+0000] {processor.py:161} INFO - Started process (PID=2603) to work on /home/airflow/.local/lib/python3.12/site-packages/airflow/example_dags/example_branch_labels.py
[2026-04-02T16:43:03.314+0000] {processor.py:830} INFO - Processing file /home/airflow/.local/lib/python3.12/site-packages/airflow/example_dags/example_branch_labels.py for tasks to queue
[2026-04-02T16:43:03.315+0000] {logging_mixin.py:188} INFO - [2026-04-02T16:43:03.315+0000] {dagbag.py:540} INFO - Filling up the DagBag from /home/airflow/.local/lib/python3.12/site-packages/airflow/example_dags/example_branch_labels.py
[2026-04-02T16:43:03.320+0000] {processor.py:840} INFO - DAG(s) 'example_branch_labels' retrieved from /home/airflow/.local/lib/python3.12/site-packages/airflow/example_dags/example_branch_labels.py
[2026-04-02T16:43:03.332+0000] {logging_mixin.py:188} INFO - [2026-04-02T16:43:03.332+0000] {dag.py:3096} INFO - Sync 1 DAGs
[2026-04-02T16:43:03.342+0000] {logging_mixin.py:188} INFO - [2026-04-02T16:43:03.342+0000] {dag.py:3954} INFO - Setting next_dagrun for example_branch_labels to 2026-04-01 00:00:00+00:00, run_after=2026-04-02 00:00:00+00:00
[2026-04-02T16:43:03.350+0000] {processor.py:183} INFO - Processing /home/airflow/.local/lib/python3.12/site-packages/airflow/example_dags/example_branch_labels.py took 0.039 seconds
[2026-04-02T16:43:34.261+0000] {processor.py:161} INFO - Started process (PID=2661) to work on /home/airflow/.local/lib/python3.12/site-packages/airflow/example_dags/example_branch_labels.py
[2026-04-02T16:43:34.262+0000] {processor.py:830} INFO - Processing file /home/airflow/.local/lib/python3.12/site-packages/airflow/example_dags/example_branch_labels.py for tasks to queue
[2026-04-02T16:43:34.264+0000] {logging_mixin.py:188} INFO - [2026-04-02T16:43:34.263+0000] {dagbag.py:540} INFO - Filling up the DagBag from /home/airflow/.local/lib/python3.12/site-packages/airflow/example_dags/example_branch_labels.py
[2026-04-02T16:43:34.270+0000] {processor.py:840} INFO - DAG(s) 'example_branch_labels' retrieved from /home/airflow/.local/lib/python3.12/site-packages/airflow/example_dags/example_branch_labels.py
[2026-04-02T16:43:34.286+0000] {logging_mixin.py:188} INFO - [2026-04-02T16:43:34.286+0000] {dag.py:3096} INFO - Sync 1 DAGs
[2026-04-02T16:43:34.296+0000] {logging_mixin.py:188} INFO - [2026-04-02T16:43:34.296+0000] {dag.py:3954} INFO - Setting next_dagrun for example_branch_labels to 2026-04-01 00:00:00+00:00, run_after=2026-04-02 00:00:00+00:00
[2026-04-02T16:43:34.304+0000] {processor.py:183} INFO - Processing /home/airflow/.local/lib/python3.12/site-packages/airflow/example_dags/example_branch_labels.py took 0.048 seconds
[2026-04-02T16:44:04.378+0000] {processor.py:161} INFO - Started process (PID=2719) to work on /home/airflow/.local/lib/python3.12/site-packages/airflow/example_dags/example_branch_labels.py
[2026-04-02T16:44:04.379+0000] {processor.py:830} INFO - Processing file /home/airflow/.local/lib/python3.12/site-packages/airflow/example_dags/example_branch_labels.py for tasks to queue
[2026-04-02T16:44:04.381+0000] {logging_mixin.py:188} INFO - [2026-04-02T16:44:04.381+0000] {dagbag.py:540} INFO - Filling up the DagBag from /home/airflow/.local/lib/python3.12/site-packages/airflow/example_dags/example_branch_labels.py
[2026-04-02T16:44:04.388+0000] {processor.py:840} INFO - DAG(s) 'example_branch_labels' retrieved from /home/airflow/.local/lib/python3.12/site-packages/airflow/example_dags/example_branch_labels.py
[2026-04-02T16:44:04.410+0000] {logging_mixin.py:188} INFO - [2026-04-02T16:44:04.410+0000] {dag.py:3096} INFO - Sync 1 DAGs
[2026-04-02T16:44:04.425+0000] {logging_mixin.py:188} INFO - [2026-04-02T16:44:04.425+0000] {dag.py:3954} INFO - Setting next_dagrun for example_branch_labels to 2026-04-01 00:00:00+00:00, run_after=2026-04-02 00:00:00+00:00
[2026-04-02T16:44:04.434+0000] {processor.py:183} INFO - Processing /home/airflow/.local/lib/python3.12/site-packages/airflow/example_dags/example_branch_labels.py took 0.062 seconds
