[2026-04-02T16:20:34.496+0000] {processor.py:161} INFO - Started process (PID=43) to work on /home/airflow/.local/lib/python3.12/site-packages/airflow/example_dags/example_nested_branch_dag.py
[2026-04-02T16:20:34.496+0000] {processor.py:830} INFO - Processing file /home/airflow/.local/lib/python3.12/site-packages/airflow/example_dags/example_nested_branch_dag.py for tasks to queue
[2026-04-02T16:20:34.497+0000] {logging_mixin.py:188} INFO - [2026-04-02T16:20:34.497+0000] {dagbag.py:540} INFO - Filling up the DagBag from /home/airflow/.local/lib/python3.12/site-packages/airflow/example_dags/example_nested_branch_dag.py
[2026-04-02T16:20:34.504+0000] {processor.py:840} INFO - DAG(s) 'example_nested_branch_dag' retrieved from /home/airflow/.local/lib/python3.12/site-packages/airflow/example_dags/example_nested_branch_dag.py
[2026-04-02T16:20:34.512+0000] {logging_mixin.py:188} INFO - [2026-04-02T16:20:34.512+0000] {dag.py:3096} INFO - Sync 1 DAGs
[2026-04-02T16:20:34.525+0000] {logging_mixin.py:188} INFO - [2026-04-02T16:20:34.525+0000] {dag.py:3954} INFO - Setting next_dagrun for example_nested_branch_dag to 2026-04-01 00:00:00+00:00, run_after=2026-04-02 00:00:00+00:00
[2026-04-02T16:20:34.534+0000] {processor.py:183} INFO - Processing /home/airflow/.local/lib/python3.12/site-packages/airflow/example_dags/example_nested_branch_dag.py took 0.041 seconds
[2026-04-02T16:21:05.252+0000] {processor.py:161} INFO - Started process (PID=108) to work on /home/airflow/.local/lib/python3.12/site-packages/airflow/example_dags/example_nested_branch_dag.py
[2026-04-02T16:21:05.253+0000] {processor.py:830} INFO - Processing file /home/airflow/.local/lib/python3.12/site-packages/airflow/example_dags/example_nested_branch_dag.py for tasks to queue
[2026-04-02T16:21:05.254+0000] {logging_mixin.py:188} INFO - [2026-04-02T16:21:05.253+0000] {dagbag.py:540} INFO - Filling up the DagBag from /home/airflow/.local/lib/python3.12/site-packages/airflow/example_dags/example_nested_branch_dag.py
[2026-04-02T16:21:05.262+0000] {processor.py:840} INFO - DAG(s) 'example_nested_branch_dag' retrieved from /home/airflow/.local/lib/python3.12/site-packages/airflow/example_dags/example_nested_branch_dag.py
[2026-04-02T16:21:05.316+0000] {logging_mixin.py:188} INFO - [2026-04-02T16:21:05.315+0000] {dag.py:3096} INFO - Sync 1 DAGs
[2026-04-02T16:21:05.325+0000] {logging_mixin.py:188} INFO - [2026-04-02T16:21:05.325+0000] {dag.py:3954} INFO - Setting next_dagrun for example_nested_branch_dag to 2026-04-01 00:00:00+00:00, run_after=2026-04-02 00:00:00+00:00
[2026-04-02T16:21:05.333+0000] {processor.py:183} INFO - Processing /home/airflow/.local/lib/python3.12/site-packages/airflow/example_dags/example_nested_branch_dag.py took 0.085 seconds
[2026-04-02T16:21:36.218+0000] {processor.py:161} INFO - Started process (PID=166) to work on /home/airflow/.local/lib/python3.12/site-packages/airflow/example_dags/example_nested_branch_dag.py
[2026-04-02T16:21:36.218+0000] {processor.py:830} INFO - Processing file /home/airflow/.local/lib/python3.12/site-packages/airflow/example_dags/example_nested_branch_dag.py for tasks to queue
[2026-04-02T16:21:36.220+0000] {logging_mixin.py:188} INFO - [2026-04-02T16:21:36.220+0000] {dagbag.py:540} INFO - Filling up the DagBag from /home/airflow/.local/lib/python3.12/site-packages/airflow/example_dags/example_nested_branch_dag.py
[2026-04-02T16:21:36.226+0000] {processor.py:840} INFO - DAG(s) 'example_nested_branch_dag' retrieved from /home/airflow/.local/lib/python3.12/site-packages/airflow/example_dags/example_nested_branch_dag.py
[2026-04-02T16:21:36.239+0000] {logging_mixin.py:188} INFO - [2026-04-02T16:21:36.239+0000] {dag.py:3096} INFO - Sync 1 DAGs
[2026-04-02T16:21:36.251+0000] {logging_mixin.py:188} INFO - [2026-04-02T16:21:36.251+0000] {dag.py:3954} INFO - Setting next_dagrun for example_nested_branch_dag to 2026-04-01 00:00:00+00:00, run_after=2026-04-02 00:00:00+00:00
[2026-04-02T16:21:36.260+0000] {processor.py:183} INFO - Processing /home/airflow/.local/lib/python3.12/site-packages/airflow/example_dags/example_nested_branch_dag.py took 0.048 seconds
[2026-04-02T16:22:07.018+0000] {processor.py:161} INFO - Started process (PID=224) to work on /home/airflow/.local/lib/python3.12/site-packages/airflow/example_dags/example_nested_branch_dag.py
[2026-04-02T16:22:07.018+0000] {processor.py:830} INFO - Processing file /home/airflow/.local/lib/python3.12/site-packages/airflow/example_dags/example_nested_branch_dag.py for tasks to queue
[2026-04-02T16:22:07.020+0000] {logging_mixin.py:188} INFO - [2026-04-02T16:22:07.019+0000] {dagbag.py:540} INFO - Filling up the DagBag from /home/airflow/.local/lib/python3.12/site-packages/airflow/example_dags/example_nested_branch_dag.py
[2026-04-02T16:22:07.026+0000] {processor.py:840} INFO - DAG(s) 'example_nested_branch_dag' retrieved from /home/airflow/.local/lib/python3.12/site-packages/airflow/example_dags/example_nested_branch_dag.py
[2026-04-02T16:22:07.040+0000] {logging_mixin.py:188} INFO - [2026-04-02T16:22:07.040+0000] {dag.py:3096} INFO - Sync 1 DAGs
[2026-04-02T16:22:07.051+0000] {logging_mixin.py:188} INFO - [2026-04-02T16:22:07.051+0000] {dag.py:3954} INFO - Setting next_dagrun for example_nested_branch_dag to 2026-04-01 00:00:00+00:00, run_after=2026-04-02 00:00:00+00:00
[2026-04-02T16:22:07.058+0000] {processor.py:183} INFO - Processing /home/airflow/.local/lib/python3.12/site-packages/airflow/example_dags/example_nested_branch_dag.py took 0.044 seconds
[2026-04-02T16:22:37.835+0000] {processor.py:161} INFO - Started process (PID=282) to work on /home/airflow/.local/lib/python3.12/site-packages/airflow/example_dags/example_nested_branch_dag.py
[2026-04-02T16:22:37.836+0000] {processor.py:830} INFO - Processing file /home/airflow/.local/lib/python3.12/site-packages/airflow/example_dags/example_nested_branch_dag.py for tasks to queue
[2026-04-02T16:22:37.837+0000] {logging_mixin.py:188} INFO - [2026-04-02T16:22:37.837+0000] {dagbag.py:540} INFO - Filling up the DagBag from /home/airflow/.local/lib/python3.12/site-packages/airflow/example_dags/example_nested_branch_dag.py
[2026-04-02T16:22:37.846+0000] {processor.py:840} INFO - DAG(s) 'example_nested_branch_dag' retrieved from /home/airflow/.local/lib/python3.12/site-packages/airflow/example_dags/example_nested_branch_dag.py
[2026-04-02T16:22:37.859+0000] {logging_mixin.py:188} INFO - [2026-04-02T16:22:37.858+0000] {dag.py:3096} INFO - Sync 1 DAGs
[2026-04-02T16:22:37.871+0000] {logging_mixin.py:188} INFO - [2026-04-02T16:22:37.870+0000] {dag.py:3954} INFO - Setting next_dagrun for example_nested_branch_dag to 2026-04-01 00:00:00+00:00, run_after=2026-04-02 00:00:00+00:00
[2026-04-02T16:22:37.880+0000] {processor.py:183} INFO - Processing /home/airflow/.local/lib/python3.12/site-packages/airflow/example_dags/example_nested_branch_dag.py took 0.050 seconds
[2026-04-02T16:23:08.487+0000] {processor.py:161} INFO - Started process (PID=340) to work on /home/airflow/.local/lib/python3.12/site-packages/airflow/example_dags/example_nested_branch_dag.py
[2026-04-02T16:23:08.488+0000] {processor.py:830} INFO - Processing file /home/airflow/.local/lib/python3.12/site-packages/airflow/example_dags/example_nested_branch_dag.py for tasks to queue
[2026-04-02T16:23:08.489+0000] {logging_mixin.py:188} INFO - [2026-04-02T16:23:08.489+0000] {dagbag.py:540} INFO - Filling up the DagBag from /home/airflow/.local/lib/python3.12/site-packages/airflow/example_dags/example_nested_branch_dag.py
[2026-04-02T16:23:08.495+0000] {processor.py:840} INFO - DAG(s) 'example_nested_branch_dag' retrieved from /home/airflow/.local/lib/python3.12/site-packages/airflow/example_dags/example_nested_branch_dag.py
[2026-04-02T16:23:08.510+0000] {logging_mixin.py:188} INFO - [2026-04-02T16:23:08.510+0000] {dag.py:3096} INFO - Sync 1 DAGs
[2026-04-02T16:23:08.521+0000] {logging_mixin.py:188} INFO - [2026-04-02T16:23:08.521+0000] {dag.py:3954} INFO - Setting next_dagrun for example_nested_branch_dag to 2026-04-01 00:00:00+00:00, run_after=2026-04-02 00:00:00+00:00
[2026-04-02T16:23:08.532+0000] {processor.py:183} INFO - Processing /home/airflow/.local/lib/python3.12/site-packages/airflow/example_dags/example_nested_branch_dag.py took 0.050 seconds
[2026-04-02T16:23:39.097+0000] {processor.py:161} INFO - Started process (PID=398) to work on /home/airflow/.local/lib/python3.12/site-packages/airflow/example_dags/example_nested_branch_dag.py
[2026-04-02T16:23:39.098+0000] {processor.py:830} INFO - Processing file /home/airflow/.local/lib/python3.12/site-packages/airflow/example_dags/example_nested_branch_dag.py for tasks to queue
[2026-04-02T16:23:39.099+0000] {logging_mixin.py:188} INFO - [2026-04-02T16:23:39.098+0000] {dagbag.py:540} INFO - Filling up the DagBag from /home/airflow/.local/lib/python3.12/site-packages/airflow/example_dags/example_nested_branch_dag.py
[2026-04-02T16:23:39.104+0000] {processor.py:840} INFO - DAG(s) 'example_nested_branch_dag' retrieved from /home/airflow/.local/lib/python3.12/site-packages/airflow/example_dags/example_nested_branch_dag.py
[2026-04-02T16:23:39.118+0000] {logging_mixin.py:188} INFO - [2026-04-02T16:23:39.118+0000] {dag.py:3096} INFO - Sync 1 DAGs
[2026-04-02T16:23:39.132+0000] {logging_mixin.py:188} INFO - [2026-04-02T16:23:39.132+0000] {dag.py:3954} INFO - Setting next_dagrun for example_nested_branch_dag to 2026-04-01 00:00:00+00:00, run_after=2026-04-02 00:00:00+00:00
[2026-04-02T16:23:39.142+0000] {processor.py:183} INFO - Processing /home/airflow/.local/lib/python3.12/site-packages/airflow/example_dags/example_nested_branch_dag.py took 0.049 seconds
[2026-04-02T16:24:09.838+0000] {processor.py:161} INFO - Started process (PID=456) to work on /home/airflow/.local/lib/python3.12/site-packages/airflow/example_dags/example_nested_branch_dag.py
[2026-04-02T16:24:09.838+0000] {processor.py:830} INFO - Processing file /home/airflow/.local/lib/python3.12/site-packages/airflow/example_dags/example_nested_branch_dag.py for tasks to queue
[2026-04-02T16:24:09.839+0000] {logging_mixin.py:188} INFO - [2026-04-02T16:24:09.839+0000] {dagbag.py:540} INFO - Filling up the DagBag from /home/airflow/.local/lib/python3.12/site-packages/airflow/example_dags/example_nested_branch_dag.py
[2026-04-02T16:24:09.844+0000] {processor.py:840} INFO - DAG(s) 'example_nested_branch_dag' retrieved from /home/airflow/.local/lib/python3.12/site-packages/airflow/example_dags/example_nested_branch_dag.py
[2026-04-02T16:24:09.851+0000] {logging_mixin.py:188} INFO - [2026-04-02T16:24:09.851+0000] {dag.py:3096} INFO - Sync 1 DAGs
[2026-04-02T16:24:09.865+0000] {logging_mixin.py:188} INFO - [2026-04-02T16:24:09.864+0000] {dag.py:3954} INFO - Setting next_dagrun for example_nested_branch_dag to 2026-04-01 00:00:00+00:00, run_after=2026-04-02 00:00:00+00:00
[2026-04-02T16:24:09.873+0000] {processor.py:183} INFO - Processing /home/airflow/.local/lib/python3.12/site-packages/airflow/example_dags/example_nested_branch_dag.py took 0.038 seconds
[2026-04-02T16:24:40.349+0000] {processor.py:161} INFO - Started process (PID=514) to work on /home/airflow/.local/lib/python3.12/site-packages/airflow/example_dags/example_nested_branch_dag.py
[2026-04-02T16:24:40.350+0000] {processor.py:830} INFO - Processing file /home/airflow/.local/lib/python3.12/site-packages/airflow/example_dags/example_nested_branch_dag.py for tasks to queue
[2026-04-02T16:24:40.351+0000] {logging_mixin.py:188} INFO - [2026-04-02T16:24:40.351+0000] {dagbag.py:540} INFO - Filling up the DagBag from /home/airflow/.local/lib/python3.12/site-packages/airflow/example_dags/example_nested_branch_dag.py
[2026-04-02T16:24:40.357+0000] {processor.py:840} INFO - DAG(s) 'example_nested_branch_dag' retrieved from /home/airflow/.local/lib/python3.12/site-packages/airflow/example_dags/example_nested_branch_dag.py
[2026-04-02T16:24:40.366+0000] {logging_mixin.py:188} INFO - [2026-04-02T16:24:40.366+0000] {dag.py:3096} INFO - Sync 1 DAGs
[2026-04-02T16:24:40.378+0000] {logging_mixin.py:188} INFO - [2026-04-02T16:24:40.378+0000] {dag.py:3954} INFO - Setting next_dagrun for example_nested_branch_dag to 2026-04-01 00:00:00+00:00, run_after=2026-04-02 00:00:00+00:00
[2026-04-02T16:24:40.387+0000] {processor.py:183} INFO - Processing /home/airflow/.local/lib/python3.12/site-packages/airflow/example_dags/example_nested_branch_dag.py took 0.042 seconds
[2026-04-02T16:25:10.815+0000] {processor.py:161} INFO - Started process (PID=572) to work on /home/airflow/.local/lib/python3.12/site-packages/airflow/example_dags/example_nested_branch_dag.py
[2026-04-02T16:25:10.816+0000] {processor.py:830} INFO - Processing file /home/airflow/.local/lib/python3.12/site-packages/airflow/example_dags/example_nested_branch_dag.py for tasks to queue
[2026-04-02T16:25:10.817+0000] {logging_mixin.py:188} INFO - [2026-04-02T16:25:10.817+0000] {dagbag.py:540} INFO - Filling up the DagBag from /home/airflow/.local/lib/python3.12/site-packages/airflow/example_dags/example_nested_branch_dag.py
[2026-04-02T16:25:10.823+0000] {processor.py:840} INFO - DAG(s) 'example_nested_branch_dag' retrieved from /home/airflow/.local/lib/python3.12/site-packages/airflow/example_dags/example_nested_branch_dag.py
[2026-04-02T16:25:10.879+0000] {logging_mixin.py:188} INFO - [2026-04-02T16:25:10.878+0000] {dag.py:3096} INFO - Sync 1 DAGs
[2026-04-02T16:25:10.889+0000] {logging_mixin.py:188} INFO - [2026-04-02T16:25:10.889+0000] {dag.py:3954} INFO - Setting next_dagrun for example_nested_branch_dag to 2026-04-01 00:00:00+00:00, run_after=2026-04-02 00:00:00+00:00
[2026-04-02T16:25:10.899+0000] {processor.py:183} INFO - Processing /home/airflow/.local/lib/python3.12/site-packages/airflow/example_dags/example_nested_branch_dag.py took 0.089 seconds
[2026-04-02T16:25:41.406+0000] {processor.py:161} INFO - Started process (PID=630) to work on /home/airflow/.local/lib/python3.12/site-packages/airflow/example_dags/example_nested_branch_dag.py
[2026-04-02T16:25:41.407+0000] {processor.py:830} INFO - Processing file /home/airflow/.local/lib/python3.12/site-packages/airflow/example_dags/example_nested_branch_dag.py for tasks to queue
[2026-04-02T16:25:41.410+0000] {logging_mixin.py:188} INFO - [2026-04-02T16:25:41.409+0000] {dagbag.py:540} INFO - Filling up the DagBag from /home/airflow/.local/lib/python3.12/site-packages/airflow/example_dags/example_nested_branch_dag.py
[2026-04-02T16:25:41.415+0000] {processor.py:840} INFO - DAG(s) 'example_nested_branch_dag' retrieved from /home/airflow/.local/lib/python3.12/site-packages/airflow/example_dags/example_nested_branch_dag.py
[2026-04-02T16:25:41.429+0000] {logging_mixin.py:188} INFO - [2026-04-02T16:25:41.429+0000] {dag.py:3096} INFO - Sync 1 DAGs
[2026-04-02T16:25:41.441+0000] {logging_mixin.py:188} INFO - [2026-04-02T16:25:41.441+0000] {dag.py:3954} INFO - Setting next_dagrun for example_nested_branch_dag to 2026-04-01 00:00:00+00:00, run_after=2026-04-02 00:00:00+00:00
[2026-04-02T16:25:41.456+0000] {processor.py:183} INFO - Processing /home/airflow/.local/lib/python3.12/site-packages/airflow/example_dags/example_nested_branch_dag.py took 0.054 seconds
[2026-04-02T16:26:11.508+0000] {processor.py:161} INFO - Started process (PID=688) to work on /home/airflow/.local/lib/python3.12/site-packages/airflow/example_dags/example_nested_branch_dag.py
[2026-04-02T16:26:11.509+0000] {processor.py:830} INFO - Processing file /home/airflow/.local/lib/python3.12/site-packages/airflow/example_dags/example_nested_branch_dag.py for tasks to queue
[2026-04-02T16:26:11.511+0000] {logging_mixin.py:188} INFO - [2026-04-02T16:26:11.511+0000] {dagbag.py:540} INFO - Filling up the DagBag from /home/airflow/.local/lib/python3.12/site-packages/airflow/example_dags/example_nested_branch_dag.py
[2026-04-02T16:26:11.518+0000] {processor.py:840} INFO - DAG(s) 'example_nested_branch_dag' retrieved from /home/airflow/.local/lib/python3.12/site-packages/airflow/example_dags/example_nested_branch_dag.py
[2026-04-02T16:26:11.537+0000] {logging_mixin.py:188} INFO - [2026-04-02T16:26:11.537+0000] {dag.py:3096} INFO - Sync 1 DAGs
[2026-04-02T16:26:11.551+0000] {logging_mixin.py:188} INFO - [2026-04-02T16:26:11.551+0000] {dag.py:3954} INFO - Setting next_dagrun for example_nested_branch_dag to 2026-04-01 00:00:00+00:00, run_after=2026-04-02 00:00:00+00:00
[2026-04-02T16:26:11.562+0000] {processor.py:183} INFO - Processing /home/airflow/.local/lib/python3.12/site-packages/airflow/example_dags/example_nested_branch_dag.py took 0.059 seconds
[2026-04-02T16:26:41.783+0000] {processor.py:161} INFO - Started process (PID=746) to work on /home/airflow/.local/lib/python3.12/site-packages/airflow/example_dags/example_nested_branch_dag.py
[2026-04-02T16:26:41.784+0000] {processor.py:830} INFO - Processing file /home/airflow/.local/lib/python3.12/site-packages/airflow/example_dags/example_nested_branch_dag.py for tasks to queue
[2026-04-02T16:26:41.785+0000] {logging_mixin.py:188} INFO - [2026-04-02T16:26:41.785+0000] {dagbag.py:540} INFO - Filling up the DagBag from /home/airflow/.local/lib/python3.12/site-packages/airflow/example_dags/example_nested_branch_dag.py
[2026-04-02T16:26:41.793+0000] {processor.py:840} INFO - DAG(s) 'example_nested_branch_dag' retrieved from /home/airflow/.local/lib/python3.12/site-packages/airflow/example_dags/example_nested_branch_dag.py
[2026-04-02T16:26:41.813+0000] {logging_mixin.py:188} INFO - [2026-04-02T16:26:41.813+0000] {dag.py:3096} INFO - Sync 1 DAGs
[2026-04-02T16:26:41.824+0000] {logging_mixin.py:188} INFO - [2026-04-02T16:26:41.824+0000] {dag.py:3954} INFO - Setting next_dagrun for example_nested_branch_dag to 2026-04-01 00:00:00+00:00, run_after=2026-04-02 00:00:00+00:00
[2026-04-02T16:26:41.836+0000] {processor.py:183} INFO - Processing /home/airflow/.local/lib/python3.12/site-packages/airflow/example_dags/example_nested_branch_dag.py took 0.057 seconds
[2026-04-02T16:27:12.033+0000] {processor.py:161} INFO - Started process (PID=804) to work on /home/airflow/.local/lib/python3.12/site-packages/airflow/example_dags/example_nested_branch_dag.py
[2026-04-02T16:27:12.036+0000] {processor.py:830} INFO - Processing file /home/airflow/.local/lib/python3.12/site-packages/airflow/example_dags/example_nested_branch_dag.py for tasks to queue
[2026-04-02T16:27:12.037+0000] {logging_mixin.py:188} INFO - [2026-04-02T16:27:12.036+0000] {dagbag.py:540} INFO - Filling up the DagBag from /home/airflow/.local/lib/python3.12/site-packages/airflow/example_dags/example_nested_branch_dag.py
[2026-04-02T16:27:12.046+0000] {processor.py:840} INFO - DAG(s) 'example_nested_branch_dag' retrieved from /home/airflow/.local/lib/python3.12/site-packages/airflow/example_dags/example_nested_branch_dag.py
[2026-04-02T16:27:12.066+0000] {logging_mixin.py:188} INFO - [2026-04-02T16:27:12.066+0000] {dag.py:3096} INFO - Sync 1 DAGs
[2026-04-02T16:27:12.080+0000] {logging_mixin.py:188} INFO - [2026-04-02T16:27:12.080+0000] {dag.py:3954} INFO - Setting next_dagrun for example_nested_branch_dag to 2026-04-01 00:00:00+00:00, run_after=2026-04-02 00:00:00+00:00
[2026-04-02T16:27:12.096+0000] {processor.py:183} INFO - Processing /home/airflow/.local/lib/python3.12/site-packages/airflow/example_dags/example_nested_branch_dag.py took 0.067 seconds
[2026-04-02T16:27:42.562+0000] {processor.py:161} INFO - Started process (PID=862) to work on /home/airflow/.local/lib/python3.12/site-packages/airflow/example_dags/example_nested_branch_dag.py
[2026-04-02T16:27:42.563+0000] {processor.py:830} INFO - Processing file /home/airflow/.local/lib/python3.12/site-packages/airflow/example_dags/example_nested_branch_dag.py for tasks to queue
[2026-04-02T16:27:42.568+0000] {logging_mixin.py:188} INFO - [2026-04-02T16:27:42.568+0000] {dagbag.py:540} INFO - Filling up the DagBag from /home/airflow/.local/lib/python3.12/site-packages/airflow/example_dags/example_nested_branch_dag.py
[2026-04-02T16:27:42.574+0000] {processor.py:840} INFO - DAG(s) 'example_nested_branch_dag' retrieved from /home/airflow/.local/lib/python3.12/site-packages/airflow/example_dags/example_nested_branch_dag.py
[2026-04-02T16:27:42.582+0000] {logging_mixin.py:188} INFO - [2026-04-02T16:27:42.582+0000] {dag.py:3096} INFO - Sync 1 DAGs
[2026-04-02T16:27:42.594+0000] {logging_mixin.py:188} INFO - [2026-04-02T16:27:42.594+0000] {dag.py:3954} INFO - Setting next_dagrun for example_nested_branch_dag to 2026-04-01 00:00:00+00:00, run_after=2026-04-02 00:00:00+00:00
[2026-04-02T16:27:42.609+0000] {processor.py:183} INFO - Processing /home/airflow/.local/lib/python3.12/site-packages/airflow/example_dags/example_nested_branch_dag.py took 0.051 seconds
[2026-04-02T16:28:13.328+0000] {processor.py:161} INFO - Started process (PID=920) to work on /home/airflow/.local/lib/python3.12/site-packages/airflow/example_dags/example_nested_branch_dag.py
[2026-04-02T16:28:13.329+0000] {processor.py:830} INFO - Processing file /home/airflow/.local/lib/python3.12/site-packages/airflow/example_dags/example_nested_branch_dag.py for tasks to queue
[2026-04-02T16:28:13.332+0000] {logging_mixin.py:188} INFO - [2026-04-02T16:28:13.331+0000] {dagbag.py:540} INFO - Filling up the DagBag from /home/airflow/.local/lib/python3.12/site-packages/airflow/example_dags/example_nested_branch_dag.py
[2026-04-02T16:28:13.337+0000] {processor.py:840} INFO - DAG(s) 'example_nested_branch_dag' retrieved from /home/airflow/.local/lib/python3.12/site-packages/airflow/example_dags/example_nested_branch_dag.py
[2026-04-02T16:28:13.350+0000] {logging_mixin.py:188} INFO - [2026-04-02T16:28:13.349+0000] {dag.py:3096} INFO - Sync 1 DAGs
[2026-04-02T16:28:13.368+0000] {logging_mixin.py:188} INFO - [2026-04-02T16:28:13.368+0000] {dag.py:3954} INFO - Setting next_dagrun for example_nested_branch_dag to 2026-04-01 00:00:00+00:00, run_after=2026-04-02 00:00:00+00:00
[2026-04-02T16:28:13.379+0000] {processor.py:183} INFO - Processing /home/airflow/.local/lib/python3.12/site-packages/airflow/example_dags/example_nested_branch_dag.py took 0.055 seconds
[2026-04-02T16:28:44.332+0000] {processor.py:161} INFO - Started process (PID=978) to work on /home/airflow/.local/lib/python3.12/site-packages/airflow/example_dags/example_nested_branch_dag.py
[2026-04-02T16:28:44.332+0000] {processor.py:830} INFO - Processing file /home/airflow/.local/lib/python3.12/site-packages/airflow/example_dags/example_nested_branch_dag.py for tasks to queue
[2026-04-02T16:28:44.333+0000] {logging_mixin.py:188} INFO - [2026-04-02T16:28:44.333+0000] {dagbag.py:540} INFO - Filling up the DagBag from /home/airflow/.local/lib/python3.12/site-packages/airflow/example_dags/example_nested_branch_dag.py
[2026-04-02T16:28:44.340+0000] {processor.py:840} INFO - DAG(s) 'example_nested_branch_dag' retrieved from /home/airflow/.local/lib/python3.12/site-packages/airflow/example_dags/example_nested_branch_dag.py
[2026-04-02T16:28:44.402+0000] {logging_mixin.py:188} INFO - [2026-04-02T16:28:44.402+0000] {dag.py:3096} INFO - Sync 1 DAGs
[2026-04-02T16:28:44.521+0000] {logging_mixin.py:188} INFO - [2026-04-02T16:28:44.520+0000] {dag.py:3954} INFO - Setting next_dagrun for example_nested_branch_dag to 2026-04-01 00:00:00+00:00, run_after=2026-04-02 00:00:00+00:00
[2026-04-02T16:28:44.533+0000] {processor.py:183} INFO - Processing /home/airflow/.local/lib/python3.12/site-packages/airflow/example_dags/example_nested_branch_dag.py took 0.204 seconds
[2026-04-02T16:29:14.638+0000] {processor.py:161} INFO - Started process (PID=1036) to work on /home/airflow/.local/lib/python3.12/site-packages/airflow/example_dags/example_nested_branch_dag.py
[2026-04-02T16:29:14.640+0000] {processor.py:830} INFO - Processing file /home/airflow/.local/lib/python3.12/site-packages/airflow/example_dags/example_nested_branch_dag.py for tasks to queue
[2026-04-02T16:29:14.642+0000] {logging_mixin.py:188} INFO - [2026-04-02T16:29:14.642+0000] {dagbag.py:540} INFO - Filling up the DagBag from /home/airflow/.local/lib/python3.12/site-packages/airflow/example_dags/example_nested_branch_dag.py
[2026-04-02T16:29:14.653+0000] {processor.py:840} INFO - DAG(s) 'example_nested_branch_dag' retrieved from /home/airflow/.local/lib/python3.12/site-packages/airflow/example_dags/example_nested_branch_dag.py
[2026-04-02T16:29:14.673+0000] {logging_mixin.py:188} INFO - [2026-04-02T16:29:14.673+0000] {dag.py:3096} INFO - Sync 1 DAGs
[2026-04-02T16:29:14.687+0000] {logging_mixin.py:188} INFO - [2026-04-02T16:29:14.687+0000] {dag.py:3954} INFO - Setting next_dagrun for example_nested_branch_dag to 2026-04-01 00:00:00+00:00, run_after=2026-04-02 00:00:00+00:00
[2026-04-02T16:29:14.790+0000] {processor.py:183} INFO - Processing /home/airflow/.local/lib/python3.12/site-packages/airflow/example_dags/example_nested_branch_dag.py took 0.157 seconds
[2026-04-02T16:29:44.833+0000] {processor.py:161} INFO - Started process (PID=1094) to work on /home/airflow/.local/lib/python3.12/site-packages/airflow/example_dags/example_nested_branch_dag.py
[2026-04-02T16:29:44.834+0000] {processor.py:830} INFO - Processing file /home/airflow/.local/lib/python3.12/site-packages/airflow/example_dags/example_nested_branch_dag.py for tasks to queue
[2026-04-02T16:29:44.836+0000] {logging_mixin.py:188} INFO - [2026-04-02T16:29:44.836+0000] {dagbag.py:540} INFO - Filling up the DagBag from /home/airflow/.local/lib/python3.12/site-packages/airflow/example_dags/example_nested_branch_dag.py
[2026-04-02T16:29:44.842+0000] {processor.py:840} INFO - DAG(s) 'example_nested_branch_dag' retrieved from /home/airflow/.local/lib/python3.12/site-packages/airflow/example_dags/example_nested_branch_dag.py
[2026-04-02T16:29:44.860+0000] {logging_mixin.py:188} INFO - [2026-04-02T16:29:44.860+0000] {dag.py:3096} INFO - Sync 1 DAGs
[2026-04-02T16:29:44.872+0000] {logging_mixin.py:188} INFO - [2026-04-02T16:29:44.872+0000] {dag.py:3954} INFO - Setting next_dagrun for example_nested_branch_dag to 2026-04-01 00:00:00+00:00, run_after=2026-04-02 00:00:00+00:00
[2026-04-02T16:29:44.885+0000] {processor.py:183} INFO - Processing /home/airflow/.local/lib/python3.12/site-packages/airflow/example_dags/example_nested_branch_dag.py took 0.057 seconds
[2026-04-02T16:30:15.047+0000] {processor.py:161} INFO - Started process (PID=1152) to work on /home/airflow/.local/lib/python3.12/site-packages/airflow/example_dags/example_nested_branch_dag.py
[2026-04-02T16:30:15.049+0000] {processor.py:830} INFO - Processing file /home/airflow/.local/lib/python3.12/site-packages/airflow/example_dags/example_nested_branch_dag.py for tasks to queue
[2026-04-02T16:30:15.051+0000] {logging_mixin.py:188} INFO - [2026-04-02T16:30:15.051+0000] {dagbag.py:540} INFO - Filling up the DagBag from /home/airflow/.local/lib/python3.12/site-packages/airflow/example_dags/example_nested_branch_dag.py
[2026-04-02T16:30:15.060+0000] {processor.py:840} INFO - DAG(s) 'example_nested_branch_dag' retrieved from /home/airflow/.local/lib/python3.12/site-packages/airflow/example_dags/example_nested_branch_dag.py
[2026-04-02T16:30:15.078+0000] {logging_mixin.py:188} INFO - [2026-04-02T16:30:15.078+0000] {dag.py:3096} INFO - Sync 1 DAGs
[2026-04-02T16:30:15.096+0000] {logging_mixin.py:188} INFO - [2026-04-02T16:30:15.096+0000] {dag.py:3954} INFO - Setting next_dagrun for example_nested_branch_dag to 2026-04-01 00:00:00+00:00, run_after=2026-04-02 00:00:00+00:00
[2026-04-02T16:30:15.109+0000] {processor.py:183} INFO - Processing /home/airflow/.local/lib/python3.12/site-packages/airflow/example_dags/example_nested_branch_dag.py took 0.066 seconds
[2026-04-02T16:30:45.493+0000] {processor.py:161} INFO - Started process (PID=1210) to work on /home/airflow/.local/lib/python3.12/site-packages/airflow/example_dags/example_nested_branch_dag.py
[2026-04-02T16:30:45.495+0000] {processor.py:830} INFO - Processing file /home/airflow/.local/lib/python3.12/site-packages/airflow/example_dags/example_nested_branch_dag.py for tasks to queue
[2026-04-02T16:30:45.496+0000] {logging_mixin.py:188} INFO - [2026-04-02T16:30:45.496+0000] {dagbag.py:540} INFO - Filling up the DagBag from /home/airflow/.local/lib/python3.12/site-packages/airflow/example_dags/example_nested_branch_dag.py
[2026-04-02T16:30:45.504+0000] {processor.py:840} INFO - DAG(s) 'example_nested_branch_dag' retrieved from /home/airflow/.local/lib/python3.12/site-packages/airflow/example_dags/example_nested_branch_dag.py
[2026-04-02T16:30:45.521+0000] {logging_mixin.py:188} INFO - [2026-04-02T16:30:45.520+0000] {dag.py:3096} INFO - Sync 1 DAGs
[2026-04-02T16:30:45.534+0000] {logging_mixin.py:188} INFO - [2026-04-02T16:30:45.534+0000] {dag.py:3954} INFO - Setting next_dagrun for example_nested_branch_dag to 2026-04-01 00:00:00+00:00, run_after=2026-04-02 00:00:00+00:00
[2026-04-02T16:30:45.543+0000] {processor.py:183} INFO - Processing /home/airflow/.local/lib/python3.12/site-packages/airflow/example_dags/example_nested_branch_dag.py took 0.055 seconds
[2026-04-02T16:31:16.097+0000] {processor.py:161} INFO - Started process (PID=1268) to work on /home/airflow/.local/lib/python3.12/site-packages/airflow/example_dags/example_nested_branch_dag.py
[2026-04-02T16:31:16.097+0000] {processor.py:830} INFO - Processing file /home/airflow/.local/lib/python3.12/site-packages/airflow/example_dags/example_nested_branch_dag.py for tasks to queue
[2026-04-02T16:31:16.099+0000] {logging_mixin.py:188} INFO - [2026-04-02T16:31:16.098+0000] {dagbag.py:540} INFO - Filling up the DagBag from /home/airflow/.local/lib/python3.12/site-packages/airflow/example_dags/example_nested_branch_dag.py
[2026-04-02T16:31:16.104+0000] {processor.py:840} INFO - DAG(s) 'example_nested_branch_dag' retrieved from /home/airflow/.local/lib/python3.12/site-packages/airflow/example_dags/example_nested_branch_dag.py
[2026-04-02T16:31:16.118+0000] {logging_mixin.py:188} INFO - [2026-04-02T16:31:16.118+0000] {dag.py:3096} INFO - Sync 1 DAGs
[2026-04-02T16:31:16.130+0000] {logging_mixin.py:188} INFO - [2026-04-02T16:31:16.130+0000] {dag.py:3954} INFO - Setting next_dagrun for example_nested_branch_dag to 2026-04-01 00:00:00+00:00, run_after=2026-04-02 00:00:00+00:00
[2026-04-02T16:31:16.139+0000] {processor.py:183} INFO - Processing /home/airflow/.local/lib/python3.12/site-packages/airflow/example_dags/example_nested_branch_dag.py took 0.048 seconds
[2026-04-02T16:31:46.719+0000] {processor.py:161} INFO - Started process (PID=1326) to work on /home/airflow/.local/lib/python3.12/site-packages/airflow/example_dags/example_nested_branch_dag.py
[2026-04-02T16:31:46.720+0000] {processor.py:830} INFO - Processing file /home/airflow/.local/lib/python3.12/site-packages/airflow/example_dags/example_nested_branch_dag.py for tasks to queue
[2026-04-02T16:31:46.721+0000] {logging_mixin.py:188} INFO - [2026-04-02T16:31:46.721+0000] {dagbag.py:540} INFO - Filling up the DagBag from /home/airflow/.local/lib/python3.12/site-packages/airflow/example_dags/example_nested_branch_dag.py
[2026-04-02T16:31:46.728+0000] {processor.py:840} INFO - DAG(s) 'example_nested_branch_dag' retrieved from /home/airflow/.local/lib/python3.12/site-packages/airflow/example_dags/example_nested_branch_dag.py
[2026-04-02T16:31:46.742+0000] {logging_mixin.py:188} INFO - [2026-04-02T16:31:46.742+0000] {dag.py:3096} INFO - Sync 1 DAGs
[2026-04-02T16:31:46.753+0000] {logging_mixin.py:188} INFO - [2026-04-02T16:31:46.753+0000] {dag.py:3954} INFO - Setting next_dagrun for example_nested_branch_dag to 2026-04-01 00:00:00+00:00, run_after=2026-04-02 00:00:00+00:00
[2026-04-02T16:31:46.762+0000] {processor.py:183} INFO - Processing /home/airflow/.local/lib/python3.12/site-packages/airflow/example_dags/example_nested_branch_dag.py took 0.047 seconds
[2026-04-02T16:32:17.520+0000] {processor.py:161} INFO - Started process (PID=1384) to work on /home/airflow/.local/lib/python3.12/site-packages/airflow/example_dags/example_nested_branch_dag.py
[2026-04-02T16:32:17.521+0000] {processor.py:830} INFO - Processing file /home/airflow/.local/lib/python3.12/site-packages/airflow/example_dags/example_nested_branch_dag.py for tasks to queue
[2026-04-02T16:32:17.522+0000] {logging_mixin.py:188} INFO - [2026-04-02T16:32:17.522+0000] {dagbag.py:540} INFO - Filling up the DagBag from /home/airflow/.local/lib/python3.12/site-packages/airflow/example_dags/example_nested_branch_dag.py
[2026-04-02T16:32:17.527+0000] {processor.py:840} INFO - DAG(s) 'example_nested_branch_dag' retrieved from /home/airflow/.local/lib/python3.12/site-packages/airflow/example_dags/example_nested_branch_dag.py
[2026-04-02T16:32:17.542+0000] {logging_mixin.py:188} INFO - [2026-04-02T16:32:17.542+0000] {dag.py:3096} INFO - Sync 1 DAGs
[2026-04-02T16:32:17.552+0000] {logging_mixin.py:188} INFO - [2026-04-02T16:32:17.552+0000] {dag.py:3954} INFO - Setting next_dagrun for example_nested_branch_dag to 2026-04-01 00:00:00+00:00, run_after=2026-04-02 00:00:00+00:00
[2026-04-02T16:32:17.560+0000] {processor.py:183} INFO - Processing /home/airflow/.local/lib/python3.12/site-packages/airflow/example_dags/example_nested_branch_dag.py took 0.045 seconds
[2026-04-02T16:32:48.167+0000] {processor.py:161} INFO - Started process (PID=1442) to work on /home/airflow/.local/lib/python3.12/site-packages/airflow/example_dags/example_nested_branch_dag.py
[2026-04-02T16:32:48.167+0000] {processor.py:830} INFO - Processing file /home/airflow/.local/lib/python3.12/site-packages/airflow/example_dags/example_nested_branch_dag.py for tasks to queue
[2026-04-02T16:32:48.169+0000] {logging_mixin.py:188} INFO - [2026-04-02T16:32:48.168+0000] {dagbag.py:540} INFO - Filling up the DagBag from /home/airflow/.local/lib/python3.12/site-packages/airflow/example_dags/example_nested_branch_dag.py
[2026-04-02T16:32:48.175+0000] {processor.py:840} INFO - DAG(s) 'example_nested_branch_dag' retrieved from /home/airflow/.local/lib/python3.12/site-packages/airflow/example_dags/example_nested_branch_dag.py
[2026-04-02T16:32:48.189+0000] {logging_mixin.py:188} INFO - [2026-04-02T16:32:48.188+0000] {dag.py:3096} INFO - Sync 1 DAGs
[2026-04-02T16:32:48.199+0000] {logging_mixin.py:188} INFO - [2026-04-02T16:32:48.199+0000] {dag.py:3954} INFO - Setting next_dagrun for example_nested_branch_dag to 2026-04-01 00:00:00+00:00, run_after=2026-04-02 00:00:00+00:00
[2026-04-02T16:32:48.207+0000] {processor.py:183} INFO - Processing /home/airflow/.local/lib/python3.12/site-packages/airflow/example_dags/example_nested_branch_dag.py took 0.045 seconds
[2026-04-02T16:33:18.702+0000] {processor.py:161} INFO - Started process (PID=1500) to work on /home/airflow/.local/lib/python3.12/site-packages/airflow/example_dags/example_nested_branch_dag.py
[2026-04-02T16:33:18.703+0000] {processor.py:830} INFO - Processing file /home/airflow/.local/lib/python3.12/site-packages/airflow/example_dags/example_nested_branch_dag.py for tasks to queue
[2026-04-02T16:33:18.704+0000] {logging_mixin.py:188} INFO - [2026-04-02T16:33:18.704+0000] {dagbag.py:540} INFO - Filling up the DagBag from /home/airflow/.local/lib/python3.12/site-packages/airflow/example_dags/example_nested_branch_dag.py
[2026-04-02T16:33:18.710+0000] {processor.py:840} INFO - DAG(s) 'example_nested_branch_dag' retrieved from /home/airflow/.local/lib/python3.12/site-packages/airflow/example_dags/example_nested_branch_dag.py
[2026-04-02T16:33:18.722+0000] {logging_mixin.py:188} INFO - [2026-04-02T16:33:18.722+0000] {dag.py:3096} INFO - Sync 1 DAGs
[2026-04-02T16:33:18.733+0000] {logging_mixin.py:188} INFO - [2026-04-02T16:33:18.733+0000] {dag.py:3954} INFO - Setting next_dagrun for example_nested_branch_dag to 2026-04-01 00:00:00+00:00, run_after=2026-04-02 00:00:00+00:00
[2026-04-02T16:33:18.742+0000] {processor.py:183} INFO - Processing /home/airflow/.local/lib/python3.12/site-packages/airflow/example_dags/example_nested_branch_dag.py took 0.044 seconds
[2026-04-02T16:33:49.329+0000] {processor.py:161} INFO - Started process (PID=1558) to work on /home/airflow/.local/lib/python3.12/site-packages/airflow/example_dags/example_nested_branch_dag.py
[2026-04-02T16:33:49.330+0000] {processor.py:830} INFO - Processing file /home/airflow/.local/lib/python3.12/site-packages/airflow/example_dags/example_nested_branch_dag.py for tasks to queue
[2026-04-02T16:33:49.331+0000] {logging_mixin.py:188} INFO - [2026-04-02T16:33:49.331+0000] {dagbag.py:540} INFO - Filling up the DagBag from /home/airflow/.local/lib/python3.12/site-packages/airflow/example_dags/example_nested_branch_dag.py
[2026-04-02T16:33:49.339+0000] {processor.py:840} INFO - DAG(s) 'example_nested_branch_dag' retrieved from /home/airflow/.local/lib/python3.12/site-packages/airflow/example_dags/example_nested_branch_dag.py
[2026-04-02T16:33:49.353+0000] {logging_mixin.py:188} INFO - [2026-04-02T16:33:49.353+0000] {dag.py:3096} INFO - Sync 1 DAGs
[2026-04-02T16:33:49.364+0000] {logging_mixin.py:188} INFO - [2026-04-02T16:33:49.364+0000] {dag.py:3954} INFO - Setting next_dagrun for example_nested_branch_dag to 2026-04-01 00:00:00+00:00, run_after=2026-04-02 00:00:00+00:00
[2026-04-02T16:33:49.373+0000] {processor.py:183} INFO - Processing /home/airflow/.local/lib/python3.12/site-packages/airflow/example_dags/example_nested_branch_dag.py took 0.050 seconds
[2026-04-02T16:34:20.066+0000] {processor.py:161} INFO - Started process (PID=1616) to work on /home/airflow/.local/lib/python3.12/site-packages/airflow/example_dags/example_nested_branch_dag.py
[2026-04-02T16:34:20.067+0000] {processor.py:830} INFO - Processing file /home/airflow/.local/lib/python3.12/site-packages/airflow/example_dags/example_nested_branch_dag.py for tasks to queue
[2026-04-02T16:34:20.068+0000] {logging_mixin.py:188} INFO - [2026-04-02T16:34:20.068+0000] {dagbag.py:540} INFO - Filling up the DagBag from /home/airflow/.local/lib/python3.12/site-packages/airflow/example_dags/example_nested_branch_dag.py
[2026-04-02T16:34:20.073+0000] {processor.py:840} INFO - DAG(s) 'example_nested_branch_dag' retrieved from /home/airflow/.local/lib/python3.12/site-packages/airflow/example_dags/example_nested_branch_dag.py
[2026-04-02T16:34:20.085+0000] {logging_mixin.py:188} INFO - [2026-04-02T16:34:20.085+0000] {dag.py:3096} INFO - Sync 1 DAGs
[2026-04-02T16:34:20.095+0000] {logging_mixin.py:188} INFO - [2026-04-02T16:34:20.095+0000] {dag.py:3954} INFO - Setting next_dagrun for example_nested_branch_dag to 2026-04-01 00:00:00+00:00, run_after=2026-04-02 00:00:00+00:00
[2026-04-02T16:34:20.103+0000] {processor.py:183} INFO - Processing /home/airflow/.local/lib/python3.12/site-packages/airflow/example_dags/example_nested_branch_dag.py took 0.042 seconds
[2026-04-02T16:34:50.697+0000] {processor.py:161} INFO - Started process (PID=1674) to work on /home/airflow/.local/lib/python3.12/site-packages/airflow/example_dags/example_nested_branch_dag.py
[2026-04-02T16:34:50.698+0000] {processor.py:830} INFO - Processing file /home/airflow/.local/lib/python3.12/site-packages/airflow/example_dags/example_nested_branch_dag.py for tasks to queue
[2026-04-02T16:34:50.701+0000] {logging_mixin.py:188} INFO - [2026-04-02T16:34:50.701+0000] {dagbag.py:540} INFO - Filling up the DagBag from /home/airflow/.local/lib/python3.12/site-packages/airflow/example_dags/example_nested_branch_dag.py
[2026-04-02T16:34:50.710+0000] {processor.py:840} INFO - DAG(s) 'example_nested_branch_dag' retrieved from /home/airflow/.local/lib/python3.12/site-packages/airflow/example_dags/example_nested_branch_dag.py
[2026-04-02T16:34:50.722+0000] {logging_mixin.py:188} INFO - [2026-04-02T16:34:50.722+0000] {dag.py:3096} INFO - Sync 1 DAGs
[2026-04-02T16:34:50.733+0000] {logging_mixin.py:188} INFO - [2026-04-02T16:34:50.733+0000] {dag.py:3954} INFO - Setting next_dagrun for example_nested_branch_dag to 2026-04-01 00:00:00+00:00, run_after=2026-04-02 00:00:00+00:00
[2026-04-02T16:34:50.742+0000] {processor.py:183} INFO - Processing /home/airflow/.local/lib/python3.12/site-packages/airflow/example_dags/example_nested_branch_dag.py took 0.050 seconds
[2026-04-02T16:35:21.344+0000] {processor.py:161} INFO - Started process (PID=1732) to work on /home/airflow/.local/lib/python3.12/site-packages/airflow/example_dags/example_nested_branch_dag.py
[2026-04-02T16:35:21.344+0000] {processor.py:830} INFO - Processing file /home/airflow/.local/lib/python3.12/site-packages/airflow/example_dags/example_nested_branch_dag.py for tasks to queue
[2026-04-02T16:35:21.345+0000] {logging_mixin.py:188} INFO - [2026-04-02T16:35:21.345+0000] {dagbag.py:540} INFO - Filling up the DagBag from /home/airflow/.local/lib/python3.12/site-packages/airflow/example_dags/example_nested_branch_dag.py
[2026-04-02T16:35:21.352+0000] {processor.py:840} INFO - DAG(s) 'example_nested_branch_dag' retrieved from /home/airflow/.local/lib/python3.12/site-packages/airflow/example_dags/example_nested_branch_dag.py
[2026-04-02T16:35:21.369+0000] {logging_mixin.py:188} INFO - [2026-04-02T16:35:21.368+0000] {dag.py:3096} INFO - Sync 1 DAGs
[2026-04-02T16:35:21.382+0000] {logging_mixin.py:188} INFO - [2026-04-02T16:35:21.381+0000] {dag.py:3954} INFO - Setting next_dagrun for example_nested_branch_dag to 2026-04-01 00:00:00+00:00, run_after=2026-04-02 00:00:00+00:00
[2026-04-02T16:35:21.391+0000] {processor.py:183} INFO - Processing /home/airflow/.local/lib/python3.12/site-packages/airflow/example_dags/example_nested_branch_dag.py took 0.051 seconds
[2026-04-02T16:35:52.016+0000] {processor.py:161} INFO - Started process (PID=1790) to work on /home/airflow/.local/lib/python3.12/site-packages/airflow/example_dags/example_nested_branch_dag.py
[2026-04-02T16:35:52.016+0000] {processor.py:830} INFO - Processing file /home/airflow/.local/lib/python3.12/site-packages/airflow/example_dags/example_nested_branch_dag.py for tasks to queue
[2026-04-02T16:35:52.017+0000] {logging_mixin.py:188} INFO - [2026-04-02T16:35:52.017+0000] {dagbag.py:540} INFO - Filling up the DagBag from /home/airflow/.local/lib/python3.12/site-packages/airflow/example_dags/example_nested_branch_dag.py
[2026-04-02T16:35:52.022+0000] {processor.py:840} INFO - DAG(s) 'example_nested_branch_dag' retrieved from /home/airflow/.local/lib/python3.12/site-packages/airflow/example_dags/example_nested_branch_dag.py
[2026-04-02T16:35:52.036+0000] {logging_mixin.py:188} INFO - [2026-04-02T16:35:52.036+0000] {dag.py:3096} INFO - Sync 1 DAGs
[2026-04-02T16:35:52.047+0000] {logging_mixin.py:188} INFO - [2026-04-02T16:35:52.047+0000] {dag.py:3954} INFO - Setting next_dagrun for example_nested_branch_dag to 2026-04-01 00:00:00+00:00, run_after=2026-04-02 00:00:00+00:00
[2026-04-02T16:35:52.055+0000] {processor.py:183} INFO - Processing /home/airflow/.local/lib/python3.12/site-packages/airflow/example_dags/example_nested_branch_dag.py took 0.042 seconds
[2026-04-02T16:36:22.661+0000] {processor.py:161} INFO - Started process (PID=1848) to work on /home/airflow/.local/lib/python3.12/site-packages/airflow/example_dags/example_nested_branch_dag.py
[2026-04-02T16:36:22.662+0000] {processor.py:830} INFO - Processing file /home/airflow/.local/lib/python3.12/site-packages/airflow/example_dags/example_nested_branch_dag.py for tasks to queue
[2026-04-02T16:36:22.664+0000] {logging_mixin.py:188} INFO - [2026-04-02T16:36:22.663+0000] {dagbag.py:540} INFO - Filling up the DagBag from /home/airflow/.local/lib/python3.12/site-packages/airflow/example_dags/example_nested_branch_dag.py
[2026-04-02T16:36:22.672+0000] {processor.py:840} INFO - DAG(s) 'example_nested_branch_dag' retrieved from /home/airflow/.local/lib/python3.12/site-packages/airflow/example_dags/example_nested_branch_dag.py
[2026-04-02T16:36:22.686+0000] {logging_mixin.py:188} INFO - [2026-04-02T16:36:22.686+0000] {dag.py:3096} INFO - Sync 1 DAGs
[2026-04-02T16:36:22.699+0000] {logging_mixin.py:188} INFO - [2026-04-02T16:36:22.699+0000] {dag.py:3954} INFO - Setting next_dagrun for example_nested_branch_dag to 2026-04-01 00:00:00+00:00, run_after=2026-04-02 00:00:00+00:00
[2026-04-02T16:36:22.710+0000] {processor.py:183} INFO - Processing /home/airflow/.local/lib/python3.12/site-packages/airflow/example_dags/example_nested_branch_dag.py took 0.053 seconds
[2026-04-02T16:36:53.230+0000] {processor.py:161} INFO - Started process (PID=1906) to work on /home/airflow/.local/lib/python3.12/site-packages/airflow/example_dags/example_nested_branch_dag.py
[2026-04-02T16:36:53.231+0000] {processor.py:830} INFO - Processing file /home/airflow/.local/lib/python3.12/site-packages/airflow/example_dags/example_nested_branch_dag.py for tasks to queue
[2026-04-02T16:36:53.232+0000] {logging_mixin.py:188} INFO - [2026-04-02T16:36:53.232+0000] {dagbag.py:540} INFO - Filling up the DagBag from /home/airflow/.local/lib/python3.12/site-packages/airflow/example_dags/example_nested_branch_dag.py
[2026-04-02T16:36:53.240+0000] {processor.py:840} INFO - DAG(s) 'example_nested_branch_dag' retrieved from /home/airflow/.local/lib/python3.12/site-packages/airflow/example_dags/example_nested_branch_dag.py
[2026-04-02T16:36:53.255+0000] {logging_mixin.py:188} INFO - [2026-04-02T16:36:53.255+0000] {dag.py:3096} INFO - Sync 1 DAGs
[2026-04-02T16:36:53.268+0000] {logging_mixin.py:188} INFO - [2026-04-02T16:36:53.268+0000] {dag.py:3954} INFO - Setting next_dagrun for example_nested_branch_dag to 2026-04-01 00:00:00+00:00, run_after=2026-04-02 00:00:00+00:00
[2026-04-02T16:36:53.277+0000] {processor.py:183} INFO - Processing /home/airflow/.local/lib/python3.12/site-packages/airflow/example_dags/example_nested_branch_dag.py took 0.052 seconds
[2026-04-02T16:37:23.913+0000] {processor.py:161} INFO - Started process (PID=1964) to work on /home/airflow/.local/lib/python3.12/site-packages/airflow/example_dags/example_nested_branch_dag.py
[2026-04-02T16:37:23.914+0000] {processor.py:830} INFO - Processing file /home/airflow/.local/lib/python3.12/site-packages/airflow/example_dags/example_nested_branch_dag.py for tasks to queue
[2026-04-02T16:37:23.915+0000] {logging_mixin.py:188} INFO - [2026-04-02T16:37:23.914+0000] {dagbag.py:540} INFO - Filling up the DagBag from /home/airflow/.local/lib/python3.12/site-packages/airflow/example_dags/example_nested_branch_dag.py
[2026-04-02T16:37:23.921+0000] {processor.py:840} INFO - DAG(s) 'example_nested_branch_dag' retrieved from /home/airflow/.local/lib/python3.12/site-packages/airflow/example_dags/example_nested_branch_dag.py
[2026-04-02T16:37:23.933+0000] {logging_mixin.py:188} INFO - [2026-04-02T16:37:23.933+0000] {dag.py:3096} INFO - Sync 1 DAGs
[2026-04-02T16:37:23.944+0000] {logging_mixin.py:188} INFO - [2026-04-02T16:37:23.944+0000] {dag.py:3954} INFO - Setting next_dagrun for example_nested_branch_dag to 2026-04-01 00:00:00+00:00, run_after=2026-04-02 00:00:00+00:00
[2026-04-02T16:37:23.953+0000] {processor.py:183} INFO - Processing /home/airflow/.local/lib/python3.12/site-packages/airflow/example_dags/example_nested_branch_dag.py took 0.045 seconds
[2026-04-02T16:37:54.496+0000] {processor.py:161} INFO - Started process (PID=2022) to work on /home/airflow/.local/lib/python3.12/site-packages/airflow/example_dags/example_nested_branch_dag.py
[2026-04-02T16:37:54.497+0000] {processor.py:830} INFO - Processing file /home/airflow/.local/lib/python3.12/site-packages/airflow/example_dags/example_nested_branch_dag.py for tasks to queue
[2026-04-02T16:37:54.498+0000] {logging_mixin.py:188} INFO - [2026-04-02T16:37:54.498+0000] {dagbag.py:540} INFO - Filling up the DagBag from /home/airflow/.local/lib/python3.12/site-packages/airflow/example_dags/example_nested_branch_dag.py
[2026-04-02T16:37:54.503+0000] {processor.py:840} INFO - DAG(s) 'example_nested_branch_dag' retrieved from /home/airflow/.local/lib/python3.12/site-packages/airflow/example_dags/example_nested_branch_dag.py
[2026-04-02T16:37:54.514+0000] {logging_mixin.py:188} INFO - [2026-04-02T16:37:54.514+0000] {dag.py:3096} INFO - Sync 1 DAGs
[2026-04-02T16:37:54.525+0000] {logging_mixin.py:188} INFO - [2026-04-02T16:37:54.525+0000] {dag.py:3954} INFO - Setting next_dagrun for example_nested_branch_dag to 2026-04-01 00:00:00+00:00, run_after=2026-04-02 00:00:00+00:00
[2026-04-02T16:37:54.534+0000] {processor.py:183} INFO - Processing /home/airflow/.local/lib/python3.12/site-packages/airflow/example_dags/example_nested_branch_dag.py took 0.041 seconds
[2026-04-02T16:38:25.165+0000] {processor.py:161} INFO - Started process (PID=2080) to work on /home/airflow/.local/lib/python3.12/site-packages/airflow/example_dags/example_nested_branch_dag.py
[2026-04-02T16:38:25.165+0000] {processor.py:830} INFO - Processing file /home/airflow/.local/lib/python3.12/site-packages/airflow/example_dags/example_nested_branch_dag.py for tasks to queue
[2026-04-02T16:38:25.166+0000] {logging_mixin.py:188} INFO - [2026-04-02T16:38:25.166+0000] {dagbag.py:540} INFO - Filling up the DagBag from /home/airflow/.local/lib/python3.12/site-packages/airflow/example_dags/example_nested_branch_dag.py
[2026-04-02T16:38:25.171+0000] {processor.py:840} INFO - DAG(s) 'example_nested_branch_dag' retrieved from /home/airflow/.local/lib/python3.12/site-packages/airflow/example_dags/example_nested_branch_dag.py
[2026-04-02T16:38:25.184+0000] {logging_mixin.py:188} INFO - [2026-04-02T16:38:25.184+0000] {dag.py:3096} INFO - Sync 1 DAGs
[2026-04-02T16:38:25.195+0000] {logging_mixin.py:188} INFO - [2026-04-02T16:38:25.195+0000] {dag.py:3954} INFO - Setting next_dagrun for example_nested_branch_dag to 2026-04-01 00:00:00+00:00, run_after=2026-04-02 00:00:00+00:00
[2026-04-02T16:38:25.204+0000] {processor.py:183} INFO - Processing /home/airflow/.local/lib/python3.12/site-packages/airflow/example_dags/example_nested_branch_dag.py took 0.042 seconds
[2026-04-02T16:38:55.880+0000] {processor.py:161} INFO - Started process (PID=2138) to work on /home/airflow/.local/lib/python3.12/site-packages/airflow/example_dags/example_nested_branch_dag.py
[2026-04-02T16:38:55.880+0000] {processor.py:830} INFO - Processing file /home/airflow/.local/lib/python3.12/site-packages/airflow/example_dags/example_nested_branch_dag.py for tasks to queue
[2026-04-02T16:38:55.882+0000] {logging_mixin.py:188} INFO - [2026-04-02T16:38:55.882+0000] {dagbag.py:540} INFO - Filling up the DagBag from /home/airflow/.local/lib/python3.12/site-packages/airflow/example_dags/example_nested_branch_dag.py
[2026-04-02T16:38:55.888+0000] {processor.py:840} INFO - DAG(s) 'example_nested_branch_dag' retrieved from /home/airflow/.local/lib/python3.12/site-packages/airflow/example_dags/example_nested_branch_dag.py
[2026-04-02T16:38:55.902+0000] {logging_mixin.py:188} INFO - [2026-04-02T16:38:55.902+0000] {dag.py:3096} INFO - Sync 1 DAGs
[2026-04-02T16:38:55.914+0000] {logging_mixin.py:188} INFO - [2026-04-02T16:38:55.913+0000] {dag.py:3954} INFO - Setting next_dagrun for example_nested_branch_dag to 2026-04-01 00:00:00+00:00, run_after=2026-04-02 00:00:00+00:00
[2026-04-02T16:38:55.923+0000] {processor.py:183} INFO - Processing /home/airflow/.local/lib/python3.12/site-packages/airflow/example_dags/example_nested_branch_dag.py took 0.050 seconds
[2026-04-02T16:39:26.521+0000] {processor.py:161} INFO - Started process (PID=2196) to work on /home/airflow/.local/lib/python3.12/site-packages/airflow/example_dags/example_nested_branch_dag.py
[2026-04-02T16:39:26.521+0000] {processor.py:830} INFO - Processing file /home/airflow/.local/lib/python3.12/site-packages/airflow/example_dags/example_nested_branch_dag.py for tasks to queue
[2026-04-02T16:39:26.522+0000] {logging_mixin.py:188} INFO - [2026-04-02T16:39:26.522+0000] {dagbag.py:540} INFO - Filling up the DagBag from /home/airflow/.local/lib/python3.12/site-packages/airflow/example_dags/example_nested_branch_dag.py
[2026-04-02T16:39:26.528+0000] {processor.py:840} INFO - DAG(s) 'example_nested_branch_dag' retrieved from /home/airflow/.local/lib/python3.12/site-packages/airflow/example_dags/example_nested_branch_dag.py
[2026-04-02T16:39:26.541+0000] {logging_mixin.py:188} INFO - [2026-04-02T16:39:26.541+0000] {dag.py:3096} INFO - Sync 1 DAGs
[2026-04-02T16:39:26.552+0000] {logging_mixin.py:188} INFO - [2026-04-02T16:39:26.552+0000] {dag.py:3954} INFO - Setting next_dagrun for example_nested_branch_dag to 2026-04-01 00:00:00+00:00, run_after=2026-04-02 00:00:00+00:00
[2026-04-02T16:39:26.560+0000] {processor.py:183} INFO - Processing /home/airflow/.local/lib/python3.12/site-packages/airflow/example_dags/example_nested_branch_dag.py took 0.044 seconds
[2026-04-02T16:39:57.110+0000] {processor.py:161} INFO - Started process (PID=2254) to work on /home/airflow/.local/lib/python3.12/site-packages/airflow/example_dags/example_nested_branch_dag.py
[2026-04-02T16:39:57.110+0000] {processor.py:830} INFO - Processing file /home/airflow/.local/lib/python3.12/site-packages/airflow/example_dags/example_nested_branch_dag.py for tasks to queue
[2026-04-02T16:39:57.111+0000] {logging_mixin.py:188} INFO - [2026-04-02T16:39:57.111+0000] {dagbag.py:540} INFO - Filling up the DagBag from /home/airflow/.local/lib/python3.12/site-packages/airflow/example_dags/example_nested_branch_dag.py
[2026-04-02T16:39:57.117+0000] {processor.py:840} INFO - DAG(s) 'example_nested_branch_dag' retrieved from /home/airflow/.local/lib/python3.12/site-packages/airflow/example_dags/example_nested_branch_dag.py
[2026-04-02T16:39:57.130+0000] {logging_mixin.py:188} INFO - [2026-04-02T16:39:57.130+0000] {dag.py:3096} INFO - Sync 1 DAGs
[2026-04-02T16:39:57.140+0000] {logging_mixin.py:188} INFO - [2026-04-02T16:39:57.140+0000] {dag.py:3954} INFO - Setting next_dagrun for example_nested_branch_dag to 2026-04-01 00:00:00+00:00, run_after=2026-04-02 00:00:00+00:00
[2026-04-02T16:39:57.149+0000] {processor.py:183} INFO - Processing /home/airflow/.local/lib/python3.12/site-packages/airflow/example_dags/example_nested_branch_dag.py took 0.043 seconds
[2026-04-02T16:40:27.757+0000] {processor.py:161} INFO - Started process (PID=2312) to work on /home/airflow/.local/lib/python3.12/site-packages/airflow/example_dags/example_nested_branch_dag.py
[2026-04-02T16:40:27.757+0000] {processor.py:830} INFO - Processing file /home/airflow/.local/lib/python3.12/site-packages/airflow/example_dags/example_nested_branch_dag.py for tasks to queue
[2026-04-02T16:40:27.758+0000] {logging_mixin.py:188} INFO - [2026-04-02T16:40:27.758+0000] {dagbag.py:540} INFO - Filling up the DagBag from /home/airflow/.local/lib/python3.12/site-packages/airflow/example_dags/example_nested_branch_dag.py
[2026-04-02T16:40:27.764+0000] {processor.py:840} INFO - DAG(s) 'example_nested_branch_dag' retrieved from /home/airflow/.local/lib/python3.12/site-packages/airflow/example_dags/example_nested_branch_dag.py
[2026-04-02T16:40:27.777+0000] {logging_mixin.py:188} INFO - [2026-04-02T16:40:27.777+0000] {dag.py:3096} INFO - Sync 1 DAGs
[2026-04-02T16:40:27.790+0000] {logging_mixin.py:188} INFO - [2026-04-02T16:40:27.789+0000] {dag.py:3954} INFO - Setting next_dagrun for example_nested_branch_dag to 2026-04-01 00:00:00+00:00, run_after=2026-04-02 00:00:00+00:00
[2026-04-02T16:40:27.798+0000] {processor.py:183} INFO - Processing /home/airflow/.local/lib/python3.12/site-packages/airflow/example_dags/example_nested_branch_dag.py took 0.046 seconds
[2026-04-02T16:40:58.490+0000] {processor.py:161} INFO - Started process (PID=2370) to work on /home/airflow/.local/lib/python3.12/site-packages/airflow/example_dags/example_nested_branch_dag.py
[2026-04-02T16:40:58.495+0000] {processor.py:830} INFO - Processing file /home/airflow/.local/lib/python3.12/site-packages/airflow/example_dags/example_nested_branch_dag.py for tasks to queue
[2026-04-02T16:40:58.499+0000] {logging_mixin.py:188} INFO - [2026-04-02T16:40:58.499+0000] {dagbag.py:540} INFO - Filling up the DagBag from /home/airflow/.local/lib/python3.12/site-packages/airflow/example_dags/example_nested_branch_dag.py
[2026-04-02T16:40:58.508+0000] {processor.py:840} INFO - DAG(s) 'example_nested_branch_dag' retrieved from /home/airflow/.local/lib/python3.12/site-packages/airflow/example_dags/example_nested_branch_dag.py
[2026-04-02T16:40:58.536+0000] {logging_mixin.py:188} INFO - [2026-04-02T16:40:58.536+0000] {dag.py:3096} INFO - Sync 1 DAGs
[2026-04-02T16:40:58.554+0000] {logging_mixin.py:188} INFO - [2026-04-02T16:40:58.553+0000] {dag.py:3954} INFO - Setting next_dagrun for example_nested_branch_dag to 2026-04-01 00:00:00+00:00, run_after=2026-04-02 00:00:00+00:00
[2026-04-02T16:40:58.570+0000] {processor.py:183} INFO - Processing /home/airflow/.local/lib/python3.12/site-packages/airflow/example_dags/example_nested_branch_dag.py took 0.087 seconds
[2026-04-02T16:41:29.392+0000] {processor.py:161} INFO - Started process (PID=2428) to work on /home/airflow/.local/lib/python3.12/site-packages/airflow/example_dags/example_nested_branch_dag.py
[2026-04-02T16:41:29.393+0000] {processor.py:830} INFO - Processing file /home/airflow/.local/lib/python3.12/site-packages/airflow/example_dags/example_nested_branch_dag.py for tasks to queue
[2026-04-02T16:41:29.395+0000] {logging_mixin.py:188} INFO - [2026-04-02T16:41:29.395+0000] {dagbag.py:540} INFO - Filling up the DagBag from /home/airflow/.local/lib/python3.12/site-packages/airflow/example_dags/example_nested_branch_dag.py
[2026-04-02T16:41:29.400+0000] {processor.py:840} INFO - DAG(s) 'example_nested_branch_dag' retrieved from /home/airflow/.local/lib/python3.12/site-packages/airflow/example_dags/example_nested_branch_dag.py
[2026-04-02T16:41:29.417+0000] {logging_mixin.py:188} INFO - [2026-04-02T16:41:29.417+0000] {dag.py:3096} INFO - Sync 1 DAGs
[2026-04-02T16:41:29.434+0000] {logging_mixin.py:188} INFO - [2026-04-02T16:41:29.434+0000] {dag.py:3954} INFO - Setting next_dagrun for example_nested_branch_dag to 2026-04-01 00:00:00+00:00, run_after=2026-04-02 00:00:00+00:00
[2026-04-02T16:41:29.447+0000] {processor.py:183} INFO - Processing /home/airflow/.local/lib/python3.12/site-packages/airflow/example_dags/example_nested_branch_dag.py took 0.060 seconds
[2026-04-02T16:42:00.341+0000] {processor.py:161} INFO - Started process (PID=2486) to work on /home/airflow/.local/lib/python3.12/site-packages/airflow/example_dags/example_nested_branch_dag.py
[2026-04-02T16:42:00.344+0000] {processor.py:830} INFO - Processing file /home/airflow/.local/lib/python3.12/site-packages/airflow/example_dags/example_nested_branch_dag.py for tasks to queue
[2026-04-02T16:42:00.348+0000] {logging_mixin.py:188} INFO - [2026-04-02T16:42:00.348+0000] {dagbag.py:540} INFO - Filling up the DagBag from /home/airflow/.local/lib/python3.12/site-packages/airflow/example_dags/example_nested_branch_dag.py
[2026-04-02T16:42:00.354+0000] {processor.py:840} INFO - DAG(s) 'example_nested_branch_dag' retrieved from /home/airflow/.local/lib/python3.12/site-packages/airflow/example_dags/example_nested_branch_dag.py
[2026-04-02T16:42:00.375+0000] {logging_mixin.py:188} INFO - [2026-04-02T16:42:00.375+0000] {dag.py:3096} INFO - Sync 1 DAGs
[2026-04-02T16:42:00.387+0000] {logging_mixin.py:188} INFO - [2026-04-02T16:42:00.387+0000] {dag.py:3954} INFO - Setting next_dagrun for example_nested_branch_dag to 2026-04-01 00:00:00+00:00, run_after=2026-04-02 00:00:00+00:00
[2026-04-02T16:42:00.399+0000] {processor.py:183} INFO - Processing /home/airflow/.local/lib/python3.12/site-packages/airflow/example_dags/example_nested_branch_dag.py took 0.062 seconds
[2026-04-02T16:42:31.305+0000] {processor.py:161} INFO - Started process (PID=2544) to work on /home/airflow/.local/lib/python3.12/site-packages/airflow/example_dags/example_nested_branch_dag.py
[2026-04-02T16:42:31.308+0000] {processor.py:830} INFO - Processing file /home/airflow/.local/lib/python3.12/site-packages/airflow/example_dags/example_nested_branch_dag.py for tasks to queue
[2026-04-02T16:42:31.309+0000] {logging_mixin.py:188} INFO - [2026-04-02T16:42:31.309+0000] {dagbag.py:540} INFO - Filling up the DagBag from /home/airflow/.local/lib/python3.12/site-packages/airflow/example_dags/example_nested_branch_dag.py
[2026-04-02T16:42:31.317+0000] {processor.py:840} INFO - DAG(s) 'example_nested_branch_dag' retrieved from /home/airflow/.local/lib/python3.12/site-packages/airflow/example_dags/example_nested_branch_dag.py
[2026-04-02T16:42:31.334+0000] {logging_mixin.py:188} INFO - [2026-04-02T16:42:31.333+0000] {dag.py:3096} INFO - Sync 1 DAGs
[2026-04-02T16:42:31.348+0000] {logging_mixin.py:188} INFO - [2026-04-02T16:42:31.348+0000] {dag.py:3954} INFO - Setting next_dagrun for example_nested_branch_dag to 2026-04-01 00:00:00+00:00, run_after=2026-04-02 00:00:00+00:00
[2026-04-02T16:42:31.363+0000] {processor.py:183} INFO - Processing /home/airflow/.local/lib/python3.12/site-packages/airflow/example_dags/example_nested_branch_dag.py took 0.060 seconds
[2026-04-02T16:43:02.234+0000] {processor.py:161} INFO - Started process (PID=2602) to work on /home/airflow/.local/lib/python3.12/site-packages/airflow/example_dags/example_nested_branch_dag.py
[2026-04-02T16:43:02.237+0000] {processor.py:830} INFO - Processing file /home/airflow/.local/lib/python3.12/site-packages/airflow/example_dags/example_nested_branch_dag.py for tasks to queue
[2026-04-02T16:43:02.239+0000] {logging_mixin.py:188} INFO - [2026-04-02T16:43:02.239+0000] {dagbag.py:540} INFO - Filling up the DagBag from /home/airflow/.local/lib/python3.12/site-packages/airflow/example_dags/example_nested_branch_dag.py
[2026-04-02T16:43:02.245+0000] {processor.py:840} INFO - DAG(s) 'example_nested_branch_dag' retrieved from /home/airflow/.local/lib/python3.12/site-packages/airflow/example_dags/example_nested_branch_dag.py
[2026-04-02T16:43:02.263+0000] {logging_mixin.py:188} INFO - [2026-04-02T16:43:02.263+0000] {dag.py:3096} INFO - Sync 1 DAGs
[2026-04-02T16:43:02.278+0000] {logging_mixin.py:188} INFO - [2026-04-02T16:43:02.278+0000] {dag.py:3954} INFO - Setting next_dagrun for example_nested_branch_dag to 2026-04-01 00:00:00+00:00, run_after=2026-04-02 00:00:00+00:00
[2026-04-02T16:43:02.295+0000] {processor.py:183} INFO - Processing /home/airflow/.local/lib/python3.12/site-packages/airflow/example_dags/example_nested_branch_dag.py took 0.065 seconds
[2026-04-02T16:43:33.174+0000] {processor.py:161} INFO - Started process (PID=2660) to work on /home/airflow/.local/lib/python3.12/site-packages/airflow/example_dags/example_nested_branch_dag.py
[2026-04-02T16:43:33.178+0000] {processor.py:830} INFO - Processing file /home/airflow/.local/lib/python3.12/site-packages/airflow/example_dags/example_nested_branch_dag.py for tasks to queue
[2026-04-02T16:43:33.179+0000] {logging_mixin.py:188} INFO - [2026-04-02T16:43:33.178+0000] {dagbag.py:540} INFO - Filling up the DagBag from /home/airflow/.local/lib/python3.12/site-packages/airflow/example_dags/example_nested_branch_dag.py
[2026-04-02T16:43:33.184+0000] {processor.py:840} INFO - DAG(s) 'example_nested_branch_dag' retrieved from /home/airflow/.local/lib/python3.12/site-packages/airflow/example_dags/example_nested_branch_dag.py
[2026-04-02T16:43:33.201+0000] {logging_mixin.py:188} INFO - [2026-04-02T16:43:33.201+0000] {dag.py:3096} INFO - Sync 1 DAGs
[2026-04-02T16:43:33.212+0000] {logging_mixin.py:188} INFO - [2026-04-02T16:43:33.212+0000] {dag.py:3954} INFO - Setting next_dagrun for example_nested_branch_dag to 2026-04-01 00:00:00+00:00, run_after=2026-04-02 00:00:00+00:00
[2026-04-02T16:43:33.227+0000] {processor.py:183} INFO - Processing /home/airflow/.local/lib/python3.12/site-packages/airflow/example_dags/example_nested_branch_dag.py took 0.057 seconds
[2026-04-02T16:44:03.286+0000] {processor.py:161} INFO - Started process (PID=2718) to work on /home/airflow/.local/lib/python3.12/site-packages/airflow/example_dags/example_nested_branch_dag.py
[2026-04-02T16:44:03.287+0000] {processor.py:830} INFO - Processing file /home/airflow/.local/lib/python3.12/site-packages/airflow/example_dags/example_nested_branch_dag.py for tasks to queue
[2026-04-02T16:44:03.289+0000] {logging_mixin.py:188} INFO - [2026-04-02T16:44:03.288+0000] {dagbag.py:540} INFO - Filling up the DagBag from /home/airflow/.local/lib/python3.12/site-packages/airflow/example_dags/example_nested_branch_dag.py
[2026-04-02T16:44:03.296+0000] {processor.py:840} INFO - DAG(s) 'example_nested_branch_dag' retrieved from /home/airflow/.local/lib/python3.12/site-packages/airflow/example_dags/example_nested_branch_dag.py
[2026-04-02T16:44:03.319+0000] {logging_mixin.py:188} INFO - [2026-04-02T16:44:03.319+0000] {dag.py:3096} INFO - Sync 1 DAGs
[2026-04-02T16:44:03.334+0000] {logging_mixin.py:188} INFO - [2026-04-02T16:44:03.332+0000] {dag.py:3954} INFO - Setting next_dagrun for example_nested_branch_dag to 2026-04-01 00:00:00+00:00, run_after=2026-04-02 00:00:00+00:00
[2026-04-02T16:44:03.346+0000] {processor.py:183} INFO - Processing /home/airflow/.local/lib/python3.12/site-packages/airflow/example_dags/example_nested_branch_dag.py took 0.066 seconds
