[2026-04-02T16:20:34.652+0000] {processor.py:161} INFO - Started process (PID=49) to work on /home/airflow/.local/lib/python3.12/site-packages/airflow/example_dags/example_task_group_decorator.py
[2026-04-02T16:20:34.652+0000] {processor.py:830} INFO - Processing file /home/airflow/.local/lib/python3.12/site-packages/airflow/example_dags/example_task_group_decorator.py for tasks to queue
[2026-04-02T16:20:34.653+0000] {logging_mixin.py:188} INFO - [2026-04-02T16:20:34.653+0000] {dagbag.py:540} INFO - Filling up the DagBag from /home/airflow/.local/lib/python3.12/site-packages/airflow/example_dags/example_task_group_decorator.py
[2026-04-02T16:20:34.662+0000] {processor.py:840} INFO - DAG(s) 'example_task_group_decorator' retrieved from /home/airflow/.local/lib/python3.12/site-packages/airflow/example_dags/example_task_group_decorator.py
[2026-04-02T16:20:34.671+0000] {logging_mixin.py:188} INFO - [2026-04-02T16:20:34.671+0000] {dag.py:3096} INFO - Sync 1 DAGs
[2026-04-02T16:20:34.685+0000] {logging_mixin.py:188} INFO - [2026-04-02T16:20:34.684+0000] {dag.py:3954} INFO - Setting next_dagrun for example_task_group_decorator to 2026-04-01 00:00:00+00:00, run_after=2026-04-02 00:00:00+00:00
[2026-04-02T16:20:34.696+0000] {processor.py:183} INFO - Processing /home/airflow/.local/lib/python3.12/site-packages/airflow/example_dags/example_task_group_decorator.py took 0.048 seconds
[2026-04-02T16:21:05.543+0000] {processor.py:161} INFO - Started process (PID=113) to work on /home/airflow/.local/lib/python3.12/site-packages/airflow/example_dags/example_task_group_decorator.py
[2026-04-02T16:21:05.543+0000] {processor.py:830} INFO - Processing file /home/airflow/.local/lib/python3.12/site-packages/airflow/example_dags/example_task_group_decorator.py for tasks to queue
[2026-04-02T16:21:05.544+0000] {logging_mixin.py:188} INFO - [2026-04-02T16:21:05.544+0000] {dagbag.py:540} INFO - Filling up the DagBag from /home/airflow/.local/lib/python3.12/site-packages/airflow/example_dags/example_task_group_decorator.py
[2026-04-02T16:21:05.551+0000] {processor.py:840} INFO - DAG(s) 'example_task_group_decorator' retrieved from /home/airflow/.local/lib/python3.12/site-packages/airflow/example_dags/example_task_group_decorator.py
[2026-04-02T16:21:05.604+0000] {logging_mixin.py:188} INFO - [2026-04-02T16:21:05.604+0000] {dag.py:3096} INFO - Sync 1 DAGs
[2026-04-02T16:21:05.613+0000] {logging_mixin.py:188} INFO - [2026-04-02T16:21:05.613+0000] {dag.py:3954} INFO - Setting next_dagrun for example_task_group_decorator to 2026-04-01 00:00:00+00:00, run_after=2026-04-02 00:00:00+00:00
[2026-04-02T16:21:05.624+0000] {processor.py:183} INFO - Processing /home/airflow/.local/lib/python3.12/site-packages/airflow/example_dags/example_task_group_decorator.py took 0.084 seconds
[2026-04-02T16:21:36.376+0000] {processor.py:161} INFO - Started process (PID=171) to work on /home/airflow/.local/lib/python3.12/site-packages/airflow/example_dags/example_task_group_decorator.py
[2026-04-02T16:21:36.377+0000] {processor.py:830} INFO - Processing file /home/airflow/.local/lib/python3.12/site-packages/airflow/example_dags/example_task_group_decorator.py for tasks to queue
[2026-04-02T16:21:36.378+0000] {logging_mixin.py:188} INFO - [2026-04-02T16:21:36.377+0000] {dagbag.py:540} INFO - Filling up the DagBag from /home/airflow/.local/lib/python3.12/site-packages/airflow/example_dags/example_task_group_decorator.py
[2026-04-02T16:21:36.385+0000] {processor.py:840} INFO - DAG(s) 'example_task_group_decorator' retrieved from /home/airflow/.local/lib/python3.12/site-packages/airflow/example_dags/example_task_group_decorator.py
[2026-04-02T16:21:36.398+0000] {logging_mixin.py:188} INFO - [2026-04-02T16:21:36.397+0000] {dag.py:3096} INFO - Sync 1 DAGs
[2026-04-02T16:21:36.408+0000] {logging_mixin.py:188} INFO - [2026-04-02T16:21:36.408+0000] {dag.py:3954} INFO - Setting next_dagrun for example_task_group_decorator to 2026-04-01 00:00:00+00:00, run_after=2026-04-02 00:00:00+00:00
[2026-04-02T16:21:36.416+0000] {processor.py:183} INFO - Processing /home/airflow/.local/lib/python3.12/site-packages/airflow/example_dags/example_task_group_decorator.py took 0.043 seconds
[2026-04-02T16:22:07.218+0000] {processor.py:161} INFO - Started process (PID=229) to work on /home/airflow/.local/lib/python3.12/site-packages/airflow/example_dags/example_task_group_decorator.py
[2026-04-02T16:22:07.219+0000] {processor.py:830} INFO - Processing file /home/airflow/.local/lib/python3.12/site-packages/airflow/example_dags/example_task_group_decorator.py for tasks to queue
[2026-04-02T16:22:07.220+0000] {logging_mixin.py:188} INFO - [2026-04-02T16:22:07.220+0000] {dagbag.py:540} INFO - Filling up the DagBag from /home/airflow/.local/lib/python3.12/site-packages/airflow/example_dags/example_task_group_decorator.py
[2026-04-02T16:22:07.227+0000] {processor.py:840} INFO - DAG(s) 'example_task_group_decorator' retrieved from /home/airflow/.local/lib/python3.12/site-packages/airflow/example_dags/example_task_group_decorator.py
[2026-04-02T16:22:07.240+0000] {logging_mixin.py:188} INFO - [2026-04-02T16:22:07.240+0000] {dag.py:3096} INFO - Sync 1 DAGs
[2026-04-02T16:22:07.250+0000] {logging_mixin.py:188} INFO - [2026-04-02T16:22:07.250+0000] {dag.py:3954} INFO - Setting next_dagrun for example_task_group_decorator to 2026-04-01 00:00:00+00:00, run_after=2026-04-02 00:00:00+00:00
[2026-04-02T16:22:07.258+0000] {processor.py:183} INFO - Processing /home/airflow/.local/lib/python3.12/site-packages/airflow/example_dags/example_task_group_decorator.py took 0.043 seconds
[2026-04-02T16:22:37.994+0000] {processor.py:161} INFO - Started process (PID=287) to work on /home/airflow/.local/lib/python3.12/site-packages/airflow/example_dags/example_task_group_decorator.py
[2026-04-02T16:22:37.995+0000] {processor.py:830} INFO - Processing file /home/airflow/.local/lib/python3.12/site-packages/airflow/example_dags/example_task_group_decorator.py for tasks to queue
[2026-04-02T16:22:37.996+0000] {logging_mixin.py:188} INFO - [2026-04-02T16:22:37.996+0000] {dagbag.py:540} INFO - Filling up the DagBag from /home/airflow/.local/lib/python3.12/site-packages/airflow/example_dags/example_task_group_decorator.py
[2026-04-02T16:22:38.004+0000] {processor.py:840} INFO - DAG(s) 'example_task_group_decorator' retrieved from /home/airflow/.local/lib/python3.12/site-packages/airflow/example_dags/example_task_group_decorator.py
[2026-04-02T16:22:38.018+0000] {logging_mixin.py:188} INFO - [2026-04-02T16:22:38.018+0000] {dag.py:3096} INFO - Sync 1 DAGs
[2026-04-02T16:22:38.028+0000] {logging_mixin.py:188} INFO - [2026-04-02T16:22:38.028+0000] {dag.py:3954} INFO - Setting next_dagrun for example_task_group_decorator to 2026-04-01 00:00:00+00:00, run_after=2026-04-02 00:00:00+00:00
[2026-04-02T16:22:38.037+0000] {processor.py:183} INFO - Processing /home/airflow/.local/lib/python3.12/site-packages/airflow/example_dags/example_task_group_decorator.py took 0.045 seconds
[2026-04-02T16:23:08.647+0000] {processor.py:161} INFO - Started process (PID=345) to work on /home/airflow/.local/lib/python3.12/site-packages/airflow/example_dags/example_task_group_decorator.py
[2026-04-02T16:23:08.647+0000] {processor.py:830} INFO - Processing file /home/airflow/.local/lib/python3.12/site-packages/airflow/example_dags/example_task_group_decorator.py for tasks to queue
[2026-04-02T16:23:08.648+0000] {logging_mixin.py:188} INFO - [2026-04-02T16:23:08.648+0000] {dagbag.py:540} INFO - Filling up the DagBag from /home/airflow/.local/lib/python3.12/site-packages/airflow/example_dags/example_task_group_decorator.py
[2026-04-02T16:23:08.655+0000] {processor.py:840} INFO - DAG(s) 'example_task_group_decorator' retrieved from /home/airflow/.local/lib/python3.12/site-packages/airflow/example_dags/example_task_group_decorator.py
[2026-04-02T16:23:08.670+0000] {logging_mixin.py:188} INFO - [2026-04-02T16:23:08.669+0000] {dag.py:3096} INFO - Sync 1 DAGs
[2026-04-02T16:23:08.680+0000] {logging_mixin.py:188} INFO - [2026-04-02T16:23:08.680+0000] {dag.py:3954} INFO - Setting next_dagrun for example_task_group_decorator to 2026-04-01 00:00:00+00:00, run_after=2026-04-02 00:00:00+00:00
[2026-04-02T16:23:08.688+0000] {processor.py:183} INFO - Processing /home/airflow/.local/lib/python3.12/site-packages/airflow/example_dags/example_task_group_decorator.py took 0.045 seconds
[2026-04-02T16:23:39.334+0000] {processor.py:161} INFO - Started process (PID=403) to work on /home/airflow/.local/lib/python3.12/site-packages/airflow/example_dags/example_task_group_decorator.py
[2026-04-02T16:23:39.335+0000] {processor.py:830} INFO - Processing file /home/airflow/.local/lib/python3.12/site-packages/airflow/example_dags/example_task_group_decorator.py for tasks to queue
[2026-04-02T16:23:39.336+0000] {logging_mixin.py:188} INFO - [2026-04-02T16:23:39.336+0000] {dagbag.py:540} INFO - Filling up the DagBag from /home/airflow/.local/lib/python3.12/site-packages/airflow/example_dags/example_task_group_decorator.py
[2026-04-02T16:23:39.360+0000] {processor.py:840} INFO - DAG(s) 'example_task_group_decorator' retrieved from /home/airflow/.local/lib/python3.12/site-packages/airflow/example_dags/example_task_group_decorator.py
[2026-04-02T16:23:39.379+0000] {logging_mixin.py:188} INFO - [2026-04-02T16:23:39.379+0000] {dag.py:3096} INFO - Sync 1 DAGs
[2026-04-02T16:23:39.391+0000] {logging_mixin.py:188} INFO - [2026-04-02T16:23:39.391+0000] {dag.py:3954} INFO - Setting next_dagrun for example_task_group_decorator to 2026-04-01 00:00:00+00:00, run_after=2026-04-02 00:00:00+00:00
[2026-04-02T16:23:39.404+0000] {processor.py:183} INFO - Processing /home/airflow/.local/lib/python3.12/site-packages/airflow/example_dags/example_task_group_decorator.py took 0.073 seconds
[2026-04-02T16:24:09.980+0000] {processor.py:161} INFO - Started process (PID=461) to work on /home/airflow/.local/lib/python3.12/site-packages/airflow/example_dags/example_task_group_decorator.py
[2026-04-02T16:24:09.982+0000] {processor.py:830} INFO - Processing file /home/airflow/.local/lib/python3.12/site-packages/airflow/example_dags/example_task_group_decorator.py for tasks to queue
[2026-04-02T16:24:09.983+0000] {logging_mixin.py:188} INFO - [2026-04-02T16:24:09.983+0000] {dagbag.py:540} INFO - Filling up the DagBag from /home/airflow/.local/lib/python3.12/site-packages/airflow/example_dags/example_task_group_decorator.py
[2026-04-02T16:24:09.992+0000] {processor.py:840} INFO - DAG(s) 'example_task_group_decorator' retrieved from /home/airflow/.local/lib/python3.12/site-packages/airflow/example_dags/example_task_group_decorator.py
[2026-04-02T16:24:09.999+0000] {logging_mixin.py:188} INFO - [2026-04-02T16:24:09.999+0000] {dag.py:3096} INFO - Sync 1 DAGs
[2026-04-02T16:24:10.011+0000] {logging_mixin.py:188} INFO - [2026-04-02T16:24:10.011+0000] {dag.py:3954} INFO - Setting next_dagrun for example_task_group_decorator to 2026-04-01 00:00:00+00:00, run_after=2026-04-02 00:00:00+00:00
[2026-04-02T16:24:10.019+0000] {processor.py:183} INFO - Processing /home/airflow/.local/lib/python3.12/site-packages/airflow/example_dags/example_task_group_decorator.py took 0.043 seconds
[2026-04-02T16:24:40.534+0000] {processor.py:161} INFO - Started process (PID=519) to work on /home/airflow/.local/lib/python3.12/site-packages/airflow/example_dags/example_task_group_decorator.py
[2026-04-02T16:24:40.534+0000] {processor.py:830} INFO - Processing file /home/airflow/.local/lib/python3.12/site-packages/airflow/example_dags/example_task_group_decorator.py for tasks to queue
[2026-04-02T16:24:40.535+0000] {logging_mixin.py:188} INFO - [2026-04-02T16:24:40.535+0000] {dagbag.py:540} INFO - Filling up the DagBag from /home/airflow/.local/lib/python3.12/site-packages/airflow/example_dags/example_task_group_decorator.py
[2026-04-02T16:24:40.542+0000] {processor.py:840} INFO - DAG(s) 'example_task_group_decorator' retrieved from /home/airflow/.local/lib/python3.12/site-packages/airflow/example_dags/example_task_group_decorator.py
[2026-04-02T16:24:40.550+0000] {logging_mixin.py:188} INFO - [2026-04-02T16:24:40.550+0000] {dag.py:3096} INFO - Sync 1 DAGs
[2026-04-02T16:24:40.561+0000] {logging_mixin.py:188} INFO - [2026-04-02T16:24:40.561+0000] {dag.py:3954} INFO - Setting next_dagrun for example_task_group_decorator to 2026-04-01 00:00:00+00:00, run_after=2026-04-02 00:00:00+00:00
[2026-04-02T16:24:40.570+0000] {processor.py:183} INFO - Processing /home/airflow/.local/lib/python3.12/site-packages/airflow/example_dags/example_task_group_decorator.py took 0.040 seconds
[2026-04-02T16:25:11.322+0000] {processor.py:161} INFO - Started process (PID=577) to work on /home/airflow/.local/lib/python3.12/site-packages/airflow/example_dags/example_task_group_decorator.py
[2026-04-02T16:25:11.323+0000] {processor.py:830} INFO - Processing file /home/airflow/.local/lib/python3.12/site-packages/airflow/example_dags/example_task_group_decorator.py for tasks to queue
[2026-04-02T16:25:11.324+0000] {logging_mixin.py:188} INFO - [2026-04-02T16:25:11.324+0000] {dagbag.py:540} INFO - Filling up the DagBag from /home/airflow/.local/lib/python3.12/site-packages/airflow/example_dags/example_task_group_decorator.py
[2026-04-02T16:25:11.331+0000] {processor.py:840} INFO - DAG(s) 'example_task_group_decorator' retrieved from /home/airflow/.local/lib/python3.12/site-packages/airflow/example_dags/example_task_group_decorator.py
[2026-04-02T16:25:11.388+0000] {logging_mixin.py:188} INFO - [2026-04-02T16:25:11.388+0000] {dag.py:3096} INFO - Sync 1 DAGs
[2026-04-02T16:25:11.399+0000] {logging_mixin.py:188} INFO - [2026-04-02T16:25:11.399+0000] {dag.py:3954} INFO - Setting next_dagrun for example_task_group_decorator to 2026-04-01 00:00:00+00:00, run_after=2026-04-02 00:00:00+00:00
[2026-04-02T16:25:11.502+0000] {processor.py:183} INFO - Processing /home/airflow/.local/lib/python3.12/site-packages/airflow/example_dags/example_task_group_decorator.py took 0.183 seconds
[2026-04-02T16:25:41.593+0000] {processor.py:161} INFO - Started process (PID=635) to work on /home/airflow/.local/lib/python3.12/site-packages/airflow/example_dags/example_task_group_decorator.py
[2026-04-02T16:25:41.595+0000] {processor.py:830} INFO - Processing file /home/airflow/.local/lib/python3.12/site-packages/airflow/example_dags/example_task_group_decorator.py for tasks to queue
[2026-04-02T16:25:41.596+0000] {logging_mixin.py:188} INFO - [2026-04-02T16:25:41.596+0000] {dagbag.py:540} INFO - Filling up the DagBag from /home/airflow/.local/lib/python3.12/site-packages/airflow/example_dags/example_task_group_decorator.py
[2026-04-02T16:25:41.604+0000] {processor.py:840} INFO - DAG(s) 'example_task_group_decorator' retrieved from /home/airflow/.local/lib/python3.12/site-packages/airflow/example_dags/example_task_group_decorator.py
[2026-04-02T16:25:41.622+0000] {logging_mixin.py:188} INFO - [2026-04-02T16:25:41.622+0000] {dag.py:3096} INFO - Sync 1 DAGs
[2026-04-02T16:25:41.636+0000] {logging_mixin.py:188} INFO - [2026-04-02T16:25:41.636+0000] {dag.py:3954} INFO - Setting next_dagrun for example_task_group_decorator to 2026-04-01 00:00:00+00:00, run_after=2026-04-02 00:00:00+00:00
[2026-04-02T16:25:41.650+0000] {processor.py:183} INFO - Processing /home/airflow/.local/lib/python3.12/site-packages/airflow/example_dags/example_task_group_decorator.py took 0.061 seconds
[2026-04-02T16:26:11.711+0000] {processor.py:161} INFO - Started process (PID=693) to work on /home/airflow/.local/lib/python3.12/site-packages/airflow/example_dags/example_task_group_decorator.py
[2026-04-02T16:26:11.712+0000] {processor.py:830} INFO - Processing file /home/airflow/.local/lib/python3.12/site-packages/airflow/example_dags/example_task_group_decorator.py for tasks to queue
[2026-04-02T16:26:11.713+0000] {logging_mixin.py:188} INFO - [2026-04-02T16:26:11.713+0000] {dagbag.py:540} INFO - Filling up the DagBag from /home/airflow/.local/lib/python3.12/site-packages/airflow/example_dags/example_task_group_decorator.py
[2026-04-02T16:26:11.722+0000] {processor.py:840} INFO - DAG(s) 'example_task_group_decorator' retrieved from /home/airflow/.local/lib/python3.12/site-packages/airflow/example_dags/example_task_group_decorator.py
[2026-04-02T16:26:11.743+0000] {logging_mixin.py:188} INFO - [2026-04-02T16:26:11.742+0000] {dag.py:3096} INFO - Sync 1 DAGs
[2026-04-02T16:26:11.762+0000] {logging_mixin.py:188} INFO - [2026-04-02T16:26:11.762+0000] {dag.py:3954} INFO - Setting next_dagrun for example_task_group_decorator to 2026-04-01 00:00:00+00:00, run_after=2026-04-02 00:00:00+00:00
[2026-04-02T16:26:11.779+0000] {processor.py:183} INFO - Processing /home/airflow/.local/lib/python3.12/site-packages/airflow/example_dags/example_task_group_decorator.py took 0.072 seconds
[2026-04-02T16:26:42.002+0000] {processor.py:161} INFO - Started process (PID=751) to work on /home/airflow/.local/lib/python3.12/site-packages/airflow/example_dags/example_task_group_decorator.py
[2026-04-02T16:26:42.003+0000] {processor.py:830} INFO - Processing file /home/airflow/.local/lib/python3.12/site-packages/airflow/example_dags/example_task_group_decorator.py for tasks to queue
[2026-04-02T16:26:42.003+0000] {logging_mixin.py:188} INFO - [2026-04-02T16:26:42.003+0000] {dagbag.py:540} INFO - Filling up the DagBag from /home/airflow/.local/lib/python3.12/site-packages/airflow/example_dags/example_task_group_decorator.py
[2026-04-02T16:26:42.011+0000] {processor.py:840} INFO - DAG(s) 'example_task_group_decorator' retrieved from /home/airflow/.local/lib/python3.12/site-packages/airflow/example_dags/example_task_group_decorator.py
[2026-04-02T16:26:42.027+0000] {logging_mixin.py:188} INFO - [2026-04-02T16:26:42.027+0000] {dag.py:3096} INFO - Sync 1 DAGs
[2026-04-02T16:26:42.042+0000] {logging_mixin.py:188} INFO - [2026-04-02T16:26:42.042+0000] {dag.py:3954} INFO - Setting next_dagrun for example_task_group_decorator to 2026-04-01 00:00:00+00:00, run_after=2026-04-02 00:00:00+00:00
[2026-04-02T16:26:42.054+0000] {processor.py:183} INFO - Processing /home/airflow/.local/lib/python3.12/site-packages/airflow/example_dags/example_task_group_decorator.py took 0.055 seconds
[2026-04-02T16:27:12.249+0000] {processor.py:161} INFO - Started process (PID=809) to work on /home/airflow/.local/lib/python3.12/site-packages/airflow/example_dags/example_task_group_decorator.py
[2026-04-02T16:27:12.250+0000] {processor.py:830} INFO - Processing file /home/airflow/.local/lib/python3.12/site-packages/airflow/example_dags/example_task_group_decorator.py for tasks to queue
[2026-04-02T16:27:12.251+0000] {logging_mixin.py:188} INFO - [2026-04-02T16:27:12.251+0000] {dagbag.py:540} INFO - Filling up the DagBag from /home/airflow/.local/lib/python3.12/site-packages/airflow/example_dags/example_task_group_decorator.py
[2026-04-02T16:27:12.259+0000] {processor.py:840} INFO - DAG(s) 'example_task_group_decorator' retrieved from /home/airflow/.local/lib/python3.12/site-packages/airflow/example_dags/example_task_group_decorator.py
[2026-04-02T16:27:12.282+0000] {logging_mixin.py:188} INFO - [2026-04-02T16:27:12.282+0000] {dag.py:3096} INFO - Sync 1 DAGs
[2026-04-02T16:27:12.296+0000] {logging_mixin.py:188} INFO - [2026-04-02T16:27:12.296+0000] {dag.py:3954} INFO - Setting next_dagrun for example_task_group_decorator to 2026-04-01 00:00:00+00:00, run_after=2026-04-02 00:00:00+00:00
[2026-04-02T16:27:12.312+0000] {processor.py:183} INFO - Processing /home/airflow/.local/lib/python3.12/site-packages/airflow/example_dags/example_task_group_decorator.py took 0.066 seconds
[2026-04-02T16:27:42.767+0000] {processor.py:161} INFO - Started process (PID=867) to work on /home/airflow/.local/lib/python3.12/site-packages/airflow/example_dags/example_task_group_decorator.py
[2026-04-02T16:27:42.767+0000] {processor.py:830} INFO - Processing file /home/airflow/.local/lib/python3.12/site-packages/airflow/example_dags/example_task_group_decorator.py for tasks to queue
[2026-04-02T16:27:42.768+0000] {logging_mixin.py:188} INFO - [2026-04-02T16:27:42.768+0000] {dagbag.py:540} INFO - Filling up the DagBag from /home/airflow/.local/lib/python3.12/site-packages/airflow/example_dags/example_task_group_decorator.py
[2026-04-02T16:27:42.776+0000] {processor.py:840} INFO - DAG(s) 'example_task_group_decorator' retrieved from /home/airflow/.local/lib/python3.12/site-packages/airflow/example_dags/example_task_group_decorator.py
[2026-04-02T16:27:42.789+0000] {logging_mixin.py:188} INFO - [2026-04-02T16:27:42.789+0000] {dag.py:3096} INFO - Sync 1 DAGs
[2026-04-02T16:27:42.804+0000] {logging_mixin.py:188} INFO - [2026-04-02T16:27:42.804+0000] {dag.py:3954} INFO - Setting next_dagrun for example_task_group_decorator to 2026-04-01 00:00:00+00:00, run_after=2026-04-02 00:00:00+00:00
[2026-04-02T16:27:42.817+0000] {processor.py:183} INFO - Processing /home/airflow/.local/lib/python3.12/site-packages/airflow/example_dags/example_task_group_decorator.py took 0.053 seconds
[2026-04-02T16:28:13.514+0000] {processor.py:161} INFO - Started process (PID=925) to work on /home/airflow/.local/lib/python3.12/site-packages/airflow/example_dags/example_task_group_decorator.py
[2026-04-02T16:28:13.514+0000] {processor.py:830} INFO - Processing file /home/airflow/.local/lib/python3.12/site-packages/airflow/example_dags/example_task_group_decorator.py for tasks to queue
[2026-04-02T16:28:13.515+0000] {logging_mixin.py:188} INFO - [2026-04-02T16:28:13.515+0000] {dagbag.py:540} INFO - Filling up the DagBag from /home/airflow/.local/lib/python3.12/site-packages/airflow/example_dags/example_task_group_decorator.py
[2026-04-02T16:28:13.527+0000] {processor.py:840} INFO - DAG(s) 'example_task_group_decorator' retrieved from /home/airflow/.local/lib/python3.12/site-packages/airflow/example_dags/example_task_group_decorator.py
[2026-04-02T16:28:13.538+0000] {logging_mixin.py:188} INFO - [2026-04-02T16:28:13.537+0000] {dag.py:3096} INFO - Sync 1 DAGs
[2026-04-02T16:28:13.552+0000] {logging_mixin.py:188} INFO - [2026-04-02T16:28:13.552+0000] {dag.py:3954} INFO - Setting next_dagrun for example_task_group_decorator to 2026-04-01 00:00:00+00:00, run_after=2026-04-02 00:00:00+00:00
[2026-04-02T16:28:13.565+0000] {processor.py:183} INFO - Processing /home/airflow/.local/lib/python3.12/site-packages/airflow/example_dags/example_task_group_decorator.py took 0.054 seconds
[2026-04-02T16:28:45.173+0000] {processor.py:161} INFO - Started process (PID=983) to work on /home/airflow/.local/lib/python3.12/site-packages/airflow/example_dags/example_task_group_decorator.py
[2026-04-02T16:28:45.174+0000] {processor.py:830} INFO - Processing file /home/airflow/.local/lib/python3.12/site-packages/airflow/example_dags/example_task_group_decorator.py for tasks to queue
[2026-04-02T16:28:45.175+0000] {logging_mixin.py:188} INFO - [2026-04-02T16:28:45.175+0000] {dagbag.py:540} INFO - Filling up the DagBag from /home/airflow/.local/lib/python3.12/site-packages/airflow/example_dags/example_task_group_decorator.py
[2026-04-02T16:28:45.187+0000] {processor.py:840} INFO - DAG(s) 'example_task_group_decorator' retrieved from /home/airflow/.local/lib/python3.12/site-packages/airflow/example_dags/example_task_group_decorator.py
[2026-04-02T16:28:45.259+0000] {logging_mixin.py:188} INFO - [2026-04-02T16:28:45.259+0000] {dag.py:3096} INFO - Sync 1 DAGs
[2026-04-02T16:28:45.360+0000] {logging_mixin.py:188} INFO - [2026-04-02T16:28:45.360+0000] {dag.py:3954} INFO - Setting next_dagrun for example_task_group_decorator to 2026-04-01 00:00:00+00:00, run_after=2026-04-02 00:00:00+00:00
[2026-04-02T16:28:45.374+0000] {processor.py:183} INFO - Processing /home/airflow/.local/lib/python3.12/site-packages/airflow/example_dags/example_task_group_decorator.py took 0.206 seconds
[2026-04-02T16:29:15.982+0000] {processor.py:161} INFO - Started process (PID=1041) to work on /home/airflow/.local/lib/python3.12/site-packages/airflow/example_dags/example_task_group_decorator.py
[2026-04-02T16:29:15.983+0000] {processor.py:830} INFO - Processing file /home/airflow/.local/lib/python3.12/site-packages/airflow/example_dags/example_task_group_decorator.py for tasks to queue
[2026-04-02T16:29:15.984+0000] {logging_mixin.py:188} INFO - [2026-04-02T16:29:15.984+0000] {dagbag.py:540} INFO - Filling up the DagBag from /home/airflow/.local/lib/python3.12/site-packages/airflow/example_dags/example_task_group_decorator.py
[2026-04-02T16:29:15.994+0000] {processor.py:840} INFO - DAG(s) 'example_task_group_decorator' retrieved from /home/airflow/.local/lib/python3.12/site-packages/airflow/example_dags/example_task_group_decorator.py
[2026-04-02T16:29:16.012+0000] {logging_mixin.py:188} INFO - [2026-04-02T16:29:16.012+0000] {dag.py:3096} INFO - Sync 1 DAGs
[2026-04-02T16:29:16.120+0000] {logging_mixin.py:188} INFO - [2026-04-02T16:29:16.120+0000] {dag.py:3954} INFO - Setting next_dagrun for example_task_group_decorator to 2026-04-01 00:00:00+00:00, run_after=2026-04-02 00:00:00+00:00
[2026-04-02T16:29:16.135+0000] {processor.py:183} INFO - Processing /home/airflow/.local/lib/python3.12/site-packages/airflow/example_dags/example_task_group_decorator.py took 0.157 seconds
[2026-04-02T16:29:47.201+0000] {processor.py:161} INFO - Started process (PID=1099) to work on /home/airflow/.local/lib/python3.12/site-packages/airflow/example_dags/example_task_group_decorator.py
[2026-04-02T16:29:47.203+0000] {processor.py:830} INFO - Processing file /home/airflow/.local/lib/python3.12/site-packages/airflow/example_dags/example_task_group_decorator.py for tasks to queue
[2026-04-02T16:29:47.206+0000] {logging_mixin.py:188} INFO - [2026-04-02T16:29:47.206+0000] {dagbag.py:540} INFO - Filling up the DagBag from /home/airflow/.local/lib/python3.12/site-packages/airflow/example_dags/example_task_group_decorator.py
[2026-04-02T16:29:47.218+0000] {processor.py:840} INFO - DAG(s) 'example_task_group_decorator' retrieved from /home/airflow/.local/lib/python3.12/site-packages/airflow/example_dags/example_task_group_decorator.py
[2026-04-02T16:29:47.240+0000] {logging_mixin.py:188} INFO - [2026-04-02T16:29:47.240+0000] {dag.py:3096} INFO - Sync 1 DAGs
[2026-04-02T16:29:47.259+0000] {logging_mixin.py:188} INFO - [2026-04-02T16:29:47.259+0000] {dag.py:3954} INFO - Setting next_dagrun for example_task_group_decorator to 2026-04-01 00:00:00+00:00, run_after=2026-04-02 00:00:00+00:00
[2026-04-02T16:29:47.372+0000] {processor.py:183} INFO - Processing /home/airflow/.local/lib/python3.12/site-packages/airflow/example_dags/example_task_group_decorator.py took 0.177 seconds
[2026-04-02T16:30:18.218+0000] {processor.py:161} INFO - Started process (PID=1157) to work on /home/airflow/.local/lib/python3.12/site-packages/airflow/example_dags/example_task_group_decorator.py
[2026-04-02T16:30:18.219+0000] {processor.py:830} INFO - Processing file /home/airflow/.local/lib/python3.12/site-packages/airflow/example_dags/example_task_group_decorator.py for tasks to queue
[2026-04-02T16:30:18.220+0000] {logging_mixin.py:188} INFO - [2026-04-02T16:30:18.220+0000] {dagbag.py:540} INFO - Filling up the DagBag from /home/airflow/.local/lib/python3.12/site-packages/airflow/example_dags/example_task_group_decorator.py
[2026-04-02T16:30:18.233+0000] {processor.py:840} INFO - DAG(s) 'example_task_group_decorator' retrieved from /home/airflow/.local/lib/python3.12/site-packages/airflow/example_dags/example_task_group_decorator.py
[2026-04-02T16:30:18.249+0000] {logging_mixin.py:188} INFO - [2026-04-02T16:30:18.249+0000] {dag.py:3096} INFO - Sync 1 DAGs
[2026-04-02T16:30:18.260+0000] {logging_mixin.py:188} INFO - [2026-04-02T16:30:18.260+0000] {dag.py:3954} INFO - Setting next_dagrun for example_task_group_decorator to 2026-04-01 00:00:00+00:00, run_after=2026-04-02 00:00:00+00:00
[2026-04-02T16:30:18.270+0000] {processor.py:183} INFO - Processing /home/airflow/.local/lib/python3.12/site-packages/airflow/example_dags/example_task_group_decorator.py took 0.055 seconds
[2026-04-02T16:30:48.660+0000] {processor.py:161} INFO - Started process (PID=1215) to work on /home/airflow/.local/lib/python3.12/site-packages/airflow/example_dags/example_task_group_decorator.py
[2026-04-02T16:30:48.662+0000] {processor.py:830} INFO - Processing file /home/airflow/.local/lib/python3.12/site-packages/airflow/example_dags/example_task_group_decorator.py for tasks to queue
[2026-04-02T16:30:48.664+0000] {logging_mixin.py:188} INFO - [2026-04-02T16:30:48.663+0000] {dagbag.py:540} INFO - Filling up the DagBag from /home/airflow/.local/lib/python3.12/site-packages/airflow/example_dags/example_task_group_decorator.py
[2026-04-02T16:30:48.673+0000] {processor.py:840} INFO - DAG(s) 'example_task_group_decorator' retrieved from /home/airflow/.local/lib/python3.12/site-packages/airflow/example_dags/example_task_group_decorator.py
[2026-04-02T16:30:48.688+0000] {logging_mixin.py:188} INFO - [2026-04-02T16:30:48.688+0000] {dag.py:3096} INFO - Sync 1 DAGs
[2026-04-02T16:30:48.698+0000] {logging_mixin.py:188} INFO - [2026-04-02T16:30:48.698+0000] {dag.py:3954} INFO - Setting next_dagrun for example_task_group_decorator to 2026-04-01 00:00:00+00:00, run_after=2026-04-02 00:00:00+00:00
[2026-04-02T16:30:48.707+0000] {processor.py:183} INFO - Processing /home/airflow/.local/lib/python3.12/site-packages/airflow/example_dags/example_task_group_decorator.py took 0.052 seconds
[2026-04-02T16:31:19.280+0000] {processor.py:161} INFO - Started process (PID=1273) to work on /home/airflow/.local/lib/python3.12/site-packages/airflow/example_dags/example_task_group_decorator.py
[2026-04-02T16:31:19.281+0000] {processor.py:830} INFO - Processing file /home/airflow/.local/lib/python3.12/site-packages/airflow/example_dags/example_task_group_decorator.py for tasks to queue
[2026-04-02T16:31:19.283+0000] {logging_mixin.py:188} INFO - [2026-04-02T16:31:19.283+0000] {dagbag.py:540} INFO - Filling up the DagBag from /home/airflow/.local/lib/python3.12/site-packages/airflow/example_dags/example_task_group_decorator.py
[2026-04-02T16:31:19.292+0000] {processor.py:840} INFO - DAG(s) 'example_task_group_decorator' retrieved from /home/airflow/.local/lib/python3.12/site-packages/airflow/example_dags/example_task_group_decorator.py
[2026-04-02T16:31:19.307+0000] {logging_mixin.py:188} INFO - [2026-04-02T16:31:19.307+0000] {dag.py:3096} INFO - Sync 1 DAGs
[2026-04-02T16:31:19.319+0000] {logging_mixin.py:188} INFO - [2026-04-02T16:31:19.319+0000] {dag.py:3954} INFO - Setting next_dagrun for example_task_group_decorator to 2026-04-01 00:00:00+00:00, run_after=2026-04-02 00:00:00+00:00
[2026-04-02T16:31:19.330+0000] {processor.py:183} INFO - Processing /home/airflow/.local/lib/python3.12/site-packages/airflow/example_dags/example_task_group_decorator.py took 0.055 seconds
[2026-04-02T16:31:49.885+0000] {processor.py:161} INFO - Started process (PID=1331) to work on /home/airflow/.local/lib/python3.12/site-packages/airflow/example_dags/example_task_group_decorator.py
[2026-04-02T16:31:49.886+0000] {processor.py:830} INFO - Processing file /home/airflow/.local/lib/python3.12/site-packages/airflow/example_dags/example_task_group_decorator.py for tasks to queue
[2026-04-02T16:31:49.888+0000] {logging_mixin.py:188} INFO - [2026-04-02T16:31:49.888+0000] {dagbag.py:540} INFO - Filling up the DagBag from /home/airflow/.local/lib/python3.12/site-packages/airflow/example_dags/example_task_group_decorator.py
[2026-04-02T16:31:49.898+0000] {processor.py:840} INFO - DAG(s) 'example_task_group_decorator' retrieved from /home/airflow/.local/lib/python3.12/site-packages/airflow/example_dags/example_task_group_decorator.py
[2026-04-02T16:31:49.914+0000] {logging_mixin.py:188} INFO - [2026-04-02T16:31:49.913+0000] {dag.py:3096} INFO - Sync 1 DAGs
[2026-04-02T16:31:49.924+0000] {logging_mixin.py:188} INFO - [2026-04-02T16:31:49.924+0000] {dag.py:3954} INFO - Setting next_dagrun for example_task_group_decorator to 2026-04-01 00:00:00+00:00, run_after=2026-04-02 00:00:00+00:00
[2026-04-02T16:31:49.931+0000] {processor.py:183} INFO - Processing /home/airflow/.local/lib/python3.12/site-packages/airflow/example_dags/example_task_group_decorator.py took 0.053 seconds
[2026-04-02T16:32:20.679+0000] {processor.py:161} INFO - Started process (PID=1389) to work on /home/airflow/.local/lib/python3.12/site-packages/airflow/example_dags/example_task_group_decorator.py
[2026-04-02T16:32:20.680+0000] {processor.py:830} INFO - Processing file /home/airflow/.local/lib/python3.12/site-packages/airflow/example_dags/example_task_group_decorator.py for tasks to queue
[2026-04-02T16:32:20.682+0000] {logging_mixin.py:188} INFO - [2026-04-02T16:32:20.682+0000] {dagbag.py:540} INFO - Filling up the DagBag from /home/airflow/.local/lib/python3.12/site-packages/airflow/example_dags/example_task_group_decorator.py
[2026-04-02T16:32:20.692+0000] {processor.py:840} INFO - DAG(s) 'example_task_group_decorator' retrieved from /home/airflow/.local/lib/python3.12/site-packages/airflow/example_dags/example_task_group_decorator.py
[2026-04-02T16:32:20.709+0000] {logging_mixin.py:188} INFO - [2026-04-02T16:32:20.708+0000] {dag.py:3096} INFO - Sync 1 DAGs
[2026-04-02T16:32:20.720+0000] {logging_mixin.py:188} INFO - [2026-04-02T16:32:20.720+0000] {dag.py:3954} INFO - Setting next_dagrun for example_task_group_decorator to 2026-04-01 00:00:00+00:00, run_after=2026-04-02 00:00:00+00:00
[2026-04-02T16:32:20.729+0000] {processor.py:183} INFO - Processing /home/airflow/.local/lib/python3.12/site-packages/airflow/example_dags/example_task_group_decorator.py took 0.057 seconds
[2026-04-02T16:32:51.312+0000] {processor.py:161} INFO - Started process (PID=1447) to work on /home/airflow/.local/lib/python3.12/site-packages/airflow/example_dags/example_task_group_decorator.py
[2026-04-02T16:32:51.313+0000] {processor.py:830} INFO - Processing file /home/airflow/.local/lib/python3.12/site-packages/airflow/example_dags/example_task_group_decorator.py for tasks to queue
[2026-04-02T16:32:51.314+0000] {logging_mixin.py:188} INFO - [2026-04-02T16:32:51.314+0000] {dagbag.py:540} INFO - Filling up the DagBag from /home/airflow/.local/lib/python3.12/site-packages/airflow/example_dags/example_task_group_decorator.py
[2026-04-02T16:32:51.324+0000] {processor.py:840} INFO - DAG(s) 'example_task_group_decorator' retrieved from /home/airflow/.local/lib/python3.12/site-packages/airflow/example_dags/example_task_group_decorator.py
[2026-04-02T16:32:51.341+0000] {logging_mixin.py:188} INFO - [2026-04-02T16:32:51.341+0000] {dag.py:3096} INFO - Sync 1 DAGs
[2026-04-02T16:32:51.354+0000] {logging_mixin.py:188} INFO - [2026-04-02T16:32:51.354+0000] {dag.py:3954} INFO - Setting next_dagrun for example_task_group_decorator to 2026-04-01 00:00:00+00:00, run_after=2026-04-02 00:00:00+00:00
[2026-04-02T16:32:51.367+0000] {processor.py:183} INFO - Processing /home/airflow/.local/lib/python3.12/site-packages/airflow/example_dags/example_task_group_decorator.py took 0.059 seconds
[2026-04-02T16:33:21.862+0000] {processor.py:161} INFO - Started process (PID=1505) to work on /home/airflow/.local/lib/python3.12/site-packages/airflow/example_dags/example_task_group_decorator.py
[2026-04-02T16:33:21.862+0000] {processor.py:830} INFO - Processing file /home/airflow/.local/lib/python3.12/site-packages/airflow/example_dags/example_task_group_decorator.py for tasks to queue
[2026-04-02T16:33:21.864+0000] {logging_mixin.py:188} INFO - [2026-04-02T16:33:21.864+0000] {dagbag.py:540} INFO - Filling up the DagBag from /home/airflow/.local/lib/python3.12/site-packages/airflow/example_dags/example_task_group_decorator.py
[2026-04-02T16:33:21.873+0000] {processor.py:840} INFO - DAG(s) 'example_task_group_decorator' retrieved from /home/airflow/.local/lib/python3.12/site-packages/airflow/example_dags/example_task_group_decorator.py
[2026-04-02T16:33:21.888+0000] {logging_mixin.py:188} INFO - [2026-04-02T16:33:21.888+0000] {dag.py:3096} INFO - Sync 1 DAGs
[2026-04-02T16:33:21.899+0000] {logging_mixin.py:188} INFO - [2026-04-02T16:33:21.899+0000] {dag.py:3954} INFO - Setting next_dagrun for example_task_group_decorator to 2026-04-01 00:00:00+00:00, run_after=2026-04-02 00:00:00+00:00
[2026-04-02T16:33:21.908+0000] {processor.py:183} INFO - Processing /home/airflow/.local/lib/python3.12/site-packages/airflow/example_dags/example_task_group_decorator.py took 0.052 seconds
[2026-04-02T16:33:52.501+0000] {processor.py:161} INFO - Started process (PID=1563) to work on /home/airflow/.local/lib/python3.12/site-packages/airflow/example_dags/example_task_group_decorator.py
[2026-04-02T16:33:52.502+0000] {processor.py:830} INFO - Processing file /home/airflow/.local/lib/python3.12/site-packages/airflow/example_dags/example_task_group_decorator.py for tasks to queue
[2026-04-02T16:33:52.503+0000] {logging_mixin.py:188} INFO - [2026-04-02T16:33:52.503+0000] {dagbag.py:540} INFO - Filling up the DagBag from /home/airflow/.local/lib/python3.12/site-packages/airflow/example_dags/example_task_group_decorator.py
[2026-04-02T16:33:52.512+0000] {processor.py:840} INFO - DAG(s) 'example_task_group_decorator' retrieved from /home/airflow/.local/lib/python3.12/site-packages/airflow/example_dags/example_task_group_decorator.py
[2026-04-02T16:33:52.527+0000] {logging_mixin.py:188} INFO - [2026-04-02T16:33:52.527+0000] {dag.py:3096} INFO - Sync 1 DAGs
[2026-04-02T16:33:52.540+0000] {logging_mixin.py:188} INFO - [2026-04-02T16:33:52.539+0000] {dag.py:3954} INFO - Setting next_dagrun for example_task_group_decorator to 2026-04-01 00:00:00+00:00, run_after=2026-04-02 00:00:00+00:00
[2026-04-02T16:33:52.550+0000] {processor.py:183} INFO - Processing /home/airflow/.local/lib/python3.12/site-packages/airflow/example_dags/example_task_group_decorator.py took 0.054 seconds
[2026-04-02T16:34:23.222+0000] {processor.py:161} INFO - Started process (PID=1621) to work on /home/airflow/.local/lib/python3.12/site-packages/airflow/example_dags/example_task_group_decorator.py
[2026-04-02T16:34:23.223+0000] {processor.py:830} INFO - Processing file /home/airflow/.local/lib/python3.12/site-packages/airflow/example_dags/example_task_group_decorator.py for tasks to queue
[2026-04-02T16:34:23.225+0000] {logging_mixin.py:188} INFO - [2026-04-02T16:34:23.224+0000] {dagbag.py:540} INFO - Filling up the DagBag from /home/airflow/.local/lib/python3.12/site-packages/airflow/example_dags/example_task_group_decorator.py
[2026-04-02T16:34:23.236+0000] {processor.py:840} INFO - DAG(s) 'example_task_group_decorator' retrieved from /home/airflow/.local/lib/python3.12/site-packages/airflow/example_dags/example_task_group_decorator.py
[2026-04-02T16:34:23.252+0000] {logging_mixin.py:188} INFO - [2026-04-02T16:34:23.252+0000] {dag.py:3096} INFO - Sync 1 DAGs
[2026-04-02T16:34:23.261+0000] {logging_mixin.py:188} INFO - [2026-04-02T16:34:23.261+0000] {dag.py:3954} INFO - Setting next_dagrun for example_task_group_decorator to 2026-04-01 00:00:00+00:00, run_after=2026-04-02 00:00:00+00:00
[2026-04-02T16:34:23.269+0000] {processor.py:183} INFO - Processing /home/airflow/.local/lib/python3.12/site-packages/airflow/example_dags/example_task_group_decorator.py took 0.053 seconds
[2026-04-02T16:34:53.860+0000] {processor.py:161} INFO - Started process (PID=1679) to work on /home/airflow/.local/lib/python3.12/site-packages/airflow/example_dags/example_task_group_decorator.py
[2026-04-02T16:34:53.861+0000] {processor.py:830} INFO - Processing file /home/airflow/.local/lib/python3.12/site-packages/airflow/example_dags/example_task_group_decorator.py for tasks to queue
[2026-04-02T16:34:53.862+0000] {logging_mixin.py:188} INFO - [2026-04-02T16:34:53.862+0000] {dagbag.py:540} INFO - Filling up the DagBag from /home/airflow/.local/lib/python3.12/site-packages/airflow/example_dags/example_task_group_decorator.py
[2026-04-02T16:34:53.871+0000] {processor.py:840} INFO - DAG(s) 'example_task_group_decorator' retrieved from /home/airflow/.local/lib/python3.12/site-packages/airflow/example_dags/example_task_group_decorator.py
[2026-04-02T16:34:53.885+0000] {logging_mixin.py:188} INFO - [2026-04-02T16:34:53.885+0000] {dag.py:3096} INFO - Sync 1 DAGs
[2026-04-02T16:34:53.896+0000] {logging_mixin.py:188} INFO - [2026-04-02T16:34:53.896+0000] {dag.py:3954} INFO - Setting next_dagrun for example_task_group_decorator to 2026-04-01 00:00:00+00:00, run_after=2026-04-02 00:00:00+00:00
[2026-04-02T16:34:53.908+0000] {processor.py:183} INFO - Processing /home/airflow/.local/lib/python3.12/site-packages/airflow/example_dags/example_task_group_decorator.py took 0.053 seconds
[2026-04-02T16:35:24.503+0000] {processor.py:161} INFO - Started process (PID=1737) to work on /home/airflow/.local/lib/python3.12/site-packages/airflow/example_dags/example_task_group_decorator.py
[2026-04-02T16:35:24.504+0000] {processor.py:830} INFO - Processing file /home/airflow/.local/lib/python3.12/site-packages/airflow/example_dags/example_task_group_decorator.py for tasks to queue
[2026-04-02T16:35:24.506+0000] {logging_mixin.py:188} INFO - [2026-04-02T16:35:24.506+0000] {dagbag.py:540} INFO - Filling up the DagBag from /home/airflow/.local/lib/python3.12/site-packages/airflow/example_dags/example_task_group_decorator.py
[2026-04-02T16:35:24.515+0000] {processor.py:840} INFO - DAG(s) 'example_task_group_decorator' retrieved from /home/airflow/.local/lib/python3.12/site-packages/airflow/example_dags/example_task_group_decorator.py
[2026-04-02T16:35:24.531+0000] {logging_mixin.py:188} INFO - [2026-04-02T16:35:24.531+0000] {dag.py:3096} INFO - Sync 1 DAGs
[2026-04-02T16:35:24.542+0000] {logging_mixin.py:188} INFO - [2026-04-02T16:35:24.542+0000] {dag.py:3954} INFO - Setting next_dagrun for example_task_group_decorator to 2026-04-01 00:00:00+00:00, run_after=2026-04-02 00:00:00+00:00
[2026-04-02T16:35:24.550+0000] {processor.py:183} INFO - Processing /home/airflow/.local/lib/python3.12/site-packages/airflow/example_dags/example_task_group_decorator.py took 0.053 seconds
[2026-04-02T16:35:55.160+0000] {processor.py:161} INFO - Started process (PID=1795) to work on /home/airflow/.local/lib/python3.12/site-packages/airflow/example_dags/example_task_group_decorator.py
[2026-04-02T16:35:55.161+0000] {processor.py:830} INFO - Processing file /home/airflow/.local/lib/python3.12/site-packages/airflow/example_dags/example_task_group_decorator.py for tasks to queue
[2026-04-02T16:35:55.162+0000] {logging_mixin.py:188} INFO - [2026-04-02T16:35:55.162+0000] {dagbag.py:540} INFO - Filling up the DagBag from /home/airflow/.local/lib/python3.12/site-packages/airflow/example_dags/example_task_group_decorator.py
[2026-04-02T16:35:55.169+0000] {processor.py:840} INFO - DAG(s) 'example_task_group_decorator' retrieved from /home/airflow/.local/lib/python3.12/site-packages/airflow/example_dags/example_task_group_decorator.py
[2026-04-02T16:35:55.183+0000] {logging_mixin.py:188} INFO - [2026-04-02T16:35:55.183+0000] {dag.py:3096} INFO - Sync 1 DAGs
[2026-04-02T16:35:55.193+0000] {logging_mixin.py:188} INFO - [2026-04-02T16:35:55.193+0000] {dag.py:3954} INFO - Setting next_dagrun for example_task_group_decorator to 2026-04-01 00:00:00+00:00, run_after=2026-04-02 00:00:00+00:00
[2026-04-02T16:35:55.206+0000] {processor.py:183} INFO - Processing /home/airflow/.local/lib/python3.12/site-packages/airflow/example_dags/example_task_group_decorator.py took 0.050 seconds
[2026-04-02T16:36:25.823+0000] {processor.py:161} INFO - Started process (PID=1853) to work on /home/airflow/.local/lib/python3.12/site-packages/airflow/example_dags/example_task_group_decorator.py
[2026-04-02T16:36:25.825+0000] {processor.py:830} INFO - Processing file /home/airflow/.local/lib/python3.12/site-packages/airflow/example_dags/example_task_group_decorator.py for tasks to queue
[2026-04-02T16:36:25.827+0000] {logging_mixin.py:188} INFO - [2026-04-02T16:36:25.826+0000] {dagbag.py:540} INFO - Filling up the DagBag from /home/airflow/.local/lib/python3.12/site-packages/airflow/example_dags/example_task_group_decorator.py
[2026-04-02T16:36:25.836+0000] {processor.py:840} INFO - DAG(s) 'example_task_group_decorator' retrieved from /home/airflow/.local/lib/python3.12/site-packages/airflow/example_dags/example_task_group_decorator.py
[2026-04-02T16:36:25.851+0000] {logging_mixin.py:188} INFO - [2026-04-02T16:36:25.851+0000] {dag.py:3096} INFO - Sync 1 DAGs
[2026-04-02T16:36:25.862+0000] {logging_mixin.py:188} INFO - [2026-04-02T16:36:25.862+0000] {dag.py:3954} INFO - Setting next_dagrun for example_task_group_decorator to 2026-04-01 00:00:00+00:00, run_after=2026-04-02 00:00:00+00:00
[2026-04-02T16:36:25.871+0000] {processor.py:183} INFO - Processing /home/airflow/.local/lib/python3.12/site-packages/airflow/example_dags/example_task_group_decorator.py took 0.055 seconds
[2026-04-02T16:36:56.371+0000] {processor.py:161} INFO - Started process (PID=1911) to work on /home/airflow/.local/lib/python3.12/site-packages/airflow/example_dags/example_task_group_decorator.py
[2026-04-02T16:36:56.371+0000] {processor.py:830} INFO - Processing file /home/airflow/.local/lib/python3.12/site-packages/airflow/example_dags/example_task_group_decorator.py for tasks to queue
[2026-04-02T16:36:56.373+0000] {logging_mixin.py:188} INFO - [2026-04-02T16:36:56.373+0000] {dagbag.py:540} INFO - Filling up the DagBag from /home/airflow/.local/lib/python3.12/site-packages/airflow/example_dags/example_task_group_decorator.py
[2026-04-02T16:36:56.381+0000] {processor.py:840} INFO - DAG(s) 'example_task_group_decorator' retrieved from /home/airflow/.local/lib/python3.12/site-packages/airflow/example_dags/example_task_group_decorator.py
[2026-04-02T16:36:56.395+0000] {logging_mixin.py:188} INFO - [2026-04-02T16:36:56.395+0000] {dag.py:3096} INFO - Sync 1 DAGs
[2026-04-02T16:36:56.405+0000] {logging_mixin.py:188} INFO - [2026-04-02T16:36:56.405+0000] {dag.py:3954} INFO - Setting next_dagrun for example_task_group_decorator to 2026-04-01 00:00:00+00:00, run_after=2026-04-02 00:00:00+00:00
[2026-04-02T16:36:56.413+0000] {processor.py:183} INFO - Processing /home/airflow/.local/lib/python3.12/site-packages/airflow/example_dags/example_task_group_decorator.py took 0.047 seconds
[2026-04-02T16:37:27.037+0000] {processor.py:161} INFO - Started process (PID=1969) to work on /home/airflow/.local/lib/python3.12/site-packages/airflow/example_dags/example_task_group_decorator.py
[2026-04-02T16:37:27.038+0000] {processor.py:830} INFO - Processing file /home/airflow/.local/lib/python3.12/site-packages/airflow/example_dags/example_task_group_decorator.py for tasks to queue
[2026-04-02T16:37:27.039+0000] {logging_mixin.py:188} INFO - [2026-04-02T16:37:27.039+0000] {dagbag.py:540} INFO - Filling up the DagBag from /home/airflow/.local/lib/python3.12/site-packages/airflow/example_dags/example_task_group_decorator.py
[2026-04-02T16:37:27.050+0000] {processor.py:840} INFO - DAG(s) 'example_task_group_decorator' retrieved from /home/airflow/.local/lib/python3.12/site-packages/airflow/example_dags/example_task_group_decorator.py
[2026-04-02T16:37:27.067+0000] {logging_mixin.py:188} INFO - [2026-04-02T16:37:27.067+0000] {dag.py:3096} INFO - Sync 1 DAGs
[2026-04-02T16:37:27.081+0000] {logging_mixin.py:188} INFO - [2026-04-02T16:37:27.081+0000] {dag.py:3954} INFO - Setting next_dagrun for example_task_group_decorator to 2026-04-01 00:00:00+00:00, run_after=2026-04-02 00:00:00+00:00
[2026-04-02T16:37:27.091+0000] {processor.py:183} INFO - Processing /home/airflow/.local/lib/python3.12/site-packages/airflow/example_dags/example_task_group_decorator.py took 0.059 seconds
[2026-04-02T16:37:57.638+0000] {processor.py:161} INFO - Started process (PID=2027) to work on /home/airflow/.local/lib/python3.12/site-packages/airflow/example_dags/example_task_group_decorator.py
[2026-04-02T16:37:57.638+0000] {processor.py:830} INFO - Processing file /home/airflow/.local/lib/python3.12/site-packages/airflow/example_dags/example_task_group_decorator.py for tasks to queue
[2026-04-02T16:37:57.639+0000] {logging_mixin.py:188} INFO - [2026-04-02T16:37:57.639+0000] {dagbag.py:540} INFO - Filling up the DagBag from /home/airflow/.local/lib/python3.12/site-packages/airflow/example_dags/example_task_group_decorator.py
[2026-04-02T16:37:57.647+0000] {processor.py:840} INFO - DAG(s) 'example_task_group_decorator' retrieved from /home/airflow/.local/lib/python3.12/site-packages/airflow/example_dags/example_task_group_decorator.py
[2026-04-02T16:37:57.661+0000] {logging_mixin.py:188} INFO - [2026-04-02T16:37:57.661+0000] {dag.py:3096} INFO - Sync 1 DAGs
[2026-04-02T16:37:57.672+0000] {logging_mixin.py:188} INFO - [2026-04-02T16:37:57.672+0000] {dag.py:3954} INFO - Setting next_dagrun for example_task_group_decorator to 2026-04-01 00:00:00+00:00, run_after=2026-04-02 00:00:00+00:00
[2026-04-02T16:37:57.682+0000] {processor.py:183} INFO - Processing /home/airflow/.local/lib/python3.12/site-packages/airflow/example_dags/example_task_group_decorator.py took 0.047 seconds
[2026-04-02T16:38:28.306+0000] {processor.py:161} INFO - Started process (PID=2085) to work on /home/airflow/.local/lib/python3.12/site-packages/airflow/example_dags/example_task_group_decorator.py
[2026-04-02T16:38:28.308+0000] {processor.py:830} INFO - Processing file /home/airflow/.local/lib/python3.12/site-packages/airflow/example_dags/example_task_group_decorator.py for tasks to queue
[2026-04-02T16:38:28.309+0000] {logging_mixin.py:188} INFO - [2026-04-02T16:38:28.309+0000] {dagbag.py:540} INFO - Filling up the DagBag from /home/airflow/.local/lib/python3.12/site-packages/airflow/example_dags/example_task_group_decorator.py
[2026-04-02T16:38:28.319+0000] {processor.py:840} INFO - DAG(s) 'example_task_group_decorator' retrieved from /home/airflow/.local/lib/python3.12/site-packages/airflow/example_dags/example_task_group_decorator.py
[2026-04-02T16:38:28.331+0000] {logging_mixin.py:188} INFO - [2026-04-02T16:38:28.331+0000] {dag.py:3096} INFO - Sync 1 DAGs
[2026-04-02T16:38:28.342+0000] {logging_mixin.py:188} INFO - [2026-04-02T16:38:28.342+0000] {dag.py:3954} INFO - Setting next_dagrun for example_task_group_decorator to 2026-04-01 00:00:00+00:00, run_after=2026-04-02 00:00:00+00:00
[2026-04-02T16:38:28.352+0000] {processor.py:183} INFO - Processing /home/airflow/.local/lib/python3.12/site-packages/airflow/example_dags/example_task_group_decorator.py took 0.049 seconds
[2026-04-02T16:38:59.043+0000] {processor.py:161} INFO - Started process (PID=2143) to work on /home/airflow/.local/lib/python3.12/site-packages/airflow/example_dags/example_task_group_decorator.py
[2026-04-02T16:38:59.044+0000] {processor.py:830} INFO - Processing file /home/airflow/.local/lib/python3.12/site-packages/airflow/example_dags/example_task_group_decorator.py for tasks to queue
[2026-04-02T16:38:59.046+0000] {logging_mixin.py:188} INFO - [2026-04-02T16:38:59.045+0000] {dagbag.py:540} INFO - Filling up the DagBag from /home/airflow/.local/lib/python3.12/site-packages/airflow/example_dags/example_task_group_decorator.py
[2026-04-02T16:38:59.055+0000] {processor.py:840} INFO - DAG(s) 'example_task_group_decorator' retrieved from /home/airflow/.local/lib/python3.12/site-packages/airflow/example_dags/example_task_group_decorator.py
[2026-04-02T16:38:59.071+0000] {logging_mixin.py:188} INFO - [2026-04-02T16:38:59.071+0000] {dag.py:3096} INFO - Sync 1 DAGs
[2026-04-02T16:38:59.083+0000] {logging_mixin.py:188} INFO - [2026-04-02T16:38:59.083+0000] {dag.py:3954} INFO - Setting next_dagrun for example_task_group_decorator to 2026-04-01 00:00:00+00:00, run_after=2026-04-02 00:00:00+00:00
[2026-04-02T16:38:59.092+0000] {processor.py:183} INFO - Processing /home/airflow/.local/lib/python3.12/site-packages/airflow/example_dags/example_task_group_decorator.py took 0.055 seconds
[2026-04-02T16:39:29.664+0000] {processor.py:161} INFO - Started process (PID=2201) to work on /home/airflow/.local/lib/python3.12/site-packages/airflow/example_dags/example_task_group_decorator.py
[2026-04-02T16:39:29.665+0000] {processor.py:830} INFO - Processing file /home/airflow/.local/lib/python3.12/site-packages/airflow/example_dags/example_task_group_decorator.py for tasks to queue
[2026-04-02T16:39:29.666+0000] {logging_mixin.py:188} INFO - [2026-04-02T16:39:29.666+0000] {dagbag.py:540} INFO - Filling up the DagBag from /home/airflow/.local/lib/python3.12/site-packages/airflow/example_dags/example_task_group_decorator.py
[2026-04-02T16:39:29.674+0000] {processor.py:840} INFO - DAG(s) 'example_task_group_decorator' retrieved from /home/airflow/.local/lib/python3.12/site-packages/airflow/example_dags/example_task_group_decorator.py
[2026-04-02T16:39:29.691+0000] {logging_mixin.py:188} INFO - [2026-04-02T16:39:29.691+0000] {dag.py:3096} INFO - Sync 1 DAGs
[2026-04-02T16:39:29.701+0000] {logging_mixin.py:188} INFO - [2026-04-02T16:39:29.700+0000] {dag.py:3954} INFO - Setting next_dagrun for example_task_group_decorator to 2026-04-01 00:00:00+00:00, run_after=2026-04-02 00:00:00+00:00
[2026-04-02T16:39:29.708+0000] {processor.py:183} INFO - Processing /home/airflow/.local/lib/python3.12/site-packages/airflow/example_dags/example_task_group_decorator.py took 0.050 seconds
[2026-04-02T16:40:00.240+0000] {processor.py:161} INFO - Started process (PID=2259) to work on /home/airflow/.local/lib/python3.12/site-packages/airflow/example_dags/example_task_group_decorator.py
[2026-04-02T16:40:00.241+0000] {processor.py:830} INFO - Processing file /home/airflow/.local/lib/python3.12/site-packages/airflow/example_dags/example_task_group_decorator.py for tasks to queue
[2026-04-02T16:40:00.246+0000] {logging_mixin.py:188} INFO - [2026-04-02T16:40:00.246+0000] {dagbag.py:540} INFO - Filling up the DagBag from /home/airflow/.local/lib/python3.12/site-packages/airflow/example_dags/example_task_group_decorator.py
[2026-04-02T16:40:00.257+0000] {processor.py:840} INFO - DAG(s) 'example_task_group_decorator' retrieved from /home/airflow/.local/lib/python3.12/site-packages/airflow/example_dags/example_task_group_decorator.py
[2026-04-02T16:40:00.273+0000] {logging_mixin.py:188} INFO - [2026-04-02T16:40:00.273+0000] {dag.py:3096} INFO - Sync 1 DAGs
[2026-04-02T16:40:00.284+0000] {logging_mixin.py:188} INFO - [2026-04-02T16:40:00.284+0000] {dag.py:3954} INFO - Setting next_dagrun for example_task_group_decorator to 2026-04-01 00:00:00+00:00, run_after=2026-04-02 00:00:00+00:00
[2026-04-02T16:40:00.294+0000] {processor.py:183} INFO - Processing /home/airflow/.local/lib/python3.12/site-packages/airflow/example_dags/example_task_group_decorator.py took 0.058 seconds
[2026-04-02T16:40:30.900+0000] {processor.py:161} INFO - Started process (PID=2317) to work on /home/airflow/.local/lib/python3.12/site-packages/airflow/example_dags/example_task_group_decorator.py
[2026-04-02T16:40:30.901+0000] {processor.py:830} INFO - Processing file /home/airflow/.local/lib/python3.12/site-packages/airflow/example_dags/example_task_group_decorator.py for tasks to queue
[2026-04-02T16:40:30.902+0000] {logging_mixin.py:188} INFO - [2026-04-02T16:40:30.902+0000] {dagbag.py:540} INFO - Filling up the DagBag from /home/airflow/.local/lib/python3.12/site-packages/airflow/example_dags/example_task_group_decorator.py
[2026-04-02T16:40:30.909+0000] {processor.py:840} INFO - DAG(s) 'example_task_group_decorator' retrieved from /home/airflow/.local/lib/python3.12/site-packages/airflow/example_dags/example_task_group_decorator.py
[2026-04-02T16:40:30.925+0000] {logging_mixin.py:188} INFO - [2026-04-02T16:40:30.925+0000] {dag.py:3096} INFO - Sync 1 DAGs
[2026-04-02T16:40:30.936+0000] {logging_mixin.py:188} INFO - [2026-04-02T16:40:30.936+0000] {dag.py:3954} INFO - Setting next_dagrun for example_task_group_decorator to 2026-04-01 00:00:00+00:00, run_after=2026-04-02 00:00:00+00:00
[2026-04-02T16:40:30.948+0000] {processor.py:183} INFO - Processing /home/airflow/.local/lib/python3.12/site-packages/airflow/example_dags/example_task_group_decorator.py took 0.051 seconds
[2026-04-02T16:41:01.713+0000] {processor.py:161} INFO - Started process (PID=2375) to work on /home/airflow/.local/lib/python3.12/site-packages/airflow/example_dags/example_task_group_decorator.py
[2026-04-02T16:41:01.714+0000] {processor.py:830} INFO - Processing file /home/airflow/.local/lib/python3.12/site-packages/airflow/example_dags/example_task_group_decorator.py for tasks to queue
[2026-04-02T16:41:01.716+0000] {logging_mixin.py:188} INFO - [2026-04-02T16:41:01.716+0000] {dagbag.py:540} INFO - Filling up the DagBag from /home/airflow/.local/lib/python3.12/site-packages/airflow/example_dags/example_task_group_decorator.py
[2026-04-02T16:41:01.731+0000] {processor.py:840} INFO - DAG(s) 'example_task_group_decorator' retrieved from /home/airflow/.local/lib/python3.12/site-packages/airflow/example_dags/example_task_group_decorator.py
[2026-04-02T16:41:01.753+0000] {logging_mixin.py:188} INFO - [2026-04-02T16:41:01.753+0000] {dag.py:3096} INFO - Sync 1 DAGs
[2026-04-02T16:41:01.768+0000] {logging_mixin.py:188} INFO - [2026-04-02T16:41:01.768+0000] {dag.py:3954} INFO - Setting next_dagrun for example_task_group_decorator to 2026-04-01 00:00:00+00:00, run_after=2026-04-02 00:00:00+00:00
[2026-04-02T16:41:01.784+0000] {processor.py:183} INFO - Processing /home/airflow/.local/lib/python3.12/site-packages/airflow/example_dags/example_task_group_decorator.py took 0.078 seconds
[2026-04-02T16:41:32.584+0000] {processor.py:161} INFO - Started process (PID=2433) to work on /home/airflow/.local/lib/python3.12/site-packages/airflow/example_dags/example_task_group_decorator.py
[2026-04-02T16:41:32.587+0000] {processor.py:830} INFO - Processing file /home/airflow/.local/lib/python3.12/site-packages/airflow/example_dags/example_task_group_decorator.py for tasks to queue
[2026-04-02T16:41:32.587+0000] {logging_mixin.py:188} INFO - [2026-04-02T16:41:32.587+0000] {dagbag.py:540} INFO - Filling up the DagBag from /home/airflow/.local/lib/python3.12/site-packages/airflow/example_dags/example_task_group_decorator.py
[2026-04-02T16:41:32.598+0000] {processor.py:840} INFO - DAG(s) 'example_task_group_decorator' retrieved from /home/airflow/.local/lib/python3.12/site-packages/airflow/example_dags/example_task_group_decorator.py
[2026-04-02T16:41:32.621+0000] {logging_mixin.py:188} INFO - [2026-04-02T16:41:32.621+0000] {dag.py:3096} INFO - Sync 1 DAGs
[2026-04-02T16:41:32.635+0000] {logging_mixin.py:188} INFO - [2026-04-02T16:41:32.635+0000] {dag.py:3954} INFO - Setting next_dagrun for example_task_group_decorator to 2026-04-01 00:00:00+00:00, run_after=2026-04-02 00:00:00+00:00
[2026-04-02T16:41:32.648+0000] {processor.py:183} INFO - Processing /home/airflow/.local/lib/python3.12/site-packages/airflow/example_dags/example_task_group_decorator.py took 0.069 seconds
[2026-04-02T16:42:03.521+0000] {processor.py:161} INFO - Started process (PID=2491) to work on /home/airflow/.local/lib/python3.12/site-packages/airflow/example_dags/example_task_group_decorator.py
[2026-04-02T16:42:03.522+0000] {processor.py:830} INFO - Processing file /home/airflow/.local/lib/python3.12/site-packages/airflow/example_dags/example_task_group_decorator.py for tasks to queue
[2026-04-02T16:42:03.523+0000] {logging_mixin.py:188} INFO - [2026-04-02T16:42:03.523+0000] {dagbag.py:540} INFO - Filling up the DagBag from /home/airflow/.local/lib/python3.12/site-packages/airflow/example_dags/example_task_group_decorator.py
[2026-04-02T16:42:03.534+0000] {processor.py:840} INFO - DAG(s) 'example_task_group_decorator' retrieved from /home/airflow/.local/lib/python3.12/site-packages/airflow/example_dags/example_task_group_decorator.py
[2026-04-02T16:42:03.555+0000] {logging_mixin.py:188} INFO - [2026-04-02T16:42:03.554+0000] {dag.py:3096} INFO - Sync 1 DAGs
[2026-04-02T16:42:03.567+0000] {logging_mixin.py:188} INFO - [2026-04-02T16:42:03.567+0000] {dag.py:3954} INFO - Setting next_dagrun for example_task_group_decorator to 2026-04-01 00:00:00+00:00, run_after=2026-04-02 00:00:00+00:00
[2026-04-02T16:42:03.580+0000] {processor.py:183} INFO - Processing /home/airflow/.local/lib/python3.12/site-packages/airflow/example_dags/example_task_group_decorator.py took 0.065 seconds
[2026-04-02T16:42:34.494+0000] {processor.py:161} INFO - Started process (PID=2549) to work on /home/airflow/.local/lib/python3.12/site-packages/airflow/example_dags/example_task_group_decorator.py
[2026-04-02T16:42:34.495+0000] {processor.py:830} INFO - Processing file /home/airflow/.local/lib/python3.12/site-packages/airflow/example_dags/example_task_group_decorator.py for tasks to queue
[2026-04-02T16:42:34.496+0000] {logging_mixin.py:188} INFO - [2026-04-02T16:42:34.496+0000] {dagbag.py:540} INFO - Filling up the DagBag from /home/airflow/.local/lib/python3.12/site-packages/airflow/example_dags/example_task_group_decorator.py
[2026-04-02T16:42:34.504+0000] {processor.py:840} INFO - DAG(s) 'example_task_group_decorator' retrieved from /home/airflow/.local/lib/python3.12/site-packages/airflow/example_dags/example_task_group_decorator.py
[2026-04-02T16:42:34.526+0000] {logging_mixin.py:188} INFO - [2026-04-02T16:42:34.526+0000] {dag.py:3096} INFO - Sync 1 DAGs
[2026-04-02T16:42:34.539+0000] {logging_mixin.py:188} INFO - [2026-04-02T16:42:34.539+0000] {dag.py:3954} INFO - Setting next_dagrun for example_task_group_decorator to 2026-04-01 00:00:00+00:00, run_after=2026-04-02 00:00:00+00:00
[2026-04-02T16:42:34.553+0000] {processor.py:183} INFO - Processing /home/airflow/.local/lib/python3.12/site-packages/airflow/example_dags/example_task_group_decorator.py took 0.063 seconds
[2026-04-02T16:43:05.415+0000] {processor.py:161} INFO - Started process (PID=2607) to work on /home/airflow/.local/lib/python3.12/site-packages/airflow/example_dags/example_task_group_decorator.py
[2026-04-02T16:43:05.417+0000] {processor.py:830} INFO - Processing file /home/airflow/.local/lib/python3.12/site-packages/airflow/example_dags/example_task_group_decorator.py for tasks to queue
[2026-04-02T16:43:05.419+0000] {logging_mixin.py:188} INFO - [2026-04-02T16:43:05.419+0000] {dagbag.py:540} INFO - Filling up the DagBag from /home/airflow/.local/lib/python3.12/site-packages/airflow/example_dags/example_task_group_decorator.py
[2026-04-02T16:43:05.429+0000] {processor.py:840} INFO - DAG(s) 'example_task_group_decorator' retrieved from /home/airflow/.local/lib/python3.12/site-packages/airflow/example_dags/example_task_group_decorator.py
[2026-04-02T16:43:05.453+0000] {logging_mixin.py:188} INFO - [2026-04-02T16:43:05.453+0000] {dag.py:3096} INFO - Sync 1 DAGs
[2026-04-02T16:43:05.467+0000] {logging_mixin.py:188} INFO - [2026-04-02T16:43:05.467+0000] {dag.py:3954} INFO - Setting next_dagrun for example_task_group_decorator to 2026-04-01 00:00:00+00:00, run_after=2026-04-02 00:00:00+00:00
[2026-04-02T16:43:05.479+0000] {processor.py:183} INFO - Processing /home/airflow/.local/lib/python3.12/site-packages/airflow/example_dags/example_task_group_decorator.py took 0.067 seconds
[2026-04-02T16:43:36.370+0000] {processor.py:161} INFO - Started process (PID=2665) to work on /home/airflow/.local/lib/python3.12/site-packages/airflow/example_dags/example_task_group_decorator.py
[2026-04-02T16:43:36.371+0000] {processor.py:830} INFO - Processing file /home/airflow/.local/lib/python3.12/site-packages/airflow/example_dags/example_task_group_decorator.py for tasks to queue
[2026-04-02T16:43:36.373+0000] {logging_mixin.py:188} INFO - [2026-04-02T16:43:36.373+0000] {dagbag.py:540} INFO - Filling up the DagBag from /home/airflow/.local/lib/python3.12/site-packages/airflow/example_dags/example_task_group_decorator.py
[2026-04-02T16:43:36.382+0000] {processor.py:840} INFO - DAG(s) 'example_task_group_decorator' retrieved from /home/airflow/.local/lib/python3.12/site-packages/airflow/example_dags/example_task_group_decorator.py
[2026-04-02T16:43:36.399+0000] {logging_mixin.py:188} INFO - [2026-04-02T16:43:36.399+0000] {dag.py:3096} INFO - Sync 1 DAGs
[2026-04-02T16:43:36.415+0000] {logging_mixin.py:188} INFO - [2026-04-02T16:43:36.415+0000] {dag.py:3954} INFO - Setting next_dagrun for example_task_group_decorator to 2026-04-01 00:00:00+00:00, run_after=2026-04-02 00:00:00+00:00
[2026-04-02T16:43:36.429+0000] {processor.py:183} INFO - Processing /home/airflow/.local/lib/python3.12/site-packages/airflow/example_dags/example_task_group_decorator.py took 0.064 seconds
