[2026-04-02T16:20:34.548+0000] {processor.py:161} INFO - Started process (PID=45) to work on /home/airflow/.local/lib/python3.12/site-packages/airflow/example_dags/example_setup_teardown.py
[2026-04-02T16:20:34.548+0000] {processor.py:830} INFO - Processing file /home/airflow/.local/lib/python3.12/site-packages/airflow/example_dags/example_setup_teardown.py for tasks to queue
[2026-04-02T16:20:34.549+0000] {logging_mixin.py:188} INFO - [2026-04-02T16:20:34.549+0000] {dagbag.py:540} INFO - Filling up the DagBag from /home/airflow/.local/lib/python3.12/site-packages/airflow/example_dags/example_setup_teardown.py
[2026-04-02T16:20:34.555+0000] {processor.py:840} INFO - DAG(s) 'example_setup_teardown' retrieved from /home/airflow/.local/lib/python3.12/site-packages/airflow/example_dags/example_setup_teardown.py
[2026-04-02T16:20:34.564+0000] {logging_mixin.py:188} INFO - [2026-04-02T16:20:34.563+0000] {dag.py:3096} INFO - Sync 1 DAGs
[2026-04-02T16:20:34.575+0000] {logging_mixin.py:188} INFO - [2026-04-02T16:20:34.575+0000] {dag.py:3954} INFO - Setting next_dagrun for example_setup_teardown to 2026-04-01 00:00:00+00:00, run_after=2026-04-02 00:00:00+00:00
[2026-04-02T16:20:34.583+0000] {processor.py:183} INFO - Processing /home/airflow/.local/lib/python3.12/site-packages/airflow/example_dags/example_setup_teardown.py took 0.039 seconds
[2026-04-02T16:21:05.348+0000] {processor.py:161} INFO - Started process (PID=110) to work on /home/airflow/.local/lib/python3.12/site-packages/airflow/example_dags/example_setup_teardown.py
[2026-04-02T16:21:05.349+0000] {processor.py:830} INFO - Processing file /home/airflow/.local/lib/python3.12/site-packages/airflow/example_dags/example_setup_teardown.py for tasks to queue
[2026-04-02T16:21:05.350+0000] {logging_mixin.py:188} INFO - [2026-04-02T16:21:05.350+0000] {dagbag.py:540} INFO - Filling up the DagBag from /home/airflow/.local/lib/python3.12/site-packages/airflow/example_dags/example_setup_teardown.py
[2026-04-02T16:21:05.354+0000] {processor.py:840} INFO - DAG(s) 'example_setup_teardown' retrieved from /home/airflow/.local/lib/python3.12/site-packages/airflow/example_dags/example_setup_teardown.py
[2026-04-02T16:21:05.414+0000] {logging_mixin.py:188} INFO - [2026-04-02T16:21:05.414+0000] {dag.py:3096} INFO - Sync 1 DAGs
[2026-04-02T16:21:05.424+0000] {logging_mixin.py:188} INFO - [2026-04-02T16:21:05.424+0000] {dag.py:3954} INFO - Setting next_dagrun for example_setup_teardown to 2026-04-01 00:00:00+00:00, run_after=2026-04-02 00:00:00+00:00
[2026-04-02T16:21:05.434+0000] {processor.py:183} INFO - Processing /home/airflow/.local/lib/python3.12/site-packages/airflow/example_dags/example_setup_teardown.py took 0.089 seconds
[2026-04-02T16:21:36.322+0000] {processor.py:161} INFO - Started process (PID=168) to work on /home/airflow/.local/lib/python3.12/site-packages/airflow/example_dags/example_setup_teardown.py
[2026-04-02T16:21:36.323+0000] {processor.py:830} INFO - Processing file /home/airflow/.local/lib/python3.12/site-packages/airflow/example_dags/example_setup_teardown.py for tasks to queue
[2026-04-02T16:21:36.324+0000] {logging_mixin.py:188} INFO - [2026-04-02T16:21:36.323+0000] {dagbag.py:540} INFO - Filling up the DagBag from /home/airflow/.local/lib/python3.12/site-packages/airflow/example_dags/example_setup_teardown.py
[2026-04-02T16:21:36.328+0000] {processor.py:840} INFO - DAG(s) 'example_setup_teardown' retrieved from /home/airflow/.local/lib/python3.12/site-packages/airflow/example_dags/example_setup_teardown.py
[2026-04-02T16:21:36.341+0000] {logging_mixin.py:188} INFO - [2026-04-02T16:21:36.340+0000] {dag.py:3096} INFO - Sync 1 DAGs
[2026-04-02T16:21:36.350+0000] {logging_mixin.py:188} INFO - [2026-04-02T16:21:36.350+0000] {dag.py:3954} INFO - Setting next_dagrun for example_setup_teardown to 2026-04-01 00:00:00+00:00, run_after=2026-04-02 00:00:00+00:00
[2026-04-02T16:21:36.359+0000] {processor.py:183} INFO - Processing /home/airflow/.local/lib/python3.12/site-packages/airflow/example_dags/example_setup_teardown.py took 0.040 seconds
[2026-04-02T16:22:07.113+0000] {processor.py:161} INFO - Started process (PID=226) to work on /home/airflow/.local/lib/python3.12/site-packages/airflow/example_dags/example_setup_teardown.py
[2026-04-02T16:22:07.114+0000] {processor.py:830} INFO - Processing file /home/airflow/.local/lib/python3.12/site-packages/airflow/example_dags/example_setup_teardown.py for tasks to queue
[2026-04-02T16:22:07.115+0000] {logging_mixin.py:188} INFO - [2026-04-02T16:22:07.115+0000] {dagbag.py:540} INFO - Filling up the DagBag from /home/airflow/.local/lib/python3.12/site-packages/airflow/example_dags/example_setup_teardown.py
[2026-04-02T16:22:07.119+0000] {processor.py:840} INFO - DAG(s) 'example_setup_teardown' retrieved from /home/airflow/.local/lib/python3.12/site-packages/airflow/example_dags/example_setup_teardown.py
[2026-04-02T16:22:07.131+0000] {logging_mixin.py:188} INFO - [2026-04-02T16:22:07.131+0000] {dag.py:3096} INFO - Sync 1 DAGs
[2026-04-02T16:22:07.141+0000] {logging_mixin.py:188} INFO - [2026-04-02T16:22:07.141+0000] {dag.py:3954} INFO - Setting next_dagrun for example_setup_teardown to 2026-04-01 00:00:00+00:00, run_after=2026-04-02 00:00:00+00:00
[2026-04-02T16:22:07.150+0000] {processor.py:183} INFO - Processing /home/airflow/.local/lib/python3.12/site-packages/airflow/example_dags/example_setup_teardown.py took 0.040 seconds
[2026-04-02T16:22:37.894+0000] {processor.py:161} INFO - Started process (PID=284) to work on /home/airflow/.local/lib/python3.12/site-packages/airflow/example_dags/example_setup_teardown.py
[2026-04-02T16:22:37.895+0000] {processor.py:830} INFO - Processing file /home/airflow/.local/lib/python3.12/site-packages/airflow/example_dags/example_setup_teardown.py for tasks to queue
[2026-04-02T16:22:37.896+0000] {logging_mixin.py:188} INFO - [2026-04-02T16:22:37.896+0000] {dagbag.py:540} INFO - Filling up the DagBag from /home/airflow/.local/lib/python3.12/site-packages/airflow/example_dags/example_setup_teardown.py
[2026-04-02T16:22:37.900+0000] {processor.py:840} INFO - DAG(s) 'example_setup_teardown' retrieved from /home/airflow/.local/lib/python3.12/site-packages/airflow/example_dags/example_setup_teardown.py
[2026-04-02T16:22:37.912+0000] {logging_mixin.py:188} INFO - [2026-04-02T16:22:37.912+0000] {dag.py:3096} INFO - Sync 1 DAGs
[2026-04-02T16:22:37.923+0000] {logging_mixin.py:188} INFO - [2026-04-02T16:22:37.923+0000] {dag.py:3954} INFO - Setting next_dagrun for example_setup_teardown to 2026-04-01 00:00:00+00:00, run_after=2026-04-02 00:00:00+00:00
[2026-04-02T16:22:37.932+0000] {processor.py:183} INFO - Processing /home/airflow/.local/lib/python3.12/site-packages/airflow/example_dags/example_setup_teardown.py took 0.042 seconds
[2026-04-02T16:23:08.544+0000] {processor.py:161} INFO - Started process (PID=342) to work on /home/airflow/.local/lib/python3.12/site-packages/airflow/example_dags/example_setup_teardown.py
[2026-04-02T16:23:08.545+0000] {processor.py:830} INFO - Processing file /home/airflow/.local/lib/python3.12/site-packages/airflow/example_dags/example_setup_teardown.py for tasks to queue
[2026-04-02T16:23:08.546+0000] {logging_mixin.py:188} INFO - [2026-04-02T16:23:08.546+0000] {dagbag.py:540} INFO - Filling up the DagBag from /home/airflow/.local/lib/python3.12/site-packages/airflow/example_dags/example_setup_teardown.py
[2026-04-02T16:23:08.550+0000] {processor.py:840} INFO - DAG(s) 'example_setup_teardown' retrieved from /home/airflow/.local/lib/python3.12/site-packages/airflow/example_dags/example_setup_teardown.py
[2026-04-02T16:23:08.564+0000] {logging_mixin.py:188} INFO - [2026-04-02T16:23:08.564+0000] {dag.py:3096} INFO - Sync 1 DAGs
[2026-04-02T16:23:08.575+0000] {logging_mixin.py:188} INFO - [2026-04-02T16:23:08.575+0000] {dag.py:3954} INFO - Setting next_dagrun for example_setup_teardown to 2026-04-01 00:00:00+00:00, run_after=2026-04-02 00:00:00+00:00
[2026-04-02T16:23:08.583+0000] {processor.py:183} INFO - Processing /home/airflow/.local/lib/python3.12/site-packages/airflow/example_dags/example_setup_teardown.py took 0.041 seconds
[2026-04-02T16:23:39.213+0000] {processor.py:161} INFO - Started process (PID=400) to work on /home/airflow/.local/lib/python3.12/site-packages/airflow/example_dags/example_setup_teardown.py
[2026-04-02T16:23:39.213+0000] {processor.py:830} INFO - Processing file /home/airflow/.local/lib/python3.12/site-packages/airflow/example_dags/example_setup_teardown.py for tasks to queue
[2026-04-02T16:23:39.215+0000] {logging_mixin.py:188} INFO - [2026-04-02T16:23:39.214+0000] {dagbag.py:540} INFO - Filling up the DagBag from /home/airflow/.local/lib/python3.12/site-packages/airflow/example_dags/example_setup_teardown.py
[2026-04-02T16:23:39.219+0000] {processor.py:840} INFO - DAG(s) 'example_setup_teardown' retrieved from /home/airflow/.local/lib/python3.12/site-packages/airflow/example_dags/example_setup_teardown.py
[2026-04-02T16:23:39.233+0000] {logging_mixin.py:188} INFO - [2026-04-02T16:23:39.233+0000] {dag.py:3096} INFO - Sync 1 DAGs
[2026-04-02T16:23:39.244+0000] {logging_mixin.py:188} INFO - [2026-04-02T16:23:39.244+0000] {dag.py:3954} INFO - Setting next_dagrun for example_setup_teardown to 2026-04-01 00:00:00+00:00, run_after=2026-04-02 00:00:00+00:00
[2026-04-02T16:23:39.254+0000] {processor.py:183} INFO - Processing /home/airflow/.local/lib/python3.12/site-packages/airflow/example_dags/example_setup_teardown.py took 0.045 seconds
[2026-04-02T16:24:09.889+0000] {processor.py:161} INFO - Started process (PID=458) to work on /home/airflow/.local/lib/python3.12/site-packages/airflow/example_dags/example_setup_teardown.py
[2026-04-02T16:24:09.889+0000] {processor.py:830} INFO - Processing file /home/airflow/.local/lib/python3.12/site-packages/airflow/example_dags/example_setup_teardown.py for tasks to queue
[2026-04-02T16:24:09.890+0000] {logging_mixin.py:188} INFO - [2026-04-02T16:24:09.890+0000] {dagbag.py:540} INFO - Filling up the DagBag from /home/airflow/.local/lib/python3.12/site-packages/airflow/example_dags/example_setup_teardown.py
[2026-04-02T16:24:09.894+0000] {processor.py:840} INFO - DAG(s) 'example_setup_teardown' retrieved from /home/airflow/.local/lib/python3.12/site-packages/airflow/example_dags/example_setup_teardown.py
[2026-04-02T16:24:09.903+0000] {logging_mixin.py:188} INFO - [2026-04-02T16:24:09.903+0000] {dag.py:3096} INFO - Sync 1 DAGs
[2026-04-02T16:24:09.914+0000] {logging_mixin.py:188} INFO - [2026-04-02T16:24:09.914+0000] {dag.py:3954} INFO - Setting next_dagrun for example_setup_teardown to 2026-04-01 00:00:00+00:00, run_after=2026-04-02 00:00:00+00:00
[2026-04-02T16:24:09.923+0000] {processor.py:183} INFO - Processing /home/airflow/.local/lib/python3.12/site-packages/airflow/example_dags/example_setup_teardown.py took 0.038 seconds
[2026-04-02T16:24:40.438+0000] {processor.py:161} INFO - Started process (PID=516) to work on /home/airflow/.local/lib/python3.12/site-packages/airflow/example_dags/example_setup_teardown.py
[2026-04-02T16:24:40.439+0000] {processor.py:830} INFO - Processing file /home/airflow/.local/lib/python3.12/site-packages/airflow/example_dags/example_setup_teardown.py for tasks to queue
[2026-04-02T16:24:40.440+0000] {logging_mixin.py:188} INFO - [2026-04-02T16:24:40.440+0000] {dagbag.py:540} INFO - Filling up the DagBag from /home/airflow/.local/lib/python3.12/site-packages/airflow/example_dags/example_setup_teardown.py
[2026-04-02T16:24:40.444+0000] {processor.py:840} INFO - DAG(s) 'example_setup_teardown' retrieved from /home/airflow/.local/lib/python3.12/site-packages/airflow/example_dags/example_setup_teardown.py
[2026-04-02T16:24:40.452+0000] {logging_mixin.py:188} INFO - [2026-04-02T16:24:40.452+0000] {dag.py:3096} INFO - Sync 1 DAGs
[2026-04-02T16:24:40.463+0000] {logging_mixin.py:188} INFO - [2026-04-02T16:24:40.462+0000] {dag.py:3954} INFO - Setting next_dagrun for example_setup_teardown to 2026-04-01 00:00:00+00:00, run_after=2026-04-02 00:00:00+00:00
[2026-04-02T16:24:40.473+0000] {processor.py:183} INFO - Processing /home/airflow/.local/lib/python3.12/site-packages/airflow/example_dags/example_setup_teardown.py took 0.038 seconds
[2026-04-02T16:25:11.006+0000] {processor.py:161} INFO - Started process (PID=574) to work on /home/airflow/.local/lib/python3.12/site-packages/airflow/example_dags/example_setup_teardown.py
[2026-04-02T16:25:11.007+0000] {processor.py:830} INFO - Processing file /home/airflow/.local/lib/python3.12/site-packages/airflow/example_dags/example_setup_teardown.py for tasks to queue
[2026-04-02T16:25:11.008+0000] {logging_mixin.py:188} INFO - [2026-04-02T16:25:11.008+0000] {dagbag.py:540} INFO - Filling up the DagBag from /home/airflow/.local/lib/python3.12/site-packages/airflow/example_dags/example_setup_teardown.py
[2026-04-02T16:25:11.012+0000] {processor.py:840} INFO - DAG(s) 'example_setup_teardown' retrieved from /home/airflow/.local/lib/python3.12/site-packages/airflow/example_dags/example_setup_teardown.py
[2026-04-02T16:25:11.080+0000] {logging_mixin.py:188} INFO - [2026-04-02T16:25:11.080+0000] {dag.py:3096} INFO - Sync 1 DAGs
[2026-04-02T16:25:11.090+0000] {logging_mixin.py:188} INFO - [2026-04-02T16:25:11.090+0000] {dag.py:3954} INFO - Setting next_dagrun for example_setup_teardown to 2026-04-01 00:00:00+00:00, run_after=2026-04-02 00:00:00+00:00
[2026-04-02T16:25:11.100+0000] {processor.py:183} INFO - Processing /home/airflow/.local/lib/python3.12/site-packages/airflow/example_dags/example_setup_teardown.py took 0.097 seconds
[2026-04-02T16:25:41.516+0000] {processor.py:161} INFO - Started process (PID=632) to work on /home/airflow/.local/lib/python3.12/site-packages/airflow/example_dags/example_setup_teardown.py
[2026-04-02T16:25:41.516+0000] {processor.py:830} INFO - Processing file /home/airflow/.local/lib/python3.12/site-packages/airflow/example_dags/example_setup_teardown.py for tasks to queue
[2026-04-02T16:25:41.517+0000] {logging_mixin.py:188} INFO - [2026-04-02T16:25:41.517+0000] {dagbag.py:540} INFO - Filling up the DagBag from /home/airflow/.local/lib/python3.12/site-packages/airflow/example_dags/example_setup_teardown.py
[2026-04-02T16:25:41.522+0000] {processor.py:840} INFO - DAG(s) 'example_setup_teardown' retrieved from /home/airflow/.local/lib/python3.12/site-packages/airflow/example_dags/example_setup_teardown.py
[2026-04-02T16:25:41.540+0000] {logging_mixin.py:188} INFO - [2026-04-02T16:25:41.540+0000] {dag.py:3096} INFO - Sync 1 DAGs
[2026-04-02T16:25:41.554+0000] {logging_mixin.py:188} INFO - [2026-04-02T16:25:41.554+0000] {dag.py:3954} INFO - Setting next_dagrun for example_setup_teardown to 2026-04-01 00:00:00+00:00, run_after=2026-04-02 00:00:00+00:00
[2026-04-02T16:25:41.573+0000] {processor.py:183} INFO - Processing /home/airflow/.local/lib/python3.12/site-packages/airflow/example_dags/example_setup_teardown.py took 0.060 seconds
[2026-04-02T16:26:11.631+0000] {processor.py:161} INFO - Started process (PID=690) to work on /home/airflow/.local/lib/python3.12/site-packages/airflow/example_dags/example_setup_teardown.py
[2026-04-02T16:26:11.632+0000] {processor.py:830} INFO - Processing file /home/airflow/.local/lib/python3.12/site-packages/airflow/example_dags/example_setup_teardown.py for tasks to queue
[2026-04-02T16:26:11.633+0000] {logging_mixin.py:188} INFO - [2026-04-02T16:26:11.633+0000] {dagbag.py:540} INFO - Filling up the DagBag from /home/airflow/.local/lib/python3.12/site-packages/airflow/example_dags/example_setup_teardown.py
[2026-04-02T16:26:11.637+0000] {processor.py:840} INFO - DAG(s) 'example_setup_teardown' retrieved from /home/airflow/.local/lib/python3.12/site-packages/airflow/example_dags/example_setup_teardown.py
[2026-04-02T16:26:11.656+0000] {logging_mixin.py:188} INFO - [2026-04-02T16:26:11.656+0000] {dag.py:3096} INFO - Sync 1 DAGs
[2026-04-02T16:26:11.671+0000] {logging_mixin.py:188} INFO - [2026-04-02T16:26:11.671+0000] {dag.py:3954} INFO - Setting next_dagrun for example_setup_teardown to 2026-04-01 00:00:00+00:00, run_after=2026-04-02 00:00:00+00:00
[2026-04-02T16:26:11.687+0000] {processor.py:183} INFO - Processing /home/airflow/.local/lib/python3.12/site-packages/airflow/example_dags/example_setup_teardown.py took 0.059 seconds
[2026-04-02T16:26:41.893+0000] {processor.py:161} INFO - Started process (PID=748) to work on /home/airflow/.local/lib/python3.12/site-packages/airflow/example_dags/example_setup_teardown.py
[2026-04-02T16:26:41.894+0000] {processor.py:830} INFO - Processing file /home/airflow/.local/lib/python3.12/site-packages/airflow/example_dags/example_setup_teardown.py for tasks to queue
[2026-04-02T16:26:41.895+0000] {logging_mixin.py:188} INFO - [2026-04-02T16:26:41.895+0000] {dagbag.py:540} INFO - Filling up the DagBag from /home/airflow/.local/lib/python3.12/site-packages/airflow/example_dags/example_setup_teardown.py
[2026-04-02T16:26:41.899+0000] {processor.py:840} INFO - DAG(s) 'example_setup_teardown' retrieved from /home/airflow/.local/lib/python3.12/site-packages/airflow/example_dags/example_setup_teardown.py
[2026-04-02T16:26:41.913+0000] {logging_mixin.py:188} INFO - [2026-04-02T16:26:41.913+0000] {dag.py:3096} INFO - Sync 1 DAGs
[2026-04-02T16:26:41.927+0000] {logging_mixin.py:188} INFO - [2026-04-02T16:26:41.927+0000] {dag.py:3954} INFO - Setting next_dagrun for example_setup_teardown to 2026-04-01 00:00:00+00:00, run_after=2026-04-02 00:00:00+00:00
[2026-04-02T16:26:41.939+0000] {processor.py:183} INFO - Processing /home/airflow/.local/lib/python3.12/site-packages/airflow/example_dags/example_setup_teardown.py took 0.049 seconds
[2026-04-02T16:27:12.111+0000] {processor.py:161} INFO - Started process (PID=806) to work on /home/airflow/.local/lib/python3.12/site-packages/airflow/example_dags/example_setup_teardown.py
[2026-04-02T16:27:12.112+0000] {processor.py:830} INFO - Processing file /home/airflow/.local/lib/python3.12/site-packages/airflow/example_dags/example_setup_teardown.py for tasks to queue
[2026-04-02T16:27:12.113+0000] {logging_mixin.py:188} INFO - [2026-04-02T16:27:12.113+0000] {dagbag.py:540} INFO - Filling up the DagBag from /home/airflow/.local/lib/python3.12/site-packages/airflow/example_dags/example_setup_teardown.py
[2026-04-02T16:27:12.118+0000] {processor.py:840} INFO - DAG(s) 'example_setup_teardown' retrieved from /home/airflow/.local/lib/python3.12/site-packages/airflow/example_dags/example_setup_teardown.py
[2026-04-02T16:27:12.141+0000] {logging_mixin.py:188} INFO - [2026-04-02T16:27:12.140+0000] {dag.py:3096} INFO - Sync 1 DAGs
[2026-04-02T16:27:12.156+0000] {logging_mixin.py:188} INFO - [2026-04-02T16:27:12.156+0000] {dag.py:3954} INFO - Setting next_dagrun for example_setup_teardown to 2026-04-01 00:00:00+00:00, run_after=2026-04-02 00:00:00+00:00
[2026-04-02T16:27:12.170+0000] {processor.py:183} INFO - Processing /home/airflow/.local/lib/python3.12/site-packages/airflow/example_dags/example_setup_teardown.py took 0.062 seconds
[2026-04-02T16:27:42.664+0000] {processor.py:161} INFO - Started process (PID=864) to work on /home/airflow/.local/lib/python3.12/site-packages/airflow/example_dags/example_setup_teardown.py
[2026-04-02T16:27:42.665+0000] {processor.py:830} INFO - Processing file /home/airflow/.local/lib/python3.12/site-packages/airflow/example_dags/example_setup_teardown.py for tasks to queue
[2026-04-02T16:27:42.666+0000] {logging_mixin.py:188} INFO - [2026-04-02T16:27:42.666+0000] {dagbag.py:540} INFO - Filling up the DagBag from /home/airflow/.local/lib/python3.12/site-packages/airflow/example_dags/example_setup_teardown.py
[2026-04-02T16:27:42.673+0000] {processor.py:840} INFO - DAG(s) 'example_setup_teardown' retrieved from /home/airflow/.local/lib/python3.12/site-packages/airflow/example_dags/example_setup_teardown.py
[2026-04-02T16:27:42.685+0000] {logging_mixin.py:188} INFO - [2026-04-02T16:27:42.685+0000] {dag.py:3096} INFO - Sync 1 DAGs
[2026-04-02T16:27:42.698+0000] {logging_mixin.py:188} INFO - [2026-04-02T16:27:42.698+0000] {dag.py:3954} INFO - Setting next_dagrun for example_setup_teardown to 2026-04-01 00:00:00+00:00, run_after=2026-04-02 00:00:00+00:00
[2026-04-02T16:27:42.712+0000] {processor.py:183} INFO - Processing /home/airflow/.local/lib/python3.12/site-packages/airflow/example_dags/example_setup_teardown.py took 0.051 seconds
[2026-04-02T16:28:13.393+0000] {processor.py:161} INFO - Started process (PID=922) to work on /home/airflow/.local/lib/python3.12/site-packages/airflow/example_dags/example_setup_teardown.py
[2026-04-02T16:28:13.395+0000] {processor.py:830} INFO - Processing file /home/airflow/.local/lib/python3.12/site-packages/airflow/example_dags/example_setup_teardown.py for tasks to queue
[2026-04-02T16:28:13.397+0000] {logging_mixin.py:188} INFO - [2026-04-02T16:28:13.397+0000] {dagbag.py:540} INFO - Filling up the DagBag from /home/airflow/.local/lib/python3.12/site-packages/airflow/example_dags/example_setup_teardown.py
[2026-04-02T16:28:13.400+0000] {processor.py:840} INFO - DAG(s) 'example_setup_teardown' retrieved from /home/airflow/.local/lib/python3.12/site-packages/airflow/example_dags/example_setup_teardown.py
[2026-04-02T16:28:13.413+0000] {logging_mixin.py:188} INFO - [2026-04-02T16:28:13.413+0000] {dag.py:3096} INFO - Sync 1 DAGs
[2026-04-02T16:28:13.429+0000] {logging_mixin.py:188} INFO - [2026-04-02T16:28:13.429+0000] {dag.py:3954} INFO - Setting next_dagrun for example_setup_teardown to 2026-04-01 00:00:00+00:00, run_after=2026-04-02 00:00:00+00:00
[2026-04-02T16:28:13.444+0000] {processor.py:183} INFO - Processing /home/airflow/.local/lib/python3.12/site-packages/airflow/example_dags/example_setup_teardown.py took 0.054 seconds
[2026-04-02T16:28:44.757+0000] {processor.py:161} INFO - Started process (PID=980) to work on /home/airflow/.local/lib/python3.12/site-packages/airflow/example_dags/example_setup_teardown.py
[2026-04-02T16:28:44.759+0000] {processor.py:830} INFO - Processing file /home/airflow/.local/lib/python3.12/site-packages/airflow/example_dags/example_setup_teardown.py for tasks to queue
[2026-04-02T16:28:44.760+0000] {logging_mixin.py:188} INFO - [2026-04-02T16:28:44.760+0000] {dagbag.py:540} INFO - Filling up the DagBag from /home/airflow/.local/lib/python3.12/site-packages/airflow/example_dags/example_setup_teardown.py
[2026-04-02T16:28:44.765+0000] {processor.py:840} INFO - DAG(s) 'example_setup_teardown' retrieved from /home/airflow/.local/lib/python3.12/site-packages/airflow/example_dags/example_setup_teardown.py
[2026-04-02T16:28:44.837+0000] {logging_mixin.py:188} INFO - [2026-04-02T16:28:44.837+0000] {dag.py:3096} INFO - Sync 1 DAGs
[2026-04-02T16:28:44.945+0000] {logging_mixin.py:188} INFO - [2026-04-02T16:28:44.945+0000] {dag.py:3954} INFO - Setting next_dagrun for example_setup_teardown to 2026-04-01 00:00:00+00:00, run_after=2026-04-02 00:00:00+00:00
[2026-04-02T16:28:44.958+0000] {processor.py:183} INFO - Processing /home/airflow/.local/lib/python3.12/site-packages/airflow/example_dags/example_setup_teardown.py took 0.206 seconds
[2026-04-02T16:29:15.823+0000] {processor.py:161} INFO - Started process (PID=1038) to work on /home/airflow/.local/lib/python3.12/site-packages/airflow/example_dags/example_setup_teardown.py
[2026-04-02T16:29:15.824+0000] {processor.py:830} INFO - Processing file /home/airflow/.local/lib/python3.12/site-packages/airflow/example_dags/example_setup_teardown.py for tasks to queue
[2026-04-02T16:29:15.826+0000] {logging_mixin.py:188} INFO - [2026-04-02T16:29:15.826+0000] {dagbag.py:540} INFO - Filling up the DagBag from /home/airflow/.local/lib/python3.12/site-packages/airflow/example_dags/example_setup_teardown.py
[2026-04-02T16:29:15.832+0000] {processor.py:840} INFO - DAG(s) 'example_setup_teardown' retrieved from /home/airflow/.local/lib/python3.12/site-packages/airflow/example_dags/example_setup_teardown.py
[2026-04-02T16:29:15.852+0000] {logging_mixin.py:188} INFO - [2026-04-02T16:29:15.852+0000] {dag.py:3096} INFO - Sync 1 DAGs
[2026-04-02T16:29:15.866+0000] {logging_mixin.py:188} INFO - [2026-04-02T16:29:15.866+0000] {dag.py:3954} INFO - Setting next_dagrun for example_setup_teardown to 2026-04-01 00:00:00+00:00, run_after=2026-04-02 00:00:00+00:00
[2026-04-02T16:29:15.961+0000] {processor.py:183} INFO - Processing /home/airflow/.local/lib/python3.12/site-packages/airflow/example_dags/example_setup_teardown.py took 0.144 seconds
[2026-04-02T16:29:46.927+0000] {processor.py:161} INFO - Started process (PID=1096) to work on /home/airflow/.local/lib/python3.12/site-packages/airflow/example_dags/example_setup_teardown.py
[2026-04-02T16:29:46.930+0000] {processor.py:830} INFO - Processing file /home/airflow/.local/lib/python3.12/site-packages/airflow/example_dags/example_setup_teardown.py for tasks to queue
[2026-04-02T16:29:46.932+0000] {logging_mixin.py:188} INFO - [2026-04-02T16:29:46.932+0000] {dagbag.py:540} INFO - Filling up the DagBag from /home/airflow/.local/lib/python3.12/site-packages/airflow/example_dags/example_setup_teardown.py
[2026-04-02T16:29:46.941+0000] {processor.py:840} INFO - DAG(s) 'example_setup_teardown' retrieved from /home/airflow/.local/lib/python3.12/site-packages/airflow/example_dags/example_setup_teardown.py
[2026-04-02T16:29:46.970+0000] {logging_mixin.py:188} INFO - [2026-04-02T16:29:46.970+0000] {dag.py:3096} INFO - Sync 1 DAGs
[2026-04-02T16:29:46.991+0000] {logging_mixin.py:188} INFO - [2026-04-02T16:29:46.991+0000] {dag.py:3954} INFO - Setting next_dagrun for example_setup_teardown to 2026-04-01 00:00:00+00:00, run_after=2026-04-02 00:00:00+00:00
[2026-04-02T16:29:47.006+0000] {processor.py:183} INFO - Processing /home/airflow/.local/lib/python3.12/site-packages/airflow/example_dags/example_setup_teardown.py took 0.088 seconds
[2026-04-02T16:30:17.142+0000] {processor.py:161} INFO - Started process (PID=1154) to work on /home/airflow/.local/lib/python3.12/site-packages/airflow/example_dags/example_setup_teardown.py
[2026-04-02T16:30:17.142+0000] {processor.py:830} INFO - Processing file /home/airflow/.local/lib/python3.12/site-packages/airflow/example_dags/example_setup_teardown.py for tasks to queue
[2026-04-02T16:30:17.143+0000] {logging_mixin.py:188} INFO - [2026-04-02T16:30:17.143+0000] {dagbag.py:540} INFO - Filling up the DagBag from /home/airflow/.local/lib/python3.12/site-packages/airflow/example_dags/example_setup_teardown.py
[2026-04-02T16:30:17.150+0000] {processor.py:840} INFO - DAG(s) 'example_setup_teardown' retrieved from /home/airflow/.local/lib/python3.12/site-packages/airflow/example_dags/example_setup_teardown.py
[2026-04-02T16:30:17.166+0000] {logging_mixin.py:188} INFO - [2026-04-02T16:30:17.166+0000] {dag.py:3096} INFO - Sync 1 DAGs
[2026-04-02T16:30:17.183+0000] {logging_mixin.py:188} INFO - [2026-04-02T16:30:17.183+0000] {dag.py:3954} INFO - Setting next_dagrun for example_setup_teardown to 2026-04-01 00:00:00+00:00, run_after=2026-04-02 00:00:00+00:00
[2026-04-02T16:30:17.199+0000] {processor.py:183} INFO - Processing /home/airflow/.local/lib/python3.12/site-packages/airflow/example_dags/example_setup_teardown.py took 0.062 seconds
[2026-04-02T16:30:47.579+0000] {processor.py:161} INFO - Started process (PID=1212) to work on /home/airflow/.local/lib/python3.12/site-packages/airflow/example_dags/example_setup_teardown.py
[2026-04-02T16:30:47.579+0000] {processor.py:830} INFO - Processing file /home/airflow/.local/lib/python3.12/site-packages/airflow/example_dags/example_setup_teardown.py for tasks to queue
[2026-04-02T16:30:47.581+0000] {logging_mixin.py:188} INFO - [2026-04-02T16:30:47.581+0000] {dagbag.py:540} INFO - Filling up the DagBag from /home/airflow/.local/lib/python3.12/site-packages/airflow/example_dags/example_setup_teardown.py
[2026-04-02T16:30:47.586+0000] {processor.py:840} INFO - DAG(s) 'example_setup_teardown' retrieved from /home/airflow/.local/lib/python3.12/site-packages/airflow/example_dags/example_setup_teardown.py
[2026-04-02T16:30:47.602+0000] {logging_mixin.py:188} INFO - [2026-04-02T16:30:47.602+0000] {dag.py:3096} INFO - Sync 1 DAGs
[2026-04-02T16:30:47.613+0000] {logging_mixin.py:188} INFO - [2026-04-02T16:30:47.613+0000] {dag.py:3954} INFO - Setting next_dagrun for example_setup_teardown to 2026-04-01 00:00:00+00:00, run_after=2026-04-02 00:00:00+00:00
[2026-04-02T16:30:47.623+0000] {processor.py:183} INFO - Processing /home/airflow/.local/lib/python3.12/site-packages/airflow/example_dags/example_setup_teardown.py took 0.052 seconds
[2026-04-02T16:31:18.189+0000] {processor.py:161} INFO - Started process (PID=1270) to work on /home/airflow/.local/lib/python3.12/site-packages/airflow/example_dags/example_setup_teardown.py
[2026-04-02T16:31:18.190+0000] {processor.py:830} INFO - Processing file /home/airflow/.local/lib/python3.12/site-packages/airflow/example_dags/example_setup_teardown.py for tasks to queue
[2026-04-02T16:31:18.192+0000] {logging_mixin.py:188} INFO - [2026-04-02T16:31:18.192+0000] {dagbag.py:540} INFO - Filling up the DagBag from /home/airflow/.local/lib/python3.12/site-packages/airflow/example_dags/example_setup_teardown.py
[2026-04-02T16:31:18.198+0000] {processor.py:840} INFO - DAG(s) 'example_setup_teardown' retrieved from /home/airflow/.local/lib/python3.12/site-packages/airflow/example_dags/example_setup_teardown.py
[2026-04-02T16:31:18.217+0000] {logging_mixin.py:188} INFO - [2026-04-02T16:31:18.217+0000] {dag.py:3096} INFO - Sync 1 DAGs
[2026-04-02T16:31:18.228+0000] {logging_mixin.py:188} INFO - [2026-04-02T16:31:18.228+0000] {dag.py:3954} INFO - Setting next_dagrun for example_setup_teardown to 2026-04-01 00:00:00+00:00, run_after=2026-04-02 00:00:00+00:00
[2026-04-02T16:31:18.240+0000] {processor.py:183} INFO - Processing /home/airflow/.local/lib/python3.12/site-packages/airflow/example_dags/example_setup_teardown.py took 0.058 seconds
[2026-04-02T16:31:48.802+0000] {processor.py:161} INFO - Started process (PID=1328) to work on /home/airflow/.local/lib/python3.12/site-packages/airflow/example_dags/example_setup_teardown.py
[2026-04-02T16:31:48.803+0000] {processor.py:830} INFO - Processing file /home/airflow/.local/lib/python3.12/site-packages/airflow/example_dags/example_setup_teardown.py for tasks to queue
[2026-04-02T16:31:48.805+0000] {logging_mixin.py:188} INFO - [2026-04-02T16:31:48.805+0000] {dagbag.py:540} INFO - Filling up the DagBag from /home/airflow/.local/lib/python3.12/site-packages/airflow/example_dags/example_setup_teardown.py
[2026-04-02T16:31:48.812+0000] {processor.py:840} INFO - DAG(s) 'example_setup_teardown' retrieved from /home/airflow/.local/lib/python3.12/site-packages/airflow/example_dags/example_setup_teardown.py
[2026-04-02T16:31:48.829+0000] {logging_mixin.py:188} INFO - [2026-04-02T16:31:48.829+0000] {dag.py:3096} INFO - Sync 1 DAGs
[2026-04-02T16:31:48.840+0000] {logging_mixin.py:188} INFO - [2026-04-02T16:31:48.840+0000] {dag.py:3954} INFO - Setting next_dagrun for example_setup_teardown to 2026-04-01 00:00:00+00:00, run_after=2026-04-02 00:00:00+00:00
[2026-04-02T16:31:48.850+0000] {processor.py:183} INFO - Processing /home/airflow/.local/lib/python3.12/site-packages/airflow/example_dags/example_setup_teardown.py took 0.055 seconds
[2026-04-02T16:32:19.604+0000] {processor.py:161} INFO - Started process (PID=1386) to work on /home/airflow/.local/lib/python3.12/site-packages/airflow/example_dags/example_setup_teardown.py
[2026-04-02T16:32:19.605+0000] {processor.py:830} INFO - Processing file /home/airflow/.local/lib/python3.12/site-packages/airflow/example_dags/example_setup_teardown.py for tasks to queue
[2026-04-02T16:32:19.606+0000] {logging_mixin.py:188} INFO - [2026-04-02T16:32:19.606+0000] {dagbag.py:540} INFO - Filling up the DagBag from /home/airflow/.local/lib/python3.12/site-packages/airflow/example_dags/example_setup_teardown.py
[2026-04-02T16:32:19.611+0000] {processor.py:840} INFO - DAG(s) 'example_setup_teardown' retrieved from /home/airflow/.local/lib/python3.12/site-packages/airflow/example_dags/example_setup_teardown.py
[2026-04-02T16:32:19.625+0000] {logging_mixin.py:188} INFO - [2026-04-02T16:32:19.625+0000] {dag.py:3096} INFO - Sync 1 DAGs
[2026-04-02T16:32:19.636+0000] {logging_mixin.py:188} INFO - [2026-04-02T16:32:19.636+0000] {dag.py:3954} INFO - Setting next_dagrun for example_setup_teardown to 2026-04-01 00:00:00+00:00, run_after=2026-04-02 00:00:00+00:00
[2026-04-02T16:32:19.645+0000] {processor.py:183} INFO - Processing /home/airflow/.local/lib/python3.12/site-packages/airflow/example_dags/example_setup_teardown.py took 0.047 seconds
[2026-04-02T16:32:50.242+0000] {processor.py:161} INFO - Started process (PID=1444) to work on /home/airflow/.local/lib/python3.12/site-packages/airflow/example_dags/example_setup_teardown.py
[2026-04-02T16:32:50.243+0000] {processor.py:830} INFO - Processing file /home/airflow/.local/lib/python3.12/site-packages/airflow/example_dags/example_setup_teardown.py for tasks to queue
[2026-04-02T16:32:50.245+0000] {logging_mixin.py:188} INFO - [2026-04-02T16:32:50.245+0000] {dagbag.py:540} INFO - Filling up the DagBag from /home/airflow/.local/lib/python3.12/site-packages/airflow/example_dags/example_setup_teardown.py
[2026-04-02T16:32:50.253+0000] {processor.py:840} INFO - DAG(s) 'example_setup_teardown' retrieved from /home/airflow/.local/lib/python3.12/site-packages/airflow/example_dags/example_setup_teardown.py
[2026-04-02T16:32:50.268+0000] {logging_mixin.py:188} INFO - [2026-04-02T16:32:50.267+0000] {dag.py:3096} INFO - Sync 1 DAGs
[2026-04-02T16:32:50.279+0000] {logging_mixin.py:188} INFO - [2026-04-02T16:32:50.279+0000] {dag.py:3954} INFO - Setting next_dagrun for example_setup_teardown to 2026-04-01 00:00:00+00:00, run_after=2026-04-02 00:00:00+00:00
[2026-04-02T16:32:50.287+0000] {processor.py:183} INFO - Processing /home/airflow/.local/lib/python3.12/site-packages/airflow/example_dags/example_setup_teardown.py took 0.051 seconds
[2026-04-02T16:33:20.786+0000] {processor.py:161} INFO - Started process (PID=1502) to work on /home/airflow/.local/lib/python3.12/site-packages/airflow/example_dags/example_setup_teardown.py
[2026-04-02T16:33:20.786+0000] {processor.py:830} INFO - Processing file /home/airflow/.local/lib/python3.12/site-packages/airflow/example_dags/example_setup_teardown.py for tasks to queue
[2026-04-02T16:33:20.788+0000] {logging_mixin.py:188} INFO - [2026-04-02T16:33:20.788+0000] {dagbag.py:540} INFO - Filling up the DagBag from /home/airflow/.local/lib/python3.12/site-packages/airflow/example_dags/example_setup_teardown.py
[2026-04-02T16:33:20.793+0000] {processor.py:840} INFO - DAG(s) 'example_setup_teardown' retrieved from /home/airflow/.local/lib/python3.12/site-packages/airflow/example_dags/example_setup_teardown.py
[2026-04-02T16:33:20.808+0000] {logging_mixin.py:188} INFO - [2026-04-02T16:33:20.808+0000] {dag.py:3096} INFO - Sync 1 DAGs
[2026-04-02T16:33:20.818+0000] {logging_mixin.py:188} INFO - [2026-04-02T16:33:20.818+0000] {dag.py:3954} INFO - Setting next_dagrun for example_setup_teardown to 2026-04-01 00:00:00+00:00, run_after=2026-04-02 00:00:00+00:00
[2026-04-02T16:33:20.827+0000] {processor.py:183} INFO - Processing /home/airflow/.local/lib/python3.12/site-packages/airflow/example_dags/example_setup_teardown.py took 0.048 seconds
[2026-04-02T16:33:51.412+0000] {processor.py:161} INFO - Started process (PID=1560) to work on /home/airflow/.local/lib/python3.12/site-packages/airflow/example_dags/example_setup_teardown.py
[2026-04-02T16:33:51.413+0000] {processor.py:830} INFO - Processing file /home/airflow/.local/lib/python3.12/site-packages/airflow/example_dags/example_setup_teardown.py for tasks to queue
[2026-04-02T16:33:51.416+0000] {logging_mixin.py:188} INFO - [2026-04-02T16:33:51.415+0000] {dagbag.py:540} INFO - Filling up the DagBag from /home/airflow/.local/lib/python3.12/site-packages/airflow/example_dags/example_setup_teardown.py
[2026-04-02T16:33:51.423+0000] {processor.py:840} INFO - DAG(s) 'example_setup_teardown' retrieved from /home/airflow/.local/lib/python3.12/site-packages/airflow/example_dags/example_setup_teardown.py
[2026-04-02T16:33:51.440+0000] {logging_mixin.py:188} INFO - [2026-04-02T16:33:51.440+0000] {dag.py:3096} INFO - Sync 1 DAGs
[2026-04-02T16:33:51.453+0000] {logging_mixin.py:188} INFO - [2026-04-02T16:33:51.453+0000] {dag.py:3954} INFO - Setting next_dagrun for example_setup_teardown to 2026-04-01 00:00:00+00:00, run_after=2026-04-02 00:00:00+00:00
[2026-04-02T16:33:51.463+0000] {processor.py:183} INFO - Processing /home/airflow/.local/lib/python3.12/site-packages/airflow/example_dags/example_setup_teardown.py took 0.057 seconds
[2026-04-02T16:34:22.139+0000] {processor.py:161} INFO - Started process (PID=1618) to work on /home/airflow/.local/lib/python3.12/site-packages/airflow/example_dags/example_setup_teardown.py
[2026-04-02T16:34:22.140+0000] {processor.py:830} INFO - Processing file /home/airflow/.local/lib/python3.12/site-packages/airflow/example_dags/example_setup_teardown.py for tasks to queue
[2026-04-02T16:34:22.142+0000] {logging_mixin.py:188} INFO - [2026-04-02T16:34:22.141+0000] {dagbag.py:540} INFO - Filling up the DagBag from /home/airflow/.local/lib/python3.12/site-packages/airflow/example_dags/example_setup_teardown.py
[2026-04-02T16:34:22.146+0000] {processor.py:840} INFO - DAG(s) 'example_setup_teardown' retrieved from /home/airflow/.local/lib/python3.12/site-packages/airflow/example_dags/example_setup_teardown.py
[2026-04-02T16:34:22.161+0000] {logging_mixin.py:188} INFO - [2026-04-02T16:34:22.161+0000] {dag.py:3096} INFO - Sync 1 DAGs
[2026-04-02T16:34:22.172+0000] {logging_mixin.py:188} INFO - [2026-04-02T16:34:22.172+0000] {dag.py:3954} INFO - Setting next_dagrun for example_setup_teardown to 2026-04-01 00:00:00+00:00, run_after=2026-04-02 00:00:00+00:00
[2026-04-02T16:34:22.182+0000] {processor.py:183} INFO - Processing /home/airflow/.local/lib/python3.12/site-packages/airflow/example_dags/example_setup_teardown.py took 0.049 seconds
[2026-04-02T16:34:52.787+0000] {processor.py:161} INFO - Started process (PID=1676) to work on /home/airflow/.local/lib/python3.12/site-packages/airflow/example_dags/example_setup_teardown.py
[2026-04-02T16:34:52.788+0000] {processor.py:830} INFO - Processing file /home/airflow/.local/lib/python3.12/site-packages/airflow/example_dags/example_setup_teardown.py for tasks to queue
[2026-04-02T16:34:52.789+0000] {logging_mixin.py:188} INFO - [2026-04-02T16:34:52.789+0000] {dagbag.py:540} INFO - Filling up the DagBag from /home/airflow/.local/lib/python3.12/site-packages/airflow/example_dags/example_setup_teardown.py
[2026-04-02T16:34:52.795+0000] {processor.py:840} INFO - DAG(s) 'example_setup_teardown' retrieved from /home/airflow/.local/lib/python3.12/site-packages/airflow/example_dags/example_setup_teardown.py
[2026-04-02T16:34:52.810+0000] {logging_mixin.py:188} INFO - [2026-04-02T16:34:52.810+0000] {dag.py:3096} INFO - Sync 1 DAGs
[2026-04-02T16:34:52.821+0000] {logging_mixin.py:188} INFO - [2026-04-02T16:34:52.820+0000] {dag.py:3954} INFO - Setting next_dagrun for example_setup_teardown to 2026-04-01 00:00:00+00:00, run_after=2026-04-02 00:00:00+00:00
[2026-04-02T16:34:52.830+0000] {processor.py:183} INFO - Processing /home/airflow/.local/lib/python3.12/site-packages/airflow/example_dags/example_setup_teardown.py took 0.051 seconds
[2026-04-02T16:35:23.432+0000] {processor.py:161} INFO - Started process (PID=1734) to work on /home/airflow/.local/lib/python3.12/site-packages/airflow/example_dags/example_setup_teardown.py
[2026-04-02T16:35:23.433+0000] {processor.py:830} INFO - Processing file /home/airflow/.local/lib/python3.12/site-packages/airflow/example_dags/example_setup_teardown.py for tasks to queue
[2026-04-02T16:35:23.434+0000] {logging_mixin.py:188} INFO - [2026-04-02T16:35:23.434+0000] {dagbag.py:540} INFO - Filling up the DagBag from /home/airflow/.local/lib/python3.12/site-packages/airflow/example_dags/example_setup_teardown.py
[2026-04-02T16:35:23.439+0000] {processor.py:840} INFO - DAG(s) 'example_setup_teardown' retrieved from /home/airflow/.local/lib/python3.12/site-packages/airflow/example_dags/example_setup_teardown.py
[2026-04-02T16:35:23.453+0000] {logging_mixin.py:188} INFO - [2026-04-02T16:35:23.453+0000] {dag.py:3096} INFO - Sync 1 DAGs
[2026-04-02T16:35:23.464+0000] {logging_mixin.py:188} INFO - [2026-04-02T16:35:23.464+0000] {dag.py:3954} INFO - Setting next_dagrun for example_setup_teardown to 2026-04-01 00:00:00+00:00, run_after=2026-04-02 00:00:00+00:00
[2026-04-02T16:35:23.472+0000] {processor.py:183} INFO - Processing /home/airflow/.local/lib/python3.12/site-packages/airflow/example_dags/example_setup_teardown.py took 0.048 seconds
[2026-04-02T16:35:54.090+0000] {processor.py:161} INFO - Started process (PID=1792) to work on /home/airflow/.local/lib/python3.12/site-packages/airflow/example_dags/example_setup_teardown.py
[2026-04-02T16:35:54.091+0000] {processor.py:830} INFO - Processing file /home/airflow/.local/lib/python3.12/site-packages/airflow/example_dags/example_setup_teardown.py for tasks to queue
[2026-04-02T16:35:54.093+0000] {logging_mixin.py:188} INFO - [2026-04-02T16:35:54.093+0000] {dagbag.py:540} INFO - Filling up the DagBag from /home/airflow/.local/lib/python3.12/site-packages/airflow/example_dags/example_setup_teardown.py
[2026-04-02T16:35:54.099+0000] {processor.py:840} INFO - DAG(s) 'example_setup_teardown' retrieved from /home/airflow/.local/lib/python3.12/site-packages/airflow/example_dags/example_setup_teardown.py
[2026-04-02T16:35:54.114+0000] {logging_mixin.py:188} INFO - [2026-04-02T16:35:54.114+0000] {dag.py:3096} INFO - Sync 1 DAGs
[2026-04-02T16:35:54.125+0000] {logging_mixin.py:188} INFO - [2026-04-02T16:35:54.125+0000] {dag.py:3954} INFO - Setting next_dagrun for example_setup_teardown to 2026-04-01 00:00:00+00:00, run_after=2026-04-02 00:00:00+00:00
[2026-04-02T16:35:54.135+0000] {processor.py:183} INFO - Processing /home/airflow/.local/lib/python3.12/site-packages/airflow/example_dags/example_setup_teardown.py took 0.051 seconds
[2026-04-02T16:36:24.747+0000] {processor.py:161} INFO - Started process (PID=1850) to work on /home/airflow/.local/lib/python3.12/site-packages/airflow/example_dags/example_setup_teardown.py
[2026-04-02T16:36:24.747+0000] {processor.py:830} INFO - Processing file /home/airflow/.local/lib/python3.12/site-packages/airflow/example_dags/example_setup_teardown.py for tasks to queue
[2026-04-02T16:36:24.750+0000] {logging_mixin.py:188} INFO - [2026-04-02T16:36:24.749+0000] {dagbag.py:540} INFO - Filling up the DagBag from /home/airflow/.local/lib/python3.12/site-packages/airflow/example_dags/example_setup_teardown.py
[2026-04-02T16:36:24.755+0000] {processor.py:840} INFO - DAG(s) 'example_setup_teardown' retrieved from /home/airflow/.local/lib/python3.12/site-packages/airflow/example_dags/example_setup_teardown.py
[2026-04-02T16:36:24.769+0000] {logging_mixin.py:188} INFO - [2026-04-02T16:36:24.769+0000] {dag.py:3096} INFO - Sync 1 DAGs
[2026-04-02T16:36:24.779+0000] {logging_mixin.py:188} INFO - [2026-04-02T16:36:24.779+0000] {dag.py:3954} INFO - Setting next_dagrun for example_setup_teardown to 2026-04-01 00:00:00+00:00, run_after=2026-04-02 00:00:00+00:00
[2026-04-02T16:36:24.788+0000] {processor.py:183} INFO - Processing /home/airflow/.local/lib/python3.12/site-packages/airflow/example_dags/example_setup_teardown.py took 0.047 seconds
[2026-04-02T16:36:55.298+0000] {processor.py:161} INFO - Started process (PID=1908) to work on /home/airflow/.local/lib/python3.12/site-packages/airflow/example_dags/example_setup_teardown.py
[2026-04-02T16:36:55.299+0000] {processor.py:830} INFO - Processing file /home/airflow/.local/lib/python3.12/site-packages/airflow/example_dags/example_setup_teardown.py for tasks to queue
[2026-04-02T16:36:55.302+0000] {logging_mixin.py:188} INFO - [2026-04-02T16:36:55.302+0000] {dagbag.py:540} INFO - Filling up the DagBag from /home/airflow/.local/lib/python3.12/site-packages/airflow/example_dags/example_setup_teardown.py
[2026-04-02T16:36:55.306+0000] {processor.py:840} INFO - DAG(s) 'example_setup_teardown' retrieved from /home/airflow/.local/lib/python3.12/site-packages/airflow/example_dags/example_setup_teardown.py
[2026-04-02T16:36:55.320+0000] {logging_mixin.py:188} INFO - [2026-04-02T16:36:55.320+0000] {dag.py:3096} INFO - Sync 1 DAGs
[2026-04-02T16:36:55.331+0000] {logging_mixin.py:188} INFO - [2026-04-02T16:36:55.331+0000] {dag.py:3954} INFO - Setting next_dagrun for example_setup_teardown to 2026-04-01 00:00:00+00:00, run_after=2026-04-02 00:00:00+00:00
[2026-04-02T16:36:55.342+0000] {processor.py:183} INFO - Processing /home/airflow/.local/lib/python3.12/site-packages/airflow/example_dags/example_setup_teardown.py took 0.048 seconds
[2026-04-02T16:37:25.975+0000] {processor.py:161} INFO - Started process (PID=1966) to work on /home/airflow/.local/lib/python3.12/site-packages/airflow/example_dags/example_setup_teardown.py
[2026-04-02T16:37:25.975+0000] {processor.py:830} INFO - Processing file /home/airflow/.local/lib/python3.12/site-packages/airflow/example_dags/example_setup_teardown.py for tasks to queue
[2026-04-02T16:37:25.976+0000] {logging_mixin.py:188} INFO - [2026-04-02T16:37:25.976+0000] {dagbag.py:540} INFO - Filling up the DagBag from /home/airflow/.local/lib/python3.12/site-packages/airflow/example_dags/example_setup_teardown.py
[2026-04-02T16:37:25.980+0000] {processor.py:840} INFO - DAG(s) 'example_setup_teardown' retrieved from /home/airflow/.local/lib/python3.12/site-packages/airflow/example_dags/example_setup_teardown.py
[2026-04-02T16:37:25.993+0000] {logging_mixin.py:188} INFO - [2026-04-02T16:37:25.993+0000] {dag.py:3096} INFO - Sync 1 DAGs
[2026-04-02T16:37:26.003+0000] {logging_mixin.py:188} INFO - [2026-04-02T16:37:26.003+0000] {dag.py:3954} INFO - Setting next_dagrun for example_setup_teardown to 2026-04-01 00:00:00+00:00, run_after=2026-04-02 00:00:00+00:00
[2026-04-02T16:37:26.012+0000] {processor.py:183} INFO - Processing /home/airflow/.local/lib/python3.12/site-packages/airflow/example_dags/example_setup_teardown.py took 0.041 seconds
[2026-04-02T16:37:56.572+0000] {processor.py:161} INFO - Started process (PID=2024) to work on /home/airflow/.local/lib/python3.12/site-packages/airflow/example_dags/example_setup_teardown.py
[2026-04-02T16:37:56.574+0000] {processor.py:830} INFO - Processing file /home/airflow/.local/lib/python3.12/site-packages/airflow/example_dags/example_setup_teardown.py for tasks to queue
[2026-04-02T16:37:56.577+0000] {logging_mixin.py:188} INFO - [2026-04-02T16:37:56.576+0000] {dagbag.py:540} INFO - Filling up the DagBag from /home/airflow/.local/lib/python3.12/site-packages/airflow/example_dags/example_setup_teardown.py
[2026-04-02T16:37:56.581+0000] {processor.py:840} INFO - DAG(s) 'example_setup_teardown' retrieved from /home/airflow/.local/lib/python3.12/site-packages/airflow/example_dags/example_setup_teardown.py
[2026-04-02T16:37:56.596+0000] {logging_mixin.py:188} INFO - [2026-04-02T16:37:56.596+0000] {dag.py:3096} INFO - Sync 1 DAGs
[2026-04-02T16:37:56.608+0000] {logging_mixin.py:188} INFO - [2026-04-02T16:37:56.607+0000] {dag.py:3954} INFO - Setting next_dagrun for example_setup_teardown to 2026-04-01 00:00:00+00:00, run_after=2026-04-02 00:00:00+00:00
[2026-04-02T16:37:56.616+0000] {processor.py:183} INFO - Processing /home/airflow/.local/lib/python3.12/site-packages/airflow/example_dags/example_setup_teardown.py took 0.052 seconds
[2026-04-02T16:38:27.241+0000] {processor.py:161} INFO - Started process (PID=2082) to work on /home/airflow/.local/lib/python3.12/site-packages/airflow/example_dags/example_setup_teardown.py
[2026-04-02T16:38:27.242+0000] {processor.py:830} INFO - Processing file /home/airflow/.local/lib/python3.12/site-packages/airflow/example_dags/example_setup_teardown.py for tasks to queue
[2026-04-02T16:38:27.243+0000] {logging_mixin.py:188} INFO - [2026-04-02T16:38:27.243+0000] {dagbag.py:540} INFO - Filling up the DagBag from /home/airflow/.local/lib/python3.12/site-packages/airflow/example_dags/example_setup_teardown.py
[2026-04-02T16:38:27.248+0000] {processor.py:840} INFO - DAG(s) 'example_setup_teardown' retrieved from /home/airflow/.local/lib/python3.12/site-packages/airflow/example_dags/example_setup_teardown.py
[2026-04-02T16:38:27.261+0000] {logging_mixin.py:188} INFO - [2026-04-02T16:38:27.261+0000] {dag.py:3096} INFO - Sync 1 DAGs
[2026-04-02T16:38:27.272+0000] {logging_mixin.py:188} INFO - [2026-04-02T16:38:27.272+0000] {dag.py:3954} INFO - Setting next_dagrun for example_setup_teardown to 2026-04-01 00:00:00+00:00, run_after=2026-04-02 00:00:00+00:00
[2026-04-02T16:38:27.281+0000] {processor.py:183} INFO - Processing /home/airflow/.local/lib/python3.12/site-packages/airflow/example_dags/example_setup_teardown.py took 0.046 seconds
[2026-04-02T16:38:57.963+0000] {processor.py:161} INFO - Started process (PID=2140) to work on /home/airflow/.local/lib/python3.12/site-packages/airflow/example_dags/example_setup_teardown.py
[2026-04-02T16:38:57.964+0000] {processor.py:830} INFO - Processing file /home/airflow/.local/lib/python3.12/site-packages/airflow/example_dags/example_setup_teardown.py for tasks to queue
[2026-04-02T16:38:57.966+0000] {logging_mixin.py:188} INFO - [2026-04-02T16:38:57.965+0000] {dagbag.py:540} INFO - Filling up the DagBag from /home/airflow/.local/lib/python3.12/site-packages/airflow/example_dags/example_setup_teardown.py
[2026-04-02T16:38:57.972+0000] {processor.py:840} INFO - DAG(s) 'example_setup_teardown' retrieved from /home/airflow/.local/lib/python3.12/site-packages/airflow/example_dags/example_setup_teardown.py
[2026-04-02T16:38:57.991+0000] {logging_mixin.py:188} INFO - [2026-04-02T16:38:57.991+0000] {dag.py:3096} INFO - Sync 1 DAGs
[2026-04-02T16:38:58.003+0000] {logging_mixin.py:188} INFO - [2026-04-02T16:38:58.003+0000] {dag.py:3954} INFO - Setting next_dagrun for example_setup_teardown to 2026-04-01 00:00:00+00:00, run_after=2026-04-02 00:00:00+00:00
[2026-04-02T16:38:58.014+0000] {processor.py:183} INFO - Processing /home/airflow/.local/lib/python3.12/site-packages/airflow/example_dags/example_setup_teardown.py took 0.057 seconds
[2026-04-02T16:39:28.581+0000] {processor.py:161} INFO - Started process (PID=2198) to work on /home/airflow/.local/lib/python3.12/site-packages/airflow/example_dags/example_setup_teardown.py
[2026-04-02T16:39:28.583+0000] {processor.py:830} INFO - Processing file /home/airflow/.local/lib/python3.12/site-packages/airflow/example_dags/example_setup_teardown.py for tasks to queue
[2026-04-02T16:39:28.585+0000] {logging_mixin.py:188} INFO - [2026-04-02T16:39:28.585+0000] {dagbag.py:540} INFO - Filling up the DagBag from /home/airflow/.local/lib/python3.12/site-packages/airflow/example_dags/example_setup_teardown.py
[2026-04-02T16:39:28.589+0000] {processor.py:840} INFO - DAG(s) 'example_setup_teardown' retrieved from /home/airflow/.local/lib/python3.12/site-packages/airflow/example_dags/example_setup_teardown.py
[2026-04-02T16:39:28.601+0000] {logging_mixin.py:188} INFO - [2026-04-02T16:39:28.601+0000] {dag.py:3096} INFO - Sync 1 DAGs
[2026-04-02T16:39:28.613+0000] {logging_mixin.py:188} INFO - [2026-04-02T16:39:28.613+0000] {dag.py:3954} INFO - Setting next_dagrun for example_setup_teardown to 2026-04-01 00:00:00+00:00, run_after=2026-04-02 00:00:00+00:00
[2026-04-02T16:39:28.624+0000] {processor.py:183} INFO - Processing /home/airflow/.local/lib/python3.12/site-packages/airflow/example_dags/example_setup_teardown.py took 0.046 seconds
[2026-04-02T16:39:59.179+0000] {processor.py:161} INFO - Started process (PID=2256) to work on /home/airflow/.local/lib/python3.12/site-packages/airflow/example_dags/example_setup_teardown.py
[2026-04-02T16:39:59.179+0000] {processor.py:830} INFO - Processing file /home/airflow/.local/lib/python3.12/site-packages/airflow/example_dags/example_setup_teardown.py for tasks to queue
[2026-04-02T16:39:59.180+0000] {logging_mixin.py:188} INFO - [2026-04-02T16:39:59.180+0000] {dagbag.py:540} INFO - Filling up the DagBag from /home/airflow/.local/lib/python3.12/site-packages/airflow/example_dags/example_setup_teardown.py
[2026-04-02T16:39:59.184+0000] {processor.py:840} INFO - DAG(s) 'example_setup_teardown' retrieved from /home/airflow/.local/lib/python3.12/site-packages/airflow/example_dags/example_setup_teardown.py
[2026-04-02T16:39:59.197+0000] {logging_mixin.py:188} INFO - [2026-04-02T16:39:59.196+0000] {dag.py:3096} INFO - Sync 1 DAGs
[2026-04-02T16:39:59.207+0000] {logging_mixin.py:188} INFO - [2026-04-02T16:39:59.207+0000] {dag.py:3954} INFO - Setting next_dagrun for example_setup_teardown to 2026-04-01 00:00:00+00:00, run_after=2026-04-02 00:00:00+00:00
[2026-04-02T16:39:59.216+0000] {processor.py:183} INFO - Processing /home/airflow/.local/lib/python3.12/site-packages/airflow/example_dags/example_setup_teardown.py took 0.041 seconds
[2026-04-02T16:40:29.832+0000] {processor.py:161} INFO - Started process (PID=2314) to work on /home/airflow/.local/lib/python3.12/site-packages/airflow/example_dags/example_setup_teardown.py
[2026-04-02T16:40:29.833+0000] {processor.py:830} INFO - Processing file /home/airflow/.local/lib/python3.12/site-packages/airflow/example_dags/example_setup_teardown.py for tasks to queue
[2026-04-02T16:40:29.834+0000] {logging_mixin.py:188} INFO - [2026-04-02T16:40:29.834+0000] {dagbag.py:540} INFO - Filling up the DagBag from /home/airflow/.local/lib/python3.12/site-packages/airflow/example_dags/example_setup_teardown.py
[2026-04-02T16:40:29.840+0000] {processor.py:840} INFO - DAG(s) 'example_setup_teardown' retrieved from /home/airflow/.local/lib/python3.12/site-packages/airflow/example_dags/example_setup_teardown.py
[2026-04-02T16:40:29.857+0000] {logging_mixin.py:188} INFO - [2026-04-02T16:40:29.857+0000] {dag.py:3096} INFO - Sync 1 DAGs
[2026-04-02T16:40:29.869+0000] {logging_mixin.py:188} INFO - [2026-04-02T16:40:29.869+0000] {dag.py:3954} INFO - Setting next_dagrun for example_setup_teardown to 2026-04-01 00:00:00+00:00, run_after=2026-04-02 00:00:00+00:00
[2026-04-02T16:40:29.878+0000] {processor.py:183} INFO - Processing /home/airflow/.local/lib/python3.12/site-packages/airflow/example_dags/example_setup_teardown.py took 0.052 seconds
[2026-04-02T16:41:00.608+0000] {processor.py:161} INFO - Started process (PID=2372) to work on /home/airflow/.local/lib/python3.12/site-packages/airflow/example_dags/example_setup_teardown.py
[2026-04-02T16:41:00.612+0000] {processor.py:830} INFO - Processing file /home/airflow/.local/lib/python3.12/site-packages/airflow/example_dags/example_setup_teardown.py for tasks to queue
[2026-04-02T16:41:00.613+0000] {logging_mixin.py:188} INFO - [2026-04-02T16:41:00.613+0000] {dagbag.py:540} INFO - Filling up the DagBag from /home/airflow/.local/lib/python3.12/site-packages/airflow/example_dags/example_setup_teardown.py
[2026-04-02T16:41:00.624+0000] {processor.py:840} INFO - DAG(s) 'example_setup_teardown' retrieved from /home/airflow/.local/lib/python3.12/site-packages/airflow/example_dags/example_setup_teardown.py
[2026-04-02T16:41:00.643+0000] {logging_mixin.py:188} INFO - [2026-04-02T16:41:00.643+0000] {dag.py:3096} INFO - Sync 1 DAGs
[2026-04-02T16:41:00.658+0000] {logging_mixin.py:188} INFO - [2026-04-02T16:41:00.657+0000] {dag.py:3954} INFO - Setting next_dagrun for example_setup_teardown to 2026-04-01 00:00:00+00:00, run_after=2026-04-02 00:00:00+00:00
[2026-04-02T16:41:00.674+0000] {processor.py:183} INFO - Processing /home/airflow/.local/lib/python3.12/site-packages/airflow/example_dags/example_setup_teardown.py took 0.070 seconds
[2026-04-02T16:41:31.499+0000] {processor.py:161} INFO - Started process (PID=2430) to work on /home/airflow/.local/lib/python3.12/site-packages/airflow/example_dags/example_setup_teardown.py
[2026-04-02T16:41:31.500+0000] {processor.py:830} INFO - Processing file /home/airflow/.local/lib/python3.12/site-packages/airflow/example_dags/example_setup_teardown.py for tasks to queue
[2026-04-02T16:41:31.501+0000] {logging_mixin.py:188} INFO - [2026-04-02T16:41:31.501+0000] {dagbag.py:540} INFO - Filling up the DagBag from /home/airflow/.local/lib/python3.12/site-packages/airflow/example_dags/example_setup_teardown.py
[2026-04-02T16:41:31.505+0000] {processor.py:840} INFO - DAG(s) 'example_setup_teardown' retrieved from /home/airflow/.local/lib/python3.12/site-packages/airflow/example_dags/example_setup_teardown.py
[2026-04-02T16:41:31.524+0000] {logging_mixin.py:188} INFO - [2026-04-02T16:41:31.523+0000] {dag.py:3096} INFO - Sync 1 DAGs
[2026-04-02T16:41:31.540+0000] {logging_mixin.py:188} INFO - [2026-04-02T16:41:31.540+0000] {dag.py:3954} INFO - Setting next_dagrun for example_setup_teardown to 2026-04-01 00:00:00+00:00, run_after=2026-04-02 00:00:00+00:00
[2026-04-02T16:41:31.552+0000] {processor.py:183} INFO - Processing /home/airflow/.local/lib/python3.12/site-packages/airflow/example_dags/example_setup_teardown.py took 0.059 seconds
[2026-04-02T16:42:02.436+0000] {processor.py:161} INFO - Started process (PID=2488) to work on /home/airflow/.local/lib/python3.12/site-packages/airflow/example_dags/example_setup_teardown.py
[2026-04-02T16:42:02.437+0000] {processor.py:830} INFO - Processing file /home/airflow/.local/lib/python3.12/site-packages/airflow/example_dags/example_setup_teardown.py for tasks to queue
[2026-04-02T16:42:02.438+0000] {logging_mixin.py:188} INFO - [2026-04-02T16:42:02.438+0000] {dagbag.py:540} INFO - Filling up the DagBag from /home/airflow/.local/lib/python3.12/site-packages/airflow/example_dags/example_setup_teardown.py
[2026-04-02T16:42:02.444+0000] {processor.py:840} INFO - DAG(s) 'example_setup_teardown' retrieved from /home/airflow/.local/lib/python3.12/site-packages/airflow/example_dags/example_setup_teardown.py
[2026-04-02T16:42:02.459+0000] {logging_mixin.py:188} INFO - [2026-04-02T16:42:02.459+0000] {dag.py:3096} INFO - Sync 1 DAGs
[2026-04-02T16:42:02.471+0000] {logging_mixin.py:188} INFO - [2026-04-02T16:42:02.471+0000] {dag.py:3954} INFO - Setting next_dagrun for example_setup_teardown to 2026-04-01 00:00:00+00:00, run_after=2026-04-02 00:00:00+00:00
[2026-04-02T16:42:02.488+0000] {processor.py:183} INFO - Processing /home/airflow/.local/lib/python3.12/site-packages/airflow/example_dags/example_setup_teardown.py took 0.056 seconds
[2026-04-02T16:42:33.400+0000] {processor.py:161} INFO - Started process (PID=2546) to work on /home/airflow/.local/lib/python3.12/site-packages/airflow/example_dags/example_setup_teardown.py
[2026-04-02T16:42:33.401+0000] {processor.py:830} INFO - Processing file /home/airflow/.local/lib/python3.12/site-packages/airflow/example_dags/example_setup_teardown.py for tasks to queue
[2026-04-02T16:42:33.406+0000] {logging_mixin.py:188} INFO - [2026-04-02T16:42:33.405+0000] {dagbag.py:540} INFO - Filling up the DagBag from /home/airflow/.local/lib/python3.12/site-packages/airflow/example_dags/example_setup_teardown.py
[2026-04-02T16:42:33.409+0000] {processor.py:840} INFO - DAG(s) 'example_setup_teardown' retrieved from /home/airflow/.local/lib/python3.12/site-packages/airflow/example_dags/example_setup_teardown.py
[2026-04-02T16:42:33.430+0000] {logging_mixin.py:188} INFO - [2026-04-02T16:42:33.430+0000] {dag.py:3096} INFO - Sync 1 DAGs
[2026-04-02T16:42:33.444+0000] {logging_mixin.py:188} INFO - [2026-04-02T16:42:33.444+0000] {dag.py:3954} INFO - Setting next_dagrun for example_setup_teardown to 2026-04-01 00:00:00+00:00, run_after=2026-04-02 00:00:00+00:00
[2026-04-02T16:42:33.461+0000] {processor.py:183} INFO - Processing /home/airflow/.local/lib/python3.12/site-packages/airflow/example_dags/example_setup_teardown.py took 0.065 seconds
