[2026-04-02T16:20:35.575+0000] {processor.py:161} INFO - Started process (PID=86) to work on /home/airflow/.local/lib/python3.12/site-packages/airflow/example_dags/example_external_task_marker_dag.py
[2026-04-02T16:20:35.577+0000] {processor.py:830} INFO - Processing file /home/airflow/.local/lib/python3.12/site-packages/airflow/example_dags/example_external_task_marker_dag.py for tasks to queue
[2026-04-02T16:20:35.578+0000] {logging_mixin.py:188} INFO - [2026-04-02T16:20:35.578+0000] {dagbag.py:540} INFO - Filling up the DagBag from /home/airflow/.local/lib/python3.12/site-packages/airflow/example_dags/example_external_task_marker_dag.py
[2026-04-02T16:20:35.582+0000] {processor.py:840} INFO - DAG(s) 'example_external_task_marker_child', 'example_external_task_marker_parent' retrieved from /home/airflow/.local/lib/python3.12/site-packages/airflow/example_dags/example_external_task_marker_dag.py
[2026-04-02T16:20:35.591+0000] {logging_mixin.py:188} INFO - [2026-04-02T16:20:35.591+0000] {dag.py:3096} INFO - Sync 2 DAGs
[2026-04-02T16:20:35.599+0000] {logging_mixin.py:188} INFO - [2026-04-02T16:20:35.599+0000] {dag.py:3954} INFO - Setting next_dagrun for example_external_task_marker_child to None, run_after=None
[2026-04-02T16:20:35.603+0000] {logging_mixin.py:188} INFO - [2026-04-02T16:20:35.603+0000] {dag.py:3954} INFO - Setting next_dagrun for example_external_task_marker_parent to None, run_after=None
[2026-04-02T16:20:35.611+0000] {processor.py:183} INFO - Processing /home/airflow/.local/lib/python3.12/site-packages/airflow/example_dags/example_external_task_marker_dag.py took 0.042 seconds
[2026-04-02T16:21:07.232+0000] {processor.py:161} INFO - Started process (PID=144) to work on /home/airflow/.local/lib/python3.12/site-packages/airflow/example_dags/example_external_task_marker_dag.py
[2026-04-02T16:21:07.233+0000] {processor.py:830} INFO - Processing file /home/airflow/.local/lib/python3.12/site-packages/airflow/example_dags/example_external_task_marker_dag.py for tasks to queue
[2026-04-02T16:21:07.234+0000] {logging_mixin.py:188} INFO - [2026-04-02T16:21:07.234+0000] {dagbag.py:540} INFO - Filling up the DagBag from /home/airflow/.local/lib/python3.12/site-packages/airflow/example_dags/example_external_task_marker_dag.py
[2026-04-02T16:21:07.237+0000] {processor.py:840} INFO - DAG(s) 'example_external_task_marker_parent', 'example_external_task_marker_child' retrieved from /home/airflow/.local/lib/python3.12/site-packages/airflow/example_dags/example_external_task_marker_dag.py
[2026-04-02T16:21:07.297+0000] {logging_mixin.py:188} INFO - [2026-04-02T16:21:07.297+0000] {dag.py:3096} INFO - Sync 2 DAGs
[2026-04-02T16:21:07.304+0000] {logging_mixin.py:188} INFO - [2026-04-02T16:21:07.303+0000] {dag.py:3954} INFO - Setting next_dagrun for example_external_task_marker_child to None, run_after=None
[2026-04-02T16:21:07.305+0000] {logging_mixin.py:188} INFO - [2026-04-02T16:21:07.305+0000] {dag.py:3954} INFO - Setting next_dagrun for example_external_task_marker_parent to None, run_after=None
[2026-04-02T16:21:07.314+0000] {processor.py:183} INFO - Processing /home/airflow/.local/lib/python3.12/site-packages/airflow/example_dags/example_external_task_marker_dag.py took 0.084 seconds
[2026-04-02T16:21:37.333+0000] {processor.py:161} INFO - Started process (PID=202) to work on /home/airflow/.local/lib/python3.12/site-packages/airflow/example_dags/example_external_task_marker_dag.py
[2026-04-02T16:21:37.335+0000] {processor.py:830} INFO - Processing file /home/airflow/.local/lib/python3.12/site-packages/airflow/example_dags/example_external_task_marker_dag.py for tasks to queue
[2026-04-02T16:21:37.336+0000] {logging_mixin.py:188} INFO - [2026-04-02T16:21:37.336+0000] {dagbag.py:540} INFO - Filling up the DagBag from /home/airflow/.local/lib/python3.12/site-packages/airflow/example_dags/example_external_task_marker_dag.py
[2026-04-02T16:21:37.340+0000] {processor.py:840} INFO - DAG(s) 'example_external_task_marker_child', 'example_external_task_marker_parent' retrieved from /home/airflow/.local/lib/python3.12/site-packages/airflow/example_dags/example_external_task_marker_dag.py
[2026-04-02T16:21:37.352+0000] {logging_mixin.py:188} INFO - [2026-04-02T16:21:37.352+0000] {dag.py:3096} INFO - Sync 2 DAGs
[2026-04-02T16:21:37.358+0000] {logging_mixin.py:188} INFO - [2026-04-02T16:21:37.358+0000] {dag.py:3954} INFO - Setting next_dagrun for example_external_task_marker_child to None, run_after=None
[2026-04-02T16:21:37.360+0000] {logging_mixin.py:188} INFO - [2026-04-02T16:21:37.360+0000] {dag.py:3954} INFO - Setting next_dagrun for example_external_task_marker_parent to None, run_after=None
[2026-04-02T16:21:37.367+0000] {processor.py:183} INFO - Processing /home/airflow/.local/lib/python3.12/site-packages/airflow/example_dags/example_external_task_marker_dag.py took 0.037 seconds
[2026-04-02T16:22:08.053+0000] {processor.py:161} INFO - Started process (PID=260) to work on /home/airflow/.local/lib/python3.12/site-packages/airflow/example_dags/example_external_task_marker_dag.py
[2026-04-02T16:22:08.054+0000] {processor.py:830} INFO - Processing file /home/airflow/.local/lib/python3.12/site-packages/airflow/example_dags/example_external_task_marker_dag.py for tasks to queue
[2026-04-02T16:22:08.055+0000] {logging_mixin.py:188} INFO - [2026-04-02T16:22:08.055+0000] {dagbag.py:540} INFO - Filling up the DagBag from /home/airflow/.local/lib/python3.12/site-packages/airflow/example_dags/example_external_task_marker_dag.py
[2026-04-02T16:22:08.059+0000] {processor.py:840} INFO - DAG(s) 'example_external_task_marker_parent', 'example_external_task_marker_child' retrieved from /home/airflow/.local/lib/python3.12/site-packages/airflow/example_dags/example_external_task_marker_dag.py
[2026-04-02T16:22:08.074+0000] {logging_mixin.py:188} INFO - [2026-04-02T16:22:08.073+0000] {dag.py:3096} INFO - Sync 2 DAGs
[2026-04-02T16:22:08.080+0000] {logging_mixin.py:188} INFO - [2026-04-02T16:22:08.080+0000] {dag.py:3954} INFO - Setting next_dagrun for example_external_task_marker_child to None, run_after=None
[2026-04-02T16:22:08.082+0000] {logging_mixin.py:188} INFO - [2026-04-02T16:22:08.082+0000] {dag.py:3954} INFO - Setting next_dagrun for example_external_task_marker_parent to None, run_after=None
[2026-04-02T16:22:08.089+0000] {processor.py:183} INFO - Processing /home/airflow/.local/lib/python3.12/site-packages/airflow/example_dags/example_external_task_marker_dag.py took 0.039 seconds
[2026-04-02T16:22:38.773+0000] {processor.py:161} INFO - Started process (PID=318) to work on /home/airflow/.local/lib/python3.12/site-packages/airflow/example_dags/example_external_task_marker_dag.py
[2026-04-02T16:22:38.773+0000] {processor.py:830} INFO - Processing file /home/airflow/.local/lib/python3.12/site-packages/airflow/example_dags/example_external_task_marker_dag.py for tasks to queue
[2026-04-02T16:22:38.774+0000] {logging_mixin.py:188} INFO - [2026-04-02T16:22:38.774+0000] {dagbag.py:540} INFO - Filling up the DagBag from /home/airflow/.local/lib/python3.12/site-packages/airflow/example_dags/example_external_task_marker_dag.py
[2026-04-02T16:22:38.778+0000] {processor.py:840} INFO - DAG(s) 'example_external_task_marker_parent', 'example_external_task_marker_child' retrieved from /home/airflow/.local/lib/python3.12/site-packages/airflow/example_dags/example_external_task_marker_dag.py
[2026-04-02T16:22:38.792+0000] {logging_mixin.py:188} INFO - [2026-04-02T16:22:38.792+0000] {dag.py:3096} INFO - Sync 2 DAGs
[2026-04-02T16:22:38.798+0000] {logging_mixin.py:188} INFO - [2026-04-02T16:22:38.798+0000] {dag.py:3954} INFO - Setting next_dagrun for example_external_task_marker_child to None, run_after=None
[2026-04-02T16:22:38.800+0000] {logging_mixin.py:188} INFO - [2026-04-02T16:22:38.800+0000] {dag.py:3954} INFO - Setting next_dagrun for example_external_task_marker_parent to None, run_after=None
[2026-04-02T16:22:38.807+0000] {processor.py:183} INFO - Processing /home/airflow/.local/lib/python3.12/site-packages/airflow/example_dags/example_external_task_marker_dag.py took 0.037 seconds
[2026-04-02T16:23:09.440+0000] {processor.py:161} INFO - Started process (PID=376) to work on /home/airflow/.local/lib/python3.12/site-packages/airflow/example_dags/example_external_task_marker_dag.py
[2026-04-02T16:23:09.441+0000] {processor.py:830} INFO - Processing file /home/airflow/.local/lib/python3.12/site-packages/airflow/example_dags/example_external_task_marker_dag.py for tasks to queue
[2026-04-02T16:23:09.443+0000] {logging_mixin.py:188} INFO - [2026-04-02T16:23:09.443+0000] {dagbag.py:540} INFO - Filling up the DagBag from /home/airflow/.local/lib/python3.12/site-packages/airflow/example_dags/example_external_task_marker_dag.py
[2026-04-02T16:23:09.447+0000] {processor.py:840} INFO - DAG(s) 'example_external_task_marker_child', 'example_external_task_marker_parent' retrieved from /home/airflow/.local/lib/python3.12/site-packages/airflow/example_dags/example_external_task_marker_dag.py
[2026-04-02T16:23:09.459+0000] {logging_mixin.py:188} INFO - [2026-04-02T16:23:09.459+0000] {dag.py:3096} INFO - Sync 2 DAGs
[2026-04-02T16:23:09.465+0000] {logging_mixin.py:188} INFO - [2026-04-02T16:23:09.465+0000] {dag.py:3954} INFO - Setting next_dagrun for example_external_task_marker_child to None, run_after=None
[2026-04-02T16:23:09.468+0000] {logging_mixin.py:188} INFO - [2026-04-02T16:23:09.468+0000] {dag.py:3954} INFO - Setting next_dagrun for example_external_task_marker_parent to None, run_after=None
[2026-04-02T16:23:09.475+0000] {processor.py:183} INFO - Processing /home/airflow/.local/lib/python3.12/site-packages/airflow/example_dags/example_external_task_marker_dag.py took 0.038 seconds
[2026-04-02T16:23:40.222+0000] {processor.py:161} INFO - Started process (PID=434) to work on /home/airflow/.local/lib/python3.12/site-packages/airflow/example_dags/example_external_task_marker_dag.py
[2026-04-02T16:23:40.223+0000] {processor.py:830} INFO - Processing file /home/airflow/.local/lib/python3.12/site-packages/airflow/example_dags/example_external_task_marker_dag.py for tasks to queue
[2026-04-02T16:23:40.224+0000] {logging_mixin.py:188} INFO - [2026-04-02T16:23:40.224+0000] {dagbag.py:540} INFO - Filling up the DagBag from /home/airflow/.local/lib/python3.12/site-packages/airflow/example_dags/example_external_task_marker_dag.py
[2026-04-02T16:23:40.227+0000] {processor.py:840} INFO - DAG(s) 'example_external_task_marker_child', 'example_external_task_marker_parent' retrieved from /home/airflow/.local/lib/python3.12/site-packages/airflow/example_dags/example_external_task_marker_dag.py
[2026-04-02T16:23:40.242+0000] {logging_mixin.py:188} INFO - [2026-04-02T16:23:40.242+0000] {dag.py:3096} INFO - Sync 2 DAGs
[2026-04-02T16:23:40.250+0000] {logging_mixin.py:188} INFO - [2026-04-02T16:23:40.249+0000] {dag.py:3954} INFO - Setting next_dagrun for example_external_task_marker_child to None, run_after=None
[2026-04-02T16:23:40.252+0000] {logging_mixin.py:188} INFO - [2026-04-02T16:23:40.252+0000] {dag.py:3954} INFO - Setting next_dagrun for example_external_task_marker_parent to None, run_after=None
[2026-04-02T16:23:40.260+0000] {processor.py:183} INFO - Processing /home/airflow/.local/lib/python3.12/site-packages/airflow/example_dags/example_external_task_marker_dag.py took 0.041 seconds
[2026-04-02T16:24:10.844+0000] {processor.py:161} INFO - Started process (PID=492) to work on /home/airflow/.local/lib/python3.12/site-packages/airflow/example_dags/example_external_task_marker_dag.py
[2026-04-02T16:24:10.846+0000] {processor.py:830} INFO - Processing file /home/airflow/.local/lib/python3.12/site-packages/airflow/example_dags/example_external_task_marker_dag.py for tasks to queue
[2026-04-02T16:24:10.847+0000] {logging_mixin.py:188} INFO - [2026-04-02T16:24:10.847+0000] {dagbag.py:540} INFO - Filling up the DagBag from /home/airflow/.local/lib/python3.12/site-packages/airflow/example_dags/example_external_task_marker_dag.py
[2026-04-02T16:24:10.853+0000] {processor.py:840} INFO - DAG(s) 'example_external_task_marker_child', 'example_external_task_marker_parent' retrieved from /home/airflow/.local/lib/python3.12/site-packages/airflow/example_dags/example_external_task_marker_dag.py
[2026-04-02T16:24:10.861+0000] {logging_mixin.py:188} INFO - [2026-04-02T16:24:10.861+0000] {dag.py:3096} INFO - Sync 2 DAGs
[2026-04-02T16:24:10.869+0000] {logging_mixin.py:188} INFO - [2026-04-02T16:24:10.868+0000] {dag.py:3954} INFO - Setting next_dagrun for example_external_task_marker_child to None, run_after=None
[2026-04-02T16:24:10.871+0000] {logging_mixin.py:188} INFO - [2026-04-02T16:24:10.871+0000] {dag.py:3954} INFO - Setting next_dagrun for example_external_task_marker_parent to None, run_after=None
[2026-04-02T16:24:10.880+0000] {processor.py:183} INFO - Processing /home/airflow/.local/lib/python3.12/site-packages/airflow/example_dags/example_external_task_marker_dag.py took 0.039 seconds
[2026-04-02T16:24:41.287+0000] {processor.py:161} INFO - Started process (PID=550) to work on /home/airflow/.local/lib/python3.12/site-packages/airflow/example_dags/example_external_task_marker_dag.py
[2026-04-02T16:24:41.287+0000] {processor.py:830} INFO - Processing file /home/airflow/.local/lib/python3.12/site-packages/airflow/example_dags/example_external_task_marker_dag.py for tasks to queue
[2026-04-02T16:24:41.289+0000] {logging_mixin.py:188} INFO - [2026-04-02T16:24:41.289+0000] {dagbag.py:540} INFO - Filling up the DagBag from /home/airflow/.local/lib/python3.12/site-packages/airflow/example_dags/example_external_task_marker_dag.py
[2026-04-02T16:24:41.294+0000] {processor.py:840} INFO - DAG(s) 'example_external_task_marker_child', 'example_external_task_marker_parent' retrieved from /home/airflow/.local/lib/python3.12/site-packages/airflow/example_dags/example_external_task_marker_dag.py
[2026-04-02T16:24:41.305+0000] {logging_mixin.py:188} INFO - [2026-04-02T16:24:41.305+0000] {dag.py:3096} INFO - Sync 2 DAGs
[2026-04-02T16:24:41.313+0000] {logging_mixin.py:188} INFO - [2026-04-02T16:24:41.313+0000] {dag.py:3954} INFO - Setting next_dagrun for example_external_task_marker_child to None, run_after=None
[2026-04-02T16:24:41.315+0000] {logging_mixin.py:188} INFO - [2026-04-02T16:24:41.315+0000] {dag.py:3954} INFO - Setting next_dagrun for example_external_task_marker_parent to None, run_after=None
[2026-04-02T16:24:41.323+0000] {processor.py:183} INFO - Processing /home/airflow/.local/lib/python3.12/site-packages/airflow/example_dags/example_external_task_marker_dag.py took 0.040 seconds
[2026-04-02T16:25:15.058+0000] {processor.py:161} INFO - Started process (PID=608) to work on /home/airflow/.local/lib/python3.12/site-packages/airflow/example_dags/example_external_task_marker_dag.py
[2026-04-02T16:25:15.059+0000] {processor.py:830} INFO - Processing file /home/airflow/.local/lib/python3.12/site-packages/airflow/example_dags/example_external_task_marker_dag.py for tasks to queue
[2026-04-02T16:25:15.060+0000] {logging_mixin.py:188} INFO - [2026-04-02T16:25:15.060+0000] {dagbag.py:540} INFO - Filling up the DagBag from /home/airflow/.local/lib/python3.12/site-packages/airflow/example_dags/example_external_task_marker_dag.py
[2026-04-02T16:25:15.064+0000] {processor.py:840} INFO - DAG(s) 'example_external_task_marker_parent', 'example_external_task_marker_child' retrieved from /home/airflow/.local/lib/python3.12/site-packages/airflow/example_dags/example_external_task_marker_dag.py
[2026-04-02T16:25:15.121+0000] {logging_mixin.py:188} INFO - [2026-04-02T16:25:15.121+0000] {dag.py:3096} INFO - Sync 2 DAGs
[2026-04-02T16:25:15.223+0000] {logging_mixin.py:188} INFO - [2026-04-02T16:25:15.223+0000] {dag.py:3954} INFO - Setting next_dagrun for example_external_task_marker_child to None, run_after=None
[2026-04-02T16:25:15.225+0000] {logging_mixin.py:188} INFO - [2026-04-02T16:25:15.225+0000] {dag.py:3954} INFO - Setting next_dagrun for example_external_task_marker_parent to None, run_after=None
[2026-04-02T16:25:15.231+0000] {processor.py:183} INFO - Processing /home/airflow/.local/lib/python3.12/site-packages/airflow/example_dags/example_external_task_marker_dag.py took 0.177 seconds
[2026-04-02T16:25:45.782+0000] {processor.py:161} INFO - Started process (PID=666) to work on /home/airflow/.local/lib/python3.12/site-packages/airflow/example_dags/example_external_task_marker_dag.py
[2026-04-02T16:25:45.782+0000] {processor.py:830} INFO - Processing file /home/airflow/.local/lib/python3.12/site-packages/airflow/example_dags/example_external_task_marker_dag.py for tasks to queue
[2026-04-02T16:25:45.783+0000] {logging_mixin.py:188} INFO - [2026-04-02T16:25:45.783+0000] {dagbag.py:540} INFO - Filling up the DagBag from /home/airflow/.local/lib/python3.12/site-packages/airflow/example_dags/example_external_task_marker_dag.py
[2026-04-02T16:25:45.787+0000] {processor.py:840} INFO - DAG(s) 'example_external_task_marker_child', 'example_external_task_marker_parent' retrieved from /home/airflow/.local/lib/python3.12/site-packages/airflow/example_dags/example_external_task_marker_dag.py
[2026-04-02T16:25:45.801+0000] {logging_mixin.py:188} INFO - [2026-04-02T16:25:45.800+0000] {dag.py:3096} INFO - Sync 2 DAGs
[2026-04-02T16:25:45.807+0000] {logging_mixin.py:188} INFO - [2026-04-02T16:25:45.807+0000] {dag.py:3954} INFO - Setting next_dagrun for example_external_task_marker_child to None, run_after=None
[2026-04-02T16:25:45.808+0000] {logging_mixin.py:188} INFO - [2026-04-02T16:25:45.808+0000] {dag.py:3954} INFO - Setting next_dagrun for example_external_task_marker_parent to None, run_after=None
[2026-04-02T16:25:45.815+0000] {processor.py:183} INFO - Processing /home/airflow/.local/lib/python3.12/site-packages/airflow/example_dags/example_external_task_marker_dag.py took 0.036 seconds
[2026-04-02T16:26:15.989+0000] {processor.py:161} INFO - Started process (PID=724) to work on /home/airflow/.local/lib/python3.12/site-packages/airflow/example_dags/example_external_task_marker_dag.py
[2026-04-02T16:26:15.990+0000] {processor.py:830} INFO - Processing file /home/airflow/.local/lib/python3.12/site-packages/airflow/example_dags/example_external_task_marker_dag.py for tasks to queue
[2026-04-02T16:26:15.992+0000] {logging_mixin.py:188} INFO - [2026-04-02T16:26:15.991+0000] {dagbag.py:540} INFO - Filling up the DagBag from /home/airflow/.local/lib/python3.12/site-packages/airflow/example_dags/example_external_task_marker_dag.py
[2026-04-02T16:26:15.995+0000] {processor.py:840} INFO - DAG(s) 'example_external_task_marker_parent', 'example_external_task_marker_child' retrieved from /home/airflow/.local/lib/python3.12/site-packages/airflow/example_dags/example_external_task_marker_dag.py
[2026-04-02T16:26:16.009+0000] {logging_mixin.py:188} INFO - [2026-04-02T16:26:16.009+0000] {dag.py:3096} INFO - Sync 2 DAGs
[2026-04-02T16:26:16.015+0000] {logging_mixin.py:188} INFO - [2026-04-02T16:26:16.015+0000] {dag.py:3954} INFO - Setting next_dagrun for example_external_task_marker_child to None, run_after=None
[2026-04-02T16:26:16.018+0000] {logging_mixin.py:188} INFO - [2026-04-02T16:26:16.017+0000] {dag.py:3954} INFO - Setting next_dagrun for example_external_task_marker_parent to None, run_after=None
[2026-04-02T16:26:16.027+0000] {processor.py:183} INFO - Processing /home/airflow/.local/lib/python3.12/site-packages/airflow/example_dags/example_external_task_marker_dag.py took 0.041 seconds
[2026-04-02T16:26:46.355+0000] {processor.py:161} INFO - Started process (PID=782) to work on /home/airflow/.local/lib/python3.12/site-packages/airflow/example_dags/example_external_task_marker_dag.py
[2026-04-02T16:26:46.355+0000] {processor.py:830} INFO - Processing file /home/airflow/.local/lib/python3.12/site-packages/airflow/example_dags/example_external_task_marker_dag.py for tasks to queue
[2026-04-02T16:26:46.356+0000] {logging_mixin.py:188} INFO - [2026-04-02T16:26:46.356+0000] {dagbag.py:540} INFO - Filling up the DagBag from /home/airflow/.local/lib/python3.12/site-packages/airflow/example_dags/example_external_task_marker_dag.py
[2026-04-02T16:26:46.360+0000] {processor.py:840} INFO - DAG(s) 'example_external_task_marker_parent', 'example_external_task_marker_child' retrieved from /home/airflow/.local/lib/python3.12/site-packages/airflow/example_dags/example_external_task_marker_dag.py
[2026-04-02T16:26:46.374+0000] {logging_mixin.py:188} INFO - [2026-04-02T16:26:46.374+0000] {dag.py:3096} INFO - Sync 2 DAGs
[2026-04-02T16:26:46.381+0000] {logging_mixin.py:188} INFO - [2026-04-02T16:26:46.381+0000] {dag.py:3954} INFO - Setting next_dagrun for example_external_task_marker_child to None, run_after=None
[2026-04-02T16:26:46.382+0000] {logging_mixin.py:188} INFO - [2026-04-02T16:26:46.382+0000] {dag.py:3954} INFO - Setting next_dagrun for example_external_task_marker_parent to None, run_after=None
[2026-04-02T16:26:46.389+0000] {processor.py:183} INFO - Processing /home/airflow/.local/lib/python3.12/site-packages/airflow/example_dags/example_external_task_marker_dag.py took 0.038 seconds
[2026-04-02T16:27:16.921+0000] {processor.py:161} INFO - Started process (PID=840) to work on /home/airflow/.local/lib/python3.12/site-packages/airflow/example_dags/example_external_task_marker_dag.py
[2026-04-02T16:27:16.922+0000] {processor.py:830} INFO - Processing file /home/airflow/.local/lib/python3.12/site-packages/airflow/example_dags/example_external_task_marker_dag.py for tasks to queue
[2026-04-02T16:27:16.924+0000] {logging_mixin.py:188} INFO - [2026-04-02T16:27:16.924+0000] {dagbag.py:540} INFO - Filling up the DagBag from /home/airflow/.local/lib/python3.12/site-packages/airflow/example_dags/example_external_task_marker_dag.py
[2026-04-02T16:27:16.928+0000] {processor.py:840} INFO - DAG(s) 'example_external_task_marker_parent', 'example_external_task_marker_child' retrieved from /home/airflow/.local/lib/python3.12/site-packages/airflow/example_dags/example_external_task_marker_dag.py
[2026-04-02T16:27:16.943+0000] {logging_mixin.py:188} INFO - [2026-04-02T16:27:16.942+0000] {dag.py:3096} INFO - Sync 2 DAGs
[2026-04-02T16:27:16.950+0000] {logging_mixin.py:188} INFO - [2026-04-02T16:27:16.950+0000] {dag.py:3954} INFO - Setting next_dagrun for example_external_task_marker_child to None, run_after=None
[2026-04-02T16:27:16.952+0000] {logging_mixin.py:188} INFO - [2026-04-02T16:27:16.952+0000] {dag.py:3954} INFO - Setting next_dagrun for example_external_task_marker_parent to None, run_after=None
[2026-04-02T16:27:16.961+0000] {processor.py:183} INFO - Processing /home/airflow/.local/lib/python3.12/site-packages/airflow/example_dags/example_external_task_marker_dag.py took 0.043 seconds
[2026-04-02T16:27:47.840+0000] {processor.py:161} INFO - Started process (PID=898) to work on /home/airflow/.local/lib/python3.12/site-packages/airflow/example_dags/example_external_task_marker_dag.py
[2026-04-02T16:27:47.840+0000] {processor.py:830} INFO - Processing file /home/airflow/.local/lib/python3.12/site-packages/airflow/example_dags/example_external_task_marker_dag.py for tasks to queue
[2026-04-02T16:27:47.841+0000] {logging_mixin.py:188} INFO - [2026-04-02T16:27:47.841+0000] {dagbag.py:540} INFO - Filling up the DagBag from /home/airflow/.local/lib/python3.12/site-packages/airflow/example_dags/example_external_task_marker_dag.py
[2026-04-02T16:27:47.845+0000] {processor.py:840} INFO - DAG(s) 'example_external_task_marker_child', 'example_external_task_marker_parent' retrieved from /home/airflow/.local/lib/python3.12/site-packages/airflow/example_dags/example_external_task_marker_dag.py
[2026-04-02T16:27:47.852+0000] {logging_mixin.py:188} INFO - [2026-04-02T16:27:47.852+0000] {dag.py:3096} INFO - Sync 2 DAGs
[2026-04-02T16:27:47.860+0000] {logging_mixin.py:188} INFO - [2026-04-02T16:27:47.859+0000] {dag.py:3954} INFO - Setting next_dagrun for example_external_task_marker_child to None, run_after=None
[2026-04-02T16:27:47.862+0000] {logging_mixin.py:188} INFO - [2026-04-02T16:27:47.861+0000] {dag.py:3954} INFO - Setting next_dagrun for example_external_task_marker_parent to None, run_after=None
[2026-04-02T16:27:47.869+0000] {processor.py:183} INFO - Processing /home/airflow/.local/lib/python3.12/site-packages/airflow/example_dags/example_external_task_marker_dag.py took 0.033 seconds
[2026-04-02T16:28:18.986+0000] {processor.py:161} INFO - Started process (PID=956) to work on /home/airflow/.local/lib/python3.12/site-packages/airflow/example_dags/example_external_task_marker_dag.py
[2026-04-02T16:28:18.987+0000] {processor.py:830} INFO - Processing file /home/airflow/.local/lib/python3.12/site-packages/airflow/example_dags/example_external_task_marker_dag.py for tasks to queue
[2026-04-02T16:28:18.988+0000] {logging_mixin.py:188} INFO - [2026-04-02T16:28:18.988+0000] {dagbag.py:540} INFO - Filling up the DagBag from /home/airflow/.local/lib/python3.12/site-packages/airflow/example_dags/example_external_task_marker_dag.py
[2026-04-02T16:28:18.992+0000] {processor.py:840} INFO - DAG(s) 'example_external_task_marker_parent', 'example_external_task_marker_child' retrieved from /home/airflow/.local/lib/python3.12/site-packages/airflow/example_dags/example_external_task_marker_dag.py
[2026-04-02T16:28:19.160+0000] {logging_mixin.py:188} INFO - [2026-04-02T16:28:19.160+0000] {dag.py:3096} INFO - Sync 2 DAGs
[2026-04-02T16:28:19.166+0000] {logging_mixin.py:188} INFO - [2026-04-02T16:28:19.166+0000] {dag.py:3954} INFO - Setting next_dagrun for example_external_task_marker_child to None, run_after=None
[2026-04-02T16:28:19.168+0000] {logging_mixin.py:188} INFO - [2026-04-02T16:28:19.168+0000] {dag.py:3954} INFO - Setting next_dagrun for example_external_task_marker_parent to None, run_after=None
[2026-04-02T16:28:19.180+0000] {processor.py:183} INFO - Processing /home/airflow/.local/lib/python3.12/site-packages/airflow/example_dags/example_external_task_marker_dag.py took 0.197 seconds
[2026-04-02T16:28:49.858+0000] {processor.py:161} INFO - Started process (PID=1014) to work on /home/airflow/.local/lib/python3.12/site-packages/airflow/example_dags/example_external_task_marker_dag.py
[2026-04-02T16:28:49.859+0000] {processor.py:830} INFO - Processing file /home/airflow/.local/lib/python3.12/site-packages/airflow/example_dags/example_external_task_marker_dag.py for tasks to queue
[2026-04-02T16:28:49.860+0000] {logging_mixin.py:188} INFO - [2026-04-02T16:28:49.859+0000] {dagbag.py:540} INFO - Filling up the DagBag from /home/airflow/.local/lib/python3.12/site-packages/airflow/example_dags/example_external_task_marker_dag.py
[2026-04-02T16:28:49.864+0000] {processor.py:840} INFO - DAG(s) 'example_external_task_marker_child', 'example_external_task_marker_parent' retrieved from /home/airflow/.local/lib/python3.12/site-packages/airflow/example_dags/example_external_task_marker_dag.py
[2026-04-02T16:28:49.883+0000] {logging_mixin.py:188} INFO - [2026-04-02T16:28:49.883+0000] {dag.py:3096} INFO - Sync 2 DAGs
[2026-04-02T16:28:49.893+0000] {logging_mixin.py:188} INFO - [2026-04-02T16:28:49.892+0000] {dag.py:3954} INFO - Setting next_dagrun for example_external_task_marker_child to None, run_after=None
[2026-04-02T16:28:49.895+0000] {logging_mixin.py:188} INFO - [2026-04-02T16:28:49.895+0000] {dag.py:3954} INFO - Setting next_dagrun for example_external_task_marker_parent to None, run_after=None
[2026-04-02T16:28:49.908+0000] {processor.py:183} INFO - Processing /home/airflow/.local/lib/python3.12/site-packages/airflow/example_dags/example_external_task_marker_dag.py took 0.053 seconds
[2026-04-02T16:29:20.069+0000] {processor.py:161} INFO - Started process (PID=1072) to work on /home/airflow/.local/lib/python3.12/site-packages/airflow/example_dags/example_external_task_marker_dag.py
[2026-04-02T16:29:20.069+0000] {processor.py:830} INFO - Processing file /home/airflow/.local/lib/python3.12/site-packages/airflow/example_dags/example_external_task_marker_dag.py for tasks to queue
[2026-04-02T16:29:20.070+0000] {logging_mixin.py:188} INFO - [2026-04-02T16:29:20.070+0000] {dagbag.py:540} INFO - Filling up the DagBag from /home/airflow/.local/lib/python3.12/site-packages/airflow/example_dags/example_external_task_marker_dag.py
[2026-04-02T16:29:20.074+0000] {processor.py:840} INFO - DAG(s) 'example_external_task_marker_parent', 'example_external_task_marker_child' retrieved from /home/airflow/.local/lib/python3.12/site-packages/airflow/example_dags/example_external_task_marker_dag.py
[2026-04-02T16:29:20.091+0000] {logging_mixin.py:188} INFO - [2026-04-02T16:29:20.091+0000] {dag.py:3096} INFO - Sync 2 DAGs
[2026-04-02T16:29:20.099+0000] {logging_mixin.py:188} INFO - [2026-04-02T16:29:20.099+0000] {dag.py:3954} INFO - Setting next_dagrun for example_external_task_marker_child to None, run_after=None
[2026-04-02T16:29:20.107+0000] {logging_mixin.py:188} INFO - [2026-04-02T16:29:20.107+0000] {dag.py:3954} INFO - Setting next_dagrun for example_external_task_marker_parent to None, run_after=None
[2026-04-02T16:29:20.121+0000] {processor.py:183} INFO - Processing /home/airflow/.local/lib/python3.12/site-packages/airflow/example_dags/example_external_task_marker_dag.py took 0.055 seconds
[2026-04-02T16:29:51.123+0000] {processor.py:161} INFO - Started process (PID=1130) to work on /home/airflow/.local/lib/python3.12/site-packages/airflow/example_dags/example_external_task_marker_dag.py
[2026-04-02T16:29:51.126+0000] {processor.py:830} INFO - Processing file /home/airflow/.local/lib/python3.12/site-packages/airflow/example_dags/example_external_task_marker_dag.py for tasks to queue
[2026-04-02T16:29:51.127+0000] {logging_mixin.py:188} INFO - [2026-04-02T16:29:51.127+0000] {dagbag.py:540} INFO - Filling up the DagBag from /home/airflow/.local/lib/python3.12/site-packages/airflow/example_dags/example_external_task_marker_dag.py
[2026-04-02T16:29:51.131+0000] {processor.py:840} INFO - DAG(s) 'example_external_task_marker_child', 'example_external_task_marker_parent' retrieved from /home/airflow/.local/lib/python3.12/site-packages/airflow/example_dags/example_external_task_marker_dag.py
[2026-04-02T16:29:51.149+0000] {logging_mixin.py:188} INFO - [2026-04-02T16:29:51.149+0000] {dag.py:3096} INFO - Sync 2 DAGs
[2026-04-02T16:29:51.257+0000] {logging_mixin.py:188} INFO - [2026-04-02T16:29:51.257+0000] {dag.py:3954} INFO - Setting next_dagrun for example_external_task_marker_child to None, run_after=None
[2026-04-02T16:29:51.260+0000] {logging_mixin.py:188} INFO - [2026-04-02T16:29:51.260+0000] {dag.py:3954} INFO - Setting next_dagrun for example_external_task_marker_parent to None, run_after=None
[2026-04-02T16:29:51.271+0000] {processor.py:183} INFO - Processing /home/airflow/.local/lib/python3.12/site-packages/airflow/example_dags/example_external_task_marker_dag.py took 0.152 seconds
[2026-04-02T16:30:22.278+0000] {processor.py:161} INFO - Started process (PID=1188) to work on /home/airflow/.local/lib/python3.12/site-packages/airflow/example_dags/example_external_task_marker_dag.py
[2026-04-02T16:30:22.279+0000] {processor.py:830} INFO - Processing file /home/airflow/.local/lib/python3.12/site-packages/airflow/example_dags/example_external_task_marker_dag.py for tasks to queue
[2026-04-02T16:30:22.280+0000] {logging_mixin.py:188} INFO - [2026-04-02T16:30:22.280+0000] {dagbag.py:540} INFO - Filling up the DagBag from /home/airflow/.local/lib/python3.12/site-packages/airflow/example_dags/example_external_task_marker_dag.py
[2026-04-02T16:30:22.284+0000] {processor.py:840} INFO - DAG(s) 'example_external_task_marker_parent', 'example_external_task_marker_child' retrieved from /home/airflow/.local/lib/python3.12/site-packages/airflow/example_dags/example_external_task_marker_dag.py
[2026-04-02T16:30:22.302+0000] {logging_mixin.py:188} INFO - [2026-04-02T16:30:22.302+0000] {dag.py:3096} INFO - Sync 2 DAGs
[2026-04-02T16:30:22.416+0000] {logging_mixin.py:188} INFO - [2026-04-02T16:30:22.416+0000] {dag.py:3954} INFO - Setting next_dagrun for example_external_task_marker_child to None, run_after=None
[2026-04-02T16:30:22.420+0000] {logging_mixin.py:188} INFO - [2026-04-02T16:30:22.420+0000] {dag.py:3954} INFO - Setting next_dagrun for example_external_task_marker_parent to None, run_after=None
[2026-04-02T16:30:22.434+0000] {processor.py:183} INFO - Processing /home/airflow/.local/lib/python3.12/site-packages/airflow/example_dags/example_external_task_marker_dag.py took 0.160 seconds
[2026-04-02T16:30:52.568+0000] {processor.py:161} INFO - Started process (PID=1246) to work on /home/airflow/.local/lib/python3.12/site-packages/airflow/example_dags/example_external_task_marker_dag.py
[2026-04-02T16:30:52.569+0000] {processor.py:830} INFO - Processing file /home/airflow/.local/lib/python3.12/site-packages/airflow/example_dags/example_external_task_marker_dag.py for tasks to queue
[2026-04-02T16:30:52.570+0000] {logging_mixin.py:188} INFO - [2026-04-02T16:30:52.570+0000] {dagbag.py:540} INFO - Filling up the DagBag from /home/airflow/.local/lib/python3.12/site-packages/airflow/example_dags/example_external_task_marker_dag.py
[2026-04-02T16:30:52.573+0000] {processor.py:840} INFO - DAG(s) 'example_external_task_marker_parent', 'example_external_task_marker_child' retrieved from /home/airflow/.local/lib/python3.12/site-packages/airflow/example_dags/example_external_task_marker_dag.py
[2026-04-02T16:30:52.586+0000] {logging_mixin.py:188} INFO - [2026-04-02T16:30:52.586+0000] {dag.py:3096} INFO - Sync 2 DAGs
[2026-04-02T16:30:52.592+0000] {logging_mixin.py:188} INFO - [2026-04-02T16:30:52.592+0000] {dag.py:3954} INFO - Setting next_dagrun for example_external_task_marker_child to None, run_after=None
[2026-04-02T16:30:52.594+0000] {logging_mixin.py:188} INFO - [2026-04-02T16:30:52.594+0000] {dag.py:3954} INFO - Setting next_dagrun for example_external_task_marker_parent to None, run_after=None
[2026-04-02T16:30:52.601+0000] {processor.py:183} INFO - Processing /home/airflow/.local/lib/python3.12/site-packages/airflow/example_dags/example_external_task_marker_dag.py took 0.036 seconds
[2026-04-02T16:31:23.123+0000] {processor.py:161} INFO - Started process (PID=1304) to work on /home/airflow/.local/lib/python3.12/site-packages/airflow/example_dags/example_external_task_marker_dag.py
[2026-04-02T16:31:23.125+0000] {processor.py:830} INFO - Processing file /home/airflow/.local/lib/python3.12/site-packages/airflow/example_dags/example_external_task_marker_dag.py for tasks to queue
[2026-04-02T16:31:23.126+0000] {logging_mixin.py:188} INFO - [2026-04-02T16:31:23.126+0000] {dagbag.py:540} INFO - Filling up the DagBag from /home/airflow/.local/lib/python3.12/site-packages/airflow/example_dags/example_external_task_marker_dag.py
[2026-04-02T16:31:23.130+0000] {processor.py:840} INFO - DAG(s) 'example_external_task_marker_child', 'example_external_task_marker_parent' retrieved from /home/airflow/.local/lib/python3.12/site-packages/airflow/example_dags/example_external_task_marker_dag.py
[2026-04-02T16:31:23.143+0000] {logging_mixin.py:188} INFO - [2026-04-02T16:31:23.143+0000] {dag.py:3096} INFO - Sync 2 DAGs
[2026-04-02T16:31:23.150+0000] {logging_mixin.py:188} INFO - [2026-04-02T16:31:23.150+0000] {dag.py:3954} INFO - Setting next_dagrun for example_external_task_marker_child to None, run_after=None
[2026-04-02T16:31:23.152+0000] {logging_mixin.py:188} INFO - [2026-04-02T16:31:23.151+0000] {dag.py:3954} INFO - Setting next_dagrun for example_external_task_marker_parent to None, run_after=None
[2026-04-02T16:31:23.159+0000] {processor.py:183} INFO - Processing /home/airflow/.local/lib/python3.12/site-packages/airflow/example_dags/example_external_task_marker_dag.py took 0.038 seconds
[2026-04-02T16:31:53.815+0000] {processor.py:161} INFO - Started process (PID=1362) to work on /home/airflow/.local/lib/python3.12/site-packages/airflow/example_dags/example_external_task_marker_dag.py
[2026-04-02T16:31:53.816+0000] {processor.py:830} INFO - Processing file /home/airflow/.local/lib/python3.12/site-packages/airflow/example_dags/example_external_task_marker_dag.py for tasks to queue
[2026-04-02T16:31:53.817+0000] {logging_mixin.py:188} INFO - [2026-04-02T16:31:53.816+0000] {dagbag.py:540} INFO - Filling up the DagBag from /home/airflow/.local/lib/python3.12/site-packages/airflow/example_dags/example_external_task_marker_dag.py
[2026-04-02T16:31:53.820+0000] {processor.py:840} INFO - DAG(s) 'example_external_task_marker_parent', 'example_external_task_marker_child' retrieved from /home/airflow/.local/lib/python3.12/site-packages/airflow/example_dags/example_external_task_marker_dag.py
[2026-04-02T16:31:53.834+0000] {logging_mixin.py:188} INFO - [2026-04-02T16:31:53.834+0000] {dag.py:3096} INFO - Sync 2 DAGs
[2026-04-02T16:31:53.841+0000] {logging_mixin.py:188} INFO - [2026-04-02T16:31:53.841+0000] {dag.py:3954} INFO - Setting next_dagrun for example_external_task_marker_child to None, run_after=None
[2026-04-02T16:31:53.843+0000] {logging_mixin.py:188} INFO - [2026-04-02T16:31:53.843+0000] {dag.py:3954} INFO - Setting next_dagrun for example_external_task_marker_parent to None, run_after=None
[2026-04-02T16:31:53.853+0000] {processor.py:183} INFO - Processing /home/airflow/.local/lib/python3.12/site-packages/airflow/example_dags/example_external_task_marker_dag.py took 0.041 seconds
[2026-04-02T16:32:24.581+0000] {processor.py:161} INFO - Started process (PID=1420) to work on /home/airflow/.local/lib/python3.12/site-packages/airflow/example_dags/example_external_task_marker_dag.py
[2026-04-02T16:32:24.583+0000] {processor.py:830} INFO - Processing file /home/airflow/.local/lib/python3.12/site-packages/airflow/example_dags/example_external_task_marker_dag.py for tasks to queue
[2026-04-02T16:32:24.584+0000] {logging_mixin.py:188} INFO - [2026-04-02T16:32:24.584+0000] {dagbag.py:540} INFO - Filling up the DagBag from /home/airflow/.local/lib/python3.12/site-packages/airflow/example_dags/example_external_task_marker_dag.py
[2026-04-02T16:32:24.588+0000] {processor.py:840} INFO - DAG(s) 'example_external_task_marker_parent', 'example_external_task_marker_child' retrieved from /home/airflow/.local/lib/python3.12/site-packages/airflow/example_dags/example_external_task_marker_dag.py
[2026-04-02T16:32:24.600+0000] {logging_mixin.py:188} INFO - [2026-04-02T16:32:24.600+0000] {dag.py:3096} INFO - Sync 2 DAGs
[2026-04-02T16:32:24.606+0000] {logging_mixin.py:188} INFO - [2026-04-02T16:32:24.606+0000] {dag.py:3954} INFO - Setting next_dagrun for example_external_task_marker_child to None, run_after=None
[2026-04-02T16:32:24.608+0000] {logging_mixin.py:188} INFO - [2026-04-02T16:32:24.608+0000] {dag.py:3954} INFO - Setting next_dagrun for example_external_task_marker_parent to None, run_after=None
[2026-04-02T16:32:24.615+0000] {processor.py:183} INFO - Processing /home/airflow/.local/lib/python3.12/site-packages/airflow/example_dags/example_external_task_marker_dag.py took 0.037 seconds
[2026-04-02T16:32:55.209+0000] {processor.py:161} INFO - Started process (PID=1478) to work on /home/airflow/.local/lib/python3.12/site-packages/airflow/example_dags/example_external_task_marker_dag.py
[2026-04-02T16:32:55.210+0000] {processor.py:830} INFO - Processing file /home/airflow/.local/lib/python3.12/site-packages/airflow/example_dags/example_external_task_marker_dag.py for tasks to queue
[2026-04-02T16:32:55.211+0000] {logging_mixin.py:188} INFO - [2026-04-02T16:32:55.211+0000] {dagbag.py:540} INFO - Filling up the DagBag from /home/airflow/.local/lib/python3.12/site-packages/airflow/example_dags/example_external_task_marker_dag.py
[2026-04-02T16:32:55.215+0000] {processor.py:840} INFO - DAG(s) 'example_external_task_marker_child', 'example_external_task_marker_parent' retrieved from /home/airflow/.local/lib/python3.12/site-packages/airflow/example_dags/example_external_task_marker_dag.py
[2026-04-02T16:32:55.227+0000] {logging_mixin.py:188} INFO - [2026-04-02T16:32:55.227+0000] {dag.py:3096} INFO - Sync 2 DAGs
[2026-04-02T16:32:55.233+0000] {logging_mixin.py:188} INFO - [2026-04-02T16:32:55.233+0000] {dag.py:3954} INFO - Setting next_dagrun for example_external_task_marker_child to None, run_after=None
[2026-04-02T16:32:55.235+0000] {logging_mixin.py:188} INFO - [2026-04-02T16:32:55.235+0000] {dag.py:3954} INFO - Setting next_dagrun for example_external_task_marker_parent to None, run_after=None
[2026-04-02T16:32:55.242+0000] {processor.py:183} INFO - Processing /home/airflow/.local/lib/python3.12/site-packages/airflow/example_dags/example_external_task_marker_dag.py took 0.036 seconds
[2026-04-02T16:33:25.707+0000] {processor.py:161} INFO - Started process (PID=1536) to work on /home/airflow/.local/lib/python3.12/site-packages/airflow/example_dags/example_external_task_marker_dag.py
[2026-04-02T16:33:25.707+0000] {processor.py:830} INFO - Processing file /home/airflow/.local/lib/python3.12/site-packages/airflow/example_dags/example_external_task_marker_dag.py for tasks to queue
[2026-04-02T16:33:25.708+0000] {logging_mixin.py:188} INFO - [2026-04-02T16:33:25.708+0000] {dagbag.py:540} INFO - Filling up the DagBag from /home/airflow/.local/lib/python3.12/site-packages/airflow/example_dags/example_external_task_marker_dag.py
[2026-04-02T16:33:25.712+0000] {processor.py:840} INFO - DAG(s) 'example_external_task_marker_parent', 'example_external_task_marker_child' retrieved from /home/airflow/.local/lib/python3.12/site-packages/airflow/example_dags/example_external_task_marker_dag.py
[2026-04-02T16:33:25.724+0000] {logging_mixin.py:188} INFO - [2026-04-02T16:33:25.724+0000] {dag.py:3096} INFO - Sync 2 DAGs
[2026-04-02T16:33:25.730+0000] {logging_mixin.py:188} INFO - [2026-04-02T16:33:25.730+0000] {dag.py:3954} INFO - Setting next_dagrun for example_external_task_marker_child to None, run_after=None
[2026-04-02T16:33:25.732+0000] {logging_mixin.py:188} INFO - [2026-04-02T16:33:25.732+0000] {dag.py:3954} INFO - Setting next_dagrun for example_external_task_marker_parent to None, run_after=None
[2026-04-02T16:33:25.739+0000] {processor.py:183} INFO - Processing /home/airflow/.local/lib/python3.12/site-packages/airflow/example_dags/example_external_task_marker_dag.py took 0.035 seconds
[2026-04-02T16:33:56.441+0000] {processor.py:161} INFO - Started process (PID=1594) to work on /home/airflow/.local/lib/python3.12/site-packages/airflow/example_dags/example_external_task_marker_dag.py
[2026-04-02T16:33:56.441+0000] {processor.py:830} INFO - Processing file /home/airflow/.local/lib/python3.12/site-packages/airflow/example_dags/example_external_task_marker_dag.py for tasks to queue
[2026-04-02T16:33:56.442+0000] {logging_mixin.py:188} INFO - [2026-04-02T16:33:56.442+0000] {dagbag.py:540} INFO - Filling up the DagBag from /home/airflow/.local/lib/python3.12/site-packages/airflow/example_dags/example_external_task_marker_dag.py
[2026-04-02T16:33:56.445+0000] {processor.py:840} INFO - DAG(s) 'example_external_task_marker_parent', 'example_external_task_marker_child' retrieved from /home/airflow/.local/lib/python3.12/site-packages/airflow/example_dags/example_external_task_marker_dag.py
[2026-04-02T16:33:56.459+0000] {logging_mixin.py:188} INFO - [2026-04-02T16:33:56.459+0000] {dag.py:3096} INFO - Sync 2 DAGs
[2026-04-02T16:33:56.466+0000] {logging_mixin.py:188} INFO - [2026-04-02T16:33:56.466+0000] {dag.py:3954} INFO - Setting next_dagrun for example_external_task_marker_child to None, run_after=None
[2026-04-02T16:33:56.468+0000] {logging_mixin.py:188} INFO - [2026-04-02T16:33:56.468+0000] {dag.py:3954} INFO - Setting next_dagrun for example_external_task_marker_parent to None, run_after=None
[2026-04-02T16:33:56.477+0000] {processor.py:183} INFO - Processing /home/airflow/.local/lib/python3.12/site-packages/airflow/example_dags/example_external_task_marker_dag.py took 0.039 seconds
[2026-04-02T16:34:27.110+0000] {processor.py:161} INFO - Started process (PID=1652) to work on /home/airflow/.local/lib/python3.12/site-packages/airflow/example_dags/example_external_task_marker_dag.py
[2026-04-02T16:34:27.110+0000] {processor.py:830} INFO - Processing file /home/airflow/.local/lib/python3.12/site-packages/airflow/example_dags/example_external_task_marker_dag.py for tasks to queue
[2026-04-02T16:34:27.111+0000] {logging_mixin.py:188} INFO - [2026-04-02T16:34:27.111+0000] {dagbag.py:540} INFO - Filling up the DagBag from /home/airflow/.local/lib/python3.12/site-packages/airflow/example_dags/example_external_task_marker_dag.py
[2026-04-02T16:34:27.115+0000] {processor.py:840} INFO - DAG(s) 'example_external_task_marker_child', 'example_external_task_marker_parent' retrieved from /home/airflow/.local/lib/python3.12/site-packages/airflow/example_dags/example_external_task_marker_dag.py
[2026-04-02T16:34:27.129+0000] {logging_mixin.py:188} INFO - [2026-04-02T16:34:27.129+0000] {dag.py:3096} INFO - Sync 2 DAGs
[2026-04-02T16:34:27.136+0000] {logging_mixin.py:188} INFO - [2026-04-02T16:34:27.135+0000] {dag.py:3954} INFO - Setting next_dagrun for example_external_task_marker_child to None, run_after=None
[2026-04-02T16:34:27.138+0000] {logging_mixin.py:188} INFO - [2026-04-02T16:34:27.138+0000] {dag.py:3954} INFO - Setting next_dagrun for example_external_task_marker_parent to None, run_after=None
[2026-04-02T16:34:27.145+0000] {processor.py:183} INFO - Processing /home/airflow/.local/lib/python3.12/site-packages/airflow/example_dags/example_external_task_marker_dag.py took 0.038 seconds
[2026-04-02T16:34:57.787+0000] {processor.py:161} INFO - Started process (PID=1710) to work on /home/airflow/.local/lib/python3.12/site-packages/airflow/example_dags/example_external_task_marker_dag.py
[2026-04-02T16:34:57.788+0000] {processor.py:830} INFO - Processing file /home/airflow/.local/lib/python3.12/site-packages/airflow/example_dags/example_external_task_marker_dag.py for tasks to queue
[2026-04-02T16:34:57.789+0000] {logging_mixin.py:188} INFO - [2026-04-02T16:34:57.789+0000] {dagbag.py:540} INFO - Filling up the DagBag from /home/airflow/.local/lib/python3.12/site-packages/airflow/example_dags/example_external_task_marker_dag.py
[2026-04-02T16:34:57.792+0000] {processor.py:840} INFO - DAG(s) 'example_external_task_marker_child', 'example_external_task_marker_parent' retrieved from /home/airflow/.local/lib/python3.12/site-packages/airflow/example_dags/example_external_task_marker_dag.py
[2026-04-02T16:34:57.805+0000] {logging_mixin.py:188} INFO - [2026-04-02T16:34:57.805+0000] {dag.py:3096} INFO - Sync 2 DAGs
[2026-04-02T16:34:57.811+0000] {logging_mixin.py:188} INFO - [2026-04-02T16:34:57.811+0000] {dag.py:3954} INFO - Setting next_dagrun for example_external_task_marker_child to None, run_after=None
[2026-04-02T16:34:57.813+0000] {logging_mixin.py:188} INFO - [2026-04-02T16:34:57.813+0000] {dag.py:3954} INFO - Setting next_dagrun for example_external_task_marker_parent to None, run_after=None
[2026-04-02T16:34:57.820+0000] {processor.py:183} INFO - Processing /home/airflow/.local/lib/python3.12/site-packages/airflow/example_dags/example_external_task_marker_dag.py took 0.036 seconds
[2026-04-02T16:35:28.402+0000] {processor.py:161} INFO - Started process (PID=1768) to work on /home/airflow/.local/lib/python3.12/site-packages/airflow/example_dags/example_external_task_marker_dag.py
[2026-04-02T16:35:28.403+0000] {processor.py:830} INFO - Processing file /home/airflow/.local/lib/python3.12/site-packages/airflow/example_dags/example_external_task_marker_dag.py for tasks to queue
[2026-04-02T16:35:28.404+0000] {logging_mixin.py:188} INFO - [2026-04-02T16:35:28.404+0000] {dagbag.py:540} INFO - Filling up the DagBag from /home/airflow/.local/lib/python3.12/site-packages/airflow/example_dags/example_external_task_marker_dag.py
[2026-04-02T16:35:28.407+0000] {processor.py:840} INFO - DAG(s) 'example_external_task_marker_child', 'example_external_task_marker_parent' retrieved from /home/airflow/.local/lib/python3.12/site-packages/airflow/example_dags/example_external_task_marker_dag.py
[2026-04-02T16:35:28.422+0000] {logging_mixin.py:188} INFO - [2026-04-02T16:35:28.421+0000] {dag.py:3096} INFO - Sync 2 DAGs
[2026-04-02T16:35:28.428+0000] {logging_mixin.py:188} INFO - [2026-04-02T16:35:28.428+0000] {dag.py:3954} INFO - Setting next_dagrun for example_external_task_marker_child to None, run_after=None
[2026-04-02T16:35:28.430+0000] {logging_mixin.py:188} INFO - [2026-04-02T16:35:28.430+0000] {dag.py:3954} INFO - Setting next_dagrun for example_external_task_marker_parent to None, run_after=None
[2026-04-02T16:35:28.438+0000] {processor.py:183} INFO - Processing /home/airflow/.local/lib/python3.12/site-packages/airflow/example_dags/example_external_task_marker_dag.py took 0.039 seconds
[2026-04-02T16:35:59.083+0000] {processor.py:161} INFO - Started process (PID=1826) to work on /home/airflow/.local/lib/python3.12/site-packages/airflow/example_dags/example_external_task_marker_dag.py
[2026-04-02T16:35:59.084+0000] {processor.py:830} INFO - Processing file /home/airflow/.local/lib/python3.12/site-packages/airflow/example_dags/example_external_task_marker_dag.py for tasks to queue
[2026-04-02T16:35:59.085+0000] {logging_mixin.py:188} INFO - [2026-04-02T16:35:59.085+0000] {dagbag.py:540} INFO - Filling up the DagBag from /home/airflow/.local/lib/python3.12/site-packages/airflow/example_dags/example_external_task_marker_dag.py
[2026-04-02T16:35:59.089+0000] {processor.py:840} INFO - DAG(s) 'example_external_task_marker_parent', 'example_external_task_marker_child' retrieved from /home/airflow/.local/lib/python3.12/site-packages/airflow/example_dags/example_external_task_marker_dag.py
[2026-04-02T16:35:59.102+0000] {logging_mixin.py:188} INFO - [2026-04-02T16:35:59.102+0000] {dag.py:3096} INFO - Sync 2 DAGs
[2026-04-02T16:35:59.108+0000] {logging_mixin.py:188} INFO - [2026-04-02T16:35:59.108+0000] {dag.py:3954} INFO - Setting next_dagrun for example_external_task_marker_child to None, run_after=None
[2026-04-02T16:35:59.110+0000] {logging_mixin.py:188} INFO - [2026-04-02T16:35:59.110+0000] {dag.py:3954} INFO - Setting next_dagrun for example_external_task_marker_parent to None, run_after=None
[2026-04-02T16:35:59.119+0000] {processor.py:183} INFO - Processing /home/airflow/.local/lib/python3.12/site-packages/airflow/example_dags/example_external_task_marker_dag.py took 0.038 seconds
[2026-04-02T16:36:29.680+0000] {processor.py:161} INFO - Started process (PID=1884) to work on /home/airflow/.local/lib/python3.12/site-packages/airflow/example_dags/example_external_task_marker_dag.py
[2026-04-02T16:36:29.681+0000] {processor.py:830} INFO - Processing file /home/airflow/.local/lib/python3.12/site-packages/airflow/example_dags/example_external_task_marker_dag.py for tasks to queue
[2026-04-02T16:36:29.682+0000] {logging_mixin.py:188} INFO - [2026-04-02T16:36:29.682+0000] {dagbag.py:540} INFO - Filling up the DagBag from /home/airflow/.local/lib/python3.12/site-packages/airflow/example_dags/example_external_task_marker_dag.py
[2026-04-02T16:36:29.685+0000] {processor.py:840} INFO - DAG(s) 'example_external_task_marker_parent', 'example_external_task_marker_child' retrieved from /home/airflow/.local/lib/python3.12/site-packages/airflow/example_dags/example_external_task_marker_dag.py
[2026-04-02T16:36:29.698+0000] {logging_mixin.py:188} INFO - [2026-04-02T16:36:29.697+0000] {dag.py:3096} INFO - Sync 2 DAGs
[2026-04-02T16:36:29.703+0000] {logging_mixin.py:188} INFO - [2026-04-02T16:36:29.703+0000] {dag.py:3954} INFO - Setting next_dagrun for example_external_task_marker_child to None, run_after=None
[2026-04-02T16:36:29.705+0000] {logging_mixin.py:188} INFO - [2026-04-02T16:36:29.705+0000] {dag.py:3954} INFO - Setting next_dagrun for example_external_task_marker_parent to None, run_after=None
[2026-04-02T16:36:29.712+0000] {processor.py:183} INFO - Processing /home/airflow/.local/lib/python3.12/site-packages/airflow/example_dags/example_external_task_marker_dag.py took 0.035 seconds
[2026-04-02T16:37:00.309+0000] {processor.py:161} INFO - Started process (PID=1942) to work on /home/airflow/.local/lib/python3.12/site-packages/airflow/example_dags/example_external_task_marker_dag.py
[2026-04-02T16:37:00.309+0000] {processor.py:830} INFO - Processing file /home/airflow/.local/lib/python3.12/site-packages/airflow/example_dags/example_external_task_marker_dag.py for tasks to queue
[2026-04-02T16:37:00.310+0000] {logging_mixin.py:188} INFO - [2026-04-02T16:37:00.310+0000] {dagbag.py:540} INFO - Filling up the DagBag from /home/airflow/.local/lib/python3.12/site-packages/airflow/example_dags/example_external_task_marker_dag.py
[2026-04-02T16:37:00.314+0000] {processor.py:840} INFO - DAG(s) 'example_external_task_marker_child', 'example_external_task_marker_parent' retrieved from /home/airflow/.local/lib/python3.12/site-packages/airflow/example_dags/example_external_task_marker_dag.py
[2026-04-02T16:37:00.327+0000] {logging_mixin.py:188} INFO - [2026-04-02T16:37:00.327+0000] {dag.py:3096} INFO - Sync 2 DAGs
[2026-04-02T16:37:00.334+0000] {logging_mixin.py:188} INFO - [2026-04-02T16:37:00.334+0000] {dag.py:3954} INFO - Setting next_dagrun for example_external_task_marker_child to None, run_after=None
[2026-04-02T16:37:00.336+0000] {logging_mixin.py:188} INFO - [2026-04-02T16:37:00.336+0000] {dag.py:3954} INFO - Setting next_dagrun for example_external_task_marker_parent to None, run_after=None
[2026-04-02T16:37:00.344+0000] {processor.py:183} INFO - Processing /home/airflow/.local/lib/python3.12/site-packages/airflow/example_dags/example_external_task_marker_dag.py took 0.039 seconds
[2026-04-02T16:37:30.898+0000] {processor.py:161} INFO - Started process (PID=2000) to work on /home/airflow/.local/lib/python3.12/site-packages/airflow/example_dags/example_external_task_marker_dag.py
[2026-04-02T16:37:30.898+0000] {processor.py:830} INFO - Processing file /home/airflow/.local/lib/python3.12/site-packages/airflow/example_dags/example_external_task_marker_dag.py for tasks to queue
[2026-04-02T16:37:30.899+0000] {logging_mixin.py:188} INFO - [2026-04-02T16:37:30.899+0000] {dagbag.py:540} INFO - Filling up the DagBag from /home/airflow/.local/lib/python3.12/site-packages/airflow/example_dags/example_external_task_marker_dag.py
[2026-04-02T16:37:30.902+0000] {processor.py:840} INFO - DAG(s) 'example_external_task_marker_parent', 'example_external_task_marker_child' retrieved from /home/airflow/.local/lib/python3.12/site-packages/airflow/example_dags/example_external_task_marker_dag.py
[2026-04-02T16:37:30.915+0000] {logging_mixin.py:188} INFO - [2026-04-02T16:37:30.915+0000] {dag.py:3096} INFO - Sync 2 DAGs
[2026-04-02T16:37:30.921+0000] {logging_mixin.py:188} INFO - [2026-04-02T16:37:30.921+0000] {dag.py:3954} INFO - Setting next_dagrun for example_external_task_marker_child to None, run_after=None
[2026-04-02T16:37:30.923+0000] {logging_mixin.py:188} INFO - [2026-04-02T16:37:30.923+0000] {dag.py:3954} INFO - Setting next_dagrun for example_external_task_marker_parent to None, run_after=None
[2026-04-02T16:37:30.930+0000] {processor.py:183} INFO - Processing /home/airflow/.local/lib/python3.12/site-packages/airflow/example_dags/example_external_task_marker_dag.py took 0.035 seconds
[2026-04-02T16:38:01.567+0000] {processor.py:161} INFO - Started process (PID=2058) to work on /home/airflow/.local/lib/python3.12/site-packages/airflow/example_dags/example_external_task_marker_dag.py
[2026-04-02T16:38:01.568+0000] {processor.py:830} INFO - Processing file /home/airflow/.local/lib/python3.12/site-packages/airflow/example_dags/example_external_task_marker_dag.py for tasks to queue
[2026-04-02T16:38:01.570+0000] {logging_mixin.py:188} INFO - [2026-04-02T16:38:01.570+0000] {dagbag.py:540} INFO - Filling up the DagBag from /home/airflow/.local/lib/python3.12/site-packages/airflow/example_dags/example_external_task_marker_dag.py
[2026-04-02T16:38:01.573+0000] {processor.py:840} INFO - DAG(s) 'example_external_task_marker_child', 'example_external_task_marker_parent' retrieved from /home/airflow/.local/lib/python3.12/site-packages/airflow/example_dags/example_external_task_marker_dag.py
[2026-04-02T16:38:01.588+0000] {logging_mixin.py:188} INFO - [2026-04-02T16:38:01.587+0000] {dag.py:3096} INFO - Sync 2 DAGs
[2026-04-02T16:38:01.594+0000] {logging_mixin.py:188} INFO - [2026-04-02T16:38:01.594+0000] {dag.py:3954} INFO - Setting next_dagrun for example_external_task_marker_child to None, run_after=None
[2026-04-02T16:38:01.596+0000] {logging_mixin.py:188} INFO - [2026-04-02T16:38:01.596+0000] {dag.py:3954} INFO - Setting next_dagrun for example_external_task_marker_parent to None, run_after=None
[2026-04-02T16:38:01.604+0000] {processor.py:183} INFO - Processing /home/airflow/.local/lib/python3.12/site-packages/airflow/example_dags/example_external_task_marker_dag.py took 0.040 seconds
[2026-04-02T16:38:32.249+0000] {processor.py:161} INFO - Started process (PID=2116) to work on /home/airflow/.local/lib/python3.12/site-packages/airflow/example_dags/example_external_task_marker_dag.py
[2026-04-02T16:38:32.251+0000] {processor.py:830} INFO - Processing file /home/airflow/.local/lib/python3.12/site-packages/airflow/example_dags/example_external_task_marker_dag.py for tasks to queue
[2026-04-02T16:38:32.252+0000] {logging_mixin.py:188} INFO - [2026-04-02T16:38:32.252+0000] {dagbag.py:540} INFO - Filling up the DagBag from /home/airflow/.local/lib/python3.12/site-packages/airflow/example_dags/example_external_task_marker_dag.py
[2026-04-02T16:38:32.255+0000] {processor.py:840} INFO - DAG(s) 'example_external_task_marker_child', 'example_external_task_marker_parent' retrieved from /home/airflow/.local/lib/python3.12/site-packages/airflow/example_dags/example_external_task_marker_dag.py
[2026-04-02T16:38:32.268+0000] {logging_mixin.py:188} INFO - [2026-04-02T16:38:32.268+0000] {dag.py:3096} INFO - Sync 2 DAGs
[2026-04-02T16:38:32.275+0000] {logging_mixin.py:188} INFO - [2026-04-02T16:38:32.275+0000] {dag.py:3954} INFO - Setting next_dagrun for example_external_task_marker_child to None, run_after=None
[2026-04-02T16:38:32.276+0000] {logging_mixin.py:188} INFO - [2026-04-02T16:38:32.276+0000] {dag.py:3954} INFO - Setting next_dagrun for example_external_task_marker_parent to None, run_after=None
[2026-04-02T16:38:32.283+0000] {processor.py:183} INFO - Processing /home/airflow/.local/lib/python3.12/site-packages/airflow/example_dags/example_external_task_marker_dag.py took 0.038 seconds
[2026-04-02T16:39:02.966+0000] {processor.py:161} INFO - Started process (PID=2174) to work on /home/airflow/.local/lib/python3.12/site-packages/airflow/example_dags/example_external_task_marker_dag.py
[2026-04-02T16:39:02.967+0000] {processor.py:830} INFO - Processing file /home/airflow/.local/lib/python3.12/site-packages/airflow/example_dags/example_external_task_marker_dag.py for tasks to queue
[2026-04-02T16:39:02.968+0000] {logging_mixin.py:188} INFO - [2026-04-02T16:39:02.968+0000] {dagbag.py:540} INFO - Filling up the DagBag from /home/airflow/.local/lib/python3.12/site-packages/airflow/example_dags/example_external_task_marker_dag.py
[2026-04-02T16:39:02.972+0000] {processor.py:840} INFO - DAG(s) 'example_external_task_marker_parent', 'example_external_task_marker_child' retrieved from /home/airflow/.local/lib/python3.12/site-packages/airflow/example_dags/example_external_task_marker_dag.py
[2026-04-02T16:39:02.986+0000] {logging_mixin.py:188} INFO - [2026-04-02T16:39:02.986+0000] {dag.py:3096} INFO - Sync 2 DAGs
[2026-04-02T16:39:02.993+0000] {logging_mixin.py:188} INFO - [2026-04-02T16:39:02.993+0000] {dag.py:3954} INFO - Setting next_dagrun for example_external_task_marker_child to None, run_after=None
[2026-04-02T16:39:02.995+0000] {logging_mixin.py:188} INFO - [2026-04-02T16:39:02.995+0000] {dag.py:3954} INFO - Setting next_dagrun for example_external_task_marker_parent to None, run_after=None
[2026-04-02T16:39:03.003+0000] {processor.py:183} INFO - Processing /home/airflow/.local/lib/python3.12/site-packages/airflow/example_dags/example_external_task_marker_dag.py took 0.040 seconds
[2026-04-02T16:39:33.567+0000] {processor.py:161} INFO - Started process (PID=2232) to work on /home/airflow/.local/lib/python3.12/site-packages/airflow/example_dags/example_external_task_marker_dag.py
[2026-04-02T16:39:33.568+0000] {processor.py:830} INFO - Processing file /home/airflow/.local/lib/python3.12/site-packages/airflow/example_dags/example_external_task_marker_dag.py for tasks to queue
[2026-04-02T16:39:33.570+0000] {logging_mixin.py:188} INFO - [2026-04-02T16:39:33.570+0000] {dagbag.py:540} INFO - Filling up the DagBag from /home/airflow/.local/lib/python3.12/site-packages/airflow/example_dags/example_external_task_marker_dag.py
[2026-04-02T16:39:33.575+0000] {processor.py:840} INFO - DAG(s) 'example_external_task_marker_child', 'example_external_task_marker_parent' retrieved from /home/airflow/.local/lib/python3.12/site-packages/airflow/example_dags/example_external_task_marker_dag.py
[2026-04-02T16:39:33.590+0000] {logging_mixin.py:188} INFO - [2026-04-02T16:39:33.590+0000] {dag.py:3096} INFO - Sync 2 DAGs
[2026-04-02T16:39:33.598+0000] {logging_mixin.py:188} INFO - [2026-04-02T16:39:33.598+0000] {dag.py:3954} INFO - Setting next_dagrun for example_external_task_marker_child to None, run_after=None
[2026-04-02T16:39:33.600+0000] {logging_mixin.py:188} INFO - [2026-04-02T16:39:33.600+0000] {dag.py:3954} INFO - Setting next_dagrun for example_external_task_marker_parent to None, run_after=None
[2026-04-02T16:39:33.609+0000] {processor.py:183} INFO - Processing /home/airflow/.local/lib/python3.12/site-packages/airflow/example_dags/example_external_task_marker_dag.py took 0.047 seconds
[2026-04-02T16:40:04.197+0000] {processor.py:161} INFO - Started process (PID=2290) to work on /home/airflow/.local/lib/python3.12/site-packages/airflow/example_dags/example_external_task_marker_dag.py
[2026-04-02T16:40:04.198+0000] {processor.py:830} INFO - Processing file /home/airflow/.local/lib/python3.12/site-packages/airflow/example_dags/example_external_task_marker_dag.py for tasks to queue
[2026-04-02T16:40:04.199+0000] {logging_mixin.py:188} INFO - [2026-04-02T16:40:04.199+0000] {dagbag.py:540} INFO - Filling up the DagBag from /home/airflow/.local/lib/python3.12/site-packages/airflow/example_dags/example_external_task_marker_dag.py
[2026-04-02T16:40:04.202+0000] {processor.py:840} INFO - DAG(s) 'example_external_task_marker_parent', 'example_external_task_marker_child' retrieved from /home/airflow/.local/lib/python3.12/site-packages/airflow/example_dags/example_external_task_marker_dag.py
[2026-04-02T16:40:04.215+0000] {logging_mixin.py:188} INFO - [2026-04-02T16:40:04.215+0000] {dag.py:3096} INFO - Sync 2 DAGs
[2026-04-02T16:40:04.221+0000] {logging_mixin.py:188} INFO - [2026-04-02T16:40:04.221+0000] {dag.py:3954} INFO - Setting next_dagrun for example_external_task_marker_child to None, run_after=None
[2026-04-02T16:40:04.223+0000] {logging_mixin.py:188} INFO - [2026-04-02T16:40:04.223+0000] {dag.py:3954} INFO - Setting next_dagrun for example_external_task_marker_parent to None, run_after=None
[2026-04-02T16:40:04.231+0000] {processor.py:183} INFO - Processing /home/airflow/.local/lib/python3.12/site-packages/airflow/example_dags/example_external_task_marker_dag.py took 0.036 seconds
[2026-04-02T16:40:34.815+0000] {processor.py:161} INFO - Started process (PID=2348) to work on /home/airflow/.local/lib/python3.12/site-packages/airflow/example_dags/example_external_task_marker_dag.py
[2026-04-02T16:40:34.816+0000] {processor.py:830} INFO - Processing file /home/airflow/.local/lib/python3.12/site-packages/airflow/example_dags/example_external_task_marker_dag.py for tasks to queue
[2026-04-02T16:40:34.817+0000] {logging_mixin.py:188} INFO - [2026-04-02T16:40:34.817+0000] {dagbag.py:540} INFO - Filling up the DagBag from /home/airflow/.local/lib/python3.12/site-packages/airflow/example_dags/example_external_task_marker_dag.py
[2026-04-02T16:40:34.824+0000] {processor.py:840} INFO - DAG(s) 'example_external_task_marker_parent', 'example_external_task_marker_child' retrieved from /home/airflow/.local/lib/python3.12/site-packages/airflow/example_dags/example_external_task_marker_dag.py
[2026-04-02T16:40:34.839+0000] {logging_mixin.py:188} INFO - [2026-04-02T16:40:34.838+0000] {dag.py:3096} INFO - Sync 2 DAGs
[2026-04-02T16:40:34.845+0000] {logging_mixin.py:188} INFO - [2026-04-02T16:40:34.845+0000] {dag.py:3954} INFO - Setting next_dagrun for example_external_task_marker_child to None, run_after=None
[2026-04-02T16:40:34.847+0000] {logging_mixin.py:188} INFO - [2026-04-02T16:40:34.847+0000] {dag.py:3954} INFO - Setting next_dagrun for example_external_task_marker_parent to None, run_after=None
[2026-04-02T16:40:34.854+0000] {processor.py:183} INFO - Processing /home/airflow/.local/lib/python3.12/site-packages/airflow/example_dags/example_external_task_marker_dag.py took 0.043 seconds
[2026-04-02T16:41:05.854+0000] {processor.py:161} INFO - Started process (PID=2406) to work on /home/airflow/.local/lib/python3.12/site-packages/airflow/example_dags/example_external_task_marker_dag.py
[2026-04-02T16:41:05.854+0000] {processor.py:830} INFO - Processing file /home/airflow/.local/lib/python3.12/site-packages/airflow/example_dags/example_external_task_marker_dag.py for tasks to queue
[2026-04-02T16:41:05.855+0000] {logging_mixin.py:188} INFO - [2026-04-02T16:41:05.855+0000] {dagbag.py:540} INFO - Filling up the DagBag from /home/airflow/.local/lib/python3.12/site-packages/airflow/example_dags/example_external_task_marker_dag.py
[2026-04-02T16:41:05.859+0000] {processor.py:840} INFO - DAG(s) 'example_external_task_marker_parent', 'example_external_task_marker_child' retrieved from /home/airflow/.local/lib/python3.12/site-packages/airflow/example_dags/example_external_task_marker_dag.py
[2026-04-02T16:41:05.879+0000] {logging_mixin.py:188} INFO - [2026-04-02T16:41:05.879+0000] {dag.py:3096} INFO - Sync 2 DAGs
[2026-04-02T16:41:05.887+0000] {logging_mixin.py:188} INFO - [2026-04-02T16:41:05.887+0000] {dag.py:3954} INFO - Setting next_dagrun for example_external_task_marker_child to None, run_after=None
[2026-04-02T16:41:05.891+0000] {logging_mixin.py:188} INFO - [2026-04-02T16:41:05.891+0000] {dag.py:3954} INFO - Setting next_dagrun for example_external_task_marker_parent to None, run_after=None
[2026-04-02T16:41:05.901+0000] {processor.py:183} INFO - Processing /home/airflow/.local/lib/python3.12/site-packages/airflow/example_dags/example_external_task_marker_dag.py took 0.051 seconds
[2026-04-02T16:41:36.705+0000] {processor.py:161} INFO - Started process (PID=2464) to work on /home/airflow/.local/lib/python3.12/site-packages/airflow/example_dags/example_external_task_marker_dag.py
[2026-04-02T16:41:36.706+0000] {processor.py:830} INFO - Processing file /home/airflow/.local/lib/python3.12/site-packages/airflow/example_dags/example_external_task_marker_dag.py for tasks to queue
[2026-04-02T16:41:36.708+0000] {logging_mixin.py:188} INFO - [2026-04-02T16:41:36.708+0000] {dagbag.py:540} INFO - Filling up the DagBag from /home/airflow/.local/lib/python3.12/site-packages/airflow/example_dags/example_external_task_marker_dag.py
[2026-04-02T16:41:36.711+0000] {processor.py:840} INFO - DAG(s) 'example_external_task_marker_parent', 'example_external_task_marker_child' retrieved from /home/airflow/.local/lib/python3.12/site-packages/airflow/example_dags/example_external_task_marker_dag.py
[2026-04-02T16:41:36.725+0000] {logging_mixin.py:188} INFO - [2026-04-02T16:41:36.725+0000] {dag.py:3096} INFO - Sync 2 DAGs
[2026-04-02T16:41:36.731+0000] {logging_mixin.py:188} INFO - [2026-04-02T16:41:36.731+0000] {dag.py:3954} INFO - Setting next_dagrun for example_external_task_marker_child to None, run_after=None
[2026-04-02T16:41:36.733+0000] {logging_mixin.py:188} INFO - [2026-04-02T16:41:36.733+0000] {dag.py:3954} INFO - Setting next_dagrun for example_external_task_marker_parent to None, run_after=None
[2026-04-02T16:41:36.743+0000] {processor.py:183} INFO - Processing /home/airflow/.local/lib/python3.12/site-packages/airflow/example_dags/example_external_task_marker_dag.py took 0.041 seconds
[2026-04-02T16:42:07.615+0000] {processor.py:161} INFO - Started process (PID=2528) to work on /home/airflow/.local/lib/python3.12/site-packages/airflow/example_dags/example_external_task_marker_dag.py
[2026-04-02T16:42:07.616+0000] {processor.py:830} INFO - Processing file /home/airflow/.local/lib/python3.12/site-packages/airflow/example_dags/example_external_task_marker_dag.py for tasks to queue
[2026-04-02T16:42:07.617+0000] {logging_mixin.py:188} INFO - [2026-04-02T16:42:07.617+0000] {dagbag.py:540} INFO - Filling up the DagBag from /home/airflow/.local/lib/python3.12/site-packages/airflow/example_dags/example_external_task_marker_dag.py
[2026-04-02T16:42:07.622+0000] {processor.py:840} INFO - DAG(s) 'example_external_task_marker_child', 'example_external_task_marker_parent' retrieved from /home/airflow/.local/lib/python3.12/site-packages/airflow/example_dags/example_external_task_marker_dag.py
[2026-04-02T16:42:07.639+0000] {logging_mixin.py:188} INFO - [2026-04-02T16:42:07.639+0000] {dag.py:3096} INFO - Sync 2 DAGs
[2026-04-02T16:42:07.648+0000] {logging_mixin.py:188} INFO - [2026-04-02T16:42:07.648+0000] {dag.py:3954} INFO - Setting next_dagrun for example_external_task_marker_child to None, run_after=None
[2026-04-02T16:42:07.654+0000] {logging_mixin.py:188} INFO - [2026-04-02T16:42:07.653+0000] {dag.py:3954} INFO - Setting next_dagrun for example_external_task_marker_parent to None, run_after=None
[2026-04-02T16:42:07.667+0000] {processor.py:183} INFO - Processing /home/airflow/.local/lib/python3.12/site-packages/airflow/example_dags/example_external_task_marker_dag.py took 0.055 seconds
[2026-04-02T16:42:38.545+0000] {processor.py:161} INFO - Started process (PID=2586) to work on /home/airflow/.local/lib/python3.12/site-packages/airflow/example_dags/example_external_task_marker_dag.py
[2026-04-02T16:42:38.547+0000] {processor.py:830} INFO - Processing file /home/airflow/.local/lib/python3.12/site-packages/airflow/example_dags/example_external_task_marker_dag.py for tasks to queue
[2026-04-02T16:42:38.548+0000] {logging_mixin.py:188} INFO - [2026-04-02T16:42:38.548+0000] {dagbag.py:540} INFO - Filling up the DagBag from /home/airflow/.local/lib/python3.12/site-packages/airflow/example_dags/example_external_task_marker_dag.py
[2026-04-02T16:42:38.551+0000] {processor.py:840} INFO - DAG(s) 'example_external_task_marker_child', 'example_external_task_marker_parent' retrieved from /home/airflow/.local/lib/python3.12/site-packages/airflow/example_dags/example_external_task_marker_dag.py
[2026-04-02T16:42:38.574+0000] {logging_mixin.py:188} INFO - [2026-04-02T16:42:38.574+0000] {dag.py:3096} INFO - Sync 2 DAGs
[2026-04-02T16:42:38.582+0000] {logging_mixin.py:188} INFO - [2026-04-02T16:42:38.582+0000] {dag.py:3954} INFO - Setting next_dagrun for example_external_task_marker_child to None, run_after=None
[2026-04-02T16:42:38.585+0000] {logging_mixin.py:188} INFO - [2026-04-02T16:42:38.585+0000] {dag.py:3954} INFO - Setting next_dagrun for example_external_task_marker_parent to None, run_after=None
[2026-04-02T16:42:38.598+0000] {processor.py:183} INFO - Processing /home/airflow/.local/lib/python3.12/site-packages/airflow/example_dags/example_external_task_marker_dag.py took 0.056 seconds
[2026-04-02T16:43:09.543+0000] {processor.py:161} INFO - Started process (PID=2644) to work on /home/airflow/.local/lib/python3.12/site-packages/airflow/example_dags/example_external_task_marker_dag.py
[2026-04-02T16:43:09.543+0000] {processor.py:830} INFO - Processing file /home/airflow/.local/lib/python3.12/site-packages/airflow/example_dags/example_external_task_marker_dag.py for tasks to queue
[2026-04-02T16:43:09.544+0000] {logging_mixin.py:188} INFO - [2026-04-02T16:43:09.544+0000] {dagbag.py:540} INFO - Filling up the DagBag from /home/airflow/.local/lib/python3.12/site-packages/airflow/example_dags/example_external_task_marker_dag.py
[2026-04-02T16:43:09.548+0000] {processor.py:840} INFO - DAG(s) 'example_external_task_marker_parent', 'example_external_task_marker_child' retrieved from /home/airflow/.local/lib/python3.12/site-packages/airflow/example_dags/example_external_task_marker_dag.py
[2026-04-02T16:43:09.569+0000] {logging_mixin.py:188} INFO - [2026-04-02T16:43:09.569+0000] {dag.py:3096} INFO - Sync 2 DAGs
[2026-04-02T16:43:09.581+0000] {logging_mixin.py:188} INFO - [2026-04-02T16:43:09.580+0000] {dag.py:3954} INFO - Setting next_dagrun for example_external_task_marker_child to None, run_after=None
[2026-04-02T16:43:09.585+0000] {logging_mixin.py:188} INFO - [2026-04-02T16:43:09.585+0000] {dag.py:3954} INFO - Setting next_dagrun for example_external_task_marker_parent to None, run_after=None
[2026-04-02T16:43:09.597+0000] {processor.py:183} INFO - Processing /home/airflow/.local/lib/python3.12/site-packages/airflow/example_dags/example_external_task_marker_dag.py took 0.058 seconds
[2026-04-02T16:43:40.457+0000] {processor.py:161} INFO - Started process (PID=2702) to work on /home/airflow/.local/lib/python3.12/site-packages/airflow/example_dags/example_external_task_marker_dag.py
[2026-04-02T16:43:40.458+0000] {processor.py:830} INFO - Processing file /home/airflow/.local/lib/python3.12/site-packages/airflow/example_dags/example_external_task_marker_dag.py for tasks to queue
[2026-04-02T16:43:40.460+0000] {logging_mixin.py:188} INFO - [2026-04-02T16:43:40.460+0000] {dagbag.py:540} INFO - Filling up the DagBag from /home/airflow/.local/lib/python3.12/site-packages/airflow/example_dags/example_external_task_marker_dag.py
[2026-04-02T16:43:40.463+0000] {processor.py:840} INFO - DAG(s) 'example_external_task_marker_child', 'example_external_task_marker_parent' retrieved from /home/airflow/.local/lib/python3.12/site-packages/airflow/example_dags/example_external_task_marker_dag.py
[2026-04-02T16:43:40.484+0000] {logging_mixin.py:188} INFO - [2026-04-02T16:43:40.483+0000] {dag.py:3096} INFO - Sync 2 DAGs
[2026-04-02T16:43:40.494+0000] {logging_mixin.py:188} INFO - [2026-04-02T16:43:40.494+0000] {dag.py:3954} INFO - Setting next_dagrun for example_external_task_marker_child to None, run_after=None
[2026-04-02T16:43:40.497+0000] {logging_mixin.py:188} INFO - [2026-04-02T16:43:40.496+0000] {dag.py:3954} INFO - Setting next_dagrun for example_external_task_marker_parent to None, run_after=None
[2026-04-02T16:43:40.509+0000] {processor.py:183} INFO - Processing /home/airflow/.local/lib/python3.12/site-packages/airflow/example_dags/example_external_task_marker_dag.py took 0.055 seconds
