[2026-04-02T16:20:34.389+0000] {processor.py:161} INFO - Started process (PID=41) to work on /home/airflow/.local/lib/python3.12/site-packages/airflow/example_dags/example_short_circuit_decorator.py
[2026-04-02T16:20:34.390+0000] {processor.py:830} INFO - Processing file /home/airflow/.local/lib/python3.12/site-packages/airflow/example_dags/example_short_circuit_decorator.py for tasks to queue
[2026-04-02T16:20:34.393+0000] {logging_mixin.py:188} INFO - [2026-04-02T16:20:34.393+0000] {dagbag.py:540} INFO - Filling up the DagBag from /home/airflow/.local/lib/python3.12/site-packages/airflow/example_dags/example_short_circuit_decorator.py
[2026-04-02T16:20:34.402+0000] {processor.py:840} INFO - DAG(s) 'example_short_circuit_decorator' retrieved from /home/airflow/.local/lib/python3.12/site-packages/airflow/example_dags/example_short_circuit_decorator.py
[2026-04-02T16:20:34.417+0000] {logging_mixin.py:188} INFO - [2026-04-02T16:20:34.417+0000] {dag.py:3096} INFO - Sync 1 DAGs
[2026-04-02T16:20:34.427+0000] {logging_mixin.py:188} INFO - [2026-04-02T16:20:34.427+0000] {dag.py:3954} INFO - Setting next_dagrun for example_short_circuit_decorator to 2026-04-01 00:00:00+00:00, run_after=2026-04-02 00:00:00+00:00
[2026-04-02T16:20:34.436+0000] {processor.py:183} INFO - Processing /home/airflow/.local/lib/python3.12/site-packages/airflow/example_dags/example_short_circuit_decorator.py took 0.050 seconds
[2026-04-02T16:21:04.982+0000] {processor.py:161} INFO - Started process (PID=106) to work on /home/airflow/.local/lib/python3.12/site-packages/airflow/example_dags/example_short_circuit_decorator.py
[2026-04-02T16:21:04.983+0000] {processor.py:830} INFO - Processing file /home/airflow/.local/lib/python3.12/site-packages/airflow/example_dags/example_short_circuit_decorator.py for tasks to queue
[2026-04-02T16:21:04.984+0000] {logging_mixin.py:188} INFO - [2026-04-02T16:21:04.984+0000] {dagbag.py:540} INFO - Filling up the DagBag from /home/airflow/.local/lib/python3.12/site-packages/airflow/example_dags/example_short_circuit_decorator.py
[2026-04-02T16:21:04.989+0000] {processor.py:840} INFO - DAG(s) 'example_short_circuit_decorator' retrieved from /home/airflow/.local/lib/python3.12/site-packages/airflow/example_dags/example_short_circuit_decorator.py
[2026-04-02T16:21:05.118+0000] {logging_mixin.py:188} INFO - [2026-04-02T16:21:05.118+0000] {dag.py:3096} INFO - Sync 1 DAGs
[2026-04-02T16:21:05.129+0000] {logging_mixin.py:188} INFO - [2026-04-02T16:21:05.128+0000] {dag.py:3954} INFO - Setting next_dagrun for example_short_circuit_decorator to 2026-04-01 00:00:00+00:00, run_after=2026-04-02 00:00:00+00:00
[2026-04-02T16:21:05.141+0000] {processor.py:183} INFO - Processing /home/airflow/.local/lib/python3.12/site-packages/airflow/example_dags/example_short_circuit_decorator.py took 0.162 seconds
[2026-04-02T16:21:35.189+0000] {processor.py:161} INFO - Started process (PID=164) to work on /home/airflow/.local/lib/python3.12/site-packages/airflow/example_dags/example_short_circuit_decorator.py
[2026-04-02T16:21:35.190+0000] {processor.py:830} INFO - Processing file /home/airflow/.local/lib/python3.12/site-packages/airflow/example_dags/example_short_circuit_decorator.py for tasks to queue
[2026-04-02T16:21:35.195+0000] {logging_mixin.py:188} INFO - [2026-04-02T16:21:35.195+0000] {dagbag.py:540} INFO - Filling up the DagBag from /home/airflow/.local/lib/python3.12/site-packages/airflow/example_dags/example_short_circuit_decorator.py
[2026-04-02T16:21:35.200+0000] {processor.py:840} INFO - DAG(s) 'example_short_circuit_decorator' retrieved from /home/airflow/.local/lib/python3.12/site-packages/airflow/example_dags/example_short_circuit_decorator.py
[2026-04-02T16:21:35.214+0000] {logging_mixin.py:188} INFO - [2026-04-02T16:21:35.214+0000] {dag.py:3096} INFO - Sync 1 DAGs
[2026-04-02T16:21:35.223+0000] {logging_mixin.py:188} INFO - [2026-04-02T16:21:35.223+0000] {dag.py:3954} INFO - Setting next_dagrun for example_short_circuit_decorator to 2026-04-01 00:00:00+00:00, run_after=2026-04-02 00:00:00+00:00
[2026-04-02T16:21:35.232+0000] {processor.py:183} INFO - Processing /home/airflow/.local/lib/python3.12/site-packages/airflow/example_dags/example_short_circuit_decorator.py took 0.047 seconds
[2026-04-02T16:22:05.986+0000] {processor.py:161} INFO - Started process (PID=222) to work on /home/airflow/.local/lib/python3.12/site-packages/airflow/example_dags/example_short_circuit_decorator.py
[2026-04-02T16:22:05.987+0000] {processor.py:830} INFO - Processing file /home/airflow/.local/lib/python3.12/site-packages/airflow/example_dags/example_short_circuit_decorator.py for tasks to queue
[2026-04-02T16:22:05.988+0000] {logging_mixin.py:188} INFO - [2026-04-02T16:22:05.988+0000] {dagbag.py:540} INFO - Filling up the DagBag from /home/airflow/.local/lib/python3.12/site-packages/airflow/example_dags/example_short_circuit_decorator.py
[2026-04-02T16:22:05.992+0000] {processor.py:840} INFO - DAG(s) 'example_short_circuit_decorator' retrieved from /home/airflow/.local/lib/python3.12/site-packages/airflow/example_dags/example_short_circuit_decorator.py
[2026-04-02T16:22:06.005+0000] {logging_mixin.py:188} INFO - [2026-04-02T16:22:06.004+0000] {dag.py:3096} INFO - Sync 1 DAGs
[2026-04-02T16:22:06.014+0000] {logging_mixin.py:188} INFO - [2026-04-02T16:22:06.014+0000] {dag.py:3954} INFO - Setting next_dagrun for example_short_circuit_decorator to 2026-04-01 00:00:00+00:00, run_after=2026-04-02 00:00:00+00:00
[2026-04-02T16:22:06.022+0000] {processor.py:183} INFO - Processing /home/airflow/.local/lib/python3.12/site-packages/airflow/example_dags/example_short_circuit_decorator.py took 0.039 seconds
[2026-04-02T16:22:36.728+0000] {processor.py:161} INFO - Started process (PID=280) to work on /home/airflow/.local/lib/python3.12/site-packages/airflow/example_dags/example_short_circuit_decorator.py
[2026-04-02T16:22:36.729+0000] {processor.py:830} INFO - Processing file /home/airflow/.local/lib/python3.12/site-packages/airflow/example_dags/example_short_circuit_decorator.py for tasks to queue
[2026-04-02T16:22:36.731+0000] {logging_mixin.py:188} INFO - [2026-04-02T16:22:36.731+0000] {dagbag.py:540} INFO - Filling up the DagBag from /home/airflow/.local/lib/python3.12/site-packages/airflow/example_dags/example_short_circuit_decorator.py
[2026-04-02T16:22:36.740+0000] {processor.py:840} INFO - DAG(s) 'example_short_circuit_decorator' retrieved from /home/airflow/.local/lib/python3.12/site-packages/airflow/example_dags/example_short_circuit_decorator.py
[2026-04-02T16:22:36.761+0000] {logging_mixin.py:188} INFO - [2026-04-02T16:22:36.761+0000] {dag.py:3096} INFO - Sync 1 DAGs
[2026-04-02T16:22:36.776+0000] {logging_mixin.py:188} INFO - [2026-04-02T16:22:36.776+0000] {dag.py:3954} INFO - Setting next_dagrun for example_short_circuit_decorator to 2026-04-01 00:00:00+00:00, run_after=2026-04-02 00:00:00+00:00
[2026-04-02T16:22:36.787+0000] {processor.py:183} INFO - Processing /home/airflow/.local/lib/python3.12/site-packages/airflow/example_dags/example_short_circuit_decorator.py took 0.065 seconds
[2026-04-02T16:23:07.413+0000] {processor.py:161} INFO - Started process (PID=338) to work on /home/airflow/.local/lib/python3.12/site-packages/airflow/example_dags/example_short_circuit_decorator.py
[2026-04-02T16:23:07.413+0000] {processor.py:830} INFO - Processing file /home/airflow/.local/lib/python3.12/site-packages/airflow/example_dags/example_short_circuit_decorator.py for tasks to queue
[2026-04-02T16:23:07.414+0000] {logging_mixin.py:188} INFO - [2026-04-02T16:23:07.414+0000] {dagbag.py:540} INFO - Filling up the DagBag from /home/airflow/.local/lib/python3.12/site-packages/airflow/example_dags/example_short_circuit_decorator.py
[2026-04-02T16:23:07.419+0000] {processor.py:840} INFO - DAG(s) 'example_short_circuit_decorator' retrieved from /home/airflow/.local/lib/python3.12/site-packages/airflow/example_dags/example_short_circuit_decorator.py
[2026-04-02T16:23:07.433+0000] {logging_mixin.py:188} INFO - [2026-04-02T16:23:07.433+0000] {dag.py:3096} INFO - Sync 1 DAGs
[2026-04-02T16:23:07.444+0000] {logging_mixin.py:188} INFO - [2026-04-02T16:23:07.444+0000] {dag.py:3954} INFO - Setting next_dagrun for example_short_circuit_decorator to 2026-04-01 00:00:00+00:00, run_after=2026-04-02 00:00:00+00:00
[2026-04-02T16:23:07.455+0000] {processor.py:183} INFO - Processing /home/airflow/.local/lib/python3.12/site-packages/airflow/example_dags/example_short_circuit_decorator.py took 0.046 seconds
[2026-04-02T16:23:38.068+0000] {processor.py:161} INFO - Started process (PID=396) to work on /home/airflow/.local/lib/python3.12/site-packages/airflow/example_dags/example_short_circuit_decorator.py
[2026-04-02T16:23:38.069+0000] {processor.py:830} INFO - Processing file /home/airflow/.local/lib/python3.12/site-packages/airflow/example_dags/example_short_circuit_decorator.py for tasks to queue
[2026-04-02T16:23:38.070+0000] {logging_mixin.py:188} INFO - [2026-04-02T16:23:38.070+0000] {dagbag.py:540} INFO - Filling up the DagBag from /home/airflow/.local/lib/python3.12/site-packages/airflow/example_dags/example_short_circuit_decorator.py
[2026-04-02T16:23:38.076+0000] {processor.py:840} INFO - DAG(s) 'example_short_circuit_decorator' retrieved from /home/airflow/.local/lib/python3.12/site-packages/airflow/example_dags/example_short_circuit_decorator.py
[2026-04-02T16:23:38.091+0000] {logging_mixin.py:188} INFO - [2026-04-02T16:23:38.091+0000] {dag.py:3096} INFO - Sync 1 DAGs
[2026-04-02T16:23:38.102+0000] {logging_mixin.py:188} INFO - [2026-04-02T16:23:38.102+0000] {dag.py:3954} INFO - Setting next_dagrun for example_short_circuit_decorator to 2026-04-01 00:00:00+00:00, run_after=2026-04-02 00:00:00+00:00
[2026-04-02T16:23:38.114+0000] {processor.py:183} INFO - Processing /home/airflow/.local/lib/python3.12/site-packages/airflow/example_dags/example_short_circuit_decorator.py took 0.050 seconds
[2026-04-02T16:24:08.817+0000] {processor.py:161} INFO - Started process (PID=454) to work on /home/airflow/.local/lib/python3.12/site-packages/airflow/example_dags/example_short_circuit_decorator.py
[2026-04-02T16:24:08.821+0000] {processor.py:830} INFO - Processing file /home/airflow/.local/lib/python3.12/site-packages/airflow/example_dags/example_short_circuit_decorator.py for tasks to queue
[2026-04-02T16:24:08.825+0000] {logging_mixin.py:188} INFO - [2026-04-02T16:24:08.825+0000] {dagbag.py:540} INFO - Filling up the DagBag from /home/airflow/.local/lib/python3.12/site-packages/airflow/example_dags/example_short_circuit_decorator.py
[2026-04-02T16:24:08.829+0000] {processor.py:840} INFO - DAG(s) 'example_short_circuit_decorator' retrieved from /home/airflow/.local/lib/python3.12/site-packages/airflow/example_dags/example_short_circuit_decorator.py
[2026-04-02T16:24:08.837+0000] {logging_mixin.py:188} INFO - [2026-04-02T16:24:08.837+0000] {dag.py:3096} INFO - Sync 1 DAGs
[2026-04-02T16:24:08.848+0000] {logging_mixin.py:188} INFO - [2026-04-02T16:24:08.848+0000] {dag.py:3954} INFO - Setting next_dagrun for example_short_circuit_decorator to 2026-04-01 00:00:00+00:00, run_after=2026-04-02 00:00:00+00:00
[2026-04-02T16:24:08.858+0000] {processor.py:183} INFO - Processing /home/airflow/.local/lib/python3.12/site-packages/airflow/example_dags/example_short_circuit_decorator.py took 0.044 seconds
[2026-04-02T16:24:39.317+0000] {processor.py:161} INFO - Started process (PID=512) to work on /home/airflow/.local/lib/python3.12/site-packages/airflow/example_dags/example_short_circuit_decorator.py
[2026-04-02T16:24:39.318+0000] {processor.py:830} INFO - Processing file /home/airflow/.local/lib/python3.12/site-packages/airflow/example_dags/example_short_circuit_decorator.py for tasks to queue
[2026-04-02T16:24:39.324+0000] {logging_mixin.py:188} INFO - [2026-04-02T16:24:39.324+0000] {dagbag.py:540} INFO - Filling up the DagBag from /home/airflow/.local/lib/python3.12/site-packages/airflow/example_dags/example_short_circuit_decorator.py
[2026-04-02T16:24:39.329+0000] {processor.py:840} INFO - DAG(s) 'example_short_circuit_decorator' retrieved from /home/airflow/.local/lib/python3.12/site-packages/airflow/example_dags/example_short_circuit_decorator.py
[2026-04-02T16:24:39.337+0000] {logging_mixin.py:188} INFO - [2026-04-02T16:24:39.337+0000] {dag.py:3096} INFO - Sync 1 DAGs
[2026-04-02T16:24:39.347+0000] {logging_mixin.py:188} INFO - [2026-04-02T16:24:39.347+0000] {dag.py:3954} INFO - Setting next_dagrun for example_short_circuit_decorator to 2026-04-01 00:00:00+00:00, run_after=2026-04-02 00:00:00+00:00
[2026-04-02T16:24:39.356+0000] {processor.py:183} INFO - Processing /home/airflow/.local/lib/python3.12/site-packages/airflow/example_dags/example_short_circuit_decorator.py took 0.044 seconds
[2026-04-02T16:25:09.792+0000] {processor.py:161} INFO - Started process (PID=570) to work on /home/airflow/.local/lib/python3.12/site-packages/airflow/example_dags/example_short_circuit_decorator.py
[2026-04-02T16:25:09.794+0000] {processor.py:830} INFO - Processing file /home/airflow/.local/lib/python3.12/site-packages/airflow/example_dags/example_short_circuit_decorator.py for tasks to queue
[2026-04-02T16:25:09.796+0000] {logging_mixin.py:188} INFO - [2026-04-02T16:25:09.795+0000] {dagbag.py:540} INFO - Filling up the DagBag from /home/airflow/.local/lib/python3.12/site-packages/airflow/example_dags/example_short_circuit_decorator.py
[2026-04-02T16:25:09.803+0000] {processor.py:840} INFO - DAG(s) 'example_short_circuit_decorator' retrieved from /home/airflow/.local/lib/python3.12/site-packages/airflow/example_dags/example_short_circuit_decorator.py
[2026-04-02T16:25:09.857+0000] {logging_mixin.py:188} INFO - [2026-04-02T16:25:09.856+0000] {dag.py:3096} INFO - Sync 1 DAGs
[2026-04-02T16:25:09.865+0000] {logging_mixin.py:188} INFO - [2026-04-02T16:25:09.865+0000] {dag.py:3954} INFO - Setting next_dagrun for example_short_circuit_decorator to 2026-04-01 00:00:00+00:00, run_after=2026-04-02 00:00:00+00:00
[2026-04-02T16:25:09.876+0000] {processor.py:183} INFO - Processing /home/airflow/.local/lib/python3.12/site-packages/airflow/example_dags/example_short_circuit_decorator.py took 0.088 seconds
[2026-04-02T16:25:40.376+0000] {processor.py:161} INFO - Started process (PID=628) to work on /home/airflow/.local/lib/python3.12/site-packages/airflow/example_dags/example_short_circuit_decorator.py
[2026-04-02T16:25:40.377+0000] {processor.py:830} INFO - Processing file /home/airflow/.local/lib/python3.12/site-packages/airflow/example_dags/example_short_circuit_decorator.py for tasks to queue
[2026-04-02T16:25:40.378+0000] {logging_mixin.py:188} INFO - [2026-04-02T16:25:40.378+0000] {dagbag.py:540} INFO - Filling up the DagBag from /home/airflow/.local/lib/python3.12/site-packages/airflow/example_dags/example_short_circuit_decorator.py
[2026-04-02T16:25:40.383+0000] {processor.py:840} INFO - DAG(s) 'example_short_circuit_decorator' retrieved from /home/airflow/.local/lib/python3.12/site-packages/airflow/example_dags/example_short_circuit_decorator.py
[2026-04-02T16:25:40.396+0000] {logging_mixin.py:188} INFO - [2026-04-02T16:25:40.396+0000] {dag.py:3096} INFO - Sync 1 DAGs
[2026-04-02T16:25:40.406+0000] {logging_mixin.py:188} INFO - [2026-04-02T16:25:40.405+0000] {dag.py:3954} INFO - Setting next_dagrun for example_short_circuit_decorator to 2026-04-01 00:00:00+00:00, run_after=2026-04-02 00:00:00+00:00
[2026-04-02T16:25:40.414+0000] {processor.py:183} INFO - Processing /home/airflow/.local/lib/python3.12/site-packages/airflow/example_dags/example_short_circuit_decorator.py took 0.042 seconds
[2026-04-02T16:26:10.474+0000] {processor.py:161} INFO - Started process (PID=686) to work on /home/airflow/.local/lib/python3.12/site-packages/airflow/example_dags/example_short_circuit_decorator.py
[2026-04-02T16:26:10.474+0000] {processor.py:830} INFO - Processing file /home/airflow/.local/lib/python3.12/site-packages/airflow/example_dags/example_short_circuit_decorator.py for tasks to queue
[2026-04-02T16:26:10.478+0000] {logging_mixin.py:188} INFO - [2026-04-02T16:26:10.478+0000] {dagbag.py:540} INFO - Filling up the DagBag from /home/airflow/.local/lib/python3.12/site-packages/airflow/example_dags/example_short_circuit_decorator.py
[2026-04-02T16:26:10.483+0000] {processor.py:840} INFO - DAG(s) 'example_short_circuit_decorator' retrieved from /home/airflow/.local/lib/python3.12/site-packages/airflow/example_dags/example_short_circuit_decorator.py
[2026-04-02T16:26:10.505+0000] {logging_mixin.py:188} INFO - [2026-04-02T16:26:10.505+0000] {dag.py:3096} INFO - Sync 1 DAGs
[2026-04-02T16:26:10.517+0000] {logging_mixin.py:188} INFO - [2026-04-02T16:26:10.517+0000] {dag.py:3954} INFO - Setting next_dagrun for example_short_circuit_decorator to 2026-04-01 00:00:00+00:00, run_after=2026-04-02 00:00:00+00:00
[2026-04-02T16:26:10.530+0000] {processor.py:183} INFO - Processing /home/airflow/.local/lib/python3.12/site-packages/airflow/example_dags/example_short_circuit_decorator.py took 0.060 seconds
[2026-04-02T16:26:40.748+0000] {processor.py:161} INFO - Started process (PID=744) to work on /home/airflow/.local/lib/python3.12/site-packages/airflow/example_dags/example_short_circuit_decorator.py
[2026-04-02T16:26:40.749+0000] {processor.py:830} INFO - Processing file /home/airflow/.local/lib/python3.12/site-packages/airflow/example_dags/example_short_circuit_decorator.py for tasks to queue
[2026-04-02T16:26:40.750+0000] {logging_mixin.py:188} INFO - [2026-04-02T16:26:40.750+0000] {dagbag.py:540} INFO - Filling up the DagBag from /home/airflow/.local/lib/python3.12/site-packages/airflow/example_dags/example_short_circuit_decorator.py
[2026-04-02T16:26:40.759+0000] {processor.py:840} INFO - DAG(s) 'example_short_circuit_decorator' retrieved from /home/airflow/.local/lib/python3.12/site-packages/airflow/example_dags/example_short_circuit_decorator.py
[2026-04-02T16:26:40.774+0000] {logging_mixin.py:188} INFO - [2026-04-02T16:26:40.774+0000] {dag.py:3096} INFO - Sync 1 DAGs
[2026-04-02T16:26:40.788+0000] {logging_mixin.py:188} INFO - [2026-04-02T16:26:40.788+0000] {dag.py:3954} INFO - Setting next_dagrun for example_short_circuit_decorator to 2026-04-01 00:00:00+00:00, run_after=2026-04-02 00:00:00+00:00
[2026-04-02T16:26:40.800+0000] {processor.py:183} INFO - Processing /home/airflow/.local/lib/python3.12/site-packages/airflow/example_dags/example_short_circuit_decorator.py took 0.057 seconds
[2026-04-02T16:27:11.010+0000] {processor.py:161} INFO - Started process (PID=802) to work on /home/airflow/.local/lib/python3.12/site-packages/airflow/example_dags/example_short_circuit_decorator.py
[2026-04-02T16:27:11.010+0000] {processor.py:830} INFO - Processing file /home/airflow/.local/lib/python3.12/site-packages/airflow/example_dags/example_short_circuit_decorator.py for tasks to queue
[2026-04-02T16:27:11.012+0000] {logging_mixin.py:188} INFO - [2026-04-02T16:27:11.011+0000] {dagbag.py:540} INFO - Filling up the DagBag from /home/airflow/.local/lib/python3.12/site-packages/airflow/example_dags/example_short_circuit_decorator.py
[2026-04-02T16:27:11.017+0000] {processor.py:840} INFO - DAG(s) 'example_short_circuit_decorator' retrieved from /home/airflow/.local/lib/python3.12/site-packages/airflow/example_dags/example_short_circuit_decorator.py
[2026-04-02T16:27:11.036+0000] {logging_mixin.py:188} INFO - [2026-04-02T16:27:11.036+0000] {dag.py:3096} INFO - Sync 1 DAGs
[2026-04-02T16:27:11.050+0000] {logging_mixin.py:188} INFO - [2026-04-02T16:27:11.050+0000] {dag.py:3954} INFO - Setting next_dagrun for example_short_circuit_decorator to 2026-04-01 00:00:00+00:00, run_after=2026-04-02 00:00:00+00:00
[2026-04-02T16:27:11.061+0000] {processor.py:183} INFO - Processing /home/airflow/.local/lib/python3.12/site-packages/airflow/example_dags/example_short_circuit_decorator.py took 0.054 seconds
[2026-04-02T16:27:41.544+0000] {processor.py:161} INFO - Started process (PID=860) to work on /home/airflow/.local/lib/python3.12/site-packages/airflow/example_dags/example_short_circuit_decorator.py
[2026-04-02T16:27:41.544+0000] {processor.py:830} INFO - Processing file /home/airflow/.local/lib/python3.12/site-packages/airflow/example_dags/example_short_circuit_decorator.py for tasks to queue
[2026-04-02T16:27:41.548+0000] {logging_mixin.py:188} INFO - [2026-04-02T16:27:41.548+0000] {dagbag.py:540} INFO - Filling up the DagBag from /home/airflow/.local/lib/python3.12/site-packages/airflow/example_dags/example_short_circuit_decorator.py
[2026-04-02T16:27:41.554+0000] {processor.py:840} INFO - DAG(s) 'example_short_circuit_decorator' retrieved from /home/airflow/.local/lib/python3.12/site-packages/airflow/example_dags/example_short_circuit_decorator.py
[2026-04-02T16:27:41.571+0000] {logging_mixin.py:188} INFO - [2026-04-02T16:27:41.571+0000] {dag.py:3096} INFO - Sync 1 DAGs
[2026-04-02T16:27:41.582+0000] {logging_mixin.py:188} INFO - [2026-04-02T16:27:41.582+0000] {dag.py:3954} INFO - Setting next_dagrun for example_short_circuit_decorator to 2026-04-01 00:00:00+00:00, run_after=2026-04-02 00:00:00+00:00
[2026-04-02T16:27:41.596+0000] {processor.py:183} INFO - Processing /home/airflow/.local/lib/python3.12/site-packages/airflow/example_dags/example_short_circuit_decorator.py took 0.056 seconds
[2026-04-02T16:28:12.316+0000] {processor.py:161} INFO - Started process (PID=918) to work on /home/airflow/.local/lib/python3.12/site-packages/airflow/example_dags/example_short_circuit_decorator.py
[2026-04-02T16:28:12.316+0000] {processor.py:830} INFO - Processing file /home/airflow/.local/lib/python3.12/site-packages/airflow/example_dags/example_short_circuit_decorator.py for tasks to queue
[2026-04-02T16:28:12.322+0000] {logging_mixin.py:188} INFO - [2026-04-02T16:28:12.321+0000] {dagbag.py:540} INFO - Filling up the DagBag from /home/airflow/.local/lib/python3.12/site-packages/airflow/example_dags/example_short_circuit_decorator.py
[2026-04-02T16:28:12.327+0000] {processor.py:840} INFO - DAG(s) 'example_short_circuit_decorator' retrieved from /home/airflow/.local/lib/python3.12/site-packages/airflow/example_dags/example_short_circuit_decorator.py
[2026-04-02T16:28:12.341+0000] {logging_mixin.py:188} INFO - [2026-04-02T16:28:12.341+0000] {dag.py:3096} INFO - Sync 1 DAGs
[2026-04-02T16:28:12.354+0000] {logging_mixin.py:188} INFO - [2026-04-02T16:28:12.353+0000] {dag.py:3954} INFO - Setting next_dagrun for example_short_circuit_decorator to 2026-04-01 00:00:00+00:00, run_after=2026-04-02 00:00:00+00:00
[2026-04-02T16:28:12.366+0000] {processor.py:183} INFO - Processing /home/airflow/.local/lib/python3.12/site-packages/airflow/example_dags/example_short_circuit_decorator.py took 0.054 seconds
[2026-04-02T16:28:43.112+0000] {processor.py:161} INFO - Started process (PID=976) to work on /home/airflow/.local/lib/python3.12/site-packages/airflow/example_dags/example_short_circuit_decorator.py
[2026-04-02T16:28:43.113+0000] {processor.py:830} INFO - Processing file /home/airflow/.local/lib/python3.12/site-packages/airflow/example_dags/example_short_circuit_decorator.py for tasks to queue
[2026-04-02T16:28:43.115+0000] {logging_mixin.py:188} INFO - [2026-04-02T16:28:43.115+0000] {dagbag.py:540} INFO - Filling up the DagBag from /home/airflow/.local/lib/python3.12/site-packages/airflow/example_dags/example_short_circuit_decorator.py
[2026-04-02T16:28:43.123+0000] {processor.py:840} INFO - DAG(s) 'example_short_circuit_decorator' retrieved from /home/airflow/.local/lib/python3.12/site-packages/airflow/example_dags/example_short_circuit_decorator.py
[2026-04-02T16:28:43.285+0000] {logging_mixin.py:188} INFO - [2026-04-02T16:28:43.284+0000] {dag.py:3096} INFO - Sync 1 DAGs
[2026-04-02T16:28:43.297+0000] {logging_mixin.py:188} INFO - [2026-04-02T16:28:43.297+0000] {dag.py:3954} INFO - Setting next_dagrun for example_short_circuit_decorator to 2026-04-01 00:00:00+00:00, run_after=2026-04-02 00:00:00+00:00
[2026-04-02T16:28:43.311+0000] {processor.py:183} INFO - Processing /home/airflow/.local/lib/python3.12/site-packages/airflow/example_dags/example_short_circuit_decorator.py took 0.204 seconds
[2026-04-02T16:29:13.430+0000] {processor.py:161} INFO - Started process (PID=1034) to work on /home/airflow/.local/lib/python3.12/site-packages/airflow/example_dags/example_short_circuit_decorator.py
[2026-04-02T16:29:13.431+0000] {processor.py:830} INFO - Processing file /home/airflow/.local/lib/python3.12/site-packages/airflow/example_dags/example_short_circuit_decorator.py for tasks to queue
[2026-04-02T16:29:13.436+0000] {logging_mixin.py:188} INFO - [2026-04-02T16:29:13.436+0000] {dagbag.py:540} INFO - Filling up the DagBag from /home/airflow/.local/lib/python3.12/site-packages/airflow/example_dags/example_short_circuit_decorator.py
[2026-04-02T16:29:13.442+0000] {processor.py:840} INFO - DAG(s) 'example_short_circuit_decorator' retrieved from /home/airflow/.local/lib/python3.12/site-packages/airflow/example_dags/example_short_circuit_decorator.py
[2026-04-02T16:29:13.464+0000] {logging_mixin.py:188} INFO - [2026-04-02T16:29:13.463+0000] {dag.py:3096} INFO - Sync 1 DAGs
[2026-04-02T16:29:13.480+0000] {logging_mixin.py:188} INFO - [2026-04-02T16:29:13.480+0000] {dag.py:3954} INFO - Setting next_dagrun for example_short_circuit_decorator to 2026-04-01 00:00:00+00:00, run_after=2026-04-02 00:00:00+00:00
[2026-04-02T16:29:13.601+0000] {processor.py:183} INFO - Processing /home/airflow/.local/lib/python3.12/site-packages/airflow/example_dags/example_short_circuit_decorator.py took 0.175 seconds
[2026-04-02T16:29:43.808+0000] {processor.py:161} INFO - Started process (PID=1092) to work on /home/airflow/.local/lib/python3.12/site-packages/airflow/example_dags/example_short_circuit_decorator.py
[2026-04-02T16:29:43.811+0000] {processor.py:830} INFO - Processing file /home/airflow/.local/lib/python3.12/site-packages/airflow/example_dags/example_short_circuit_decorator.py for tasks to queue
[2026-04-02T16:29:43.812+0000] {logging_mixin.py:188} INFO - [2026-04-02T16:29:43.812+0000] {dagbag.py:540} INFO - Filling up the DagBag from /home/airflow/.local/lib/python3.12/site-packages/airflow/example_dags/example_short_circuit_decorator.py
[2026-04-02T16:29:43.821+0000] {processor.py:840} INFO - DAG(s) 'example_short_circuit_decorator' retrieved from /home/airflow/.local/lib/python3.12/site-packages/airflow/example_dags/example_short_circuit_decorator.py
[2026-04-02T16:29:43.842+0000] {logging_mixin.py:188} INFO - [2026-04-02T16:29:43.842+0000] {dag.py:3096} INFO - Sync 1 DAGs
[2026-04-02T16:29:43.855+0000] {logging_mixin.py:188} INFO - [2026-04-02T16:29:43.855+0000] {dag.py:3954} INFO - Setting next_dagrun for example_short_circuit_decorator to 2026-04-01 00:00:00+00:00, run_after=2026-04-02 00:00:00+00:00
[2026-04-02T16:29:43.865+0000] {processor.py:183} INFO - Processing /home/airflow/.local/lib/python3.12/site-packages/airflow/example_dags/example_short_circuit_decorator.py took 0.062 seconds
[2026-04-02T16:30:14.022+0000] {processor.py:161} INFO - Started process (PID=1150) to work on /home/airflow/.local/lib/python3.12/site-packages/airflow/example_dags/example_short_circuit_decorator.py
[2026-04-02T16:30:14.023+0000] {processor.py:830} INFO - Processing file /home/airflow/.local/lib/python3.12/site-packages/airflow/example_dags/example_short_circuit_decorator.py for tasks to queue
[2026-04-02T16:30:14.026+0000] {logging_mixin.py:188} INFO - [2026-04-02T16:30:14.026+0000] {dagbag.py:540} INFO - Filling up the DagBag from /home/airflow/.local/lib/python3.12/site-packages/airflow/example_dags/example_short_circuit_decorator.py
[2026-04-02T16:30:14.034+0000] {processor.py:840} INFO - DAG(s) 'example_short_circuit_decorator' retrieved from /home/airflow/.local/lib/python3.12/site-packages/airflow/example_dags/example_short_circuit_decorator.py
[2026-04-02T16:30:14.054+0000] {logging_mixin.py:188} INFO - [2026-04-02T16:30:14.054+0000] {dag.py:3096} INFO - Sync 1 DAGs
[2026-04-02T16:30:14.066+0000] {logging_mixin.py:188} INFO - [2026-04-02T16:30:14.066+0000] {dag.py:3954} INFO - Setting next_dagrun for example_short_circuit_decorator to 2026-04-01 00:00:00+00:00, run_after=2026-04-02 00:00:00+00:00
[2026-04-02T16:30:14.077+0000] {processor.py:183} INFO - Processing /home/airflow/.local/lib/python3.12/site-packages/airflow/example_dags/example_short_circuit_decorator.py took 0.060 seconds
[2026-04-02T16:30:44.430+0000] {processor.py:161} INFO - Started process (PID=1208) to work on /home/airflow/.local/lib/python3.12/site-packages/airflow/example_dags/example_short_circuit_decorator.py
[2026-04-02T16:30:44.431+0000] {processor.py:830} INFO - Processing file /home/airflow/.local/lib/python3.12/site-packages/airflow/example_dags/example_short_circuit_decorator.py for tasks to queue
[2026-04-02T16:30:44.432+0000] {logging_mixin.py:188} INFO - [2026-04-02T16:30:44.432+0000] {dagbag.py:540} INFO - Filling up the DagBag from /home/airflow/.local/lib/python3.12/site-packages/airflow/example_dags/example_short_circuit_decorator.py
[2026-04-02T16:30:44.437+0000] {processor.py:840} INFO - DAG(s) 'example_short_circuit_decorator' retrieved from /home/airflow/.local/lib/python3.12/site-packages/airflow/example_dags/example_short_circuit_decorator.py
[2026-04-02T16:30:44.452+0000] {logging_mixin.py:188} INFO - [2026-04-02T16:30:44.452+0000] {dag.py:3096} INFO - Sync 1 DAGs
[2026-04-02T16:30:44.464+0000] {logging_mixin.py:188} INFO - [2026-04-02T16:30:44.464+0000] {dag.py:3954} INFO - Setting next_dagrun for example_short_circuit_decorator to 2026-04-01 00:00:00+00:00, run_after=2026-04-02 00:00:00+00:00
[2026-04-02T16:30:44.473+0000] {processor.py:183} INFO - Processing /home/airflow/.local/lib/python3.12/site-packages/airflow/example_dags/example_short_circuit_decorator.py took 0.046 seconds
[2026-04-02T16:31:15.075+0000] {processor.py:161} INFO - Started process (PID=1266) to work on /home/airflow/.local/lib/python3.12/site-packages/airflow/example_dags/example_short_circuit_decorator.py
[2026-04-02T16:31:15.075+0000] {processor.py:830} INFO - Processing file /home/airflow/.local/lib/python3.12/site-packages/airflow/example_dags/example_short_circuit_decorator.py for tasks to queue
[2026-04-02T16:31:15.076+0000] {logging_mixin.py:188} INFO - [2026-04-02T16:31:15.076+0000] {dagbag.py:540} INFO - Filling up the DagBag from /home/airflow/.local/lib/python3.12/site-packages/airflow/example_dags/example_short_circuit_decorator.py
[2026-04-02T16:31:15.082+0000] {processor.py:840} INFO - DAG(s) 'example_short_circuit_decorator' retrieved from /home/airflow/.local/lib/python3.12/site-packages/airflow/example_dags/example_short_circuit_decorator.py
[2026-04-02T16:31:15.096+0000] {logging_mixin.py:188} INFO - [2026-04-02T16:31:15.096+0000] {dag.py:3096} INFO - Sync 1 DAGs
[2026-04-02T16:31:15.105+0000] {logging_mixin.py:188} INFO - [2026-04-02T16:31:15.105+0000] {dag.py:3954} INFO - Setting next_dagrun for example_short_circuit_decorator to 2026-04-01 00:00:00+00:00, run_after=2026-04-02 00:00:00+00:00
[2026-04-02T16:31:15.114+0000] {processor.py:183} INFO - Processing /home/airflow/.local/lib/python3.12/site-packages/airflow/example_dags/example_short_circuit_decorator.py took 0.044 seconds
[2026-04-02T16:31:45.653+0000] {processor.py:161} INFO - Started process (PID=1324) to work on /home/airflow/.local/lib/python3.12/site-packages/airflow/example_dags/example_short_circuit_decorator.py
[2026-04-02T16:31:45.654+0000] {processor.py:830} INFO - Processing file /home/airflow/.local/lib/python3.12/site-packages/airflow/example_dags/example_short_circuit_decorator.py for tasks to queue
[2026-04-02T16:31:45.655+0000] {logging_mixin.py:188} INFO - [2026-04-02T16:31:45.655+0000] {dagbag.py:540} INFO - Filling up the DagBag from /home/airflow/.local/lib/python3.12/site-packages/airflow/example_dags/example_short_circuit_decorator.py
[2026-04-02T16:31:45.660+0000] {processor.py:840} INFO - DAG(s) 'example_short_circuit_decorator' retrieved from /home/airflow/.local/lib/python3.12/site-packages/airflow/example_dags/example_short_circuit_decorator.py
[2026-04-02T16:31:45.675+0000] {logging_mixin.py:188} INFO - [2026-04-02T16:31:45.675+0000] {dag.py:3096} INFO - Sync 1 DAGs
[2026-04-02T16:31:45.687+0000] {logging_mixin.py:188} INFO - [2026-04-02T16:31:45.687+0000] {dag.py:3954} INFO - Setting next_dagrun for example_short_circuit_decorator to 2026-04-01 00:00:00+00:00, run_after=2026-04-02 00:00:00+00:00
[2026-04-02T16:31:45.698+0000] {processor.py:183} INFO - Processing /home/airflow/.local/lib/python3.12/site-packages/airflow/example_dags/example_short_circuit_decorator.py took 0.048 seconds
[2026-04-02T16:32:16.495+0000] {processor.py:161} INFO - Started process (PID=1382) to work on /home/airflow/.local/lib/python3.12/site-packages/airflow/example_dags/example_short_circuit_decorator.py
[2026-04-02T16:32:16.496+0000] {processor.py:830} INFO - Processing file /home/airflow/.local/lib/python3.12/site-packages/airflow/example_dags/example_short_circuit_decorator.py for tasks to queue
[2026-04-02T16:32:16.497+0000] {logging_mixin.py:188} INFO - [2026-04-02T16:32:16.497+0000] {dagbag.py:540} INFO - Filling up the DagBag from /home/airflow/.local/lib/python3.12/site-packages/airflow/example_dags/example_short_circuit_decorator.py
[2026-04-02T16:32:16.503+0000] {processor.py:840} INFO - DAG(s) 'example_short_circuit_decorator' retrieved from /home/airflow/.local/lib/python3.12/site-packages/airflow/example_dags/example_short_circuit_decorator.py
[2026-04-02T16:32:16.517+0000] {logging_mixin.py:188} INFO - [2026-04-02T16:32:16.516+0000] {dag.py:3096} INFO - Sync 1 DAGs
[2026-04-02T16:32:16.526+0000] {logging_mixin.py:188} INFO - [2026-04-02T16:32:16.526+0000] {dag.py:3954} INFO - Setting next_dagrun for example_short_circuit_decorator to 2026-04-01 00:00:00+00:00, run_after=2026-04-02 00:00:00+00:00
[2026-04-02T16:32:16.534+0000] {processor.py:183} INFO - Processing /home/airflow/.local/lib/python3.12/site-packages/airflow/example_dags/example_short_circuit_decorator.py took 0.043 seconds
[2026-04-02T16:32:47.123+0000] {processor.py:161} INFO - Started process (PID=1440) to work on /home/airflow/.local/lib/python3.12/site-packages/airflow/example_dags/example_short_circuit_decorator.py
[2026-04-02T16:32:47.124+0000] {processor.py:830} INFO - Processing file /home/airflow/.local/lib/python3.12/site-packages/airflow/example_dags/example_short_circuit_decorator.py for tasks to queue
[2026-04-02T16:32:47.125+0000] {logging_mixin.py:188} INFO - [2026-04-02T16:32:47.125+0000] {dagbag.py:540} INFO - Filling up the DagBag from /home/airflow/.local/lib/python3.12/site-packages/airflow/example_dags/example_short_circuit_decorator.py
[2026-04-02T16:32:47.131+0000] {processor.py:840} INFO - DAG(s) 'example_short_circuit_decorator' retrieved from /home/airflow/.local/lib/python3.12/site-packages/airflow/example_dags/example_short_circuit_decorator.py
[2026-04-02T16:32:47.146+0000] {logging_mixin.py:188} INFO - [2026-04-02T16:32:47.146+0000] {dag.py:3096} INFO - Sync 1 DAGs
[2026-04-02T16:32:47.156+0000] {logging_mixin.py:188} INFO - [2026-04-02T16:32:47.156+0000] {dag.py:3954} INFO - Setting next_dagrun for example_short_circuit_decorator to 2026-04-01 00:00:00+00:00, run_after=2026-04-02 00:00:00+00:00
[2026-04-02T16:32:47.164+0000] {processor.py:183} INFO - Processing /home/airflow/.local/lib/python3.12/site-packages/airflow/example_dags/example_short_circuit_decorator.py took 0.046 seconds
[2026-04-02T16:33:17.682+0000] {processor.py:161} INFO - Started process (PID=1498) to work on /home/airflow/.local/lib/python3.12/site-packages/airflow/example_dags/example_short_circuit_decorator.py
[2026-04-02T16:33:17.683+0000] {processor.py:830} INFO - Processing file /home/airflow/.local/lib/python3.12/site-packages/airflow/example_dags/example_short_circuit_decorator.py for tasks to queue
[2026-04-02T16:33:17.684+0000] {logging_mixin.py:188} INFO - [2026-04-02T16:33:17.684+0000] {dagbag.py:540} INFO - Filling up the DagBag from /home/airflow/.local/lib/python3.12/site-packages/airflow/example_dags/example_short_circuit_decorator.py
[2026-04-02T16:33:17.689+0000] {processor.py:840} INFO - DAG(s) 'example_short_circuit_decorator' retrieved from /home/airflow/.local/lib/python3.12/site-packages/airflow/example_dags/example_short_circuit_decorator.py
[2026-04-02T16:33:17.703+0000] {logging_mixin.py:188} INFO - [2026-04-02T16:33:17.703+0000] {dag.py:3096} INFO - Sync 1 DAGs
[2026-04-02T16:33:17.712+0000] {logging_mixin.py:188} INFO - [2026-04-02T16:33:17.712+0000] {dag.py:3954} INFO - Setting next_dagrun for example_short_circuit_decorator to 2026-04-01 00:00:00+00:00, run_after=2026-04-02 00:00:00+00:00
[2026-04-02T16:33:17.720+0000] {processor.py:183} INFO - Processing /home/airflow/.local/lib/python3.12/site-packages/airflow/example_dags/example_short_circuit_decorator.py took 0.043 seconds
[2026-04-02T16:33:48.271+0000] {processor.py:161} INFO - Started process (PID=1556) to work on /home/airflow/.local/lib/python3.12/site-packages/airflow/example_dags/example_short_circuit_decorator.py
[2026-04-02T16:33:48.272+0000] {processor.py:830} INFO - Processing file /home/airflow/.local/lib/python3.12/site-packages/airflow/example_dags/example_short_circuit_decorator.py for tasks to queue
[2026-04-02T16:33:48.273+0000] {logging_mixin.py:188} INFO - [2026-04-02T16:33:48.273+0000] {dagbag.py:540} INFO - Filling up the DagBag from /home/airflow/.local/lib/python3.12/site-packages/airflow/example_dags/example_short_circuit_decorator.py
[2026-04-02T16:33:48.278+0000] {processor.py:840} INFO - DAG(s) 'example_short_circuit_decorator' retrieved from /home/airflow/.local/lib/python3.12/site-packages/airflow/example_dags/example_short_circuit_decorator.py
[2026-04-02T16:33:48.292+0000] {logging_mixin.py:188} INFO - [2026-04-02T16:33:48.291+0000] {dag.py:3096} INFO - Sync 1 DAGs
[2026-04-02T16:33:48.302+0000] {logging_mixin.py:188} INFO - [2026-04-02T16:33:48.301+0000] {dag.py:3954} INFO - Setting next_dagrun for example_short_circuit_decorator to 2026-04-01 00:00:00+00:00, run_after=2026-04-02 00:00:00+00:00
[2026-04-02T16:33:48.310+0000] {processor.py:183} INFO - Processing /home/airflow/.local/lib/python3.12/site-packages/airflow/example_dags/example_short_circuit_decorator.py took 0.044 seconds
[2026-04-02T16:34:18.992+0000] {processor.py:161} INFO - Started process (PID=1614) to work on /home/airflow/.local/lib/python3.12/site-packages/airflow/example_dags/example_short_circuit_decorator.py
[2026-04-02T16:34:18.993+0000] {processor.py:830} INFO - Processing file /home/airflow/.local/lib/python3.12/site-packages/airflow/example_dags/example_short_circuit_decorator.py for tasks to queue
[2026-04-02T16:34:18.998+0000] {logging_mixin.py:188} INFO - [2026-04-02T16:34:18.998+0000] {dagbag.py:540} INFO - Filling up the DagBag from /home/airflow/.local/lib/python3.12/site-packages/airflow/example_dags/example_short_circuit_decorator.py
[2026-04-02T16:34:19.003+0000] {processor.py:840} INFO - DAG(s) 'example_short_circuit_decorator' retrieved from /home/airflow/.local/lib/python3.12/site-packages/airflow/example_dags/example_short_circuit_decorator.py
[2026-04-02T16:34:19.017+0000] {logging_mixin.py:188} INFO - [2026-04-02T16:34:19.017+0000] {dag.py:3096} INFO - Sync 1 DAGs
[2026-04-02T16:34:19.027+0000] {logging_mixin.py:188} INFO - [2026-04-02T16:34:19.027+0000] {dag.py:3954} INFO - Setting next_dagrun for example_short_circuit_decorator to 2026-04-01 00:00:00+00:00, run_after=2026-04-02 00:00:00+00:00
[2026-04-02T16:34:19.036+0000] {processor.py:183} INFO - Processing /home/airflow/.local/lib/python3.12/site-packages/airflow/example_dags/example_short_circuit_decorator.py took 0.050 seconds
[2026-04-02T16:34:49.645+0000] {processor.py:161} INFO - Started process (PID=1672) to work on /home/airflow/.local/lib/python3.12/site-packages/airflow/example_dags/example_short_circuit_decorator.py
[2026-04-02T16:34:49.646+0000] {processor.py:830} INFO - Processing file /home/airflow/.local/lib/python3.12/site-packages/airflow/example_dags/example_short_circuit_decorator.py for tasks to queue
[2026-04-02T16:34:49.647+0000] {logging_mixin.py:188} INFO - [2026-04-02T16:34:49.647+0000] {dagbag.py:540} INFO - Filling up the DagBag from /home/airflow/.local/lib/python3.12/site-packages/airflow/example_dags/example_short_circuit_decorator.py
[2026-04-02T16:34:49.652+0000] {processor.py:840} INFO - DAG(s) 'example_short_circuit_decorator' retrieved from /home/airflow/.local/lib/python3.12/site-packages/airflow/example_dags/example_short_circuit_decorator.py
[2026-04-02T16:34:49.667+0000] {logging_mixin.py:188} INFO - [2026-04-02T16:34:49.667+0000] {dag.py:3096} INFO - Sync 1 DAGs
[2026-04-02T16:34:49.679+0000] {logging_mixin.py:188} INFO - [2026-04-02T16:34:49.679+0000] {dag.py:3954} INFO - Setting next_dagrun for example_short_circuit_decorator to 2026-04-01 00:00:00+00:00, run_after=2026-04-02 00:00:00+00:00
[2026-04-02T16:34:49.690+0000] {processor.py:183} INFO - Processing /home/airflow/.local/lib/python3.12/site-packages/airflow/example_dags/example_short_circuit_decorator.py took 0.048 seconds
[2026-04-02T16:35:20.300+0000] {processor.py:161} INFO - Started process (PID=1730) to work on /home/airflow/.local/lib/python3.12/site-packages/airflow/example_dags/example_short_circuit_decorator.py
[2026-04-02T16:35:20.301+0000] {processor.py:830} INFO - Processing file /home/airflow/.local/lib/python3.12/site-packages/airflow/example_dags/example_short_circuit_decorator.py for tasks to queue
[2026-04-02T16:35:20.301+0000] {logging_mixin.py:188} INFO - [2026-04-02T16:35:20.301+0000] {dagbag.py:540} INFO - Filling up the DagBag from /home/airflow/.local/lib/python3.12/site-packages/airflow/example_dags/example_short_circuit_decorator.py
[2026-04-02T16:35:20.305+0000] {processor.py:840} INFO - DAG(s) 'example_short_circuit_decorator' retrieved from /home/airflow/.local/lib/python3.12/site-packages/airflow/example_dags/example_short_circuit_decorator.py
[2026-04-02T16:35:20.317+0000] {logging_mixin.py:188} INFO - [2026-04-02T16:35:20.317+0000] {dag.py:3096} INFO - Sync 1 DAGs
[2026-04-02T16:35:20.328+0000] {logging_mixin.py:188} INFO - [2026-04-02T16:35:20.328+0000] {dag.py:3954} INFO - Setting next_dagrun for example_short_circuit_decorator to 2026-04-01 00:00:00+00:00, run_after=2026-04-02 00:00:00+00:00
[2026-04-02T16:35:20.337+0000] {processor.py:183} INFO - Processing /home/airflow/.local/lib/python3.12/site-packages/airflow/example_dags/example_short_circuit_decorator.py took 0.040 seconds
[2026-04-02T16:35:50.947+0000] {processor.py:161} INFO - Started process (PID=1788) to work on /home/airflow/.local/lib/python3.12/site-packages/airflow/example_dags/example_short_circuit_decorator.py
[2026-04-02T16:35:50.949+0000] {processor.py:830} INFO - Processing file /home/airflow/.local/lib/python3.12/site-packages/airflow/example_dags/example_short_circuit_decorator.py for tasks to queue
[2026-04-02T16:35:50.951+0000] {logging_mixin.py:188} INFO - [2026-04-02T16:35:50.950+0000] {dagbag.py:540} INFO - Filling up the DagBag from /home/airflow/.local/lib/python3.12/site-packages/airflow/example_dags/example_short_circuit_decorator.py
[2026-04-02T16:35:50.957+0000] {processor.py:840} INFO - DAG(s) 'example_short_circuit_decorator' retrieved from /home/airflow/.local/lib/python3.12/site-packages/airflow/example_dags/example_short_circuit_decorator.py
[2026-04-02T16:35:50.973+0000] {logging_mixin.py:188} INFO - [2026-04-02T16:35:50.972+0000] {dag.py:3096} INFO - Sync 1 DAGs
[2026-04-02T16:35:50.985+0000] {logging_mixin.py:188} INFO - [2026-04-02T16:35:50.985+0000] {dag.py:3954} INFO - Setting next_dagrun for example_short_circuit_decorator to 2026-04-01 00:00:00+00:00, run_after=2026-04-02 00:00:00+00:00
[2026-04-02T16:35:50.994+0000] {processor.py:183} INFO - Processing /home/airflow/.local/lib/python3.12/site-packages/airflow/example_dags/example_short_circuit_decorator.py took 0.052 seconds
[2026-04-02T16:36:21.645+0000] {processor.py:161} INFO - Started process (PID=1846) to work on /home/airflow/.local/lib/python3.12/site-packages/airflow/example_dags/example_short_circuit_decorator.py
[2026-04-02T16:36:21.645+0000] {processor.py:830} INFO - Processing file /home/airflow/.local/lib/python3.12/site-packages/airflow/example_dags/example_short_circuit_decorator.py for tasks to queue
[2026-04-02T16:36:21.647+0000] {logging_mixin.py:188} INFO - [2026-04-02T16:36:21.647+0000] {dagbag.py:540} INFO - Filling up the DagBag from /home/airflow/.local/lib/python3.12/site-packages/airflow/example_dags/example_short_circuit_decorator.py
[2026-04-02T16:36:21.651+0000] {processor.py:840} INFO - DAG(s) 'example_short_circuit_decorator' retrieved from /home/airflow/.local/lib/python3.12/site-packages/airflow/example_dags/example_short_circuit_decorator.py
[2026-04-02T16:36:21.663+0000] {logging_mixin.py:188} INFO - [2026-04-02T16:36:21.663+0000] {dag.py:3096} INFO - Sync 1 DAGs
[2026-04-02T16:36:21.673+0000] {logging_mixin.py:188} INFO - [2026-04-02T16:36:21.673+0000] {dag.py:3954} INFO - Setting next_dagrun for example_short_circuit_decorator to 2026-04-01 00:00:00+00:00, run_after=2026-04-02 00:00:00+00:00
[2026-04-02T16:36:21.682+0000] {processor.py:183} INFO - Processing /home/airflow/.local/lib/python3.12/site-packages/airflow/example_dags/example_short_circuit_decorator.py took 0.040 seconds
[2026-04-02T16:36:52.211+0000] {processor.py:161} INFO - Started process (PID=1904) to work on /home/airflow/.local/lib/python3.12/site-packages/airflow/example_dags/example_short_circuit_decorator.py
[2026-04-02T16:36:52.212+0000] {processor.py:830} INFO - Processing file /home/airflow/.local/lib/python3.12/site-packages/airflow/example_dags/example_short_circuit_decorator.py for tasks to queue
[2026-04-02T16:36:52.213+0000] {logging_mixin.py:188} INFO - [2026-04-02T16:36:52.213+0000] {dagbag.py:540} INFO - Filling up the DagBag from /home/airflow/.local/lib/python3.12/site-packages/airflow/example_dags/example_short_circuit_decorator.py
[2026-04-02T16:36:52.218+0000] {processor.py:840} INFO - DAG(s) 'example_short_circuit_decorator' retrieved from /home/airflow/.local/lib/python3.12/site-packages/airflow/example_dags/example_short_circuit_decorator.py
[2026-04-02T16:36:52.231+0000] {logging_mixin.py:188} INFO - [2026-04-02T16:36:52.231+0000] {dag.py:3096} INFO - Sync 1 DAGs
[2026-04-02T16:36:52.242+0000] {logging_mixin.py:188} INFO - [2026-04-02T16:36:52.242+0000] {dag.py:3954} INFO - Setting next_dagrun for example_short_circuit_decorator to 2026-04-01 00:00:00+00:00, run_after=2026-04-02 00:00:00+00:00
[2026-04-02T16:36:52.252+0000] {processor.py:183} INFO - Processing /home/airflow/.local/lib/python3.12/site-packages/airflow/example_dags/example_short_circuit_decorator.py took 0.044 seconds
[2026-04-02T16:37:22.830+0000] {processor.py:161} INFO - Started process (PID=1962) to work on /home/airflow/.local/lib/python3.12/site-packages/airflow/example_dags/example_short_circuit_decorator.py
[2026-04-02T16:37:22.830+0000] {processor.py:830} INFO - Processing file /home/airflow/.local/lib/python3.12/site-packages/airflow/example_dags/example_short_circuit_decorator.py for tasks to queue
[2026-04-02T16:37:22.832+0000] {logging_mixin.py:188} INFO - [2026-04-02T16:37:22.831+0000] {dagbag.py:540} INFO - Filling up the DagBag from /home/airflow/.local/lib/python3.12/site-packages/airflow/example_dags/example_short_circuit_decorator.py
[2026-04-02T16:37:22.836+0000] {processor.py:840} INFO - DAG(s) 'example_short_circuit_decorator' retrieved from /home/airflow/.local/lib/python3.12/site-packages/airflow/example_dags/example_short_circuit_decorator.py
[2026-04-02T16:37:22.850+0000] {logging_mixin.py:188} INFO - [2026-04-02T16:37:22.850+0000] {dag.py:3096} INFO - Sync 1 DAGs
[2026-04-02T16:37:22.861+0000] {logging_mixin.py:188} INFO - [2026-04-02T16:37:22.861+0000] {dag.py:3954} INFO - Setting next_dagrun for example_short_circuit_decorator to 2026-04-01 00:00:00+00:00, run_after=2026-04-02 00:00:00+00:00
[2026-04-02T16:37:22.870+0000] {processor.py:183} INFO - Processing /home/airflow/.local/lib/python3.12/site-packages/airflow/example_dags/example_short_circuit_decorator.py took 0.044 seconds
[2026-04-02T16:37:53.449+0000] {processor.py:161} INFO - Started process (PID=2020) to work on /home/airflow/.local/lib/python3.12/site-packages/airflow/example_dags/example_short_circuit_decorator.py
[2026-04-02T16:37:53.450+0000] {processor.py:830} INFO - Processing file /home/airflow/.local/lib/python3.12/site-packages/airflow/example_dags/example_short_circuit_decorator.py for tasks to queue
[2026-04-02T16:37:53.451+0000] {logging_mixin.py:188} INFO - [2026-04-02T16:37:53.451+0000] {dagbag.py:540} INFO - Filling up the DagBag from /home/airflow/.local/lib/python3.12/site-packages/airflow/example_dags/example_short_circuit_decorator.py
[2026-04-02T16:37:53.456+0000] {processor.py:840} INFO - DAG(s) 'example_short_circuit_decorator' retrieved from /home/airflow/.local/lib/python3.12/site-packages/airflow/example_dags/example_short_circuit_decorator.py
[2026-04-02T16:37:53.469+0000] {logging_mixin.py:188} INFO - [2026-04-02T16:37:53.469+0000] {dag.py:3096} INFO - Sync 1 DAGs
[2026-04-02T16:37:53.479+0000] {logging_mixin.py:188} INFO - [2026-04-02T16:37:53.479+0000] {dag.py:3954} INFO - Setting next_dagrun for example_short_circuit_decorator to 2026-04-01 00:00:00+00:00, run_after=2026-04-02 00:00:00+00:00
[2026-04-02T16:37:53.487+0000] {processor.py:183} INFO - Processing /home/airflow/.local/lib/python3.12/site-packages/airflow/example_dags/example_short_circuit_decorator.py took 0.041 seconds
[2026-04-02T16:38:24.109+0000] {processor.py:161} INFO - Started process (PID=2078) to work on /home/airflow/.local/lib/python3.12/site-packages/airflow/example_dags/example_short_circuit_decorator.py
[2026-04-02T16:38:24.109+0000] {processor.py:830} INFO - Processing file /home/airflow/.local/lib/python3.12/site-packages/airflow/example_dags/example_short_circuit_decorator.py for tasks to queue
[2026-04-02T16:38:24.111+0000] {logging_mixin.py:188} INFO - [2026-04-02T16:38:24.111+0000] {dagbag.py:540} INFO - Filling up the DagBag from /home/airflow/.local/lib/python3.12/site-packages/airflow/example_dags/example_short_circuit_decorator.py
[2026-04-02T16:38:24.115+0000] {processor.py:840} INFO - DAG(s) 'example_short_circuit_decorator' retrieved from /home/airflow/.local/lib/python3.12/site-packages/airflow/example_dags/example_short_circuit_decorator.py
[2026-04-02T16:38:24.129+0000] {logging_mixin.py:188} INFO - [2026-04-02T16:38:24.128+0000] {dag.py:3096} INFO - Sync 1 DAGs
[2026-04-02T16:38:24.140+0000] {logging_mixin.py:188} INFO - [2026-04-02T16:38:24.140+0000] {dag.py:3954} INFO - Setting next_dagrun for example_short_circuit_decorator to 2026-04-01 00:00:00+00:00, run_after=2026-04-02 00:00:00+00:00
[2026-04-02T16:38:24.150+0000] {processor.py:183} INFO - Processing /home/airflow/.local/lib/python3.12/site-packages/airflow/example_dags/example_short_circuit_decorator.py took 0.044 seconds
[2026-04-02T16:38:54.813+0000] {processor.py:161} INFO - Started process (PID=2136) to work on /home/airflow/.local/lib/python3.12/site-packages/airflow/example_dags/example_short_circuit_decorator.py
[2026-04-02T16:38:54.814+0000] {processor.py:830} INFO - Processing file /home/airflow/.local/lib/python3.12/site-packages/airflow/example_dags/example_short_circuit_decorator.py for tasks to queue
[2026-04-02T16:38:54.815+0000] {logging_mixin.py:188} INFO - [2026-04-02T16:38:54.815+0000] {dagbag.py:540} INFO - Filling up the DagBag from /home/airflow/.local/lib/python3.12/site-packages/airflow/example_dags/example_short_circuit_decorator.py
[2026-04-02T16:38:54.820+0000] {processor.py:840} INFO - DAG(s) 'example_short_circuit_decorator' retrieved from /home/airflow/.local/lib/python3.12/site-packages/airflow/example_dags/example_short_circuit_decorator.py
[2026-04-02T16:38:54.834+0000] {logging_mixin.py:188} INFO - [2026-04-02T16:38:54.834+0000] {dag.py:3096} INFO - Sync 1 DAGs
[2026-04-02T16:38:54.844+0000] {logging_mixin.py:188} INFO - [2026-04-02T16:38:54.844+0000] {dag.py:3954} INFO - Setting next_dagrun for example_short_circuit_decorator to 2026-04-01 00:00:00+00:00, run_after=2026-04-02 00:00:00+00:00
[2026-04-02T16:38:54.853+0000] {processor.py:183} INFO - Processing /home/airflow/.local/lib/python3.12/site-packages/airflow/example_dags/example_short_circuit_decorator.py took 0.044 seconds
[2026-04-02T16:39:25.497+0000] {processor.py:161} INFO - Started process (PID=2194) to work on /home/airflow/.local/lib/python3.12/site-packages/airflow/example_dags/example_short_circuit_decorator.py
[2026-04-02T16:39:25.498+0000] {processor.py:830} INFO - Processing file /home/airflow/.local/lib/python3.12/site-packages/airflow/example_dags/example_short_circuit_decorator.py for tasks to queue
[2026-04-02T16:39:25.500+0000] {logging_mixin.py:188} INFO - [2026-04-02T16:39:25.500+0000] {dagbag.py:540} INFO - Filling up the DagBag from /home/airflow/.local/lib/python3.12/site-packages/airflow/example_dags/example_short_circuit_decorator.py
[2026-04-02T16:39:25.505+0000] {processor.py:840} INFO - DAG(s) 'example_short_circuit_decorator' retrieved from /home/airflow/.local/lib/python3.12/site-packages/airflow/example_dags/example_short_circuit_decorator.py
[2026-04-02T16:39:25.519+0000] {logging_mixin.py:188} INFO - [2026-04-02T16:39:25.519+0000] {dag.py:3096} INFO - Sync 1 DAGs
[2026-04-02T16:39:25.530+0000] {logging_mixin.py:188} INFO - [2026-04-02T16:39:25.530+0000] {dag.py:3954} INFO - Setting next_dagrun for example_short_circuit_decorator to 2026-04-01 00:00:00+00:00, run_after=2026-04-02 00:00:00+00:00
[2026-04-02T16:39:25.539+0000] {processor.py:183} INFO - Processing /home/airflow/.local/lib/python3.12/site-packages/airflow/example_dags/example_short_circuit_decorator.py took 0.048 seconds
[2026-04-02T16:39:56.093+0000] {processor.py:161} INFO - Started process (PID=2252) to work on /home/airflow/.local/lib/python3.12/site-packages/airflow/example_dags/example_short_circuit_decorator.py
[2026-04-02T16:39:56.094+0000] {processor.py:830} INFO - Processing file /home/airflow/.local/lib/python3.12/site-packages/airflow/example_dags/example_short_circuit_decorator.py for tasks to queue
[2026-04-02T16:39:56.095+0000] {logging_mixin.py:188} INFO - [2026-04-02T16:39:56.095+0000] {dagbag.py:540} INFO - Filling up the DagBag from /home/airflow/.local/lib/python3.12/site-packages/airflow/example_dags/example_short_circuit_decorator.py
[2026-04-02T16:39:56.100+0000] {processor.py:840} INFO - DAG(s) 'example_short_circuit_decorator' retrieved from /home/airflow/.local/lib/python3.12/site-packages/airflow/example_dags/example_short_circuit_decorator.py
[2026-04-02T16:39:56.114+0000] {logging_mixin.py:188} INFO - [2026-04-02T16:39:56.114+0000] {dag.py:3096} INFO - Sync 1 DAGs
[2026-04-02T16:39:56.124+0000] {logging_mixin.py:188} INFO - [2026-04-02T16:39:56.124+0000] {dag.py:3954} INFO - Setting next_dagrun for example_short_circuit_decorator to 2026-04-01 00:00:00+00:00, run_after=2026-04-02 00:00:00+00:00
[2026-04-02T16:39:56.132+0000] {processor.py:183} INFO - Processing /home/airflow/.local/lib/python3.12/site-packages/airflow/example_dags/example_short_circuit_decorator.py took 0.043 seconds
[2026-04-02T16:40:26.733+0000] {processor.py:161} INFO - Started process (PID=2310) to work on /home/airflow/.local/lib/python3.12/site-packages/airflow/example_dags/example_short_circuit_decorator.py
[2026-04-02T16:40:26.733+0000] {processor.py:830} INFO - Processing file /home/airflow/.local/lib/python3.12/site-packages/airflow/example_dags/example_short_circuit_decorator.py for tasks to queue
[2026-04-02T16:40:26.735+0000] {logging_mixin.py:188} INFO - [2026-04-02T16:40:26.735+0000] {dagbag.py:540} INFO - Filling up the DagBag from /home/airflow/.local/lib/python3.12/site-packages/airflow/example_dags/example_short_circuit_decorator.py
[2026-04-02T16:40:26.739+0000] {processor.py:840} INFO - DAG(s) 'example_short_circuit_decorator' retrieved from /home/airflow/.local/lib/python3.12/site-packages/airflow/example_dags/example_short_circuit_decorator.py
[2026-04-02T16:40:26.753+0000] {logging_mixin.py:188} INFO - [2026-04-02T16:40:26.752+0000] {dag.py:3096} INFO - Sync 1 DAGs
[2026-04-02T16:40:26.765+0000] {logging_mixin.py:188} INFO - [2026-04-02T16:40:26.764+0000] {dag.py:3954} INFO - Setting next_dagrun for example_short_circuit_decorator to 2026-04-01 00:00:00+00:00, run_after=2026-04-02 00:00:00+00:00
[2026-04-02T16:40:26.775+0000] {processor.py:183} INFO - Processing /home/airflow/.local/lib/python3.12/site-packages/airflow/example_dags/example_short_circuit_decorator.py took 0.045 seconds
[2026-04-02T16:40:57.391+0000] {processor.py:161} INFO - Started process (PID=2368) to work on /home/airflow/.local/lib/python3.12/site-packages/airflow/example_dags/example_short_circuit_decorator.py
[2026-04-02T16:40:57.391+0000] {processor.py:830} INFO - Processing file /home/airflow/.local/lib/python3.12/site-packages/airflow/example_dags/example_short_circuit_decorator.py for tasks to queue
[2026-04-02T16:40:57.395+0000] {logging_mixin.py:188} INFO - [2026-04-02T16:40:57.395+0000] {dagbag.py:540} INFO - Filling up the DagBag from /home/airflow/.local/lib/python3.12/site-packages/airflow/example_dags/example_short_circuit_decorator.py
[2026-04-02T16:40:57.403+0000] {processor.py:840} INFO - DAG(s) 'example_short_circuit_decorator' retrieved from /home/airflow/.local/lib/python3.12/site-packages/airflow/example_dags/example_short_circuit_decorator.py
[2026-04-02T16:40:57.425+0000] {logging_mixin.py:188} INFO - [2026-04-02T16:40:57.425+0000] {dag.py:3096} INFO - Sync 1 DAGs
[2026-04-02T16:40:57.438+0000] {logging_mixin.py:188} INFO - [2026-04-02T16:40:57.437+0000] {dag.py:3954} INFO - Setting next_dagrun for example_short_circuit_decorator to 2026-04-01 00:00:00+00:00, run_after=2026-04-02 00:00:00+00:00
[2026-04-02T16:40:57.451+0000] {processor.py:183} INFO - Processing /home/airflow/.local/lib/python3.12/site-packages/airflow/example_dags/example_short_circuit_decorator.py took 0.065 seconds
[2026-04-02T16:41:28.374+0000] {processor.py:161} INFO - Started process (PID=2426) to work on /home/airflow/.local/lib/python3.12/site-packages/airflow/example_dags/example_short_circuit_decorator.py
[2026-04-02T16:41:28.375+0000] {processor.py:830} INFO - Processing file /home/airflow/.local/lib/python3.12/site-packages/airflow/example_dags/example_short_circuit_decorator.py for tasks to queue
[2026-04-02T16:41:28.380+0000] {logging_mixin.py:188} INFO - [2026-04-02T16:41:28.380+0000] {dagbag.py:540} INFO - Filling up the DagBag from /home/airflow/.local/lib/python3.12/site-packages/airflow/example_dags/example_short_circuit_decorator.py
[2026-04-02T16:41:28.389+0000] {processor.py:840} INFO - DAG(s) 'example_short_circuit_decorator' retrieved from /home/airflow/.local/lib/python3.12/site-packages/airflow/example_dags/example_short_circuit_decorator.py
[2026-04-02T16:41:28.411+0000] {logging_mixin.py:188} INFO - [2026-04-02T16:41:28.411+0000] {dag.py:3096} INFO - Sync 1 DAGs
[2026-04-02T16:41:28.423+0000] {logging_mixin.py:188} INFO - [2026-04-02T16:41:28.422+0000] {dag.py:3954} INFO - Setting next_dagrun for example_short_circuit_decorator to 2026-04-01 00:00:00+00:00, run_after=2026-04-02 00:00:00+00:00
[2026-04-02T16:41:28.439+0000] {processor.py:183} INFO - Processing /home/airflow/.local/lib/python3.12/site-packages/airflow/example_dags/example_short_circuit_decorator.py took 0.070 seconds
[2026-04-02T16:41:59.255+0000] {processor.py:161} INFO - Started process (PID=2484) to work on /home/airflow/.local/lib/python3.12/site-packages/airflow/example_dags/example_short_circuit_decorator.py
[2026-04-02T16:41:59.256+0000] {processor.py:830} INFO - Processing file /home/airflow/.local/lib/python3.12/site-packages/airflow/example_dags/example_short_circuit_decorator.py for tasks to queue
[2026-04-02T16:41:59.258+0000] {logging_mixin.py:188} INFO - [2026-04-02T16:41:59.258+0000] {dagbag.py:540} INFO - Filling up the DagBag from /home/airflow/.local/lib/python3.12/site-packages/airflow/example_dags/example_short_circuit_decorator.py
[2026-04-02T16:41:59.264+0000] {processor.py:840} INFO - DAG(s) 'example_short_circuit_decorator' retrieved from /home/airflow/.local/lib/python3.12/site-packages/airflow/example_dags/example_short_circuit_decorator.py
[2026-04-02T16:41:59.279+0000] {logging_mixin.py:188} INFO - [2026-04-02T16:41:59.279+0000] {dag.py:3096} INFO - Sync 1 DAGs
[2026-04-02T16:41:59.293+0000] {logging_mixin.py:188} INFO - [2026-04-02T16:41:59.293+0000] {dag.py:3954} INFO - Setting next_dagrun for example_short_circuit_decorator to 2026-04-01 00:00:00+00:00, run_after=2026-04-02 00:00:00+00:00
[2026-04-02T16:41:59.306+0000] {processor.py:183} INFO - Processing /home/airflow/.local/lib/python3.12/site-packages/airflow/example_dags/example_short_circuit_decorator.py took 0.056 seconds
[2026-04-02T16:42:30.222+0000] {processor.py:161} INFO - Started process (PID=2542) to work on /home/airflow/.local/lib/python3.12/site-packages/airflow/example_dags/example_short_circuit_decorator.py
[2026-04-02T16:42:30.223+0000] {processor.py:830} INFO - Processing file /home/airflow/.local/lib/python3.12/site-packages/airflow/example_dags/example_short_circuit_decorator.py for tasks to queue
[2026-04-02T16:42:30.228+0000] {logging_mixin.py:188} INFO - [2026-04-02T16:42:30.227+0000] {dagbag.py:540} INFO - Filling up the DagBag from /home/airflow/.local/lib/python3.12/site-packages/airflow/example_dags/example_short_circuit_decorator.py
[2026-04-02T16:42:30.232+0000] {processor.py:840} INFO - DAG(s) 'example_short_circuit_decorator' retrieved from /home/airflow/.local/lib/python3.12/site-packages/airflow/example_dags/example_short_circuit_decorator.py
[2026-04-02T16:42:30.249+0000] {logging_mixin.py:188} INFO - [2026-04-02T16:42:30.249+0000] {dag.py:3096} INFO - Sync 1 DAGs
[2026-04-02T16:42:30.261+0000] {logging_mixin.py:188} INFO - [2026-04-02T16:42:30.260+0000] {dag.py:3954} INFO - Setting next_dagrun for example_short_circuit_decorator to 2026-04-01 00:00:00+00:00, run_after=2026-04-02 00:00:00+00:00
[2026-04-02T16:42:30.276+0000] {processor.py:183} INFO - Processing /home/airflow/.local/lib/python3.12/site-packages/airflow/example_dags/example_short_circuit_decorator.py took 0.057 seconds
[2026-04-02T16:43:01.171+0000] {processor.py:161} INFO - Started process (PID=2600) to work on /home/airflow/.local/lib/python3.12/site-packages/airflow/example_dags/example_short_circuit_decorator.py
[2026-04-02T16:43:01.173+0000] {processor.py:830} INFO - Processing file /home/airflow/.local/lib/python3.12/site-packages/airflow/example_dags/example_short_circuit_decorator.py for tasks to queue
[2026-04-02T16:43:01.175+0000] {logging_mixin.py:188} INFO - [2026-04-02T16:43:01.175+0000] {dagbag.py:540} INFO - Filling up the DagBag from /home/airflow/.local/lib/python3.12/site-packages/airflow/example_dags/example_short_circuit_decorator.py
[2026-04-02T16:43:01.183+0000] {processor.py:840} INFO - DAG(s) 'example_short_circuit_decorator' retrieved from /home/airflow/.local/lib/python3.12/site-packages/airflow/example_dags/example_short_circuit_decorator.py
[2026-04-02T16:43:01.205+0000] {logging_mixin.py:188} INFO - [2026-04-02T16:43:01.205+0000] {dag.py:3096} INFO - Sync 1 DAGs
[2026-04-02T16:43:01.217+0000] {logging_mixin.py:188} INFO - [2026-04-02T16:43:01.217+0000] {dag.py:3954} INFO - Setting next_dagrun for example_short_circuit_decorator to 2026-04-01 00:00:00+00:00, run_after=2026-04-02 00:00:00+00:00
[2026-04-02T16:43:01.230+0000] {processor.py:183} INFO - Processing /home/airflow/.local/lib/python3.12/site-packages/airflow/example_dags/example_short_circuit_decorator.py took 0.062 seconds
[2026-04-02T16:43:32.082+0000] {processor.py:161} INFO - Started process (PID=2658) to work on /home/airflow/.local/lib/python3.12/site-packages/airflow/example_dags/example_short_circuit_decorator.py
[2026-04-02T16:43:32.084+0000] {processor.py:830} INFO - Processing file /home/airflow/.local/lib/python3.12/site-packages/airflow/example_dags/example_short_circuit_decorator.py for tasks to queue
[2026-04-02T16:43:32.086+0000] {logging_mixin.py:188} INFO - [2026-04-02T16:43:32.086+0000] {dagbag.py:540} INFO - Filling up the DagBag from /home/airflow/.local/lib/python3.12/site-packages/airflow/example_dags/example_short_circuit_decorator.py
[2026-04-02T16:43:32.093+0000] {processor.py:840} INFO - DAG(s) 'example_short_circuit_decorator' retrieved from /home/airflow/.local/lib/python3.12/site-packages/airflow/example_dags/example_short_circuit_decorator.py
[2026-04-02T16:43:32.117+0000] {logging_mixin.py:188} INFO - [2026-04-02T16:43:32.117+0000] {dag.py:3096} INFO - Sync 1 DAGs
[2026-04-02T16:43:32.130+0000] {logging_mixin.py:188} INFO - [2026-04-02T16:43:32.130+0000] {dag.py:3954} INFO - Setting next_dagrun for example_short_circuit_decorator to 2026-04-01 00:00:00+00:00, run_after=2026-04-02 00:00:00+00:00
[2026-04-02T16:43:32.144+0000] {processor.py:183} INFO - Processing /home/airflow/.local/lib/python3.12/site-packages/airflow/example_dags/example_short_circuit_decorator.py took 0.066 seconds
[2026-04-02T16:44:02.210+0000] {processor.py:161} INFO - Started process (PID=2716) to work on /home/airflow/.local/lib/python3.12/site-packages/airflow/example_dags/example_short_circuit_decorator.py
[2026-04-02T16:44:02.211+0000] {processor.py:830} INFO - Processing file /home/airflow/.local/lib/python3.12/site-packages/airflow/example_dags/example_short_circuit_decorator.py for tasks to queue
[2026-04-02T16:44:02.212+0000] {logging_mixin.py:188} INFO - [2026-04-02T16:44:02.212+0000] {dagbag.py:540} INFO - Filling up the DagBag from /home/airflow/.local/lib/python3.12/site-packages/airflow/example_dags/example_short_circuit_decorator.py
[2026-04-02T16:44:02.217+0000] {processor.py:840} INFO - DAG(s) 'example_short_circuit_decorator' retrieved from /home/airflow/.local/lib/python3.12/site-packages/airflow/example_dags/example_short_circuit_decorator.py
[2026-04-02T16:44:02.231+0000] {logging_mixin.py:188} INFO - [2026-04-02T16:44:02.231+0000] {dag.py:3096} INFO - Sync 1 DAGs
[2026-04-02T16:44:02.242+0000] {logging_mixin.py:188} INFO - [2026-04-02T16:44:02.242+0000] {dag.py:3954} INFO - Setting next_dagrun for example_short_circuit_decorator to 2026-04-01 00:00:00+00:00, run_after=2026-04-02 00:00:00+00:00
[2026-04-02T16:44:02.251+0000] {processor.py:183} INFO - Processing /home/airflow/.local/lib/python3.12/site-packages/airflow/example_dags/example_short_circuit_decorator.py took 0.044 seconds
