[2026-04-02T16:20:35.749+0000] {processor.py:161} INFO - Started process (PID=89) to work on /home/airflow/.local/lib/python3.12/site-packages/airflow/example_dags/example_params_ui_tutorial.py
[2026-04-02T16:20:35.750+0000] {processor.py:830} INFO - Processing file /home/airflow/.local/lib/python3.12/site-packages/airflow/example_dags/example_params_ui_tutorial.py for tasks to queue
[2026-04-02T16:20:35.751+0000] {logging_mixin.py:188} INFO - [2026-04-02T16:20:35.751+0000] {dagbag.py:540} INFO - Filling up the DagBag from /home/airflow/.local/lib/python3.12/site-packages/airflow/example_dags/example_params_ui_tutorial.py
[2026-04-02T16:20:35.760+0000] {processor.py:840} INFO - DAG(s) 'example_params_ui_tutorial' retrieved from /home/airflow/.local/lib/python3.12/site-packages/airflow/example_dags/example_params_ui_tutorial.py
[2026-04-02T16:20:35.768+0000] {logging_mixin.py:188} INFO - [2026-04-02T16:20:35.768+0000] {dag.py:3096} INFO - Sync 1 DAGs
[2026-04-02T16:20:35.775+0000] {logging_mixin.py:188} INFO - [2026-04-02T16:20:35.775+0000] {dag.py:3954} INFO - Setting next_dagrun for example_params_ui_tutorial to None, run_after=None
[2026-04-02T16:20:35.783+0000] {processor.py:183} INFO - Processing /home/airflow/.local/lib/python3.12/site-packages/airflow/example_dags/example_params_ui_tutorial.py took 0.038 seconds
[2026-04-02T16:21:07.373+0000] {processor.py:161} INFO - Started process (PID=147) to work on /home/airflow/.local/lib/python3.12/site-packages/airflow/example_dags/example_params_ui_tutorial.py
[2026-04-02T16:21:07.374+0000] {processor.py:830} INFO - Processing file /home/airflow/.local/lib/python3.12/site-packages/airflow/example_dags/example_params_ui_tutorial.py for tasks to queue
[2026-04-02T16:21:07.375+0000] {logging_mixin.py:188} INFO - [2026-04-02T16:21:07.375+0000] {dagbag.py:540} INFO - Filling up the DagBag from /home/airflow/.local/lib/python3.12/site-packages/airflow/example_dags/example_params_ui_tutorial.py
[2026-04-02T16:21:07.382+0000] {processor.py:840} INFO - DAG(s) 'example_params_ui_tutorial' retrieved from /home/airflow/.local/lib/python3.12/site-packages/airflow/example_dags/example_params_ui_tutorial.py
[2026-04-02T16:21:07.448+0000] {logging_mixin.py:188} INFO - [2026-04-02T16:21:07.448+0000] {dag.py:3096} INFO - Sync 1 DAGs
[2026-04-02T16:21:07.454+0000] {logging_mixin.py:188} INFO - [2026-04-02T16:21:07.454+0000] {dag.py:3954} INFO - Setting next_dagrun for example_params_ui_tutorial to None, run_after=None
[2026-04-02T16:21:07.463+0000] {processor.py:183} INFO - Processing /home/airflow/.local/lib/python3.12/site-packages/airflow/example_dags/example_params_ui_tutorial.py took 0.093 seconds
[2026-04-02T16:21:38.451+0000] {processor.py:161} INFO - Started process (PID=205) to work on /home/airflow/.local/lib/python3.12/site-packages/airflow/example_dags/example_params_ui_tutorial.py
[2026-04-02T16:21:38.452+0000] {processor.py:830} INFO - Processing file /home/airflow/.local/lib/python3.12/site-packages/airflow/example_dags/example_params_ui_tutorial.py for tasks to queue
[2026-04-02T16:21:38.454+0000] {logging_mixin.py:188} INFO - [2026-04-02T16:21:38.453+0000] {dagbag.py:540} INFO - Filling up the DagBag from /home/airflow/.local/lib/python3.12/site-packages/airflow/example_dags/example_params_ui_tutorial.py
[2026-04-02T16:21:38.462+0000] {processor.py:840} INFO - DAG(s) 'example_params_ui_tutorial' retrieved from /home/airflow/.local/lib/python3.12/site-packages/airflow/example_dags/example_params_ui_tutorial.py
[2026-04-02T16:21:38.488+0000] {logging_mixin.py:188} INFO - [2026-04-02T16:21:38.488+0000] {dag.py:3096} INFO - Sync 1 DAGs
[2026-04-02T16:21:38.497+0000] {logging_mixin.py:188} INFO - [2026-04-02T16:21:38.496+0000] {dag.py:3954} INFO - Setting next_dagrun for example_params_ui_tutorial to None, run_after=None
[2026-04-02T16:21:38.505+0000] {processor.py:183} INFO - Processing /home/airflow/.local/lib/python3.12/site-packages/airflow/example_dags/example_params_ui_tutorial.py took 0.060 seconds
[2026-04-02T16:22:09.144+0000] {processor.py:161} INFO - Started process (PID=263) to work on /home/airflow/.local/lib/python3.12/site-packages/airflow/example_dags/example_params_ui_tutorial.py
[2026-04-02T16:22:09.146+0000] {processor.py:830} INFO - Processing file /home/airflow/.local/lib/python3.12/site-packages/airflow/example_dags/example_params_ui_tutorial.py for tasks to queue
[2026-04-02T16:22:09.147+0000] {logging_mixin.py:188} INFO - [2026-04-02T16:22:09.147+0000] {dagbag.py:540} INFO - Filling up the DagBag from /home/airflow/.local/lib/python3.12/site-packages/airflow/example_dags/example_params_ui_tutorial.py
[2026-04-02T16:22:09.155+0000] {processor.py:840} INFO - DAG(s) 'example_params_ui_tutorial' retrieved from /home/airflow/.local/lib/python3.12/site-packages/airflow/example_dags/example_params_ui_tutorial.py
[2026-04-02T16:22:09.182+0000] {logging_mixin.py:188} INFO - [2026-04-02T16:22:09.181+0000] {dag.py:3096} INFO - Sync 1 DAGs
[2026-04-02T16:22:09.188+0000] {logging_mixin.py:188} INFO - [2026-04-02T16:22:09.187+0000] {dag.py:3954} INFO - Setting next_dagrun for example_params_ui_tutorial to None, run_after=None
[2026-04-02T16:22:09.198+0000] {processor.py:183} INFO - Processing /home/airflow/.local/lib/python3.12/site-packages/airflow/example_dags/example_params_ui_tutorial.py took 0.060 seconds
[2026-04-02T16:22:39.828+0000] {processor.py:161} INFO - Started process (PID=321) to work on /home/airflow/.local/lib/python3.12/site-packages/airflow/example_dags/example_params_ui_tutorial.py
[2026-04-02T16:22:39.828+0000] {processor.py:830} INFO - Processing file /home/airflow/.local/lib/python3.12/site-packages/airflow/example_dags/example_params_ui_tutorial.py for tasks to queue
[2026-04-02T16:22:39.830+0000] {logging_mixin.py:188} INFO - [2026-04-02T16:22:39.829+0000] {dagbag.py:540} INFO - Filling up the DagBag from /home/airflow/.local/lib/python3.12/site-packages/airflow/example_dags/example_params_ui_tutorial.py
[2026-04-02T16:22:39.837+0000] {processor.py:840} INFO - DAG(s) 'example_params_ui_tutorial' retrieved from /home/airflow/.local/lib/python3.12/site-packages/airflow/example_dags/example_params_ui_tutorial.py
[2026-04-02T16:22:39.864+0000] {logging_mixin.py:188} INFO - [2026-04-02T16:22:39.864+0000] {dag.py:3096} INFO - Sync 1 DAGs
[2026-04-02T16:22:39.875+0000] {logging_mixin.py:188} INFO - [2026-04-02T16:22:39.875+0000] {dag.py:3954} INFO - Setting next_dagrun for example_params_ui_tutorial to None, run_after=None
[2026-04-02T16:22:39.884+0000] {processor.py:183} INFO - Processing /home/airflow/.local/lib/python3.12/site-packages/airflow/example_dags/example_params_ui_tutorial.py took 0.060 seconds
[2026-04-02T16:23:10.506+0000] {processor.py:161} INFO - Started process (PID=379) to work on /home/airflow/.local/lib/python3.12/site-packages/airflow/example_dags/example_params_ui_tutorial.py
[2026-04-02T16:23:10.506+0000] {processor.py:830} INFO - Processing file /home/airflow/.local/lib/python3.12/site-packages/airflow/example_dags/example_params_ui_tutorial.py for tasks to queue
[2026-04-02T16:23:10.508+0000] {logging_mixin.py:188} INFO - [2026-04-02T16:23:10.507+0000] {dagbag.py:540} INFO - Filling up the DagBag from /home/airflow/.local/lib/python3.12/site-packages/airflow/example_dags/example_params_ui_tutorial.py
[2026-04-02T16:23:10.515+0000] {processor.py:840} INFO - DAG(s) 'example_params_ui_tutorial' retrieved from /home/airflow/.local/lib/python3.12/site-packages/airflow/example_dags/example_params_ui_tutorial.py
[2026-04-02T16:23:10.541+0000] {logging_mixin.py:188} INFO - [2026-04-02T16:23:10.541+0000] {dag.py:3096} INFO - Sync 1 DAGs
[2026-04-02T16:23:10.548+0000] {logging_mixin.py:188} INFO - [2026-04-02T16:23:10.548+0000] {dag.py:3954} INFO - Setting next_dagrun for example_params_ui_tutorial to None, run_after=None
[2026-04-02T16:23:10.558+0000] {processor.py:183} INFO - Processing /home/airflow/.local/lib/python3.12/site-packages/airflow/example_dags/example_params_ui_tutorial.py took 0.056 seconds
[2026-04-02T16:23:41.343+0000] {processor.py:161} INFO - Started process (PID=437) to work on /home/airflow/.local/lib/python3.12/site-packages/airflow/example_dags/example_params_ui_tutorial.py
[2026-04-02T16:23:41.344+0000] {processor.py:830} INFO - Processing file /home/airflow/.local/lib/python3.12/site-packages/airflow/example_dags/example_params_ui_tutorial.py for tasks to queue
[2026-04-02T16:23:41.345+0000] {logging_mixin.py:188} INFO - [2026-04-02T16:23:41.345+0000] {dagbag.py:540} INFO - Filling up the DagBag from /home/airflow/.local/lib/python3.12/site-packages/airflow/example_dags/example_params_ui_tutorial.py
[2026-04-02T16:23:41.353+0000] {processor.py:840} INFO - DAG(s) 'example_params_ui_tutorial' retrieved from /home/airflow/.local/lib/python3.12/site-packages/airflow/example_dags/example_params_ui_tutorial.py
[2026-04-02T16:23:41.380+0000] {logging_mixin.py:188} INFO - [2026-04-02T16:23:41.380+0000] {dag.py:3096} INFO - Sync 1 DAGs
[2026-04-02T16:23:41.387+0000] {logging_mixin.py:188} INFO - [2026-04-02T16:23:41.387+0000] {dag.py:3954} INFO - Setting next_dagrun for example_params_ui_tutorial to None, run_after=None
[2026-04-02T16:23:41.399+0000] {processor.py:183} INFO - Processing /home/airflow/.local/lib/python3.12/site-packages/airflow/example_dags/example_params_ui_tutorial.py took 0.061 seconds
[2026-04-02T16:24:11.918+0000] {processor.py:161} INFO - Started process (PID=495) to work on /home/airflow/.local/lib/python3.12/site-packages/airflow/example_dags/example_params_ui_tutorial.py
[2026-04-02T16:24:11.919+0000] {processor.py:830} INFO - Processing file /home/airflow/.local/lib/python3.12/site-packages/airflow/example_dags/example_params_ui_tutorial.py for tasks to queue
[2026-04-02T16:24:11.920+0000] {logging_mixin.py:188} INFO - [2026-04-02T16:24:11.920+0000] {dagbag.py:540} INFO - Filling up the DagBag from /home/airflow/.local/lib/python3.12/site-packages/airflow/example_dags/example_params_ui_tutorial.py
[2026-04-02T16:24:11.927+0000] {processor.py:840} INFO - DAG(s) 'example_params_ui_tutorial' retrieved from /home/airflow/.local/lib/python3.12/site-packages/airflow/example_dags/example_params_ui_tutorial.py
[2026-04-02T16:24:11.936+0000] {logging_mixin.py:188} INFO - [2026-04-02T16:24:11.935+0000] {dag.py:3096} INFO - Sync 1 DAGs
[2026-04-02T16:24:11.943+0000] {logging_mixin.py:188} INFO - [2026-04-02T16:24:11.943+0000] {dag.py:3954} INFO - Setting next_dagrun for example_params_ui_tutorial to None, run_after=None
[2026-04-02T16:24:11.952+0000] {processor.py:183} INFO - Processing /home/airflow/.local/lib/python3.12/site-packages/airflow/example_dags/example_params_ui_tutorial.py took 0.038 seconds
[2026-04-02T16:24:42.382+0000] {processor.py:161} INFO - Started process (PID=553) to work on /home/airflow/.local/lib/python3.12/site-packages/airflow/example_dags/example_params_ui_tutorial.py
[2026-04-02T16:24:42.382+0000] {processor.py:830} INFO - Processing file /home/airflow/.local/lib/python3.12/site-packages/airflow/example_dags/example_params_ui_tutorial.py for tasks to queue
[2026-04-02T16:24:42.384+0000] {logging_mixin.py:188} INFO - [2026-04-02T16:24:42.384+0000] {dagbag.py:540} INFO - Filling up the DagBag from /home/airflow/.local/lib/python3.12/site-packages/airflow/example_dags/example_params_ui_tutorial.py
[2026-04-02T16:24:42.392+0000] {processor.py:840} INFO - DAG(s) 'example_params_ui_tutorial' retrieved from /home/airflow/.local/lib/python3.12/site-packages/airflow/example_dags/example_params_ui_tutorial.py
[2026-04-02T16:24:42.400+0000] {logging_mixin.py:188} INFO - [2026-04-02T16:24:42.400+0000] {dag.py:3096} INFO - Sync 1 DAGs
[2026-04-02T16:24:42.407+0000] {logging_mixin.py:188} INFO - [2026-04-02T16:24:42.407+0000] {dag.py:3954} INFO - Setting next_dagrun for example_params_ui_tutorial to None, run_after=None
[2026-04-02T16:24:42.416+0000] {processor.py:183} INFO - Processing /home/airflow/.local/lib/python3.12/site-packages/airflow/example_dags/example_params_ui_tutorial.py took 0.040 seconds
[2026-04-02T16:25:15.655+0000] {processor.py:161} INFO - Started process (PID=611) to work on /home/airflow/.local/lib/python3.12/site-packages/airflow/example_dags/example_params_ui_tutorial.py
[2026-04-02T16:25:15.656+0000] {processor.py:830} INFO - Processing file /home/airflow/.local/lib/python3.12/site-packages/airflow/example_dags/example_params_ui_tutorial.py for tasks to queue
[2026-04-02T16:25:15.658+0000] {logging_mixin.py:188} INFO - [2026-04-02T16:25:15.658+0000] {dagbag.py:540} INFO - Filling up the DagBag from /home/airflow/.local/lib/python3.12/site-packages/airflow/example_dags/example_params_ui_tutorial.py
[2026-04-02T16:25:15.665+0000] {processor.py:840} INFO - DAG(s) 'example_params_ui_tutorial' retrieved from /home/airflow/.local/lib/python3.12/site-packages/airflow/example_dags/example_params_ui_tutorial.py
[2026-04-02T16:25:15.838+0000] {logging_mixin.py:188} INFO - [2026-04-02T16:25:15.838+0000] {dag.py:3096} INFO - Sync 1 DAGs
[2026-04-02T16:25:15.842+0000] {logging_mixin.py:188} INFO - [2026-04-02T16:25:15.842+0000] {dag.py:3954} INFO - Setting next_dagrun for example_params_ui_tutorial to None, run_after=None
[2026-04-02T16:25:15.852+0000] {processor.py:183} INFO - Processing /home/airflow/.local/lib/python3.12/site-packages/airflow/example_dags/example_params_ui_tutorial.py took 0.201 seconds
[2026-04-02T16:25:45.873+0000] {processor.py:161} INFO - Started process (PID=669) to work on /home/airflow/.local/lib/python3.12/site-packages/airflow/example_dags/example_params_ui_tutorial.py
[2026-04-02T16:25:45.875+0000] {processor.py:830} INFO - Processing file /home/airflow/.local/lib/python3.12/site-packages/airflow/example_dags/example_params_ui_tutorial.py for tasks to queue
[2026-04-02T16:25:45.877+0000] {logging_mixin.py:188} INFO - [2026-04-02T16:25:45.876+0000] {dagbag.py:540} INFO - Filling up the DagBag from /home/airflow/.local/lib/python3.12/site-packages/airflow/example_dags/example_params_ui_tutorial.py
[2026-04-02T16:25:45.886+0000] {processor.py:840} INFO - DAG(s) 'example_params_ui_tutorial' retrieved from /home/airflow/.local/lib/python3.12/site-packages/airflow/example_dags/example_params_ui_tutorial.py
[2026-04-02T16:25:45.913+0000] {logging_mixin.py:188} INFO - [2026-04-02T16:25:45.913+0000] {dag.py:3096} INFO - Sync 1 DAGs
[2026-04-02T16:25:45.919+0000] {logging_mixin.py:188} INFO - [2026-04-02T16:25:45.919+0000] {dag.py:3954} INFO - Setting next_dagrun for example_params_ui_tutorial to None, run_after=None
[2026-04-02T16:25:45.928+0000] {processor.py:183} INFO - Processing /home/airflow/.local/lib/python3.12/site-packages/airflow/example_dags/example_params_ui_tutorial.py took 0.058 seconds
[2026-04-02T16:26:16.100+0000] {processor.py:161} INFO - Started process (PID=727) to work on /home/airflow/.local/lib/python3.12/site-packages/airflow/example_dags/example_params_ui_tutorial.py
[2026-04-02T16:26:16.101+0000] {processor.py:830} INFO - Processing file /home/airflow/.local/lib/python3.12/site-packages/airflow/example_dags/example_params_ui_tutorial.py for tasks to queue
[2026-04-02T16:26:16.103+0000] {logging_mixin.py:188} INFO - [2026-04-02T16:26:16.103+0000] {dagbag.py:540} INFO - Filling up the DagBag from /home/airflow/.local/lib/python3.12/site-packages/airflow/example_dags/example_params_ui_tutorial.py
[2026-04-02T16:26:16.112+0000] {processor.py:840} INFO - DAG(s) 'example_params_ui_tutorial' retrieved from /home/airflow/.local/lib/python3.12/site-packages/airflow/example_dags/example_params_ui_tutorial.py
[2026-04-02T16:26:16.145+0000] {logging_mixin.py:188} INFO - [2026-04-02T16:26:16.145+0000] {dag.py:3096} INFO - Sync 1 DAGs
[2026-04-02T16:26:16.152+0000] {logging_mixin.py:188} INFO - [2026-04-02T16:26:16.151+0000] {dag.py:3954} INFO - Setting next_dagrun for example_params_ui_tutorial to None, run_after=None
[2026-04-02T16:26:16.166+0000] {processor.py:183} INFO - Processing /home/airflow/.local/lib/python3.12/site-packages/airflow/example_dags/example_params_ui_tutorial.py took 0.070 seconds
[2026-04-02T16:26:46.465+0000] {processor.py:161} INFO - Started process (PID=785) to work on /home/airflow/.local/lib/python3.12/site-packages/airflow/example_dags/example_params_ui_tutorial.py
[2026-04-02T16:26:46.465+0000] {processor.py:830} INFO - Processing file /home/airflow/.local/lib/python3.12/site-packages/airflow/example_dags/example_params_ui_tutorial.py for tasks to queue
[2026-04-02T16:26:46.466+0000] {logging_mixin.py:188} INFO - [2026-04-02T16:26:46.466+0000] {dagbag.py:540} INFO - Filling up the DagBag from /home/airflow/.local/lib/python3.12/site-packages/airflow/example_dags/example_params_ui_tutorial.py
[2026-04-02T16:26:46.473+0000] {processor.py:840} INFO - DAG(s) 'example_params_ui_tutorial' retrieved from /home/airflow/.local/lib/python3.12/site-packages/airflow/example_dags/example_params_ui_tutorial.py
[2026-04-02T16:26:46.502+0000] {logging_mixin.py:188} INFO - [2026-04-02T16:26:46.502+0000] {dag.py:3096} INFO - Sync 1 DAGs
[2026-04-02T16:26:46.509+0000] {logging_mixin.py:188} INFO - [2026-04-02T16:26:46.509+0000] {dag.py:3954} INFO - Setting next_dagrun for example_params_ui_tutorial to None, run_after=None
[2026-04-02T16:26:46.518+0000] {processor.py:183} INFO - Processing /home/airflow/.local/lib/python3.12/site-packages/airflow/example_dags/example_params_ui_tutorial.py took 0.058 seconds
[2026-04-02T16:27:17.045+0000] {processor.py:161} INFO - Started process (PID=843) to work on /home/airflow/.local/lib/python3.12/site-packages/airflow/example_dags/example_params_ui_tutorial.py
[2026-04-02T16:27:17.046+0000] {processor.py:830} INFO - Processing file /home/airflow/.local/lib/python3.12/site-packages/airflow/example_dags/example_params_ui_tutorial.py for tasks to queue
[2026-04-02T16:27:17.047+0000] {logging_mixin.py:188} INFO - [2026-04-02T16:27:17.047+0000] {dagbag.py:540} INFO - Filling up the DagBag from /home/airflow/.local/lib/python3.12/site-packages/airflow/example_dags/example_params_ui_tutorial.py
[2026-04-02T16:27:17.055+0000] {processor.py:840} INFO - DAG(s) 'example_params_ui_tutorial' retrieved from /home/airflow/.local/lib/python3.12/site-packages/airflow/example_dags/example_params_ui_tutorial.py
[2026-04-02T16:27:17.085+0000] {logging_mixin.py:188} INFO - [2026-04-02T16:27:17.085+0000] {dag.py:3096} INFO - Sync 1 DAGs
[2026-04-02T16:27:17.092+0000] {logging_mixin.py:188} INFO - [2026-04-02T16:27:17.092+0000] {dag.py:3954} INFO - Setting next_dagrun for example_params_ui_tutorial to None, run_after=None
[2026-04-02T16:27:17.105+0000] {processor.py:183} INFO - Processing /home/airflow/.local/lib/python3.12/site-packages/airflow/example_dags/example_params_ui_tutorial.py took 0.063 seconds
[2026-04-02T16:27:47.947+0000] {processor.py:161} INFO - Started process (PID=901) to work on /home/airflow/.local/lib/python3.12/site-packages/airflow/example_dags/example_params_ui_tutorial.py
[2026-04-02T16:27:47.948+0000] {processor.py:830} INFO - Processing file /home/airflow/.local/lib/python3.12/site-packages/airflow/example_dags/example_params_ui_tutorial.py for tasks to queue
[2026-04-02T16:27:47.949+0000] {logging_mixin.py:188} INFO - [2026-04-02T16:27:47.949+0000] {dagbag.py:540} INFO - Filling up the DagBag from /home/airflow/.local/lib/python3.12/site-packages/airflow/example_dags/example_params_ui_tutorial.py
[2026-04-02T16:27:47.955+0000] {processor.py:840} INFO - DAG(s) 'example_params_ui_tutorial' retrieved from /home/airflow/.local/lib/python3.12/site-packages/airflow/example_dags/example_params_ui_tutorial.py
[2026-04-02T16:27:47.964+0000] {logging_mixin.py:188} INFO - [2026-04-02T16:27:47.964+0000] {dag.py:3096} INFO - Sync 1 DAGs
[2026-04-02T16:27:47.971+0000] {logging_mixin.py:188} INFO - [2026-04-02T16:27:47.971+0000] {dag.py:3954} INFO - Setting next_dagrun for example_params_ui_tutorial to None, run_after=None
[2026-04-02T16:27:47.980+0000] {processor.py:183} INFO - Processing /home/airflow/.local/lib/python3.12/site-packages/airflow/example_dags/example_params_ui_tutorial.py took 0.036 seconds
[2026-04-02T16:28:19.366+0000] {processor.py:161} INFO - Started process (PID=959) to work on /home/airflow/.local/lib/python3.12/site-packages/airflow/example_dags/example_params_ui_tutorial.py
[2026-04-02T16:28:19.367+0000] {processor.py:830} INFO - Processing file /home/airflow/.local/lib/python3.12/site-packages/airflow/example_dags/example_params_ui_tutorial.py for tasks to queue
[2026-04-02T16:28:19.371+0000] {logging_mixin.py:188} INFO - [2026-04-02T16:28:19.371+0000] {dagbag.py:540} INFO - Filling up the DagBag from /home/airflow/.local/lib/python3.12/site-packages/airflow/example_dags/example_params_ui_tutorial.py
[2026-04-02T16:28:19.380+0000] {processor.py:840} INFO - DAG(s) 'example_params_ui_tutorial' retrieved from /home/airflow/.local/lib/python3.12/site-packages/airflow/example_dags/example_params_ui_tutorial.py
[2026-04-02T16:28:19.545+0000] {logging_mixin.py:188} INFO - [2026-04-02T16:28:19.545+0000] {dag.py:3096} INFO - Sync 1 DAGs
[2026-04-02T16:28:19.550+0000] {logging_mixin.py:188} INFO - [2026-04-02T16:28:19.550+0000] {dag.py:3954} INFO - Setting next_dagrun for example_params_ui_tutorial to None, run_after=None
[2026-04-02T16:28:19.564+0000] {processor.py:183} INFO - Processing /home/airflow/.local/lib/python3.12/site-packages/airflow/example_dags/example_params_ui_tutorial.py took 0.202 seconds
[2026-04-02T16:28:49.927+0000] {processor.py:161} INFO - Started process (PID=1017) to work on /home/airflow/.local/lib/python3.12/site-packages/airflow/example_dags/example_params_ui_tutorial.py
[2026-04-02T16:28:49.928+0000] {processor.py:830} INFO - Processing file /home/airflow/.local/lib/python3.12/site-packages/airflow/example_dags/example_params_ui_tutorial.py for tasks to queue
[2026-04-02T16:28:49.929+0000] {logging_mixin.py:188} INFO - [2026-04-02T16:28:49.929+0000] {dagbag.py:540} INFO - Filling up the DagBag from /home/airflow/.local/lib/python3.12/site-packages/airflow/example_dags/example_params_ui_tutorial.py
[2026-04-02T16:28:49.936+0000] {processor.py:840} INFO - DAG(s) 'example_params_ui_tutorial' retrieved from /home/airflow/.local/lib/python3.12/site-packages/airflow/example_dags/example_params_ui_tutorial.py
[2026-04-02T16:28:49.971+0000] {logging_mixin.py:188} INFO - [2026-04-02T16:28:49.971+0000] {dag.py:3096} INFO - Sync 1 DAGs
[2026-04-02T16:28:49.978+0000] {logging_mixin.py:188} INFO - [2026-04-02T16:28:49.978+0000] {dag.py:3954} INFO - Setting next_dagrun for example_params_ui_tutorial to None, run_after=None
[2026-04-02T16:28:49.995+0000] {processor.py:183} INFO - Processing /home/airflow/.local/lib/python3.12/site-packages/airflow/example_dags/example_params_ui_tutorial.py took 0.070 seconds
[2026-04-02T16:29:20.162+0000] {processor.py:161} INFO - Started process (PID=1075) to work on /home/airflow/.local/lib/python3.12/site-packages/airflow/example_dags/example_params_ui_tutorial.py
[2026-04-02T16:29:20.163+0000] {processor.py:830} INFO - Processing file /home/airflow/.local/lib/python3.12/site-packages/airflow/example_dags/example_params_ui_tutorial.py for tasks to queue
[2026-04-02T16:29:20.165+0000] {logging_mixin.py:188} INFO - [2026-04-02T16:29:20.164+0000] {dagbag.py:540} INFO - Filling up the DagBag from /home/airflow/.local/lib/python3.12/site-packages/airflow/example_dags/example_params_ui_tutorial.py
[2026-04-02T16:29:20.174+0000] {processor.py:840} INFO - DAG(s) 'example_params_ui_tutorial' retrieved from /home/airflow/.local/lib/python3.12/site-packages/airflow/example_dags/example_params_ui_tutorial.py
[2026-04-02T16:29:20.207+0000] {logging_mixin.py:188} INFO - [2026-04-02T16:29:20.207+0000] {dag.py:3096} INFO - Sync 1 DAGs
[2026-04-02T16:29:20.214+0000] {logging_mixin.py:188} INFO - [2026-04-02T16:29:20.214+0000] {dag.py:3954} INFO - Setting next_dagrun for example_params_ui_tutorial to None, run_after=None
[2026-04-02T16:29:20.230+0000] {processor.py:183} INFO - Processing /home/airflow/.local/lib/python3.12/site-packages/airflow/example_dags/example_params_ui_tutorial.py took 0.072 seconds
[2026-04-02T16:29:51.436+0000] {processor.py:161} INFO - Started process (PID=1133) to work on /home/airflow/.local/lib/python3.12/site-packages/airflow/example_dags/example_params_ui_tutorial.py
[2026-04-02T16:29:51.439+0000] {processor.py:830} INFO - Processing file /home/airflow/.local/lib/python3.12/site-packages/airflow/example_dags/example_params_ui_tutorial.py for tasks to queue
[2026-04-02T16:29:51.440+0000] {logging_mixin.py:188} INFO - [2026-04-02T16:29:51.440+0000] {dagbag.py:540} INFO - Filling up the DagBag from /home/airflow/.local/lib/python3.12/site-packages/airflow/example_dags/example_params_ui_tutorial.py
[2026-04-02T16:29:51.450+0000] {processor.py:840} INFO - DAG(s) 'example_params_ui_tutorial' retrieved from /home/airflow/.local/lib/python3.12/site-packages/airflow/example_dags/example_params_ui_tutorial.py
[2026-04-02T16:29:51.484+0000] {logging_mixin.py:188} INFO - [2026-04-02T16:29:51.484+0000] {dag.py:3096} INFO - Sync 1 DAGs
[2026-04-02T16:29:51.491+0000] {logging_mixin.py:188} INFO - [2026-04-02T16:29:51.491+0000] {dag.py:3954} INFO - Setting next_dagrun for example_params_ui_tutorial to None, run_after=None
[2026-04-02T16:29:51.500+0000] {processor.py:183} INFO - Processing /home/airflow/.local/lib/python3.12/site-packages/airflow/example_dags/example_params_ui_tutorial.py took 0.067 seconds
[2026-04-02T16:30:22.587+0000] {processor.py:161} INFO - Started process (PID=1191) to work on /home/airflow/.local/lib/python3.12/site-packages/airflow/example_dags/example_params_ui_tutorial.py
[2026-04-02T16:30:22.589+0000] {processor.py:830} INFO - Processing file /home/airflow/.local/lib/python3.12/site-packages/airflow/example_dags/example_params_ui_tutorial.py for tasks to queue
[2026-04-02T16:30:22.590+0000] {logging_mixin.py:188} INFO - [2026-04-02T16:30:22.590+0000] {dagbag.py:540} INFO - Filling up the DagBag from /home/airflow/.local/lib/python3.12/site-packages/airflow/example_dags/example_params_ui_tutorial.py
[2026-04-02T16:30:22.597+0000] {processor.py:840} INFO - DAG(s) 'example_params_ui_tutorial' retrieved from /home/airflow/.local/lib/python3.12/site-packages/airflow/example_dags/example_params_ui_tutorial.py
[2026-04-02T16:30:22.720+0000] {logging_mixin.py:188} INFO - [2026-04-02T16:30:22.720+0000] {dag.py:3096} INFO - Sync 1 DAGs
[2026-04-02T16:30:22.726+0000] {logging_mixin.py:188} INFO - [2026-04-02T16:30:22.726+0000] {dag.py:3954} INFO - Setting next_dagrun for example_params_ui_tutorial to None, run_after=None
[2026-04-02T16:30:22.740+0000] {processor.py:183} INFO - Processing /home/airflow/.local/lib/python3.12/site-packages/airflow/example_dags/example_params_ui_tutorial.py took 0.156 seconds
[2026-04-02T16:30:53.644+0000] {processor.py:161} INFO - Started process (PID=1249) to work on /home/airflow/.local/lib/python3.12/site-packages/airflow/example_dags/example_params_ui_tutorial.py
[2026-04-02T16:30:53.645+0000] {processor.py:830} INFO - Processing file /home/airflow/.local/lib/python3.12/site-packages/airflow/example_dags/example_params_ui_tutorial.py for tasks to queue
[2026-04-02T16:30:53.647+0000] {logging_mixin.py:188} INFO - [2026-04-02T16:30:53.646+0000] {dagbag.py:540} INFO - Filling up the DagBag from /home/airflow/.local/lib/python3.12/site-packages/airflow/example_dags/example_params_ui_tutorial.py
[2026-04-02T16:30:53.656+0000] {processor.py:840} INFO - DAG(s) 'example_params_ui_tutorial' retrieved from /home/airflow/.local/lib/python3.12/site-packages/airflow/example_dags/example_params_ui_tutorial.py
[2026-04-02T16:30:53.680+0000] {logging_mixin.py:188} INFO - [2026-04-02T16:30:53.680+0000] {dag.py:3096} INFO - Sync 1 DAGs
[2026-04-02T16:30:53.690+0000] {logging_mixin.py:188} INFO - [2026-04-02T16:30:53.690+0000] {dag.py:3954} INFO - Setting next_dagrun for example_params_ui_tutorial to None, run_after=None
[2026-04-02T16:30:53.698+0000] {processor.py:183} INFO - Processing /home/airflow/.local/lib/python3.12/site-packages/airflow/example_dags/example_params_ui_tutorial.py took 0.060 seconds
[2026-04-02T16:31:24.199+0000] {processor.py:161} INFO - Started process (PID=1307) to work on /home/airflow/.local/lib/python3.12/site-packages/airflow/example_dags/example_params_ui_tutorial.py
[2026-04-02T16:31:24.200+0000] {processor.py:830} INFO - Processing file /home/airflow/.local/lib/python3.12/site-packages/airflow/example_dags/example_params_ui_tutorial.py for tasks to queue
[2026-04-02T16:31:24.202+0000] {logging_mixin.py:188} INFO - [2026-04-02T16:31:24.201+0000] {dagbag.py:540} INFO - Filling up the DagBag from /home/airflow/.local/lib/python3.12/site-packages/airflow/example_dags/example_params_ui_tutorial.py
[2026-04-02T16:31:24.214+0000] {processor.py:840} INFO - DAG(s) 'example_params_ui_tutorial' retrieved from /home/airflow/.local/lib/python3.12/site-packages/airflow/example_dags/example_params_ui_tutorial.py
[2026-04-02T16:31:24.241+0000] {logging_mixin.py:188} INFO - [2026-04-02T16:31:24.241+0000] {dag.py:3096} INFO - Sync 1 DAGs
[2026-04-02T16:31:24.249+0000] {logging_mixin.py:188} INFO - [2026-04-02T16:31:24.249+0000] {dag.py:3954} INFO - Setting next_dagrun for example_params_ui_tutorial to None, run_after=None
[2026-04-02T16:31:24.265+0000] {processor.py:183} INFO - Processing /home/airflow/.local/lib/python3.12/site-packages/airflow/example_dags/example_params_ui_tutorial.py took 0.073 seconds
[2026-04-02T16:31:54.941+0000] {processor.py:161} INFO - Started process (PID=1365) to work on /home/airflow/.local/lib/python3.12/site-packages/airflow/example_dags/example_params_ui_tutorial.py
[2026-04-02T16:31:54.942+0000] {processor.py:830} INFO - Processing file /home/airflow/.local/lib/python3.12/site-packages/airflow/example_dags/example_params_ui_tutorial.py for tasks to queue
[2026-04-02T16:31:54.944+0000] {logging_mixin.py:188} INFO - [2026-04-02T16:31:54.944+0000] {dagbag.py:540} INFO - Filling up the DagBag from /home/airflow/.local/lib/python3.12/site-packages/airflow/example_dags/example_params_ui_tutorial.py
[2026-04-02T16:31:54.952+0000] {processor.py:840} INFO - DAG(s) 'example_params_ui_tutorial' retrieved from /home/airflow/.local/lib/python3.12/site-packages/airflow/example_dags/example_params_ui_tutorial.py
[2026-04-02T16:31:54.982+0000] {logging_mixin.py:188} INFO - [2026-04-02T16:31:54.982+0000] {dag.py:3096} INFO - Sync 1 DAGs
[2026-04-02T16:31:54.993+0000] {logging_mixin.py:188} INFO - [2026-04-02T16:31:54.990+0000] {dag.py:3954} INFO - Setting next_dagrun for example_params_ui_tutorial to None, run_after=None
[2026-04-02T16:31:55.004+0000] {processor.py:183} INFO - Processing /home/airflow/.local/lib/python3.12/site-packages/airflow/example_dags/example_params_ui_tutorial.py took 0.068 seconds
[2026-04-02T16:32:25.658+0000] {processor.py:161} INFO - Started process (PID=1423) to work on /home/airflow/.local/lib/python3.12/site-packages/airflow/example_dags/example_params_ui_tutorial.py
[2026-04-02T16:32:25.659+0000] {processor.py:830} INFO - Processing file /home/airflow/.local/lib/python3.12/site-packages/airflow/example_dags/example_params_ui_tutorial.py for tasks to queue
[2026-04-02T16:32:25.662+0000] {logging_mixin.py:188} INFO - [2026-04-02T16:32:25.661+0000] {dagbag.py:540} INFO - Filling up the DagBag from /home/airflow/.local/lib/python3.12/site-packages/airflow/example_dags/example_params_ui_tutorial.py
[2026-04-02T16:32:25.670+0000] {processor.py:840} INFO - DAG(s) 'example_params_ui_tutorial' retrieved from /home/airflow/.local/lib/python3.12/site-packages/airflow/example_dags/example_params_ui_tutorial.py
[2026-04-02T16:32:25.698+0000] {logging_mixin.py:188} INFO - [2026-04-02T16:32:25.698+0000] {dag.py:3096} INFO - Sync 1 DAGs
[2026-04-02T16:32:25.705+0000] {logging_mixin.py:188} INFO - [2026-04-02T16:32:25.705+0000] {dag.py:3954} INFO - Setting next_dagrun for example_params_ui_tutorial to None, run_after=None
[2026-04-02T16:32:25.715+0000] {processor.py:183} INFO - Processing /home/airflow/.local/lib/python3.12/site-packages/airflow/example_dags/example_params_ui_tutorial.py took 0.065 seconds
[2026-04-02T16:32:56.267+0000] {processor.py:161} INFO - Started process (PID=1481) to work on /home/airflow/.local/lib/python3.12/site-packages/airflow/example_dags/example_params_ui_tutorial.py
[2026-04-02T16:32:56.267+0000] {processor.py:830} INFO - Processing file /home/airflow/.local/lib/python3.12/site-packages/airflow/example_dags/example_params_ui_tutorial.py for tasks to queue
[2026-04-02T16:32:56.268+0000] {logging_mixin.py:188} INFO - [2026-04-02T16:32:56.268+0000] {dagbag.py:540} INFO - Filling up the DagBag from /home/airflow/.local/lib/python3.12/site-packages/airflow/example_dags/example_params_ui_tutorial.py
[2026-04-02T16:32:56.274+0000] {processor.py:840} INFO - DAG(s) 'example_params_ui_tutorial' retrieved from /home/airflow/.local/lib/python3.12/site-packages/airflow/example_dags/example_params_ui_tutorial.py
[2026-04-02T16:32:56.300+0000] {logging_mixin.py:188} INFO - [2026-04-02T16:32:56.300+0000] {dag.py:3096} INFO - Sync 1 DAGs
[2026-04-02T16:32:56.307+0000] {logging_mixin.py:188} INFO - [2026-04-02T16:32:56.307+0000] {dag.py:3954} INFO - Setting next_dagrun for example_params_ui_tutorial to None, run_after=None
[2026-04-02T16:32:56.316+0000] {processor.py:183} INFO - Processing /home/airflow/.local/lib/python3.12/site-packages/airflow/example_dags/example_params_ui_tutorial.py took 0.053 seconds
[2026-04-02T16:33:26.823+0000] {processor.py:161} INFO - Started process (PID=1539) to work on /home/airflow/.local/lib/python3.12/site-packages/airflow/example_dags/example_params_ui_tutorial.py
[2026-04-02T16:33:26.824+0000] {processor.py:830} INFO - Processing file /home/airflow/.local/lib/python3.12/site-packages/airflow/example_dags/example_params_ui_tutorial.py for tasks to queue
[2026-04-02T16:33:26.825+0000] {logging_mixin.py:188} INFO - [2026-04-02T16:33:26.825+0000] {dagbag.py:540} INFO - Filling up the DagBag from /home/airflow/.local/lib/python3.12/site-packages/airflow/example_dags/example_params_ui_tutorial.py
[2026-04-02T16:33:26.833+0000] {processor.py:840} INFO - DAG(s) 'example_params_ui_tutorial' retrieved from /home/airflow/.local/lib/python3.12/site-packages/airflow/example_dags/example_params_ui_tutorial.py
[2026-04-02T16:33:26.859+0000] {logging_mixin.py:188} INFO - [2026-04-02T16:33:26.859+0000] {dag.py:3096} INFO - Sync 1 DAGs
[2026-04-02T16:33:26.869+0000] {logging_mixin.py:188} INFO - [2026-04-02T16:33:26.868+0000] {dag.py:3954} INFO - Setting next_dagrun for example_params_ui_tutorial to None, run_after=None
[2026-04-02T16:33:26.877+0000] {processor.py:183} INFO - Processing /home/airflow/.local/lib/python3.12/site-packages/airflow/example_dags/example_params_ui_tutorial.py took 0.060 seconds
[2026-04-02T16:33:57.570+0000] {processor.py:161} INFO - Started process (PID=1597) to work on /home/airflow/.local/lib/python3.12/site-packages/airflow/example_dags/example_params_ui_tutorial.py
[2026-04-02T16:33:57.571+0000] {processor.py:830} INFO - Processing file /home/airflow/.local/lib/python3.12/site-packages/airflow/example_dags/example_params_ui_tutorial.py for tasks to queue
[2026-04-02T16:33:57.573+0000] {logging_mixin.py:188} INFO - [2026-04-02T16:33:57.572+0000] {dagbag.py:540} INFO - Filling up the DagBag from /home/airflow/.local/lib/python3.12/site-packages/airflow/example_dags/example_params_ui_tutorial.py
[2026-04-02T16:33:57.584+0000] {processor.py:840} INFO - DAG(s) 'example_params_ui_tutorial' retrieved from /home/airflow/.local/lib/python3.12/site-packages/airflow/example_dags/example_params_ui_tutorial.py
[2026-04-02T16:33:57.612+0000] {logging_mixin.py:188} INFO - [2026-04-02T16:33:57.612+0000] {dag.py:3096} INFO - Sync 1 DAGs
[2026-04-02T16:33:57.621+0000] {logging_mixin.py:188} INFO - [2026-04-02T16:33:57.620+0000] {dag.py:3954} INFO - Setting next_dagrun for example_params_ui_tutorial to None, run_after=None
[2026-04-02T16:33:57.629+0000] {processor.py:183} INFO - Processing /home/airflow/.local/lib/python3.12/site-packages/airflow/example_dags/example_params_ui_tutorial.py took 0.066 seconds
[2026-04-02T16:34:28.193+0000] {processor.py:161} INFO - Started process (PID=1655) to work on /home/airflow/.local/lib/python3.12/site-packages/airflow/example_dags/example_params_ui_tutorial.py
[2026-04-02T16:34:28.194+0000] {processor.py:830} INFO - Processing file /home/airflow/.local/lib/python3.12/site-packages/airflow/example_dags/example_params_ui_tutorial.py for tasks to queue
[2026-04-02T16:34:28.196+0000] {logging_mixin.py:188} INFO - [2026-04-02T16:34:28.195+0000] {dagbag.py:540} INFO - Filling up the DagBag from /home/airflow/.local/lib/python3.12/site-packages/airflow/example_dags/example_params_ui_tutorial.py
[2026-04-02T16:34:28.204+0000] {processor.py:840} INFO - DAG(s) 'example_params_ui_tutorial' retrieved from /home/airflow/.local/lib/python3.12/site-packages/airflow/example_dags/example_params_ui_tutorial.py
[2026-04-02T16:34:28.229+0000] {logging_mixin.py:188} INFO - [2026-04-02T16:34:28.229+0000] {dag.py:3096} INFO - Sync 1 DAGs
[2026-04-02T16:34:28.236+0000] {logging_mixin.py:188} INFO - [2026-04-02T16:34:28.236+0000] {dag.py:3954} INFO - Setting next_dagrun for example_params_ui_tutorial to None, run_after=None
[2026-04-02T16:34:28.247+0000] {processor.py:183} INFO - Processing /home/airflow/.local/lib/python3.12/site-packages/airflow/example_dags/example_params_ui_tutorial.py took 0.061 seconds
[2026-04-02T16:34:58.859+0000] {processor.py:161} INFO - Started process (PID=1713) to work on /home/airflow/.local/lib/python3.12/site-packages/airflow/example_dags/example_params_ui_tutorial.py
[2026-04-02T16:34:58.860+0000] {processor.py:830} INFO - Processing file /home/airflow/.local/lib/python3.12/site-packages/airflow/example_dags/example_params_ui_tutorial.py for tasks to queue
[2026-04-02T16:34:58.861+0000] {logging_mixin.py:188} INFO - [2026-04-02T16:34:58.861+0000] {dagbag.py:540} INFO - Filling up the DagBag from /home/airflow/.local/lib/python3.12/site-packages/airflow/example_dags/example_params_ui_tutorial.py
[2026-04-02T16:34:58.871+0000] {processor.py:840} INFO - DAG(s) 'example_params_ui_tutorial' retrieved from /home/airflow/.local/lib/python3.12/site-packages/airflow/example_dags/example_params_ui_tutorial.py
[2026-04-02T16:34:58.899+0000] {logging_mixin.py:188} INFO - [2026-04-02T16:34:58.899+0000] {dag.py:3096} INFO - Sync 1 DAGs
[2026-04-02T16:34:58.909+0000] {logging_mixin.py:188} INFO - [2026-04-02T16:34:58.909+0000] {dag.py:3954} INFO - Setting next_dagrun for example_params_ui_tutorial to None, run_after=None
[2026-04-02T16:34:58.918+0000] {processor.py:183} INFO - Processing /home/airflow/.local/lib/python3.12/site-packages/airflow/example_dags/example_params_ui_tutorial.py took 0.065 seconds
[2026-04-02T16:35:29.475+0000] {processor.py:161} INFO - Started process (PID=1771) to work on /home/airflow/.local/lib/python3.12/site-packages/airflow/example_dags/example_params_ui_tutorial.py
[2026-04-02T16:35:29.476+0000] {processor.py:830} INFO - Processing file /home/airflow/.local/lib/python3.12/site-packages/airflow/example_dags/example_params_ui_tutorial.py for tasks to queue
[2026-04-02T16:35:29.477+0000] {logging_mixin.py:188} INFO - [2026-04-02T16:35:29.477+0000] {dagbag.py:540} INFO - Filling up the DagBag from /home/airflow/.local/lib/python3.12/site-packages/airflow/example_dags/example_params_ui_tutorial.py
[2026-04-02T16:35:29.486+0000] {processor.py:840} INFO - DAG(s) 'example_params_ui_tutorial' retrieved from /home/airflow/.local/lib/python3.12/site-packages/airflow/example_dags/example_params_ui_tutorial.py
[2026-04-02T16:35:29.513+0000] {logging_mixin.py:188} INFO - [2026-04-02T16:35:29.513+0000] {dag.py:3096} INFO - Sync 1 DAGs
[2026-04-02T16:35:29.523+0000] {logging_mixin.py:188} INFO - [2026-04-02T16:35:29.523+0000] {dag.py:3954} INFO - Setting next_dagrun for example_params_ui_tutorial to None, run_after=None
[2026-04-02T16:35:29.531+0000] {processor.py:183} INFO - Processing /home/airflow/.local/lib/python3.12/site-packages/airflow/example_dags/example_params_ui_tutorial.py took 0.064 seconds
[2026-04-02T16:36:00.204+0000] {processor.py:161} INFO - Started process (PID=1829) to work on /home/airflow/.local/lib/python3.12/site-packages/airflow/example_dags/example_params_ui_tutorial.py
[2026-04-02T16:36:00.205+0000] {processor.py:830} INFO - Processing file /home/airflow/.local/lib/python3.12/site-packages/airflow/example_dags/example_params_ui_tutorial.py for tasks to queue
[2026-04-02T16:36:00.207+0000] {logging_mixin.py:188} INFO - [2026-04-02T16:36:00.207+0000] {dagbag.py:540} INFO - Filling up the DagBag from /home/airflow/.local/lib/python3.12/site-packages/airflow/example_dags/example_params_ui_tutorial.py
[2026-04-02T16:36:00.214+0000] {processor.py:840} INFO - DAG(s) 'example_params_ui_tutorial' retrieved from /home/airflow/.local/lib/python3.12/site-packages/airflow/example_dags/example_params_ui_tutorial.py
[2026-04-02T16:36:00.242+0000] {logging_mixin.py:188} INFO - [2026-04-02T16:36:00.242+0000] {dag.py:3096} INFO - Sync 1 DAGs
[2026-04-02T16:36:00.251+0000] {logging_mixin.py:188} INFO - [2026-04-02T16:36:00.251+0000] {dag.py:3954} INFO - Setting next_dagrun for example_params_ui_tutorial to None, run_after=None
[2026-04-02T16:36:00.260+0000] {processor.py:183} INFO - Processing /home/airflow/.local/lib/python3.12/site-packages/airflow/example_dags/example_params_ui_tutorial.py took 0.062 seconds
[2026-04-02T16:36:30.753+0000] {processor.py:161} INFO - Started process (PID=1887) to work on /home/airflow/.local/lib/python3.12/site-packages/airflow/example_dags/example_params_ui_tutorial.py
[2026-04-02T16:36:30.754+0000] {processor.py:830} INFO - Processing file /home/airflow/.local/lib/python3.12/site-packages/airflow/example_dags/example_params_ui_tutorial.py for tasks to queue
[2026-04-02T16:36:30.755+0000] {logging_mixin.py:188} INFO - [2026-04-02T16:36:30.755+0000] {dagbag.py:540} INFO - Filling up the DagBag from /home/airflow/.local/lib/python3.12/site-packages/airflow/example_dags/example_params_ui_tutorial.py
[2026-04-02T16:36:30.763+0000] {processor.py:840} INFO - DAG(s) 'example_params_ui_tutorial' retrieved from /home/airflow/.local/lib/python3.12/site-packages/airflow/example_dags/example_params_ui_tutorial.py
[2026-04-02T16:36:30.790+0000] {logging_mixin.py:188} INFO - [2026-04-02T16:36:30.790+0000] {dag.py:3096} INFO - Sync 1 DAGs
[2026-04-02T16:36:30.799+0000] {logging_mixin.py:188} INFO - [2026-04-02T16:36:30.799+0000] {dag.py:3954} INFO - Setting next_dagrun for example_params_ui_tutorial to None, run_after=None
[2026-04-02T16:36:30.807+0000] {processor.py:183} INFO - Processing /home/airflow/.local/lib/python3.12/site-packages/airflow/example_dags/example_params_ui_tutorial.py took 0.061 seconds
[2026-04-02T16:37:01.384+0000] {processor.py:161} INFO - Started process (PID=1945) to work on /home/airflow/.local/lib/python3.12/site-packages/airflow/example_dags/example_params_ui_tutorial.py
[2026-04-02T16:37:01.385+0000] {processor.py:830} INFO - Processing file /home/airflow/.local/lib/python3.12/site-packages/airflow/example_dags/example_params_ui_tutorial.py for tasks to queue
[2026-04-02T16:37:01.387+0000] {logging_mixin.py:188} INFO - [2026-04-02T16:37:01.386+0000] {dagbag.py:540} INFO - Filling up the DagBag from /home/airflow/.local/lib/python3.12/site-packages/airflow/example_dags/example_params_ui_tutorial.py
[2026-04-02T16:37:01.395+0000] {processor.py:840} INFO - DAG(s) 'example_params_ui_tutorial' retrieved from /home/airflow/.local/lib/python3.12/site-packages/airflow/example_dags/example_params_ui_tutorial.py
[2026-04-02T16:37:01.423+0000] {logging_mixin.py:188} INFO - [2026-04-02T16:37:01.423+0000] {dag.py:3096} INFO - Sync 1 DAGs
[2026-04-02T16:37:01.429+0000] {logging_mixin.py:188} INFO - [2026-04-02T16:37:01.429+0000] {dag.py:3954} INFO - Setting next_dagrun for example_params_ui_tutorial to None, run_after=None
[2026-04-02T16:37:01.440+0000] {processor.py:183} INFO - Processing /home/airflow/.local/lib/python3.12/site-packages/airflow/example_dags/example_params_ui_tutorial.py took 0.062 seconds
[2026-04-02T16:37:32.012+0000] {processor.py:161} INFO - Started process (PID=2003) to work on /home/airflow/.local/lib/python3.12/site-packages/airflow/example_dags/example_params_ui_tutorial.py
[2026-04-02T16:37:32.013+0000] {processor.py:830} INFO - Processing file /home/airflow/.local/lib/python3.12/site-packages/airflow/example_dags/example_params_ui_tutorial.py for tasks to queue
[2026-04-02T16:37:32.014+0000] {logging_mixin.py:188} INFO - [2026-04-02T16:37:32.014+0000] {dagbag.py:540} INFO - Filling up the DagBag from /home/airflow/.local/lib/python3.12/site-packages/airflow/example_dags/example_params_ui_tutorial.py
[2026-04-02T16:37:32.024+0000] {processor.py:840} INFO - DAG(s) 'example_params_ui_tutorial' retrieved from /home/airflow/.local/lib/python3.12/site-packages/airflow/example_dags/example_params_ui_tutorial.py
[2026-04-02T16:37:32.051+0000] {logging_mixin.py:188} INFO - [2026-04-02T16:37:32.051+0000] {dag.py:3096} INFO - Sync 1 DAGs
[2026-04-02T16:37:32.059+0000] {logging_mixin.py:188} INFO - [2026-04-02T16:37:32.058+0000] {dag.py:3954} INFO - Setting next_dagrun for example_params_ui_tutorial to None, run_after=None
[2026-04-02T16:37:32.069+0000] {processor.py:183} INFO - Processing /home/airflow/.local/lib/python3.12/site-packages/airflow/example_dags/example_params_ui_tutorial.py took 0.064 seconds
[2026-04-02T16:38:02.644+0000] {processor.py:161} INFO - Started process (PID=2061) to work on /home/airflow/.local/lib/python3.12/site-packages/airflow/example_dags/example_params_ui_tutorial.py
[2026-04-02T16:38:02.645+0000] {processor.py:830} INFO - Processing file /home/airflow/.local/lib/python3.12/site-packages/airflow/example_dags/example_params_ui_tutorial.py for tasks to queue
[2026-04-02T16:38:02.647+0000] {logging_mixin.py:188} INFO - [2026-04-02T16:38:02.646+0000] {dagbag.py:540} INFO - Filling up the DagBag from /home/airflow/.local/lib/python3.12/site-packages/airflow/example_dags/example_params_ui_tutorial.py
[2026-04-02T16:38:02.658+0000] {processor.py:840} INFO - DAG(s) 'example_params_ui_tutorial' retrieved from /home/airflow/.local/lib/python3.12/site-packages/airflow/example_dags/example_params_ui_tutorial.py
[2026-04-02T16:38:02.687+0000] {logging_mixin.py:188} INFO - [2026-04-02T16:38:02.686+0000] {dag.py:3096} INFO - Sync 1 DAGs
[2026-04-02T16:38:02.694+0000] {logging_mixin.py:188} INFO - [2026-04-02T16:38:02.694+0000] {dag.py:3954} INFO - Setting next_dagrun for example_params_ui_tutorial to None, run_after=None
[2026-04-02T16:38:02.705+0000] {processor.py:183} INFO - Processing /home/airflow/.local/lib/python3.12/site-packages/airflow/example_dags/example_params_ui_tutorial.py took 0.067 seconds
[2026-04-02T16:38:33.339+0000] {processor.py:161} INFO - Started process (PID=2119) to work on /home/airflow/.local/lib/python3.12/site-packages/airflow/example_dags/example_params_ui_tutorial.py
[2026-04-02T16:38:33.341+0000] {processor.py:830} INFO - Processing file /home/airflow/.local/lib/python3.12/site-packages/airflow/example_dags/example_params_ui_tutorial.py for tasks to queue
[2026-04-02T16:38:33.342+0000] {logging_mixin.py:188} INFO - [2026-04-02T16:38:33.342+0000] {dagbag.py:540} INFO - Filling up the DagBag from /home/airflow/.local/lib/python3.12/site-packages/airflow/example_dags/example_params_ui_tutorial.py
[2026-04-02T16:38:33.349+0000] {processor.py:840} INFO - DAG(s) 'example_params_ui_tutorial' retrieved from /home/airflow/.local/lib/python3.12/site-packages/airflow/example_dags/example_params_ui_tutorial.py
[2026-04-02T16:38:33.377+0000] {logging_mixin.py:188} INFO - [2026-04-02T16:38:33.377+0000] {dag.py:3096} INFO - Sync 1 DAGs
[2026-04-02T16:38:33.386+0000] {logging_mixin.py:188} INFO - [2026-04-02T16:38:33.385+0000] {dag.py:3954} INFO - Setting next_dagrun for example_params_ui_tutorial to None, run_after=None
[2026-04-02T16:38:33.396+0000] {processor.py:183} INFO - Processing /home/airflow/.local/lib/python3.12/site-packages/airflow/example_dags/example_params_ui_tutorial.py took 0.066 seconds
[2026-04-02T16:39:04.037+0000] {processor.py:161} INFO - Started process (PID=2177) to work on /home/airflow/.local/lib/python3.12/site-packages/airflow/example_dags/example_params_ui_tutorial.py
[2026-04-02T16:39:04.037+0000] {processor.py:830} INFO - Processing file /home/airflow/.local/lib/python3.12/site-packages/airflow/example_dags/example_params_ui_tutorial.py for tasks to queue
[2026-04-02T16:39:04.042+0000] {logging_mixin.py:188} INFO - [2026-04-02T16:39:04.042+0000] {dagbag.py:540} INFO - Filling up the DagBag from /home/airflow/.local/lib/python3.12/site-packages/airflow/example_dags/example_params_ui_tutorial.py
[2026-04-02T16:39:04.050+0000] {processor.py:840} INFO - DAG(s) 'example_params_ui_tutorial' retrieved from /home/airflow/.local/lib/python3.12/site-packages/airflow/example_dags/example_params_ui_tutorial.py
[2026-04-02T16:39:04.076+0000] {logging_mixin.py:188} INFO - [2026-04-02T16:39:04.076+0000] {dag.py:3096} INFO - Sync 1 DAGs
[2026-04-02T16:39:04.082+0000] {logging_mixin.py:188} INFO - [2026-04-02T16:39:04.082+0000] {dag.py:3954} INFO - Setting next_dagrun for example_params_ui_tutorial to None, run_after=None
[2026-04-02T16:39:04.093+0000] {processor.py:183} INFO - Processing /home/airflow/.local/lib/python3.12/site-packages/airflow/example_dags/example_params_ui_tutorial.py took 0.062 seconds
[2026-04-02T16:39:34.651+0000] {processor.py:161} INFO - Started process (PID=2235) to work on /home/airflow/.local/lib/python3.12/site-packages/airflow/example_dags/example_params_ui_tutorial.py
[2026-04-02T16:39:34.652+0000] {processor.py:830} INFO - Processing file /home/airflow/.local/lib/python3.12/site-packages/airflow/example_dags/example_params_ui_tutorial.py for tasks to queue
[2026-04-02T16:39:34.654+0000] {logging_mixin.py:188} INFO - [2026-04-02T16:39:34.654+0000] {dagbag.py:540} INFO - Filling up the DagBag from /home/airflow/.local/lib/python3.12/site-packages/airflow/example_dags/example_params_ui_tutorial.py
[2026-04-02T16:39:34.661+0000] {processor.py:840} INFO - DAG(s) 'example_params_ui_tutorial' retrieved from /home/airflow/.local/lib/python3.12/site-packages/airflow/example_dags/example_params_ui_tutorial.py
[2026-04-02T16:39:34.688+0000] {logging_mixin.py:188} INFO - [2026-04-02T16:39:34.688+0000] {dag.py:3096} INFO - Sync 1 DAGs
[2026-04-02T16:39:34.697+0000] {logging_mixin.py:188} INFO - [2026-04-02T16:39:34.697+0000] {dag.py:3954} INFO - Setting next_dagrun for example_params_ui_tutorial to None, run_after=None
[2026-04-02T16:39:34.706+0000] {processor.py:183} INFO - Processing /home/airflow/.local/lib/python3.12/site-packages/airflow/example_dags/example_params_ui_tutorial.py took 0.061 seconds
[2026-04-02T16:40:05.321+0000] {processor.py:161} INFO - Started process (PID=2293) to work on /home/airflow/.local/lib/python3.12/site-packages/airflow/example_dags/example_params_ui_tutorial.py
[2026-04-02T16:40:05.322+0000] {processor.py:830} INFO - Processing file /home/airflow/.local/lib/python3.12/site-packages/airflow/example_dags/example_params_ui_tutorial.py for tasks to queue
[2026-04-02T16:40:05.323+0000] {logging_mixin.py:188} INFO - [2026-04-02T16:40:05.323+0000] {dagbag.py:540} INFO - Filling up the DagBag from /home/airflow/.local/lib/python3.12/site-packages/airflow/example_dags/example_params_ui_tutorial.py
[2026-04-02T16:40:05.332+0000] {processor.py:840} INFO - DAG(s) 'example_params_ui_tutorial' retrieved from /home/airflow/.local/lib/python3.12/site-packages/airflow/example_dags/example_params_ui_tutorial.py
[2026-04-02T16:40:05.360+0000] {logging_mixin.py:188} INFO - [2026-04-02T16:40:05.360+0000] {dag.py:3096} INFO - Sync 1 DAGs
[2026-04-02T16:40:05.366+0000] {logging_mixin.py:188} INFO - [2026-04-02T16:40:05.366+0000] {dag.py:3954} INFO - Setting next_dagrun for example_params_ui_tutorial to None, run_after=None
[2026-04-02T16:40:05.378+0000] {processor.py:183} INFO - Processing /home/airflow/.local/lib/python3.12/site-packages/airflow/example_dags/example_params_ui_tutorial.py took 0.061 seconds
[2026-04-02T16:40:35.902+0000] {processor.py:161} INFO - Started process (PID=2351) to work on /home/airflow/.local/lib/python3.12/site-packages/airflow/example_dags/example_params_ui_tutorial.py
[2026-04-02T16:40:35.903+0000] {processor.py:830} INFO - Processing file /home/airflow/.local/lib/python3.12/site-packages/airflow/example_dags/example_params_ui_tutorial.py for tasks to queue
[2026-04-02T16:40:35.904+0000] {logging_mixin.py:188} INFO - [2026-04-02T16:40:35.904+0000] {dagbag.py:540} INFO - Filling up the DagBag from /home/airflow/.local/lib/python3.12/site-packages/airflow/example_dags/example_params_ui_tutorial.py
[2026-04-02T16:40:35.911+0000] {processor.py:840} INFO - DAG(s) 'example_params_ui_tutorial' retrieved from /home/airflow/.local/lib/python3.12/site-packages/airflow/example_dags/example_params_ui_tutorial.py
[2026-04-02T16:40:35.941+0000] {logging_mixin.py:188} INFO - [2026-04-02T16:40:35.941+0000] {dag.py:3096} INFO - Sync 1 DAGs
[2026-04-02T16:40:35.950+0000] {logging_mixin.py:188} INFO - [2026-04-02T16:40:35.950+0000] {dag.py:3954} INFO - Setting next_dagrun for example_params_ui_tutorial to None, run_after=None
[2026-04-02T16:40:35.958+0000] {processor.py:183} INFO - Processing /home/airflow/.local/lib/python3.12/site-packages/airflow/example_dags/example_params_ui_tutorial.py took 0.060 seconds
[2026-04-02T16:41:06.928+0000] {processor.py:161} INFO - Started process (PID=2415) to work on /home/airflow/.local/lib/python3.12/site-packages/airflow/example_dags/example_params_ui_tutorial.py
[2026-04-02T16:41:06.929+0000] {processor.py:830} INFO - Processing file /home/airflow/.local/lib/python3.12/site-packages/airflow/example_dags/example_params_ui_tutorial.py for tasks to queue
[2026-04-02T16:41:06.930+0000] {logging_mixin.py:188} INFO - [2026-04-02T16:41:06.930+0000] {dagbag.py:540} INFO - Filling up the DagBag from /home/airflow/.local/lib/python3.12/site-packages/airflow/example_dags/example_params_ui_tutorial.py
[2026-04-02T16:41:06.938+0000] {processor.py:840} INFO - DAG(s) 'example_params_ui_tutorial' retrieved from /home/airflow/.local/lib/python3.12/site-packages/airflow/example_dags/example_params_ui_tutorial.py
[2026-04-02T16:41:06.966+0000] {logging_mixin.py:188} INFO - [2026-04-02T16:41:06.966+0000] {dag.py:3096} INFO - Sync 1 DAGs
[2026-04-02T16:41:06.977+0000] {logging_mixin.py:188} INFO - [2026-04-02T16:41:06.976+0000] {dag.py:3954} INFO - Setting next_dagrun for example_params_ui_tutorial to None, run_after=None
[2026-04-02T16:41:06.985+0000] {processor.py:183} INFO - Processing /home/airflow/.local/lib/python3.12/site-packages/airflow/example_dags/example_params_ui_tutorial.py took 0.060 seconds
[2026-04-02T16:41:37.777+0000] {processor.py:161} INFO - Started process (PID=2473) to work on /home/airflow/.local/lib/python3.12/site-packages/airflow/example_dags/example_params_ui_tutorial.py
[2026-04-02T16:41:37.778+0000] {processor.py:830} INFO - Processing file /home/airflow/.local/lib/python3.12/site-packages/airflow/example_dags/example_params_ui_tutorial.py for tasks to queue
[2026-04-02T16:41:37.779+0000] {logging_mixin.py:188} INFO - [2026-04-02T16:41:37.779+0000] {dagbag.py:540} INFO - Filling up the DagBag from /home/airflow/.local/lib/python3.12/site-packages/airflow/example_dags/example_params_ui_tutorial.py
[2026-04-02T16:41:37.787+0000] {processor.py:840} INFO - DAG(s) 'example_params_ui_tutorial' retrieved from /home/airflow/.local/lib/python3.12/site-packages/airflow/example_dags/example_params_ui_tutorial.py
[2026-04-02T16:41:37.825+0000] {logging_mixin.py:188} INFO - [2026-04-02T16:41:37.825+0000] {dag.py:3096} INFO - Sync 1 DAGs
[2026-04-02T16:41:37.835+0000] {logging_mixin.py:188} INFO - [2026-04-02T16:41:37.835+0000] {dag.py:3954} INFO - Setting next_dagrun for example_params_ui_tutorial to None, run_after=None
[2026-04-02T16:41:37.846+0000] {processor.py:183} INFO - Processing /home/airflow/.local/lib/python3.12/site-packages/airflow/example_dags/example_params_ui_tutorial.py took 0.073 seconds
[2026-04-02T16:42:08.767+0000] {processor.py:161} INFO - Started process (PID=2531) to work on /home/airflow/.local/lib/python3.12/site-packages/airflow/example_dags/example_params_ui_tutorial.py
[2026-04-02T16:42:08.768+0000] {processor.py:830} INFO - Processing file /home/airflow/.local/lib/python3.12/site-packages/airflow/example_dags/example_params_ui_tutorial.py for tasks to queue
[2026-04-02T16:42:08.769+0000] {logging_mixin.py:188} INFO - [2026-04-02T16:42:08.769+0000] {dagbag.py:540} INFO - Filling up the DagBag from /home/airflow/.local/lib/python3.12/site-packages/airflow/example_dags/example_params_ui_tutorial.py
[2026-04-02T16:42:08.780+0000] {processor.py:840} INFO - DAG(s) 'example_params_ui_tutorial' retrieved from /home/airflow/.local/lib/python3.12/site-packages/airflow/example_dags/example_params_ui_tutorial.py
[2026-04-02T16:42:08.811+0000] {logging_mixin.py:188} INFO - [2026-04-02T16:42:08.811+0000] {dag.py:3096} INFO - Sync 1 DAGs
[2026-04-02T16:42:08.818+0000] {logging_mixin.py:188} INFO - [2026-04-02T16:42:08.818+0000] {dag.py:3954} INFO - Setting next_dagrun for example_params_ui_tutorial to None, run_after=None
[2026-04-02T16:42:08.829+0000] {processor.py:183} INFO - Processing /home/airflow/.local/lib/python3.12/site-packages/airflow/example_dags/example_params_ui_tutorial.py took 0.068 seconds
[2026-04-02T16:42:39.682+0000] {processor.py:161} INFO - Started process (PID=2589) to work on /home/airflow/.local/lib/python3.12/site-packages/airflow/example_dags/example_params_ui_tutorial.py
[2026-04-02T16:42:39.683+0000] {processor.py:830} INFO - Processing file /home/airflow/.local/lib/python3.12/site-packages/airflow/example_dags/example_params_ui_tutorial.py for tasks to queue
[2026-04-02T16:42:39.684+0000] {logging_mixin.py:188} INFO - [2026-04-02T16:42:39.683+0000] {dagbag.py:540} INFO - Filling up the DagBag from /home/airflow/.local/lib/python3.12/site-packages/airflow/example_dags/example_params_ui_tutorial.py
[2026-04-02T16:42:39.694+0000] {processor.py:840} INFO - DAG(s) 'example_params_ui_tutorial' retrieved from /home/airflow/.local/lib/python3.12/site-packages/airflow/example_dags/example_params_ui_tutorial.py
[2026-04-02T16:42:39.730+0000] {logging_mixin.py:188} INFO - [2026-04-02T16:42:39.730+0000] {dag.py:3096} INFO - Sync 1 DAGs
[2026-04-02T16:42:39.738+0000] {logging_mixin.py:188} INFO - [2026-04-02T16:42:39.737+0000] {dag.py:3954} INFO - Setting next_dagrun for example_params_ui_tutorial to None, run_after=None
[2026-04-02T16:42:39.751+0000] {processor.py:183} INFO - Processing /home/airflow/.local/lib/python3.12/site-packages/airflow/example_dags/example_params_ui_tutorial.py took 0.073 seconds
[2026-04-02T16:43:10.631+0000] {processor.py:161} INFO - Started process (PID=2647) to work on /home/airflow/.local/lib/python3.12/site-packages/airflow/example_dags/example_params_ui_tutorial.py
[2026-04-02T16:43:10.632+0000] {processor.py:830} INFO - Processing file /home/airflow/.local/lib/python3.12/site-packages/airflow/example_dags/example_params_ui_tutorial.py for tasks to queue
[2026-04-02T16:43:10.633+0000] {logging_mixin.py:188} INFO - [2026-04-02T16:43:10.633+0000] {dagbag.py:540} INFO - Filling up the DagBag from /home/airflow/.local/lib/python3.12/site-packages/airflow/example_dags/example_params_ui_tutorial.py
[2026-04-02T16:43:10.643+0000] {processor.py:840} INFO - DAG(s) 'example_params_ui_tutorial' retrieved from /home/airflow/.local/lib/python3.12/site-packages/airflow/example_dags/example_params_ui_tutorial.py
[2026-04-02T16:43:10.674+0000] {logging_mixin.py:188} INFO - [2026-04-02T16:43:10.674+0000] {dag.py:3096} INFO - Sync 1 DAGs
[2026-04-02T16:43:10.682+0000] {logging_mixin.py:188} INFO - [2026-04-02T16:43:10.682+0000] {dag.py:3954} INFO - Setting next_dagrun for example_params_ui_tutorial to None, run_after=None
[2026-04-02T16:43:10.692+0000] {processor.py:183} INFO - Processing /home/airflow/.local/lib/python3.12/site-packages/airflow/example_dags/example_params_ui_tutorial.py took 0.064 seconds
[2026-04-02T16:43:41.593+0000] {processor.py:161} INFO - Started process (PID=2705) to work on /home/airflow/.local/lib/python3.12/site-packages/airflow/example_dags/example_params_ui_tutorial.py
[2026-04-02T16:43:41.595+0000] {processor.py:830} INFO - Processing file /home/airflow/.local/lib/python3.12/site-packages/airflow/example_dags/example_params_ui_tutorial.py for tasks to queue
[2026-04-02T16:43:41.597+0000] {logging_mixin.py:188} INFO - [2026-04-02T16:43:41.597+0000] {dagbag.py:540} INFO - Filling up the DagBag from /home/airflow/.local/lib/python3.12/site-packages/airflow/example_dags/example_params_ui_tutorial.py
[2026-04-02T16:43:41.607+0000] {processor.py:840} INFO - DAG(s) 'example_params_ui_tutorial' retrieved from /home/airflow/.local/lib/python3.12/site-packages/airflow/example_dags/example_params_ui_tutorial.py
[2026-04-02T16:43:41.643+0000] {logging_mixin.py:188} INFO - [2026-04-02T16:43:41.643+0000] {dag.py:3096} INFO - Sync 1 DAGs
[2026-04-02T16:43:41.650+0000] {logging_mixin.py:188} INFO - [2026-04-02T16:43:41.650+0000] {dag.py:3954} INFO - Setting next_dagrun for example_params_ui_tutorial to None, run_after=None
[2026-04-02T16:43:41.659+0000] {processor.py:183} INFO - Processing /home/airflow/.local/lib/python3.12/site-packages/airflow/example_dags/example_params_ui_tutorial.py took 0.069 seconds
