[2026-04-02T16:20:35.294+0000] {processor.py:161} INFO - Started process (PID=76) to work on /home/airflow/.local/lib/python3.12/site-packages/airflow/example_dags/example_skip_dag.py
[2026-04-02T16:20:35.294+0000] {processor.py:830} INFO - Processing file /home/airflow/.local/lib/python3.12/site-packages/airflow/example_dags/example_skip_dag.py for tasks to queue
[2026-04-02T16:20:35.295+0000] {logging_mixin.py:188} INFO - [2026-04-02T16:20:35.295+0000] {dagbag.py:540} INFO - Filling up the DagBag from /home/airflow/.local/lib/python3.12/site-packages/airflow/example_dags/example_skip_dag.py
[2026-04-02T16:20:35.299+0000] {processor.py:840} INFO - DAG(s) 'example_skip_dag' retrieved from /home/airflow/.local/lib/python3.12/site-packages/airflow/example_dags/example_skip_dag.py
[2026-04-02T16:20:35.307+0000] {logging_mixin.py:188} INFO - [2026-04-02T16:20:35.307+0000] {dag.py:3096} INFO - Sync 1 DAGs
[2026-04-02T16:20:35.319+0000] {logging_mixin.py:188} INFO - [2026-04-02T16:20:35.318+0000] {dag.py:3954} INFO - Setting next_dagrun for example_skip_dag to 2026-04-01 00:00:00+00:00, run_after=2026-04-02 00:00:00+00:00
[2026-04-02T16:20:35.328+0000] {processor.py:183} INFO - Processing /home/airflow/.local/lib/python3.12/site-packages/airflow/example_dags/example_skip_dag.py took 0.038 seconds
[2026-04-02T16:21:06.759+0000] {processor.py:161} INFO - Started process (PID=134) to work on /home/airflow/.local/lib/python3.12/site-packages/airflow/example_dags/example_skip_dag.py
[2026-04-02T16:21:06.760+0000] {processor.py:830} INFO - Processing file /home/airflow/.local/lib/python3.12/site-packages/airflow/example_dags/example_skip_dag.py for tasks to queue
[2026-04-02T16:21:06.761+0000] {logging_mixin.py:188} INFO - [2026-04-02T16:21:06.760+0000] {dagbag.py:540} INFO - Filling up the DagBag from /home/airflow/.local/lib/python3.12/site-packages/airflow/example_dags/example_skip_dag.py
[2026-04-02T16:21:06.764+0000] {processor.py:840} INFO - DAG(s) 'example_skip_dag' retrieved from /home/airflow/.local/lib/python3.12/site-packages/airflow/example_dags/example_skip_dag.py
[2026-04-02T16:21:06.821+0000] {logging_mixin.py:188} INFO - [2026-04-02T16:21:06.821+0000] {dag.py:3096} INFO - Sync 1 DAGs
[2026-04-02T16:21:06.832+0000] {logging_mixin.py:188} INFO - [2026-04-02T16:21:06.832+0000] {dag.py:3954} INFO - Setting next_dagrun for example_skip_dag to 2026-04-01 00:00:00+00:00, run_after=2026-04-02 00:00:00+00:00
[2026-04-02T16:21:06.840+0000] {processor.py:183} INFO - Processing /home/airflow/.local/lib/python3.12/site-packages/airflow/example_dags/example_skip_dag.py took 0.085 seconds
[2026-04-02T16:21:37.050+0000] {processor.py:161} INFO - Started process (PID=192) to work on /home/airflow/.local/lib/python3.12/site-packages/airflow/example_dags/example_skip_dag.py
[2026-04-02T16:21:37.051+0000] {processor.py:830} INFO - Processing file /home/airflow/.local/lib/python3.12/site-packages/airflow/example_dags/example_skip_dag.py for tasks to queue
[2026-04-02T16:21:37.051+0000] {logging_mixin.py:188} INFO - [2026-04-02T16:21:37.051+0000] {dagbag.py:540} INFO - Filling up the DagBag from /home/airflow/.local/lib/python3.12/site-packages/airflow/example_dags/example_skip_dag.py
[2026-04-02T16:21:37.055+0000] {processor.py:840} INFO - DAG(s) 'example_skip_dag' retrieved from /home/airflow/.local/lib/python3.12/site-packages/airflow/example_dags/example_skip_dag.py
[2026-04-02T16:21:37.067+0000] {logging_mixin.py:188} INFO - [2026-04-02T16:21:37.067+0000] {dag.py:3096} INFO - Sync 1 DAGs
[2026-04-02T16:21:37.077+0000] {logging_mixin.py:188} INFO - [2026-04-02T16:21:37.077+0000] {dag.py:3954} INFO - Setting next_dagrun for example_skip_dag to 2026-04-01 00:00:00+00:00, run_after=2026-04-02 00:00:00+00:00
[2026-04-02T16:21:37.085+0000] {processor.py:183} INFO - Processing /home/airflow/.local/lib/python3.12/site-packages/airflow/example_dags/example_skip_dag.py took 0.038 seconds
[2026-04-02T16:22:07.809+0000] {processor.py:161} INFO - Started process (PID=250) to work on /home/airflow/.local/lib/python3.12/site-packages/airflow/example_dags/example_skip_dag.py
[2026-04-02T16:22:07.810+0000] {processor.py:830} INFO - Processing file /home/airflow/.local/lib/python3.12/site-packages/airflow/example_dags/example_skip_dag.py for tasks to queue
[2026-04-02T16:22:07.811+0000] {logging_mixin.py:188} INFO - [2026-04-02T16:22:07.811+0000] {dagbag.py:540} INFO - Filling up the DagBag from /home/airflow/.local/lib/python3.12/site-packages/airflow/example_dags/example_skip_dag.py
[2026-04-02T16:22:07.815+0000] {processor.py:840} INFO - DAG(s) 'example_skip_dag' retrieved from /home/airflow/.local/lib/python3.12/site-packages/airflow/example_dags/example_skip_dag.py
[2026-04-02T16:22:07.827+0000] {logging_mixin.py:188} INFO - [2026-04-02T16:22:07.827+0000] {dag.py:3096} INFO - Sync 1 DAGs
[2026-04-02T16:22:07.839+0000] {logging_mixin.py:188} INFO - [2026-04-02T16:22:07.839+0000] {dag.py:3954} INFO - Setting next_dagrun for example_skip_dag to 2026-04-01 00:00:00+00:00, run_after=2026-04-02 00:00:00+00:00
[2026-04-02T16:22:07.847+0000] {processor.py:183} INFO - Processing /home/airflow/.local/lib/python3.12/site-packages/airflow/example_dags/example_skip_dag.py took 0.041 seconds
[2026-04-02T16:22:38.535+0000] {processor.py:161} INFO - Started process (PID=308) to work on /home/airflow/.local/lib/python3.12/site-packages/airflow/example_dags/example_skip_dag.py
[2026-04-02T16:22:38.536+0000] {processor.py:830} INFO - Processing file /home/airflow/.local/lib/python3.12/site-packages/airflow/example_dags/example_skip_dag.py for tasks to queue
[2026-04-02T16:22:38.537+0000] {logging_mixin.py:188} INFO - [2026-04-02T16:22:38.537+0000] {dagbag.py:540} INFO - Filling up the DagBag from /home/airflow/.local/lib/python3.12/site-packages/airflow/example_dags/example_skip_dag.py
[2026-04-02T16:22:38.540+0000] {processor.py:840} INFO - DAG(s) 'example_skip_dag' retrieved from /home/airflow/.local/lib/python3.12/site-packages/airflow/example_dags/example_skip_dag.py
[2026-04-02T16:22:38.552+0000] {logging_mixin.py:188} INFO - [2026-04-02T16:22:38.552+0000] {dag.py:3096} INFO - Sync 1 DAGs
[2026-04-02T16:22:38.562+0000] {logging_mixin.py:188} INFO - [2026-04-02T16:22:38.562+0000] {dag.py:3954} INFO - Setting next_dagrun for example_skip_dag to 2026-04-01 00:00:00+00:00, run_after=2026-04-02 00:00:00+00:00
[2026-04-02T16:22:38.573+0000] {processor.py:183} INFO - Processing /home/airflow/.local/lib/python3.12/site-packages/airflow/example_dags/example_skip_dag.py took 0.041 seconds
[2026-04-02T16:23:09.203+0000] {processor.py:161} INFO - Started process (PID=366) to work on /home/airflow/.local/lib/python3.12/site-packages/airflow/example_dags/example_skip_dag.py
[2026-04-02T16:23:09.204+0000] {processor.py:830} INFO - Processing file /home/airflow/.local/lib/python3.12/site-packages/airflow/example_dags/example_skip_dag.py for tasks to queue
[2026-04-02T16:23:09.205+0000] {logging_mixin.py:188} INFO - [2026-04-02T16:23:09.204+0000] {dagbag.py:540} INFO - Filling up the DagBag from /home/airflow/.local/lib/python3.12/site-packages/airflow/example_dags/example_skip_dag.py
[2026-04-02T16:23:09.208+0000] {processor.py:840} INFO - DAG(s) 'example_skip_dag' retrieved from /home/airflow/.local/lib/python3.12/site-packages/airflow/example_dags/example_skip_dag.py
[2026-04-02T16:23:09.220+0000] {logging_mixin.py:188} INFO - [2026-04-02T16:23:09.220+0000] {dag.py:3096} INFO - Sync 1 DAGs
[2026-04-02T16:23:09.230+0000] {logging_mixin.py:188} INFO - [2026-04-02T16:23:09.230+0000] {dag.py:3954} INFO - Setting next_dagrun for example_skip_dag to 2026-04-01 00:00:00+00:00, run_after=2026-04-02 00:00:00+00:00
[2026-04-02T16:23:09.238+0000] {processor.py:183} INFO - Processing /home/airflow/.local/lib/python3.12/site-packages/airflow/example_dags/example_skip_dag.py took 0.039 seconds
[2026-04-02T16:23:39.952+0000] {processor.py:161} INFO - Started process (PID=424) to work on /home/airflow/.local/lib/python3.12/site-packages/airflow/example_dags/example_skip_dag.py
[2026-04-02T16:23:39.952+0000] {processor.py:830} INFO - Processing file /home/airflow/.local/lib/python3.12/site-packages/airflow/example_dags/example_skip_dag.py for tasks to queue
[2026-04-02T16:23:39.954+0000] {logging_mixin.py:188} INFO - [2026-04-02T16:23:39.954+0000] {dagbag.py:540} INFO - Filling up the DagBag from /home/airflow/.local/lib/python3.12/site-packages/airflow/example_dags/example_skip_dag.py
[2026-04-02T16:23:39.959+0000] {processor.py:840} INFO - DAG(s) 'example_skip_dag' retrieved from /home/airflow/.local/lib/python3.12/site-packages/airflow/example_dags/example_skip_dag.py
[2026-04-02T16:23:39.972+0000] {logging_mixin.py:188} INFO - [2026-04-02T16:23:39.972+0000] {dag.py:3096} INFO - Sync 1 DAGs
[2026-04-02T16:23:39.983+0000] {logging_mixin.py:188} INFO - [2026-04-02T16:23:39.983+0000] {dag.py:3954} INFO - Setting next_dagrun for example_skip_dag to 2026-04-01 00:00:00+00:00, run_after=2026-04-02 00:00:00+00:00
[2026-04-02T16:23:39.992+0000] {processor.py:183} INFO - Processing /home/airflow/.local/lib/python3.12/site-packages/airflow/example_dags/example_skip_dag.py took 0.043 seconds
[2026-04-02T16:24:10.603+0000] {processor.py:161} INFO - Started process (PID=482) to work on /home/airflow/.local/lib/python3.12/site-packages/airflow/example_dags/example_skip_dag.py
[2026-04-02T16:24:10.604+0000] {processor.py:830} INFO - Processing file /home/airflow/.local/lib/python3.12/site-packages/airflow/example_dags/example_skip_dag.py for tasks to queue
[2026-04-02T16:24:10.605+0000] {logging_mixin.py:188} INFO - [2026-04-02T16:24:10.605+0000] {dagbag.py:540} INFO - Filling up the DagBag from /home/airflow/.local/lib/python3.12/site-packages/airflow/example_dags/example_skip_dag.py
[2026-04-02T16:24:10.609+0000] {processor.py:840} INFO - DAG(s) 'example_skip_dag' retrieved from /home/airflow/.local/lib/python3.12/site-packages/airflow/example_dags/example_skip_dag.py
[2026-04-02T16:24:10.619+0000] {logging_mixin.py:188} INFO - [2026-04-02T16:24:10.619+0000] {dag.py:3096} INFO - Sync 1 DAGs
[2026-04-02T16:24:10.632+0000] {logging_mixin.py:188} INFO - [2026-04-02T16:24:10.632+0000] {dag.py:3954} INFO - Setting next_dagrun for example_skip_dag to 2026-04-01 00:00:00+00:00, run_after=2026-04-02 00:00:00+00:00
[2026-04-02T16:24:10.642+0000] {processor.py:183} INFO - Processing /home/airflow/.local/lib/python3.12/site-packages/airflow/example_dags/example_skip_dag.py took 0.042 seconds
[2026-04-02T16:24:41.049+0000] {processor.py:161} INFO - Started process (PID=540) to work on /home/airflow/.local/lib/python3.12/site-packages/airflow/example_dags/example_skip_dag.py
[2026-04-02T16:24:41.050+0000] {processor.py:830} INFO - Processing file /home/airflow/.local/lib/python3.12/site-packages/airflow/example_dags/example_skip_dag.py for tasks to queue
[2026-04-02T16:24:41.051+0000] {logging_mixin.py:188} INFO - [2026-04-02T16:24:41.050+0000] {dagbag.py:540} INFO - Filling up the DagBag from /home/airflow/.local/lib/python3.12/site-packages/airflow/example_dags/example_skip_dag.py
[2026-04-02T16:24:41.054+0000] {processor.py:840} INFO - DAG(s) 'example_skip_dag' retrieved from /home/airflow/.local/lib/python3.12/site-packages/airflow/example_dags/example_skip_dag.py
[2026-04-02T16:24:41.061+0000] {logging_mixin.py:188} INFO - [2026-04-02T16:24:41.061+0000] {dag.py:3096} INFO - Sync 1 DAGs
[2026-04-02T16:24:41.071+0000] {logging_mixin.py:188} INFO - [2026-04-02T16:24:41.071+0000] {dag.py:3954} INFO - Setting next_dagrun for example_skip_dag to 2026-04-01 00:00:00+00:00, run_after=2026-04-02 00:00:00+00:00
[2026-04-02T16:24:41.082+0000] {processor.py:183} INFO - Processing /home/airflow/.local/lib/python3.12/site-packages/airflow/example_dags/example_skip_dag.py took 0.036 seconds
[2026-04-02T16:25:13.877+0000] {processor.py:161} INFO - Started process (PID=598) to work on /home/airflow/.local/lib/python3.12/site-packages/airflow/example_dags/example_skip_dag.py
[2026-04-02T16:25:13.877+0000] {processor.py:830} INFO - Processing file /home/airflow/.local/lib/python3.12/site-packages/airflow/example_dags/example_skip_dag.py for tasks to queue
[2026-04-02T16:25:13.879+0000] {logging_mixin.py:188} INFO - [2026-04-02T16:25:13.878+0000] {dagbag.py:540} INFO - Filling up the DagBag from /home/airflow/.local/lib/python3.12/site-packages/airflow/example_dags/example_skip_dag.py
[2026-04-02T16:25:13.883+0000] {processor.py:840} INFO - DAG(s) 'example_skip_dag' retrieved from /home/airflow/.local/lib/python3.12/site-packages/airflow/example_dags/example_skip_dag.py
[2026-04-02T16:25:13.938+0000] {logging_mixin.py:188} INFO - [2026-04-02T16:25:13.938+0000] {dag.py:3096} INFO - Sync 1 DAGs
[2026-04-02T16:25:14.045+0000] {logging_mixin.py:188} INFO - [2026-04-02T16:25:14.045+0000] {dag.py:3954} INFO - Setting next_dagrun for example_skip_dag to 2026-04-01 00:00:00+00:00, run_after=2026-04-02 00:00:00+00:00
[2026-04-02T16:25:14.055+0000] {processor.py:183} INFO - Processing /home/airflow/.local/lib/python3.12/site-packages/airflow/example_dags/example_skip_dag.py took 0.182 seconds
[2026-04-02T16:25:44.421+0000] {processor.py:161} INFO - Started process (PID=656) to work on /home/airflow/.local/lib/python3.12/site-packages/airflow/example_dags/example_skip_dag.py
[2026-04-02T16:25:44.421+0000] {processor.py:830} INFO - Processing file /home/airflow/.local/lib/python3.12/site-packages/airflow/example_dags/example_skip_dag.py for tasks to queue
[2026-04-02T16:25:44.422+0000] {logging_mixin.py:188} INFO - [2026-04-02T16:25:44.422+0000] {dagbag.py:540} INFO - Filling up the DagBag from /home/airflow/.local/lib/python3.12/site-packages/airflow/example_dags/example_skip_dag.py
[2026-04-02T16:25:44.426+0000] {processor.py:840} INFO - DAG(s) 'example_skip_dag' retrieved from /home/airflow/.local/lib/python3.12/site-packages/airflow/example_dags/example_skip_dag.py
[2026-04-02T16:25:44.442+0000] {logging_mixin.py:188} INFO - [2026-04-02T16:25:44.442+0000] {dag.py:3096} INFO - Sync 1 DAGs
[2026-04-02T16:25:44.457+0000] {logging_mixin.py:188} INFO - [2026-04-02T16:25:44.457+0000] {dag.py:3954} INFO - Setting next_dagrun for example_skip_dag to 2026-04-01 00:00:00+00:00, run_after=2026-04-02 00:00:00+00:00
[2026-04-02T16:25:44.472+0000] {processor.py:183} INFO - Processing /home/airflow/.local/lib/python3.12/site-packages/airflow/example_dags/example_skip_dag.py took 0.054 seconds
[2026-04-02T16:26:14.594+0000] {processor.py:161} INFO - Started process (PID=714) to work on /home/airflow/.local/lib/python3.12/site-packages/airflow/example_dags/example_skip_dag.py
[2026-04-02T16:26:14.594+0000] {processor.py:830} INFO - Processing file /home/airflow/.local/lib/python3.12/site-packages/airflow/example_dags/example_skip_dag.py for tasks to queue
[2026-04-02T16:26:14.595+0000] {logging_mixin.py:188} INFO - [2026-04-02T16:26:14.595+0000] {dagbag.py:540} INFO - Filling up the DagBag from /home/airflow/.local/lib/python3.12/site-packages/airflow/example_dags/example_skip_dag.py
[2026-04-02T16:26:14.599+0000] {processor.py:840} INFO - DAG(s) 'example_skip_dag' retrieved from /home/airflow/.local/lib/python3.12/site-packages/airflow/example_dags/example_skip_dag.py
[2026-04-02T16:26:14.618+0000] {logging_mixin.py:188} INFO - [2026-04-02T16:26:14.618+0000] {dag.py:3096} INFO - Sync 1 DAGs
[2026-04-02T16:26:14.631+0000] {logging_mixin.py:188} INFO - [2026-04-02T16:26:14.631+0000] {dag.py:3954} INFO - Setting next_dagrun for example_skip_dag to 2026-04-01 00:00:00+00:00, run_after=2026-04-02 00:00:00+00:00
[2026-04-02T16:26:14.645+0000] {processor.py:183} INFO - Processing /home/airflow/.local/lib/python3.12/site-packages/airflow/example_dags/example_skip_dag.py took 0.054 seconds
[2026-04-02T16:26:44.986+0000] {processor.py:161} INFO - Started process (PID=772) to work on /home/airflow/.local/lib/python3.12/site-packages/airflow/example_dags/example_skip_dag.py
[2026-04-02T16:26:44.986+0000] {processor.py:830} INFO - Processing file /home/airflow/.local/lib/python3.12/site-packages/airflow/example_dags/example_skip_dag.py for tasks to queue
[2026-04-02T16:26:44.988+0000] {logging_mixin.py:188} INFO - [2026-04-02T16:26:44.988+0000] {dagbag.py:540} INFO - Filling up the DagBag from /home/airflow/.local/lib/python3.12/site-packages/airflow/example_dags/example_skip_dag.py
[2026-04-02T16:26:44.992+0000] {processor.py:840} INFO - DAG(s) 'example_skip_dag' retrieved from /home/airflow/.local/lib/python3.12/site-packages/airflow/example_dags/example_skip_dag.py
[2026-04-02T16:26:45.006+0000] {logging_mixin.py:188} INFO - [2026-04-02T16:26:45.006+0000] {dag.py:3096} INFO - Sync 1 DAGs
[2026-04-02T16:26:45.017+0000] {logging_mixin.py:188} INFO - [2026-04-02T16:26:45.017+0000] {dag.py:3954} INFO - Setting next_dagrun for example_skip_dag to 2026-04-01 00:00:00+00:00, run_after=2026-04-02 00:00:00+00:00
[2026-04-02T16:26:45.029+0000] {processor.py:183} INFO - Processing /home/airflow/.local/lib/python3.12/site-packages/airflow/example_dags/example_skip_dag.py took 0.046 seconds
[2026-04-02T16:27:15.201+0000] {processor.py:161} INFO - Started process (PID=830) to work on /home/airflow/.local/lib/python3.12/site-packages/airflow/example_dags/example_skip_dag.py
[2026-04-02T16:27:15.201+0000] {processor.py:830} INFO - Processing file /home/airflow/.local/lib/python3.12/site-packages/airflow/example_dags/example_skip_dag.py for tasks to queue
[2026-04-02T16:27:15.204+0000] {logging_mixin.py:188} INFO - [2026-04-02T16:27:15.204+0000] {dagbag.py:540} INFO - Filling up the DagBag from /home/airflow/.local/lib/python3.12/site-packages/airflow/example_dags/example_skip_dag.py
[2026-04-02T16:27:15.208+0000] {processor.py:840} INFO - DAG(s) 'example_skip_dag' retrieved from /home/airflow/.local/lib/python3.12/site-packages/airflow/example_dags/example_skip_dag.py
[2026-04-02T16:27:15.228+0000] {logging_mixin.py:188} INFO - [2026-04-02T16:27:15.228+0000] {dag.py:3096} INFO - Sync 1 DAGs
[2026-04-02T16:27:15.240+0000] {logging_mixin.py:188} INFO - [2026-04-02T16:27:15.240+0000] {dag.py:3954} INFO - Setting next_dagrun for example_skip_dag to 2026-04-01 00:00:00+00:00, run_after=2026-04-02 00:00:00+00:00
[2026-04-02T16:27:15.351+0000] {processor.py:183} INFO - Processing /home/airflow/.local/lib/python3.12/site-packages/airflow/example_dags/example_skip_dag.py took 0.154 seconds
[2026-04-02T16:27:45.435+0000] {processor.py:161} INFO - Started process (PID=888) to work on /home/airflow/.local/lib/python3.12/site-packages/airflow/example_dags/example_skip_dag.py
[2026-04-02T16:27:45.436+0000] {processor.py:830} INFO - Processing file /home/airflow/.local/lib/python3.12/site-packages/airflow/example_dags/example_skip_dag.py for tasks to queue
[2026-04-02T16:27:45.437+0000] {logging_mixin.py:188} INFO - [2026-04-02T16:27:45.437+0000] {dagbag.py:540} INFO - Filling up the DagBag from /home/airflow/.local/lib/python3.12/site-packages/airflow/example_dags/example_skip_dag.py
[2026-04-02T16:27:45.440+0000] {processor.py:840} INFO - DAG(s) 'example_skip_dag' retrieved from /home/airflow/.local/lib/python3.12/site-packages/airflow/example_dags/example_skip_dag.py
[2026-04-02T16:27:45.451+0000] {logging_mixin.py:188} INFO - [2026-04-02T16:27:45.451+0000] {dag.py:3096} INFO - Sync 1 DAGs
[2026-04-02T16:27:45.462+0000] {logging_mixin.py:188} INFO - [2026-04-02T16:27:45.462+0000] {dag.py:3954} INFO - Setting next_dagrun for example_skip_dag to 2026-04-01 00:00:00+00:00, run_after=2026-04-02 00:00:00+00:00
[2026-04-02T16:27:45.475+0000] {processor.py:183} INFO - Processing /home/airflow/.local/lib/python3.12/site-packages/airflow/example_dags/example_skip_dag.py took 0.044 seconds
[2026-04-02T16:28:16.154+0000] {processor.py:161} INFO - Started process (PID=946) to work on /home/airflow/.local/lib/python3.12/site-packages/airflow/example_dags/example_skip_dag.py
[2026-04-02T16:28:16.154+0000] {processor.py:830} INFO - Processing file /home/airflow/.local/lib/python3.12/site-packages/airflow/example_dags/example_skip_dag.py for tasks to queue
[2026-04-02T16:28:16.155+0000] {logging_mixin.py:188} INFO - [2026-04-02T16:28:16.155+0000] {dagbag.py:540} INFO - Filling up the DagBag from /home/airflow/.local/lib/python3.12/site-packages/airflow/example_dags/example_skip_dag.py
[2026-04-02T16:28:16.159+0000] {processor.py:840} INFO - DAG(s) 'example_skip_dag' retrieved from /home/airflow/.local/lib/python3.12/site-packages/airflow/example_dags/example_skip_dag.py
[2026-04-02T16:28:16.166+0000] {logging_mixin.py:188} INFO - [2026-04-02T16:28:16.166+0000] {dag.py:3096} INFO - Sync 1 DAGs
[2026-04-02T16:28:16.177+0000] {logging_mixin.py:188} INFO - [2026-04-02T16:28:16.177+0000] {dag.py:3954} INFO - Setting next_dagrun for example_skip_dag to 2026-04-01 00:00:00+00:00, run_after=2026-04-02 00:00:00+00:00
[2026-04-02T16:28:16.185+0000] {processor.py:183} INFO - Processing /home/airflow/.local/lib/python3.12/site-packages/airflow/example_dags/example_skip_dag.py took 0.034 seconds
[2026-04-02T16:28:47.917+0000] {processor.py:161} INFO - Started process (PID=1004) to work on /home/airflow/.local/lib/python3.12/site-packages/airflow/example_dags/example_skip_dag.py
[2026-04-02T16:28:47.919+0000] {processor.py:830} INFO - Processing file /home/airflow/.local/lib/python3.12/site-packages/airflow/example_dags/example_skip_dag.py for tasks to queue
[2026-04-02T16:28:47.920+0000] {logging_mixin.py:188} INFO - [2026-04-02T16:28:47.919+0000] {dagbag.py:540} INFO - Filling up the DagBag from /home/airflow/.local/lib/python3.12/site-packages/airflow/example_dags/example_skip_dag.py
[2026-04-02T16:28:47.925+0000] {processor.py:840} INFO - DAG(s) 'example_skip_dag' retrieved from /home/airflow/.local/lib/python3.12/site-packages/airflow/example_dags/example_skip_dag.py
[2026-04-02T16:28:48.083+0000] {logging_mixin.py:188} INFO - [2026-04-02T16:28:48.082+0000] {dag.py:3096} INFO - Sync 1 DAGs
[2026-04-02T16:28:48.093+0000] {logging_mixin.py:188} INFO - [2026-04-02T16:28:48.093+0000] {dag.py:3954} INFO - Setting next_dagrun for example_skip_dag to 2026-04-01 00:00:00+00:00, run_after=2026-04-02 00:00:00+00:00
[2026-04-02T16:28:48.105+0000] {processor.py:183} INFO - Processing /home/airflow/.local/lib/python3.12/site-packages/airflow/example_dags/example_skip_dag.py took 0.191 seconds
[2026-04-02T16:29:18.744+0000] {processor.py:161} INFO - Started process (PID=1062) to work on /home/airflow/.local/lib/python3.12/site-packages/airflow/example_dags/example_skip_dag.py
[2026-04-02T16:29:18.745+0000] {processor.py:830} INFO - Processing file /home/airflow/.local/lib/python3.12/site-packages/airflow/example_dags/example_skip_dag.py for tasks to queue
[2026-04-02T16:29:18.747+0000] {logging_mixin.py:188} INFO - [2026-04-02T16:29:18.747+0000] {dagbag.py:540} INFO - Filling up the DagBag from /home/airflow/.local/lib/python3.12/site-packages/airflow/example_dags/example_skip_dag.py
[2026-04-02T16:29:18.751+0000] {processor.py:840} INFO - DAG(s) 'example_skip_dag' retrieved from /home/airflow/.local/lib/python3.12/site-packages/airflow/example_dags/example_skip_dag.py
[2026-04-02T16:29:18.770+0000] {logging_mixin.py:188} INFO - [2026-04-02T16:29:18.770+0000] {dag.py:3096} INFO - Sync 1 DAGs
[2026-04-02T16:29:18.782+0000] {logging_mixin.py:188} INFO - [2026-04-02T16:29:18.782+0000] {dag.py:3954} INFO - Setting next_dagrun for example_skip_dag to 2026-04-01 00:00:00+00:00, run_after=2026-04-02 00:00:00+00:00
[2026-04-02T16:29:18.793+0000] {processor.py:183} INFO - Processing /home/airflow/.local/lib/python3.12/site-packages/airflow/example_dags/example_skip_dag.py took 0.052 seconds
[2026-04-02T16:29:50.187+0000] {processor.py:161} INFO - Started process (PID=1120) to work on /home/airflow/.local/lib/python3.12/site-packages/airflow/example_dags/example_skip_dag.py
[2026-04-02T16:29:50.188+0000] {processor.py:830} INFO - Processing file /home/airflow/.local/lib/python3.12/site-packages/airflow/example_dags/example_skip_dag.py for tasks to queue
[2026-04-02T16:29:50.189+0000] {logging_mixin.py:188} INFO - [2026-04-02T16:29:50.189+0000] {dagbag.py:540} INFO - Filling up the DagBag from /home/airflow/.local/lib/python3.12/site-packages/airflow/example_dags/example_skip_dag.py
[2026-04-02T16:29:50.195+0000] {processor.py:840} INFO - DAG(s) 'example_skip_dag' retrieved from /home/airflow/.local/lib/python3.12/site-packages/airflow/example_dags/example_skip_dag.py
[2026-04-02T16:29:50.214+0000] {logging_mixin.py:188} INFO - [2026-04-02T16:29:50.214+0000] {dag.py:3096} INFO - Sync 1 DAGs
[2026-04-02T16:29:50.321+0000] {logging_mixin.py:188} INFO - [2026-04-02T16:29:50.321+0000] {dag.py:3954} INFO - Setting next_dagrun for example_skip_dag to 2026-04-01 00:00:00+00:00, run_after=2026-04-02 00:00:00+00:00
[2026-04-02T16:29:50.335+0000] {processor.py:183} INFO - Processing /home/airflow/.local/lib/python3.12/site-packages/airflow/example_dags/example_skip_dag.py took 0.153 seconds
[2026-04-02T16:30:21.312+0000] {processor.py:161} INFO - Started process (PID=1178) to work on /home/airflow/.local/lib/python3.12/site-packages/airflow/example_dags/example_skip_dag.py
[2026-04-02T16:30:21.313+0000] {processor.py:830} INFO - Processing file /home/airflow/.local/lib/python3.12/site-packages/airflow/example_dags/example_skip_dag.py for tasks to queue
[2026-04-02T16:30:21.315+0000] {logging_mixin.py:188} INFO - [2026-04-02T16:30:21.315+0000] {dagbag.py:540} INFO - Filling up the DagBag from /home/airflow/.local/lib/python3.12/site-packages/airflow/example_dags/example_skip_dag.py
[2026-04-02T16:30:21.320+0000] {processor.py:840} INFO - DAG(s) 'example_skip_dag' retrieved from /home/airflow/.local/lib/python3.12/site-packages/airflow/example_dags/example_skip_dag.py
[2026-04-02T16:30:21.340+0000] {logging_mixin.py:188} INFO - [2026-04-02T16:30:21.339+0000] {dag.py:3096} INFO - Sync 1 DAGs
[2026-04-02T16:30:21.358+0000] {logging_mixin.py:188} INFO - [2026-04-02T16:30:21.358+0000] {dag.py:3954} INFO - Setting next_dagrun for example_skip_dag to 2026-04-01 00:00:00+00:00, run_after=2026-04-02 00:00:00+00:00
[2026-04-02T16:30:21.472+0000] {processor.py:183} INFO - Processing /home/airflow/.local/lib/python3.12/site-packages/airflow/example_dags/example_skip_dag.py took 0.164 seconds
[2026-04-02T16:30:52.266+0000] {processor.py:161} INFO - Started process (PID=1236) to work on /home/airflow/.local/lib/python3.12/site-packages/airflow/example_dags/example_skip_dag.py
[2026-04-02T16:30:52.267+0000] {processor.py:830} INFO - Processing file /home/airflow/.local/lib/python3.12/site-packages/airflow/example_dags/example_skip_dag.py for tasks to queue
[2026-04-02T16:30:52.268+0000] {logging_mixin.py:188} INFO - [2026-04-02T16:30:52.268+0000] {dagbag.py:540} INFO - Filling up the DagBag from /home/airflow/.local/lib/python3.12/site-packages/airflow/example_dags/example_skip_dag.py
[2026-04-02T16:30:52.271+0000] {processor.py:840} INFO - DAG(s) 'example_skip_dag' retrieved from /home/airflow/.local/lib/python3.12/site-packages/airflow/example_dags/example_skip_dag.py
[2026-04-02T16:30:52.285+0000] {logging_mixin.py:188} INFO - [2026-04-02T16:30:52.285+0000] {dag.py:3096} INFO - Sync 1 DAGs
[2026-04-02T16:30:52.297+0000] {logging_mixin.py:188} INFO - [2026-04-02T16:30:52.296+0000] {dag.py:3954} INFO - Setting next_dagrun for example_skip_dag to 2026-04-01 00:00:00+00:00, run_after=2026-04-02 00:00:00+00:00
[2026-04-02T16:30:52.308+0000] {processor.py:183} INFO - Processing /home/airflow/.local/lib/python3.12/site-packages/airflow/example_dags/example_skip_dag.py took 0.045 seconds
[2026-04-02T16:31:22.837+0000] {processor.py:161} INFO - Started process (PID=1294) to work on /home/airflow/.local/lib/python3.12/site-packages/airflow/example_dags/example_skip_dag.py
[2026-04-02T16:31:22.838+0000] {processor.py:830} INFO - Processing file /home/airflow/.local/lib/python3.12/site-packages/airflow/example_dags/example_skip_dag.py for tasks to queue
[2026-04-02T16:31:22.839+0000] {logging_mixin.py:188} INFO - [2026-04-02T16:31:22.839+0000] {dagbag.py:540} INFO - Filling up the DagBag from /home/airflow/.local/lib/python3.12/site-packages/airflow/example_dags/example_skip_dag.py
[2026-04-02T16:31:22.844+0000] {processor.py:840} INFO - DAG(s) 'example_skip_dag' retrieved from /home/airflow/.local/lib/python3.12/site-packages/airflow/example_dags/example_skip_dag.py
[2026-04-02T16:31:22.859+0000] {logging_mixin.py:188} INFO - [2026-04-02T16:31:22.859+0000] {dag.py:3096} INFO - Sync 1 DAGs
[2026-04-02T16:31:22.870+0000] {logging_mixin.py:188} INFO - [2026-04-02T16:31:22.870+0000] {dag.py:3954} INFO - Setting next_dagrun for example_skip_dag to 2026-04-01 00:00:00+00:00, run_after=2026-04-02 00:00:00+00:00
[2026-04-02T16:31:22.879+0000] {processor.py:183} INFO - Processing /home/airflow/.local/lib/python3.12/site-packages/airflow/example_dags/example_skip_dag.py took 0.047 seconds
[2026-04-02T16:31:53.498+0000] {processor.py:161} INFO - Started process (PID=1352) to work on /home/airflow/.local/lib/python3.12/site-packages/airflow/example_dags/example_skip_dag.py
[2026-04-02T16:31:53.499+0000] {processor.py:830} INFO - Processing file /home/airflow/.local/lib/python3.12/site-packages/airflow/example_dags/example_skip_dag.py for tasks to queue
[2026-04-02T16:31:53.500+0000] {logging_mixin.py:188} INFO - [2026-04-02T16:31:53.500+0000] {dagbag.py:540} INFO - Filling up the DagBag from /home/airflow/.local/lib/python3.12/site-packages/airflow/example_dags/example_skip_dag.py
[2026-04-02T16:31:53.504+0000] {processor.py:840} INFO - DAG(s) 'example_skip_dag' retrieved from /home/airflow/.local/lib/python3.12/site-packages/airflow/example_dags/example_skip_dag.py
[2026-04-02T16:31:53.518+0000] {logging_mixin.py:188} INFO - [2026-04-02T16:31:53.518+0000] {dag.py:3096} INFO - Sync 1 DAGs
[2026-04-02T16:31:53.529+0000] {logging_mixin.py:188} INFO - [2026-04-02T16:31:53.529+0000] {dag.py:3954} INFO - Setting next_dagrun for example_skip_dag to 2026-04-01 00:00:00+00:00, run_after=2026-04-02 00:00:00+00:00
[2026-04-02T16:31:53.538+0000] {processor.py:183} INFO - Processing /home/airflow/.local/lib/python3.12/site-packages/airflow/example_dags/example_skip_dag.py took 0.045 seconds
[2026-04-02T16:32:24.285+0000] {processor.py:161} INFO - Started process (PID=1410) to work on /home/airflow/.local/lib/python3.12/site-packages/airflow/example_dags/example_skip_dag.py
[2026-04-02T16:32:24.286+0000] {processor.py:830} INFO - Processing file /home/airflow/.local/lib/python3.12/site-packages/airflow/example_dags/example_skip_dag.py for tasks to queue
[2026-04-02T16:32:24.288+0000] {logging_mixin.py:188} INFO - [2026-04-02T16:32:24.287+0000] {dagbag.py:540} INFO - Filling up the DagBag from /home/airflow/.local/lib/python3.12/site-packages/airflow/example_dags/example_skip_dag.py
[2026-04-02T16:32:24.293+0000] {processor.py:840} INFO - DAG(s) 'example_skip_dag' retrieved from /home/airflow/.local/lib/python3.12/site-packages/airflow/example_dags/example_skip_dag.py
[2026-04-02T16:32:24.307+0000] {logging_mixin.py:188} INFO - [2026-04-02T16:32:24.307+0000] {dag.py:3096} INFO - Sync 1 DAGs
[2026-04-02T16:32:24.320+0000] {logging_mixin.py:188} INFO - [2026-04-02T16:32:24.320+0000] {dag.py:3954} INFO - Setting next_dagrun for example_skip_dag to 2026-04-01 00:00:00+00:00, run_after=2026-04-02 00:00:00+00:00
[2026-04-02T16:32:24.329+0000] {processor.py:183} INFO - Processing /home/airflow/.local/lib/python3.12/site-packages/airflow/example_dags/example_skip_dag.py took 0.049 seconds
[2026-04-02T16:32:54.923+0000] {processor.py:161} INFO - Started process (PID=1468) to work on /home/airflow/.local/lib/python3.12/site-packages/airflow/example_dags/example_skip_dag.py
[2026-04-02T16:32:54.924+0000] {processor.py:830} INFO - Processing file /home/airflow/.local/lib/python3.12/site-packages/airflow/example_dags/example_skip_dag.py for tasks to queue
[2026-04-02T16:32:54.926+0000] {logging_mixin.py:188} INFO - [2026-04-02T16:32:54.925+0000] {dagbag.py:540} INFO - Filling up the DagBag from /home/airflow/.local/lib/python3.12/site-packages/airflow/example_dags/example_skip_dag.py
[2026-04-02T16:32:54.931+0000] {processor.py:840} INFO - DAG(s) 'example_skip_dag' retrieved from /home/airflow/.local/lib/python3.12/site-packages/airflow/example_dags/example_skip_dag.py
[2026-04-02T16:32:54.946+0000] {logging_mixin.py:188} INFO - [2026-04-02T16:32:54.946+0000] {dag.py:3096} INFO - Sync 1 DAGs
[2026-04-02T16:32:54.956+0000] {logging_mixin.py:188} INFO - [2026-04-02T16:32:54.956+0000] {dag.py:3954} INFO - Setting next_dagrun for example_skip_dag to 2026-04-01 00:00:00+00:00, run_after=2026-04-02 00:00:00+00:00
[2026-04-02T16:32:54.964+0000] {processor.py:183} INFO - Processing /home/airflow/.local/lib/python3.12/site-packages/airflow/example_dags/example_skip_dag.py took 0.047 seconds
[2026-04-02T16:33:25.429+0000] {processor.py:161} INFO - Started process (PID=1526) to work on /home/airflow/.local/lib/python3.12/site-packages/airflow/example_dags/example_skip_dag.py
[2026-04-02T16:33:25.430+0000] {processor.py:830} INFO - Processing file /home/airflow/.local/lib/python3.12/site-packages/airflow/example_dags/example_skip_dag.py for tasks to queue
[2026-04-02T16:33:25.432+0000] {logging_mixin.py:188} INFO - [2026-04-02T16:33:25.431+0000] {dagbag.py:540} INFO - Filling up the DagBag from /home/airflow/.local/lib/python3.12/site-packages/airflow/example_dags/example_skip_dag.py
[2026-04-02T16:33:25.436+0000] {processor.py:840} INFO - DAG(s) 'example_skip_dag' retrieved from /home/airflow/.local/lib/python3.12/site-packages/airflow/example_dags/example_skip_dag.py
[2026-04-02T16:33:25.450+0000] {logging_mixin.py:188} INFO - [2026-04-02T16:33:25.450+0000] {dag.py:3096} INFO - Sync 1 DAGs
[2026-04-02T16:33:25.461+0000] {logging_mixin.py:188} INFO - [2026-04-02T16:33:25.461+0000] {dag.py:3954} INFO - Setting next_dagrun for example_skip_dag to 2026-04-01 00:00:00+00:00, run_after=2026-04-02 00:00:00+00:00
[2026-04-02T16:33:25.469+0000] {processor.py:183} INFO - Processing /home/airflow/.local/lib/python3.12/site-packages/airflow/example_dags/example_skip_dag.py took 0.046 seconds
[2026-04-02T16:33:56.124+0000] {processor.py:161} INFO - Started process (PID=1584) to work on /home/airflow/.local/lib/python3.12/site-packages/airflow/example_dags/example_skip_dag.py
[2026-04-02T16:33:56.125+0000] {processor.py:830} INFO - Processing file /home/airflow/.local/lib/python3.12/site-packages/airflow/example_dags/example_skip_dag.py for tasks to queue
[2026-04-02T16:33:56.126+0000] {logging_mixin.py:188} INFO - [2026-04-02T16:33:56.126+0000] {dagbag.py:540} INFO - Filling up the DagBag from /home/airflow/.local/lib/python3.12/site-packages/airflow/example_dags/example_skip_dag.py
[2026-04-02T16:33:56.133+0000] {processor.py:840} INFO - DAG(s) 'example_skip_dag' retrieved from /home/airflow/.local/lib/python3.12/site-packages/airflow/example_dags/example_skip_dag.py
[2026-04-02T16:33:56.148+0000] {logging_mixin.py:188} INFO - [2026-04-02T16:33:56.148+0000] {dag.py:3096} INFO - Sync 1 DAGs
[2026-04-02T16:33:56.159+0000] {logging_mixin.py:188} INFO - [2026-04-02T16:33:56.159+0000] {dag.py:3954} INFO - Setting next_dagrun for example_skip_dag to 2026-04-01 00:00:00+00:00, run_after=2026-04-02 00:00:00+00:00
[2026-04-02T16:33:56.168+0000] {processor.py:183} INFO - Processing /home/airflow/.local/lib/python3.12/site-packages/airflow/example_dags/example_skip_dag.py took 0.051 seconds
[2026-04-02T16:34:26.808+0000] {processor.py:161} INFO - Started process (PID=1642) to work on /home/airflow/.local/lib/python3.12/site-packages/airflow/example_dags/example_skip_dag.py
[2026-04-02T16:34:26.809+0000] {processor.py:830} INFO - Processing file /home/airflow/.local/lib/python3.12/site-packages/airflow/example_dags/example_skip_dag.py for tasks to queue
[2026-04-02T16:34:26.810+0000] {logging_mixin.py:188} INFO - [2026-04-02T16:34:26.810+0000] {dagbag.py:540} INFO - Filling up the DagBag from /home/airflow/.local/lib/python3.12/site-packages/airflow/example_dags/example_skip_dag.py
[2026-04-02T16:34:26.815+0000] {processor.py:840} INFO - DAG(s) 'example_skip_dag' retrieved from /home/airflow/.local/lib/python3.12/site-packages/airflow/example_dags/example_skip_dag.py
[2026-04-02T16:34:26.830+0000] {logging_mixin.py:188} INFO - [2026-04-02T16:34:26.829+0000] {dag.py:3096} INFO - Sync 1 DAGs
[2026-04-02T16:34:26.840+0000] {logging_mixin.py:188} INFO - [2026-04-02T16:34:26.840+0000] {dag.py:3954} INFO - Setting next_dagrun for example_skip_dag to 2026-04-01 00:00:00+00:00, run_after=2026-04-02 00:00:00+00:00
[2026-04-02T16:34:26.850+0000] {processor.py:183} INFO - Processing /home/airflow/.local/lib/python3.12/site-packages/airflow/example_dags/example_skip_dag.py took 0.049 seconds
[2026-04-02T16:34:57.505+0000] {processor.py:161} INFO - Started process (PID=1700) to work on /home/airflow/.local/lib/python3.12/site-packages/airflow/example_dags/example_skip_dag.py
[2026-04-02T16:34:57.506+0000] {processor.py:830} INFO - Processing file /home/airflow/.local/lib/python3.12/site-packages/airflow/example_dags/example_skip_dag.py for tasks to queue
[2026-04-02T16:34:57.507+0000] {logging_mixin.py:188} INFO - [2026-04-02T16:34:57.507+0000] {dagbag.py:540} INFO - Filling up the DagBag from /home/airflow/.local/lib/python3.12/site-packages/airflow/example_dags/example_skip_dag.py
[2026-04-02T16:34:57.515+0000] {processor.py:840} INFO - DAG(s) 'example_skip_dag' retrieved from /home/airflow/.local/lib/python3.12/site-packages/airflow/example_dags/example_skip_dag.py
[2026-04-02T16:34:57.528+0000] {logging_mixin.py:188} INFO - [2026-04-02T16:34:57.528+0000] {dag.py:3096} INFO - Sync 1 DAGs
[2026-04-02T16:34:57.538+0000] {logging_mixin.py:188} INFO - [2026-04-02T16:34:57.538+0000] {dag.py:3954} INFO - Setting next_dagrun for example_skip_dag to 2026-04-01 00:00:00+00:00, run_after=2026-04-02 00:00:00+00:00
[2026-04-02T16:34:57.546+0000] {processor.py:183} INFO - Processing /home/airflow/.local/lib/python3.12/site-packages/airflow/example_dags/example_skip_dag.py took 0.048 seconds
[2026-04-02T16:35:28.102+0000] {processor.py:161} INFO - Started process (PID=1758) to work on /home/airflow/.local/lib/python3.12/site-packages/airflow/example_dags/example_skip_dag.py
[2026-04-02T16:35:28.102+0000] {processor.py:830} INFO - Processing file /home/airflow/.local/lib/python3.12/site-packages/airflow/example_dags/example_skip_dag.py for tasks to queue
[2026-04-02T16:35:28.104+0000] {logging_mixin.py:188} INFO - [2026-04-02T16:35:28.103+0000] {dagbag.py:540} INFO - Filling up the DagBag from /home/airflow/.local/lib/python3.12/site-packages/airflow/example_dags/example_skip_dag.py
[2026-04-02T16:35:28.108+0000] {processor.py:840} INFO - DAG(s) 'example_skip_dag' retrieved from /home/airflow/.local/lib/python3.12/site-packages/airflow/example_dags/example_skip_dag.py
[2026-04-02T16:35:28.122+0000] {logging_mixin.py:188} INFO - [2026-04-02T16:35:28.122+0000] {dag.py:3096} INFO - Sync 1 DAGs
[2026-04-02T16:35:28.132+0000] {logging_mixin.py:188} INFO - [2026-04-02T16:35:28.131+0000] {dag.py:3954} INFO - Setting next_dagrun for example_skip_dag to 2026-04-01 00:00:00+00:00, run_after=2026-04-02 00:00:00+00:00
[2026-04-02T16:35:28.140+0000] {processor.py:183} INFO - Processing /home/airflow/.local/lib/python3.12/site-packages/airflow/example_dags/example_skip_dag.py took 0.043 seconds
[2026-04-02T16:35:58.751+0000] {processor.py:161} INFO - Started process (PID=1816) to work on /home/airflow/.local/lib/python3.12/site-packages/airflow/example_dags/example_skip_dag.py
[2026-04-02T16:35:58.752+0000] {processor.py:830} INFO - Processing file /home/airflow/.local/lib/python3.12/site-packages/airflow/example_dags/example_skip_dag.py for tasks to queue
[2026-04-02T16:35:58.753+0000] {logging_mixin.py:188} INFO - [2026-04-02T16:35:58.753+0000] {dagbag.py:540} INFO - Filling up the DagBag from /home/airflow/.local/lib/python3.12/site-packages/airflow/example_dags/example_skip_dag.py
[2026-04-02T16:35:58.757+0000] {processor.py:840} INFO - DAG(s) 'example_skip_dag' retrieved from /home/airflow/.local/lib/python3.12/site-packages/airflow/example_dags/example_skip_dag.py
[2026-04-02T16:35:58.771+0000] {logging_mixin.py:188} INFO - [2026-04-02T16:35:58.771+0000] {dag.py:3096} INFO - Sync 1 DAGs
[2026-04-02T16:35:58.783+0000] {logging_mixin.py:188} INFO - [2026-04-02T16:35:58.783+0000] {dag.py:3954} INFO - Setting next_dagrun for example_skip_dag to 2026-04-01 00:00:00+00:00, run_after=2026-04-02 00:00:00+00:00
[2026-04-02T16:35:58.793+0000] {processor.py:183} INFO - Processing /home/airflow/.local/lib/python3.12/site-packages/airflow/example_dags/example_skip_dag.py took 0.045 seconds
[2026-04-02T16:36:29.381+0000] {processor.py:161} INFO - Started process (PID=1874) to work on /home/airflow/.local/lib/python3.12/site-packages/airflow/example_dags/example_skip_dag.py
[2026-04-02T16:36:29.382+0000] {processor.py:830} INFO - Processing file /home/airflow/.local/lib/python3.12/site-packages/airflow/example_dags/example_skip_dag.py for tasks to queue
[2026-04-02T16:36:29.384+0000] {logging_mixin.py:188} INFO - [2026-04-02T16:36:29.384+0000] {dagbag.py:540} INFO - Filling up the DagBag from /home/airflow/.local/lib/python3.12/site-packages/airflow/example_dags/example_skip_dag.py
[2026-04-02T16:36:29.390+0000] {processor.py:840} INFO - DAG(s) 'example_skip_dag' retrieved from /home/airflow/.local/lib/python3.12/site-packages/airflow/example_dags/example_skip_dag.py
[2026-04-02T16:36:29.408+0000] {logging_mixin.py:188} INFO - [2026-04-02T16:36:29.408+0000] {dag.py:3096} INFO - Sync 1 DAGs
[2026-04-02T16:36:29.419+0000] {logging_mixin.py:188} INFO - [2026-04-02T16:36:29.419+0000] {dag.py:3954} INFO - Setting next_dagrun for example_skip_dag to 2026-04-01 00:00:00+00:00, run_after=2026-04-02 00:00:00+00:00
[2026-04-02T16:36:29.428+0000] {processor.py:183} INFO - Processing /home/airflow/.local/lib/python3.12/site-packages/airflow/example_dags/example_skip_dag.py took 0.053 seconds
[2026-04-02T16:36:59.985+0000] {processor.py:161} INFO - Started process (PID=1932) to work on /home/airflow/.local/lib/python3.12/site-packages/airflow/example_dags/example_skip_dag.py
[2026-04-02T16:36:59.985+0000] {processor.py:830} INFO - Processing file /home/airflow/.local/lib/python3.12/site-packages/airflow/example_dags/example_skip_dag.py for tasks to queue
[2026-04-02T16:36:59.987+0000] {logging_mixin.py:188} INFO - [2026-04-02T16:36:59.986+0000] {dagbag.py:540} INFO - Filling up the DagBag from /home/airflow/.local/lib/python3.12/site-packages/airflow/example_dags/example_skip_dag.py
[2026-04-02T16:36:59.992+0000] {processor.py:840} INFO - DAG(s) 'example_skip_dag' retrieved from /home/airflow/.local/lib/python3.12/site-packages/airflow/example_dags/example_skip_dag.py
[2026-04-02T16:37:00.008+0000] {logging_mixin.py:188} INFO - [2026-04-02T16:37:00.007+0000] {dag.py:3096} INFO - Sync 1 DAGs
[2026-04-02T16:37:00.019+0000] {logging_mixin.py:188} INFO - [2026-04-02T16:37:00.019+0000] {dag.py:3954} INFO - Setting next_dagrun for example_skip_dag to 2026-04-01 00:00:00+00:00, run_after=2026-04-02 00:00:00+00:00
[2026-04-02T16:37:00.029+0000] {processor.py:183} INFO - Processing /home/airflow/.local/lib/python3.12/site-packages/airflow/example_dags/example_skip_dag.py took 0.049 seconds
[2026-04-02T16:37:30.654+0000] {processor.py:161} INFO - Started process (PID=1990) to work on /home/airflow/.local/lib/python3.12/site-packages/airflow/example_dags/example_skip_dag.py
[2026-04-02T16:37:30.655+0000] {processor.py:830} INFO - Processing file /home/airflow/.local/lib/python3.12/site-packages/airflow/example_dags/example_skip_dag.py for tasks to queue
[2026-04-02T16:37:30.657+0000] {logging_mixin.py:188} INFO - [2026-04-02T16:37:30.656+0000] {dagbag.py:540} INFO - Filling up the DagBag from /home/airflow/.local/lib/python3.12/site-packages/airflow/example_dags/example_skip_dag.py
[2026-04-02T16:37:30.663+0000] {processor.py:840} INFO - DAG(s) 'example_skip_dag' retrieved from /home/airflow/.local/lib/python3.12/site-packages/airflow/example_dags/example_skip_dag.py
[2026-04-02T16:37:30.680+0000] {logging_mixin.py:188} INFO - [2026-04-02T16:37:30.680+0000] {dag.py:3096} INFO - Sync 1 DAGs
[2026-04-02T16:37:30.690+0000] {logging_mixin.py:188} INFO - [2026-04-02T16:37:30.690+0000] {dag.py:3954} INFO - Setting next_dagrun for example_skip_dag to 2026-04-01 00:00:00+00:00, run_after=2026-04-02 00:00:00+00:00
[2026-04-02T16:37:30.698+0000] {processor.py:183} INFO - Processing /home/airflow/.local/lib/python3.12/site-packages/airflow/example_dags/example_skip_dag.py took 0.051 seconds
[2026-04-02T16:38:01.217+0000] {processor.py:161} INFO - Started process (PID=2048) to work on /home/airflow/.local/lib/python3.12/site-packages/airflow/example_dags/example_skip_dag.py
[2026-04-02T16:38:01.218+0000] {processor.py:830} INFO - Processing file /home/airflow/.local/lib/python3.12/site-packages/airflow/example_dags/example_skip_dag.py for tasks to queue
[2026-04-02T16:38:01.219+0000] {logging_mixin.py:188} INFO - [2026-04-02T16:38:01.219+0000] {dagbag.py:540} INFO - Filling up the DagBag from /home/airflow/.local/lib/python3.12/site-packages/airflow/example_dags/example_skip_dag.py
[2026-04-02T16:38:01.222+0000] {processor.py:840} INFO - DAG(s) 'example_skip_dag' retrieved from /home/airflow/.local/lib/python3.12/site-packages/airflow/example_dags/example_skip_dag.py
[2026-04-02T16:38:01.235+0000] {logging_mixin.py:188} INFO - [2026-04-02T16:38:01.235+0000] {dag.py:3096} INFO - Sync 1 DAGs
[2026-04-02T16:38:01.245+0000] {logging_mixin.py:188} INFO - [2026-04-02T16:38:01.245+0000] {dag.py:3954} INFO - Setting next_dagrun for example_skip_dag to 2026-04-01 00:00:00+00:00, run_after=2026-04-02 00:00:00+00:00
[2026-04-02T16:38:01.255+0000] {processor.py:183} INFO - Processing /home/airflow/.local/lib/python3.12/site-packages/airflow/example_dags/example_skip_dag.py took 0.041 seconds
[2026-04-02T16:38:31.951+0000] {processor.py:161} INFO - Started process (PID=2106) to work on /home/airflow/.local/lib/python3.12/site-packages/airflow/example_dags/example_skip_dag.py
[2026-04-02T16:38:31.952+0000] {processor.py:830} INFO - Processing file /home/airflow/.local/lib/python3.12/site-packages/airflow/example_dags/example_skip_dag.py for tasks to queue
[2026-04-02T16:38:31.954+0000] {logging_mixin.py:188} INFO - [2026-04-02T16:38:31.954+0000] {dagbag.py:540} INFO - Filling up the DagBag from /home/airflow/.local/lib/python3.12/site-packages/airflow/example_dags/example_skip_dag.py
[2026-04-02T16:38:31.959+0000] {processor.py:840} INFO - DAG(s) 'example_skip_dag' retrieved from /home/airflow/.local/lib/python3.12/site-packages/airflow/example_dags/example_skip_dag.py
[2026-04-02T16:38:31.974+0000] {logging_mixin.py:188} INFO - [2026-04-02T16:38:31.974+0000] {dag.py:3096} INFO - Sync 1 DAGs
[2026-04-02T16:38:31.984+0000] {logging_mixin.py:188} INFO - [2026-04-02T16:38:31.984+0000] {dag.py:3954} INFO - Setting next_dagrun for example_skip_dag to 2026-04-01 00:00:00+00:00, run_after=2026-04-02 00:00:00+00:00
[2026-04-02T16:38:31.992+0000] {processor.py:183} INFO - Processing /home/airflow/.local/lib/python3.12/site-packages/airflow/example_dags/example_skip_dag.py took 0.047 seconds
[2026-04-02T16:39:02.660+0000] {processor.py:161} INFO - Started process (PID=2164) to work on /home/airflow/.local/lib/python3.12/site-packages/airflow/example_dags/example_skip_dag.py
[2026-04-02T16:39:02.661+0000] {processor.py:830} INFO - Processing file /home/airflow/.local/lib/python3.12/site-packages/airflow/example_dags/example_skip_dag.py for tasks to queue
[2026-04-02T16:39:02.665+0000] {logging_mixin.py:188} INFO - [2026-04-02T16:39:02.664+0000] {dagbag.py:540} INFO - Filling up the DagBag from /home/airflow/.local/lib/python3.12/site-packages/airflow/example_dags/example_skip_dag.py
[2026-04-02T16:39:02.671+0000] {processor.py:840} INFO - DAG(s) 'example_skip_dag' retrieved from /home/airflow/.local/lib/python3.12/site-packages/airflow/example_dags/example_skip_dag.py
[2026-04-02T16:39:02.684+0000] {logging_mixin.py:188} INFO - [2026-04-02T16:39:02.684+0000] {dag.py:3096} INFO - Sync 1 DAGs
[2026-04-02T16:39:02.695+0000] {logging_mixin.py:188} INFO - [2026-04-02T16:39:02.695+0000] {dag.py:3954} INFO - Setting next_dagrun for example_skip_dag to 2026-04-01 00:00:00+00:00, run_after=2026-04-02 00:00:00+00:00
[2026-04-02T16:39:02.703+0000] {processor.py:183} INFO - Processing /home/airflow/.local/lib/python3.12/site-packages/airflow/example_dags/example_skip_dag.py took 0.048 seconds
[2026-04-02T16:39:33.218+0000] {processor.py:161} INFO - Started process (PID=2222) to work on /home/airflow/.local/lib/python3.12/site-packages/airflow/example_dags/example_skip_dag.py
[2026-04-02T16:39:33.219+0000] {processor.py:830} INFO - Processing file /home/airflow/.local/lib/python3.12/site-packages/airflow/example_dags/example_skip_dag.py for tasks to queue
[2026-04-02T16:39:33.220+0000] {logging_mixin.py:188} INFO - [2026-04-02T16:39:33.220+0000] {dagbag.py:540} INFO - Filling up the DagBag from /home/airflow/.local/lib/python3.12/site-packages/airflow/example_dags/example_skip_dag.py
[2026-04-02T16:39:33.224+0000] {processor.py:840} INFO - DAG(s) 'example_skip_dag' retrieved from /home/airflow/.local/lib/python3.12/site-packages/airflow/example_dags/example_skip_dag.py
[2026-04-02T16:39:33.238+0000] {logging_mixin.py:188} INFO - [2026-04-02T16:39:33.238+0000] {dag.py:3096} INFO - Sync 1 DAGs
[2026-04-02T16:39:33.250+0000] {logging_mixin.py:188} INFO - [2026-04-02T16:39:33.250+0000] {dag.py:3954} INFO - Setting next_dagrun for example_skip_dag to 2026-04-01 00:00:00+00:00, run_after=2026-04-02 00:00:00+00:00
[2026-04-02T16:39:33.258+0000] {processor.py:183} INFO - Processing /home/airflow/.local/lib/python3.12/site-packages/airflow/example_dags/example_skip_dag.py took 0.043 seconds
[2026-04-02T16:40:03.843+0000] {processor.py:161} INFO - Started process (PID=2280) to work on /home/airflow/.local/lib/python3.12/site-packages/airflow/example_dags/example_skip_dag.py
[2026-04-02T16:40:03.844+0000] {processor.py:830} INFO - Processing file /home/airflow/.local/lib/python3.12/site-packages/airflow/example_dags/example_skip_dag.py for tasks to queue
[2026-04-02T16:40:03.845+0000] {logging_mixin.py:188} INFO - [2026-04-02T16:40:03.845+0000] {dagbag.py:540} INFO - Filling up the DagBag from /home/airflow/.local/lib/python3.12/site-packages/airflow/example_dags/example_skip_dag.py
[2026-04-02T16:40:03.849+0000] {processor.py:840} INFO - DAG(s) 'example_skip_dag' retrieved from /home/airflow/.local/lib/python3.12/site-packages/airflow/example_dags/example_skip_dag.py
[2026-04-02T16:40:03.863+0000] {logging_mixin.py:188} INFO - [2026-04-02T16:40:03.863+0000] {dag.py:3096} INFO - Sync 1 DAGs
[2026-04-02T16:40:03.874+0000] {logging_mixin.py:188} INFO - [2026-04-02T16:40:03.873+0000] {dag.py:3954} INFO - Setting next_dagrun for example_skip_dag to 2026-04-01 00:00:00+00:00, run_after=2026-04-02 00:00:00+00:00
[2026-04-02T16:40:03.883+0000] {processor.py:183} INFO - Processing /home/airflow/.local/lib/python3.12/site-packages/airflow/example_dags/example_skip_dag.py took 0.043 seconds
[2026-04-02T16:40:34.540+0000] {processor.py:161} INFO - Started process (PID=2338) to work on /home/airflow/.local/lib/python3.12/site-packages/airflow/example_dags/example_skip_dag.py
[2026-04-02T16:40:34.541+0000] {processor.py:830} INFO - Processing file /home/airflow/.local/lib/python3.12/site-packages/airflow/example_dags/example_skip_dag.py for tasks to queue
[2026-04-02T16:40:34.543+0000] {logging_mixin.py:188} INFO - [2026-04-02T16:40:34.543+0000] {dagbag.py:540} INFO - Filling up the DagBag from /home/airflow/.local/lib/python3.12/site-packages/airflow/example_dags/example_skip_dag.py
[2026-04-02T16:40:34.548+0000] {processor.py:840} INFO - DAG(s) 'example_skip_dag' retrieved from /home/airflow/.local/lib/python3.12/site-packages/airflow/example_dags/example_skip_dag.py
[2026-04-02T16:40:34.562+0000] {logging_mixin.py:188} INFO - [2026-04-02T16:40:34.562+0000] {dag.py:3096} INFO - Sync 1 DAGs
[2026-04-02T16:40:34.574+0000] {logging_mixin.py:188} INFO - [2026-04-02T16:40:34.574+0000] {dag.py:3954} INFO - Setting next_dagrun for example_skip_dag to 2026-04-01 00:00:00+00:00, run_after=2026-04-02 00:00:00+00:00
[2026-04-02T16:40:34.582+0000] {processor.py:183} INFO - Processing /home/airflow/.local/lib/python3.12/site-packages/airflow/example_dags/example_skip_dag.py took 0.046 seconds
[2026-04-02T16:41:05.514+0000] {processor.py:161} INFO - Started process (PID=2396) to work on /home/airflow/.local/lib/python3.12/site-packages/airflow/example_dags/example_skip_dag.py
[2026-04-02T16:41:05.515+0000] {processor.py:830} INFO - Processing file /home/airflow/.local/lib/python3.12/site-packages/airflow/example_dags/example_skip_dag.py for tasks to queue
[2026-04-02T16:41:05.517+0000] {logging_mixin.py:188} INFO - [2026-04-02T16:41:05.517+0000] {dagbag.py:540} INFO - Filling up the DagBag from /home/airflow/.local/lib/python3.12/site-packages/airflow/example_dags/example_skip_dag.py
[2026-04-02T16:41:05.526+0000] {processor.py:840} INFO - DAG(s) 'example_skip_dag' retrieved from /home/airflow/.local/lib/python3.12/site-packages/airflow/example_dags/example_skip_dag.py
[2026-04-02T16:41:05.544+0000] {logging_mixin.py:188} INFO - [2026-04-02T16:41:05.544+0000] {dag.py:3096} INFO - Sync 1 DAGs
[2026-04-02T16:41:05.555+0000] {logging_mixin.py:188} INFO - [2026-04-02T16:41:05.555+0000] {dag.py:3954} INFO - Setting next_dagrun for example_skip_dag to 2026-04-01 00:00:00+00:00, run_after=2026-04-02 00:00:00+00:00
[2026-04-02T16:41:05.568+0000] {processor.py:183} INFO - Processing /home/airflow/.local/lib/python3.12/site-packages/airflow/example_dags/example_skip_dag.py took 0.061 seconds
[2026-04-02T16:41:36.350+0000] {processor.py:161} INFO - Started process (PID=2454) to work on /home/airflow/.local/lib/python3.12/site-packages/airflow/example_dags/example_skip_dag.py
[2026-04-02T16:41:36.351+0000] {processor.py:830} INFO - Processing file /home/airflow/.local/lib/python3.12/site-packages/airflow/example_dags/example_skip_dag.py for tasks to queue
[2026-04-02T16:41:36.352+0000] {logging_mixin.py:188} INFO - [2026-04-02T16:41:36.352+0000] {dagbag.py:540} INFO - Filling up the DagBag from /home/airflow/.local/lib/python3.12/site-packages/airflow/example_dags/example_skip_dag.py
[2026-04-02T16:41:36.356+0000] {processor.py:840} INFO - DAG(s) 'example_skip_dag' retrieved from /home/airflow/.local/lib/python3.12/site-packages/airflow/example_dags/example_skip_dag.py
[2026-04-02T16:41:36.377+0000] {logging_mixin.py:188} INFO - [2026-04-02T16:41:36.377+0000] {dag.py:3096} INFO - Sync 1 DAGs
[2026-04-02T16:41:36.391+0000] {logging_mixin.py:188} INFO - [2026-04-02T16:41:36.391+0000] {dag.py:3954} INFO - Setting next_dagrun for example_skip_dag to 2026-04-01 00:00:00+00:00, run_after=2026-04-02 00:00:00+00:00
[2026-04-02T16:41:36.409+0000] {processor.py:183} INFO - Processing /home/airflow/.local/lib/python3.12/site-packages/airflow/example_dags/example_skip_dag.py took 0.063 seconds
[2026-04-02T16:42:07.259+0000] {processor.py:161} INFO - Started process (PID=2518) to work on /home/airflow/.local/lib/python3.12/site-packages/airflow/example_dags/example_skip_dag.py
[2026-04-02T16:42:07.260+0000] {processor.py:830} INFO - Processing file /home/airflow/.local/lib/python3.12/site-packages/airflow/example_dags/example_skip_dag.py for tasks to queue
[2026-04-02T16:42:07.262+0000] {logging_mixin.py:188} INFO - [2026-04-02T16:42:07.262+0000] {dagbag.py:540} INFO - Filling up the DagBag from /home/airflow/.local/lib/python3.12/site-packages/airflow/example_dags/example_skip_dag.py
[2026-04-02T16:42:07.268+0000] {processor.py:840} INFO - DAG(s) 'example_skip_dag' retrieved from /home/airflow/.local/lib/python3.12/site-packages/airflow/example_dags/example_skip_dag.py
[2026-04-02T16:42:07.291+0000] {logging_mixin.py:188} INFO - [2026-04-02T16:42:07.291+0000] {dag.py:3096} INFO - Sync 1 DAGs
[2026-04-02T16:42:07.308+0000] {logging_mixin.py:188} INFO - [2026-04-02T16:42:07.308+0000] {dag.py:3954} INFO - Setting next_dagrun for example_skip_dag to 2026-04-01 00:00:00+00:00, run_after=2026-04-02 00:00:00+00:00
[2026-04-02T16:42:07.322+0000] {processor.py:183} INFO - Processing /home/airflow/.local/lib/python3.12/site-packages/airflow/example_dags/example_skip_dag.py took 0.068 seconds
[2026-04-02T16:42:38.233+0000] {processor.py:161} INFO - Started process (PID=2576) to work on /home/airflow/.local/lib/python3.12/site-packages/airflow/example_dags/example_skip_dag.py
[2026-04-02T16:42:38.233+0000] {processor.py:830} INFO - Processing file /home/airflow/.local/lib/python3.12/site-packages/airflow/example_dags/example_skip_dag.py for tasks to queue
[2026-04-02T16:42:38.234+0000] {logging_mixin.py:188} INFO - [2026-04-02T16:42:38.234+0000] {dagbag.py:540} INFO - Filling up the DagBag from /home/airflow/.local/lib/python3.12/site-packages/airflow/example_dags/example_skip_dag.py
[2026-04-02T16:42:38.242+0000] {processor.py:840} INFO - DAG(s) 'example_skip_dag' retrieved from /home/airflow/.local/lib/python3.12/site-packages/airflow/example_dags/example_skip_dag.py
[2026-04-02T16:42:38.261+0000] {logging_mixin.py:188} INFO - [2026-04-02T16:42:38.261+0000] {dag.py:3096} INFO - Sync 1 DAGs
[2026-04-02T16:42:38.277+0000] {logging_mixin.py:188} INFO - [2026-04-02T16:42:38.276+0000] {dag.py:3954} INFO - Setting next_dagrun for example_skip_dag to 2026-04-01 00:00:00+00:00, run_after=2026-04-02 00:00:00+00:00
[2026-04-02T16:42:38.290+0000] {processor.py:183} INFO - Processing /home/airflow/.local/lib/python3.12/site-packages/airflow/example_dags/example_skip_dag.py took 0.061 seconds
[2026-04-02T16:43:09.178+0000] {processor.py:161} INFO - Started process (PID=2634) to work on /home/airflow/.local/lib/python3.12/site-packages/airflow/example_dags/example_skip_dag.py
[2026-04-02T16:43:09.179+0000] {processor.py:830} INFO - Processing file /home/airflow/.local/lib/python3.12/site-packages/airflow/example_dags/example_skip_dag.py for tasks to queue
[2026-04-02T16:43:09.180+0000] {logging_mixin.py:188} INFO - [2026-04-02T16:43:09.180+0000] {dagbag.py:540} INFO - Filling up the DagBag from /home/airflow/.local/lib/python3.12/site-packages/airflow/example_dags/example_skip_dag.py
[2026-04-02T16:43:09.187+0000] {processor.py:840} INFO - DAG(s) 'example_skip_dag' retrieved from /home/airflow/.local/lib/python3.12/site-packages/airflow/example_dags/example_skip_dag.py
[2026-04-02T16:43:09.206+0000] {logging_mixin.py:188} INFO - [2026-04-02T16:43:09.206+0000] {dag.py:3096} INFO - Sync 1 DAGs
[2026-04-02T16:43:09.218+0000] {logging_mixin.py:188} INFO - [2026-04-02T16:43:09.218+0000] {dag.py:3954} INFO - Setting next_dagrun for example_skip_dag to 2026-04-01 00:00:00+00:00, run_after=2026-04-02 00:00:00+00:00
[2026-04-02T16:43:09.234+0000] {processor.py:183} INFO - Processing /home/airflow/.local/lib/python3.12/site-packages/airflow/example_dags/example_skip_dag.py took 0.059 seconds
[2026-04-02T16:43:40.087+0000] {processor.py:161} INFO - Started process (PID=2692) to work on /home/airflow/.local/lib/python3.12/site-packages/airflow/example_dags/example_skip_dag.py
[2026-04-02T16:43:40.088+0000] {processor.py:830} INFO - Processing file /home/airflow/.local/lib/python3.12/site-packages/airflow/example_dags/example_skip_dag.py for tasks to queue
[2026-04-02T16:43:40.092+0000] {logging_mixin.py:188} INFO - [2026-04-02T16:43:40.092+0000] {dagbag.py:540} INFO - Filling up the DagBag from /home/airflow/.local/lib/python3.12/site-packages/airflow/example_dags/example_skip_dag.py
[2026-04-02T16:43:40.097+0000] {processor.py:840} INFO - DAG(s) 'example_skip_dag' retrieved from /home/airflow/.local/lib/python3.12/site-packages/airflow/example_dags/example_skip_dag.py
[2026-04-02T16:43:40.129+0000] {logging_mixin.py:188} INFO - [2026-04-02T16:43:40.129+0000] {dag.py:3096} INFO - Sync 1 DAGs
[2026-04-02T16:43:40.140+0000] {logging_mixin.py:188} INFO - [2026-04-02T16:43:40.140+0000] {dag.py:3954} INFO - Setting next_dagrun for example_skip_dag to 2026-04-01 00:00:00+00:00, run_after=2026-04-02 00:00:00+00:00
[2026-04-02T16:43:40.153+0000] {processor.py:183} INFO - Processing /home/airflow/.local/lib/python3.12/site-packages/airflow/example_dags/example_skip_dag.py took 0.070 seconds
