[2026-04-03T00:58:03.527+0000] {processor.py:161} INFO - Started process (PID=5281) to work on /opt/airflow/dags/ingest_fundamentals.py
[2026-04-03T00:58:03.527+0000] {processor.py:830} INFO - Processing file /opt/airflow/dags/ingest_fundamentals.py for tasks to queue
[2026-04-03T00:58:03.527+0000] {logging_mixin.py:188} INFO - [2026-04-03T00:58:03.527+0000] {dagbag.py:540} INFO - Filling up the DagBag from /opt/airflow/dags/ingest_fundamentals.py
[2026-04-03T00:58:03.536+0000] {processor.py:840} INFO - DAG(s) 'ingest_fundamentals' retrieved from /opt/airflow/dags/ingest_fundamentals.py
[2026-04-03T00:58:03.583+0000] {logging_mixin.py:188} INFO - [2026-04-03T00:58:03.583+0000] {override.py:1829} INFO - Created Permission View: can edit on DAG:ingest_fundamentals
[2026-04-03T00:58:03.586+0000] {logging_mixin.py:188} INFO - [2026-04-03T00:58:03.586+0000] {override.py:1829} INFO - Created Permission View: can read on DAG:ingest_fundamentals
[2026-04-03T00:58:03.588+0000] {logging_mixin.py:188} INFO - [2026-04-03T00:58:03.588+0000] {override.py:1829} INFO - Created Permission View: can delete on DAG:ingest_fundamentals
[2026-04-03T00:58:03.589+0000] {logging_mixin.py:188} INFO - [2026-04-03T00:58:03.589+0000] {dag.py:3096} INFO - Sync 1 DAGs
[2026-04-03T00:58:03.593+0000] {logging_mixin.py:188} INFO - [2026-04-03T00:58:03.593+0000] {dag.py:3118} INFO - Creating ORM DAG for ingest_fundamentals
[2026-04-03T00:58:03.598+0000] {logging_mixin.py:188} INFO - [2026-04-03T00:58:03.598+0000] {dag.py:3954} INFO - Setting next_dagrun for ingest_fundamentals to 2026-03-22 20:00:00+00:00, run_after=2026-03-29 20:00:00+00:00
[2026-04-03T00:58:03.604+0000] {processor.py:183} INFO - Processing /opt/airflow/dags/ingest_fundamentals.py took 0.081 seconds
[2026-04-03T00:58:33.635+0000] {processor.py:161} INFO - Started process (PID=5342) to work on /opt/airflow/dags/ingest_fundamentals.py
[2026-04-03T00:58:33.635+0000] {processor.py:830} INFO - Processing file /opt/airflow/dags/ingest_fundamentals.py for tasks to queue
[2026-04-03T00:58:33.636+0000] {logging_mixin.py:188} INFO - [2026-04-03T00:58:33.635+0000] {dagbag.py:540} INFO - Filling up the DagBag from /opt/airflow/dags/ingest_fundamentals.py
[2026-04-03T00:58:33.641+0000] {processor.py:840} INFO - DAG(s) 'ingest_fundamentals' retrieved from /opt/airflow/dags/ingest_fundamentals.py
[2026-04-03T00:58:33.651+0000] {logging_mixin.py:188} INFO - [2026-04-03T00:58:33.651+0000] {dag.py:3096} INFO - Sync 1 DAGs
[2026-04-03T00:58:33.662+0000] {logging_mixin.py:188} INFO - [2026-04-03T00:58:33.662+0000] {dag.py:3954} INFO - Setting next_dagrun for ingest_fundamentals to 2026-03-22 20:00:00+00:00, run_after=2026-03-29 20:00:00+00:00
[2026-04-03T00:58:33.670+0000] {processor.py:183} INFO - Processing /opt/airflow/dags/ingest_fundamentals.py took 0.038 seconds
[2026-04-03T00:59:03.739+0000] {processor.py:161} INFO - Started process (PID=5406) to work on /opt/airflow/dags/ingest_fundamentals.py
[2026-04-03T00:59:03.740+0000] {processor.py:830} INFO - Processing file /opt/airflow/dags/ingest_fundamentals.py for tasks to queue
[2026-04-03T00:59:03.740+0000] {logging_mixin.py:188} INFO - [2026-04-03T00:59:03.740+0000] {dagbag.py:540} INFO - Filling up the DagBag from /opt/airflow/dags/ingest_fundamentals.py
[2026-04-03T00:59:03.744+0000] {processor.py:840} INFO - DAG(s) 'ingest_fundamentals' retrieved from /opt/airflow/dags/ingest_fundamentals.py
[2026-04-03T00:59:03.753+0000] {logging_mixin.py:188} INFO - [2026-04-03T00:59:03.753+0000] {dag.py:3096} INFO - Sync 1 DAGs
[2026-04-03T00:59:03.761+0000] {logging_mixin.py:188} INFO - [2026-04-03T00:59:03.761+0000] {dag.py:3954} INFO - Setting next_dagrun for ingest_fundamentals to 2026-03-29 20:00:00+00:00, run_after=2026-04-05 20:00:00+00:00
[2026-04-03T00:59:03.768+0000] {processor.py:183} INFO - Processing /opt/airflow/dags/ingest_fundamentals.py took 0.031 seconds
[2026-04-03T00:59:33.870+0000] {processor.py:161} INFO - Started process (PID=5466) to work on /opt/airflow/dags/ingest_fundamentals.py
[2026-04-03T00:59:33.871+0000] {processor.py:830} INFO - Processing file /opt/airflow/dags/ingest_fundamentals.py for tasks to queue
[2026-04-03T00:59:33.871+0000] {logging_mixin.py:188} INFO - [2026-04-03T00:59:33.871+0000] {dagbag.py:540} INFO - Filling up the DagBag from /opt/airflow/dags/ingest_fundamentals.py
[2026-04-03T00:59:33.877+0000] {processor.py:840} INFO - DAG(s) 'ingest_fundamentals' retrieved from /opt/airflow/dags/ingest_fundamentals.py
[2026-04-03T00:59:33.889+0000] {logging_mixin.py:188} INFO - [2026-04-03T00:59:33.889+0000] {dag.py:3096} INFO - Sync 1 DAGs
[2026-04-03T00:59:33.900+0000] {logging_mixin.py:188} INFO - [2026-04-03T00:59:33.900+0000] {dag.py:3954} INFO - Setting next_dagrun for ingest_fundamentals to 2026-03-29 20:00:00+00:00, run_after=2026-04-05 20:00:00+00:00
[2026-04-03T00:59:33.908+0000] {processor.py:183} INFO - Processing /opt/airflow/dags/ingest_fundamentals.py took 0.040 seconds
[2026-04-03T01:00:03.956+0000] {processor.py:161} INFO - Started process (PID=5525) to work on /opt/airflow/dags/ingest_fundamentals.py
[2026-04-03T01:00:03.957+0000] {processor.py:830} INFO - Processing file /opt/airflow/dags/ingest_fundamentals.py for tasks to queue
[2026-04-03T01:00:03.957+0000] {logging_mixin.py:188} INFO - [2026-04-03T01:00:03.957+0000] {dagbag.py:540} INFO - Filling up the DagBag from /opt/airflow/dags/ingest_fundamentals.py
[2026-04-03T01:00:03.962+0000] {processor.py:840} INFO - DAG(s) 'ingest_fundamentals' retrieved from /opt/airflow/dags/ingest_fundamentals.py
[2026-04-03T01:00:03.973+0000] {logging_mixin.py:188} INFO - [2026-04-03T01:00:03.973+0000] {dag.py:3096} INFO - Sync 1 DAGs
[2026-04-03T01:00:03.983+0000] {logging_mixin.py:188} INFO - [2026-04-03T01:00:03.983+0000] {dag.py:3954} INFO - Setting next_dagrun for ingest_fundamentals to 2026-03-29 20:00:00+00:00, run_after=2026-04-05 20:00:00+00:00
[2026-04-03T01:00:03.991+0000] {processor.py:183} INFO - Processing /opt/airflow/dags/ingest_fundamentals.py took 0.038 seconds
[2026-04-03T01:00:34.874+0000] {processor.py:161} INFO - Started process (PID=5583) to work on /opt/airflow/dags/ingest_fundamentals.py
[2026-04-03T01:00:34.875+0000] {processor.py:830} INFO - Processing file /opt/airflow/dags/ingest_fundamentals.py for tasks to queue
[2026-04-03T01:00:34.877+0000] {logging_mixin.py:188} INFO - [2026-04-03T01:00:34.877+0000] {dagbag.py:540} INFO - Filling up the DagBag from /opt/airflow/dags/ingest_fundamentals.py
[2026-04-03T01:00:34.891+0000] {processor.py:840} INFO - DAG(s) 'ingest_fundamentals' retrieved from /opt/airflow/dags/ingest_fundamentals.py
[2026-04-03T01:00:34.909+0000] {logging_mixin.py:188} INFO - [2026-04-03T01:00:34.909+0000] {dag.py:3096} INFO - Sync 1 DAGs
[2026-04-03T01:00:34.926+0000] {logging_mixin.py:188} INFO - [2026-04-03T01:00:34.925+0000] {dag.py:3954} INFO - Setting next_dagrun for ingest_fundamentals to 2026-03-29 20:00:00+00:00, run_after=2026-04-05 20:00:00+00:00
[2026-04-03T01:00:34.940+0000] {processor.py:183} INFO - Processing /opt/airflow/dags/ingest_fundamentals.py took 0.070 seconds
[2026-04-03T01:01:04.989+0000] {processor.py:161} INFO - Started process (PID=5643) to work on /opt/airflow/dags/ingest_fundamentals.py
[2026-04-03T01:01:04.990+0000] {processor.py:830} INFO - Processing file /opt/airflow/dags/ingest_fundamentals.py for tasks to queue
[2026-04-03T01:01:04.992+0000] {logging_mixin.py:188} INFO - [2026-04-03T01:01:04.992+0000] {dagbag.py:540} INFO - Filling up the DagBag from /opt/airflow/dags/ingest_fundamentals.py
[2026-04-03T01:01:05.004+0000] {processor.py:840} INFO - DAG(s) 'ingest_fundamentals' retrieved from /opt/airflow/dags/ingest_fundamentals.py
[2026-04-03T01:01:05.021+0000] {logging_mixin.py:188} INFO - [2026-04-03T01:01:05.021+0000] {dag.py:3096} INFO - Sync 1 DAGs
[2026-04-03T01:01:05.039+0000] {logging_mixin.py:188} INFO - [2026-04-03T01:01:05.039+0000] {dag.py:3954} INFO - Setting next_dagrun for ingest_fundamentals to 2026-03-29 20:00:00+00:00, run_after=2026-04-05 20:00:00+00:00
[2026-04-03T01:01:05.050+0000] {processor.py:183} INFO - Processing /opt/airflow/dags/ingest_fundamentals.py took 0.069 seconds
[2026-04-03T01:01:36.025+0000] {processor.py:161} INFO - Started process (PID=5709) to work on /opt/airflow/dags/ingest_fundamentals.py
[2026-04-03T01:01:36.026+0000] {processor.py:830} INFO - Processing file /opt/airflow/dags/ingest_fundamentals.py for tasks to queue
[2026-04-03T01:01:36.027+0000] {logging_mixin.py:188} INFO - [2026-04-03T01:01:36.026+0000] {dagbag.py:540} INFO - Filling up the DagBag from /opt/airflow/dags/ingest_fundamentals.py
[2026-04-03T01:01:36.038+0000] {processor.py:840} INFO - DAG(s) 'ingest_fundamentals' retrieved from /opt/airflow/dags/ingest_fundamentals.py
[2026-04-03T01:01:36.055+0000] {logging_mixin.py:188} INFO - [2026-04-03T01:01:36.055+0000] {dag.py:3096} INFO - Sync 1 DAGs
[2026-04-03T01:01:36.070+0000] {logging_mixin.py:188} INFO - [2026-04-03T01:01:36.069+0000] {dag.py:3954} INFO - Setting next_dagrun for ingest_fundamentals to 2026-03-29 20:00:00+00:00, run_after=2026-04-05 20:00:00+00:00
[2026-04-03T01:01:36.081+0000] {processor.py:183} INFO - Processing /opt/airflow/dags/ingest_fundamentals.py took 0.061 seconds
[2026-04-03T01:02:06.206+0000] {processor.py:161} INFO - Started process (PID=5769) to work on /opt/airflow/dags/ingest_fundamentals.py
[2026-04-03T01:02:06.208+0000] {processor.py:830} INFO - Processing file /opt/airflow/dags/ingest_fundamentals.py for tasks to queue
[2026-04-03T01:02:06.208+0000] {logging_mixin.py:188} INFO - [2026-04-03T01:02:06.208+0000] {dagbag.py:540} INFO - Filling up the DagBag from /opt/airflow/dags/ingest_fundamentals.py
[2026-04-03T01:02:06.218+0000] {processor.py:840} INFO - DAG(s) 'ingest_fundamentals' retrieved from /opt/airflow/dags/ingest_fundamentals.py
[2026-04-03T01:02:06.235+0000] {logging_mixin.py:188} INFO - [2026-04-03T01:02:06.234+0000] {dag.py:3096} INFO - Sync 1 DAGs
[2026-04-03T01:02:06.250+0000] {logging_mixin.py:188} INFO - [2026-04-03T01:02:06.250+0000] {dag.py:3954} INFO - Setting next_dagrun for ingest_fundamentals to 2026-03-29 20:00:00+00:00, run_after=2026-04-05 20:00:00+00:00
[2026-04-03T01:02:06.262+0000] {processor.py:183} INFO - Processing /opt/airflow/dags/ingest_fundamentals.py took 0.061 seconds
[2026-04-03T01:02:36.342+0000] {processor.py:161} INFO - Started process (PID=5829) to work on /opt/airflow/dags/ingest_fundamentals.py
[2026-04-03T01:02:36.343+0000] {processor.py:830} INFO - Processing file /opt/airflow/dags/ingest_fundamentals.py for tasks to queue
[2026-04-03T01:02:36.345+0000] {logging_mixin.py:188} INFO - [2026-04-03T01:02:36.344+0000] {dagbag.py:540} INFO - Filling up the DagBag from /opt/airflow/dags/ingest_fundamentals.py
[2026-04-03T01:02:36.354+0000] {processor.py:840} INFO - DAG(s) 'ingest_fundamentals' retrieved from /opt/airflow/dags/ingest_fundamentals.py
[2026-04-03T01:02:36.377+0000] {logging_mixin.py:188} INFO - [2026-04-03T01:02:36.377+0000] {dag.py:3096} INFO - Sync 1 DAGs
[2026-04-03T01:02:36.393+0000] {logging_mixin.py:188} INFO - [2026-04-03T01:02:36.393+0000] {dag.py:3954} INFO - Setting next_dagrun for ingest_fundamentals to 2026-03-29 20:00:00+00:00, run_after=2026-04-05 20:00:00+00:00
[2026-04-03T01:02:36.410+0000] {processor.py:183} INFO - Processing /opt/airflow/dags/ingest_fundamentals.py took 0.074 seconds
[2026-04-03T01:03:06.428+0000] {processor.py:161} INFO - Started process (PID=5889) to work on /opt/airflow/dags/ingest_fundamentals.py
[2026-04-03T01:03:06.429+0000] {processor.py:830} INFO - Processing file /opt/airflow/dags/ingest_fundamentals.py for tasks to queue
[2026-04-03T01:03:06.430+0000] {logging_mixin.py:188} INFO - [2026-04-03T01:03:06.430+0000] {dagbag.py:540} INFO - Filling up the DagBag from /opt/airflow/dags/ingest_fundamentals.py
[2026-04-03T01:03:06.437+0000] {processor.py:840} INFO - DAG(s) 'ingest_fundamentals' retrieved from /opt/airflow/dags/ingest_fundamentals.py
[2026-04-03T01:03:06.451+0000] {logging_mixin.py:188} INFO - [2026-04-03T01:03:06.451+0000] {dag.py:3096} INFO - Sync 1 DAGs
[2026-04-03T01:03:06.466+0000] {logging_mixin.py:188} INFO - [2026-04-03T01:03:06.466+0000] {dag.py:3954} INFO - Setting next_dagrun for ingest_fundamentals to 2026-03-29 20:00:00+00:00, run_after=2026-04-05 20:00:00+00:00
[2026-04-03T01:03:06.478+0000] {processor.py:183} INFO - Processing /opt/airflow/dags/ingest_fundamentals.py took 0.053 seconds
[2026-04-03T01:03:26.569+0000] {processor.py:161} INFO - Started process (PID=5939) to work on /opt/airflow/dags/ingest_fundamentals.py
[2026-04-03T01:03:26.570+0000] {processor.py:830} INFO - Processing file /opt/airflow/dags/ingest_fundamentals.py for tasks to queue
[2026-04-03T01:03:26.571+0000] {logging_mixin.py:188} INFO - [2026-04-03T01:03:26.570+0000] {dagbag.py:540} INFO - Filling up the DagBag from /opt/airflow/dags/ingest_fundamentals.py
[2026-04-03T01:03:26.581+0000] {processor.py:840} INFO - DAG(s) 'ingest_fundamentals' retrieved from /opt/airflow/dags/ingest_fundamentals.py
[2026-04-03T01:03:26.599+0000] {logging_mixin.py:188} INFO - [2026-04-03T01:03:26.599+0000] {dag.py:3096} INFO - Sync 1 DAGs
[2026-04-03T01:03:26.613+0000] {logging_mixin.py:188} INFO - [2026-04-03T01:03:26.613+0000] {dag.py:3954} INFO - Setting next_dagrun for ingest_fundamentals to 2026-03-29 20:00:00+00:00, run_after=2026-04-05 20:00:00+00:00
[2026-04-03T01:03:26.624+0000] {processor.py:183} INFO - Processing /opt/airflow/dags/ingest_fundamentals.py took 0.060 seconds
[2026-04-03T01:03:56.668+0000] {processor.py:161} INFO - Started process (PID=5999) to work on /opt/airflow/dags/ingest_fundamentals.py
[2026-04-03T01:03:56.669+0000] {processor.py:830} INFO - Processing file /opt/airflow/dags/ingest_fundamentals.py for tasks to queue
[2026-04-03T01:03:56.669+0000] {logging_mixin.py:188} INFO - [2026-04-03T01:03:56.669+0000] {dagbag.py:540} INFO - Filling up the DagBag from /opt/airflow/dags/ingest_fundamentals.py
[2026-04-03T01:03:56.680+0000] {processor.py:840} INFO - DAG(s) 'ingest_fundamentals' retrieved from /opt/airflow/dags/ingest_fundamentals.py
[2026-04-03T01:03:56.696+0000] {logging_mixin.py:188} INFO - [2026-04-03T01:03:56.696+0000] {dag.py:3096} INFO - Sync 1 DAGs
[2026-04-03T01:03:56.706+0000] {logging_mixin.py:188} INFO - [2026-04-03T01:03:56.706+0000] {dag.py:3954} INFO - Setting next_dagrun for ingest_fundamentals to 2026-03-29 20:00:00+00:00, run_after=2026-04-05 20:00:00+00:00
[2026-04-03T01:03:56.715+0000] {processor.py:183} INFO - Processing /opt/airflow/dags/ingest_fundamentals.py took 0.053 seconds
[2026-04-03T01:04:26.849+0000] {processor.py:161} INFO - Started process (PID=6059) to work on /opt/airflow/dags/ingest_fundamentals.py
[2026-04-03T01:04:26.849+0000] {processor.py:830} INFO - Processing file /opt/airflow/dags/ingest_fundamentals.py for tasks to queue
[2026-04-03T01:04:26.850+0000] {logging_mixin.py:188} INFO - [2026-04-03T01:04:26.850+0000] {dagbag.py:540} INFO - Filling up the DagBag from /opt/airflow/dags/ingest_fundamentals.py
[2026-04-03T01:04:26.860+0000] {processor.py:840} INFO - DAG(s) 'ingest_fundamentals' retrieved from /opt/airflow/dags/ingest_fundamentals.py
[2026-04-03T01:04:26.875+0000] {logging_mixin.py:188} INFO - [2026-04-03T01:04:26.875+0000] {dag.py:3096} INFO - Sync 1 DAGs
[2026-04-03T01:04:26.885+0000] {logging_mixin.py:188} INFO - [2026-04-03T01:04:26.885+0000] {dag.py:3954} INFO - Setting next_dagrun for ingest_fundamentals to 2026-03-29 20:00:00+00:00, run_after=2026-04-05 20:00:00+00:00
[2026-04-03T01:04:26.893+0000] {processor.py:183} INFO - Processing /opt/airflow/dags/ingest_fundamentals.py took 0.050 seconds
[2026-04-03T01:04:56.983+0000] {processor.py:161} INFO - Started process (PID=6119) to work on /opt/airflow/dags/ingest_fundamentals.py
[2026-04-03T01:04:56.984+0000] {processor.py:830} INFO - Processing file /opt/airflow/dags/ingest_fundamentals.py for tasks to queue
[2026-04-03T01:04:56.984+0000] {logging_mixin.py:188} INFO - [2026-04-03T01:04:56.984+0000] {dagbag.py:540} INFO - Filling up the DagBag from /opt/airflow/dags/ingest_fundamentals.py
[2026-04-03T01:04:56.993+0000] {processor.py:840} INFO - DAG(s) 'ingest_fundamentals' retrieved from /opt/airflow/dags/ingest_fundamentals.py
[2026-04-03T01:04:57.005+0000] {logging_mixin.py:188} INFO - [2026-04-03T01:04:57.005+0000] {dag.py:3096} INFO - Sync 1 DAGs
[2026-04-03T01:04:57.014+0000] {logging_mixin.py:188} INFO - [2026-04-03T01:04:57.014+0000] {dag.py:3954} INFO - Setting next_dagrun for ingest_fundamentals to 2026-03-29 20:00:00+00:00, run_after=2026-04-05 20:00:00+00:00
[2026-04-03T01:04:57.022+0000] {processor.py:183} INFO - Processing /opt/airflow/dags/ingest_fundamentals.py took 0.041 seconds
[2026-04-03T01:05:27.045+0000] {processor.py:161} INFO - Started process (PID=6179) to work on /opt/airflow/dags/ingest_fundamentals.py
[2026-04-03T01:05:27.046+0000] {processor.py:830} INFO - Processing file /opt/airflow/dags/ingest_fundamentals.py for tasks to queue
[2026-04-03T01:05:27.047+0000] {logging_mixin.py:188} INFO - [2026-04-03T01:05:27.046+0000] {dagbag.py:540} INFO - Filling up the DagBag from /opt/airflow/dags/ingest_fundamentals.py
[2026-04-03T01:05:27.055+0000] {processor.py:840} INFO - DAG(s) 'ingest_fundamentals' retrieved from /opt/airflow/dags/ingest_fundamentals.py
[2026-04-03T01:05:27.071+0000] {logging_mixin.py:188} INFO - [2026-04-03T01:05:27.070+0000] {dag.py:3096} INFO - Sync 1 DAGs
[2026-04-03T01:05:27.083+0000] {logging_mixin.py:188} INFO - [2026-04-03T01:05:27.083+0000] {dag.py:3954} INFO - Setting next_dagrun for ingest_fundamentals to 2026-03-29 20:00:00+00:00, run_after=2026-04-05 20:00:00+00:00
[2026-04-03T01:05:27.093+0000] {processor.py:183} INFO - Processing /opt/airflow/dags/ingest_fundamentals.py took 0.052 seconds
[2026-04-03T01:05:57.328+0000] {processor.py:161} INFO - Started process (PID=6239) to work on /opt/airflow/dags/ingest_fundamentals.py
[2026-04-03T01:05:57.329+0000] {processor.py:830} INFO - Processing file /opt/airflow/dags/ingest_fundamentals.py for tasks to queue
[2026-04-03T01:05:57.330+0000] {logging_mixin.py:188} INFO - [2026-04-03T01:05:57.329+0000] {dagbag.py:540} INFO - Filling up the DagBag from /opt/airflow/dags/ingest_fundamentals.py
[2026-04-03T01:05:57.339+0000] {processor.py:840} INFO - DAG(s) 'ingest_fundamentals' retrieved from /opt/airflow/dags/ingest_fundamentals.py
[2026-04-03T01:05:57.360+0000] {logging_mixin.py:188} INFO - [2026-04-03T01:05:57.359+0000] {dag.py:3096} INFO - Sync 1 DAGs
[2026-04-03T01:05:57.375+0000] {logging_mixin.py:188} INFO - [2026-04-03T01:05:57.374+0000] {dag.py:3954} INFO - Setting next_dagrun for ingest_fundamentals to 2026-03-29 20:00:00+00:00, run_after=2026-04-05 20:00:00+00:00
[2026-04-03T01:05:57.384+0000] {processor.py:183} INFO - Processing /opt/airflow/dags/ingest_fundamentals.py took 0.061 seconds
[2026-04-03T01:06:27.520+0000] {processor.py:161} INFO - Started process (PID=6299) to work on /opt/airflow/dags/ingest_fundamentals.py
[2026-04-03T01:06:27.521+0000] {processor.py:830} INFO - Processing file /opt/airflow/dags/ingest_fundamentals.py for tasks to queue
[2026-04-03T01:06:27.522+0000] {logging_mixin.py:188} INFO - [2026-04-03T01:06:27.521+0000] {dagbag.py:540} INFO - Filling up the DagBag from /opt/airflow/dags/ingest_fundamentals.py
[2026-04-03T01:06:27.531+0000] {processor.py:840} INFO - DAG(s) 'ingest_fundamentals' retrieved from /opt/airflow/dags/ingest_fundamentals.py
[2026-04-03T01:06:27.548+0000] {logging_mixin.py:188} INFO - [2026-04-03T01:06:27.548+0000] {dag.py:3096} INFO - Sync 1 DAGs
[2026-04-03T01:06:27.559+0000] {logging_mixin.py:188} INFO - [2026-04-03T01:06:27.559+0000] {dag.py:3954} INFO - Setting next_dagrun for ingest_fundamentals to 2026-03-29 20:00:00+00:00, run_after=2026-04-05 20:00:00+00:00
[2026-04-03T01:06:27.567+0000] {processor.py:183} INFO - Processing /opt/airflow/dags/ingest_fundamentals.py took 0.053 seconds
[2026-04-03T01:06:57.614+0000] {processor.py:161} INFO - Started process (PID=6359) to work on /opt/airflow/dags/ingest_fundamentals.py
[2026-04-03T01:06:57.614+0000] {processor.py:830} INFO - Processing file /opt/airflow/dags/ingest_fundamentals.py for tasks to queue
[2026-04-03T01:06:57.615+0000] {logging_mixin.py:188} INFO - [2026-04-03T01:06:57.615+0000] {dagbag.py:540} INFO - Filling up the DagBag from /opt/airflow/dags/ingest_fundamentals.py
[2026-04-03T01:06:57.621+0000] {processor.py:840} INFO - DAG(s) 'ingest_fundamentals' retrieved from /opt/airflow/dags/ingest_fundamentals.py
[2026-04-03T01:06:57.633+0000] {logging_mixin.py:188} INFO - [2026-04-03T01:06:57.633+0000] {dag.py:3096} INFO - Sync 1 DAGs
[2026-04-03T01:06:57.646+0000] {logging_mixin.py:188} INFO - [2026-04-03T01:06:57.646+0000] {dag.py:3954} INFO - Setting next_dagrun for ingest_fundamentals to 2026-03-29 20:00:00+00:00, run_after=2026-04-05 20:00:00+00:00
[2026-04-03T01:06:57.655+0000] {processor.py:183} INFO - Processing /opt/airflow/dags/ingest_fundamentals.py took 0.044 seconds
[2026-04-03T01:07:28.390+0000] {processor.py:161} INFO - Started process (PID=6418) to work on /opt/airflow/dags/ingest_fundamentals.py
[2026-04-03T01:07:28.391+0000] {processor.py:830} INFO - Processing file /opt/airflow/dags/ingest_fundamentals.py for tasks to queue
[2026-04-03T01:07:28.392+0000] {logging_mixin.py:188} INFO - [2026-04-03T01:07:28.392+0000] {dagbag.py:540} INFO - Filling up the DagBag from /opt/airflow/dags/ingest_fundamentals.py
[2026-04-03T01:07:28.402+0000] {processor.py:840} INFO - DAG(s) 'ingest_fundamentals' retrieved from /opt/airflow/dags/ingest_fundamentals.py
[2026-04-03T01:07:28.422+0000] {logging_mixin.py:188} INFO - [2026-04-03T01:07:28.422+0000] {dag.py:3096} INFO - Sync 1 DAGs
[2026-04-03T01:07:28.435+0000] {logging_mixin.py:188} INFO - [2026-04-03T01:07:28.435+0000] {dag.py:3954} INFO - Setting next_dagrun for ingest_fundamentals to 2026-03-29 20:00:00+00:00, run_after=2026-04-05 20:00:00+00:00
[2026-04-03T01:07:28.446+0000] {processor.py:183} INFO - Processing /opt/airflow/dags/ingest_fundamentals.py took 0.061 seconds
[2026-04-03T01:07:59.224+0000] {processor.py:161} INFO - Started process (PID=6478) to work on /opt/airflow/dags/ingest_fundamentals.py
[2026-04-03T01:07:59.225+0000] {processor.py:830} INFO - Processing file /opt/airflow/dags/ingest_fundamentals.py for tasks to queue
[2026-04-03T01:07:59.226+0000] {logging_mixin.py:188} INFO - [2026-04-03T01:07:59.226+0000] {dagbag.py:540} INFO - Filling up the DagBag from /opt/airflow/dags/ingest_fundamentals.py
[2026-04-03T01:07:59.236+0000] {processor.py:840} INFO - DAG(s) 'ingest_fundamentals' retrieved from /opt/airflow/dags/ingest_fundamentals.py
[2026-04-03T01:07:59.252+0000] {logging_mixin.py:188} INFO - [2026-04-03T01:07:59.251+0000] {dag.py:3096} INFO - Sync 1 DAGs
[2026-04-03T01:07:59.265+0000] {logging_mixin.py:188} INFO - [2026-04-03T01:07:59.264+0000] {dag.py:3954} INFO - Setting next_dagrun for ingest_fundamentals to 2026-03-29 20:00:00+00:00, run_after=2026-04-05 20:00:00+00:00
[2026-04-03T01:07:59.272+0000] {processor.py:183} INFO - Processing /opt/airflow/dags/ingest_fundamentals.py took 0.053 seconds
[2026-04-03T01:08:30.248+0000] {processor.py:161} INFO - Started process (PID=6539) to work on /opt/airflow/dags/ingest_fundamentals.py
[2026-04-03T01:08:30.249+0000] {processor.py:830} INFO - Processing file /opt/airflow/dags/ingest_fundamentals.py for tasks to queue
[2026-04-03T01:08:30.249+0000] {logging_mixin.py:188} INFO - [2026-04-03T01:08:30.249+0000] {dagbag.py:540} INFO - Filling up the DagBag from /opt/airflow/dags/ingest_fundamentals.py
[2026-04-03T01:08:30.256+0000] {processor.py:840} INFO - DAG(s) 'ingest_fundamentals' retrieved from /opt/airflow/dags/ingest_fundamentals.py
[2026-04-03T01:08:30.278+0000] {logging_mixin.py:188} INFO - [2026-04-03T01:08:30.278+0000] {dag.py:3096} INFO - Sync 1 DAGs
[2026-04-03T01:08:30.289+0000] {logging_mixin.py:188} INFO - [2026-04-03T01:08:30.289+0000] {dag.py:3954} INFO - Setting next_dagrun for ingest_fundamentals to 2026-03-29 20:00:00+00:00, run_after=2026-04-05 20:00:00+00:00
[2026-04-03T01:08:30.297+0000] {processor.py:183} INFO - Processing /opt/airflow/dags/ingest_fundamentals.py took 0.052 seconds
[2026-04-03T01:09:00.316+0000] {processor.py:161} INFO - Started process (PID=6600) to work on /opt/airflow/dags/ingest_fundamentals.py
[2026-04-03T01:09:00.316+0000] {processor.py:830} INFO - Processing file /opt/airflow/dags/ingest_fundamentals.py for tasks to queue
[2026-04-03T01:09:00.317+0000] {logging_mixin.py:188} INFO - [2026-04-03T01:09:00.316+0000] {dagbag.py:540} INFO - Filling up the DagBag from /opt/airflow/dags/ingest_fundamentals.py
[2026-04-03T01:09:00.322+0000] {processor.py:840} INFO - DAG(s) 'ingest_fundamentals' retrieved from /opt/airflow/dags/ingest_fundamentals.py
[2026-04-03T01:09:00.333+0000] {logging_mixin.py:188} INFO - [2026-04-03T01:09:00.333+0000] {dag.py:3096} INFO - Sync 1 DAGs
[2026-04-03T01:09:00.342+0000] {logging_mixin.py:188} INFO - [2026-04-03T01:09:00.342+0000] {dag.py:3954} INFO - Setting next_dagrun for ingest_fundamentals to 2026-03-29 20:00:00+00:00, run_after=2026-04-05 20:00:00+00:00
[2026-04-03T01:09:00.350+0000] {processor.py:183} INFO - Processing /opt/airflow/dags/ingest_fundamentals.py took 0.037 seconds
[2026-04-03T01:09:31.140+0000] {processor.py:161} INFO - Started process (PID=6660) to work on /opt/airflow/dags/ingest_fundamentals.py
[2026-04-03T01:09:31.140+0000] {processor.py:830} INFO - Processing file /opt/airflow/dags/ingest_fundamentals.py for tasks to queue
[2026-04-03T01:09:31.141+0000] {logging_mixin.py:188} INFO - [2026-04-03T01:09:31.141+0000] {dagbag.py:540} INFO - Filling up the DagBag from /opt/airflow/dags/ingest_fundamentals.py
[2026-04-03T01:09:31.146+0000] {processor.py:840} INFO - DAG(s) 'ingest_fundamentals' retrieved from /opt/airflow/dags/ingest_fundamentals.py
[2026-04-03T01:09:31.158+0000] {logging_mixin.py:188} INFO - [2026-04-03T01:09:31.157+0000] {dag.py:3096} INFO - Sync 1 DAGs
[2026-04-03T01:09:31.168+0000] {logging_mixin.py:188} INFO - [2026-04-03T01:09:31.168+0000] {dag.py:3954} INFO - Setting next_dagrun for ingest_fundamentals to 2026-03-29 20:00:00+00:00, run_after=2026-04-05 20:00:00+00:00
[2026-04-03T01:09:31.176+0000] {processor.py:183} INFO - Processing /opt/airflow/dags/ingest_fundamentals.py took 0.039 seconds
[2026-04-03T01:10:01.339+0000] {processor.py:161} INFO - Started process (PID=6720) to work on /opt/airflow/dags/ingest_fundamentals.py
[2026-04-03T01:10:01.340+0000] {processor.py:830} INFO - Processing file /opt/airflow/dags/ingest_fundamentals.py for tasks to queue
[2026-04-03T01:10:01.340+0000] {logging_mixin.py:188} INFO - [2026-04-03T01:10:01.340+0000] {dagbag.py:540} INFO - Filling up the DagBag from /opt/airflow/dags/ingest_fundamentals.py
[2026-04-03T01:10:01.350+0000] {processor.py:840} INFO - DAG(s) 'ingest_fundamentals' retrieved from /opt/airflow/dags/ingest_fundamentals.py
[2026-04-03T01:10:01.366+0000] {logging_mixin.py:188} INFO - [2026-04-03T01:10:01.366+0000] {dag.py:3096} INFO - Sync 1 DAGs
[2026-04-03T01:10:01.378+0000] {logging_mixin.py:188} INFO - [2026-04-03T01:10:01.378+0000] {dag.py:3954} INFO - Setting next_dagrun for ingest_fundamentals to 2026-03-29 20:00:00+00:00, run_after=2026-04-05 20:00:00+00:00
[2026-04-03T01:10:01.386+0000] {processor.py:183} INFO - Processing /opt/airflow/dags/ingest_fundamentals.py took 0.054 seconds
[2026-04-03T01:10:31.465+0000] {processor.py:161} INFO - Started process (PID=6780) to work on /opt/airflow/dags/ingest_fundamentals.py
[2026-04-03T01:10:31.466+0000] {processor.py:830} INFO - Processing file /opt/airflow/dags/ingest_fundamentals.py for tasks to queue
[2026-04-03T01:10:31.467+0000] {logging_mixin.py:188} INFO - [2026-04-03T01:10:31.467+0000] {dagbag.py:540} INFO - Filling up the DagBag from /opt/airflow/dags/ingest_fundamentals.py
[2026-04-03T01:10:31.476+0000] {processor.py:840} INFO - DAG(s) 'ingest_fundamentals' retrieved from /opt/airflow/dags/ingest_fundamentals.py
[2026-04-03T01:10:31.490+0000] {logging_mixin.py:188} INFO - [2026-04-03T01:10:31.490+0000] {dag.py:3096} INFO - Sync 1 DAGs
[2026-04-03T01:10:31.502+0000] {logging_mixin.py:188} INFO - [2026-04-03T01:10:31.502+0000] {dag.py:3954} INFO - Setting next_dagrun for ingest_fundamentals to 2026-03-29 20:00:00+00:00, run_after=2026-04-05 20:00:00+00:00
[2026-04-03T01:10:31.510+0000] {processor.py:183} INFO - Processing /opt/airflow/dags/ingest_fundamentals.py took 0.050 seconds
[2026-04-03T01:11:35.773+0000] {processor.py:161} INFO - Started process (PID=96) to work on /opt/airflow/dags/ingest_fundamentals.py
[2026-04-03T01:11:35.774+0000] {processor.py:830} INFO - Processing file /opt/airflow/dags/ingest_fundamentals.py for tasks to queue
[2026-04-03T01:11:35.776+0000] {logging_mixin.py:188} INFO - [2026-04-03T01:11:35.776+0000] {dagbag.py:540} INFO - Filling up the DagBag from /opt/airflow/dags/ingest_fundamentals.py
[2026-04-03T01:11:35.787+0000] {processor.py:840} INFO - DAG(s) 'ingest_fundamentals' retrieved from /opt/airflow/dags/ingest_fundamentals.py
[2026-04-03T01:11:35.808+0000] {logging_mixin.py:188} INFO - [2026-04-03T01:11:35.808+0000] {dag.py:3096} INFO - Sync 1 DAGs
[2026-04-03T01:11:35.825+0000] {logging_mixin.py:188} INFO - [2026-04-03T01:11:35.825+0000] {dag.py:3954} INFO - Setting next_dagrun for ingest_fundamentals to 2026-03-29 20:00:00+00:00, run_after=2026-04-05 20:00:00+00:00
[2026-04-03T01:11:35.841+0000] {processor.py:183} INFO - Processing /opt/airflow/dags/ingest_fundamentals.py took 0.070 seconds
[2026-04-03T01:12:06.229+0000] {processor.py:161} INFO - Started process (PID=156) to work on /opt/airflow/dags/ingest_fundamentals.py
[2026-04-03T01:12:06.231+0000] {processor.py:830} INFO - Processing file /opt/airflow/dags/ingest_fundamentals.py for tasks to queue
[2026-04-03T01:12:06.234+0000] {logging_mixin.py:188} INFO - [2026-04-03T01:12:06.234+0000] {dagbag.py:540} INFO - Filling up the DagBag from /opt/airflow/dags/ingest_fundamentals.py
[2026-04-03T01:12:06.238+0000] {processor.py:840} INFO - DAG(s) 'ingest_fundamentals' retrieved from /opt/airflow/dags/ingest_fundamentals.py
[2026-04-03T01:12:06.293+0000] {logging_mixin.py:188} INFO - [2026-04-03T01:12:06.293+0000] {dag.py:3096} INFO - Sync 1 DAGs
[2026-04-03T01:12:06.305+0000] {logging_mixin.py:188} INFO - [2026-04-03T01:12:06.304+0000] {dag.py:3954} INFO - Setting next_dagrun for ingest_fundamentals to 2026-03-29 20:00:00+00:00, run_after=2026-04-05 20:00:00+00:00
[2026-04-03T01:12:06.319+0000] {processor.py:183} INFO - Processing /opt/airflow/dags/ingest_fundamentals.py took 0.092 seconds
[2026-04-03T01:12:37.054+0000] {processor.py:161} INFO - Started process (PID=217) to work on /opt/airflow/dags/ingest_fundamentals.py
[2026-04-03T01:12:37.055+0000] {processor.py:830} INFO - Processing file /opt/airflow/dags/ingest_fundamentals.py for tasks to queue
[2026-04-03T01:12:37.056+0000] {logging_mixin.py:188} INFO - [2026-04-03T01:12:37.056+0000] {dagbag.py:540} INFO - Filling up the DagBag from /opt/airflow/dags/ingest_fundamentals.py
[2026-04-03T01:12:37.064+0000] {processor.py:840} INFO - DAG(s) 'ingest_fundamentals' retrieved from /opt/airflow/dags/ingest_fundamentals.py
[2026-04-03T01:12:37.081+0000] {logging_mixin.py:188} INFO - [2026-04-03T01:12:37.081+0000] {dag.py:3096} INFO - Sync 1 DAGs
[2026-04-03T01:12:37.094+0000] {logging_mixin.py:188} INFO - [2026-04-03T01:12:37.093+0000] {dag.py:3954} INFO - Setting next_dagrun for ingest_fundamentals to 2026-03-29 20:00:00+00:00, run_after=2026-04-05 20:00:00+00:00
[2026-04-03T01:12:37.109+0000] {processor.py:183} INFO - Processing /opt/airflow/dags/ingest_fundamentals.py took 0.058 seconds
[2026-04-03T01:13:07.174+0000] {processor.py:161} INFO - Started process (PID=277) to work on /opt/airflow/dags/ingest_fundamentals.py
[2026-04-03T01:13:07.174+0000] {processor.py:830} INFO - Processing file /opt/airflow/dags/ingest_fundamentals.py for tasks to queue
[2026-04-03T01:13:07.176+0000] {logging_mixin.py:188} INFO - [2026-04-03T01:13:07.176+0000] {dagbag.py:540} INFO - Filling up the DagBag from /opt/airflow/dags/ingest_fundamentals.py
[2026-04-03T01:13:07.182+0000] {processor.py:840} INFO - DAG(s) 'ingest_fundamentals' retrieved from /opt/airflow/dags/ingest_fundamentals.py
[2026-04-03T01:13:07.196+0000] {logging_mixin.py:188} INFO - [2026-04-03T01:13:07.196+0000] {dag.py:3096} INFO - Sync 1 DAGs
[2026-04-03T01:13:07.210+0000] {logging_mixin.py:188} INFO - [2026-04-03T01:13:07.209+0000] {dag.py:3954} INFO - Setting next_dagrun for ingest_fundamentals to 2026-03-29 20:00:00+00:00, run_after=2026-04-05 20:00:00+00:00
[2026-04-03T01:13:07.221+0000] {processor.py:183} INFO - Processing /opt/airflow/dags/ingest_fundamentals.py took 0.050 seconds
[2026-04-03T01:13:38.226+0000] {processor.py:161} INFO - Started process (PID=343) to work on /opt/airflow/dags/ingest_fundamentals.py
[2026-04-03T01:13:38.228+0000] {processor.py:830} INFO - Processing file /opt/airflow/dags/ingest_fundamentals.py for tasks to queue
[2026-04-03T01:13:38.230+0000] {logging_mixin.py:188} INFO - [2026-04-03T01:13:38.230+0000] {dagbag.py:540} INFO - Filling up the DagBag from /opt/airflow/dags/ingest_fundamentals.py
[2026-04-03T01:13:38.239+0000] {processor.py:840} INFO - DAG(s) 'ingest_fundamentals' retrieved from /opt/airflow/dags/ingest_fundamentals.py
[2026-04-03T01:13:38.258+0000] {logging_mixin.py:188} INFO - [2026-04-03T01:13:38.258+0000] {dag.py:3096} INFO - Sync 1 DAGs
[2026-04-03T01:13:38.272+0000] {logging_mixin.py:188} INFO - [2026-04-03T01:13:38.272+0000] {dag.py:3954} INFO - Setting next_dagrun for ingest_fundamentals to 2026-03-29 20:00:00+00:00, run_after=2026-04-05 20:00:00+00:00
[2026-04-03T01:13:38.285+0000] {processor.py:183} INFO - Processing /opt/airflow/dags/ingest_fundamentals.py took 0.063 seconds
[2026-04-03T01:14:09.214+0000] {processor.py:161} INFO - Started process (PID=403) to work on /opt/airflow/dags/ingest_fundamentals.py
[2026-04-03T01:14:09.214+0000] {processor.py:830} INFO - Processing file /opt/airflow/dags/ingest_fundamentals.py for tasks to queue
[2026-04-03T01:14:09.216+0000] {logging_mixin.py:188} INFO - [2026-04-03T01:14:09.215+0000] {dagbag.py:540} INFO - Filling up the DagBag from /opt/airflow/dags/ingest_fundamentals.py
[2026-04-03T01:14:09.222+0000] {processor.py:840} INFO - DAG(s) 'ingest_fundamentals' retrieved from /opt/airflow/dags/ingest_fundamentals.py
[2026-04-03T01:14:09.235+0000] {logging_mixin.py:188} INFO - [2026-04-03T01:14:09.235+0000] {dag.py:3096} INFO - Sync 1 DAGs
[2026-04-03T01:14:09.251+0000] {logging_mixin.py:188} INFO - [2026-04-03T01:14:09.251+0000] {dag.py:3954} INFO - Setting next_dagrun for ingest_fundamentals to 2026-03-29 20:00:00+00:00, run_after=2026-04-05 20:00:00+00:00
[2026-04-03T01:14:09.263+0000] {processor.py:183} INFO - Processing /opt/airflow/dags/ingest_fundamentals.py took 0.052 seconds
[2026-04-03T01:14:40.156+0000] {processor.py:161} INFO - Started process (PID=463) to work on /opt/airflow/dags/ingest_fundamentals.py
[2026-04-03T01:14:40.158+0000] {processor.py:830} INFO - Processing file /opt/airflow/dags/ingest_fundamentals.py for tasks to queue
[2026-04-03T01:14:40.160+0000] {logging_mixin.py:188} INFO - [2026-04-03T01:14:40.160+0000] {dagbag.py:540} INFO - Filling up the DagBag from /opt/airflow/dags/ingest_fundamentals.py
[2026-04-03T01:14:40.169+0000] {processor.py:840} INFO - DAG(s) 'ingest_fundamentals' retrieved from /opt/airflow/dags/ingest_fundamentals.py
[2026-04-03T01:14:40.185+0000] {logging_mixin.py:188} INFO - [2026-04-03T01:14:40.185+0000] {dag.py:3096} INFO - Sync 1 DAGs
[2026-04-03T01:14:40.198+0000] {logging_mixin.py:188} INFO - [2026-04-03T01:14:40.198+0000] {dag.py:3954} INFO - Setting next_dagrun for ingest_fundamentals to 2026-03-29 20:00:00+00:00, run_after=2026-04-05 20:00:00+00:00
[2026-04-03T01:14:40.208+0000] {processor.py:183} INFO - Processing /opt/airflow/dags/ingest_fundamentals.py took 0.057 seconds
[2026-04-03T01:15:11.037+0000] {processor.py:161} INFO - Started process (PID=523) to work on /opt/airflow/dags/ingest_fundamentals.py
[2026-04-03T01:15:11.038+0000] {processor.py:830} INFO - Processing file /opt/airflow/dags/ingest_fundamentals.py for tasks to queue
[2026-04-03T01:15:11.039+0000] {logging_mixin.py:188} INFO - [2026-04-03T01:15:11.039+0000] {dagbag.py:540} INFO - Filling up the DagBag from /opt/airflow/dags/ingest_fundamentals.py
[2026-04-03T01:15:11.046+0000] {processor.py:840} INFO - DAG(s) 'ingest_fundamentals' retrieved from /opt/airflow/dags/ingest_fundamentals.py
[2026-04-03T01:15:11.058+0000] {logging_mixin.py:188} INFO - [2026-04-03T01:15:11.057+0000] {dag.py:3096} INFO - Sync 1 DAGs
[2026-04-03T01:15:11.068+0000] {logging_mixin.py:188} INFO - [2026-04-03T01:15:11.068+0000] {dag.py:3954} INFO - Setting next_dagrun for ingest_fundamentals to 2026-03-29 20:00:00+00:00, run_after=2026-04-05 20:00:00+00:00
[2026-04-03T01:15:11.076+0000] {processor.py:183} INFO - Processing /opt/airflow/dags/ingest_fundamentals.py took 0.043 seconds
[2026-04-03T01:15:41.678+0000] {processor.py:161} INFO - Started process (PID=583) to work on /opt/airflow/dags/ingest_fundamentals.py
[2026-04-03T01:15:41.679+0000] {processor.py:830} INFO - Processing file /opt/airflow/dags/ingest_fundamentals.py for tasks to queue
[2026-04-03T01:15:41.681+0000] {logging_mixin.py:188} INFO - [2026-04-03T01:15:41.681+0000] {dagbag.py:540} INFO - Filling up the DagBag from /opt/airflow/dags/ingest_fundamentals.py
[2026-04-03T01:15:41.693+0000] {processor.py:840} INFO - DAG(s) 'ingest_fundamentals' retrieved from /opt/airflow/dags/ingest_fundamentals.py
[2026-04-03T01:15:41.712+0000] {logging_mixin.py:188} INFO - [2026-04-03T01:15:41.712+0000] {dag.py:3096} INFO - Sync 1 DAGs
[2026-04-03T01:15:41.723+0000] {logging_mixin.py:188} INFO - [2026-04-03T01:15:41.723+0000] {dag.py:3954} INFO - Setting next_dagrun for ingest_fundamentals to 2026-03-29 20:00:00+00:00, run_after=2026-04-05 20:00:00+00:00
[2026-04-03T01:15:41.734+0000] {processor.py:183} INFO - Processing /opt/airflow/dags/ingest_fundamentals.py took 0.061 seconds
[2026-04-03T01:16:12.552+0000] {processor.py:161} INFO - Started process (PID=643) to work on /opt/airflow/dags/ingest_fundamentals.py
[2026-04-03T01:16:12.553+0000] {processor.py:830} INFO - Processing file /opt/airflow/dags/ingest_fundamentals.py for tasks to queue
[2026-04-03T01:16:12.557+0000] {logging_mixin.py:188} INFO - [2026-04-03T01:16:12.557+0000] {dagbag.py:540} INFO - Filling up the DagBag from /opt/airflow/dags/ingest_fundamentals.py
[2026-04-03T01:16:12.561+0000] {processor.py:840} INFO - DAG(s) 'ingest_fundamentals' retrieved from /opt/airflow/dags/ingest_fundamentals.py
[2026-04-03T01:16:12.573+0000] {logging_mixin.py:188} INFO - [2026-04-03T01:16:12.572+0000] {dag.py:3096} INFO - Sync 1 DAGs
[2026-04-03T01:16:12.584+0000] {logging_mixin.py:188} INFO - [2026-04-03T01:16:12.583+0000] {dag.py:3954} INFO - Setting next_dagrun for ingest_fundamentals to 2026-03-29 20:00:00+00:00, run_after=2026-04-05 20:00:00+00:00
[2026-04-03T01:16:12.596+0000] {processor.py:183} INFO - Processing /opt/airflow/dags/ingest_fundamentals.py took 0.047 seconds
[2026-04-03T01:16:43.484+0000] {processor.py:161} INFO - Started process (PID=703) to work on /opt/airflow/dags/ingest_fundamentals.py
[2026-04-03T01:16:43.485+0000] {processor.py:830} INFO - Processing file /opt/airflow/dags/ingest_fundamentals.py for tasks to queue
[2026-04-03T01:16:43.489+0000] {logging_mixin.py:188} INFO - [2026-04-03T01:16:43.488+0000] {dagbag.py:540} INFO - Filling up the DagBag from /opt/airflow/dags/ingest_fundamentals.py
[2026-04-03T01:16:43.494+0000] {processor.py:840} INFO - DAG(s) 'ingest_fundamentals' retrieved from /opt/airflow/dags/ingest_fundamentals.py
[2026-04-03T01:16:43.512+0000] {logging_mixin.py:188} INFO - [2026-04-03T01:16:43.512+0000] {dag.py:3096} INFO - Sync 1 DAGs
[2026-04-03T01:16:43.529+0000] {logging_mixin.py:188} INFO - [2026-04-03T01:16:43.529+0000] {dag.py:3954} INFO - Setting next_dagrun for ingest_fundamentals to 2026-03-29 20:00:00+00:00, run_after=2026-04-05 20:00:00+00:00
[2026-04-03T01:16:43.542+0000] {processor.py:183} INFO - Processing /opt/airflow/dags/ingest_fundamentals.py took 0.062 seconds
[2026-04-03T01:17:14.351+0000] {processor.py:161} INFO - Started process (PID=763) to work on /opt/airflow/dags/ingest_fundamentals.py
[2026-04-03T01:17:14.352+0000] {processor.py:830} INFO - Processing file /opt/airflow/dags/ingest_fundamentals.py for tasks to queue
[2026-04-03T01:17:14.354+0000] {logging_mixin.py:188} INFO - [2026-04-03T01:17:14.354+0000] {dagbag.py:540} INFO - Filling up the DagBag from /opt/airflow/dags/ingest_fundamentals.py
[2026-04-03T01:17:14.365+0000] {processor.py:840} INFO - DAG(s) 'ingest_fundamentals' retrieved from /opt/airflow/dags/ingest_fundamentals.py
[2026-04-03T01:17:14.383+0000] {logging_mixin.py:188} INFO - [2026-04-03T01:17:14.383+0000] {dag.py:3096} INFO - Sync 1 DAGs
[2026-04-03T01:17:14.400+0000] {logging_mixin.py:188} INFO - [2026-04-03T01:17:14.400+0000] {dag.py:3954} INFO - Setting next_dagrun for ingest_fundamentals to 2026-03-29 20:00:00+00:00, run_after=2026-04-05 20:00:00+00:00
[2026-04-03T01:17:14.415+0000] {processor.py:183} INFO - Processing /opt/airflow/dags/ingest_fundamentals.py took 0.067 seconds
[2026-04-03T01:17:44.698+0000] {processor.py:161} INFO - Started process (PID=822) to work on /opt/airflow/dags/ingest_fundamentals.py
[2026-04-03T01:17:44.699+0000] {processor.py:830} INFO - Processing file /opt/airflow/dags/ingest_fundamentals.py for tasks to queue
[2026-04-03T01:17:44.700+0000] {logging_mixin.py:188} INFO - [2026-04-03T01:17:44.700+0000] {dagbag.py:540} INFO - Filling up the DagBag from /opt/airflow/dags/ingest_fundamentals.py
[2026-04-03T01:17:44.712+0000] {processor.py:840} INFO - DAG(s) 'ingest_fundamentals' retrieved from /opt/airflow/dags/ingest_fundamentals.py
[2026-04-03T01:17:44.732+0000] {logging_mixin.py:188} INFO - [2026-04-03T01:17:44.731+0000] {dag.py:3096} INFO - Sync 1 DAGs
[2026-04-03T01:17:44.745+0000] {logging_mixin.py:188} INFO - [2026-04-03T01:17:44.745+0000] {dag.py:3954} INFO - Setting next_dagrun for ingest_fundamentals to 2026-03-29 20:00:00+00:00, run_after=2026-04-05 20:00:00+00:00
[2026-04-03T01:17:44.756+0000] {processor.py:183} INFO - Processing /opt/airflow/dags/ingest_fundamentals.py took 0.061 seconds
[2026-04-03T01:18:14.903+0000] {processor.py:161} INFO - Started process (PID=882) to work on /opt/airflow/dags/ingest_fundamentals.py
[2026-04-03T01:18:14.903+0000] {processor.py:830} INFO - Processing file /opt/airflow/dags/ingest_fundamentals.py for tasks to queue
[2026-04-03T01:18:14.906+0000] {logging_mixin.py:188} INFO - [2026-04-03T01:18:14.906+0000] {dagbag.py:540} INFO - Filling up the DagBag from /opt/airflow/dags/ingest_fundamentals.py
[2026-04-03T01:18:14.913+0000] {processor.py:840} INFO - DAG(s) 'ingest_fundamentals' retrieved from /opt/airflow/dags/ingest_fundamentals.py
[2026-04-03T01:18:14.931+0000] {logging_mixin.py:188} INFO - [2026-04-03T01:18:14.931+0000] {dag.py:3096} INFO - Sync 1 DAGs
[2026-04-03T01:18:14.942+0000] {logging_mixin.py:188} INFO - [2026-04-03T01:18:14.942+0000] {dag.py:3954} INFO - Setting next_dagrun for ingest_fundamentals to 2026-03-29 20:00:00+00:00, run_after=2026-04-05 20:00:00+00:00
[2026-04-03T01:18:14.957+0000] {processor.py:183} INFO - Processing /opt/airflow/dags/ingest_fundamentals.py took 0.058 seconds
[2026-04-03T01:18:45.175+0000] {processor.py:161} INFO - Started process (PID=942) to work on /opt/airflow/dags/ingest_fundamentals.py
[2026-04-03T01:18:45.176+0000] {processor.py:830} INFO - Processing file /opt/airflow/dags/ingest_fundamentals.py for tasks to queue
[2026-04-03T01:18:45.177+0000] {logging_mixin.py:188} INFO - [2026-04-03T01:18:45.177+0000] {dagbag.py:540} INFO - Filling up the DagBag from /opt/airflow/dags/ingest_fundamentals.py
[2026-04-03T01:18:45.187+0000] {processor.py:840} INFO - DAG(s) 'ingest_fundamentals' retrieved from /opt/airflow/dags/ingest_fundamentals.py
[2026-04-03T01:18:45.204+0000] {logging_mixin.py:188} INFO - [2026-04-03T01:18:45.204+0000] {dag.py:3096} INFO - Sync 1 DAGs
[2026-04-03T01:18:45.221+0000] {logging_mixin.py:188} INFO - [2026-04-03T01:18:45.221+0000] {dag.py:3954} INFO - Setting next_dagrun for ingest_fundamentals to 2026-03-29 20:00:00+00:00, run_after=2026-04-05 20:00:00+00:00
[2026-04-03T01:18:45.236+0000] {processor.py:183} INFO - Processing /opt/airflow/dags/ingest_fundamentals.py took 0.065 seconds
[2026-04-03T01:19:15.296+0000] {processor.py:161} INFO - Started process (PID=1002) to work on /opt/airflow/dags/ingest_fundamentals.py
[2026-04-03T01:19:15.297+0000] {processor.py:830} INFO - Processing file /opt/airflow/dags/ingest_fundamentals.py for tasks to queue
[2026-04-03T01:19:15.303+0000] {logging_mixin.py:188} INFO - [2026-04-03T01:19:15.302+0000] {dagbag.py:540} INFO - Filling up the DagBag from /opt/airflow/dags/ingest_fundamentals.py
[2026-04-03T01:19:15.314+0000] {processor.py:840} INFO - DAG(s) 'ingest_fundamentals' retrieved from /opt/airflow/dags/ingest_fundamentals.py
[2026-04-03T01:19:15.339+0000] {logging_mixin.py:188} INFO - [2026-04-03T01:19:15.338+0000] {dag.py:3096} INFO - Sync 1 DAGs
[2026-04-03T01:19:15.357+0000] {logging_mixin.py:188} INFO - [2026-04-03T01:19:15.357+0000] {dag.py:3954} INFO - Setting next_dagrun for ingest_fundamentals to 2026-03-29 20:00:00+00:00, run_after=2026-04-05 20:00:00+00:00
[2026-04-03T01:19:15.369+0000] {processor.py:183} INFO - Processing /opt/airflow/dags/ingest_fundamentals.py took 0.080 seconds
[2026-04-03T01:19:31.202+0000] {processor.py:161} INFO - Started process (PID=1055) to work on /opt/airflow/dags/ingest_fundamentals.py
[2026-04-03T01:19:31.202+0000] {processor.py:830} INFO - Processing file /opt/airflow/dags/ingest_fundamentals.py for tasks to queue
[2026-04-03T01:19:31.203+0000] {logging_mixin.py:188} INFO - [2026-04-03T01:19:31.203+0000] {dagbag.py:540} INFO - Filling up the DagBag from /opt/airflow/dags/ingest_fundamentals.py
[2026-04-03T01:19:31.205+0000] {logging_mixin.py:188} INFO - [2026-04-03T01:19:31.205+0000] {dagbag.py:350} ERROR - Failed to import: /opt/airflow/dags/ingest_fundamentals.py
Traceback (most recent call last):
  File "/home/airflow/.local/lib/python3.12/site-packages/airflow/models/dagbag.py", line 346, in parse
    loader.exec_module(new_module)
  File "<frozen importlib._bootstrap_external>", line 991, in exec_module
  File "<frozen importlib._bootstrap_external>", line 1129, in get_code
  File "<frozen importlib._bootstrap_external>", line 1059, in source_to_code
  File "<frozen importlib._bootstrap>", line 488, in _call_with_frames_removed
  File "/opt/airflow/dags/ingest_fundamentals.py", line 23
    def fetch_fundamentals() -> list[dict]:
IndentationError: unexpected unindent
[2026-04-03T01:19:31.206+0000] {processor.py:842} WARNING - No viable dags retrieved from /opt/airflow/dags/ingest_fundamentals.py
[2026-04-03T01:19:31.216+0000] {processor.py:183} INFO - Processing /opt/airflow/dags/ingest_fundamentals.py took 0.018 seconds
[2026-04-03T01:19:42.299+0000] {processor.py:161} INFO - Started process (PID=1062) to work on /opt/airflow/dags/ingest_fundamentals.py
[2026-04-03T01:19:42.299+0000] {processor.py:830} INFO - Processing file /opt/airflow/dags/ingest_fundamentals.py for tasks to queue
[2026-04-03T01:19:42.301+0000] {logging_mixin.py:188} INFO - [2026-04-03T01:19:42.301+0000] {dagbag.py:540} INFO - Filling up the DagBag from /opt/airflow/dags/ingest_fundamentals.py
[2026-04-03T01:19:42.311+0000] {processor.py:840} INFO - DAG(s) 'ingest_fundamentals' retrieved from /opt/airflow/dags/ingest_fundamentals.py
[2026-04-03T01:19:42.323+0000] {logging_mixin.py:188} INFO - [2026-04-03T01:19:42.323+0000] {dag.py:3096} INFO - Sync 1 DAGs
[2026-04-03T01:19:42.334+0000] {logging_mixin.py:188} INFO - [2026-04-03T01:19:42.334+0000] {dag.py:3954} INFO - Setting next_dagrun for ingest_fundamentals to 2026-03-29 20:00:00+00:00, run_after=2026-04-05 20:00:00+00:00
[2026-04-03T01:19:42.342+0000] {processor.py:183} INFO - Processing /opt/airflow/dags/ingest_fundamentals.py took 0.049 seconds
[2026-04-03T01:20:13.270+0000] {processor.py:161} INFO - Started process (PID=1122) to work on /opt/airflow/dags/ingest_fundamentals.py
[2026-04-03T01:20:13.271+0000] {processor.py:830} INFO - Processing file /opt/airflow/dags/ingest_fundamentals.py for tasks to queue
[2026-04-03T01:20:13.273+0000] {logging_mixin.py:188} INFO - [2026-04-03T01:20:13.273+0000] {dagbag.py:540} INFO - Filling up the DagBag from /opt/airflow/dags/ingest_fundamentals.py
[2026-04-03T01:20:13.282+0000] {processor.py:840} INFO - DAG(s) 'ingest_fundamentals' retrieved from /opt/airflow/dags/ingest_fundamentals.py
[2026-04-03T01:20:13.296+0000] {logging_mixin.py:188} INFO - [2026-04-03T01:20:13.296+0000] {dag.py:3096} INFO - Sync 1 DAGs
[2026-04-03T01:20:13.307+0000] {logging_mixin.py:188} INFO - [2026-04-03T01:20:13.307+0000] {dag.py:3954} INFO - Setting next_dagrun for ingest_fundamentals to 2026-03-29 20:00:00+00:00, run_after=2026-04-05 20:00:00+00:00
[2026-04-03T01:20:13.315+0000] {processor.py:183} INFO - Processing /opt/airflow/dags/ingest_fundamentals.py took 0.051 seconds
[2026-04-03T01:20:44.041+0000] {processor.py:161} INFO - Started process (PID=1182) to work on /opt/airflow/dags/ingest_fundamentals.py
[2026-04-03T01:20:44.042+0000] {processor.py:830} INFO - Processing file /opt/airflow/dags/ingest_fundamentals.py for tasks to queue
[2026-04-03T01:20:44.043+0000] {logging_mixin.py:188} INFO - [2026-04-03T01:20:44.043+0000] {dagbag.py:540} INFO - Filling up the DagBag from /opt/airflow/dags/ingest_fundamentals.py
[2026-04-03T01:20:44.049+0000] {processor.py:840} INFO - DAG(s) 'ingest_fundamentals' retrieved from /opt/airflow/dags/ingest_fundamentals.py
[2026-04-03T01:20:44.061+0000] {logging_mixin.py:188} INFO - [2026-04-03T01:20:44.060+0000] {dag.py:3096} INFO - Sync 1 DAGs
[2026-04-03T01:20:44.071+0000] {logging_mixin.py:188} INFO - [2026-04-03T01:20:44.071+0000] {dag.py:3954} INFO - Setting next_dagrun for ingest_fundamentals to 2026-03-29 20:00:00+00:00, run_after=2026-04-05 20:00:00+00:00
[2026-04-03T01:20:44.080+0000] {processor.py:183} INFO - Processing /opt/airflow/dags/ingest_fundamentals.py took 0.043 seconds
[2026-04-03T01:21:14.730+0000] {processor.py:161} INFO - Started process (PID=1242) to work on /opt/airflow/dags/ingest_fundamentals.py
[2026-04-03T01:21:14.731+0000] {processor.py:830} INFO - Processing file /opt/airflow/dags/ingest_fundamentals.py for tasks to queue
[2026-04-03T01:21:14.733+0000] {logging_mixin.py:188} INFO - [2026-04-03T01:21:14.732+0000] {dagbag.py:540} INFO - Filling up the DagBag from /opt/airflow/dags/ingest_fundamentals.py
[2026-04-03T01:21:14.741+0000] {processor.py:840} INFO - DAG(s) 'ingest_fundamentals' retrieved from /opt/airflow/dags/ingest_fundamentals.py
[2026-04-03T01:21:14.755+0000] {logging_mixin.py:188} INFO - [2026-04-03T01:21:14.755+0000] {dag.py:3096} INFO - Sync 1 DAGs
[2026-04-03T01:21:14.766+0000] {logging_mixin.py:188} INFO - [2026-04-03T01:21:14.766+0000] {dag.py:3954} INFO - Setting next_dagrun for ingest_fundamentals to 2026-03-29 20:00:00+00:00, run_after=2026-04-05 20:00:00+00:00
[2026-04-03T01:21:14.774+0000] {processor.py:183} INFO - Processing /opt/airflow/dags/ingest_fundamentals.py took 0.049 seconds
[2026-04-03T01:21:45.330+0000] {processor.py:161} INFO - Started process (PID=1302) to work on /opt/airflow/dags/ingest_fundamentals.py
[2026-04-03T01:21:45.331+0000] {processor.py:830} INFO - Processing file /opt/airflow/dags/ingest_fundamentals.py for tasks to queue
[2026-04-03T01:21:45.332+0000] {logging_mixin.py:188} INFO - [2026-04-03T01:21:45.332+0000] {dagbag.py:540} INFO - Filling up the DagBag from /opt/airflow/dags/ingest_fundamentals.py
[2026-04-03T01:21:45.339+0000] {processor.py:840} INFO - DAG(s) 'ingest_fundamentals' retrieved from /opt/airflow/dags/ingest_fundamentals.py
[2026-04-03T01:21:45.350+0000] {logging_mixin.py:188} INFO - [2026-04-03T01:21:45.350+0000] {dag.py:3096} INFO - Sync 1 DAGs
[2026-04-03T01:21:45.361+0000] {logging_mixin.py:188} INFO - [2026-04-03T01:21:45.361+0000] {dag.py:3954} INFO - Setting next_dagrun for ingest_fundamentals to 2026-03-29 20:00:00+00:00, run_after=2026-04-05 20:00:00+00:00
[2026-04-03T01:21:45.368+0000] {processor.py:183} INFO - Processing /opt/airflow/dags/ingest_fundamentals.py took 0.043 seconds
[2026-04-03T01:22:16.007+0000] {processor.py:161} INFO - Started process (PID=1362) to work on /opt/airflow/dags/ingest_fundamentals.py
[2026-04-03T01:22:16.008+0000] {processor.py:830} INFO - Processing file /opt/airflow/dags/ingest_fundamentals.py for tasks to queue
[2026-04-03T01:22:16.009+0000] {logging_mixin.py:188} INFO - [2026-04-03T01:22:16.009+0000] {dagbag.py:540} INFO - Filling up the DagBag from /opt/airflow/dags/ingest_fundamentals.py
[2026-04-03T01:22:16.017+0000] {processor.py:840} INFO - DAG(s) 'ingest_fundamentals' retrieved from /opt/airflow/dags/ingest_fundamentals.py
[2026-04-03T01:22:16.031+0000] {logging_mixin.py:188} INFO - [2026-04-03T01:22:16.031+0000] {dag.py:3096} INFO - Sync 1 DAGs
[2026-04-03T01:22:16.042+0000] {logging_mixin.py:188} INFO - [2026-04-03T01:22:16.042+0000] {dag.py:3954} INFO - Setting next_dagrun for ingest_fundamentals to 2026-03-29 20:00:00+00:00, run_after=2026-04-05 20:00:00+00:00
[2026-04-03T01:22:16.050+0000] {processor.py:183} INFO - Processing /opt/airflow/dags/ingest_fundamentals.py took 0.048 seconds
[2026-04-03T01:22:46.660+0000] {processor.py:161} INFO - Started process (PID=1422) to work on /opt/airflow/dags/ingest_fundamentals.py
[2026-04-03T01:22:46.661+0000] {processor.py:830} INFO - Processing file /opt/airflow/dags/ingest_fundamentals.py for tasks to queue
[2026-04-03T01:22:46.663+0000] {logging_mixin.py:188} INFO - [2026-04-03T01:22:46.662+0000] {dagbag.py:540} INFO - Filling up the DagBag from /opt/airflow/dags/ingest_fundamentals.py
[2026-04-03T01:22:46.671+0000] {processor.py:840} INFO - DAG(s) 'ingest_fundamentals' retrieved from /opt/airflow/dags/ingest_fundamentals.py
[2026-04-03T01:22:46.686+0000] {logging_mixin.py:188} INFO - [2026-04-03T01:22:46.686+0000] {dag.py:3096} INFO - Sync 1 DAGs
[2026-04-03T01:22:46.696+0000] {logging_mixin.py:188} INFO - [2026-04-03T01:22:46.696+0000] {dag.py:3954} INFO - Setting next_dagrun for ingest_fundamentals to 2026-03-29 20:00:00+00:00, run_after=2026-04-05 20:00:00+00:00
[2026-04-03T01:22:46.704+0000] {processor.py:183} INFO - Processing /opt/airflow/dags/ingest_fundamentals.py took 0.049 seconds
[2026-04-03T01:23:17.559+0000] {processor.py:161} INFO - Started process (PID=1482) to work on /opt/airflow/dags/ingest_fundamentals.py
[2026-04-03T01:23:17.560+0000] {processor.py:830} INFO - Processing file /opt/airflow/dags/ingest_fundamentals.py for tasks to queue
[2026-04-03T01:23:17.562+0000] {logging_mixin.py:188} INFO - [2026-04-03T01:23:17.561+0000] {dagbag.py:540} INFO - Filling up the DagBag from /opt/airflow/dags/ingest_fundamentals.py
[2026-04-03T01:23:17.570+0000] {processor.py:840} INFO - DAG(s) 'ingest_fundamentals' retrieved from /opt/airflow/dags/ingest_fundamentals.py
[2026-04-03T01:23:17.585+0000] {logging_mixin.py:188} INFO - [2026-04-03T01:23:17.585+0000] {dag.py:3096} INFO - Sync 1 DAGs
[2026-04-03T01:23:17.596+0000] {logging_mixin.py:188} INFO - [2026-04-03T01:23:17.596+0000] {dag.py:3954} INFO - Setting next_dagrun for ingest_fundamentals to 2026-03-29 20:00:00+00:00, run_after=2026-04-05 20:00:00+00:00
[2026-04-03T01:23:17.605+0000] {processor.py:183} INFO - Processing /opt/airflow/dags/ingest_fundamentals.py took 0.051 seconds
