[2026-04-03T00:42:30.259+0000] {local_task_job_runner.py:120} INFO - ::group::Pre task execution logs
[2026-04-03T00:42:30.274+0000] {taskinstance.py:2073} INFO - Dependencies all met for dep_context=non-requeueable deps ti=<TaskInstance: ingest_prices.load_to_snowflake manual__2026-04-03T00:42:25.876844+00:00 [queued]>
[2026-04-03T00:42:30.279+0000] {taskinstance.py:2073} INFO - Dependencies all met for dep_context=requeueable deps ti=<TaskInstance: ingest_prices.load_to_snowflake manual__2026-04-03T00:42:25.876844+00:00 [queued]>
[2026-04-03T00:42:30.279+0000] {taskinstance.py:2303} INFO - Starting attempt 1 of 4
[2026-04-03T00:42:30.286+0000] {taskinstance.py:2327} INFO - Executing <Task(_PythonDecoratedOperator): load_to_snowflake> on 2026-04-03 00:42:25.876844+00:00
[2026-04-03T00:42:30.291+0000] {warnings.py:110} WARNING - /home/***/.local/lib/python3.12/site-packages/***/task/task_runner/standard_task_runner.py:61: DeprecationWarning: This process (pid=663) is multi-threaded, use of fork() may lead to deadlocks in the child.
  pid = os.fork()

[2026-04-03T00:42:30.292+0000] {standard_task_runner.py:63} INFO - Started process 665 to run task
[2026-04-03T00:42:30.293+0000] {standard_task_runner.py:90} INFO - Running: ['***', 'tasks', 'run', 'ingest_prices', 'load_to_snowflake', 'manual__2026-04-03T00:42:25.876844+00:00', '--job-id', '17', '--raw', '--subdir', 'DAGS_FOLDER/ingest_prices.py', '--cfg-path', '/tmp/tmpwwd5e59i']
[2026-04-03T00:42:30.294+0000] {standard_task_runner.py:91} INFO - Job 17: Subtask load_to_snowflake
[2026-04-03T00:42:30.322+0000] {task_command.py:426} INFO - Running <TaskInstance: ingest_prices.load_to_snowflake manual__2026-04-03T00:42:25.876844+00:00 [running]> on host aa60ffa7c519
[2026-04-03T00:42:30.371+0000] {taskinstance.py:2644} INFO - Exporting env vars: AIRFLOW_CTX_DAG_OWNER='data-team' AIRFLOW_CTX_DAG_ID='ingest_prices' AIRFLOW_CTX_TASK_ID='load_to_snowflake' AIRFLOW_CTX_EXECUTION_DATE='2026-04-03T00:42:25.876844+00:00' AIRFLOW_CTX_TRY_NUMBER='1' AIRFLOW_CTX_DAG_RUN_ID='manual__2026-04-03T00:42:25.876844+00:00'
[2026-04-03T00:42:30.372+0000] {taskinstance.py:430} INFO - ::endgroup::
[2026-04-03T00:42:30.380+0000] {base.py:84} INFO - Using connection ID 'snowflake_default' for task execution.
[2026-04-03T00:42:30.380+0000] {connection.py:386} INFO - Snowflake Connector for Python Version: 3.7.1, Python Version: 3.12.2, Platform: Linux-6.12.68-linuxkit-aarch64-with-glibc2.36
[2026-04-03T00:42:30.380+0000] {connection.py:1211} INFO - This connection is in OCSP Fail Open Mode. TLS Certificates would be checked for validity and revocation status. Any other Certificate Revocation related exceptions or OCSP Responder failures would be disregarded in favor of connectivity.
[2026-04-03T00:42:31.390+0000] {cursor.py:1032} INFO - query: [USE WAREHOUSE X_SMALL]
[2026-04-03T00:42:31.507+0000] {cursor.py:1045} INFO - query execution done
[2026-04-03T00:42:31.511+0000] {taskinstance.py:441} INFO - ::group::Post task execution logs
[2026-04-03T00:42:31.511+0000] {taskinstance.py:2890} ERROR - Task failed with exception
Traceback (most recent call last):
  File "/home/airflow/.local/lib/python3.12/site-packages/airflow/models/taskinstance.py", line 465, in _execute_task
    result = _execute_callable(context=context, **execute_callable_kwargs)
             ^^^^^^^^^^^^^^^^^^^^^^^^^^^^^^^^^^^^^^^^^^^^^^^^^^^^^^^^^^^^^
  File "/home/airflow/.local/lib/python3.12/site-packages/airflow/models/taskinstance.py", line 432, in _execute_callable
    return execute_callable(context=context, **execute_callable_kwargs)
           ^^^^^^^^^^^^^^^^^^^^^^^^^^^^^^^^^^^^^^^^^^^^^^^^^^^^^^^^^^^^
  File "/home/airflow/.local/lib/python3.12/site-packages/airflow/models/baseoperator.py", line 400, in wrapper
    return func(self, *args, **kwargs)
           ^^^^^^^^^^^^^^^^^^^^^^^^^^^
  File "/home/airflow/.local/lib/python3.12/site-packages/airflow/decorators/base.py", line 265, in execute
    return_value = super().execute(context)
                   ^^^^^^^^^^^^^^^^^^^^^^^^
  File "/home/airflow/.local/lib/python3.12/site-packages/airflow/models/baseoperator.py", line 400, in wrapper
    return func(self, *args, **kwargs)
           ^^^^^^^^^^^^^^^^^^^^^^^^^^^
  File "/home/airflow/.local/lib/python3.12/site-packages/airflow/operators/python.py", line 235, in execute
    return_value = self.execute_callable()
                   ^^^^^^^^^^^^^^^^^^^^^^^
  File "/home/airflow/.local/lib/python3.12/site-packages/airflow/operators/python.py", line 252, in execute_callable
    return self.python_callable(*self.op_args, **self.op_kwargs)
           ^^^^^^^^^^^^^^^^^^^^^^^^^^^^^^^^^^^^^^^^^^^^^^^^^^^^^
  File "/opt/airflow/dags/ingest_prices.py", line 83, in load_to_snowflake
    cursor.execute("USE WAREHOUSE X_SMALL")   # ← add this line
    ^^^^^^^^^^^^^^^^^^^^^^^^^^^^^^^^^^^^^^^
  File "/home/airflow/.local/lib/python3.12/site-packages/snowflake/connector/cursor.py", line 1136, in execute
    Error.errorhandler_wrapper(self.connection, self, error_class, errvalue)
  File "/home/airflow/.local/lib/python3.12/site-packages/snowflake/connector/errors.py", line 290, in errorhandler_wrapper
    handed_over = Error.hand_to_other_handler(
                  ^^^^^^^^^^^^^^^^^^^^^^^^^^^^
  File "/home/airflow/.local/lib/python3.12/site-packages/snowflake/connector/errors.py", line 345, in hand_to_other_handler
    cursor.errorhandler(connection, cursor, error_class, error_value)
  File "/home/airflow/.local/lib/python3.12/site-packages/snowflake/connector/errors.py", line 221, in default_errorhandler
    raise error_class(
snowflake.connector.errors.ProgrammingError: 002043 (02000): 01c3736a-0001-3138-0019-c4530005a012: SQL compilation error:
Object does not exist, or operation cannot be performed.
[2026-04-03T00:42:31.518+0000] {taskinstance.py:1205} INFO - Marking task as UP_FOR_RETRY. dag_id=ingest_prices, task_id=load_to_snowflake, execution_date=20260403T004225, start_date=20260403T004230, end_date=20260403T004231
[2026-04-03T00:42:31.525+0000] {standard_task_runner.py:110} ERROR - Failed to execute job 17 for task load_to_snowflake (002043 (02000): 01c3736a-0001-3138-0019-c4530005a012: SQL compilation error:
Object does not exist, or operation cannot be performed.; 665)
[2026-04-03T00:42:31.544+0000] {local_task_job_runner.py:240} INFO - Task exited with return code 1
[2026-04-03T00:42:31.555+0000] {taskinstance.py:3482} INFO - 0 downstream tasks scheduled from follow-on schedule check
[2026-04-03T00:42:31.556+0000] {local_task_job_runner.py:222} INFO - ::endgroup::
