[2026-04-03T00:47:32.942+0000] {local_task_job_runner.py:120} INFO - ::group::Pre task execution logs
[2026-04-03T00:47:32.954+0000] {taskinstance.py:2073} INFO - Dependencies all met for dep_context=non-requeueable deps ti=<TaskInstance: ingest_prices.load_to_snowflake manual__2026-04-03T00:42:25.876844+00:00 [queued]>
[2026-04-03T00:47:32.958+0000] {taskinstance.py:2073} INFO - Dependencies all met for dep_context=requeueable deps ti=<TaskInstance: ingest_prices.load_to_snowflake manual__2026-04-03T00:42:25.876844+00:00 [queued]>
[2026-04-03T00:47:32.958+0000] {taskinstance.py:2303} INFO - Starting attempt 2 of 4
[2026-04-03T00:47:32.963+0000] {taskinstance.py:2327} INFO - Executing <Task(_PythonDecoratedOperator): load_to_snowflake> on 2026-04-03 00:42:25.876844+00:00
[2026-04-03T00:47:32.967+0000] {warnings.py:110} WARNING - /home/***/.local/lib/python3.12/site-packages/***/task/task_runner/standard_task_runner.py:61: DeprecationWarning: This process (pid=789) is multi-threaded, use of fork() may lead to deadlocks in the child.
  pid = os.fork()

[2026-04-03T00:47:32.968+0000] {standard_task_runner.py:63} INFO - Started process 791 to run task
[2026-04-03T00:47:32.969+0000] {standard_task_runner.py:90} INFO - Running: ['***', 'tasks', 'run', 'ingest_prices', 'load_to_snowflake', 'manual__2026-04-03T00:42:25.876844+00:00', '--job-id', '24', '--raw', '--subdir', 'DAGS_FOLDER/ingest_prices.py', '--cfg-path', '/tmp/tmp2r06vpwa']
[2026-04-03T00:47:32.969+0000] {standard_task_runner.py:91} INFO - Job 24: Subtask load_to_snowflake
[2026-04-03T00:47:32.997+0000] {task_command.py:426} INFO - Running <TaskInstance: ingest_prices.load_to_snowflake manual__2026-04-03T00:42:25.876844+00:00 [running]> on host aa60ffa7c519
[2026-04-03T00:47:33.054+0000] {taskinstance.py:2644} INFO - Exporting env vars: AIRFLOW_CTX_DAG_OWNER='data-team' AIRFLOW_CTX_DAG_ID='ingest_prices' AIRFLOW_CTX_TASK_ID='load_to_snowflake' AIRFLOW_CTX_EXECUTION_DATE='2026-04-03T00:42:25.876844+00:00' AIRFLOW_CTX_TRY_NUMBER='2' AIRFLOW_CTX_DAG_RUN_ID='manual__2026-04-03T00:42:25.876844+00:00'
[2026-04-03T00:47:33.055+0000] {taskinstance.py:430} INFO - ::endgroup::
[2026-04-03T00:47:33.063+0000] {base.py:84} INFO - Using connection ID 'snowflake_default' for task execution.
[2026-04-03T00:47:33.064+0000] {connection.py:386} INFO - Snowflake Connector for Python Version: 3.7.1, Python Version: 3.12.2, Platform: Linux-6.12.68-linuxkit-aarch64-with-glibc2.36
[2026-04-03T00:47:33.064+0000] {connection.py:1211} INFO - This connection is in OCSP Fail Open Mode. TLS Certificates would be checked for validity and revocation status. Any other Certificate Revocation related exceptions or OCSP Responder failures would be disregarded in favor of connectivity.
[2026-04-03T00:47:34.193+0000] {cursor.py:1032} INFO - query: [USE WAREHOUSE STOCK_WH]
[2026-04-03T00:47:34.283+0000] {cursor.py:1045} INFO - query execution done
[2026-04-03T00:47:34.283+0000] {cursor.py:1205} INFO - Number of results in first chunk: 1
[2026-04-03T00:47:34.284+0000] {cursor.py:1032} INFO - query: [USE DATABASE STOCK_DB]
[2026-04-03T00:47:34.403+0000] {cursor.py:1045} INFO - query execution done
[2026-04-03T00:47:34.404+0000] {cursor.py:1205} INFO - Number of results in first chunk: 1
[2026-04-03T00:47:34.404+0000] {cursor.py:1032} INFO - query: [CREATE TEMP TABLE IF NOT EXISTS raw.stock_prices_stage ( ticker      VARCHAR(10)...]
[2026-04-03T00:47:34.711+0000] {cursor.py:1045} INFO - query execution done
[2026-04-03T00:47:34.712+0000] {cursor.py:1205} INFO - Number of results in first chunk: 1
[2026-04-03T00:47:34.713+0000] {cursor.py:1032} INFO - query: [INSERT INTO raw.stock_prices_stage (ticker, date, open, high, low, close, volume...]
[2026-04-03T00:47:35.307+0000] {cursor.py:1045} INFO - query execution done
[2026-04-03T00:47:35.307+0000] {cursor.py:1032} INFO - query: [MERGE INTO raw.stock_prices AS target USING raw.stock_prices_stage AS source ON ...]
[2026-04-03T00:47:36.360+0000] {cursor.py:1045} INFO - query execution done
[2026-04-03T00:47:36.361+0000] {cursor.py:1032} INFO - query: [COMMIT]
[2026-04-03T00:47:36.443+0000] {cursor.py:1045} INFO - query execution done
[2026-04-03T00:47:36.445+0000] {cursor.py:1205} INFO - Number of results in first chunk: 1
[2026-04-03T00:47:36.445+0000] {connection.py:734} INFO - closed
[2026-04-03T00:47:36.501+0000] {connection.py:740} INFO - No async queries seem to be running, deleting session
[2026-04-03T00:47:36.543+0000] {logging_mixin.py:188} INFO - Successfully loaded 20 rows into raw.stock_prices
[2026-04-03T00:47:36.543+0000] {python.py:237} INFO - Done. Returned value was: None
[2026-04-03T00:47:36.543+0000] {taskinstance.py:441} INFO - ::group::Post task execution logs
[2026-04-03T00:47:36.551+0000] {taskinstance.py:1205} INFO - Marking task as SUCCESS. dag_id=ingest_prices, task_id=load_to_snowflake, execution_date=20260403T004225, start_date=20260403T004732, end_date=20260403T004736
[2026-04-03T00:47:36.573+0000] {local_task_job_runner.py:240} INFO - Task exited with return code 0
[2026-04-03T00:47:36.585+0000] {taskinstance.py:3482} INFO - 0 downstream tasks scheduled from follow-on schedule check
[2026-04-03T00:47:36.585+0000] {local_task_job_runner.py:222} INFO - ::endgroup::
