[2026-04-03T00:37:37.851+0000] {local_task_job_runner.py:120} INFO - ::group::Pre task execution logs
[2026-04-03T00:37:37.861+0000] {taskinstance.py:2073} INFO - Dependencies all met for dep_context=non-requeueable deps ti=<TaskInstance: ingest_prices.fetch_prices manual__2026-04-03T00:37:36.114485+00:00 [queued]>
[2026-04-03T00:37:37.865+0000] {taskinstance.py:2073} INFO - Dependencies all met for dep_context=requeueable deps ti=<TaskInstance: ingest_prices.fetch_prices manual__2026-04-03T00:37:36.114485+00:00 [queued]>
[2026-04-03T00:37:37.865+0000] {taskinstance.py:2303} INFO - Starting attempt 1 of 4
[2026-04-03T00:37:37.871+0000] {taskinstance.py:2327} INFO - Executing <Task(_PythonDecoratedOperator): fetch_prices> on 2026-04-03 00:37:36.114485+00:00
[2026-04-03T00:37:37.874+0000] {warnings.py:110} WARNING - /home/***/.local/lib/python3.12/site-packages/***/task/task_runner/standard_task_runner.py:61: DeprecationWarning: This process (pid=491) is multi-threaded, use of fork() may lead to deadlocks in the child.
  pid = os.fork()

[2026-04-03T00:37:37.875+0000] {standard_task_runner.py:63} INFO - Started process 493 to run task
[2026-04-03T00:37:37.876+0000] {standard_task_runner.py:90} INFO - Running: ['***', 'tasks', 'run', 'ingest_prices', 'fetch_prices', 'manual__2026-04-03T00:37:36.114485+00:00', '--job-id', '11', '--raw', '--subdir', 'DAGS_FOLDER/ingest_prices.py', '--cfg-path', '/tmp/tmppkt4vykn']
[2026-04-03T00:37:37.877+0000] {standard_task_runner.py:91} INFO - Job 11: Subtask fetch_prices
[2026-04-03T00:37:37.901+0000] {task_command.py:426} INFO - Running <TaskInstance: ingest_prices.fetch_prices manual__2026-04-03T00:37:36.114485+00:00 [running]> on host aa60ffa7c519
[2026-04-03T00:37:37.941+0000] {taskinstance.py:2644} INFO - Exporting env vars: AIRFLOW_CTX_DAG_OWNER='data-team' AIRFLOW_CTX_DAG_ID='ingest_prices' AIRFLOW_CTX_TASK_ID='fetch_prices' AIRFLOW_CTX_EXECUTION_DATE='2026-04-03T00:37:36.114485+00:00' AIRFLOW_CTX_TRY_NUMBER='1' AIRFLOW_CTX_DAG_RUN_ID='manual__2026-04-03T00:37:36.114485+00:00'
[2026-04-03T00:37:37.942+0000] {taskinstance.py:430} INFO - ::endgroup::
[2026-04-03T00:37:39.371+0000] {logging_mixin.py:188} INFO - Fetched 20 rows across 10 tickers
[2026-04-03T00:37:39.371+0000] {python.py:237} INFO - Done. Returned value was: [{'ticker': 'AAPL', 'date': Timestamp('2026-04-01 00:00:00'), 'open': 254.0800018310547, 'high': 256.17999267578125, 'low': 253.3300018310547, 'close': 255.6300048828125, 'volume': 40059400}, {'ticker': 'AAPL', 'date': Timestamp('2026-04-02 00:00:00'), 'open': 254.13999938964844, 'high': 256.1300048828125, 'low': 250.64999389648438, 'close': 255.9199981689453, 'volume': 26686584}, {'ticker': 'MSFT', 'date': Timestamp('2026-04-01 00:00:00'), 'open': 373.489990234375, 'high': 373.989990234375, 'low': 368.20001220703125, 'close': 369.3699951171875, 'volume': 29417200}, {'ticker': 'MSFT', 'date': Timestamp('2026-04-02 00:00:00'), 'open': 367.2049865722656, 'high': 373.6000061035156, 'low': 364.1499938964844, 'close': 373.4599914550781, 'volume': 23843717}, {'ticker': 'GOOGL', 'date': Timestamp('2026-04-01 00:00:00'), 'open': 290.8399963378906, 'high': 300.5199890136719, 'low': 290.4100036621094, 'close': 297.3900146484375, 'volume': 37684500}, {'ticker': 'GOOGL', 'date': Timestamp('2026-04-02 00:00:00'), 'open': 290.69000244140625, 'high': 298.0799865722656, 'low': 289.45001220703125, 'close': 295.7699890136719, 'volume': 20556391}, {'ticker': 'AMZN', 'date': Timestamp('2026-04-01 00:00:00'), 'open': 210.44000244140625, 'high': 213.5800018310547, 'low': 208.19000244140625, 'close': 210.57000732421875, 'volume': 45955400}, {'ticker': 'AMZN', 'date': Timestamp('2026-04-02 00:00:00'), 'open': 206.5500030517578, 'high': 212.21249389648438, 'low': 204.89999389648438, 'close': 209.77000427246094, 'volume': 30069843}, {'ticker': 'META', 'date': Timestamp('2026-04-01 00:00:00'), 'open': 580.1300048828125, 'high': 592.5499877929688, 'low': 573.8200073242188, 'close': 579.22998046875, 'volume': 23608100}, {'ticker': 'META', 'date': Timestamp('2026-04-02 00:00:00'), 'open': 566.0150146484375, 'high': 578.5, 'low': 559.7274169921875, 'close': 574.4600219726562, 'volume': 13227398}, {'ticker': 'NVDA', 'date': Timestamp('2026-04-01 00:00:00'), 'open': 176.0, 'high': 177.3699951171875, 'low': 174.75, 'close': 175.75, 'volume': 168132000}, {'ticker': 'NVDA', 'date': Timestamp('2026-04-02 00:00:00'), 'open': 172.17999267578125, 'high': 177.47999572753906, 'low': 171.3699951171875, 'close': 177.38999938964844, 'volume': 141415327}, {'ticker': 'TSLA', 'date': Timestamp('2026-04-01 00:00:00'), 'open': 378.6300048828125, 'high': 383.1400146484375, 'low': 374.0799865722656, 'close': 381.260009765625, 'volume': 58683800}, {'ticker': 'TSLA', 'date': Timestamp('2026-04-02 00:00:00'), 'open': 364.0273132324219, 'high': 370.260009765625, 'low': 359.0299987792969, 'close': 360.5899963378906, 'volume': 82532959}, {'ticker': 'JPM', 'date': Timestamp('2026-04-01 00:00:00'), 'open': 295.3900146484375, 'high': 298.7200012207031, 'low': 292.9100036621094, 'close': 295.3800048828125, 'volume': 11267200}, {'ticker': 'JPM', 'date': Timestamp('2026-04-02 00:00:00'), 'open': 291.9100036621094, 'high': 295.5899963378906, 'low': 288.7200012207031, 'close': 294.6000061035156, 'volume': 6648158}, {'ticker': 'V', 'date': Timestamp('2026-04-01 00:00:00'), 'open': 305.04998779296875, 'high': 305.04998779296875, 'low': 293.8900146484375, 'close': 298.510009765625, 'volume': 7707600}, {'ticker': 'V', 'date': Timestamp('2026-04-02 00:00:00'), 'open': 297.79998779296875, 'high': 302.46990966796875, 'low': 295.8500061035156, 'close': 300.79998779296875, 'volume': 4365266}, {'ticker': 'UNH', 'date': Timestamp('2026-04-01 00:00:00'), 'open': 274.2099914550781, 'high': 275.29998779296875, 'low': 270.760009765625, 'close': 273.9800109863281, 'volume': 5473400}, {'ticker': 'UNH', 'date': Timestamp('2026-04-02 00:00:00'), 'open': 272.2900085449219, 'high': 279.0299987792969, 'low': 271.5299987792969, 'close': 277.260009765625, 'volume': 6387940}]
[2026-04-03T00:37:39.372+0000] {taskinstance.py:441} INFO - ::group::Post task execution logs
[2026-04-03T00:37:39.380+0000] {xcom.py:677} ERROR - Object of type Timestamp is not JSON serializable. If you are using pickle instead of JSON for XCom, then you need to enable pickle support for XCom in your *** config or make sure to decorate your object with attr.
[2026-04-03T00:37:39.381+0000] {taskinstance.py:2890} ERROR - Task failed with exception
Traceback (most recent call last):
  File "/home/airflow/.local/lib/python3.12/site-packages/airflow/utils/json.py", line 91, in default
    return serialize(o)
           ^^^^^^^^^^^^
  File "/home/airflow/.local/lib/python3.12/site-packages/airflow/serialization/serde.py", line 189, in serialize
    raise TypeError(f"cannot serialize object of type {cls}")
TypeError: cannot serialize object of type <class 'pandas._libs.tslibs.timestamps.Timestamp'>

During handling of the above exception, another exception occurred:

Traceback (most recent call last):
  File "/home/airflow/.local/lib/python3.12/site-packages/airflow/models/taskinstance.py", line 486, in _execute_task
    task_instance.xcom_push(key=XCOM_RETURN_KEY, value=xcom_value, session=session)
  File "/home/airflow/.local/lib/python3.12/site-packages/airflow/utils/session.py", line 76, in wrapper
    return func(*args, **kwargs)
           ^^^^^^^^^^^^^^^^^^^^^
  File "/home/airflow/.local/lib/python3.12/site-packages/airflow/models/taskinstance.py", line 3182, in xcom_push
    XCom.set(
  File "/home/airflow/.local/lib/python3.12/site-packages/airflow/utils/session.py", line 76, in wrapper
    return func(*args, **kwargs)
           ^^^^^^^^^^^^^^^^^^^^^
  File "/home/airflow/.local/lib/python3.12/site-packages/airflow/models/xcom.py", line 247, in set
    value = cls.serialize_value(
            ^^^^^^^^^^^^^^^^^^^^
  File "/home/airflow/.local/lib/python3.12/site-packages/airflow/models/xcom.py", line 675, in serialize_value
    return json.dumps(value, cls=XComEncoder).encode("UTF-8")
           ^^^^^^^^^^^^^^^^^^^^^^^^^^^^^^^^^^
  File "/usr/local/lib/python3.12/json/__init__.py", line 238, in dumps
    **kw).encode(obj)
          ^^^^^^^^^^^
  File "/home/airflow/.local/lib/python3.12/site-packages/airflow/utils/json.py", line 104, in encode
    return super().encode(o)
           ^^^^^^^^^^^^^^^^^
  File "/usr/local/lib/python3.12/json/encoder.py", line 200, in encode
    chunks = self.iterencode(o, _one_shot=True)
             ^^^^^^^^^^^^^^^^^^^^^^^^^^^^^^^^^^
  File "/usr/local/lib/python3.12/json/encoder.py", line 258, in iterencode
    return _iterencode(o, 0)
           ^^^^^^^^^^^^^^^^^
  File "/home/airflow/.local/lib/python3.12/site-packages/airflow/utils/json.py", line 93, in default
    return super().default(o)
           ^^^^^^^^^^^^^^^^^^
  File "/usr/local/lib/python3.12/json/encoder.py", line 180, in default
    raise TypeError(f'Object of type {o.__class__.__name__} '
TypeError: Object of type Timestamp is not JSON serializable
[2026-04-03T00:37:39.391+0000] {taskinstance.py:1205} INFO - Marking task as UP_FOR_RETRY. dag_id=ingest_prices, task_id=fetch_prices, execution_date=20260403T003736, start_date=20260403T003737, end_date=20260403T003739
[2026-04-03T00:37:39.401+0000] {standard_task_runner.py:110} ERROR - Failed to execute job 11 for task fetch_prices (Object of type Timestamp is not JSON serializable; 493)
[2026-04-03T00:37:39.425+0000] {local_task_job_runner.py:240} INFO - Task exited with return code 1
[2026-04-03T00:37:39.440+0000] {taskinstance.py:3482} INFO - 0 downstream tasks scheduled from follow-on schedule check
[2026-04-03T00:37:39.441+0000] {local_task_job_runner.py:222} INFO - ::endgroup::
