[2026-04-03T00:28:31.910+0000] {local_task_job_runner.py:120} INFO - ::group::Pre task execution logs
[2026-04-03T00:28:31.924+0000] {taskinstance.py:2073} INFO - Dependencies all met for dep_context=non-requeueable deps ti=<TaskInstance: ingest_prices.load_to_snowflake manual__2026-04-03T00:28:24.075352+00:00 [queued]>
[2026-04-03T00:28:31.929+0000] {taskinstance.py:2073} INFO - Dependencies all met for dep_context=requeueable deps ti=<TaskInstance: ingest_prices.load_to_snowflake manual__2026-04-03T00:28:24.075352+00:00 [queued]>
[2026-04-03T00:28:31.932+0000] {taskinstance.py:2303} INFO - Starting attempt 1 of 4
[2026-04-03T00:28:31.942+0000] {taskinstance.py:2327} INFO - Executing <Task(_PythonDecoratedOperator): load_to_snowflake> on 2026-04-03 00:28:24.075352+00:00
[2026-04-03T00:28:31.948+0000] {warnings.py:110} WARNING - /home/***/.local/lib/python3.12/site-packages/***/task/task_runner/standard_task_runner.py:61: DeprecationWarning: This process (pid=365) is multi-threaded, use of fork() may lead to deadlocks in the child.
  pid = os.fork()

[2026-04-03T00:28:31.948+0000] {standard_task_runner.py:90} INFO - Running: ['***', 'tasks', 'run', 'ingest_prices', 'load_to_snowflake', 'manual__2026-04-03T00:28:24.075352+00:00', '--job-id', '9', '--raw', '--subdir', 'DAGS_FOLDER/ingest_prices.py', '--cfg-path', '/tmp/tmp3hm2tyab']
[2026-04-03T00:28:31.950+0000] {standard_task_runner.py:63} INFO - Started process 369 to run task
[2026-04-03T00:28:31.950+0000] {standard_task_runner.py:91} INFO - Job 9: Subtask load_to_snowflake
[2026-04-03T00:28:31.979+0000] {task_command.py:426} INFO - Running <TaskInstance: ingest_prices.load_to_snowflake manual__2026-04-03T00:28:24.075352+00:00 [running]> on host aa60ffa7c519
[2026-04-03T00:28:32.029+0000] {taskinstance.py:2644} INFO - Exporting env vars: AIRFLOW_CTX_DAG_OWNER='data-team' AIRFLOW_CTX_DAG_ID='ingest_prices' AIRFLOW_CTX_TASK_ID='load_to_snowflake' AIRFLOW_CTX_EXECUTION_DATE='2026-04-03T00:28:24.075352+00:00' AIRFLOW_CTX_TRY_NUMBER='1' AIRFLOW_CTX_DAG_RUN_ID='manual__2026-04-03T00:28:24.075352+00:00'
[2026-04-03T00:28:32.030+0000] {taskinstance.py:430} INFO - ::endgroup::
[2026-04-03T00:28:32.030+0000] {logging_mixin.py:188} INFO - No rows to load — skipping
[2026-04-03T00:28:32.030+0000] {python.py:237} INFO - Done. Returned value was: None
[2026-04-03T00:28:32.030+0000] {taskinstance.py:441} INFO - ::group::Post task execution logs
[2026-04-03T00:28:32.036+0000] {taskinstance.py:1205} INFO - Marking task as SUCCESS. dag_id=ingest_prices, task_id=load_to_snowflake, execution_date=20260403T002824, start_date=20260403T002831, end_date=20260403T002832
[2026-04-03T00:28:32.048+0000] {local_task_job_runner.py:240} INFO - Task exited with return code 0
[2026-04-03T00:28:32.059+0000] {taskinstance.py:3482} INFO - 0 downstream tasks scheduled from follow-on schedule check
[2026-04-03T00:28:32.061+0000] {local_task_job_runner.py:222} INFO - ::endgroup::
