[2026-04-03T01:12:04.565+0000] {local_task_job_runner.py:120} INFO - ::group::Pre task execution logs
[2026-04-03T01:12:04.574+0000] {taskinstance.py:2073} INFO - Dependencies all met for dep_context=non-requeueable deps ti=<TaskInstance: ingest_macro.load_to_snowflake manual__2026-04-03T01:09:02.167998+00:00 [queued]>
[2026-04-03T01:12:04.577+0000] {taskinstance.py:2073} INFO - Dependencies all met for dep_context=requeueable deps ti=<TaskInstance: ingest_macro.load_to_snowflake manual__2026-04-03T01:09:02.167998+00:00 [queued]>
[2026-04-03T01:12:04.577+0000] {taskinstance.py:2303} INFO - Starting attempt 1 of 4
[2026-04-03T01:12:04.582+0000] {taskinstance.py:2327} INFO - Executing <Task(_PythonDecoratedOperator): load_to_snowflake> on 2026-04-03 01:09:02.167998+00:00
[2026-04-03T01:12:04.585+0000] {warnings.py:110} WARNING - /home/***/.local/lib/python3.12/site-packages/***/task/task_runner/standard_task_runner.py:61: DeprecationWarning: This process (pid=113) is multi-threaded, use of fork() may lead to deadlocks in the child.
  pid = os.fork()

[2026-04-03T01:12:04.585+0000] {standard_task_runner.py:63} INFO - Started process 115 to run task
[2026-04-03T01:12:04.586+0000] {standard_task_runner.py:90} INFO - Running: ['***', 'tasks', 'run', 'ingest_macro', 'load_to_snowflake', 'manual__2026-04-03T01:09:02.167998+00:00', '--job-id', '42', '--raw', '--subdir', 'DAGS_FOLDER/ingest_macro.py', '--cfg-path', '/tmp/tmpa_356gz2']
[2026-04-03T01:12:04.586+0000] {standard_task_runner.py:91} INFO - Job 42: Subtask load_to_snowflake
[2026-04-03T01:12:04.610+0000] {task_command.py:426} INFO - Running <TaskInstance: ingest_macro.load_to_snowflake manual__2026-04-03T01:09:02.167998+00:00 [running]> on host 9151fd676358
[2026-04-03T01:12:04.654+0000] {taskinstance.py:2644} INFO - Exporting env vars: AIRFLOW_CTX_DAG_OWNER='***' AIRFLOW_CTX_DAG_ID='ingest_macro' AIRFLOW_CTX_TASK_ID='load_to_snowflake' AIRFLOW_CTX_EXECUTION_DATE='2026-04-03T01:09:02.167998+00:00' AIRFLOW_CTX_TRY_NUMBER='1' AIRFLOW_CTX_DAG_RUN_ID='manual__2026-04-03T01:09:02.167998+00:00'
[2026-04-03T01:12:04.655+0000] {taskinstance.py:430} INFO - ::endgroup::
[2026-04-03T01:12:04.660+0000] {base.py:84} INFO - Using connection ID 'snowflake_default' for task execution.
[2026-04-03T01:12:04.661+0000] {connection.py:386} INFO - Snowflake Connector for Python Version: 3.7.1, Python Version: 3.12.2, Platform: Linux-6.12.68-linuxkit-aarch64-with-glibc2.36
[2026-04-03T01:12:04.661+0000] {connection.py:1211} INFO - This connection is in OCSP Fail Open Mode. TLS Certificates would be checked for validity and revocation status. Any other Certificate Revocation related exceptions or OCSP Responder failures would be disregarded in favor of connectivity.
[2026-04-03T01:12:05.945+0000] {cursor.py:1032} INFO - query: [CREATE TABLE IF NOT EXISTS raw.economic_indicators ( series_id   VARCHAR(20), in...]
[2026-04-03T01:12:06.108+0000] {cursor.py:1045} INFO - query execution done
[2026-04-03T01:12:06.111+0000] {taskinstance.py:441} INFO - ::group::Post task execution logs
[2026-04-03T01:12:06.111+0000] {taskinstance.py:2890} ERROR - Task failed with exception
Traceback (most recent call last):
  File "/home/airflow/.local/lib/python3.12/site-packages/airflow/models/taskinstance.py", line 465, in _execute_task
    result = _execute_callable(context=context, **execute_callable_kwargs)
             ^^^^^^^^^^^^^^^^^^^^^^^^^^^^^^^^^^^^^^^^^^^^^^^^^^^^^^^^^^^^^
  File "/home/airflow/.local/lib/python3.12/site-packages/airflow/models/taskinstance.py", line 432, in _execute_callable
    return execute_callable(context=context, **execute_callable_kwargs)
           ^^^^^^^^^^^^^^^^^^^^^^^^^^^^^^^^^^^^^^^^^^^^^^^^^^^^^^^^^^^^
  File "/home/airflow/.local/lib/python3.12/site-packages/airflow/models/baseoperator.py", line 400, in wrapper
    return func(self, *args, **kwargs)
           ^^^^^^^^^^^^^^^^^^^^^^^^^^^
  File "/home/airflow/.local/lib/python3.12/site-packages/airflow/decorators/base.py", line 265, in execute
    return_value = super().execute(context)
                   ^^^^^^^^^^^^^^^^^^^^^^^^
  File "/home/airflow/.local/lib/python3.12/site-packages/airflow/models/baseoperator.py", line 400, in wrapper
    return func(self, *args, **kwargs)
           ^^^^^^^^^^^^^^^^^^^^^^^^^^^
  File "/home/airflow/.local/lib/python3.12/site-packages/airflow/operators/python.py", line 235, in execute
    return_value = self.execute_callable()
                   ^^^^^^^^^^^^^^^^^^^^^^^
  File "/home/airflow/.local/lib/python3.12/site-packages/airflow/operators/python.py", line 252, in execute_callable
    return self.python_callable(*self.op_args, **self.op_kwargs)
           ^^^^^^^^^^^^^^^^^^^^^^^^^^^^^^^^^^^^^^^^^^^^^^^^^^^^^
  File "/opt/airflow/dags/ingest_macro.py", line 67, in load_to_snowflake
    cursor.execute("""
  File "/home/airflow/.local/lib/python3.12/site-packages/snowflake/connector/cursor.py", line 1136, in execute
    Error.errorhandler_wrapper(self.connection, self, error_class, errvalue)
  File "/home/airflow/.local/lib/python3.12/site-packages/snowflake/connector/errors.py", line 290, in errorhandler_wrapper
    handed_over = Error.hand_to_other_handler(
                  ^^^^^^^^^^^^^^^^^^^^^^^^^^^^
  File "/home/airflow/.local/lib/python3.12/site-packages/snowflake/connector/errors.py", line 345, in hand_to_other_handler
    cursor.errorhandler(connection, cursor, error_class, error_value)
  File "/home/airflow/.local/lib/python3.12/site-packages/snowflake/connector/errors.py", line 221, in default_errorhandler
    raise error_class(
snowflake.connector.errors.ProgrammingError: 003001 (42501): 01c37388-0001-30cf-0019-c45300050106: SQL access control error:
Insufficient privileges to operate on schema 'RAW'.
[2026-04-03T01:12:06.116+0000] {taskinstance.py:1205} INFO - Marking task as UP_FOR_RETRY. dag_id=ingest_macro, task_id=load_to_snowflake, execution_date=20260403T010902, start_date=20260403T011204, end_date=20260403T011206
[2026-04-03T01:12:06.121+0000] {standard_task_runner.py:110} ERROR - Failed to execute job 42 for task load_to_snowflake (003001 (42501): 01c37388-0001-30cf-0019-c45300050106: SQL access control error:
Insufficient privileges to operate on schema 'RAW'.; 115)
[2026-04-03T01:12:06.133+0000] {local_task_job_runner.py:240} INFO - Task exited with return code 1
[2026-04-03T01:12:06.141+0000] {taskinstance.py:3482} INFO - 0 downstream tasks scheduled from follow-on schedule check
[2026-04-03T01:12:06.141+0000] {local_task_job_runner.py:222} INFO - ::endgroup::
