[2026-04-03T01:14:55.768+0000] {local_task_job_runner.py:120} INFO - ::group::Pre task execution logs
[2026-04-03T01:14:55.776+0000] {taskinstance.py:2073} INFO - Dependencies all met for dep_context=non-requeueable deps ti=<TaskInstance: ingest_macro.load_to_snowflake manual__2026-04-03T01:09:02.167998+00:00 [queued]>
[2026-04-03T01:14:55.779+0000] {taskinstance.py:2073} INFO - Dependencies all met for dep_context=requeueable deps ti=<TaskInstance: ingest_macro.load_to_snowflake manual__2026-04-03T01:09:02.167998+00:00 [queued]>
[2026-04-03T01:14:55.779+0000] {taskinstance.py:2303} INFO - Starting attempt 2 of 5
[2026-04-03T01:14:55.783+0000] {taskinstance.py:2327} INFO - Executing <Task(_PythonDecoratedOperator): load_to_snowflake> on 2026-04-03 01:09:02.167998+00:00
[2026-04-03T01:14:55.786+0000] {warnings.py:110} WARNING - /home/***/.local/lib/python3.12/site-packages/***/task/task_runner/standard_task_runner.py:61: DeprecationWarning: This process (pid=151) is multi-threaded, use of fork() may lead to deadlocks in the child.
  pid = os.fork()

[2026-04-03T01:14:55.787+0000] {standard_task_runner.py:63} INFO - Started process 153 to run task
[2026-04-03T01:14:55.787+0000] {standard_task_runner.py:90} INFO - Running: ['***', 'tasks', 'run', 'ingest_macro', 'load_to_snowflake', 'manual__2026-04-03T01:09:02.167998+00:00', '--job-id', '43', '--raw', '--subdir', 'DAGS_FOLDER/ingest_macro.py', '--cfg-path', '/tmp/tmpjczk3isa']
[2026-04-03T01:14:55.787+0000] {standard_task_runner.py:91} INFO - Job 43: Subtask load_to_snowflake
[2026-04-03T01:14:55.807+0000] {task_command.py:426} INFO - Running <TaskInstance: ingest_macro.load_to_snowflake manual__2026-04-03T01:09:02.167998+00:00 [running]> on host 9151fd676358
[2026-04-03T01:14:55.846+0000] {taskinstance.py:2644} INFO - Exporting env vars: AIRFLOW_CTX_DAG_OWNER='***' AIRFLOW_CTX_DAG_ID='ingest_macro' AIRFLOW_CTX_TASK_ID='load_to_snowflake' AIRFLOW_CTX_EXECUTION_DATE='2026-04-03T01:09:02.167998+00:00' AIRFLOW_CTX_TRY_NUMBER='2' AIRFLOW_CTX_DAG_RUN_ID='manual__2026-04-03T01:09:02.167998+00:00'
[2026-04-03T01:14:55.847+0000] {taskinstance.py:430} INFO - ::endgroup::
[2026-04-03T01:14:55.852+0000] {base.py:84} INFO - Using connection ID 'snowflake_default' for task execution.
[2026-04-03T01:14:55.852+0000] {connection.py:386} INFO - Snowflake Connector for Python Version: 3.7.1, Python Version: 3.12.2, Platform: Linux-6.12.68-linuxkit-aarch64-with-glibc2.36
[2026-04-03T01:14:55.853+0000] {connection.py:1211} INFO - This connection is in OCSP Fail Open Mode. TLS Certificates would be checked for validity and revocation status. Any other Certificate Revocation related exceptions or OCSP Responder failures would be disregarded in favor of connectivity.
[2026-04-03T01:14:56.903+0000] {cursor.py:1032} INFO - query: [CREATE TABLE IF NOT EXISTS raw.economic_indicators ( series_id   VARCHAR(20), in...]
[2026-04-03T01:14:57.032+0000] {cursor.py:1045} INFO - query execution done
[2026-04-03T01:14:57.033+0000] {cursor.py:1205} INFO - Number of results in first chunk: 1
[2026-04-03T01:14:57.034+0000] {cursor.py:1032} INFO - query: [MERGE INTO raw.economic_indicators AS t USING ( SELECT 'VIXCLS' AS series_id, 'v...]
[2026-04-03T01:14:58.024+0000] {cursor.py:1045} INFO - query execution done
[2026-04-03T01:14:58.026+0000] {cursor.py:1032} INFO - query: [MERGE INTO raw.economic_indicators AS t USING ( SELECT 'VIXCLS' AS series_id, 'v...]
[2026-04-03T01:14:59.197+0000] {cursor.py:1045} INFO - query execution done
[2026-04-03T01:14:59.198+0000] {cursor.py:1032} INFO - query: [MERGE INTO raw.economic_indicators AS t USING ( SELECT 'VIXCLS' AS series_id, 'v...]
[2026-04-03T01:15:00.169+0000] {cursor.py:1045} INFO - query execution done
[2026-04-03T01:15:00.170+0000] {cursor.py:1032} INFO - query: [MERGE INTO raw.economic_indicators AS t USING ( SELECT 'VIXCLS' AS series_id, 'v...]
[2026-04-03T01:15:01.093+0000] {cursor.py:1045} INFO - query execution done
[2026-04-03T01:15:01.094+0000] {cursor.py:1032} INFO - query: [MERGE INTO raw.economic_indicators AS t USING ( SELECT 'VIXCLS' AS series_id, 'v...]
[2026-04-03T01:15:01.894+0000] {cursor.py:1045} INFO - query execution done
[2026-04-03T01:15:01.895+0000] {cursor.py:1032} INFO - query: [MERGE INTO raw.economic_indicators AS t USING ( SELECT 'VIXCLS' AS series_id, 'v...]
[2026-04-03T01:15:03.025+0000] {cursor.py:1045} INFO - query execution done
[2026-04-03T01:15:03.026+0000] {cursor.py:1032} INFO - query: [MERGE INTO raw.economic_indicators AS t USING ( SELECT 'VIXCLS' AS series_id, 'v...]
[2026-04-03T01:15:04.008+0000] {cursor.py:1045} INFO - query execution done
[2026-04-03T01:15:04.009+0000] {cursor.py:1032} INFO - query: [MERGE INTO raw.economic_indicators AS t USING ( SELECT 'VIXCLS' AS series_id, 'v...]
[2026-04-03T01:15:04.677+0000] {cursor.py:1045} INFO - query execution done
[2026-04-03T01:15:04.678+0000] {cursor.py:1032} INFO - query: [MERGE INTO raw.economic_indicators AS t USING ( SELECT 'VIXCLS' AS series_id, 'v...]
[2026-04-03T01:15:05.392+0000] {cursor.py:1045} INFO - query execution done
[2026-04-03T01:15:05.392+0000] {cursor.py:1032} INFO - query: [MERGE INTO raw.economic_indicators AS t USING ( SELECT 'VIXCLS' AS series_id, 'v...]
[2026-04-03T01:15:05.902+0000] {cursor.py:1045} INFO - query execution done
[2026-04-03T01:15:05.903+0000] {cursor.py:1032} INFO - query: [MERGE INTO raw.economic_indicators AS t USING ( SELECT 'DGS10' AS series_id, 'tr...]
[2026-04-03T01:15:06.517+0000] {cursor.py:1045} INFO - query execution done
[2026-04-03T01:15:06.518+0000] {cursor.py:1032} INFO - query: [MERGE INTO raw.economic_indicators AS t USING ( SELECT 'DGS10' AS series_id, 'tr...]
[2026-04-03T01:15:07.336+0000] {cursor.py:1045} INFO - query execution done
[2026-04-03T01:15:07.336+0000] {cursor.py:1032} INFO - query: [MERGE INTO raw.economic_indicators AS t USING ( SELECT 'DGS10' AS series_id, 'tr...]
[2026-04-03T01:15:07.951+0000] {cursor.py:1045} INFO - query execution done
[2026-04-03T01:15:07.953+0000] {cursor.py:1032} INFO - query: [MERGE INTO raw.economic_indicators AS t USING ( SELECT 'DGS10' AS series_id, 'tr...]
[2026-04-03T01:15:08.680+0000] {cursor.py:1045} INFO - query execution done
[2026-04-03T01:15:08.680+0000] {cursor.py:1032} INFO - query: [MERGE INTO raw.economic_indicators AS t USING ( SELECT 'DGS10' AS series_id, 'tr...]
[2026-04-03T01:15:09.296+0000] {cursor.py:1045} INFO - query execution done
[2026-04-03T01:15:09.296+0000] {cursor.py:1032} INFO - query: [MERGE INTO raw.economic_indicators AS t USING ( SELECT 'DGS10' AS series_id, 'tr...]
[2026-04-03T01:15:09.999+0000] {cursor.py:1045} INFO - query execution done
[2026-04-03T01:15:10.000+0000] {cursor.py:1032} INFO - query: [MERGE INTO raw.economic_indicators AS t USING ( SELECT 'DGS10' AS series_id, 'tr...]
[2026-04-03T01:15:10.922+0000] {cursor.py:1045} INFO - query execution done
[2026-04-03T01:15:10.922+0000] {cursor.py:1032} INFO - query: [MERGE INTO raw.economic_indicators AS t USING ( SELECT 'DGS10' AS series_id, 'tr...]
[2026-04-03T01:15:11.415+0000] {cursor.py:1045} INFO - query execution done
[2026-04-03T01:15:11.416+0000] {cursor.py:1032} INFO - query: [MERGE INTO raw.economic_indicators AS t USING ( SELECT 'DGS10' AS series_id, 'tr...]
[2026-04-03T01:15:11.950+0000] {cursor.py:1045} INFO - query execution done
[2026-04-03T01:15:11.952+0000] {cursor.py:1032} INFO - query: [MERGE INTO raw.economic_indicators AS t USING ( SELECT 'DGS10' AS series_id, 'tr...]
[2026-04-03T01:15:12.564+0000] {cursor.py:1045} INFO - query execution done
[2026-04-03T01:15:12.566+0000] {cursor.py:1032} INFO - query: [MERGE INTO raw.economic_indicators AS t USING ( SELECT 'FEDFUNDS' AS series_id, ...]
[2026-04-03T01:15:13.183+0000] {cursor.py:1045} INFO - query execution done
[2026-04-03T01:15:13.184+0000] {cursor.py:1032} INFO - query: [MERGE INTO raw.economic_indicators AS t USING ( SELECT 'FEDFUNDS' AS series_id, ...]
[2026-04-03T01:15:14.193+0000] {cursor.py:1045} INFO - query execution done
[2026-04-03T01:15:14.194+0000] {cursor.py:1032} INFO - query: [MERGE INTO raw.economic_indicators AS t USING ( SELECT 'FEDFUNDS' AS series_id, ...]
[2026-04-03T01:15:15.119+0000] {cursor.py:1045} INFO - query execution done
[2026-04-03T01:15:15.120+0000] {cursor.py:1032} INFO - query: [MERGE INTO raw.economic_indicators AS t USING ( SELECT 'FEDFUNDS' AS series_id, ...]
[2026-04-03T01:15:16.002+0000] {cursor.py:1045} INFO - query execution done
[2026-04-03T01:15:16.003+0000] {cursor.py:1032} INFO - query: [MERGE INTO raw.economic_indicators AS t USING ( SELECT 'FEDFUNDS' AS series_id, ...]
[2026-04-03T01:15:16.623+0000] {cursor.py:1045} INFO - query execution done
[2026-04-03T01:15:16.624+0000] {cursor.py:1032} INFO - query: [MERGE INTO raw.economic_indicators AS t USING ( SELECT 'FEDFUNDS' AS series_id, ...]
[2026-04-03T01:15:17.167+0000] {cursor.py:1045} INFO - query execution done
[2026-04-03T01:15:17.167+0000] {cursor.py:1032} INFO - query: [MERGE INTO raw.economic_indicators AS t USING ( SELECT 'FEDFUNDS' AS series_id, ...]
[2026-04-03T01:15:17.886+0000] {cursor.py:1045} INFO - query execution done
[2026-04-03T01:15:17.888+0000] {cursor.py:1032} INFO - query: [MERGE INTO raw.economic_indicators AS t USING ( SELECT 'FEDFUNDS' AS series_id, ...]
[2026-04-03T01:15:18.396+0000] {cursor.py:1045} INFO - query execution done
[2026-04-03T01:15:18.397+0000] {cursor.py:1032} INFO - query: [MERGE INTO raw.economic_indicators AS t USING ( SELECT 'FEDFUNDS' AS series_id, ...]
[2026-04-03T01:15:19.116+0000] {cursor.py:1045} INFO - query execution done
[2026-04-03T01:15:19.117+0000] {cursor.py:1032} INFO - query: [MERGE INTO raw.economic_indicators AS t USING ( SELECT 'FEDFUNDS' AS series_id, ...]
[2026-04-03T01:15:19.644+0000] {cursor.py:1045} INFO - query execution done
[2026-04-03T01:15:19.645+0000] {cursor.py:1032} INFO - query: [COMMIT]
[2026-04-03T01:15:19.708+0000] {cursor.py:1045} INFO - query execution done
[2026-04-03T01:15:19.708+0000] {cursor.py:1205} INFO - Number of results in first chunk: 1
[2026-04-03T01:15:19.708+0000] {connection.py:734} INFO - closed
[2026-04-03T01:15:19.748+0000] {connection.py:740} INFO - No async queries seem to be running, deleting session
[2026-04-03T01:15:19.801+0000] {python.py:237} INFO - Done. Returned value was: None
[2026-04-03T01:15:19.802+0000] {taskinstance.py:441} INFO - ::group::Post task execution logs
[2026-04-03T01:15:19.811+0000] {taskinstance.py:1205} INFO - Marking task as SUCCESS. dag_id=ingest_macro, task_id=load_to_snowflake, execution_date=20260403T010902, start_date=20260403T011455, end_date=20260403T011519
[2026-04-03T01:15:19.842+0000] {local_task_job_runner.py:240} INFO - Task exited with return code 0
[2026-04-03T01:15:19.852+0000] {taskinstance.py:3482} INFO - 0 downstream tasks scheduled from follow-on schedule check
[2026-04-03T01:15:19.852+0000] {local_task_job_runner.py:222} INFO - ::endgroup::
