[2026-04-03T01:09:03.479+0000] {local_task_job_runner.py:120} INFO - ::group::Pre task execution logs
[2026-04-03T01:09:03.489+0000] {taskinstance.py:2073} INFO - Dependencies all met for dep_context=non-requeueable deps ti=<TaskInstance: ingest_macro.fetch_macro manual__2026-04-03T01:09:02.167998+00:00 [queued]>
[2026-04-03T01:09:03.492+0000] {taskinstance.py:2073} INFO - Dependencies all met for dep_context=requeueable deps ti=<TaskInstance: ingest_macro.fetch_macro manual__2026-04-03T01:09:02.167998+00:00 [queued]>
[2026-04-03T01:09:03.492+0000] {taskinstance.py:2303} INFO - Starting attempt 1 of 4
[2026-04-03T01:09:03.496+0000] {taskinstance.py:2327} INFO - Executing <Task(_PythonDecoratedOperator): fetch_macro> on 2026-04-03 01:09:02.167998+00:00
[2026-04-03T01:09:03.499+0000] {warnings.py:110} WARNING - /home/***/.local/lib/python3.12/site-packages/***/task/task_runner/standard_task_runner.py:61: DeprecationWarning: This process (pid=1124) is multi-threaded, use of fork() may lead to deadlocks in the child.
  pid = os.fork()

[2026-04-03T01:09:03.502+0000] {standard_task_runner.py:63} INFO - Started process 1126 to run task
[2026-04-03T01:09:03.501+0000] {standard_task_runner.py:90} INFO - Running: ['***', 'tasks', 'run', 'ingest_macro', 'fetch_macro', 'manual__2026-04-03T01:09:02.167998+00:00', '--job-id', '38', '--raw', '--subdir', 'DAGS_FOLDER/ingest_macro.py', '--cfg-path', '/tmp/tmpf9fwdzit']
[2026-04-03T01:09:03.502+0000] {standard_task_runner.py:91} INFO - Job 38: Subtask fetch_macro
[2026-04-03T01:09:03.522+0000] {task_command.py:426} INFO - Running <TaskInstance: ingest_macro.fetch_macro manual__2026-04-03T01:09:02.167998+00:00 [running]> on host aa60ffa7c519
[2026-04-03T01:09:03.556+0000] {taskinstance.py:2644} INFO - Exporting env vars: AIRFLOW_CTX_DAG_OWNER='***' AIRFLOW_CTX_DAG_ID='ingest_macro' AIRFLOW_CTX_TASK_ID='fetch_macro' AIRFLOW_CTX_EXECUTION_DATE='2026-04-03T01:09:02.167998+00:00' AIRFLOW_CTX_TRY_NUMBER='1' AIRFLOW_CTX_DAG_RUN_ID='manual__2026-04-03T01:09:02.167998+00:00'
[2026-04-03T01:09:03.557+0000] {taskinstance.py:430} INFO - ::endgroup::
[2026-04-03T01:09:03.557+0000] {taskinstance.py:441} INFO - ::group::Post task execution logs
[2026-04-03T01:09:03.557+0000] {taskinstance.py:2890} ERROR - Task failed with exception
Traceback (most recent call last):
  File "/home/airflow/.local/lib/python3.12/site-packages/airflow/models/taskinstance.py", line 465, in _execute_task
    result = _execute_callable(context=context, **execute_callable_kwargs)
             ^^^^^^^^^^^^^^^^^^^^^^^^^^^^^^^^^^^^^^^^^^^^^^^^^^^^^^^^^^^^^
  File "/home/airflow/.local/lib/python3.12/site-packages/airflow/models/taskinstance.py", line 432, in _execute_callable
    return execute_callable(context=context, **execute_callable_kwargs)
           ^^^^^^^^^^^^^^^^^^^^^^^^^^^^^^^^^^^^^^^^^^^^^^^^^^^^^^^^^^^^
  File "/home/airflow/.local/lib/python3.12/site-packages/airflow/models/baseoperator.py", line 400, in wrapper
    return func(self, *args, **kwargs)
           ^^^^^^^^^^^^^^^^^^^^^^^^^^^
  File "/home/airflow/.local/lib/python3.12/site-packages/airflow/decorators/base.py", line 265, in execute
    return_value = super().execute(context)
                   ^^^^^^^^^^^^^^^^^^^^^^^^
  File "/home/airflow/.local/lib/python3.12/site-packages/airflow/models/baseoperator.py", line 400, in wrapper
    return func(self, *args, **kwargs)
           ^^^^^^^^^^^^^^^^^^^^^^^^^^^
  File "/home/airflow/.local/lib/python3.12/site-packages/airflow/operators/python.py", line 235, in execute
    return_value = self.execute_callable()
                   ^^^^^^^^^^^^^^^^^^^^^^^
  File "/home/airflow/.local/lib/python3.12/site-packages/airflow/operators/python.py", line 252, in execute_callable
    return self.python_callable(*self.op_args, **self.op_kwargs)
           ^^^^^^^^^^^^^^^^^^^^^^^^^^^^^^^^^^^^^^^^^^^^^^^^^^^^^
  File "/opt/airflow/dags/ingest_macro.py", line 30, in fetch_macro
    raise ValueError("FRED_API_KEY environment variable is not set")
ValueError: FRED_API_KEY environment variable is not set
[2026-04-03T01:09:03.562+0000] {taskinstance.py:1205} INFO - Marking task as UP_FOR_RETRY. dag_id=ingest_macro, task_id=fetch_macro, execution_date=20260403T010902, start_date=20260403T010903, end_date=20260403T010903
[2026-04-03T01:09:03.565+0000] {standard_task_runner.py:110} ERROR - Failed to execute job 38 for task fetch_macro (FRED_API_KEY environment variable is not set; 1126)
[2026-04-03T01:09:03.601+0000] {local_task_job_runner.py:240} INFO - Task exited with return code 1
[2026-04-03T01:09:03.612+0000] {taskinstance.py:3482} INFO - 0 downstream tasks scheduled from follow-on schedule check
[2026-04-03T01:09:03.612+0000] {local_task_job_runner.py:222} INFO - ::endgroup::
